2023-03-09 02:05:00,418 dumbo_node.py [line:77] run INFO node 43's starts to run consensus on process id 2770717 
2023-03-09 02:05:00,418 dumbo_node.py [line:59] prepare_bootstrap INFO node id 43 is inserting dummy payload TXs 
2023-03-09 02:05:00,419 dumbo_node.py [line:68] prepare_bootstrap INFO node id 43 just inserts 50000 TXs 
2023-03-09 02:05:00,419 dumbo_node.py [line:68] prepare_bootstrap INFO node id 43 just inserts 50000 TXs 
2023-03-09 02:05:00,419 dumbo_node.py [line:68] prepare_bootstrap INFO node id 43 just inserts 50000 TXs 
2023-03-09 02:05:00,420 dumbo_node.py [line:68] prepare_bootstrap INFO node id 43 just inserts 50000 TXs 
2023-03-09 02:05:00,420 dumbo_node.py [line:68] prepare_bootstrap INFO node id 43 just inserts 50000 TXs 
2023-03-09 02:05:00,420 dumbo_node.py [line:68] prepare_bootstrap INFO node id 43 just inserts 50000 TXs 
2023-03-09 02:05:00,421 dumbo_node.py [line:68] prepare_bootstrap INFO node id 43 just inserts 50000 TXs 
2023-03-09 02:05:00,421 dumbo_node.py [line:68] prepare_bootstrap INFO node id 43 just inserts 50000 TXs 
2023-03-09 02:05:00,421 dumbo_node.py [line:68] prepare_bootstrap INFO node id 43 just inserts 50000 TXs 
2023-03-09 02:05:00,421 dumbo_node.py [line:68] prepare_bootstrap INFO node id 43 just inserts 50000 TXs 
2023-03-09 02:05:00,422 dumbo_node.py [line:68] prepare_bootstrap INFO node id 43 just inserts 50000 TXs 
2023-03-09 02:05:00,422 dumbo_node.py [line:68] prepare_bootstrap INFO node id 43 just inserts 50000 TXs 
2023-03-09 02:05:00,422 dumbo_node.py [line:68] prepare_bootstrap INFO node id 43 just inserts 50000 TXs 
2023-03-09 02:05:00,423 dumbo_node.py [line:68] prepare_bootstrap INFO node id 43 just inserts 50000 TXs 
2023-03-09 02:05:00,423 dumbo_node.py [line:68] prepare_bootstrap INFO node id 43 just inserts 50000 TXs 
2023-03-09 02:05:00,423 dumbo_node.py [line:68] prepare_bootstrap INFO node id 43 just inserts 50000 TXs 
2023-03-09 02:05:00,423 dumbo_node.py [line:68] prepare_bootstrap INFO node id 43 just inserts 50000 TXs 
2023-03-09 02:05:00,424 dumbo_node.py [line:68] prepare_bootstrap INFO node id 43 just inserts 50000 TXs 
2023-03-09 02:05:00,424 dumbo_node.py [line:68] prepare_bootstrap INFO node id 43 just inserts 50000 TXs 
2023-03-09 02:05:00,424 dumbo_node.py [line:68] prepare_bootstrap INFO node id 43 just inserts 50000 TXs 
2023-03-09 02:05:00,425 dumbo_node.py [line:68] prepare_bootstrap INFO node id 43 just inserts 50000 TXs 
2023-03-09 02:05:00,425 dumbo_node.py [line:68] prepare_bootstrap INFO node id 43 just inserts 50000 TXs 
2023-03-09 02:05:00,425 dumbo_node.py [line:68] prepare_bootstrap INFO node id 43 just inserts 50000 TXs 
2023-03-09 02:05:00,426 dumbo_node.py [line:68] prepare_bootstrap INFO node id 43 just inserts 50000 TXs 
2023-03-09 02:05:00,426 dumbo_node.py [line:68] prepare_bootstrap INFO node id 43 just inserts 50000 TXs 
2023-03-09 02:05:00,426 dumbo_node.py [line:68] prepare_bootstrap INFO node id 43 just inserts 50000 TXs 
2023-03-09 02:05:00,427 dumbo_node.py [line:68] prepare_bootstrap INFO node id 43 just inserts 50000 TXs 
2023-03-09 02:05:00,427 dumbo_node.py [line:68] prepare_bootstrap INFO node id 43 just inserts 50000 TXs 
2023-03-09 02:05:00,427 dumbo_node.py [line:68] prepare_bootstrap INFO node id 43 just inserts 50000 TXs 
2023-03-09 02:05:00,427 dumbo_node.py [line:68] prepare_bootstrap INFO node id 43 just inserts 50000 TXs 
2023-03-09 02:05:00,428 dumbo_node.py [line:68] prepare_bootstrap INFO node id 43 just inserts 50000 TXs 
2023-03-09 02:05:00,428 dumbo_node.py [line:68] prepare_bootstrap INFO node id 43 just inserts 50000 TXs 
2023-03-09 02:05:00,428 dumbo_node.py [line:68] prepare_bootstrap INFO node id 43 just inserts 50000 TXs 
2023-03-09 02:05:00,429 dumbo_node.py [line:68] prepare_bootstrap INFO node id 43 just inserts 50000 TXs 
2023-03-09 02:05:00,429 dumbo_node.py [line:68] prepare_bootstrap INFO node id 43 just inserts 50000 TXs 
2023-03-09 02:05:00,429 dumbo_node.py [line:68] prepare_bootstrap INFO node id 43 just inserts 50000 TXs 
2023-03-09 02:05:00,429 dumbo_node.py [line:68] prepare_bootstrap INFO node id 43 just inserts 50000 TXs 
2023-03-09 02:05:00,430 dumbo_node.py [line:68] prepare_bootstrap INFO node id 43 just inserts 50000 TXs 
2023-03-09 02:05:00,430 dumbo_node.py [line:68] prepare_bootstrap INFO node id 43 just inserts 50000 TXs 
2023-03-09 02:05:00,430 dumbo_node.py [line:68] prepare_bootstrap INFO node id 43 just inserts 50000 TXs 
2023-03-09 02:05:00,431 dumbo_node.py [line:68] prepare_bootstrap INFO node id 43 just inserts 50000 TXs 
2023-03-09 02:05:00,431 dumbo_node.py [line:68] prepare_bootstrap INFO node id 43 just inserts 50000 TXs 
2023-03-09 02:05:00,431 dumbo_node.py [line:68] prepare_bootstrap INFO node id 43 just inserts 50000 TXs 
2023-03-09 02:05:00,431 dumbo_node.py [line:68] prepare_bootstrap INFO node id 43 just inserts 50000 TXs 
2023-03-09 02:05:00,431 dumbo_node.py [line:68] prepare_bootstrap INFO node id 43 just inserts 50000 TXs 
2023-03-09 02:05:00,431 dumbo_node.py [line:68] prepare_bootstrap INFO node id 43 just inserts 50000 TXs 
2023-03-09 02:05:00,431 dumbo_node.py [line:68] prepare_bootstrap INFO node id 43 just inserts 50000 TXs 
2023-03-09 02:05:00,432 dumbo_node.py [line:68] prepare_bootstrap INFO node id 43 just inserts 50000 TXs 
2023-03-09 02:05:00,432 dumbo_node.py [line:68] prepare_bootstrap INFO node id 43 just inserts 50000 TXs 
2023-03-09 02:05:00,432 dumbo_node.py [line:68] prepare_bootstrap INFO node id 43 just inserts 50000 TXs 
2023-03-09 02:05:00,432 dumbo_node.py [line:68] prepare_bootstrap INFO node id 43 just inserts 50000 TXs 
2023-03-09 02:05:00,432 dumbo_node.py [line:68] prepare_bootstrap INFO node id 43 just inserts 50000 TXs 
2023-03-09 02:05:00,432 dumbo_node.py [line:68] prepare_bootstrap INFO node id 43 just inserts 50000 TXs 
2023-03-09 02:05:00,432 dumbo_node.py [line:68] prepare_bootstrap INFO node id 43 just inserts 50000 TXs 
2023-03-09 02:05:00,432 dumbo_node.py [line:68] prepare_bootstrap INFO node id 43 just inserts 50000 TXs 
2023-03-09 02:05:00,432 dumbo_node.py [line:68] prepare_bootstrap INFO node id 43 just inserts 50000 TXs 
2023-03-09 02:05:00,432 dumbo_node.py [line:68] prepare_bootstrap INFO node id 43 just inserts 50000 TXs 
2023-03-09 02:05:00,432 dumbo_node.py [line:68] prepare_bootstrap INFO node id 43 just inserts 50000 TXs 
2023-03-09 02:05:00,433 dumbo_node.py [line:68] prepare_bootstrap INFO node id 43 just inserts 50000 TXs 
2023-03-09 02:05:00,433 dumbo_node.py [line:68] prepare_bootstrap INFO node id 43 just inserts 50000 TXs 
2023-03-09 02:05:00,433 dumbo_node.py [line:68] prepare_bootstrap INFO node id 43 just inserts 50000 TXs 
2023-03-09 02:05:00,433 dumbo_node.py [line:68] prepare_bootstrap INFO node id 43 just inserts 50000 TXs 
2023-03-09 02:05:00,433 dumbo_node.py [line:68] prepare_bootstrap INFO node id 43 just inserts 50000 TXs 
2023-03-09 02:05:00,433 dumbo_node.py [line:68] prepare_bootstrap INFO node id 43 just inserts 50000 TXs 
2023-03-09 02:05:00,433 dumbo_node.py [line:68] prepare_bootstrap INFO node id 43 just inserts 50000 TXs 
2023-03-09 02:05:00,433 dumbo_node.py [line:68] prepare_bootstrap INFO node id 43 just inserts 50000 TXs 
2023-03-09 02:05:00,433 dumbo_node.py [line:68] prepare_bootstrap INFO node id 43 just inserts 50000 TXs 
2023-03-09 02:05:00,433 dumbo_node.py [line:68] prepare_bootstrap INFO node id 43 just inserts 50000 TXs 
2023-03-09 02:05:00,433 dumbo_node.py [line:68] prepare_bootstrap INFO node id 43 just inserts 50000 TXs 
2023-03-09 02:05:00,433 dumbo_node.py [line:68] prepare_bootstrap INFO node id 43 just inserts 50000 TXs 
2023-03-09 02:05:00,433 dumbo_node.py [line:68] prepare_bootstrap INFO node id 43 just inserts 50000 TXs 
2023-03-09 02:05:00,434 dumbo_node.py [line:68] prepare_bootstrap INFO node id 43 just inserts 50000 TXs 
2023-03-09 02:05:00,434 dumbo_node.py [line:68] prepare_bootstrap INFO node id 43 just inserts 50000 TXs 
2023-03-09 02:05:00,434 dumbo_node.py [line:68] prepare_bootstrap INFO node id 43 just inserts 50000 TXs 
2023-03-09 02:05:00,434 dumbo_node.py [line:68] prepare_bootstrap INFO node id 43 just inserts 50000 TXs 
2023-03-09 02:05:00,434 dumbo_node.py [line:68] prepare_bootstrap INFO node id 43 just inserts 50000 TXs 
2023-03-09 02:05:00,434 dumbo_node.py [line:68] prepare_bootstrap INFO node id 43 just inserts 50000 TXs 
2023-03-09 02:05:00,434 dumbo_node.py [line:68] prepare_bootstrap INFO node id 43 just inserts 50000 TXs 
2023-03-09 02:05:00,434 dumbo_node.py [line:68] prepare_bootstrap INFO node id 43 just inserts 50000 TXs 
2023-03-09 02:05:00,434 dumbo_node.py [line:68] prepare_bootstrap INFO node id 43 just inserts 50000 TXs 
2023-03-09 02:05:00,434 dumbo_node.py [line:68] prepare_bootstrap INFO node id 43 just inserts 50000 TXs 
2023-03-09 02:05:00,434 dumbo_node.py [line:68] prepare_bootstrap INFO node id 43 just inserts 50000 TXs 
2023-03-09 02:05:00,435 dumbo_node.py [line:68] prepare_bootstrap INFO node id 43 just inserts 50000 TXs 
2023-03-09 02:05:00,435 dumbo_node.py [line:68] prepare_bootstrap INFO node id 43 just inserts 50000 TXs 
2023-03-09 02:05:00,435 dumbo_node.py [line:68] prepare_bootstrap INFO node id 43 just inserts 50000 TXs 
2023-03-09 02:05:00,435 dumbo_node.py [line:68] prepare_bootstrap INFO node id 43 just inserts 50000 TXs 
2023-03-09 02:05:00,435 dumbo_node.py [line:68] prepare_bootstrap INFO node id 43 just inserts 50000 TXs 
2023-03-09 02:05:00,435 dumbo_node.py [line:68] prepare_bootstrap INFO node id 43 just inserts 50000 TXs 
2023-03-09 02:05:00,435 dumbo_node.py [line:68] prepare_bootstrap INFO node id 43 just inserts 50000 TXs 
2023-03-09 02:05:00,435 dumbo_node.py [line:68] prepare_bootstrap INFO node id 43 just inserts 50000 TXs 
2023-03-09 02:05:00,435 dumbo_node.py [line:68] prepare_bootstrap INFO node id 43 just inserts 50000 TXs 
2023-03-09 02:05:00,435 dumbo_node.py [line:68] prepare_bootstrap INFO node id 43 just inserts 50000 TXs 
2023-03-09 02:05:00,435 dumbo_node.py [line:68] prepare_bootstrap INFO node id 43 just inserts 50000 TXs 
2023-03-09 02:05:00,436 dumbo_node.py [line:68] prepare_bootstrap INFO node id 43 just inserts 50000 TXs 
2023-03-09 02:05:00,436 dumbo_node.py [line:68] prepare_bootstrap INFO node id 43 just inserts 50000 TXs 
2023-03-09 02:05:00,436 dumbo_node.py [line:68] prepare_bootstrap INFO node id 43 just inserts 50000 TXs 
2023-03-09 02:05:00,436 dumbo_node.py [line:68] prepare_bootstrap INFO node id 43 just inserts 50000 TXs 
2023-03-09 02:05:00,436 dumbo_node.py [line:68] prepare_bootstrap INFO node id 43 just inserts 50000 TXs 
2023-03-09 02:05:00,436 dumbo_node.py [line:68] prepare_bootstrap INFO node id 43 just inserts 50000 TXs 
2023-03-09 02:05:00,436 dumbo_node.py [line:68] prepare_bootstrap INFO node id 43 just inserts 50000 TXs 
2023-03-09 02:05:00,436 dumbo_node.py [line:72] prepare_bootstrap INFO node id 43 completed the loading of dummy TXs 
2023-03-09 02:05:00,436 dumbo.py [line:179] run_bft INFO Node 43 starts to run at time:1678327500.4367833 
2023-03-09 02:05:08,070 dumbo.py [line:217] run_bft INFO Node 43 Delivers ACS Block in Round 0 with having 3366 TXs 
2023-03-09 02:05:08,070 dumbo.py [line:219] run_bft INFO ACS Block Delay at Node 43: 7.634054183959961 
2023-03-09 02:05:08,070 dumbo.py [line:220] run_bft INFO Current Block's TPS at Node 43: 440.91906068368746 
2023-03-09 02:05:15,461 dumbo.py [line:217] run_bft INFO Node 43 Delivers ACS Block in Round 1 with having 3366 TXs 
2023-03-09 02:05:15,461 dumbo.py [line:219] run_bft INFO ACS Block Delay at Node 43: 7.390607118606567 
2023-03-09 02:05:15,461 dumbo.py [line:220] run_bft INFO Current Block's TPS at Node 43: 455.442962395575 
2023-03-09 02:05:22,926 dumbo.py [line:217] run_bft INFO Node 43 Delivers ACS Block in Round 2 with having 3366 TXs 
2023-03-09 02:05:22,926 dumbo.py [line:219] run_bft INFO ACS Block Delay at Node 43: 7.464709043502808 
2023-03-09 02:05:22,926 dumbo.py [line:220] run_bft INFO Current Block's TPS at Node 43: 450.9217948594695 
2023-03-09 02:05:30,307 dumbo.py [line:217] run_bft INFO Node 43 Delivers ACS Block in Round 3 with having 3366 TXs 
2023-03-09 02:05:30,307 dumbo.py [line:219] run_bft INFO ACS Block Delay at Node 43: 7.381102561950684 
2023-03-09 02:05:30,307 dumbo.py [line:220] run_bft INFO Current Block's TPS at Node 43: 456.02943079962176 
2023-03-09 02:05:37,722 dumbo.py [line:217] run_bft INFO Node 43 Delivers ACS Block in Round 4 with having 3366 TXs 
2023-03-09 02:05:37,722 dumbo.py [line:219] run_bft INFO ACS Block Delay at Node 43: 7.4153547286987305 
2023-03-09 02:05:37,723 dumbo.py [line:220] run_bft INFO Current Block's TPS at Node 43: 453.922991299794 
2023-03-09 02:05:45,107 dumbo.py [line:217] run_bft INFO Node 43 Delivers ACS Block in Round 5 with having 3366 TXs 
2023-03-09 02:05:45,107 dumbo.py [line:219] run_bft INFO ACS Block Delay at Node 43: 7.384219169616699 
2023-03-09 02:05:45,107 dumbo.py [line:220] run_bft INFO Current Block's TPS at Node 43: 455.8369575282694 
2023-03-09 02:05:52,490 dumbo.py [line:217] run_bft INFO Node 43 Delivers ACS Block in Round 6 with having 3366 TXs 
2023-03-09 02:05:52,490 dumbo.py [line:219] run_bft INFO ACS Block Delay at Node 43: 7.3832478523254395 
2023-03-09 02:05:52,490 dumbo.py [line:220] run_bft INFO Current Block's TPS at Node 43: 455.8969260309796 
2023-03-09 02:05:59,811 dumbo.py [line:217] run_bft INFO Node 43 Delivers ACS Block in Round 7 with having 3366 TXs 
2023-03-09 02:05:59,811 dumbo.py [line:219] run_bft INFO ACS Block Delay at Node 43: 7.321198225021362 
2023-03-09 02:05:59,811 dumbo.py [line:220] run_bft INFO Current Block's TPS at Node 43: 459.7608064341378 
2023-03-09 02:06:07,361 dumbo.py [line:217] run_bft INFO Node 43 Delivers ACS Block in Round 8 with having 3366 TXs 
2023-03-09 02:06:07,361 dumbo.py [line:219] run_bft INFO ACS Block Delay at Node 43: 7.549850702285767 
2023-03-09 02:06:07,361 dumbo.py [line:220] run_bft INFO Current Block's TPS at Node 43: 445.8366307801188 
2023-03-09 02:06:14,703 dumbo.py [line:217] run_bft INFO Node 43 Delivers ACS Block in Round 9 with having 3366 TXs 
2023-03-09 02:06:14,703 dumbo.py [line:219] run_bft INFO ACS Block Delay at Node 43: 7.341435670852661 
2023-03-09 02:06:14,703 dumbo.py [line:220] run_bft INFO Current Block's TPS at Node 43: 458.49342702325424 
2023-03-09 02:06:22,138 dumbo.py [line:217] run_bft INFO Node 43 Delivers ACS Block in Round 10 with having 3366 TXs 
2023-03-09 02:06:22,138 dumbo.py [line:219] run_bft INFO ACS Block Delay at Node 43: 7.435580730438232 
2023-03-09 02:06:22,138 dumbo.py [line:220] run_bft INFO Current Block's TPS at Node 43: 452.68824615419345 
2023-03-09 02:06:29,493 dumbo.py [line:217] run_bft INFO Node 43 Delivers ACS Block in Round 11 with having 3366 TXs 
2023-03-09 02:06:29,494 dumbo.py [line:219] run_bft INFO ACS Block Delay at Node 43: 7.355102062225342 
2023-03-09 02:06:29,494 dumbo.py [line:220] run_bft INFO Current Block's TPS at Node 43: 457.6415081018728 
2023-03-09 02:06:36,847 dumbo.py [line:217] run_bft INFO Node 43 Delivers ACS Block in Round 12 with having 3366 TXs 
2023-03-09 02:06:36,847 dumbo.py [line:219] run_bft INFO ACS Block Delay at Node 43: 7.353560447692871 
2023-03-09 02:06:36,847 dumbo.py [line:220] run_bft INFO Current Block's TPS at Node 43: 457.73744894638884 
2023-03-09 02:06:44,356 dumbo.py [line:217] run_bft INFO Node 43 Delivers ACS Block in Round 13 with having 3366 TXs 
2023-03-09 02:06:44,357 dumbo.py [line:219] run_bft INFO ACS Block Delay at Node 43: 7.509173631668091 
2023-03-09 02:06:44,357 dumbo.py [line:220] run_bft INFO Current Block's TPS at Node 43: 448.2517205095277 
2023-03-09 02:06:51,783 dumbo.py [line:217] run_bft INFO Node 43 Delivers ACS Block in Round 14 with having 3366 TXs 
2023-03-09 02:06:51,783 dumbo.py [line:219] run_bft INFO ACS Block Delay at Node 43: 7.426484823226929 
2023-03-09 02:06:51,783 dumbo.py [line:220] run_bft INFO Current Block's TPS at Node 43: 453.24269558493734 
2023-03-09 02:06:59,148 dumbo.py [line:217] run_bft INFO Node 43 Delivers ACS Block in Round 15 with having 3366 TXs 
2023-03-09 02:06:59,148 dumbo.py [line:219] run_bft INFO ACS Block Delay at Node 43: 7.365229606628418 
2023-03-09 02:06:59,148 dumbo.py [line:220] run_bft INFO Current Block's TPS at Node 43: 457.0122290513159 
2023-03-09 02:07:06,500 dumbo.py [line:217] run_bft INFO Node 43 Delivers ACS Block in Round 16 with having 3366 TXs 
2023-03-09 02:07:06,500 dumbo.py [line:219] run_bft INFO ACS Block Delay at Node 43: 7.351329803466797 
2023-03-09 02:07:06,500 dumbo.py [line:220] run_bft INFO Current Block's TPS at Node 43: 457.87634210243647 
2023-03-09 02:07:13,935 dumbo.py [line:217] run_bft INFO Node 43 Delivers ACS Block in Round 17 with having 3366 TXs 
2023-03-09 02:07:13,935 dumbo.py [line:219] run_bft INFO ACS Block Delay at Node 43: 7.43522834777832 
2023-03-09 02:07:13,935 dumbo.py [line:220] run_bft INFO Current Block's TPS at Node 43: 452.70970070553057 
2023-03-09 02:07:21,304 dumbo.py [line:217] run_bft INFO Node 43 Delivers ACS Block in Round 18 with having 3366 TXs 
2023-03-09 02:07:21,304 dumbo.py [line:219] run_bft INFO ACS Block Delay at Node 43: 7.368866920471191 
2023-03-09 02:07:21,304 dumbo.py [line:220] run_bft INFO Current Block's TPS at Node 43: 456.7866452641495 
2023-03-09 02:07:28,810 dumbo.py [line:217] run_bft INFO Node 43 Delivers ACS Block in Round 19 with having 3366 TXs 
2023-03-09 02:07:28,810 dumbo.py [line:219] run_bft INFO ACS Block Delay at Node 43: 7.505680799484253 
2023-03-09 02:07:28,810 dumbo.py [line:220] run_bft INFO Current Block's TPS at Node 43: 448.46031824738566 
2023-03-09 02:07:36,114 dumbo.py [line:217] run_bft INFO Node 43 Delivers ACS Block in Round 20 with having 3366 TXs 
2023-03-09 02:07:36,114 dumbo.py [line:219] run_bft INFO ACS Block Delay at Node 43: 7.3038952350616455 
2023-03-09 02:07:36,114 dumbo.py [line:220] run_bft INFO Current Block's TPS at Node 43: 460.84998369662276 
2023-03-09 02:07:43,605 dumbo.py [line:217] run_bft INFO Node 43 Delivers ACS Block in Round 21 with having 3366 TXs 
2023-03-09 02:07:43,605 dumbo.py [line:219] run_bft INFO ACS Block Delay at Node 43: 7.491065979003906 
2023-03-09 02:07:43,605 dumbo.py [line:220] run_bft INFO Current Block's TPS at Node 43: 449.3352494069983 
2023-03-09 02:07:50,997 dumbo.py [line:217] run_bft INFO Node 43 Delivers ACS Block in Round 22 with having 3366 TXs 
2023-03-09 02:07:50,997 dumbo.py [line:219] run_bft INFO ACS Block Delay at Node 43: 7.392132997512817 
2023-03-09 02:07:50,997 dumbo.py [line:220] run_bft INFO Current Block's TPS at Node 43: 455.34895017886396 
2023-03-09 02:07:58,425 dumbo.py [line:217] run_bft INFO Node 43 Delivers ACS Block in Round 23 with having 3366 TXs 
2023-03-09 02:07:58,425 dumbo.py [line:219] run_bft INFO ACS Block Delay at Node 43: 7.427689552307129 
2023-03-09 02:07:58,425 dumbo.py [line:220] run_bft INFO Current Block's TPS at Node 43: 453.1691821926618 
2023-03-09 02:08:05,740 dumbo.py [line:217] run_bft INFO Node 43 Delivers ACS Block in Round 24 with having 3366 TXs 
2023-03-09 02:08:05,740 dumbo.py [line:219] run_bft INFO ACS Block Delay at Node 43: 7.31496000289917 
2023-03-09 02:08:05,740 dumbo.py [line:220] run_bft INFO Current Block's TPS at Node 43: 460.15289197288 
2023-03-09 02:08:13,220 dumbo.py [line:217] run_bft INFO Node 43 Delivers ACS Block in Round 25 with having 3366 TXs 
2023-03-09 02:08:13,220 dumbo.py [line:219] run_bft INFO ACS Block Delay at Node 43: 7.4797234535217285 
2023-03-09 02:08:13,220 dumbo.py [line:220] run_bft INFO Current Block's TPS at Node 43: 450.016637769564 
2023-03-09 02:08:20,584 dumbo.py [line:217] run_bft INFO Node 43 Delivers ACS Block in Round 26 with having 3366 TXs 
2023-03-09 02:08:20,584 dumbo.py [line:219] run_bft INFO ACS Block Delay at Node 43: 7.364386796951294 
2023-03-09 02:08:20,584 dumbo.py [line:220] run_bft INFO Current Block's TPS at Node 43: 457.06453134610683 
2023-03-09 02:08:28,014 dumbo.py [line:217] run_bft INFO Node 43 Delivers ACS Block in Round 27 with having 3366 TXs 
2023-03-09 02:08:28,014 dumbo.py [line:219] run_bft INFO ACS Block Delay at Node 43: 7.430218458175659 
2023-03-09 02:08:28,014 dumbo.py [line:220] run_bft INFO Current Block's TPS at Node 43: 453.01494416981836 
2023-03-09 02:08:35,486 dumbo.py [line:217] run_bft INFO Node 43 Delivers ACS Block in Round 28 with having 3366 TXs 
2023-03-09 02:08:35,486 dumbo.py [line:219] run_bft INFO ACS Block Delay at Node 43: 7.471812009811401 
2023-03-09 02:08:35,486 dumbo.py [line:220] run_bft INFO Current Block's TPS at Node 43: 450.49313280099005 
2023-03-09 02:08:42,836 dumbo.py [line:217] run_bft INFO Node 43 Delivers ACS Block in Round 29 with having 3366 TXs 
2023-03-09 02:08:42,837 dumbo.py [line:219] run_bft INFO ACS Block Delay at Node 43: 7.350224256515503 
2023-03-09 02:08:42,837 dumbo.py [line:220] run_bft INFO Current Block's TPS at Node 43: 457.945211265664 
2023-03-09 02:08:50,164 dumbo.py [line:217] run_bft INFO Node 43 Delivers ACS Block in Round 30 with having 3366 TXs 
2023-03-09 02:08:50,164 dumbo.py [line:219] run_bft INFO ACS Block Delay at Node 43: 7.327337026596069 
2023-03-09 02:08:50,164 dumbo.py [line:220] run_bft INFO Current Block's TPS at Node 43: 459.37562142732264 
2023-03-09 02:08:57,576 dumbo.py [line:217] run_bft INFO Node 43 Delivers ACS Block in Round 31 with having 3366 TXs 
2023-03-09 02:08:57,576 dumbo.py [line:219] run_bft INFO ACS Block Delay at Node 43: 7.412060022354126 
2023-03-09 02:08:57,576 dumbo.py [line:220] run_bft INFO Current Block's TPS at Node 43: 454.124762865983 
2023-03-09 02:09:04,983 dumbo.py [line:217] run_bft INFO Node 43 Delivers ACS Block in Round 32 with having 3366 TXs 
2023-03-09 02:09:04,983 dumbo.py [line:219] run_bft INFO ACS Block Delay at Node 43: 7.407307386398315 
2023-03-09 02:09:04,984 dumbo.py [line:220] run_bft INFO Current Block's TPS at Node 43: 454.41613590666225 
2023-03-09 02:09:12,396 dumbo.py [line:217] run_bft INFO Node 43 Delivers ACS Block in Round 33 with having 3366 TXs 
2023-03-09 02:09:12,396 dumbo.py [line:219] run_bft INFO ACS Block Delay at Node 43: 7.412339925765991 
2023-03-09 02:09:12,396 dumbo.py [line:220] run_bft INFO Current Block's TPS at Node 43: 454.1076142905248 
2023-03-09 02:09:19,843 dumbo.py [line:217] run_bft INFO Node 43 Delivers ACS Block in Round 34 with having 3366 TXs 
2023-03-09 02:09:19,843 dumbo.py [line:219] run_bft INFO ACS Block Delay at Node 43: 7.447366714477539 
2023-03-09 02:09:19,843 dumbo.py [line:220] run_bft INFO Current Block's TPS at Node 43: 451.97183501875367 
2023-03-09 02:09:27,234 dumbo.py [line:217] run_bft INFO Node 43 Delivers ACS Block in Round 35 with having 3366 TXs 
2023-03-09 02:09:27,234 dumbo.py [line:219] run_bft INFO ACS Block Delay at Node 43: 7.390626668930054 
2023-03-09 02:09:27,234 dumbo.py [line:220] run_bft INFO Current Block's TPS at Node 43: 455.4417576185455 
2023-03-09 02:09:34,668 dumbo.py [line:217] run_bft INFO Node 43 Delivers ACS Block in Round 36 with having 3366 TXs 
2023-03-09 02:09:34,668 dumbo.py [line:219] run_bft INFO ACS Block Delay at Node 43: 7.434185028076172 
2023-03-09 02:09:34,668 dumbo.py [line:220] run_bft INFO Current Block's TPS at Node 43: 452.77323436097714 
2023-03-09 02:09:41,971 dumbo.py [line:217] run_bft INFO Node 43 Delivers ACS Block in Round 37 with having 3366 TXs 
2023-03-09 02:09:41,971 dumbo.py [line:219] run_bft INFO ACS Block Delay at Node 43: 7.302513122558594 
2023-03-09 02:09:41,971 dumbo.py [line:220] run_bft INFO Current Block's TPS at Node 43: 460.937206617528 
2023-03-09 02:09:49,393 dumbo.py [line:217] run_bft INFO Node 43 Delivers ACS Block in Round 38 with having 3366 TXs 
2023-03-09 02:09:49,393 dumbo.py [line:219] run_bft INFO ACS Block Delay at Node 43: 7.4220099449157715 
2023-03-09 02:09:49,393 dumbo.py [line:220] run_bft INFO Current Block's TPS at Node 43: 453.51596467554975 
2023-03-09 02:09:56,668 dumbo.py [line:217] run_bft INFO Node 43 Delivers ACS Block in Round 39 with having 3366 TXs 
2023-03-09 02:09:56,668 dumbo.py [line:219] run_bft INFO ACS Block Delay at Node 43: 7.2751243114471436 
2023-03-09 02:09:56,668 dumbo.py [line:220] run_bft INFO Current Block's TPS at Node 43: 462.67250646201626 
2023-03-09 02:10:03,956 dumbo.py [line:217] run_bft INFO Node 43 Delivers ACS Block in Round 40 with having 3366 TXs 
2023-03-09 02:10:03,956 dumbo.py [line:219] run_bft INFO ACS Block Delay at Node 43: 7.28813910484314 
2023-03-09 02:10:03,956 dumbo.py [line:220] run_bft INFO Current Block's TPS at Node 43: 461.8462890977498 
2023-03-09 02:10:11,287 dumbo.py [line:217] run_bft INFO Node 43 Delivers ACS Block in Round 41 with having 3366 TXs 
2023-03-09 02:10:11,287 dumbo.py [line:219] run_bft INFO ACS Block Delay at Node 43: 7.33063006401062 
2023-03-09 02:10:11,287 dumbo.py [line:220] run_bft INFO Current Block's TPS at Node 43: 459.1692624792536 
2023-03-09 02:10:18,604 dumbo.py [line:217] run_bft INFO Node 43 Delivers ACS Block in Round 42 with having 3366 TXs 
2023-03-09 02:10:18,604 dumbo.py [line:219] run_bft INFO ACS Block Delay at Node 43: 7.3171491622924805 
2023-03-09 02:10:18,604 dumbo.py [line:220] run_bft INFO Current Block's TPS at Node 43: 460.01522250578586 
2023-03-09 02:10:25,952 dumbo.py [line:217] run_bft INFO Node 43 Delivers ACS Block in Round 43 with having 3366 TXs 
2023-03-09 02:10:25,952 dumbo.py [line:219] run_bft INFO ACS Block Delay at Node 43: 7.347573518753052 
2023-03-09 02:10:25,952 dumbo.py [line:220] run_bft INFO Current Block's TPS at Node 43: 458.1104212715982 
2023-03-09 02:10:33,288 dumbo.py [line:217] run_bft INFO Node 43 Delivers ACS Block in Round 44 with having 3366 TXs 
2023-03-09 02:10:33,288 dumbo.py [line:219] run_bft INFO ACS Block Delay at Node 43: 7.33584189414978 
2023-03-09 02:10:33,288 dumbo.py [line:220] run_bft INFO Current Block's TPS at Node 43: 458.8430405901104 
2023-03-09 02:10:40,689 dumbo.py [line:217] run_bft INFO Node 43 Delivers ACS Block in Round 45 with having 3366 TXs 
2023-03-09 02:10:40,689 dumbo.py [line:219] run_bft INFO ACS Block Delay at Node 43: 7.401357889175415 
2023-03-09 02:10:40,689 dumbo.py [line:220] run_bft INFO Current Block's TPS at Node 43: 454.7814131407995 
2023-03-09 02:10:47,915 dumbo.py [line:217] run_bft INFO Node 43 Delivers ACS Block in Round 46 with having 3366 TXs 
2023-03-09 02:10:47,915 dumbo.py [line:219] run_bft INFO ACS Block Delay at Node 43: 7.225851058959961 
2023-03-09 02:10:47,915 dumbo.py [line:220] run_bft INFO Current Block's TPS at Node 43: 465.8274814322673 
2023-03-09 02:10:55,335 dumbo.py [line:217] run_bft INFO Node 43 Delivers ACS Block in Round 47 with having 3366 TXs 
2023-03-09 02:10:55,336 dumbo.py [line:219] run_bft INFO ACS Block Delay at Node 43: 7.420212984085083 
2023-03-09 02:10:55,336 dumbo.py [line:220] run_bft INFO Current Block's TPS at Node 43: 453.6257931166419 
2023-03-09 02:11:02,707 dumbo.py [line:217] run_bft INFO Node 43 Delivers ACS Block in Round 48 with having 3366 TXs 
2023-03-09 02:11:02,707 dumbo.py [line:219] run_bft INFO ACS Block Delay at Node 43: 7.371254205703735 
2023-03-09 02:11:02,707 dumbo.py [line:220] run_bft INFO Current Block's TPS at Node 43: 456.6387084297613 
2023-03-09 02:11:10,085 dumbo.py [line:217] run_bft INFO Node 43 Delivers ACS Block in Round 49 with having 3366 TXs 
2023-03-09 02:11:10,086 dumbo.py [line:219] run_bft INFO ACS Block Delay at Node 43: 7.378618240356445 
2023-03-09 02:11:10,086 dumbo.py [line:220] run_bft INFO Current Block's TPS at Node 43: 456.1829722521863 
2023-03-09 02:11:17,283 dumbo.py [line:217] run_bft INFO Node 43 Delivers ACS Block in Round 50 with having 3366 TXs 
2023-03-09 02:11:17,283 dumbo.py [line:219] run_bft INFO ACS Block Delay at Node 43: 7.197234392166138 
2023-03-09 02:11:17,283 dumbo.py [line:220] run_bft INFO Current Block's TPS at Node 43: 467.679641455576 
2023-03-09 02:11:24,778 dumbo.py [line:217] run_bft INFO Node 43 Delivers ACS Block in Round 51 with having 3366 TXs 
2023-03-09 02:11:24,779 dumbo.py [line:219] run_bft INFO ACS Block Delay at Node 43: 7.495546102523804 
2023-03-09 02:11:24,779 dumbo.py [line:220] run_bft INFO Current Block's TPS at Node 43: 449.06667959345134 
2023-03-09 02:11:32,025 dumbo.py [line:217] run_bft INFO Node 43 Delivers ACS Block in Round 52 with having 3366 TXs 
2023-03-09 02:11:32,025 dumbo.py [line:219] run_bft INFO ACS Block Delay at Node 43: 7.246715307235718 
2023-03-09 02:11:32,025 dumbo.py [line:220] run_bft INFO Current Block's TPS at Node 43: 464.4863027307156 
2023-03-09 02:11:39,455 dumbo.py [line:217] run_bft INFO Node 43 Delivers ACS Block in Round 53 with having 3366 TXs 
2023-03-09 02:11:39,455 dumbo.py [line:219] run_bft INFO ACS Block Delay at Node 43: 7.429873704910278 
2023-03-09 02:11:39,455 dumbo.py [line:220] run_bft INFO Current Block's TPS at Node 43: 453.0359644976828 
2023-03-09 02:11:46,986 dumbo.py [line:217] run_bft INFO Node 43 Delivers ACS Block in Round 54 with having 3366 TXs 
2023-03-09 02:11:46,986 dumbo.py [line:219] run_bft INFO ACS Block Delay at Node 43: 7.530808925628662 
2023-03-09 02:11:46,986 dumbo.py [line:220] run_bft INFO Current Block's TPS at Node 43: 446.96393617754825 
2023-03-09 02:11:54,379 dumbo.py [line:217] run_bft INFO Node 43 Delivers ACS Block in Round 55 with having 3366 TXs 
2023-03-09 02:11:54,379 dumbo.py [line:219] run_bft INFO ACS Block Delay at Node 43: 7.393105983734131 
2023-03-09 02:11:54,379 dumbo.py [line:220] run_bft INFO Current Block's TPS at Node 43: 455.2890229635111 
2023-03-09 02:12:01,787 dumbo.py [line:217] run_bft INFO Node 43 Delivers ACS Block in Round 56 with having 3366 TXs 
2023-03-09 02:12:01,788 dumbo.py [line:219] run_bft INFO ACS Block Delay at Node 43: 7.4082067012786865 
2023-03-09 02:12:01,788 dumbo.py [line:220] run_bft INFO Current Block's TPS at Node 43: 454.3609723280284 
2023-03-09 02:12:09,169 dumbo.py [line:217] run_bft INFO Node 43 Delivers ACS Block in Round 57 with having 3366 TXs 
2023-03-09 02:12:09,170 dumbo.py [line:219] run_bft INFO ACS Block Delay at Node 43: 7.381877183914185 
2023-03-09 02:12:09,170 dumbo.py [line:220] run_bft INFO Current Block's TPS at Node 43: 455.9815770621104 
2023-03-09 02:12:16,572 dumbo.py [line:217] run_bft INFO Node 43 Delivers ACS Block in Round 58 with having 3366 TXs 
2023-03-09 02:12:16,572 dumbo.py [line:219] run_bft INFO ACS Block Delay at Node 43: 7.402809143066406 
2023-03-09 02:12:16,572 dumbo.py [line:220] run_bft INFO Current Block's TPS at Node 43: 454.69225735106943 
2023-03-09 02:12:24,018 dumbo.py [line:217] run_bft INFO Node 43 Delivers ACS Block in Round 59 with having 3366 TXs 
2023-03-09 02:12:24,018 dumbo.py [line:219] run_bft INFO ACS Block Delay at Node 43: 7.445592880249023 
2023-03-09 02:12:24,018 dumbo.py [line:220] run_bft INFO Current Block's TPS at Node 43: 452.0795125568861 
2023-03-09 02:12:31,410 dumbo.py [line:217] run_bft INFO Node 43 Delivers ACS Block in Round 60 with having 3366 TXs 
2023-03-09 02:12:31,410 dumbo.py [line:219] run_bft INFO ACS Block Delay at Node 43: 7.391872882843018 
2023-03-09 02:12:31,410 dumbo.py [line:220] run_bft INFO Current Block's TPS at Node 43: 455.3649735796578 
2023-03-09 02:12:38,809 dumbo.py [line:217] run_bft INFO Node 43 Delivers ACS Block in Round 61 with having 3366 TXs 
2023-03-09 02:12:38,809 dumbo.py [line:219] run_bft INFO ACS Block Delay at Node 43: 7.399349927902222 
2023-03-09 02:12:38,810 dumbo.py [line:220] run_bft INFO Current Block's TPS at Node 43: 454.90482715341585 
2023-03-09 02:12:46,186 dumbo.py [line:217] run_bft INFO Node 43 Delivers ACS Block in Round 62 with having 3366 TXs 
2023-03-09 02:12:46,186 dumbo.py [line:219] run_bft INFO ACS Block Delay at Node 43: 7.376218318939209 
2023-03-09 02:12:46,186 dumbo.py [line:220] run_bft INFO Current Block's TPS at Node 43: 456.331395636358 
2023-03-09 02:12:53,639 dumbo.py [line:217] run_bft INFO Node 43 Delivers ACS Block in Round 63 with having 3366 TXs 
2023-03-09 02:12:53,639 dumbo.py [line:219] run_bft INFO ACS Block Delay at Node 43: 7.453366041183472 
2023-03-09 02:12:53,639 dumbo.py [line:220] run_bft INFO Current Block's TPS at Node 43: 451.60803607406547 
2023-03-09 02:13:01,039 dumbo.py [line:217] run_bft INFO Node 43 Delivers ACS Block in Round 64 with having 3366 TXs 
2023-03-09 02:13:01,039 dumbo.py [line:219] run_bft INFO ACS Block Delay at Node 43: 7.399655342102051 
2023-03-09 02:13:01,039 dumbo.py [line:220] run_bft INFO Current Block's TPS at Node 43: 454.8860513608471 
2023-03-09 02:13:08,475 dumbo.py [line:217] run_bft INFO Node 43 Delivers ACS Block in Round 65 with having 3366 TXs 
2023-03-09 02:13:08,475 dumbo.py [line:219] run_bft INFO ACS Block Delay at Node 43: 7.436274290084839 
2023-03-09 02:13:08,475 dumbo.py [line:220] run_bft INFO Current Block's TPS at Node 43: 452.6460252398245 
2023-03-09 02:13:15,947 dumbo.py [line:217] run_bft INFO Node 43 Delivers ACS Block in Round 66 with having 3366 TXs 
2023-03-09 02:13:15,947 dumbo.py [line:219] run_bft INFO ACS Block Delay at Node 43: 7.471799850463867 
2023-03-09 02:13:15,947 dumbo.py [line:220] run_bft INFO Current Block's TPS at Node 43: 450.4938659178659 
2023-03-09 02:13:23,254 dumbo.py [line:217] run_bft INFO Node 43 Delivers ACS Block in Round 67 with having 3366 TXs 
2023-03-09 02:13:23,254 dumbo.py [line:219] run_bft INFO ACS Block Delay at Node 43: 7.306779384613037 
2023-03-09 02:13:23,254 dumbo.py [line:220] run_bft INFO Current Block's TPS at Node 43: 460.6680758814592 
2023-03-09 02:13:30,682 dumbo.py [line:217] run_bft INFO Node 43 Delivers ACS Block in Round 68 with having 3366 TXs 
2023-03-09 02:13:30,682 dumbo.py [line:219] run_bft INFO ACS Block Delay at Node 43: 7.428059816360474 
2023-03-09 02:13:30,682 dumbo.py [line:220] run_bft INFO Current Block's TPS at Node 43: 453.1465932175596 
2023-03-09 02:13:38,252 dumbo.py [line:217] run_bft INFO Node 43 Delivers ACS Block in Round 69 with having 3366 TXs 
2023-03-09 02:13:38,252 dumbo.py [line:219] run_bft INFO ACS Block Delay at Node 43: 7.570052862167358 
2023-03-09 02:13:38,252 dumbo.py [line:220] run_bft INFO Current Block's TPS at Node 43: 444.6468289306359 
2023-03-09 02:13:45,653 dumbo.py [line:217] run_bft INFO Node 43 Delivers ACS Block in Round 70 with having 3366 TXs 
2023-03-09 02:13:45,653 dumbo.py [line:219] run_bft INFO ACS Block Delay at Node 43: 7.400821208953857 
2023-03-09 02:13:45,653 dumbo.py [line:220] run_bft INFO Current Block's TPS at Node 43: 454.8143922092938 
2023-03-09 02:13:53,070 dumbo.py [line:217] run_bft INFO Node 43 Delivers ACS Block in Round 71 with having 3366 TXs 
2023-03-09 02:13:53,070 dumbo.py [line:219] run_bft INFO ACS Block Delay at Node 43: 7.416501522064209 
2023-03-09 02:13:53,070 dumbo.py [line:220] run_bft INFO Current Block's TPS at Node 43: 453.8528024279503 
2023-03-09 02:14:00,515 dumbo.py [line:217] run_bft INFO Node 43 Delivers ACS Block in Round 72 with having 3366 TXs 
2023-03-09 02:14:00,515 dumbo.py [line:219] run_bft INFO ACS Block Delay at Node 43: 7.445356607437134 
2023-03-09 02:14:00,515 dumbo.py [line:220] run_bft INFO Current Block's TPS at Node 43: 452.0938589613985 
2023-03-09 02:14:07,972 dumbo.py [line:217] run_bft INFO Node 43 Delivers ACS Block in Round 73 with having 3366 TXs 
2023-03-09 02:14:07,972 dumbo.py [line:219] run_bft INFO ACS Block Delay at Node 43: 7.457268714904785 
2023-03-09 02:14:07,973 dumbo.py [line:220] run_bft INFO Current Block's TPS at Node 43: 451.371692329177 
2023-03-09 02:14:15,394 dumbo.py [line:217] run_bft INFO Node 43 Delivers ACS Block in Round 74 with having 3366 TXs 
2023-03-09 02:14:15,394 dumbo.py [line:219] run_bft INFO ACS Block Delay at Node 43: 7.421794891357422 
2023-03-09 02:14:15,394 dumbo.py [line:220] run_bft INFO Current Block's TPS at Node 43: 453.5291057315072 
2023-03-09 02:14:22,761 dumbo.py [line:217] run_bft INFO Node 43 Delivers ACS Block in Round 75 with having 3366 TXs 
2023-03-09 02:14:22,761 dumbo.py [line:219] run_bft INFO ACS Block Delay at Node 43: 7.366712331771851 
2023-03-09 02:14:22,761 dumbo.py [line:220] run_bft INFO Current Block's TPS at Node 43: 456.92024452791486 
2023-03-09 02:14:30,324 dumbo.py [line:217] run_bft INFO Node 43 Delivers ACS Block in Round 76 with having 3366 TXs 
2023-03-09 02:14:30,324 dumbo.py [line:219] run_bft INFO ACS Block Delay at Node 43: 7.563131332397461 
2023-03-09 02:14:30,324 dumbo.py [line:220] run_bft INFO Current Block's TPS at Node 43: 445.0537551267143 
2023-03-09 02:14:37,682 dumbo.py [line:217] run_bft INFO Node 43 Delivers ACS Block in Round 77 with having 3366 TXs 
2023-03-09 02:14:37,682 dumbo.py [line:219] run_bft INFO ACS Block Delay at Node 43: 7.358067512512207 
2023-03-09 02:14:37,683 dumbo.py [line:220] run_bft INFO Current Block's TPS at Node 43: 457.4570693019876 
2023-03-09 02:14:45,081 dumbo.py [line:217] run_bft INFO Node 43 Delivers ACS Block in Round 78 with having 3366 TXs 
2023-03-09 02:14:45,081 dumbo.py [line:219] run_bft INFO ACS Block Delay at Node 43: 7.398261785507202 
2023-03-09 02:14:45,081 dumbo.py [line:220] run_bft INFO Current Block's TPS at Node 43: 454.97173492749516 
2023-03-09 02:14:52,537 dumbo.py [line:217] run_bft INFO Node 43 Delivers ACS Block in Round 79 with having 3366 TXs 
2023-03-09 02:14:52,537 dumbo.py [line:219] run_bft INFO ACS Block Delay at Node 43: 7.456597089767456 
2023-03-09 02:14:52,538 dumbo.py [line:220] run_bft INFO Current Block's TPS at Node 43: 451.4123479487844 
2023-03-09 02:14:59,900 dumbo.py [line:217] run_bft INFO Node 43 Delivers ACS Block in Round 80 with having 3366 TXs 
2023-03-09 02:14:59,900 dumbo.py [line:219] run_bft INFO ACS Block Delay at Node 43: 7.362799406051636 
2023-03-09 02:14:59,900 dumbo.py [line:220] run_bft INFO Current Block's TPS at Node 43: 457.1630726804014 
2023-03-09 02:15:07,334 dumbo.py [line:217] run_bft INFO Node 43 Delivers ACS Block in Round 81 with having 3366 TXs 
2023-03-09 02:15:07,334 dumbo.py [line:219] run_bft INFO ACS Block Delay at Node 43: 7.433725118637085 
2023-03-09 02:15:07,334 dumbo.py [line:220] run_bft INFO Current Block's TPS at Node 43: 452.8012465192054 
2023-03-09 02:15:14,703 dumbo.py [line:217] run_bft INFO Node 43 Delivers ACS Block in Round 82 with having 3366 TXs 
2023-03-09 02:15:14,703 dumbo.py [line:219] run_bft INFO ACS Block Delay at Node 43: 7.3689680099487305 
2023-03-09 02:15:14,703 dumbo.py [line:220] run_bft INFO Current Block's TPS at Node 43: 456.78037894256227 
2023-03-09 02:15:22,211 dumbo.py [line:217] run_bft INFO Node 43 Delivers ACS Block in Round 83 with having 3366 TXs 
2023-03-09 02:15:22,211 dumbo.py [line:219] run_bft INFO ACS Block Delay at Node 43: 7.50754714012146 
2023-03-09 02:15:22,211 dumbo.py [line:220] run_bft INFO Current Block's TPS at Node 43: 448.34883313773554 
2023-03-09 02:15:29,669 dumbo.py [line:217] run_bft INFO Node 43 Delivers ACS Block in Round 84 with having 3366 TXs 
2023-03-09 02:15:29,669 dumbo.py [line:219] run_bft INFO ACS Block Delay at Node 43: 7.458014726638794 
2023-03-09 02:15:29,669 dumbo.py [line:220] run_bft INFO Current Block's TPS at Node 43: 451.32654243457114 
2023-03-09 02:15:37,124 dumbo.py [line:217] run_bft INFO Node 43 Delivers ACS Block in Round 85 with having 3366 TXs 
2023-03-09 02:15:37,124 dumbo.py [line:219] run_bft INFO ACS Block Delay at Node 43: 7.455085515975952 
2023-03-09 02:15:37,124 dumbo.py [line:220] run_bft INFO Current Block's TPS at Node 43: 451.50387514493235 
2023-03-09 02:15:44,554 dumbo.py [line:217] run_bft INFO Node 43 Delivers ACS Block in Round 86 with having 3366 TXs 
2023-03-09 02:15:44,554 dumbo.py [line:219] run_bft INFO ACS Block Delay at Node 43: 7.43000864982605 
2023-03-09 02:15:44,554 dumbo.py [line:220] run_bft INFO Current Block's TPS at Node 43: 453.0277363915053 
2023-03-09 02:15:51,949 dumbo.py [line:217] run_bft INFO Node 43 Delivers ACS Block in Round 87 with having 3366 TXs 
2023-03-09 02:15:51,949 dumbo.py [line:219] run_bft INFO ACS Block Delay at Node 43: 7.39453649520874 
2023-03-09 02:15:51,949 dumbo.py [line:220] run_bft INFO Current Block's TPS at Node 43: 455.200944938332 
2023-03-09 02:15:59,423 dumbo.py [line:217] run_bft INFO Node 43 Delivers ACS Block in Round 88 with having 3366 TXs 
2023-03-09 02:15:59,423 dumbo.py [line:219] run_bft INFO ACS Block Delay at Node 43: 7.4744133949279785 
2023-03-09 02:15:59,423 dumbo.py [line:220] run_bft INFO Current Block's TPS at Node 43: 450.3363437569717 
2023-03-09 02:16:06,870 dumbo.py [line:217] run_bft INFO Node 43 Delivers ACS Block in Round 89 with having 3366 TXs 
2023-03-09 02:16:06,870 dumbo.py [line:219] run_bft INFO ACS Block Delay at Node 43: 7.446847915649414 
2023-03-09 02:16:06,870 dumbo.py [line:220] run_bft INFO Current Block's TPS at Node 43: 452.0033224965442 
2023-03-09 02:16:14,211 dumbo.py [line:217] run_bft INFO Node 43 Delivers ACS Block in Round 90 with having 3366 TXs 
2023-03-09 02:16:14,212 dumbo.py [line:219] run_bft INFO ACS Block Delay at Node 43: 7.341416120529175 
2023-03-09 02:16:14,212 dumbo.py [line:220] run_bft INFO Current Block's TPS at Node 43: 458.4946479995165 
2023-03-09 02:16:21,640 dumbo.py [line:217] run_bft INFO Node 43 Delivers ACS Block in Round 91 with having 3366 TXs 
2023-03-09 02:16:21,640 dumbo.py [line:219] run_bft INFO ACS Block Delay at Node 43: 7.428055763244629 
2023-03-09 02:16:21,640 dumbo.py [line:220] run_bft INFO Current Block's TPS at Node 43: 453.14684047682846 
2023-03-09 02:16:29,149 dumbo.py [line:217] run_bft INFO Node 43 Delivers ACS Block in Round 92 with having 3366 TXs 
2023-03-09 02:16:29,149 dumbo.py [line:219] run_bft INFO ACS Block Delay at Node 43: 7.508951187133789 
2023-03-09 02:16:29,149 dumbo.py [line:220] run_bft INFO Current Block's TPS at Node 43: 448.2649994805496 
2023-03-09 02:16:36,581 dumbo.py [line:217] run_bft INFO Node 43 Delivers ACS Block in Round 93 with having 3366 TXs 
2023-03-09 02:16:36,582 dumbo.py [line:219] run_bft INFO ACS Block Delay at Node 43: 7.43265438079834 
2023-03-09 02:16:36,582 dumbo.py [line:220] run_bft INFO Current Block's TPS at Node 43: 452.866476436169 
2023-03-09 02:16:43,962 dumbo.py [line:217] run_bft INFO Node 43 Delivers ACS Block in Round 94 with having 3366 TXs 
2023-03-09 02:16:43,962 dumbo.py [line:219] run_bft INFO ACS Block Delay at Node 43: 7.380629777908325 
2023-03-09 02:16:43,962 dumbo.py [line:220] run_bft INFO Current Block's TPS at Node 43: 456.05864286474565 
2023-03-09 02:16:51,377 dumbo.py [line:217] run_bft INFO Node 43 Delivers ACS Block in Round 95 with having 3366 TXs 
2023-03-09 02:16:51,377 dumbo.py [line:219] run_bft INFO ACS Block Delay at Node 43: 7.415078401565552 
2023-03-09 02:16:51,377 dumbo.py [line:220] run_bft INFO Current Block's TPS at Node 43: 453.93990699940997 
2023-03-09 02:16:58,785 dumbo.py [line:217] run_bft INFO Node 43 Delivers ACS Block in Round 96 with having 3366 TXs 
2023-03-09 02:16:58,785 dumbo.py [line:219] run_bft INFO ACS Block Delay at Node 43: 7.407346963882446 
2023-03-09 02:16:58,785 dumbo.py [line:220] run_bft INFO Current Block's TPS at Node 43: 454.41370795945045 
2023-03-09 02:17:06,279 dumbo.py [line:217] run_bft INFO Node 43 Delivers ACS Block in Round 97 with having 3366 TXs 
2023-03-09 02:17:06,279 dumbo.py [line:219] run_bft INFO ACS Block Delay at Node 43: 7.494294881820679 
2023-03-09 02:17:06,279 dumbo.py [line:220] run_bft INFO Current Block's TPS at Node 43: 449.1416541621668 
2023-03-09 02:17:13,632 dumbo.py [line:217] run_bft INFO Node 43 Delivers ACS Block in Round 98 with having 3366 TXs 
2023-03-09 02:17:13,633 dumbo.py [line:219] run_bft INFO ACS Block Delay at Node 43: 7.353261947631836 
2023-03-09 02:17:13,633 dumbo.py [line:220] run_bft INFO Current Block's TPS at Node 43: 457.75603044905006 
2023-03-09 02:17:21,031 dumbo.py [line:217] run_bft INFO Node 43 Delivers ACS Block in Round 99 with having 3366 TXs 
2023-03-09 02:17:21,031 dumbo.py [line:219] run_bft INFO ACS Block Delay at Node 43: 7.398421049118042 
2023-03-09 02:17:21,031 dumbo.py [line:220] run_bft INFO Current Block's TPS at Node 43: 454.9619408861918 
2023-03-09 02:17:21,031 dumbo.py [line:241] run_bft INFO node 43 breaks in 740.594800 seconds with total delivered Txs 336600 
2023-03-09 02:18:38,455 dumbo_node.py [line:77] run INFO node 43's starts to run consensus on process id 4152692 
2023-03-09 02:18:38,455 dumbo_node.py [line:59] prepare_bootstrap INFO node id 43 is inserting dummy payload TXs 
2023-03-09 02:18:38,456 dumbo_node.py [line:68] prepare_bootstrap INFO node id 43 just inserts 50000 TXs 
2023-03-09 02:18:38,456 dumbo_node.py [line:68] prepare_bootstrap INFO node id 43 just inserts 50000 TXs 
2023-03-09 02:18:38,456 dumbo_node.py [line:68] prepare_bootstrap INFO node id 43 just inserts 50000 TXs 
2023-03-09 02:18:38,456 dumbo_node.py [line:68] prepare_bootstrap INFO node id 43 just inserts 50000 TXs 
2023-03-09 02:18:38,456 dumbo_node.py [line:68] prepare_bootstrap INFO node id 43 just inserts 50000 TXs 
2023-03-09 02:18:38,456 dumbo_node.py [line:68] prepare_bootstrap INFO node id 43 just inserts 50000 TXs 
2023-03-09 02:18:38,456 dumbo_node.py [line:68] prepare_bootstrap INFO node id 43 just inserts 50000 TXs 
2023-03-09 02:18:38,456 dumbo_node.py [line:68] prepare_bootstrap INFO node id 43 just inserts 50000 TXs 
2023-03-09 02:18:38,457 dumbo_node.py [line:68] prepare_bootstrap INFO node id 43 just inserts 50000 TXs 
2023-03-09 02:18:38,457 dumbo_node.py [line:68] prepare_bootstrap INFO node id 43 just inserts 50000 TXs 
2023-03-09 02:18:38,457 dumbo_node.py [line:68] prepare_bootstrap INFO node id 43 just inserts 50000 TXs 
2023-03-09 02:18:38,457 dumbo_node.py [line:68] prepare_bootstrap INFO node id 43 just inserts 50000 TXs 
2023-03-09 02:18:38,457 dumbo_node.py [line:68] prepare_bootstrap INFO node id 43 just inserts 50000 TXs 
2023-03-09 02:18:38,457 dumbo_node.py [line:68] prepare_bootstrap INFO node id 43 just inserts 50000 TXs 
2023-03-09 02:18:38,457 dumbo_node.py [line:68] prepare_bootstrap INFO node id 43 just inserts 50000 TXs 
2023-03-09 02:18:38,457 dumbo_node.py [line:68] prepare_bootstrap INFO node id 43 just inserts 50000 TXs 
2023-03-09 02:18:38,457 dumbo_node.py [line:68] prepare_bootstrap INFO node id 43 just inserts 50000 TXs 
2023-03-09 02:18:38,457 dumbo_node.py [line:68] prepare_bootstrap INFO node id 43 just inserts 50000 TXs 
2023-03-09 02:18:38,458 dumbo_node.py [line:68] prepare_bootstrap INFO node id 43 just inserts 50000 TXs 
2023-03-09 02:18:38,458 dumbo_node.py [line:68] prepare_bootstrap INFO node id 43 just inserts 50000 TXs 
2023-03-09 02:18:38,458 dumbo_node.py [line:68] prepare_bootstrap INFO node id 43 just inserts 50000 TXs 
2023-03-09 02:18:38,458 dumbo_node.py [line:68] prepare_bootstrap INFO node id 43 just inserts 50000 TXs 
2023-03-09 02:18:38,458 dumbo_node.py [line:68] prepare_bootstrap INFO node id 43 just inserts 50000 TXs 
2023-03-09 02:18:38,458 dumbo_node.py [line:68] prepare_bootstrap INFO node id 43 just inserts 50000 TXs 
2023-03-09 02:18:38,458 dumbo_node.py [line:68] prepare_bootstrap INFO node id 43 just inserts 50000 TXs 
2023-03-09 02:18:38,458 dumbo_node.py [line:68] prepare_bootstrap INFO node id 43 just inserts 50000 TXs 
2023-03-09 02:18:38,458 dumbo_node.py [line:68] prepare_bootstrap INFO node id 43 just inserts 50000 TXs 
2023-03-09 02:18:38,459 dumbo_node.py [line:68] prepare_bootstrap INFO node id 43 just inserts 50000 TXs 
2023-03-09 02:18:38,459 dumbo_node.py [line:68] prepare_bootstrap INFO node id 43 just inserts 50000 TXs 
2023-03-09 02:18:38,459 dumbo_node.py [line:68] prepare_bootstrap INFO node id 43 just inserts 50000 TXs 
2023-03-09 02:18:38,459 dumbo_node.py [line:68] prepare_bootstrap INFO node id 43 just inserts 50000 TXs 
2023-03-09 02:18:38,459 dumbo_node.py [line:68] prepare_bootstrap INFO node id 43 just inserts 50000 TXs 
2023-03-09 02:18:38,459 dumbo_node.py [line:68] prepare_bootstrap INFO node id 43 just inserts 50000 TXs 
2023-03-09 02:18:38,459 dumbo_node.py [line:68] prepare_bootstrap INFO node id 43 just inserts 50000 TXs 
2023-03-09 02:18:38,459 dumbo_node.py [line:68] prepare_bootstrap INFO node id 43 just inserts 50000 TXs 
2023-03-09 02:18:38,459 dumbo_node.py [line:68] prepare_bootstrap INFO node id 43 just inserts 50000 TXs 
2023-03-09 02:18:38,459 dumbo_node.py [line:68] prepare_bootstrap INFO node id 43 just inserts 50000 TXs 
2023-03-09 02:18:38,460 dumbo_node.py [line:68] prepare_bootstrap INFO node id 43 just inserts 50000 TXs 
2023-03-09 02:18:38,460 dumbo_node.py [line:68] prepare_bootstrap INFO node id 43 just inserts 50000 TXs 
2023-03-09 02:18:38,460 dumbo_node.py [line:68] prepare_bootstrap INFO node id 43 just inserts 50000 TXs 
2023-03-09 02:18:38,460 dumbo_node.py [line:68] prepare_bootstrap INFO node id 43 just inserts 50000 TXs 
2023-03-09 02:18:38,460 dumbo_node.py [line:68] prepare_bootstrap INFO node id 43 just inserts 50000 TXs 
2023-03-09 02:18:38,460 dumbo_node.py [line:68] prepare_bootstrap INFO node id 43 just inserts 50000 TXs 
2023-03-09 02:18:38,460 dumbo_node.py [line:68] prepare_bootstrap INFO node id 43 just inserts 50000 TXs 
2023-03-09 02:18:38,460 dumbo_node.py [line:68] prepare_bootstrap INFO node id 43 just inserts 50000 TXs 
2023-03-09 02:18:38,460 dumbo_node.py [line:68] prepare_bootstrap INFO node id 43 just inserts 50000 TXs 
2023-03-09 02:18:38,461 dumbo_node.py [line:68] prepare_bootstrap INFO node id 43 just inserts 50000 TXs 
2023-03-09 02:18:38,461 dumbo_node.py [line:68] prepare_bootstrap INFO node id 43 just inserts 50000 TXs 
2023-03-09 02:18:38,461 dumbo_node.py [line:68] prepare_bootstrap INFO node id 43 just inserts 50000 TXs 
2023-03-09 02:18:38,461 dumbo_node.py [line:68] prepare_bootstrap INFO node id 43 just inserts 50000 TXs 
2023-03-09 02:18:38,461 dumbo_node.py [line:68] prepare_bootstrap INFO node id 43 just inserts 50000 TXs 
2023-03-09 02:18:38,461 dumbo_node.py [line:68] prepare_bootstrap INFO node id 43 just inserts 50000 TXs 
2023-03-09 02:18:38,461 dumbo_node.py [line:68] prepare_bootstrap INFO node id 43 just inserts 50000 TXs 
2023-03-09 02:18:38,461 dumbo_node.py [line:68] prepare_bootstrap INFO node id 43 just inserts 50000 TXs 
2023-03-09 02:18:38,461 dumbo_node.py [line:68] prepare_bootstrap INFO node id 43 just inserts 50000 TXs 
2023-03-09 02:18:38,462 dumbo_node.py [line:68] prepare_bootstrap INFO node id 43 just inserts 50000 TXs 
2023-03-09 02:18:38,462 dumbo_node.py [line:68] prepare_bootstrap INFO node id 43 just inserts 50000 TXs 
2023-03-09 02:18:38,462 dumbo_node.py [line:68] prepare_bootstrap INFO node id 43 just inserts 50000 TXs 
2023-03-09 02:18:38,462 dumbo_node.py [line:68] prepare_bootstrap INFO node id 43 just inserts 50000 TXs 
2023-03-09 02:18:38,462 dumbo_node.py [line:68] prepare_bootstrap INFO node id 43 just inserts 50000 TXs 
2023-03-09 02:18:38,462 dumbo_node.py [line:68] prepare_bootstrap INFO node id 43 just inserts 50000 TXs 
2023-03-09 02:18:38,462 dumbo_node.py [line:68] prepare_bootstrap INFO node id 43 just inserts 50000 TXs 
2023-03-09 02:18:38,462 dumbo_node.py [line:68] prepare_bootstrap INFO node id 43 just inserts 50000 TXs 
2023-03-09 02:18:38,462 dumbo_node.py [line:68] prepare_bootstrap INFO node id 43 just inserts 50000 TXs 
2023-03-09 02:18:38,463 dumbo_node.py [line:68] prepare_bootstrap INFO node id 43 just inserts 50000 TXs 
2023-03-09 02:18:38,463 dumbo_node.py [line:68] prepare_bootstrap INFO node id 43 just inserts 50000 TXs 
2023-03-09 02:18:38,463 dumbo_node.py [line:68] prepare_bootstrap INFO node id 43 just inserts 50000 TXs 
2023-03-09 02:18:38,463 dumbo_node.py [line:68] prepare_bootstrap INFO node id 43 just inserts 50000 TXs 
2023-03-09 02:18:38,463 dumbo_node.py [line:68] prepare_bootstrap INFO node id 43 just inserts 50000 TXs 
2023-03-09 02:18:38,463 dumbo_node.py [line:68] prepare_bootstrap INFO node id 43 just inserts 50000 TXs 
2023-03-09 02:18:38,463 dumbo_node.py [line:68] prepare_bootstrap INFO node id 43 just inserts 50000 TXs 
2023-03-09 02:18:38,463 dumbo_node.py [line:68] prepare_bootstrap INFO node id 43 just inserts 50000 TXs 
2023-03-09 02:18:38,463 dumbo_node.py [line:68] prepare_bootstrap INFO node id 43 just inserts 50000 TXs 
2023-03-09 02:18:38,463 dumbo_node.py [line:68] prepare_bootstrap INFO node id 43 just inserts 50000 TXs 
2023-03-09 02:18:38,464 dumbo_node.py [line:68] prepare_bootstrap INFO node id 43 just inserts 50000 TXs 
2023-03-09 02:18:38,464 dumbo_node.py [line:68] prepare_bootstrap INFO node id 43 just inserts 50000 TXs 
2023-03-09 02:18:38,464 dumbo_node.py [line:68] prepare_bootstrap INFO node id 43 just inserts 50000 TXs 
2023-03-09 02:18:38,464 dumbo_node.py [line:68] prepare_bootstrap INFO node id 43 just inserts 50000 TXs 
2023-03-09 02:18:38,464 dumbo_node.py [line:68] prepare_bootstrap INFO node id 43 just inserts 50000 TXs 
2023-03-09 02:18:38,464 dumbo_node.py [line:68] prepare_bootstrap INFO node id 43 just inserts 50000 TXs 
2023-03-09 02:18:38,464 dumbo_node.py [line:68] prepare_bootstrap INFO node id 43 just inserts 50000 TXs 
2023-03-09 02:18:38,464 dumbo_node.py [line:68] prepare_bootstrap INFO node id 43 just inserts 50000 TXs 
2023-03-09 02:18:38,464 dumbo_node.py [line:68] prepare_bootstrap INFO node id 43 just inserts 50000 TXs 
2023-03-09 02:18:38,465 dumbo_node.py [line:68] prepare_bootstrap INFO node id 43 just inserts 50000 TXs 
2023-03-09 02:18:38,465 dumbo_node.py [line:68] prepare_bootstrap INFO node id 43 just inserts 50000 TXs 
2023-03-09 02:18:38,465 dumbo_node.py [line:68] prepare_bootstrap INFO node id 43 just inserts 50000 TXs 
2023-03-09 02:18:38,465 dumbo_node.py [line:68] prepare_bootstrap INFO node id 43 just inserts 50000 TXs 
2023-03-09 02:18:38,465 dumbo_node.py [line:68] prepare_bootstrap INFO node id 43 just inserts 50000 TXs 
2023-03-09 02:18:38,465 dumbo_node.py [line:68] prepare_bootstrap INFO node id 43 just inserts 50000 TXs 
2023-03-09 02:18:38,465 dumbo_node.py [line:68] prepare_bootstrap INFO node id 43 just inserts 50000 TXs 
2023-03-09 02:18:38,465 dumbo_node.py [line:68] prepare_bootstrap INFO node id 43 just inserts 50000 TXs 
2023-03-09 02:18:38,465 dumbo_node.py [line:68] prepare_bootstrap INFO node id 43 just inserts 50000 TXs 
2023-03-09 02:18:38,466 dumbo_node.py [line:68] prepare_bootstrap INFO node id 43 just inserts 50000 TXs 
2023-03-09 02:18:38,466 dumbo_node.py [line:68] prepare_bootstrap INFO node id 43 just inserts 50000 TXs 
2023-03-09 02:18:38,466 dumbo_node.py [line:68] prepare_bootstrap INFO node id 43 just inserts 50000 TXs 
2023-03-09 02:18:38,466 dumbo_node.py [line:68] prepare_bootstrap INFO node id 43 just inserts 50000 TXs 
2023-03-09 02:18:38,466 dumbo_node.py [line:68] prepare_bootstrap INFO node id 43 just inserts 50000 TXs 
2023-03-09 02:18:38,466 dumbo_node.py [line:68] prepare_bootstrap INFO node id 43 just inserts 50000 TXs 
2023-03-09 02:18:38,466 dumbo_node.py [line:68] prepare_bootstrap INFO node id 43 just inserts 50000 TXs 
2023-03-09 02:18:38,466 dumbo_node.py [line:68] prepare_bootstrap INFO node id 43 just inserts 50000 TXs 
2023-03-09 02:18:38,466 dumbo_node.py [line:72] prepare_bootstrap INFO node id 43 completed the loading of dummy TXs 
2023-03-09 02:18:38,467 dumbo.py [line:179] run_bft INFO Node 43 starts to run at time:1678328318.4670312 
2023-03-09 02:18:53,080 dumbo.py [line:217] run_bft INFO Node 43 Delivers ACS Block in Round 0 with having 3354 TXs 
2023-03-09 02:18:53,080 dumbo.py [line:219] run_bft INFO ACS Block Delay at Node 43: 14.613691806793213 
2023-03-09 02:18:53,080 dumbo.py [line:220] run_bft INFO Current Block's TPS at Node 43: 229.51079332608373 
2023-03-09 02:19:07,824 dumbo.py [line:217] run_bft INFO Node 43 Delivers ACS Block in Round 1 with having 3354 TXs 
2023-03-09 02:19:07,824 dumbo.py [line:219] run_bft INFO ACS Block Delay at Node 43: 14.743505239486694 
2023-03-09 02:19:07,824 dumbo.py [line:220] run_bft INFO Current Block's TPS at Node 43: 227.48999952990636 
2023-03-09 02:19:22,544 dumbo.py [line:217] run_bft INFO Node 43 Delivers ACS Block in Round 2 with having 3354 TXs 
2023-03-09 02:19:22,544 dumbo.py [line:219] run_bft INFO ACS Block Delay at Node 43: 14.719977855682373 
2023-03-09 02:19:22,544 dumbo.py [line:220] run_bft INFO Current Block's TPS at Node 43: 227.85360364555513 
2023-03-09 02:19:37,183 dumbo.py [line:217] run_bft INFO Node 43 Delivers ACS Block in Round 3 with having 3354 TXs 
2023-03-09 02:19:37,184 dumbo.py [line:219] run_bft INFO ACS Block Delay at Node 43: 14.639530897140503 
2023-03-09 02:19:37,184 dumbo.py [line:220] run_bft INFO Current Block's TPS at Node 43: 229.10570178550782 
2023-03-09 02:19:52,018 dumbo.py [line:217] run_bft INFO Node 43 Delivers ACS Block in Round 4 with having 3354 TXs 
2023-03-09 02:19:52,019 dumbo.py [line:219] run_bft INFO ACS Block Delay at Node 43: 14.835037231445312 
2023-03-09 02:19:52,019 dumbo.py [line:220] run_bft INFO Current Block's TPS at Node 43: 226.0863891120302 
2023-03-09 02:20:06,867 dumbo.py [line:217] run_bft INFO Node 43 Delivers ACS Block in Round 5 with having 3354 TXs 
2023-03-09 02:20:06,867 dumbo.py [line:219] run_bft INFO ACS Block Delay at Node 43: 14.848272323608398 
2023-03-09 02:20:06,867 dumbo.py [line:220] run_bft INFO Current Block's TPS at Node 43: 225.88486572052022 
2023-03-09 02:20:21,349 dumbo.py [line:217] run_bft INFO Node 43 Delivers ACS Block in Round 6 with having 3354 TXs 
2023-03-09 02:20:21,349 dumbo.py [line:219] run_bft INFO ACS Block Delay at Node 43: 14.48189926147461 
2023-03-09 02:20:21,349 dumbo.py [line:220] run_bft INFO Current Block's TPS at Node 43: 231.5994566349774 
2023-03-09 02:20:36,113 dumbo.py [line:217] run_bft INFO Node 43 Delivers ACS Block in Round 7 with having 3354 TXs 
2023-03-09 02:20:36,113 dumbo.py [line:219] run_bft INFO ACS Block Delay at Node 43: 14.763829708099365 
2023-03-09 02:20:36,113 dumbo.py [line:220] run_bft INFO Current Block's TPS at Node 43: 227.1768278497558 
2023-03-09 02:20:50,813 dumbo.py [line:217] run_bft INFO Node 43 Delivers ACS Block in Round 8 with having 3354 TXs 
2023-03-09 02:20:50,813 dumbo.py [line:219] run_bft INFO ACS Block Delay at Node 43: 14.700415849685669 
2023-03-09 02:20:50,813 dumbo.py [line:220] run_bft INFO Current Block's TPS at Node 43: 228.1568109565905 
2023-03-09 02:21:05,739 dumbo.py [line:217] run_bft INFO Node 43 Delivers ACS Block in Round 9 with having 3354 TXs 
2023-03-09 02:21:05,740 dumbo.py [line:219] run_bft INFO ACS Block Delay at Node 43: 14.9261794090271 
2023-03-09 02:21:05,740 dumbo.py [line:220] run_bft INFO Current Block's TPS at Node 43: 224.7058612984082 
2023-03-09 02:21:20,384 dumbo.py [line:217] run_bft INFO Node 43 Delivers ACS Block in Round 10 with having 3354 TXs 
2023-03-09 02:21:20,384 dumbo.py [line:219] run_bft INFO ACS Block Delay at Node 43: 14.644141435623169 
2023-03-09 02:21:20,384 dumbo.py [line:220] run_bft INFO Current Block's TPS at Node 43: 229.03357050629808 
2023-03-09 02:21:35,002 dumbo.py [line:217] run_bft INFO Node 43 Delivers ACS Block in Round 11 with having 3354 TXs 
2023-03-09 02:21:35,002 dumbo.py [line:219] run_bft INFO ACS Block Delay at Node 43: 14.617758989334106 
2023-03-09 02:21:35,002 dumbo.py [line:220] run_bft INFO Current Block's TPS at Node 43: 229.44693522770874 
2023-03-09 02:21:49,931 dumbo.py [line:217] run_bft INFO Node 43 Delivers ACS Block in Round 12 with having 3354 TXs 
2023-03-09 02:21:49,932 dumbo.py [line:219] run_bft INFO ACS Block Delay at Node 43: 14.929632425308228 
2023-03-09 02:21:49,932 dumbo.py [line:220] run_bft INFO Current Block's TPS at Node 43: 224.6538899587647 
2023-03-09 02:22:04,390 dumbo.py [line:217] run_bft INFO Node 43 Delivers ACS Block in Round 13 with having 3354 TXs 
2023-03-09 02:22:04,390 dumbo.py [line:219] run_bft INFO ACS Block Delay at Node 43: 14.45859956741333 
2023-03-09 02:22:04,390 dumbo.py [line:220] run_bft INFO Current Block's TPS at Node 43: 231.97267372693668 
2023-03-09 02:22:19,322 dumbo.py [line:217] run_bft INFO Node 43 Delivers ACS Block in Round 14 with having 3354 TXs 
2023-03-09 02:22:19,323 dumbo.py [line:219] run_bft INFO ACS Block Delay at Node 43: 14.932331085205078 
2023-03-09 02:22:19,323 dumbo.py [line:220] run_bft INFO Current Block's TPS at Node 43: 224.6132891684364 
2023-03-09 02:22:33,894 dumbo.py [line:217] run_bft INFO Node 43 Delivers ACS Block in Round 15 with having 3354 TXs 
2023-03-09 02:22:33,894 dumbo.py [line:219] run_bft INFO ACS Block Delay at Node 43: 14.571659088134766 
2023-03-09 02:22:33,894 dumbo.py [line:220] run_bft INFO Current Block's TPS at Node 43: 230.1728293061052 
2023-03-09 02:22:48,741 dumbo.py [line:217] run_bft INFO Node 43 Delivers ACS Block in Round 16 with having 3354 TXs 
2023-03-09 02:22:48,741 dumbo.py [line:219] run_bft INFO ACS Block Delay at Node 43: 14.846551656723022 
2023-03-09 02:22:48,741 dumbo.py [line:220] run_bft INFO Current Block's TPS at Node 43: 225.91104503928324 
2023-03-09 02:23:03,452 dumbo.py [line:217] run_bft INFO Node 43 Delivers ACS Block in Round 17 with having 3354 TXs 
2023-03-09 02:23:03,452 dumbo.py [line:219] run_bft INFO ACS Block Delay at Node 43: 14.710731267929077 
2023-03-09 02:23:03,452 dumbo.py [line:220] run_bft INFO Current Block's TPS at Node 43: 227.99682346941302 
2023-03-09 02:23:18,099 dumbo.py [line:217] run_bft INFO Node 43 Delivers ACS Block in Round 18 with having 3354 TXs 
2023-03-09 02:23:18,099 dumbo.py [line:219] run_bft INFO ACS Block Delay at Node 43: 14.647518157958984 
2023-03-09 02:23:18,099 dumbo.py [line:220] run_bft INFO Current Block's TPS at Node 43: 228.98077092859214 
2023-03-09 02:23:33,034 dumbo.py [line:217] run_bft INFO Node 43 Delivers ACS Block in Round 19 with having 3354 TXs 
2023-03-09 02:23:33,034 dumbo.py [line:219] run_bft INFO ACS Block Delay at Node 43: 14.93432354927063 
2023-03-09 02:23:33,034 dumbo.py [line:220] run_bft INFO Current Block's TPS at Node 43: 224.58332236707196 
2023-03-09 02:23:47,759 dumbo.py [line:217] run_bft INFO Node 43 Delivers ACS Block in Round 20 with having 3354 TXs 
2023-03-09 02:23:47,759 dumbo.py [line:219] run_bft INFO ACS Block Delay at Node 43: 14.725098371505737 
2023-03-09 02:23:47,759 dumbo.py [line:220] run_bft INFO Current Block's TPS at Node 43: 227.77436967689553 
2023-03-09 02:24:02,355 dumbo.py [line:217] run_bft INFO Node 43 Delivers ACS Block in Round 21 with having 3354 TXs 
2023-03-09 02:24:02,355 dumbo.py [line:219] run_bft INFO ACS Block Delay at Node 43: 14.5956552028656 
2023-03-09 02:24:02,355 dumbo.py [line:220] run_bft INFO Current Block's TPS at Node 43: 229.79441165076994 
2023-03-09 02:24:17,208 dumbo.py [line:217] run_bft INFO Node 43 Delivers ACS Block in Round 22 with having 3354 TXs 
2023-03-09 02:24:17,208 dumbo.py [line:219] run_bft INFO ACS Block Delay at Node 43: 14.853456258773804 
2023-03-09 02:24:17,208 dumbo.py [line:220] run_bft INFO Current Block's TPS at Node 43: 225.80603070203423 
2023-03-09 02:24:31,919 dumbo.py [line:217] run_bft INFO Node 43 Delivers ACS Block in Round 23 with having 3354 TXs 
2023-03-09 02:24:31,919 dumbo.py [line:219] run_bft INFO ACS Block Delay at Node 43: 14.710941791534424 
2023-03-09 02:24:31,919 dumbo.py [line:220] run_bft INFO Current Block's TPS at Node 43: 227.9935606794459 
2023-03-09 02:24:46,661 dumbo.py [line:217] run_bft INFO Node 43 Delivers ACS Block in Round 24 with having 3354 TXs 
2023-03-09 02:24:46,662 dumbo.py [line:219] run_bft INFO ACS Block Delay at Node 43: 14.742303609848022 
2023-03-09 02:24:46,662 dumbo.py [line:220] run_bft INFO Current Block's TPS at Node 43: 227.50854200014513 
2023-03-09 02:25:01,404 dumbo.py [line:217] run_bft INFO Node 43 Delivers ACS Block in Round 25 with having 3354 TXs 
2023-03-09 02:25:01,404 dumbo.py [line:219] run_bft INFO ACS Block Delay at Node 43: 14.742551565170288 
2023-03-09 02:25:01,404 dumbo.py [line:220] run_bft INFO Current Block's TPS at Node 43: 227.50471552861472 
2023-03-09 02:25:16,211 dumbo.py [line:217] run_bft INFO Node 43 Delivers ACS Block in Round 26 with having 3354 TXs 
2023-03-09 02:25:16,212 dumbo.py [line:219] run_bft INFO ACS Block Delay at Node 43: 14.807190179824829 
2023-03-09 02:25:16,212 dumbo.py [line:220] run_bft INFO Current Block's TPS at Node 43: 226.51157709650477 
2023-03-09 02:25:30,995 dumbo.py [line:217] run_bft INFO Node 43 Delivers ACS Block in Round 27 with having 3354 TXs 
2023-03-09 02:25:30,995 dumbo.py [line:219] run_bft INFO ACS Block Delay at Node 43: 14.783648014068604 
2023-03-09 02:25:30,995 dumbo.py [line:220] run_bft INFO Current Block's TPS at Node 43: 226.87228462205158 
2023-03-09 02:25:45,734 dumbo.py [line:217] run_bft INFO Node 43 Delivers ACS Block in Round 28 with having 3354 TXs 
2023-03-09 02:25:45,734 dumbo.py [line:219] run_bft INFO ACS Block Delay at Node 43: 14.738877058029175 
2023-03-09 02:25:45,734 dumbo.py [line:220] run_bft INFO Current Block's TPS at Node 43: 227.56143407634093 
2023-03-09 02:26:00,434 dumbo.py [line:217] run_bft INFO Node 43 Delivers ACS Block in Round 29 with having 3354 TXs 
2023-03-09 02:26:00,435 dumbo.py [line:219] run_bft INFO ACS Block Delay at Node 43: 14.700430870056152 
2023-03-09 02:26:00,435 dumbo.py [line:220] run_bft INFO Current Block's TPS at Node 43: 228.15657783418348 
2023-03-09 02:26:15,135 dumbo.py [line:217] run_bft INFO Node 43 Delivers ACS Block in Round 30 with having 3354 TXs 
2023-03-09 02:26:15,135 dumbo.py [line:219] run_bft INFO ACS Block Delay at Node 43: 14.700188159942627 
2023-03-09 02:26:15,135 dumbo.py [line:220] run_bft INFO Current Block's TPS at Node 43: 228.1603448545988 
2023-03-09 02:26:29,880 dumbo.py [line:217] run_bft INFO Node 43 Delivers ACS Block in Round 31 with having 3354 TXs 
2023-03-09 02:26:29,880 dumbo.py [line:219] run_bft INFO ACS Block Delay at Node 43: 14.744813919067383 
2023-03-09 02:26:29,880 dumbo.py [line:220] run_bft INFO Current Block's TPS at Node 43: 227.4698085991269 
2023-03-09 02:26:44,617 dumbo.py [line:217] run_bft INFO Node 43 Delivers ACS Block in Round 32 with having 3354 TXs 
2023-03-09 02:26:44,617 dumbo.py [line:219] run_bft INFO ACS Block Delay at Node 43: 14.737123012542725 
2023-03-09 02:26:44,617 dumbo.py [line:220] run_bft INFO Current Block's TPS at Node 43: 227.5885189494191 
2023-03-09 02:26:59,314 dumbo.py [line:217] run_bft INFO Node 43 Delivers ACS Block in Round 33 with having 3354 TXs 
2023-03-09 02:26:59,314 dumbo.py [line:219] run_bft INFO ACS Block Delay at Node 43: 14.696744203567505 
2023-03-09 02:26:59,314 dumbo.py [line:220] run_bft INFO Current Block's TPS at Node 43: 228.21381072862695 
2023-03-09 02:27:14,076 dumbo.py [line:217] run_bft INFO Node 43 Delivers ACS Block in Round 34 with having 3354 TXs 
2023-03-09 02:27:14,077 dumbo.py [line:219] run_bft INFO ACS Block Delay at Node 43: 14.762777328491211 
2023-03-09 02:27:14,077 dumbo.py [line:220] run_bft INFO Current Block's TPS at Node 43: 227.193022381161 
2023-03-09 02:27:28,842 dumbo.py [line:217] run_bft INFO Node 43 Delivers ACS Block in Round 35 with having 3354 TXs 
2023-03-09 02:27:28,842 dumbo.py [line:219] run_bft INFO ACS Block Delay at Node 43: 14.765414237976074 
2023-03-09 02:27:28,842 dumbo.py [line:220] run_bft INFO Current Block's TPS at Node 43: 227.15244868468653 
2023-03-09 02:27:43,609 dumbo.py [line:217] run_bft INFO Node 43 Delivers ACS Block in Round 36 with having 3354 TXs 
2023-03-09 02:27:43,609 dumbo.py [line:219] run_bft INFO ACS Block Delay at Node 43: 14.76676344871521 
2023-03-09 02:27:43,609 dumbo.py [line:220] run_bft INFO Current Block's TPS at Node 43: 227.13169420289023 
2023-03-09 02:27:58,379 dumbo.py [line:217] run_bft INFO Node 43 Delivers ACS Block in Round 37 with having 3354 TXs 
2023-03-09 02:27:58,379 dumbo.py [line:219] run_bft INFO ACS Block Delay at Node 43: 14.76979947090149 
2023-03-09 02:27:58,379 dumbo.py [line:220] run_bft INFO Current Block's TPS at Node 43: 227.08500590057676 
2023-03-09 02:28:13,041 dumbo.py [line:217] run_bft INFO Node 43 Delivers ACS Block in Round 38 with having 3354 TXs 
2023-03-09 02:28:13,042 dumbo.py [line:219] run_bft INFO ACS Block Delay at Node 43: 14.662572860717773 
2023-03-09 02:28:13,042 dumbo.py [line:220] run_bft INFO Current Block's TPS at Node 43: 228.74566638885315 
2023-03-09 02:28:27,855 dumbo.py [line:217] run_bft INFO Node 43 Delivers ACS Block in Round 39 with having 3354 TXs 
2023-03-09 02:28:27,855 dumbo.py [line:219] run_bft INFO ACS Block Delay at Node 43: 14.813583612442017 
2023-03-09 02:28:27,855 dumbo.py [line:220] run_bft INFO Current Block's TPS at Node 43: 226.41381638288763 
2023-03-09 02:28:42,629 dumbo.py [line:217] run_bft INFO Node 43 Delivers ACS Block in Round 40 with having 3354 TXs 
2023-03-09 02:28:42,629 dumbo.py [line:219] run_bft INFO ACS Block Delay at Node 43: 14.773438930511475 
2023-03-09 02:28:42,629 dumbo.py [line:220] run_bft INFO Current Block's TPS at Node 43: 227.02906315692067 
2023-03-09 02:28:57,380 dumbo.py [line:217] run_bft INFO Node 43 Delivers ACS Block in Round 41 with having 3354 TXs 
2023-03-09 02:28:57,381 dumbo.py [line:219] run_bft INFO ACS Block Delay at Node 43: 14.751837968826294 
2023-03-09 02:28:57,381 dumbo.py [line:220] run_bft INFO Current Block's TPS at Node 43: 227.36149943401634 
2023-03-09 02:29:11,967 dumbo.py [line:217] run_bft INFO Node 43 Delivers ACS Block in Round 42 with having 3354 TXs 
2023-03-09 02:29:11,967 dumbo.py [line:219] run_bft INFO ACS Block Delay at Node 43: 14.586297512054443 
2023-03-09 02:29:11,967 dumbo.py [line:220] run_bft INFO Current Block's TPS at Node 43: 229.94183391831814 
2023-03-09 02:29:26,792 dumbo.py [line:217] run_bft INFO Node 43 Delivers ACS Block in Round 43 with having 3354 TXs 
2023-03-09 02:29:26,792 dumbo.py [line:219] run_bft INFO ACS Block Delay at Node 43: 14.824964046478271 
2023-03-09 02:29:26,792 dumbo.py [line:220] run_bft INFO Current Block's TPS at Node 43: 226.240009047223 
2023-03-09 02:29:41,604 dumbo.py [line:217] run_bft INFO Node 43 Delivers ACS Block in Round 44 with having 3354 TXs 
2023-03-09 02:29:41,604 dumbo.py [line:219] run_bft INFO ACS Block Delay at Node 43: 14.811847448348999 
2023-03-09 02:29:41,604 dumbo.py [line:220] run_bft INFO Current Block's TPS at Node 43: 226.44035537740118 
2023-03-09 02:29:56,282 dumbo.py [line:217] run_bft INFO Node 43 Delivers ACS Block in Round 45 with having 3354 TXs 
2023-03-09 02:29:56,282 dumbo.py [line:219] run_bft INFO ACS Block Delay at Node 43: 14.678030252456665 
2023-03-09 02:29:56,282 dumbo.py [line:220] run_bft INFO Current Block's TPS at Node 43: 228.50477498086914 
2023-03-09 02:30:10,977 dumbo.py [line:217] run_bft INFO Node 43 Delivers ACS Block in Round 46 with having 3354 TXs 
2023-03-09 02:30:10,977 dumbo.py [line:219] run_bft INFO ACS Block Delay at Node 43: 14.694974422454834 
2023-03-09 02:30:10,977 dumbo.py [line:220] run_bft INFO Current Block's TPS at Node 43: 228.24129553263322 
2023-03-09 02:30:25,741 dumbo.py [line:217] run_bft INFO Node 43 Delivers ACS Block in Round 47 with having 3354 TXs 
2023-03-09 02:30:25,741 dumbo.py [line:219] run_bft INFO ACS Block Delay at Node 43: 14.76405668258667 
2023-03-09 02:30:25,741 dumbo.py [line:220] run_bft INFO Current Block's TPS at Node 43: 227.17333535815018 
2023-03-09 02:30:40,491 dumbo.py [line:217] run_bft INFO Node 43 Delivers ACS Block in Round 48 with having 3354 TXs 
2023-03-09 02:30:40,491 dumbo.py [line:219] run_bft INFO ACS Block Delay at Node 43: 14.749861478805542 
2023-03-09 02:30:40,491 dumbo.py [line:220] run_bft INFO Current Block's TPS at Node 43: 227.3919660072367 
2023-03-09 02:30:55,264 dumbo.py [line:217] run_bft INFO Node 43 Delivers ACS Block in Round 49 with having 3354 TXs 
2023-03-09 02:30:55,264 dumbo.py [line:219] run_bft INFO ACS Block Delay at Node 43: 14.773130893707275 
2023-03-09 02:30:55,264 dumbo.py [line:220] run_bft INFO Current Block's TPS at Node 43: 227.0337969745236 
2023-03-09 02:31:10,052 dumbo.py [line:217] run_bft INFO Node 43 Delivers ACS Block in Round 50 with having 3354 TXs 
2023-03-09 02:31:10,052 dumbo.py [line:219] run_bft INFO ACS Block Delay at Node 43: 14.787702322006226 
2023-03-09 02:31:10,052 dumbo.py [line:220] run_bft INFO Current Block's TPS at Node 43: 226.81008360634675 
2023-03-09 02:31:24,791 dumbo.py [line:217] run_bft INFO Node 43 Delivers ACS Block in Round 51 with having 3354 TXs 
2023-03-09 02:31:24,791 dumbo.py [line:219] run_bft INFO ACS Block Delay at Node 43: 14.73859190940857 
2023-03-09 02:31:24,791 dumbo.py [line:220] run_bft INFO Current Block's TPS at Node 43: 227.56583672412634 
2023-03-09 02:31:39,469 dumbo.py [line:217] run_bft INFO Node 43 Delivers ACS Block in Round 52 with having 3354 TXs 
2023-03-09 02:31:39,469 dumbo.py [line:219] run_bft INFO ACS Block Delay at Node 43: 14.678547620773315 
2023-03-09 02:31:39,469 dumbo.py [line:220] run_bft INFO Current Block's TPS at Node 43: 228.49672097349506 
2023-03-09 02:31:54,281 dumbo.py [line:217] run_bft INFO Node 43 Delivers ACS Block in Round 53 with having 3354 TXs 
2023-03-09 02:31:54,282 dumbo.py [line:219] run_bft INFO ACS Block Delay at Node 43: 14.81217074394226 
2023-03-09 02:31:54,282 dumbo.py [line:220] run_bft INFO Current Block's TPS at Node 43: 226.43541301140394 
2023-03-09 02:32:09,166 dumbo.py [line:217] run_bft INFO Node 43 Delivers ACS Block in Round 54 with having 3354 TXs 
2023-03-09 02:32:09,166 dumbo.py [line:219] run_bft INFO ACS Block Delay at Node 43: 14.884321212768555 
2023-03-09 02:32:09,166 dumbo.py [line:220] run_bft INFO Current Block's TPS at Node 43: 225.3377867929081 
2023-03-09 02:32:23,864 dumbo.py [line:217] run_bft INFO Node 43 Delivers ACS Block in Round 55 with having 3354 TXs 
2023-03-09 02:32:23,864 dumbo.py [line:219] run_bft INFO ACS Block Delay at Node 43: 14.69746994972229 
2023-03-09 02:32:23,864 dumbo.py [line:220] run_bft INFO Current Block's TPS at Node 43: 228.20254176218774 
2023-03-09 02:32:38,689 dumbo.py [line:217] run_bft INFO Node 43 Delivers ACS Block in Round 56 with having 3354 TXs 
2023-03-09 02:32:38,689 dumbo.py [line:219] run_bft INFO ACS Block Delay at Node 43: 14.825576543807983 
2023-03-09 02:32:38,689 dumbo.py [line:220] run_bft INFO Current Block's TPS at Node 43: 226.23066226728457 
2023-03-09 02:32:53,364 dumbo.py [line:217] run_bft INFO Node 43 Delivers ACS Block in Round 57 with having 3354 TXs 
2023-03-09 02:32:53,364 dumbo.py [line:219] run_bft INFO ACS Block Delay at Node 43: 14.674643993377686 
2023-03-09 02:32:53,364 dumbo.py [line:220] run_bft INFO Current Block's TPS at Node 43: 228.55750378091486 
2023-03-09 02:33:08,151 dumbo.py [line:217] run_bft INFO Node 43 Delivers ACS Block in Round 58 with having 3354 TXs 
2023-03-09 02:33:08,152 dumbo.py [line:219] run_bft INFO ACS Block Delay at Node 43: 14.78743600845337 
2023-03-09 02:33:08,152 dumbo.py [line:220] run_bft INFO Current Block's TPS at Node 43: 226.8141683306461 
2023-03-09 02:33:23,048 dumbo.py [line:217] run_bft INFO Node 43 Delivers ACS Block in Round 59 with having 3354 TXs 
2023-03-09 02:33:23,048 dumbo.py [line:219] run_bft INFO ACS Block Delay at Node 43: 14.896318912506104 
2023-03-09 02:33:23,048 dumbo.py [line:220] run_bft INFO Current Block's TPS at Node 43: 225.15629664615813 
2023-03-09 02:33:37,638 dumbo.py [line:217] run_bft INFO Node 43 Delivers ACS Block in Round 60 with having 3354 TXs 
2023-03-09 02:33:37,638 dumbo.py [line:219] run_bft INFO ACS Block Delay at Node 43: 14.590257167816162 
2023-03-09 02:33:37,638 dumbo.py [line:220] run_bft INFO Current Block's TPS at Node 43: 229.87942991151672 
2023-03-09 02:33:52,541 dumbo.py [line:217] run_bft INFO Node 43 Delivers ACS Block in Round 61 with having 3354 TXs 
2023-03-09 02:33:52,541 dumbo.py [line:219] run_bft INFO ACS Block Delay at Node 43: 14.902855396270752 
2023-03-09 02:33:52,541 dumbo.py [line:220] run_bft INFO Current Block's TPS at Node 43: 225.05754171373732 
2023-03-09 02:34:07,222 dumbo.py [line:217] run_bft INFO Node 43 Delivers ACS Block in Round 62 with having 3354 TXs 
2023-03-09 02:34:07,222 dumbo.py [line:219] run_bft INFO ACS Block Delay at Node 43: 14.681023597717285 
2023-03-09 02:34:07,222 dumbo.py [line:220] run_bft INFO Current Block's TPS at Node 43: 228.4581846542025 
2023-03-09 02:34:22,168 dumbo.py [line:217] run_bft INFO Node 43 Delivers ACS Block in Round 63 with having 3354 TXs 
2023-03-09 02:34:22,168 dumbo.py [line:219] run_bft INFO ACS Block Delay at Node 43: 14.945276260375977 
2023-03-09 02:34:22,168 dumbo.py [line:220] run_bft INFO Current Block's TPS at Node 43: 224.41873549653766 
2023-03-09 02:34:36,863 dumbo.py [line:217] run_bft INFO Node 43 Delivers ACS Block in Round 64 with having 3354 TXs 
2023-03-09 02:34:36,863 dumbo.py [line:219] run_bft INFO ACS Block Delay at Node 43: 14.695346117019653 
2023-03-09 02:34:36,863 dumbo.py [line:220] run_bft INFO Current Block's TPS at Node 43: 228.23552254516213 
2023-03-09 02:34:51,550 dumbo.py [line:217] run_bft INFO Node 43 Delivers ACS Block in Round 65 with having 3354 TXs 
2023-03-09 02:34:51,550 dumbo.py [line:219] run_bft INFO ACS Block Delay at Node 43: 14.686585187911987 
2023-03-09 02:34:51,550 dumbo.py [line:220] run_bft INFO Current Block's TPS at Node 43: 228.3716709559251 
2023-03-09 02:35:06,602 dumbo.py [line:217] run_bft INFO Node 43 Delivers ACS Block in Round 66 with having 3354 TXs 
2023-03-09 02:35:06,602 dumbo.py [line:219] run_bft INFO ACS Block Delay at Node 43: 15.051880598068237 
2023-03-09 02:35:06,602 dumbo.py [line:220] run_bft INFO Current Block's TPS at Node 43: 222.82929884724527 
2023-03-09 02:35:21,130 dumbo.py [line:217] run_bft INFO Node 43 Delivers ACS Block in Round 67 with having 3354 TXs 
2023-03-09 02:35:21,130 dumbo.py [line:219] run_bft INFO ACS Block Delay at Node 43: 14.527804136276245 
2023-03-09 02:35:21,130 dumbo.py [line:220] run_bft INFO Current Block's TPS at Node 43: 230.8676499585363 
2023-03-09 02:35:35,874 dumbo.py [line:217] run_bft INFO Node 43 Delivers ACS Block in Round 68 with having 3354 TXs 
2023-03-09 02:35:35,875 dumbo.py [line:219] run_bft INFO ACS Block Delay at Node 43: 14.744768619537354 
2023-03-09 02:35:35,875 dumbo.py [line:220] run_bft INFO Current Block's TPS at Node 43: 227.4705074419295 
2023-03-09 02:35:50,604 dumbo.py [line:217] run_bft INFO Node 43 Delivers ACS Block in Round 69 with having 3354 TXs 
2023-03-09 02:35:50,604 dumbo.py [line:219] run_bft INFO ACS Block Delay at Node 43: 14.729011297225952 
2023-03-09 02:35:50,604 dumbo.py [line:220] run_bft INFO Current Block's TPS at Node 43: 227.71385888146403 
2023-03-09 02:36:05,356 dumbo.py [line:217] run_bft INFO Node 43 Delivers ACS Block in Round 70 with having 3354 TXs 
2023-03-09 02:36:05,356 dumbo.py [line:219] run_bft INFO ACS Block Delay at Node 43: 14.752474069595337 
2023-03-09 02:36:05,356 dumbo.py [line:220] run_bft INFO Current Block's TPS at Node 43: 227.35169600552302 
2023-03-09 02:36:20,149 dumbo.py [line:217] run_bft INFO Node 43 Delivers ACS Block in Round 71 with having 3354 TXs 
2023-03-09 02:36:20,150 dumbo.py [line:219] run_bft INFO ACS Block Delay at Node 43: 14.793341159820557 
2023-03-09 02:36:20,150 dumbo.py [line:220] run_bft INFO Current Block's TPS at Node 43: 226.72362948740945 
2023-03-09 02:36:34,875 dumbo.py [line:217] run_bft INFO Node 43 Delivers ACS Block in Round 72 with having 3354 TXs 
2023-03-09 02:36:34,875 dumbo.py [line:219] run_bft INFO ACS Block Delay at Node 43: 14.725606918334961 
2023-03-09 02:36:34,875 dumbo.py [line:220] run_bft INFO Current Block's TPS at Node 43: 227.76650352006274 
2023-03-09 02:36:49,704 dumbo.py [line:217] run_bft INFO Node 43 Delivers ACS Block in Round 73 with having 3354 TXs 
2023-03-09 02:36:49,705 dumbo.py [line:219] run_bft INFO ACS Block Delay at Node 43: 14.829234600067139 
2023-03-09 02:36:49,705 dumbo.py [line:220] run_bft INFO Current Block's TPS at Node 43: 226.1748559824399 
2023-03-09 02:37:04,293 dumbo.py [line:217] run_bft INFO Node 43 Delivers ACS Block in Round 74 with having 3354 TXs 
2023-03-09 02:37:04,293 dumbo.py [line:219] run_bft INFO ACS Block Delay at Node 43: 14.588818311691284 
2023-03-09 02:37:04,294 dumbo.py [line:220] run_bft INFO Current Block's TPS at Node 43: 229.9021023047596 
2023-03-09 02:37:19,166 dumbo.py [line:217] run_bft INFO Node 43 Delivers ACS Block in Round 75 with having 3354 TXs 
2023-03-09 02:37:19,166 dumbo.py [line:219] run_bft INFO ACS Block Delay at Node 43: 14.872166156768799 
2023-03-09 02:37:19,166 dumbo.py [line:220] run_bft INFO Current Block's TPS at Node 43: 225.52195589029827 
2023-03-09 02:37:33,863 dumbo.py [line:217] run_bft INFO Node 43 Delivers ACS Block in Round 76 with having 3354 TXs 
2023-03-09 02:37:33,863 dumbo.py [line:219] run_bft INFO ACS Block Delay at Node 43: 14.69748854637146 
2023-03-09 02:37:33,863 dumbo.py [line:220] run_bft INFO Current Block's TPS at Node 43: 228.2022530188017 
2023-03-09 02:37:48,630 dumbo.py [line:217] run_bft INFO Node 43 Delivers ACS Block in Round 77 with having 3354 TXs 
2023-03-09 02:37:48,630 dumbo.py [line:219] run_bft INFO ACS Block Delay at Node 43: 14.766551733016968 
2023-03-09 02:37:48,630 dumbo.py [line:220] run_bft INFO Current Block's TPS at Node 43: 227.13495070759768 
2023-03-09 02:38:03,440 dumbo.py [line:217] run_bft INFO Node 43 Delivers ACS Block in Round 78 with having 3354 TXs 
2023-03-09 02:38:03,440 dumbo.py [line:219] run_bft INFO ACS Block Delay at Node 43: 14.809783458709717 
2023-03-09 02:38:03,440 dumbo.py [line:220] run_bft INFO Current Block's TPS at Node 43: 226.4719136070483 
2023-03-09 02:38:18,291 dumbo.py [line:217] run_bft INFO Node 43 Delivers ACS Block in Round 79 with having 3354 TXs 
2023-03-09 02:38:18,291 dumbo.py [line:219] run_bft INFO ACS Block Delay at Node 43: 14.851085186004639 
2023-03-09 02:38:18,291 dumbo.py [line:220] run_bft INFO Current Block's TPS at Node 43: 225.84208210998221 
2023-03-09 02:38:33,070 dumbo.py [line:217] run_bft INFO Node 43 Delivers ACS Block in Round 80 with having 3354 TXs 
2023-03-09 02:38:33,070 dumbo.py [line:219] run_bft INFO ACS Block Delay at Node 43: 14.778735876083374 
2023-03-09 02:38:33,070 dumbo.py [line:220] run_bft INFO Current Block's TPS at Node 43: 226.94769215192642 
2023-03-09 02:38:47,849 dumbo.py [line:217] run_bft INFO Node 43 Delivers ACS Block in Round 81 with having 3354 TXs 
2023-03-09 02:38:47,849 dumbo.py [line:219] run_bft INFO ACS Block Delay at Node 43: 14.778870105743408 
2023-03-09 02:38:47,849 dumbo.py [line:220] run_bft INFO Current Block's TPS at Node 43: 226.9456308907241 
2023-03-09 02:39:02,565 dumbo.py [line:217] run_bft INFO Node 43 Delivers ACS Block in Round 82 with having 3354 TXs 
2023-03-09 02:39:02,565 dumbo.py [line:219] run_bft INFO ACS Block Delay at Node 43: 14.716429948806763 
2023-03-09 02:39:02,565 dumbo.py [line:220] run_bft INFO Current Block's TPS at Node 43: 227.90853567525383 
2023-03-09 02:39:17,307 dumbo.py [line:217] run_bft INFO Node 43 Delivers ACS Block in Round 83 with having 3354 TXs 
2023-03-09 02:39:17,307 dumbo.py [line:219] run_bft INFO ACS Block Delay at Node 43: 14.741784572601318 
2023-03-09 02:39:17,307 dumbo.py [line:220] run_bft INFO Current Block's TPS at Node 43: 227.51655225200167 
2023-03-09 02:39:32,186 dumbo.py [line:217] run_bft INFO Node 43 Delivers ACS Block in Round 84 with having 3354 TXs 
2023-03-09 02:39:32,187 dumbo.py [line:219] run_bft INFO ACS Block Delay at Node 43: 14.879462957382202 
2023-03-09 02:39:32,187 dumbo.py [line:220] run_bft INFO Current Block's TPS at Node 43: 225.41136125722653 
2023-03-09 02:39:46,991 dumbo.py [line:217] run_bft INFO Node 43 Delivers ACS Block in Round 85 with having 3354 TXs 
2023-03-09 02:39:46,991 dumbo.py [line:219] run_bft INFO ACS Block Delay at Node 43: 14.804124355316162 
2023-03-09 02:39:46,991 dumbo.py [line:220] run_bft INFO Current Block's TPS at Node 43: 226.5584859664853 
2023-03-09 02:40:01,661 dumbo.py [line:217] run_bft INFO Node 43 Delivers ACS Block in Round 86 with having 3354 TXs 
2023-03-09 02:40:01,661 dumbo.py [line:219] run_bft INFO ACS Block Delay at Node 43: 14.670084476470947 
2023-03-09 02:40:01,661 dumbo.py [line:220] run_bft INFO Current Block's TPS at Node 43: 228.6285403045506 
2023-03-09 02:40:16,468 dumbo.py [line:217] run_bft INFO Node 43 Delivers ACS Block in Round 87 with having 3354 TXs 
2023-03-09 02:40:16,469 dumbo.py [line:219] run_bft INFO ACS Block Delay at Node 43: 14.807500839233398 
2023-03-09 02:40:16,469 dumbo.py [line:220] run_bft INFO Current Block's TPS at Node 43: 226.50682491358484 
2023-03-09 02:40:31,187 dumbo.py [line:217] run_bft INFO Node 43 Delivers ACS Block in Round 88 with having 3354 TXs 
2023-03-09 02:40:31,188 dumbo.py [line:219] run_bft INFO ACS Block Delay at Node 43: 14.719062328338623 
2023-03-09 02:40:31,188 dumbo.py [line:220] run_bft INFO Current Block's TPS at Node 43: 227.8677761655062 
2023-03-09 02:40:45,953 dumbo.py [line:217] run_bft INFO Node 43 Delivers ACS Block in Round 89 with having 3354 TXs 
2023-03-09 02:40:45,953 dumbo.py [line:219] run_bft INFO ACS Block Delay at Node 43: 14.765624046325684 
2023-03-09 02:40:45,953 dumbo.py [line:220] run_bft INFO Current Block's TPS at Node 43: 227.14922102019915 
2023-03-09 02:41:00,682 dumbo.py [line:217] run_bft INFO Node 43 Delivers ACS Block in Round 90 with having 3354 TXs 
2023-03-09 02:41:00,682 dumbo.py [line:219] run_bft INFO ACS Block Delay at Node 43: 14.728525876998901 
2023-03-09 02:41:00,682 dumbo.py [line:220] run_bft INFO Current Block's TPS at Node 43: 227.72136383572789 
2023-03-09 02:41:15,510 dumbo.py [line:217] run_bft INFO Node 43 Delivers ACS Block in Round 91 with having 3354 TXs 
2023-03-09 02:41:15,510 dumbo.py [line:219] run_bft INFO ACS Block Delay at Node 43: 14.828107118606567 
2023-03-09 02:41:15,510 dumbo.py [line:220] run_bft INFO Current Block's TPS at Node 43: 226.1920535893177 
2023-03-09 02:41:30,292 dumbo.py [line:217] run_bft INFO Node 43 Delivers ACS Block in Round 92 with having 3354 TXs 
2023-03-09 02:41:30,292 dumbo.py [line:219] run_bft INFO ACS Block Delay at Node 43: 14.782252311706543 
2023-03-09 02:41:30,293 dumbo.py [line:220] run_bft INFO Current Block's TPS at Node 43: 226.8937053214725 
2023-03-09 02:41:45,036 dumbo.py [line:217] run_bft INFO Node 43 Delivers ACS Block in Round 93 with having 3354 TXs 
2023-03-09 02:41:45,036 dumbo.py [line:219] run_bft INFO ACS Block Delay at Node 43: 14.74360990524292 
2023-03-09 02:41:45,036 dumbo.py [line:220] run_bft INFO Current Block's TPS at Node 43: 227.48838456498342 
2023-03-09 02:41:59,739 dumbo.py [line:217] run_bft INFO Node 43 Delivers ACS Block in Round 94 with having 3354 TXs 
2023-03-09 02:41:59,740 dumbo.py [line:219] run_bft INFO ACS Block Delay at Node 43: 14.703372955322266 
2023-03-09 02:41:59,740 dumbo.py [line:220] run_bft INFO Current Block's TPS at Node 43: 228.11092462875555 
2023-03-09 02:42:14,735 dumbo.py [line:217] run_bft INFO Node 43 Delivers ACS Block in Round 95 with having 3354 TXs 
2023-03-09 02:42:14,735 dumbo.py [line:219] run_bft INFO ACS Block Delay at Node 43: 14.995704889297485 
2023-03-09 02:42:14,735 dumbo.py [line:220] run_bft INFO Current Block's TPS at Node 43: 223.6640441219784 
2023-03-09 02:42:29,279 dumbo.py [line:217] run_bft INFO Node 43 Delivers ACS Block in Round 96 with having 3354 TXs 
2023-03-09 02:42:29,279 dumbo.py [line:219] run_bft INFO ACS Block Delay at Node 43: 14.543570280075073 
2023-03-09 02:42:29,279 dumbo.py [line:220] run_bft INFO Current Block's TPS at Node 43: 230.61737492306372 
2023-03-09 02:42:43,945 dumbo.py [line:217] run_bft INFO Node 43 Delivers ACS Block in Round 97 with having 3354 TXs 
2023-03-09 02:42:43,945 dumbo.py [line:219] run_bft INFO ACS Block Delay at Node 43: 14.6661696434021 
2023-03-09 02:42:43,945 dumbo.py [line:220] run_bft INFO Current Block's TPS at Node 43: 228.68956800243143 
2023-03-09 02:42:58,817 dumbo.py [line:217] run_bft INFO Node 43 Delivers ACS Block in Round 98 with having 3354 TXs 
2023-03-09 02:42:58,817 dumbo.py [line:219] run_bft INFO ACS Block Delay at Node 43: 14.871691226959229 
2023-03-09 02:42:58,817 dumbo.py [line:220] run_bft INFO Current Block's TPS at Node 43: 225.52915796959985 
2023-03-09 02:43:13,441 dumbo.py [line:217] run_bft INFO Node 43 Delivers ACS Block in Round 99 with having 3354 TXs 
2023-03-09 02:43:13,441 dumbo.py [line:219] run_bft INFO ACS Block Delay at Node 43: 14.623854875564575 
2023-03-09 02:43:13,441 dumbo.py [line:220] run_bft INFO Current Block's TPS at Node 43: 229.35129133456434 
2023-03-09 02:43:13,441 dumbo.py [line:241] run_bft INFO node 43 breaks in 1474.974515 seconds with total delivered Txs 335400 
