2023-03-09 02:05:00,495 dumbo_node.py [line:77] run INFO node 45's starts to run consensus on process id 2770723 
2023-03-09 02:05:00,496 dumbo_node.py [line:59] prepare_bootstrap INFO node id 45 is inserting dummy payload TXs 
2023-03-09 02:05:00,497 dumbo_node.py [line:68] prepare_bootstrap INFO node id 45 just inserts 50000 TXs 
2023-03-09 02:05:00,497 dumbo_node.py [line:68] prepare_bootstrap INFO node id 45 just inserts 50000 TXs 
2023-03-09 02:05:00,497 dumbo_node.py [line:68] prepare_bootstrap INFO node id 45 just inserts 50000 TXs 
2023-03-09 02:05:00,498 dumbo_node.py [line:68] prepare_bootstrap INFO node id 45 just inserts 50000 TXs 
2023-03-09 02:05:00,498 dumbo_node.py [line:68] prepare_bootstrap INFO node id 45 just inserts 50000 TXs 
2023-03-09 02:05:00,498 dumbo_node.py [line:68] prepare_bootstrap INFO node id 45 just inserts 50000 TXs 
2023-03-09 02:05:00,499 dumbo_node.py [line:68] prepare_bootstrap INFO node id 45 just inserts 50000 TXs 
2023-03-09 02:05:00,499 dumbo_node.py [line:68] prepare_bootstrap INFO node id 45 just inserts 50000 TXs 
2023-03-09 02:05:00,499 dumbo_node.py [line:68] prepare_bootstrap INFO node id 45 just inserts 50000 TXs 
2023-03-09 02:05:00,499 dumbo_node.py [line:68] prepare_bootstrap INFO node id 45 just inserts 50000 TXs 
2023-03-09 02:05:00,500 dumbo_node.py [line:68] prepare_bootstrap INFO node id 45 just inserts 50000 TXs 
2023-03-09 02:05:00,500 dumbo_node.py [line:68] prepare_bootstrap INFO node id 45 just inserts 50000 TXs 
2023-03-09 02:05:00,500 dumbo_node.py [line:68] prepare_bootstrap INFO node id 45 just inserts 50000 TXs 
2023-03-09 02:05:00,501 dumbo_node.py [line:68] prepare_bootstrap INFO node id 45 just inserts 50000 TXs 
2023-03-09 02:05:00,501 dumbo_node.py [line:68] prepare_bootstrap INFO node id 45 just inserts 50000 TXs 
2023-03-09 02:05:00,501 dumbo_node.py [line:68] prepare_bootstrap INFO node id 45 just inserts 50000 TXs 
2023-03-09 02:05:00,501 dumbo_node.py [line:68] prepare_bootstrap INFO node id 45 just inserts 50000 TXs 
2023-03-09 02:05:00,502 dumbo_node.py [line:68] prepare_bootstrap INFO node id 45 just inserts 50000 TXs 
2023-03-09 02:05:00,502 dumbo_node.py [line:68] prepare_bootstrap INFO node id 45 just inserts 50000 TXs 
2023-03-09 02:05:00,502 dumbo_node.py [line:68] prepare_bootstrap INFO node id 45 just inserts 50000 TXs 
2023-03-09 02:05:00,503 dumbo_node.py [line:68] prepare_bootstrap INFO node id 45 just inserts 50000 TXs 
2023-03-09 02:05:00,503 dumbo_node.py [line:68] prepare_bootstrap INFO node id 45 just inserts 50000 TXs 
2023-03-09 02:05:00,503 dumbo_node.py [line:68] prepare_bootstrap INFO node id 45 just inserts 50000 TXs 
2023-03-09 02:05:00,503 dumbo_node.py [line:68] prepare_bootstrap INFO node id 45 just inserts 50000 TXs 
2023-03-09 02:05:00,503 dumbo_node.py [line:68] prepare_bootstrap INFO node id 45 just inserts 50000 TXs 
2023-03-09 02:05:00,503 dumbo_node.py [line:68] prepare_bootstrap INFO node id 45 just inserts 50000 TXs 
2023-03-09 02:05:00,504 dumbo_node.py [line:68] prepare_bootstrap INFO node id 45 just inserts 50000 TXs 
2023-03-09 02:05:00,504 dumbo_node.py [line:68] prepare_bootstrap INFO node id 45 just inserts 50000 TXs 
2023-03-09 02:05:00,504 dumbo_node.py [line:68] prepare_bootstrap INFO node id 45 just inserts 50000 TXs 
2023-03-09 02:05:00,504 dumbo_node.py [line:68] prepare_bootstrap INFO node id 45 just inserts 50000 TXs 
2023-03-09 02:05:00,504 dumbo_node.py [line:68] prepare_bootstrap INFO node id 45 just inserts 50000 TXs 
2023-03-09 02:05:00,504 dumbo_node.py [line:68] prepare_bootstrap INFO node id 45 just inserts 50000 TXs 
2023-03-09 02:05:00,504 dumbo_node.py [line:68] prepare_bootstrap INFO node id 45 just inserts 50000 TXs 
2023-03-09 02:05:00,504 dumbo_node.py [line:68] prepare_bootstrap INFO node id 45 just inserts 50000 TXs 
2023-03-09 02:05:00,504 dumbo_node.py [line:68] prepare_bootstrap INFO node id 45 just inserts 50000 TXs 
2023-03-09 02:05:00,504 dumbo_node.py [line:68] prepare_bootstrap INFO node id 45 just inserts 50000 TXs 
2023-03-09 02:05:00,505 dumbo_node.py [line:68] prepare_bootstrap INFO node id 45 just inserts 50000 TXs 
2023-03-09 02:05:00,505 dumbo_node.py [line:68] prepare_bootstrap INFO node id 45 just inserts 50000 TXs 
2023-03-09 02:05:00,505 dumbo_node.py [line:68] prepare_bootstrap INFO node id 45 just inserts 50000 TXs 
2023-03-09 02:05:00,505 dumbo_node.py [line:68] prepare_bootstrap INFO node id 45 just inserts 50000 TXs 
2023-03-09 02:05:00,505 dumbo_node.py [line:68] prepare_bootstrap INFO node id 45 just inserts 50000 TXs 
2023-03-09 02:05:00,505 dumbo_node.py [line:68] prepare_bootstrap INFO node id 45 just inserts 50000 TXs 
2023-03-09 02:05:00,505 dumbo_node.py [line:68] prepare_bootstrap INFO node id 45 just inserts 50000 TXs 
2023-03-09 02:05:00,505 dumbo_node.py [line:68] prepare_bootstrap INFO node id 45 just inserts 50000 TXs 
2023-03-09 02:05:00,505 dumbo_node.py [line:68] prepare_bootstrap INFO node id 45 just inserts 50000 TXs 
2023-03-09 02:05:00,505 dumbo_node.py [line:68] prepare_bootstrap INFO node id 45 just inserts 50000 TXs 
2023-03-09 02:05:00,506 dumbo_node.py [line:68] prepare_bootstrap INFO node id 45 just inserts 50000 TXs 
2023-03-09 02:05:00,506 dumbo_node.py [line:68] prepare_bootstrap INFO node id 45 just inserts 50000 TXs 
2023-03-09 02:05:00,506 dumbo_node.py [line:68] prepare_bootstrap INFO node id 45 just inserts 50000 TXs 
2023-03-09 02:05:00,506 dumbo_node.py [line:68] prepare_bootstrap INFO node id 45 just inserts 50000 TXs 
2023-03-09 02:05:00,506 dumbo_node.py [line:68] prepare_bootstrap INFO node id 45 just inserts 50000 TXs 
2023-03-09 02:05:00,506 dumbo_node.py [line:68] prepare_bootstrap INFO node id 45 just inserts 50000 TXs 
2023-03-09 02:05:00,506 dumbo_node.py [line:68] prepare_bootstrap INFO node id 45 just inserts 50000 TXs 
2023-03-09 02:05:00,506 dumbo_node.py [line:68] prepare_bootstrap INFO node id 45 just inserts 50000 TXs 
2023-03-09 02:05:00,506 dumbo_node.py [line:68] prepare_bootstrap INFO node id 45 just inserts 50000 TXs 
2023-03-09 02:05:00,506 dumbo_node.py [line:68] prepare_bootstrap INFO node id 45 just inserts 50000 TXs 
2023-03-09 02:05:00,507 dumbo_node.py [line:68] prepare_bootstrap INFO node id 45 just inserts 50000 TXs 
2023-03-09 02:05:00,507 dumbo_node.py [line:68] prepare_bootstrap INFO node id 45 just inserts 50000 TXs 
2023-03-09 02:05:00,507 dumbo_node.py [line:68] prepare_bootstrap INFO node id 45 just inserts 50000 TXs 
2023-03-09 02:05:00,507 dumbo_node.py [line:68] prepare_bootstrap INFO node id 45 just inserts 50000 TXs 
2023-03-09 02:05:00,507 dumbo_node.py [line:68] prepare_bootstrap INFO node id 45 just inserts 50000 TXs 
2023-03-09 02:05:00,507 dumbo_node.py [line:68] prepare_bootstrap INFO node id 45 just inserts 50000 TXs 
2023-03-09 02:05:00,507 dumbo_node.py [line:68] prepare_bootstrap INFO node id 45 just inserts 50000 TXs 
2023-03-09 02:05:00,507 dumbo_node.py [line:68] prepare_bootstrap INFO node id 45 just inserts 50000 TXs 
2023-03-09 02:05:00,507 dumbo_node.py [line:68] prepare_bootstrap INFO node id 45 just inserts 50000 TXs 
2023-03-09 02:05:00,507 dumbo_node.py [line:68] prepare_bootstrap INFO node id 45 just inserts 50000 TXs 
2023-03-09 02:05:00,508 dumbo_node.py [line:68] prepare_bootstrap INFO node id 45 just inserts 50000 TXs 
2023-03-09 02:05:00,508 dumbo_node.py [line:68] prepare_bootstrap INFO node id 45 just inserts 50000 TXs 
2023-03-09 02:05:00,508 dumbo_node.py [line:68] prepare_bootstrap INFO node id 45 just inserts 50000 TXs 
2023-03-09 02:05:00,508 dumbo_node.py [line:68] prepare_bootstrap INFO node id 45 just inserts 50000 TXs 
2023-03-09 02:05:00,508 dumbo_node.py [line:68] prepare_bootstrap INFO node id 45 just inserts 50000 TXs 
2023-03-09 02:05:00,508 dumbo_node.py [line:68] prepare_bootstrap INFO node id 45 just inserts 50000 TXs 
2023-03-09 02:05:00,508 dumbo_node.py [line:68] prepare_bootstrap INFO node id 45 just inserts 50000 TXs 
2023-03-09 02:05:00,508 dumbo_node.py [line:68] prepare_bootstrap INFO node id 45 just inserts 50000 TXs 
2023-03-09 02:05:00,508 dumbo_node.py [line:68] prepare_bootstrap INFO node id 45 just inserts 50000 TXs 
2023-03-09 02:05:00,508 dumbo_node.py [line:68] prepare_bootstrap INFO node id 45 just inserts 50000 TXs 
2023-03-09 02:05:00,509 dumbo_node.py [line:68] prepare_bootstrap INFO node id 45 just inserts 50000 TXs 
2023-03-09 02:05:00,509 dumbo_node.py [line:68] prepare_bootstrap INFO node id 45 just inserts 50000 TXs 
2023-03-09 02:05:00,509 dumbo_node.py [line:68] prepare_bootstrap INFO node id 45 just inserts 50000 TXs 
2023-03-09 02:05:00,509 dumbo_node.py [line:68] prepare_bootstrap INFO node id 45 just inserts 50000 TXs 
2023-03-09 02:05:00,509 dumbo_node.py [line:68] prepare_bootstrap INFO node id 45 just inserts 50000 TXs 
2023-03-09 02:05:00,509 dumbo_node.py [line:68] prepare_bootstrap INFO node id 45 just inserts 50000 TXs 
2023-03-09 02:05:00,509 dumbo_node.py [line:68] prepare_bootstrap INFO node id 45 just inserts 50000 TXs 
2023-03-09 02:05:00,509 dumbo_node.py [line:68] prepare_bootstrap INFO node id 45 just inserts 50000 TXs 
2023-03-09 02:05:00,509 dumbo_node.py [line:68] prepare_bootstrap INFO node id 45 just inserts 50000 TXs 
2023-03-09 02:05:00,509 dumbo_node.py [line:68] prepare_bootstrap INFO node id 45 just inserts 50000 TXs 
2023-03-09 02:05:00,509 dumbo_node.py [line:68] prepare_bootstrap INFO node id 45 just inserts 50000 TXs 
2023-03-09 02:05:00,510 dumbo_node.py [line:68] prepare_bootstrap INFO node id 45 just inserts 50000 TXs 
2023-03-09 02:05:00,510 dumbo_node.py [line:68] prepare_bootstrap INFO node id 45 just inserts 50000 TXs 
2023-03-09 02:05:00,510 dumbo_node.py [line:68] prepare_bootstrap INFO node id 45 just inserts 50000 TXs 
2023-03-09 02:05:00,510 dumbo_node.py [line:68] prepare_bootstrap INFO node id 45 just inserts 50000 TXs 
2023-03-09 02:05:00,510 dumbo_node.py [line:68] prepare_bootstrap INFO node id 45 just inserts 50000 TXs 
2023-03-09 02:05:00,510 dumbo_node.py [line:68] prepare_bootstrap INFO node id 45 just inserts 50000 TXs 
2023-03-09 02:05:00,510 dumbo_node.py [line:68] prepare_bootstrap INFO node id 45 just inserts 50000 TXs 
2023-03-09 02:05:00,510 dumbo_node.py [line:68] prepare_bootstrap INFO node id 45 just inserts 50000 TXs 
2023-03-09 02:05:00,510 dumbo_node.py [line:68] prepare_bootstrap INFO node id 45 just inserts 50000 TXs 
2023-03-09 02:05:00,510 dumbo_node.py [line:68] prepare_bootstrap INFO node id 45 just inserts 50000 TXs 
2023-03-09 02:05:00,511 dumbo_node.py [line:68] prepare_bootstrap INFO node id 45 just inserts 50000 TXs 
2023-03-09 02:05:00,511 dumbo_node.py [line:68] prepare_bootstrap INFO node id 45 just inserts 50000 TXs 
2023-03-09 02:05:00,511 dumbo_node.py [line:68] prepare_bootstrap INFO node id 45 just inserts 50000 TXs 
2023-03-09 02:05:00,511 dumbo_node.py [line:72] prepare_bootstrap INFO node id 45 completed the loading of dummy TXs 
2023-03-09 02:05:00,511 dumbo.py [line:179] run_bft INFO Node 45 starts to run at time:1678327500.5114644 
2023-03-09 02:05:08,035 dumbo.py [line:217] run_bft INFO Node 45 Delivers ACS Block in Round 0 with having 3366 TXs 
2023-03-09 02:05:08,035 dumbo.py [line:219] run_bft INFO ACS Block Delay at Node 45: 7.524312734603882 
2023-03-09 02:05:08,035 dumbo.py [line:220] run_bft INFO Current Block's TPS at Node 45: 447.34982698419213 
2023-03-09 02:05:15,496 dumbo.py [line:217] run_bft INFO Node 45 Delivers ACS Block in Round 1 with having 3366 TXs 
2023-03-09 02:05:15,497 dumbo.py [line:219] run_bft INFO ACS Block Delay at Node 45: 7.461200952529907 
2023-03-09 02:05:15,497 dumbo.py [line:220] run_bft INFO Current Block's TPS at Node 45: 451.1338082723363 
2023-03-09 02:05:22,835 dumbo.py [line:217] run_bft INFO Node 45 Delivers ACS Block in Round 2 with having 3366 TXs 
2023-03-09 02:05:22,835 dumbo.py [line:219] run_bft INFO ACS Block Delay at Node 45: 7.338743209838867 
2023-03-09 02:05:22,835 dumbo.py [line:220] run_bft INFO Current Block's TPS at Node 45: 458.6616405227654 
2023-03-09 02:05:30,388 dumbo.py [line:217] run_bft INFO Node 45 Delivers ACS Block in Round 3 with having 3366 TXs 
2023-03-09 02:05:30,388 dumbo.py [line:219] run_bft INFO ACS Block Delay at Node 45: 7.552310228347778 
2023-03-09 02:05:30,388 dumbo.py [line:220] run_bft INFO Current Block's TPS at Node 45: 445.6914372195196 
2023-03-09 02:05:37,705 dumbo.py [line:217] run_bft INFO Node 45 Delivers ACS Block in Round 4 with having 3366 TXs 
2023-03-09 02:05:37,706 dumbo.py [line:219] run_bft INFO ACS Block Delay at Node 45: 7.317683458328247 
2023-03-09 02:05:37,706 dumbo.py [line:220] run_bft INFO Current Block's TPS at Node 45: 459.9816347848661 
2023-03-09 02:05:45,092 dumbo.py [line:217] run_bft INFO Node 45 Delivers ACS Block in Round 5 with having 3366 TXs 
2023-03-09 02:05:45,092 dumbo.py [line:219] run_bft INFO ACS Block Delay at Node 45: 7.386507272720337 
2023-03-09 02:05:45,092 dumbo.py [line:220] run_bft INFO Current Block's TPS at Node 45: 455.69575385530675 
2023-03-09 02:05:52,537 dumbo.py [line:217] run_bft INFO Node 45 Delivers ACS Block in Round 6 with having 3366 TXs 
2023-03-09 02:05:52,537 dumbo.py [line:219] run_bft INFO ACS Block Delay at Node 45: 7.444622993469238 
2023-03-09 02:05:52,537 dumbo.py [line:220] run_bft INFO Current Block's TPS at Node 45: 452.13840955449433 
2023-03-09 02:05:59,855 dumbo.py [line:217] run_bft INFO Node 45 Delivers ACS Block in Round 7 with having 3366 TXs 
2023-03-09 02:05:59,855 dumbo.py [line:219] run_bft INFO ACS Block Delay at Node 45: 7.318247318267822 
2023-03-09 02:05:59,855 dumbo.py [line:220] run_bft INFO Current Block's TPS at Node 45: 459.9461938923251 
2023-03-09 02:06:07,304 dumbo.py [line:217] run_bft INFO Node 45 Delivers ACS Block in Round 8 with having 3366 TXs 
2023-03-09 02:06:07,305 dumbo.py [line:219] run_bft INFO ACS Block Delay at Node 45: 7.449327230453491 
2023-03-09 02:06:07,305 dumbo.py [line:220] run_bft INFO Current Block's TPS at Node 45: 451.8528849477174 
2023-03-09 02:06:14,810 dumbo.py [line:217] run_bft INFO Node 45 Delivers ACS Block in Round 9 with having 3366 TXs 
2023-03-09 02:06:14,810 dumbo.py [line:219] run_bft INFO ACS Block Delay at Node 45: 7.5055718421936035 
2023-03-09 02:06:14,810 dumbo.py [line:220] run_bft INFO Current Block's TPS at Node 45: 448.4668284803522 
2023-03-09 02:06:22,249 dumbo.py [line:217] run_bft INFO Node 45 Delivers ACS Block in Round 10 with having 3366 TXs 
2023-03-09 02:06:22,249 dumbo.py [line:219] run_bft INFO ACS Block Delay at Node 45: 7.438650846481323 
2023-03-09 02:06:22,249 dumbo.py [line:220] run_bft INFO Current Block's TPS at Node 45: 452.50141046641625 
2023-03-09 02:06:29,540 dumbo.py [line:217] run_bft INFO Node 45 Delivers ACS Block in Round 11 with having 3366 TXs 
2023-03-09 02:06:29,540 dumbo.py [line:219] run_bft INFO ACS Block Delay at Node 45: 7.291124105453491 
2023-03-09 02:06:29,540 dumbo.py [line:220] run_bft INFO Current Block's TPS at Node 45: 461.6572083147448 
2023-03-09 02:06:36,876 dumbo.py [line:217] run_bft INFO Node 45 Delivers ACS Block in Round 12 with having 3366 TXs 
2023-03-09 02:06:36,876 dumbo.py [line:219] run_bft INFO ACS Block Delay at Node 45: 7.336186408996582 
2023-03-09 02:06:36,876 dumbo.py [line:220] run_bft INFO Current Block's TPS at Node 45: 458.8214928497693 
2023-03-09 02:06:44,220 dumbo.py [line:217] run_bft INFO Node 45 Delivers ACS Block in Round 13 with having 3366 TXs 
2023-03-09 02:06:44,220 dumbo.py [line:219] run_bft INFO ACS Block Delay at Node 45: 7.343386650085449 
2023-03-09 02:06:44,220 dumbo.py [line:220] run_bft INFO Current Block's TPS at Node 45: 458.37161522209 
2023-03-09 02:06:51,633 dumbo.py [line:217] run_bft INFO Node 45 Delivers ACS Block in Round 14 with having 3366 TXs 
2023-03-09 02:06:51,633 dumbo.py [line:219] run_bft INFO ACS Block Delay at Node 45: 7.412736415863037 
2023-03-09 02:06:51,633 dumbo.py [line:220] run_bft INFO Current Block's TPS at Node 45: 454.0833251263136 
2023-03-09 02:06:59,133 dumbo.py [line:217] run_bft INFO Node 45 Delivers ACS Block in Round 15 with having 3366 TXs 
2023-03-09 02:06:59,134 dumbo.py [line:219] run_bft INFO ACS Block Delay at Node 45: 7.501008749008179 
2023-03-09 02:06:59,134 dumbo.py [line:220] run_bft INFO Current Block's TPS at Node 45: 448.739644577147 
2023-03-09 02:07:06,502 dumbo.py [line:217] run_bft INFO Node 45 Delivers ACS Block in Round 16 with having 3366 TXs 
2023-03-09 02:07:06,502 dumbo.py [line:219] run_bft INFO ACS Block Delay at Node 45: 7.368387222290039 
2023-03-09 02:07:06,502 dumbo.py [line:220] run_bft INFO Current Block's TPS at Node 45: 456.8163830773639 
2023-03-09 02:07:13,968 dumbo.py [line:217] run_bft INFO Node 45 Delivers ACS Block in Round 17 with having 3366 TXs 
2023-03-09 02:07:13,968 dumbo.py [line:219] run_bft INFO ACS Block Delay at Node 45: 7.465782403945923 
2023-03-09 02:07:13,968 dumbo.py [line:220] run_bft INFO Current Block's TPS at Node 45: 450.8569655366534 
2023-03-09 02:07:21,314 dumbo.py [line:217] run_bft INFO Node 45 Delivers ACS Block in Round 18 with having 3366 TXs 
2023-03-09 02:07:21,314 dumbo.py [line:219] run_bft INFO ACS Block Delay at Node 45: 7.34563136100769 
2023-03-09 02:07:21,314 dumbo.py [line:220] run_bft INFO Current Block's TPS at Node 45: 458.2315439714966 
2023-03-09 02:07:28,712 dumbo.py [line:217] run_bft INFO Node 45 Delivers ACS Block in Round 19 with having 3366 TXs 
2023-03-09 02:07:28,712 dumbo.py [line:219] run_bft INFO ACS Block Delay at Node 45: 7.398602724075317 
2023-03-09 02:07:28,712 dumbo.py [line:220] run_bft INFO Current Block's TPS at Node 45: 454.9507691563051 
2023-03-09 02:07:36,120 dumbo.py [line:217] run_bft INFO Node 45 Delivers ACS Block in Round 20 with having 3366 TXs 
2023-03-09 02:07:36,120 dumbo.py [line:219] run_bft INFO ACS Block Delay at Node 45: 7.408036708831787 
2023-03-09 02:07:36,121 dumbo.py [line:220] run_bft INFO Current Block's TPS at Node 45: 454.3713985632777 
2023-03-09 02:07:43,450 dumbo.py [line:217] run_bft INFO Node 45 Delivers ACS Block in Round 21 with having 3366 TXs 
2023-03-09 02:07:43,450 dumbo.py [line:219] run_bft INFO ACS Block Delay at Node 45: 7.329758644104004 
2023-03-09 02:07:43,450 dumbo.py [line:220] run_bft INFO Current Block's TPS at Node 45: 459.2238521670263 
2023-03-09 02:07:50,907 dumbo.py [line:217] run_bft INFO Node 45 Delivers ACS Block in Round 22 with having 3366 TXs 
2023-03-09 02:07:50,907 dumbo.py [line:219] run_bft INFO ACS Block Delay at Node 45: 7.456622362136841 
2023-03-09 02:07:50,907 dumbo.py [line:220] run_bft INFO Current Block's TPS at Node 45: 451.410817998755 
2023-03-09 02:07:58,389 dumbo.py [line:217] run_bft INFO Node 45 Delivers ACS Block in Round 23 with having 3366 TXs 
2023-03-09 02:07:58,389 dumbo.py [line:219] run_bft INFO ACS Block Delay at Node 45: 7.482062816619873 
2023-03-09 02:07:58,389 dumbo.py [line:220] run_bft INFO Current Block's TPS at Node 45: 449.87593428420826 
2023-03-09 02:08:05,744 dumbo.py [line:217] run_bft INFO Node 45 Delivers ACS Block in Round 24 with having 3366 TXs 
2023-03-09 02:08:05,745 dumbo.py [line:219] run_bft INFO ACS Block Delay at Node 45: 7.355473041534424 
2023-03-09 02:08:05,745 dumbo.py [line:220] run_bft INFO Current Block's TPS at Node 45: 457.61842657747263 
2023-03-09 02:08:13,192 dumbo.py [line:217] run_bft INFO Node 45 Delivers ACS Block in Round 25 with having 3366 TXs 
2023-03-09 02:08:13,192 dumbo.py [line:219] run_bft INFO ACS Block Delay at Node 45: 7.4476189613342285 
2023-03-09 02:08:13,192 dumbo.py [line:220] run_bft INFO Current Block's TPS at Node 45: 451.9565269752988 
2023-03-09 02:08:20,560 dumbo.py [line:217] run_bft INFO Node 45 Delivers ACS Block in Round 26 with having 3366 TXs 
2023-03-09 02:08:20,560 dumbo.py [line:219] run_bft INFO ACS Block Delay at Node 45: 7.367854595184326 
2023-03-09 02:08:20,560 dumbo.py [line:220] run_bft INFO Current Block's TPS at Node 45: 456.8494066373185 
2023-03-09 02:08:27,969 dumbo.py [line:217] run_bft INFO Node 45 Delivers ACS Block in Round 27 with having 3366 TXs 
2023-03-09 02:08:27,969 dumbo.py [line:219] run_bft INFO ACS Block Delay at Node 45: 7.409011602401733 
2023-03-09 02:08:27,969 dumbo.py [line:220] run_bft INFO Current Block's TPS at Node 45: 454.3116114042613 
2023-03-09 02:08:35,411 dumbo.py [line:217] run_bft INFO Node 45 Delivers ACS Block in Round 28 with having 3366 TXs 
2023-03-09 02:08:35,411 dumbo.py [line:219] run_bft INFO ACS Block Delay at Node 45: 7.441370964050293 
2023-03-09 02:08:35,411 dumbo.py [line:220] run_bft INFO Current Block's TPS at Node 45: 452.33600317217713 
2023-03-09 02:08:42,821 dumbo.py [line:217] run_bft INFO Node 45 Delivers ACS Block in Round 29 with having 3366 TXs 
2023-03-09 02:08:42,821 dumbo.py [line:219] run_bft INFO ACS Block Delay at Node 45: 7.410018444061279 
2023-03-09 02:08:42,821 dumbo.py [line:220] run_bft INFO Current Block's TPS at Node 45: 454.2498814827733 
2023-03-09 02:08:50,155 dumbo.py [line:217] run_bft INFO Node 45 Delivers ACS Block in Round 30 with having 3366 TXs 
2023-03-09 02:08:50,156 dumbo.py [line:219] run_bft INFO ACS Block Delay at Node 45: 7.334731817245483 
2023-03-09 02:08:50,156 dumbo.py [line:220] run_bft INFO Current Block's TPS at Node 45: 458.91248431003737 
2023-03-09 02:08:57,603 dumbo.py [line:217] run_bft INFO Node 45 Delivers ACS Block in Round 31 with having 3366 TXs 
2023-03-09 02:08:57,603 dumbo.py [line:219] run_bft INFO ACS Block Delay at Node 45: 7.447122812271118 
2023-03-09 02:08:57,603 dumbo.py [line:220] run_bft INFO Current Block's TPS at Node 45: 451.9866376385815 
2023-03-09 02:09:04,952 dumbo.py [line:217] run_bft INFO Node 45 Delivers ACS Block in Round 32 with having 3366 TXs 
2023-03-09 02:09:04,952 dumbo.py [line:219] run_bft INFO ACS Block Delay at Node 45: 7.349298000335693 
2023-03-09 02:09:04,952 dumbo.py [line:220] run_bft INFO Current Block's TPS at Node 45: 458.00292760563684 
2023-03-09 02:09:12,398 dumbo.py [line:217] run_bft INFO Node 45 Delivers ACS Block in Round 33 with having 3366 TXs 
2023-03-09 02:09:12,398 dumbo.py [line:219] run_bft INFO ACS Block Delay at Node 45: 7.445937633514404 
2023-03-09 02:09:12,398 dumbo.py [line:220] run_bft INFO Current Block's TPS at Node 45: 452.0585808897359 
2023-03-09 02:09:19,806 dumbo.py [line:217] run_bft INFO Node 45 Delivers ACS Block in Round 34 with having 3366 TXs 
2023-03-09 02:09:19,806 dumbo.py [line:219] run_bft INFO ACS Block Delay at Node 45: 7.407947063446045 
2023-03-09 02:09:19,806 dumbo.py [line:220] run_bft INFO Current Block's TPS at Node 45: 454.37689702310007 
2023-03-09 02:09:27,195 dumbo.py [line:217] run_bft INFO Node 45 Delivers ACS Block in Round 35 with having 3366 TXs 
2023-03-09 02:09:27,195 dumbo.py [line:219] run_bft INFO ACS Block Delay at Node 45: 7.388370990753174 
2023-03-09 02:09:27,195 dumbo.py [line:220] run_bft INFO Current Block's TPS at Node 45: 455.58080451193865 
2023-03-09 02:09:34,651 dumbo.py [line:217] run_bft INFO Node 45 Delivers ACS Block in Round 36 with having 3366 TXs 
2023-03-09 02:09:34,651 dumbo.py [line:219] run_bft INFO ACS Block Delay at Node 45: 7.45641016960144 
2023-03-09 02:09:34,651 dumbo.py [line:220] run_bft INFO Current Block's TPS at Node 45: 451.4236641276293 
2023-03-09 02:09:42,059 dumbo.py [line:217] run_bft INFO Node 45 Delivers ACS Block in Round 37 with having 3366 TXs 
2023-03-09 02:09:42,059 dumbo.py [line:219] run_bft INFO ACS Block Delay at Node 45: 7.407668828964233 
2023-03-09 02:09:42,059 dumbo.py [line:220] run_bft INFO Current Block's TPS at Node 45: 454.39396356905524 
2023-03-09 02:09:49,353 dumbo.py [line:217] run_bft INFO Node 45 Delivers ACS Block in Round 38 with having 3366 TXs 
2023-03-09 02:09:49,353 dumbo.py [line:219] run_bft INFO ACS Block Delay at Node 45: 7.294264554977417 
2023-03-09 02:09:49,353 dumbo.py [line:220] run_bft INFO Current Block's TPS at Node 45: 461.4584478846642 
2023-03-09 02:09:56,685 dumbo.py [line:217] run_bft INFO Node 45 Delivers ACS Block in Round 39 with having 3366 TXs 
2023-03-09 02:09:56,686 dumbo.py [line:219] run_bft INFO ACS Block Delay at Node 45: 7.332245349884033 
2023-03-09 02:09:56,686 dumbo.py [line:220] run_bft INFO Current Block's TPS at Node 45: 459.0681079777611 
2023-03-09 02:10:04,178 dumbo.py [line:217] run_bft INFO Node 45 Delivers ACS Block in Round 40 with having 3366 TXs 
2023-03-09 02:10:04,178 dumbo.py [line:219] run_bft INFO ACS Block Delay at Node 45: 7.49207067489624 
2023-03-09 02:10:04,178 dumbo.py [line:220] run_bft INFO Current Block's TPS at Node 45: 449.27499299739543 
2023-03-09 02:10:11,401 dumbo.py [line:217] run_bft INFO Node 45 Delivers ACS Block in Round 41 with having 3366 TXs 
2023-03-09 02:10:11,401 dumbo.py [line:219] run_bft INFO ACS Block Delay at Node 45: 7.223458290100098 
2023-03-09 02:10:11,401 dumbo.py [line:220] run_bft INFO Current Block's TPS at Node 45: 465.9817866759436 
2023-03-09 02:10:18,542 dumbo.py [line:217] run_bft INFO Node 45 Delivers ACS Block in Round 42 with having 3366 TXs 
2023-03-09 02:10:18,542 dumbo.py [line:219] run_bft INFO ACS Block Delay at Node 45: 7.140706539154053 
2023-03-09 02:10:18,542 dumbo.py [line:220] run_bft INFO Current Block's TPS at Node 45: 471.38192580012736 
2023-03-09 02:10:26,120 dumbo.py [line:217] run_bft INFO Node 45 Delivers ACS Block in Round 43 with having 3366 TXs 
2023-03-09 02:10:26,121 dumbo.py [line:219] run_bft INFO ACS Block Delay at Node 45: 7.578474760055542 
2023-03-09 02:10:26,121 dumbo.py [line:220] run_bft INFO Current Block's TPS at Node 45: 444.15269649526823 
2023-03-09 02:10:33,490 dumbo.py [line:217] run_bft INFO Node 45 Delivers ACS Block in Round 44 with having 3366 TXs 
2023-03-09 02:10:33,490 dumbo.py [line:219] run_bft INFO ACS Block Delay at Node 45: 7.369753360748291 
2023-03-09 02:10:33,490 dumbo.py [line:220] run_bft INFO Current Block's TPS at Node 45: 456.7317025733181 
2023-03-09 02:10:40,736 dumbo.py [line:217] run_bft INFO Node 45 Delivers ACS Block in Round 45 with having 3366 TXs 
2023-03-09 02:10:40,736 dumbo.py [line:219] run_bft INFO ACS Block Delay at Node 45: 7.246011018753052 
2023-03-09 02:10:40,737 dumbo.py [line:220] run_bft INFO Current Block's TPS at Node 45: 464.5314492744515 
2023-03-09 02:10:47,942 dumbo.py [line:217] run_bft INFO Node 45 Delivers ACS Block in Round 46 with having 3366 TXs 
2023-03-09 02:10:47,942 dumbo.py [line:219] run_bft INFO ACS Block Delay at Node 45: 7.205906629562378 
2023-03-09 02:10:47,943 dumbo.py [line:220] run_bft INFO Current Block's TPS at Node 45: 467.11679363023063 
2023-03-09 02:10:55,260 dumbo.py [line:217] run_bft INFO Node 45 Delivers ACS Block in Round 47 with having 3366 TXs 
2023-03-09 02:10:55,260 dumbo.py [line:219] run_bft INFO ACS Block Delay at Node 45: 7.317659616470337 
2023-03-09 02:10:55,260 dumbo.py [line:220] run_bft INFO Current Block's TPS at Node 45: 459.98313346304366 
2023-03-09 02:11:02,680 dumbo.py [line:217] run_bft INFO Node 45 Delivers ACS Block in Round 48 with having 3366 TXs 
2023-03-09 02:11:02,680 dumbo.py [line:219] run_bft INFO ACS Block Delay at Node 45: 7.419957399368286 
2023-03-09 02:11:02,680 dumbo.py [line:220] run_bft INFO Current Block's TPS at Node 45: 453.64141851900274 
2023-03-09 02:11:09,982 dumbo.py [line:217] run_bft INFO Node 45 Delivers ACS Block in Round 49 with having 3366 TXs 
2023-03-09 02:11:09,982 dumbo.py [line:219] run_bft INFO ACS Block Delay at Node 45: 7.30192232131958 
2023-03-09 02:11:09,982 dumbo.py [line:220] run_bft INFO Current Block's TPS at Node 45: 460.97450121760636 
2023-03-09 02:11:17,370 dumbo.py [line:217] run_bft INFO Node 45 Delivers ACS Block in Round 50 with having 3366 TXs 
2023-03-09 02:11:17,371 dumbo.py [line:219] run_bft INFO ACS Block Delay at Node 45: 7.388333559036255 
2023-03-09 02:11:17,371 dumbo.py [line:220] run_bft INFO Current Block's TPS at Node 45: 455.58311263346184 
2023-03-09 02:11:24,810 dumbo.py [line:217] run_bft INFO Node 45 Delivers ACS Block in Round 51 with having 3366 TXs 
2023-03-09 02:11:24,810 dumbo.py [line:219] run_bft INFO ACS Block Delay at Node 45: 7.439788341522217 
2023-03-09 02:11:24,811 dumbo.py [line:220] run_bft INFO Current Block's TPS at Node 45: 452.4322259564847 
2023-03-09 02:11:32,178 dumbo.py [line:217] run_bft INFO Node 45 Delivers ACS Block in Round 52 with having 3366 TXs 
2023-03-09 02:11:32,178 dumbo.py [line:219] run_bft INFO ACS Block Delay at Node 45: 7.3677754402160645 
2023-03-09 02:11:32,178 dumbo.py [line:220] run_bft INFO Current Block's TPS at Node 45: 456.8543147538289 
2023-03-09 02:11:39,545 dumbo.py [line:217] run_bft INFO Node 45 Delivers ACS Block in Round 53 with having 3366 TXs 
2023-03-09 02:11:39,545 dumbo.py [line:219] run_bft INFO ACS Block Delay at Node 45: 7.366754770278931 
2023-03-09 02:11:39,545 dumbo.py [line:220] run_bft INFO Current Block's TPS at Node 45: 456.91761229518323 
2023-03-09 02:11:46,977 dumbo.py [line:217] run_bft INFO Node 45 Delivers ACS Block in Round 54 with having 3366 TXs 
2023-03-09 02:11:46,978 dumbo.py [line:219] run_bft INFO ACS Block Delay at Node 45: 7.4324400424957275 
2023-03-09 02:11:46,978 dumbo.py [line:220] run_bft INFO Current Block's TPS at Node 45: 452.8795362969031 
2023-03-09 02:11:54,312 dumbo.py [line:217] run_bft INFO Node 45 Delivers ACS Block in Round 55 with having 3366 TXs 
2023-03-09 02:11:54,313 dumbo.py [line:219] run_bft INFO ACS Block Delay at Node 45: 7.3349268436431885 
2023-03-09 02:11:54,313 dumbo.py [line:220] run_bft INFO Current Block's TPS at Node 45: 458.9002824093798 
2023-03-09 02:12:01,771 dumbo.py [line:217] run_bft INFO Node 45 Delivers ACS Block in Round 56 with having 3366 TXs 
2023-03-09 02:12:01,771 dumbo.py [line:219] run_bft INFO ACS Block Delay at Node 45: 7.458471298217773 
2023-03-09 02:12:01,771 dumbo.py [line:220] run_bft INFO Current Block's TPS at Node 45: 451.2989144041242 
2023-03-09 02:12:09,190 dumbo.py [line:217] run_bft INFO Node 45 Delivers ACS Block in Round 57 with having 3366 TXs 
2023-03-09 02:12:09,190 dumbo.py [line:219] run_bft INFO ACS Block Delay at Node 45: 7.418728351593018 
2023-03-09 02:12:09,190 dumbo.py [line:220] run_bft INFO Current Block's TPS at Node 45: 453.7165725008952 
2023-03-09 02:12:16,521 dumbo.py [line:217] run_bft INFO Node 45 Delivers ACS Block in Round 58 with having 3366 TXs 
2023-03-09 02:12:16,521 dumbo.py [line:219] run_bft INFO ACS Block Delay at Node 45: 7.330536603927612 
2023-03-09 02:12:16,521 dumbo.py [line:220] run_bft INFO Current Block's TPS at Node 45: 459.17511662059474 
2023-03-09 02:12:23,994 dumbo.py [line:217] run_bft INFO Node 45 Delivers ACS Block in Round 59 with having 3366 TXs 
2023-03-09 02:12:23,994 dumbo.py [line:219] run_bft INFO ACS Block Delay at Node 45: 7.473727464675903 
2023-03-09 02:12:23,994 dumbo.py [line:220] run_bft INFO Current Block's TPS at Node 45: 450.37767511716004 
2023-03-09 02:12:31,347 dumbo.py [line:217] run_bft INFO Node 45 Delivers ACS Block in Round 60 with having 3366 TXs 
2023-03-09 02:12:31,347 dumbo.py [line:219] run_bft INFO ACS Block Delay at Node 45: 7.352581977844238 
2023-03-09 02:12:31,347 dumbo.py [line:220] run_bft INFO Current Block's TPS at Node 45: 457.798363913911 
2023-03-09 02:12:38,815 dumbo.py [line:217] run_bft INFO Node 45 Delivers ACS Block in Round 61 with having 3366 TXs 
2023-03-09 02:12:38,815 dumbo.py [line:219] run_bft INFO ACS Block Delay at Node 45: 7.468280076980591 
2023-03-09 02:12:38,816 dumbo.py [line:220] run_bft INFO Current Block's TPS at Node 45: 450.7061820532133 
2023-03-09 02:12:46,163 dumbo.py [line:217] run_bft INFO Node 45 Delivers ACS Block in Round 62 with having 3366 TXs 
2023-03-09 02:12:46,163 dumbo.py [line:219] run_bft INFO ACS Block Delay at Node 45: 7.347643852233887 
2023-03-09 02:12:46,163 dumbo.py [line:220] run_bft INFO Current Block's TPS at Node 45: 458.10603612430714 
2023-03-09 02:12:53,663 dumbo.py [line:217] run_bft INFO Node 45 Delivers ACS Block in Round 63 with having 3366 TXs 
2023-03-09 02:12:53,663 dumbo.py [line:219] run_bft INFO ACS Block Delay at Node 45: 7.499811172485352 
2023-03-09 02:12:53,663 dumbo.py [line:220] run_bft INFO Current Block's TPS at Node 45: 448.8112997229697 
2023-03-09 02:13:01,020 dumbo.py [line:217] run_bft INFO Node 45 Delivers ACS Block in Round 64 with having 3366 TXs 
2023-03-09 02:13:01,020 dumbo.py [line:219] run_bft INFO ACS Block Delay at Node 45: 7.356836557388306 
2023-03-09 02:13:01,020 dumbo.py [line:220] run_bft INFO Current Block's TPS at Node 45: 457.5336115928254 
2023-03-09 02:13:08,493 dumbo.py [line:217] run_bft INFO Node 45 Delivers ACS Block in Round 65 with having 3366 TXs 
2023-03-09 02:13:08,493 dumbo.py [line:219] run_bft INFO ACS Block Delay at Node 45: 7.472642660140991 
2023-03-09 02:13:08,493 dumbo.py [line:220] run_bft INFO Current Block's TPS at Node 45: 450.4430565045233 
2023-03-09 02:13:15,880 dumbo.py [line:217] run_bft INFO Node 45 Delivers ACS Block in Round 66 with having 3366 TXs 
2023-03-09 02:13:15,880 dumbo.py [line:219] run_bft INFO ACS Block Delay at Node 45: 7.387292385101318 
2023-03-09 02:13:15,880 dumbo.py [line:220] run_bft INFO Current Block's TPS at Node 45: 455.64732306907797 
2023-03-09 02:13:23,233 dumbo.py [line:217] run_bft INFO Node 45 Delivers ACS Block in Round 67 with having 3366 TXs 
2023-03-09 02:13:23,233 dumbo.py [line:219] run_bft INFO ACS Block Delay at Node 45: 7.352522134780884 
2023-03-09 02:13:23,233 dumbo.py [line:220] run_bft INFO Current Block's TPS at Node 45: 457.8020899899422 
2023-03-09 02:13:30,686 dumbo.py [line:217] run_bft INFO Node 45 Delivers ACS Block in Round 68 with having 3366 TXs 
2023-03-09 02:13:30,687 dumbo.py [line:219] run_bft INFO ACS Block Delay at Node 45: 7.453828811645508 
2023-03-09 02:13:30,687 dumbo.py [line:220] run_bft INFO Current Block's TPS at Node 45: 451.57999801942344 
2023-03-09 02:13:38,118 dumbo.py [line:217] run_bft INFO Node 45 Delivers ACS Block in Round 69 with having 3366 TXs 
2023-03-09 02:13:38,118 dumbo.py [line:219] run_bft INFO ACS Block Delay at Node 45: 7.431547164916992 
2023-03-09 02:13:38,118 dumbo.py [line:220] run_bft INFO Current Block's TPS at Node 45: 452.9339483829539 
2023-03-09 02:13:45,606 dumbo.py [line:217] run_bft INFO Node 45 Delivers ACS Block in Round 70 with having 3366 TXs 
2023-03-09 02:13:45,606 dumbo.py [line:219] run_bft INFO ACS Block Delay at Node 45: 7.4878458976745605 
2023-03-09 02:13:45,606 dumbo.py [line:220] run_bft INFO Current Block's TPS at Node 45: 449.52848202249345 
2023-03-09 02:13:52,982 dumbo.py [line:217] run_bft INFO Node 45 Delivers ACS Block in Round 71 with having 3366 TXs 
2023-03-09 02:13:52,982 dumbo.py [line:219] run_bft INFO ACS Block Delay at Node 45: 7.375449895858765 
2023-03-09 02:13:52,982 dumbo.py [line:220] run_bft INFO Current Block's TPS at Node 45: 456.3789392549426 
2023-03-09 02:14:00,502 dumbo.py [line:217] run_bft INFO Node 45 Delivers ACS Block in Round 72 with having 3366 TXs 
2023-03-09 02:14:00,502 dumbo.py [line:219] run_bft INFO ACS Block Delay at Node 45: 7.520724773406982 
2023-03-09 02:14:00,502 dumbo.py [line:220] run_bft INFO Current Block's TPS at Node 45: 447.5632470825229 
2023-03-09 02:14:07,981 dumbo.py [line:217] run_bft INFO Node 45 Delivers ACS Block in Round 73 with having 3366 TXs 
2023-03-09 02:14:07,981 dumbo.py [line:219] run_bft INFO ACS Block Delay at Node 45: 7.4781882762908936 
2023-03-09 02:14:07,981 dumbo.py [line:220] run_bft INFO Current Block's TPS at Node 45: 450.10902047915573 
2023-03-09 02:14:15,312 dumbo.py [line:217] run_bft INFO Node 45 Delivers ACS Block in Round 74 with having 3366 TXs 
2023-03-09 02:14:15,312 dumbo.py [line:219] run_bft INFO ACS Block Delay at Node 45: 7.331534385681152 
2023-03-09 02:14:15,312 dumbo.py [line:220] run_bft INFO Current Block's TPS at Node 45: 459.11262539721065 
2023-03-09 02:14:22,832 dumbo.py [line:217] run_bft INFO Node 45 Delivers ACS Block in Round 75 with having 3366 TXs 
2023-03-09 02:14:22,832 dumbo.py [line:219] run_bft INFO ACS Block Delay at Node 45: 7.5195794105529785 
2023-03-09 02:14:22,832 dumbo.py [line:220] run_bft INFO Current Block's TPS at Node 45: 447.63141875676655 
2023-03-09 02:14:30,274 dumbo.py [line:217] run_bft INFO Node 45 Delivers ACS Block in Round 76 with having 3366 TXs 
2023-03-09 02:14:30,274 dumbo.py [line:219] run_bft INFO ACS Block Delay at Node 45: 7.44205117225647 
2023-03-09 02:14:30,274 dumbo.py [line:220] run_bft INFO Current Block's TPS at Node 45: 452.29465937405143 
2023-03-09 02:14:37,800 dumbo.py [line:217] run_bft INFO Node 45 Delivers ACS Block in Round 77 with having 3366 TXs 
2023-03-09 02:14:37,800 dumbo.py [line:219] run_bft INFO ACS Block Delay at Node 45: 7.5260913372039795 
2023-03-09 02:14:37,800 dumbo.py [line:220] run_bft INFO Current Block's TPS at Node 45: 447.2441070919163 
2023-03-09 02:14:45,111 dumbo.py [line:217] run_bft INFO Node 45 Delivers ACS Block in Round 78 with having 3366 TXs 
2023-03-09 02:14:45,111 dumbo.py [line:219] run_bft INFO ACS Block Delay at Node 45: 7.310838937759399 
2023-03-09 02:14:45,111 dumbo.py [line:220] run_bft INFO Current Block's TPS at Node 45: 460.41227671083124 
2023-03-09 02:14:52,521 dumbo.py [line:217] run_bft INFO Node 45 Delivers ACS Block in Round 79 with having 3366 TXs 
2023-03-09 02:14:52,521 dumbo.py [line:219] run_bft INFO ACS Block Delay at Node 45: 7.409597635269165 
2023-03-09 02:14:52,521 dumbo.py [line:220] run_bft INFO Current Block's TPS at Node 45: 454.2756794212517 
2023-03-09 02:14:59,953 dumbo.py [line:217] run_bft INFO Node 45 Delivers ACS Block in Round 80 with having 3366 TXs 
2023-03-09 02:14:59,953 dumbo.py [line:219] run_bft INFO ACS Block Delay at Node 45: 7.431829929351807 
2023-03-09 02:14:59,953 dumbo.py [line:220] run_bft INFO Current Block's TPS at Node 45: 452.916715263636 
2023-03-09 02:15:07,312 dumbo.py [line:217] run_bft INFO Node 45 Delivers ACS Block in Round 81 with having 3366 TXs 
2023-03-09 02:15:07,312 dumbo.py [line:219] run_bft INFO ACS Block Delay at Node 45: 7.359668016433716 
2023-03-09 02:15:07,312 dumbo.py [line:220] run_bft INFO Current Block's TPS at Node 45: 457.35758630469684 
2023-03-09 02:15:14,781 dumbo.py [line:217] run_bft INFO Node 45 Delivers ACS Block in Round 82 with having 3366 TXs 
2023-03-09 02:15:14,782 dumbo.py [line:219] run_bft INFO ACS Block Delay at Node 45: 7.469068765640259 
2023-03-09 02:15:14,782 dumbo.py [line:220] run_bft INFO Current Block's TPS at Node 45: 450.65859019594416 
2023-03-09 02:15:22,287 dumbo.py [line:217] run_bft INFO Node 45 Delivers ACS Block in Round 83 with having 3366 TXs 
2023-03-09 02:15:22,287 dumbo.py [line:219] run_bft INFO ACS Block Delay at Node 45: 7.505151271820068 
2023-03-09 02:15:22,287 dumbo.py [line:220] run_bft INFO Current Block's TPS at Node 45: 448.4919594676889 
2023-03-09 02:15:29,717 dumbo.py [line:217] run_bft INFO Node 45 Delivers ACS Block in Round 84 with having 3366 TXs 
2023-03-09 02:15:29,717 dumbo.py [line:219] run_bft INFO ACS Block Delay at Node 45: 7.429972171783447 
2023-03-09 02:15:29,717 dumbo.py [line:220] run_bft INFO Current Block's TPS at Node 45: 453.0299605674088 
2023-03-09 02:15:37,151 dumbo.py [line:217] run_bft INFO Node 45 Delivers ACS Block in Round 85 with having 3366 TXs 
2023-03-09 02:15:37,151 dumbo.py [line:219] run_bft INFO ACS Block Delay at Node 45: 7.433835506439209 
2023-03-09 02:15:37,151 dumbo.py [line:220] run_bft INFO Current Block's TPS at Node 45: 452.7945227042435 
2023-03-09 02:15:44,544 dumbo.py [line:217] run_bft INFO Node 45 Delivers ACS Block in Round 86 with having 3366 TXs 
2023-03-09 02:15:44,544 dumbo.py [line:219] run_bft INFO ACS Block Delay at Node 45: 7.393015623092651 
2023-03-09 02:15:44,544 dumbo.py [line:220] run_bft INFO Current Block's TPS at Node 45: 455.2945877032967 
2023-03-09 02:15:51,914 dumbo.py [line:217] run_bft INFO Node 45 Delivers ACS Block in Round 87 with having 3366 TXs 
2023-03-09 02:15:51,914 dumbo.py [line:219] run_bft INFO ACS Block Delay at Node 45: 7.3703203201293945 
2023-03-09 02:15:51,914 dumbo.py [line:220] run_bft INFO Current Block's TPS at Node 45: 456.6965686426104 
2023-03-09 02:15:59,347 dumbo.py [line:217] run_bft INFO Node 45 Delivers ACS Block in Round 88 with having 3366 TXs 
2023-03-09 02:15:59,347 dumbo.py [line:219] run_bft INFO ACS Block Delay at Node 45: 7.432396173477173 
2023-03-09 02:15:59,347 dumbo.py [line:220] run_bft INFO Current Block's TPS at Node 45: 452.88220937572146 
2023-03-09 02:16:06,884 dumbo.py [line:217] run_bft INFO Node 45 Delivers ACS Block in Round 89 with having 3366 TXs 
2023-03-09 02:16:06,884 dumbo.py [line:219] run_bft INFO ACS Block Delay at Node 45: 7.537545919418335 
2023-03-09 02:16:06,884 dumbo.py [line:220] run_bft INFO Current Block's TPS at Node 45: 446.5644436511441 
2023-03-09 02:16:14,194 dumbo.py [line:217] run_bft INFO Node 45 Delivers ACS Block in Round 90 with having 3366 TXs 
2023-03-09 02:16:14,194 dumbo.py [line:219] run_bft INFO ACS Block Delay at Node 45: 7.309798717498779 
2023-03-09 02:16:14,194 dumbo.py [line:220] run_bft INFO Current Block's TPS at Node 45: 460.47779563918783 
2023-03-09 02:16:21,707 dumbo.py [line:217] run_bft INFO Node 45 Delivers ACS Block in Round 91 with having 3366 TXs 
2023-03-09 02:16:21,707 dumbo.py [line:219] run_bft INFO ACS Block Delay at Node 45: 7.512522459030151 
2023-03-09 02:16:21,707 dumbo.py [line:220] run_bft INFO Current Block's TPS at Node 45: 448.05190511663943 
2023-03-09 02:16:29,069 dumbo.py [line:217] run_bft INFO Node 45 Delivers ACS Block in Round 92 with having 3366 TXs 
2023-03-09 02:16:29,069 dumbo.py [line:219] run_bft INFO ACS Block Delay at Node 45: 7.361817836761475 
2023-03-09 02:16:29,069 dumbo.py [line:220] run_bft INFO Current Block's TPS at Node 45: 457.22402735799443 
2023-03-09 02:16:36,514 dumbo.py [line:217] run_bft INFO Node 45 Delivers ACS Block in Round 93 with having 3366 TXs 
2023-03-09 02:16:36,514 dumbo.py [line:219] run_bft INFO ACS Block Delay at Node 45: 7.44547963142395 
2023-03-09 02:16:36,514 dumbo.py [line:220] run_bft INFO Current Block's TPS at Node 45: 452.0863888732782 
2023-03-09 02:16:44,063 dumbo.py [line:217] run_bft INFO Node 45 Delivers ACS Block in Round 94 with having 3366 TXs 
2023-03-09 02:16:44,063 dumbo.py [line:219] run_bft INFO ACS Block Delay at Node 45: 7.5485944747924805 
2023-03-09 02:16:44,063 dumbo.py [line:220] run_bft INFO Current Block's TPS at Node 45: 445.9108263452628 
2023-03-09 02:16:51,347 dumbo.py [line:217] run_bft INFO Node 45 Delivers ACS Block in Round 95 with having 3366 TXs 
2023-03-09 02:16:51,347 dumbo.py [line:219] run_bft INFO ACS Block Delay at Node 45: 7.2839674949646 
2023-03-09 02:16:51,347 dumbo.py [line:220] run_bft INFO Current Block's TPS at Node 45: 462.1107936474061 
2023-03-09 02:16:58,782 dumbo.py [line:217] run_bft INFO Node 45 Delivers ACS Block in Round 96 with having 3366 TXs 
2023-03-09 02:16:58,782 dumbo.py [line:219] run_bft INFO ACS Block Delay at Node 45: 7.435351133346558 
2023-03-09 02:16:58,782 dumbo.py [line:220] run_bft INFO Current Block's TPS at Node 45: 452.7022247683689 
2023-03-09 02:17:06,167 dumbo.py [line:217] run_bft INFO Node 45 Delivers ACS Block in Round 97 with having 3366 TXs 
2023-03-09 02:17:06,167 dumbo.py [line:219] run_bft INFO ACS Block Delay at Node 45: 7.384514093399048 
2023-03-09 02:17:06,167 dumbo.py [line:220] run_bft INFO Current Block's TPS at Node 45: 455.81875224652055 
2023-03-09 02:17:13,650 dumbo.py [line:217] run_bft INFO Node 45 Delivers ACS Block in Round 98 with having 3366 TXs 
2023-03-09 02:17:13,650 dumbo.py [line:219] run_bft INFO ACS Block Delay at Node 45: 7.483412981033325 
2023-03-09 02:17:13,650 dumbo.py [line:220] run_bft INFO Current Block's TPS at Node 45: 449.7947672447199 
2023-03-09 02:17:21,156 dumbo.py [line:217] run_bft INFO Node 45 Delivers ACS Block in Round 99 with having 3366 TXs 
2023-03-09 02:17:21,156 dumbo.py [line:219] run_bft INFO ACS Block Delay at Node 45: 7.505256414413452 
2023-03-09 02:17:21,156 dumbo.py [line:220] run_bft INFO Current Block's TPS at Node 45: 448.48567645680606 
2023-03-09 02:17:21,156 dumbo.py [line:241] run_bft INFO node 45 breaks in 740.644850 seconds with total delivered Txs 336600 
2023-03-09 02:18:38,281 dumbo_node.py [line:77] run INFO node 45's starts to run consensus on process id 4152696 
2023-03-09 02:18:38,281 dumbo_node.py [line:59] prepare_bootstrap INFO node id 45 is inserting dummy payload TXs 
2023-03-09 02:18:38,281 dumbo_node.py [line:68] prepare_bootstrap INFO node id 45 just inserts 50000 TXs 
2023-03-09 02:18:38,281 dumbo_node.py [line:68] prepare_bootstrap INFO node id 45 just inserts 50000 TXs 
2023-03-09 02:18:38,281 dumbo_node.py [line:68] prepare_bootstrap INFO node id 45 just inserts 50000 TXs 
2023-03-09 02:18:38,281 dumbo_node.py [line:68] prepare_bootstrap INFO node id 45 just inserts 50000 TXs 
2023-03-09 02:18:38,281 dumbo_node.py [line:68] prepare_bootstrap INFO node id 45 just inserts 50000 TXs 
2023-03-09 02:18:38,282 dumbo_node.py [line:68] prepare_bootstrap INFO node id 45 just inserts 50000 TXs 
2023-03-09 02:18:38,282 dumbo_node.py [line:68] prepare_bootstrap INFO node id 45 just inserts 50000 TXs 
2023-03-09 02:18:38,282 dumbo_node.py [line:68] prepare_bootstrap INFO node id 45 just inserts 50000 TXs 
2023-03-09 02:18:38,282 dumbo_node.py [line:68] prepare_bootstrap INFO node id 45 just inserts 50000 TXs 
2023-03-09 02:18:38,282 dumbo_node.py [line:68] prepare_bootstrap INFO node id 45 just inserts 50000 TXs 
2023-03-09 02:18:38,282 dumbo_node.py [line:68] prepare_bootstrap INFO node id 45 just inserts 50000 TXs 
2023-03-09 02:18:38,282 dumbo_node.py [line:68] prepare_bootstrap INFO node id 45 just inserts 50000 TXs 
2023-03-09 02:18:38,282 dumbo_node.py [line:68] prepare_bootstrap INFO node id 45 just inserts 50000 TXs 
2023-03-09 02:18:38,282 dumbo_node.py [line:68] prepare_bootstrap INFO node id 45 just inserts 50000 TXs 
2023-03-09 02:18:38,282 dumbo_node.py [line:68] prepare_bootstrap INFO node id 45 just inserts 50000 TXs 
2023-03-09 02:18:38,282 dumbo_node.py [line:68] prepare_bootstrap INFO node id 45 just inserts 50000 TXs 
2023-03-09 02:18:38,283 dumbo_node.py [line:68] prepare_bootstrap INFO node id 45 just inserts 50000 TXs 
2023-03-09 02:18:38,283 dumbo_node.py [line:68] prepare_bootstrap INFO node id 45 just inserts 50000 TXs 
2023-03-09 02:18:38,283 dumbo_node.py [line:68] prepare_bootstrap INFO node id 45 just inserts 50000 TXs 
2023-03-09 02:18:38,283 dumbo_node.py [line:68] prepare_bootstrap INFO node id 45 just inserts 50000 TXs 
2023-03-09 02:18:38,283 dumbo_node.py [line:68] prepare_bootstrap INFO node id 45 just inserts 50000 TXs 
2023-03-09 02:18:38,283 dumbo_node.py [line:68] prepare_bootstrap INFO node id 45 just inserts 50000 TXs 
2023-03-09 02:18:38,283 dumbo_node.py [line:68] prepare_bootstrap INFO node id 45 just inserts 50000 TXs 
2023-03-09 02:18:38,284 dumbo_node.py [line:68] prepare_bootstrap INFO node id 45 just inserts 50000 TXs 
2023-03-09 02:18:38,284 dumbo_node.py [line:68] prepare_bootstrap INFO node id 45 just inserts 50000 TXs 
2023-03-09 02:18:38,284 dumbo_node.py [line:68] prepare_bootstrap INFO node id 45 just inserts 50000 TXs 
2023-03-09 02:18:38,284 dumbo_node.py [line:68] prepare_bootstrap INFO node id 45 just inserts 50000 TXs 
2023-03-09 02:18:38,284 dumbo_node.py [line:68] prepare_bootstrap INFO node id 45 just inserts 50000 TXs 
2023-03-09 02:18:38,284 dumbo_node.py [line:68] prepare_bootstrap INFO node id 45 just inserts 50000 TXs 
2023-03-09 02:18:38,284 dumbo_node.py [line:68] prepare_bootstrap INFO node id 45 just inserts 50000 TXs 
2023-03-09 02:18:38,284 dumbo_node.py [line:68] prepare_bootstrap INFO node id 45 just inserts 50000 TXs 
2023-03-09 02:18:38,284 dumbo_node.py [line:68] prepare_bootstrap INFO node id 45 just inserts 50000 TXs 
2023-03-09 02:18:38,284 dumbo_node.py [line:68] prepare_bootstrap INFO node id 45 just inserts 50000 TXs 
2023-03-09 02:18:38,284 dumbo_node.py [line:68] prepare_bootstrap INFO node id 45 just inserts 50000 TXs 
2023-03-09 02:18:38,285 dumbo_node.py [line:68] prepare_bootstrap INFO node id 45 just inserts 50000 TXs 
2023-03-09 02:18:38,285 dumbo_node.py [line:68] prepare_bootstrap INFO node id 45 just inserts 50000 TXs 
2023-03-09 02:18:38,285 dumbo_node.py [line:68] prepare_bootstrap INFO node id 45 just inserts 50000 TXs 
2023-03-09 02:18:38,285 dumbo_node.py [line:68] prepare_bootstrap INFO node id 45 just inserts 50000 TXs 
2023-03-09 02:18:38,285 dumbo_node.py [line:68] prepare_bootstrap INFO node id 45 just inserts 50000 TXs 
2023-03-09 02:18:38,285 dumbo_node.py [line:68] prepare_bootstrap INFO node id 45 just inserts 50000 TXs 
2023-03-09 02:18:38,285 dumbo_node.py [line:68] prepare_bootstrap INFO node id 45 just inserts 50000 TXs 
2023-03-09 02:18:38,285 dumbo_node.py [line:68] prepare_bootstrap INFO node id 45 just inserts 50000 TXs 
2023-03-09 02:18:38,285 dumbo_node.py [line:68] prepare_bootstrap INFO node id 45 just inserts 50000 TXs 
2023-03-09 02:18:38,286 dumbo_node.py [line:68] prepare_bootstrap INFO node id 45 just inserts 50000 TXs 
2023-03-09 02:18:38,286 dumbo_node.py [line:68] prepare_bootstrap INFO node id 45 just inserts 50000 TXs 
2023-03-09 02:18:38,286 dumbo_node.py [line:68] prepare_bootstrap INFO node id 45 just inserts 50000 TXs 
2023-03-09 02:18:38,286 dumbo_node.py [line:68] prepare_bootstrap INFO node id 45 just inserts 50000 TXs 
2023-03-09 02:18:38,286 dumbo_node.py [line:68] prepare_bootstrap INFO node id 45 just inserts 50000 TXs 
2023-03-09 02:18:38,286 dumbo_node.py [line:68] prepare_bootstrap INFO node id 45 just inserts 50000 TXs 
2023-03-09 02:18:38,287 dumbo_node.py [line:68] prepare_bootstrap INFO node id 45 just inserts 50000 TXs 
2023-03-09 02:18:38,287 dumbo_node.py [line:68] prepare_bootstrap INFO node id 45 just inserts 50000 TXs 
2023-03-09 02:18:38,287 dumbo_node.py [line:68] prepare_bootstrap INFO node id 45 just inserts 50000 TXs 
2023-03-09 02:18:38,287 dumbo_node.py [line:68] prepare_bootstrap INFO node id 45 just inserts 50000 TXs 
2023-03-09 02:18:38,287 dumbo_node.py [line:68] prepare_bootstrap INFO node id 45 just inserts 50000 TXs 
2023-03-09 02:18:38,287 dumbo_node.py [line:68] prepare_bootstrap INFO node id 45 just inserts 50000 TXs 
2023-03-09 02:18:38,287 dumbo_node.py [line:68] prepare_bootstrap INFO node id 45 just inserts 50000 TXs 
2023-03-09 02:18:38,288 dumbo_node.py [line:68] prepare_bootstrap INFO node id 45 just inserts 50000 TXs 
2023-03-09 02:18:38,288 dumbo_node.py [line:68] prepare_bootstrap INFO node id 45 just inserts 50000 TXs 
2023-03-09 02:18:38,288 dumbo_node.py [line:68] prepare_bootstrap INFO node id 45 just inserts 50000 TXs 
2023-03-09 02:18:38,288 dumbo_node.py [line:68] prepare_bootstrap INFO node id 45 just inserts 50000 TXs 
2023-03-09 02:18:38,288 dumbo_node.py [line:68] prepare_bootstrap INFO node id 45 just inserts 50000 TXs 
2023-03-09 02:18:38,288 dumbo_node.py [line:68] prepare_bootstrap INFO node id 45 just inserts 50000 TXs 
2023-03-09 02:18:38,288 dumbo_node.py [line:68] prepare_bootstrap INFO node id 45 just inserts 50000 TXs 
2023-03-09 02:18:38,289 dumbo_node.py [line:68] prepare_bootstrap INFO node id 45 just inserts 50000 TXs 
2023-03-09 02:18:38,289 dumbo_node.py [line:68] prepare_bootstrap INFO node id 45 just inserts 50000 TXs 
2023-03-09 02:18:38,289 dumbo_node.py [line:68] prepare_bootstrap INFO node id 45 just inserts 50000 TXs 
2023-03-09 02:18:38,289 dumbo_node.py [line:68] prepare_bootstrap INFO node id 45 just inserts 50000 TXs 
2023-03-09 02:18:38,289 dumbo_node.py [line:68] prepare_bootstrap INFO node id 45 just inserts 50000 TXs 
2023-03-09 02:18:38,289 dumbo_node.py [line:68] prepare_bootstrap INFO node id 45 just inserts 50000 TXs 
2023-03-09 02:18:38,289 dumbo_node.py [line:68] prepare_bootstrap INFO node id 45 just inserts 50000 TXs 
2023-03-09 02:18:38,289 dumbo_node.py [line:68] prepare_bootstrap INFO node id 45 just inserts 50000 TXs 
2023-03-09 02:18:38,290 dumbo_node.py [line:68] prepare_bootstrap INFO node id 45 just inserts 50000 TXs 
2023-03-09 02:18:38,290 dumbo_node.py [line:68] prepare_bootstrap INFO node id 45 just inserts 50000 TXs 
2023-03-09 02:18:38,290 dumbo_node.py [line:68] prepare_bootstrap INFO node id 45 just inserts 50000 TXs 
2023-03-09 02:18:38,290 dumbo_node.py [line:68] prepare_bootstrap INFO node id 45 just inserts 50000 TXs 
2023-03-09 02:18:38,290 dumbo_node.py [line:68] prepare_bootstrap INFO node id 45 just inserts 50000 TXs 
2023-03-09 02:18:38,290 dumbo_node.py [line:68] prepare_bootstrap INFO node id 45 just inserts 50000 TXs 
2023-03-09 02:18:38,290 dumbo_node.py [line:68] prepare_bootstrap INFO node id 45 just inserts 50000 TXs 
2023-03-09 02:18:38,290 dumbo_node.py [line:68] prepare_bootstrap INFO node id 45 just inserts 50000 TXs 
2023-03-09 02:18:38,290 dumbo_node.py [line:68] prepare_bootstrap INFO node id 45 just inserts 50000 TXs 
2023-03-09 02:18:38,290 dumbo_node.py [line:68] prepare_bootstrap INFO node id 45 just inserts 50000 TXs 
2023-03-09 02:18:38,290 dumbo_node.py [line:68] prepare_bootstrap INFO node id 45 just inserts 50000 TXs 
2023-03-09 02:18:38,290 dumbo_node.py [line:68] prepare_bootstrap INFO node id 45 just inserts 50000 TXs 
2023-03-09 02:18:38,291 dumbo_node.py [line:68] prepare_bootstrap INFO node id 45 just inserts 50000 TXs 
2023-03-09 02:18:38,291 dumbo_node.py [line:68] prepare_bootstrap INFO node id 45 just inserts 50000 TXs 
2023-03-09 02:18:38,291 dumbo_node.py [line:68] prepare_bootstrap INFO node id 45 just inserts 50000 TXs 
2023-03-09 02:18:38,291 dumbo_node.py [line:68] prepare_bootstrap INFO node id 45 just inserts 50000 TXs 
2023-03-09 02:18:38,291 dumbo_node.py [line:68] prepare_bootstrap INFO node id 45 just inserts 50000 TXs 
2023-03-09 02:18:38,291 dumbo_node.py [line:68] prepare_bootstrap INFO node id 45 just inserts 50000 TXs 
2023-03-09 02:18:38,291 dumbo_node.py [line:68] prepare_bootstrap INFO node id 45 just inserts 50000 TXs 
2023-03-09 02:18:38,291 dumbo_node.py [line:68] prepare_bootstrap INFO node id 45 just inserts 50000 TXs 
2023-03-09 02:18:38,291 dumbo_node.py [line:68] prepare_bootstrap INFO node id 45 just inserts 50000 TXs 
2023-03-09 02:18:38,291 dumbo_node.py [line:68] prepare_bootstrap INFO node id 45 just inserts 50000 TXs 
2023-03-09 02:18:38,291 dumbo_node.py [line:68] prepare_bootstrap INFO node id 45 just inserts 50000 TXs 
2023-03-09 02:18:38,291 dumbo_node.py [line:68] prepare_bootstrap INFO node id 45 just inserts 50000 TXs 
2023-03-09 02:18:38,292 dumbo_node.py [line:68] prepare_bootstrap INFO node id 45 just inserts 50000 TXs 
2023-03-09 02:18:38,292 dumbo_node.py [line:68] prepare_bootstrap INFO node id 45 just inserts 50000 TXs 
2023-03-09 02:18:38,292 dumbo_node.py [line:68] prepare_bootstrap INFO node id 45 just inserts 50000 TXs 
2023-03-09 02:18:38,292 dumbo_node.py [line:68] prepare_bootstrap INFO node id 45 just inserts 50000 TXs 
2023-03-09 02:18:38,292 dumbo_node.py [line:68] prepare_bootstrap INFO node id 45 just inserts 50000 TXs 
2023-03-09 02:18:38,292 dumbo_node.py [line:72] prepare_bootstrap INFO node id 45 completed the loading of dummy TXs 
2023-03-09 02:18:38,292 dumbo.py [line:179] run_bft INFO Node 45 starts to run at time:1678328318.2925265 
2023-03-09 02:18:52,920 dumbo.py [line:217] run_bft INFO Node 45 Delivers ACS Block in Round 0 with having 3354 TXs 
2023-03-09 02:18:52,920 dumbo.py [line:219] run_bft INFO ACS Block Delay at Node 45: 14.627852439880371 
2023-03-09 02:18:52,920 dumbo.py [line:220] run_bft INFO Current Block's TPS at Node 45: 229.28861319764786 
2023-03-09 02:19:07,808 dumbo.py [line:217] run_bft INFO Node 45 Delivers ACS Block in Round 1 with having 3354 TXs 
2023-03-09 02:19:07,809 dumbo.py [line:219] run_bft INFO ACS Block Delay at Node 45: 14.888575315475464 
2023-03-09 02:19:07,809 dumbo.py [line:220] run_bft INFO Current Block's TPS at Node 45: 225.2734011771959 
2023-03-09 02:19:22,571 dumbo.py [line:217] run_bft INFO Node 45 Delivers ACS Block in Round 2 with having 3354 TXs 
2023-03-09 02:19:22,571 dumbo.py [line:219] run_bft INFO ACS Block Delay at Node 45: 14.76209545135498 
2023-03-09 02:19:22,571 dumbo.py [line:220] run_bft INFO Current Block's TPS at Node 45: 227.20351667229897 
2023-03-09 02:19:37,239 dumbo.py [line:217] run_bft INFO Node 45 Delivers ACS Block in Round 3 with having 3354 TXs 
2023-03-09 02:19:37,239 dumbo.py [line:219] run_bft INFO ACS Block Delay at Node 45: 14.668472528457642 
2023-03-09 02:19:37,239 dumbo.py [line:220] run_bft INFO Current Block's TPS at Node 45: 228.65366475568987 
2023-03-09 02:19:51,947 dumbo.py [line:217] run_bft INFO Node 45 Delivers ACS Block in Round 4 with having 3354 TXs 
2023-03-09 02:19:51,947 dumbo.py [line:219] run_bft INFO ACS Block Delay at Node 45: 14.70796513557434 
2023-03-09 02:19:51,947 dumbo.py [line:220] run_bft INFO Current Block's TPS at Node 45: 228.0397029149626 
2023-03-09 02:20:06,791 dumbo.py [line:217] run_bft INFO Node 45 Delivers ACS Block in Round 5 with having 3354 TXs 
2023-03-09 02:20:06,792 dumbo.py [line:219] run_bft INFO ACS Block Delay at Node 45: 14.844173431396484 
2023-03-09 02:20:06,792 dumbo.py [line:220] run_bft INFO Current Block's TPS at Node 45: 225.94723886114474 
2023-03-09 02:20:21,582 dumbo.py [line:217] run_bft INFO Node 45 Delivers ACS Block in Round 6 with having 3354 TXs 
2023-03-09 02:20:21,583 dumbo.py [line:219] run_bft INFO ACS Block Delay at Node 45: 14.790895462036133 
2023-03-09 02:20:21,583 dumbo.py [line:220] run_bft INFO Current Block's TPS at Node 45: 226.76111859547171 
2023-03-09 02:20:36,097 dumbo.py [line:217] run_bft INFO Node 45 Delivers ACS Block in Round 7 with having 3354 TXs 
2023-03-09 02:20:36,097 dumbo.py [line:219] run_bft INFO ACS Block Delay at Node 45: 14.514025449752808 
2023-03-09 02:20:36,097 dumbo.py [line:220] run_bft INFO Current Block's TPS at Node 45: 231.08682092445434 
2023-03-09 02:20:50,826 dumbo.py [line:217] run_bft INFO Node 45 Delivers ACS Block in Round 8 with having 3354 TXs 
2023-03-09 02:20:50,826 dumbo.py [line:219] run_bft INFO ACS Block Delay at Node 45: 14.729077577590942 
2023-03-09 02:20:50,826 dumbo.py [line:220] run_bft INFO Current Block's TPS at Node 45: 227.71283417658347 
2023-03-09 02:21:05,610 dumbo.py [line:217] run_bft INFO Node 45 Delivers ACS Block in Round 9 with having 3354 TXs 
2023-03-09 02:21:05,610 dumbo.py [line:219] run_bft INFO ACS Block Delay at Node 45: 14.783870458602905 
2023-03-09 02:21:05,610 dumbo.py [line:220] run_bft INFO Current Block's TPS at Node 45: 226.86887100314576 
2023-03-09 02:21:20,232 dumbo.py [line:217] run_bft INFO Node 45 Delivers ACS Block in Round 10 with having 3354 TXs 
2023-03-09 02:21:20,232 dumbo.py [line:219] run_bft INFO ACS Block Delay at Node 45: 14.62201189994812 
2023-03-09 02:21:20,232 dumbo.py [line:220] run_bft INFO Current Block's TPS at Node 45: 229.38019904168593 
2023-03-09 02:21:35,028 dumbo.py [line:217] run_bft INFO Node 45 Delivers ACS Block in Round 11 with having 3354 TXs 
2023-03-09 02:21:35,028 dumbo.py [line:219] run_bft INFO ACS Block Delay at Node 45: 14.796083688735962 
2023-03-09 02:21:35,028 dumbo.py [line:220] run_bft INFO Current Block's TPS at Node 45: 226.68160511645053 
2023-03-09 02:21:49,727 dumbo.py [line:217] run_bft INFO Node 45 Delivers ACS Block in Round 12 with having 3354 TXs 
2023-03-09 02:21:49,727 dumbo.py [line:219] run_bft INFO ACS Block Delay at Node 45: 14.69865345954895 
2023-03-09 02:21:49,727 dumbo.py [line:220] run_bft INFO Current Block's TPS at Node 45: 228.1841672933027 
2023-03-09 02:22:04,399 dumbo.py [line:217] run_bft INFO Node 45 Delivers ACS Block in Round 13 with having 3354 TXs 
2023-03-09 02:22:04,399 dumbo.py [line:219] run_bft INFO ACS Block Delay at Node 45: 14.672301054000854 
2023-03-09 02:22:04,399 dumbo.py [line:220] run_bft INFO Current Block's TPS at Node 45: 228.5940008765993 
2023-03-09 02:22:19,147 dumbo.py [line:217] run_bft INFO Node 45 Delivers ACS Block in Round 14 with having 3354 TXs 
2023-03-09 02:22:19,147 dumbo.py [line:219] run_bft INFO ACS Block Delay at Node 45: 14.747774362564087 
2023-03-09 02:22:19,147 dumbo.py [line:220] run_bft INFO Current Block's TPS at Node 45: 227.42414669116653 
2023-03-09 02:22:33,977 dumbo.py [line:217] run_bft INFO Node 45 Delivers ACS Block in Round 15 with having 3354 TXs 
2023-03-09 02:22:33,978 dumbo.py [line:219] run_bft INFO ACS Block Delay at Node 45: 14.83042049407959 
2023-03-09 02:22:33,978 dumbo.py [line:220] run_bft INFO Current Block's TPS at Node 45: 226.1567702236724 
2023-03-09 02:22:48,634 dumbo.py [line:217] run_bft INFO Node 45 Delivers ACS Block in Round 16 with having 3354 TXs 
2023-03-09 02:22:48,634 dumbo.py [line:219] run_bft INFO ACS Block Delay at Node 45: 14.65612268447876 
2023-03-09 02:22:48,634 dumbo.py [line:220] run_bft INFO Current Block's TPS at Node 45: 228.84633761642695 
2023-03-09 02:23:03,476 dumbo.py [line:217] run_bft INFO Node 45 Delivers ACS Block in Round 17 with having 3354 TXs 
2023-03-09 02:23:03,476 dumbo.py [line:219] run_bft INFO ACS Block Delay at Node 45: 14.841972589492798 
2023-03-09 02:23:03,476 dumbo.py [line:220] run_bft INFO Current Block's TPS at Node 45: 225.98074344743267 
2023-03-09 02:23:18,237 dumbo.py [line:217] run_bft INFO Node 45 Delivers ACS Block in Round 18 with having 3354 TXs 
2023-03-09 02:23:18,237 dumbo.py [line:219] run_bft INFO ACS Block Delay at Node 45: 14.7613046169281 
2023-03-09 02:23:18,237 dumbo.py [line:220] run_bft INFO Current Block's TPS at Node 45: 227.21568906271807 
2023-03-09 02:23:32,894 dumbo.py [line:217] run_bft INFO Node 45 Delivers ACS Block in Round 19 with having 3354 TXs 
2023-03-09 02:23:32,894 dumbo.py [line:219] run_bft INFO ACS Block Delay at Node 45: 14.656474113464355 
2023-03-09 02:23:32,894 dumbo.py [line:220] run_bft INFO Current Block's TPS at Node 45: 228.84085040062982 
2023-03-09 02:23:47,710 dumbo.py [line:217] run_bft INFO Node 45 Delivers ACS Block in Round 20 with having 3354 TXs 
2023-03-09 02:23:47,710 dumbo.py [line:219] run_bft INFO ACS Block Delay at Node 45: 14.8165283203125 
2023-03-09 02:23:47,710 dumbo.py [line:220] run_bft INFO Current Block's TPS at Node 45: 226.3688178155664 
2023-03-09 02:24:02,364 dumbo.py [line:217] run_bft INFO Node 45 Delivers ACS Block in Round 21 with having 3354 TXs 
2023-03-09 02:24:02,365 dumbo.py [line:219] run_bft INFO ACS Block Delay at Node 45: 14.654173135757446 
2023-03-09 02:24:02,365 dumbo.py [line:220] run_bft INFO Current Block's TPS at Node 45: 228.87678266991065 
2023-03-09 02:24:17,607 dumbo.py [line:217] run_bft INFO Node 45 Delivers ACS Block in Round 22 with having 3354 TXs 
2023-03-09 02:24:17,608 dumbo.py [line:219] run_bft INFO ACS Block Delay at Node 45: 15.242879867553711 
2023-03-09 02:24:17,608 dumbo.py [line:220] run_bft INFO Current Block's TPS at Node 45: 220.0371602441996 
2023-03-09 02:24:32,094 dumbo.py [line:217] run_bft INFO Node 45 Delivers ACS Block in Round 23 with having 3354 TXs 
2023-03-09 02:24:32,094 dumbo.py [line:219] run_bft INFO ACS Block Delay at Node 45: 14.486557245254517 
2023-03-09 02:24:32,094 dumbo.py [line:220] run_bft INFO Current Block's TPS at Node 45: 231.52498852677354 
2023-03-09 02:24:46,633 dumbo.py [line:217] run_bft INFO Node 45 Delivers ACS Block in Round 24 with having 3354 TXs 
2023-03-09 02:24:46,634 dumbo.py [line:219] run_bft INFO ACS Block Delay at Node 45: 14.539356708526611 
2023-03-09 02:24:46,634 dumbo.py [line:220] run_bft INFO Current Block's TPS at Node 45: 230.68420888477448 
2023-03-09 02:25:01,475 dumbo.py [line:217] run_bft INFO Node 45 Delivers ACS Block in Round 25 with having 3354 TXs 
2023-03-09 02:25:01,476 dumbo.py [line:219] run_bft INFO ACS Block Delay at Node 45: 14.841853141784668 
2023-03-09 02:25:01,476 dumbo.py [line:220] run_bft INFO Current Block's TPS at Node 45: 225.98256214767372 
2023-03-09 02:25:16,237 dumbo.py [line:217] run_bft INFO Node 45 Delivers ACS Block in Round 26 with having 3354 TXs 
2023-03-09 02:25:16,237 dumbo.py [line:219] run_bft INFO ACS Block Delay at Node 45: 14.761657238006592 
2023-03-09 02:25:16,237 dumbo.py [line:220] run_bft INFO Current Block's TPS at Node 45: 227.21026141729618 
2023-03-09 02:25:30,916 dumbo.py [line:217] run_bft INFO Node 45 Delivers ACS Block in Round 27 with having 3354 TXs 
2023-03-09 02:25:30,917 dumbo.py [line:219] run_bft INFO ACS Block Delay at Node 45: 14.6791832447052 
2023-03-09 02:25:30,917 dumbo.py [line:220] run_bft INFO Current Block's TPS at Node 45: 228.48682682735716 
2023-03-09 02:25:45,700 dumbo.py [line:217] run_bft INFO Node 45 Delivers ACS Block in Round 28 with having 3354 TXs 
2023-03-09 02:25:45,701 dumbo.py [line:219] run_bft INFO ACS Block Delay at Node 45: 14.78400731086731 
2023-03-09 02:25:45,701 dumbo.py [line:220] run_bft INFO Current Block's TPS at Node 45: 226.86677092851332 
2023-03-09 02:26:00,395 dumbo.py [line:217] run_bft INFO Node 45 Delivers ACS Block in Round 29 with having 3354 TXs 
2023-03-09 02:26:00,396 dumbo.py [line:219] run_bft INFO ACS Block Delay at Node 45: 14.694792747497559 
2023-03-09 02:26:00,396 dumbo.py [line:220] run_bft INFO Current Block's TPS at Node 45: 228.24411733000912 
2023-03-09 02:26:15,228 dumbo.py [line:217] run_bft INFO Node 45 Delivers ACS Block in Round 30 with having 3354 TXs 
2023-03-09 02:26:15,228 dumbo.py [line:219] run_bft INFO ACS Block Delay at Node 45: 14.83284306526184 
2023-03-09 02:26:15,228 dumbo.py [line:220] run_bft INFO Current Block's TPS at Node 45: 226.11983321356556 
2023-03-09 02:26:29,863 dumbo.py [line:217] run_bft INFO Node 45 Delivers ACS Block in Round 31 with having 3354 TXs 
2023-03-09 02:26:29,864 dumbo.py [line:219] run_bft INFO ACS Block Delay at Node 45: 14.635043382644653 
2023-03-09 02:26:29,864 dumbo.py [line:220] run_bft INFO Current Block's TPS at Node 45: 229.17595201510835 
2023-03-09 02:26:44,571 dumbo.py [line:217] run_bft INFO Node 45 Delivers ACS Block in Round 32 with having 3354 TXs 
2023-03-09 02:26:44,571 dumbo.py [line:219] run_bft INFO ACS Block Delay at Node 45: 14.707660436630249 
2023-03-09 02:26:44,571 dumbo.py [line:220] run_bft INFO Current Block's TPS at Node 45: 228.04442721880332 
2023-03-09 02:26:59,304 dumbo.py [line:217] run_bft INFO Node 45 Delivers ACS Block in Round 33 with having 3354 TXs 
2023-03-09 02:26:59,305 dumbo.py [line:219] run_bft INFO ACS Block Delay at Node 45: 14.733375072479248 
2023-03-09 02:26:59,305 dumbo.py [line:220] run_bft INFO Current Block's TPS at Node 45: 227.64641390722485 
2023-03-09 02:27:14,053 dumbo.py [line:217] run_bft INFO Node 45 Delivers ACS Block in Round 34 with having 3354 TXs 
2023-03-09 02:27:14,053 dumbo.py [line:219] run_bft INFO ACS Block Delay at Node 45: 14.748238801956177 
2023-03-09 02:27:14,053 dumbo.py [line:220] run_bft INFO Current Block's TPS at Node 45: 227.41698483720864 
2023-03-09 02:27:28,808 dumbo.py [line:217] run_bft INFO Node 45 Delivers ACS Block in Round 35 with having 3354 TXs 
2023-03-09 02:27:28,808 dumbo.py [line:219] run_bft INFO ACS Block Delay at Node 45: 14.75539493560791 
2023-03-09 02:27:28,808 dumbo.py [line:220] run_bft INFO Current Block's TPS at Node 45: 227.30669118900258 
2023-03-09 02:27:43,633 dumbo.py [line:217] run_bft INFO Node 45 Delivers ACS Block in Round 36 with having 3354 TXs 
2023-03-09 02:27:43,633 dumbo.py [line:219] run_bft INFO ACS Block Delay at Node 45: 14.824602603912354 
2023-03-09 02:27:43,633 dumbo.py [line:220] run_bft INFO Current Block's TPS at Node 45: 226.24552506485722 
2023-03-09 02:27:58,260 dumbo.py [line:217] run_bft INFO Node 45 Delivers ACS Block in Round 37 with having 3354 TXs 
2023-03-09 02:27:58,260 dumbo.py [line:219] run_bft INFO ACS Block Delay at Node 45: 14.626949310302734 
2023-03-09 02:27:58,260 dumbo.py [line:220] run_bft INFO Current Block's TPS at Node 45: 229.30277044424804 
2023-03-09 02:28:13,031 dumbo.py [line:217] run_bft INFO Node 45 Delivers ACS Block in Round 38 with having 3354 TXs 
2023-03-09 02:28:13,031 dumbo.py [line:219] run_bft INFO ACS Block Delay at Node 45: 14.770478963851929 
2023-03-09 02:28:13,031 dumbo.py [line:220] run_bft INFO Current Block's TPS at Node 45: 227.0745592074778 
2023-03-09 02:28:27,879 dumbo.py [line:217] run_bft INFO Node 45 Delivers ACS Block in Round 39 with having 3354 TXs 
2023-03-09 02:28:27,879 dumbo.py [line:219] run_bft INFO ACS Block Delay at Node 45: 14.848397970199585 
2023-03-09 02:28:27,879 dumbo.py [line:220] run_bft INFO Current Block's TPS at Node 45: 225.8829542911906 
2023-03-09 02:28:42,705 dumbo.py [line:217] run_bft INFO Node 45 Delivers ACS Block in Round 40 with having 3354 TXs 
2023-03-09 02:28:42,706 dumbo.py [line:219] run_bft INFO ACS Block Delay at Node 45: 14.826417446136475 
2023-03-09 02:28:42,706 dumbo.py [line:220] run_bft INFO Current Block's TPS at Node 45: 226.21783125862265 
2023-03-09 02:28:57,293 dumbo.py [line:217] run_bft INFO Node 45 Delivers ACS Block in Round 41 with having 3354 TXs 
2023-03-09 02:28:57,293 dumbo.py [line:219] run_bft INFO ACS Block Delay at Node 45: 14.587446451187134 
2023-03-09 02:28:57,293 dumbo.py [line:220] run_bft INFO Current Block's TPS at Node 45: 229.9237231974243 
2023-03-09 02:29:12,026 dumbo.py [line:217] run_bft INFO Node 45 Delivers ACS Block in Round 42 with having 3354 TXs 
2023-03-09 02:29:12,026 dumbo.py [line:219] run_bft INFO ACS Block Delay at Node 45: 14.733193397521973 
2023-03-09 02:29:12,026 dumbo.py [line:220] run_bft INFO Current Block's TPS at Node 45: 227.64922101437432 
2023-03-09 02:29:26,736 dumbo.py [line:217] run_bft INFO Node 45 Delivers ACS Block in Round 43 with having 3354 TXs 
2023-03-09 02:29:26,737 dumbo.py [line:219] run_bft INFO ACS Block Delay at Node 45: 14.710158109664917 
2023-03-09 02:29:26,737 dumbo.py [line:220] run_bft INFO Current Block's TPS at Node 45: 228.00570700843411 
2023-03-09 02:29:41,450 dumbo.py [line:217] run_bft INFO Node 45 Delivers ACS Block in Round 44 with having 3354 TXs 
2023-03-09 02:29:41,450 dumbo.py [line:219] run_bft INFO ACS Block Delay at Node 45: 14.712946653366089 
2023-03-09 02:29:41,450 dumbo.py [line:220] run_bft INFO Current Block's TPS at Node 45: 227.96249310349114 
2023-03-09 02:29:56,277 dumbo.py [line:217] run_bft INFO Node 45 Delivers ACS Block in Round 45 with having 3354 TXs 
2023-03-09 02:29:56,277 dumbo.py [line:219] run_bft INFO ACS Block Delay at Node 45: 14.82701063156128 
2023-03-09 02:29:56,277 dumbo.py [line:220] run_bft INFO Current Block's TPS at Node 45: 226.2087809433792 
2023-03-09 02:30:11,178 dumbo.py [line:217] run_bft INFO Node 45 Delivers ACS Block in Round 46 with having 3354 TXs 
2023-03-09 02:30:11,179 dumbo.py [line:219] run_bft INFO ACS Block Delay at Node 45: 14.9016854763031 
2023-03-09 02:30:11,179 dumbo.py [line:220] run_bft INFO Current Block's TPS at Node 45: 225.07521080978287 
2023-03-09 02:30:25,718 dumbo.py [line:217] run_bft INFO Node 45 Delivers ACS Block in Round 47 with having 3354 TXs 
2023-03-09 02:30:25,719 dumbo.py [line:219] run_bft INFO ACS Block Delay at Node 45: 14.539899587631226 
2023-03-09 02:30:25,719 dumbo.py [line:220] run_bft INFO Current Block's TPS at Node 45: 230.6755957828742 
2023-03-09 02:30:40,534 dumbo.py [line:217] run_bft INFO Node 45 Delivers ACS Block in Round 48 with having 3354 TXs 
2023-03-09 02:30:40,534 dumbo.py [line:219] run_bft INFO ACS Block Delay at Node 45: 14.815809488296509 
2023-03-09 02:30:40,534 dumbo.py [line:220] run_bft INFO Current Block's TPS at Node 45: 226.3798007560393 
2023-03-09 02:30:55,279 dumbo.py [line:217] run_bft INFO Node 45 Delivers ACS Block in Round 49 with having 3354 TXs 
2023-03-09 02:30:55,279 dumbo.py [line:219] run_bft INFO ACS Block Delay at Node 45: 14.744923114776611 
2023-03-09 02:30:55,279 dumbo.py [line:220] run_bft INFO Current Block's TPS at Node 45: 227.4681240378115 
2023-03-09 02:31:10,056 dumbo.py [line:217] run_bft INFO Node 45 Delivers ACS Block in Round 50 with having 3354 TXs 
2023-03-09 02:31:10,056 dumbo.py [line:219] run_bft INFO ACS Block Delay at Node 45: 14.776955842971802 
2023-03-09 02:31:10,057 dumbo.py [line:220] run_bft INFO Current Block's TPS at Node 45: 226.975030286446 
2023-03-09 02:31:24,800 dumbo.py [line:217] run_bft INFO Node 45 Delivers ACS Block in Round 51 with having 3354 TXs 
2023-03-09 02:31:24,800 dumbo.py [line:219] run_bft INFO ACS Block Delay at Node 45: 14.74364948272705 
2023-03-09 02:31:24,800 dumbo.py [line:220] run_bft INFO Current Block's TPS at Node 45: 227.4877739008503 
2023-03-09 02:31:39,595 dumbo.py [line:217] run_bft INFO Node 45 Delivers ACS Block in Round 52 with having 3354 TXs 
2023-03-09 02:31:39,595 dumbo.py [line:219] run_bft INFO ACS Block Delay at Node 45: 14.79488468170166 
2023-03-09 02:31:39,595 dumbo.py [line:220] run_bft INFO Current Block's TPS at Node 45: 226.69997584693803 
2023-03-09 02:31:54,363 dumbo.py [line:217] run_bft INFO Node 45 Delivers ACS Block in Round 53 with having 3354 TXs 
2023-03-09 02:31:54,363 dumbo.py [line:219] run_bft INFO ACS Block Delay at Node 45: 14.767625570297241 
2023-03-09 02:31:54,363 dumbo.py [line:220] run_bft INFO Current Block's TPS at Node 45: 227.11843444528037 
2023-03-09 02:32:09,046 dumbo.py [line:217] run_bft INFO Node 45 Delivers ACS Block in Round 54 with having 3354 TXs 
2023-03-09 02:32:09,046 dumbo.py [line:219] run_bft INFO ACS Block Delay at Node 45: 14.683241128921509 
2023-03-09 02:32:09,046 dumbo.py [line:220] run_bft INFO Current Block's TPS at Node 45: 228.42368183913035 
2023-03-09 02:32:23,900 dumbo.py [line:217] run_bft INFO Node 45 Delivers ACS Block in Round 55 with having 3354 TXs 
2023-03-09 02:32:23,900 dumbo.py [line:219] run_bft INFO ACS Block Delay at Node 45: 14.853612899780273 
2023-03-09 02:32:23,900 dumbo.py [line:220] run_bft INFO Current Block's TPS at Node 45: 225.80364943061193 
2023-03-09 02:32:38,615 dumbo.py [line:217] run_bft INFO Node 45 Delivers ACS Block in Round 56 with having 3354 TXs 
2023-03-09 02:32:38,615 dumbo.py [line:219] run_bft INFO ACS Block Delay at Node 45: 14.715150594711304 
2023-03-09 02:32:38,615 dumbo.py [line:220] run_bft INFO Current Block's TPS at Node 45: 227.92835033611166 
2023-03-09 02:32:53,352 dumbo.py [line:217] run_bft INFO Node 45 Delivers ACS Block in Round 57 with having 3354 TXs 
2023-03-09 02:32:53,353 dumbo.py [line:219] run_bft INFO ACS Block Delay at Node 45: 14.737394571304321 
2023-03-09 02:32:53,353 dumbo.py [line:220] run_bft INFO Current Block's TPS at Node 45: 227.58432528709562 
2023-03-09 02:33:08,294 dumbo.py [line:217] run_bft INFO Node 45 Delivers ACS Block in Round 58 with having 3354 TXs 
2023-03-09 02:33:08,294 dumbo.py [line:219] run_bft INFO ACS Block Delay at Node 45: 14.941215515136719 
2023-03-09 02:33:08,294 dumbo.py [line:220] run_bft INFO Current Block's TPS at Node 45: 224.4797283462054 
2023-03-09 02:33:23,034 dumbo.py [line:217] run_bft INFO Node 45 Delivers ACS Block in Round 59 with having 3354 TXs 
2023-03-09 02:33:23,034 dumbo.py [line:219] run_bft INFO ACS Block Delay at Node 45: 14.740360975265503 
2023-03-09 02:33:23,034 dumbo.py [line:220] run_bft INFO Current Block's TPS at Node 45: 227.53852538808587 
2023-03-09 02:33:37,976 dumbo.py [line:217] run_bft INFO Node 45 Delivers ACS Block in Round 60 with having 3354 TXs 
2023-03-09 02:33:37,976 dumbo.py [line:219] run_bft INFO ACS Block Delay at Node 45: 14.941459655761719 
2023-03-09 02:33:37,976 dumbo.py [line:220] run_bft INFO Current Block's TPS at Node 45: 224.47606038989852 
2023-03-09 02:33:52,549 dumbo.py [line:217] run_bft INFO Node 45 Delivers ACS Block in Round 61 with having 3354 TXs 
2023-03-09 02:33:52,550 dumbo.py [line:219] run_bft INFO ACS Block Delay at Node 45: 14.57383108139038 
2023-03-09 02:33:52,550 dumbo.py [line:220] run_bft INFO Current Block's TPS at Node 45: 230.1385257773977 
2023-03-09 02:34:07,199 dumbo.py [line:217] run_bft INFO Node 45 Delivers ACS Block in Round 62 with having 3354 TXs 
2023-03-09 02:34:07,200 dumbo.py [line:219] run_bft INFO ACS Block Delay at Node 45: 14.649845123291016 
2023-03-09 02:34:07,200 dumbo.py [line:220] run_bft INFO Current Block's TPS at Node 45: 228.9443998740746 
2023-03-09 02:34:21,993 dumbo.py [line:217] run_bft INFO Node 45 Delivers ACS Block in Round 63 with having 3354 TXs 
2023-03-09 02:34:21,993 dumbo.py [line:219] run_bft INFO ACS Block Delay at Node 45: 14.793030023574829 
2023-03-09 02:34:21,993 dumbo.py [line:220] run_bft INFO Current Block's TPS at Node 45: 226.72839808037412 
2023-03-09 02:34:36,872 dumbo.py [line:217] run_bft INFO Node 45 Delivers ACS Block in Round 64 with having 3354 TXs 
2023-03-09 02:34:36,872 dumbo.py [line:219] run_bft INFO ACS Block Delay at Node 45: 14.87888765335083 
2023-03-09 02:34:36,872 dumbo.py [line:220] run_bft INFO Current Block's TPS at Node 45: 225.4200769668864 
2023-03-09 02:34:51,579 dumbo.py [line:217] run_bft INFO Node 45 Delivers ACS Block in Round 65 with having 3354 TXs 
2023-03-09 02:34:51,579 dumbo.py [line:219] run_bft INFO ACS Block Delay at Node 45: 14.70716142654419 
2023-03-09 02:34:51,579 dumbo.py [line:220] run_bft INFO Current Block's TPS at Node 45: 228.052164705729 
2023-03-09 02:35:06,365 dumbo.py [line:217] run_bft INFO Node 45 Delivers ACS Block in Round 66 with having 3354 TXs 
2023-03-09 02:35:06,365 dumbo.py [line:219] run_bft INFO ACS Block Delay at Node 45: 14.786238431930542 
2023-03-09 02:35:06,365 dumbo.py [line:220] run_bft INFO Current Block's TPS at Node 45: 226.83253860948935 
2023-03-09 02:35:21,166 dumbo.py [line:217] run_bft INFO Node 45 Delivers ACS Block in Round 67 with having 3354 TXs 
2023-03-09 02:35:21,166 dumbo.py [line:219] run_bft INFO ACS Block Delay at Node 45: 14.800802230834961 
2023-03-09 02:35:21,166 dumbo.py [line:220] run_bft INFO Current Block's TPS at Node 45: 226.6093383108998 
2023-03-09 02:35:35,879 dumbo.py [line:217] run_bft INFO Node 45 Delivers ACS Block in Round 68 with having 3354 TXs 
2023-03-09 02:35:35,879 dumbo.py [line:219] run_bft INFO ACS Block Delay at Node 45: 14.71297550201416 
2023-03-09 02:35:35,879 dumbo.py [line:220] run_bft INFO Current Block's TPS at Node 45: 227.96204612322285 
2023-03-09 02:35:50,592 dumbo.py [line:217] run_bft INFO Node 45 Delivers ACS Block in Round 69 with having 3354 TXs 
2023-03-09 02:35:50,592 dumbo.py [line:219] run_bft INFO ACS Block Delay at Node 45: 14.712471008300781 
2023-03-09 02:35:50,592 dumbo.py [line:220] run_bft INFO Current Block's TPS at Node 45: 227.96986298954621 
2023-03-09 02:36:05,312 dumbo.py [line:217] run_bft INFO Node 45 Delivers ACS Block in Round 70 with having 3354 TXs 
2023-03-09 02:36:05,312 dumbo.py [line:219] run_bft INFO ACS Block Delay at Node 45: 14.720207691192627 
2023-03-09 02:36:05,312 dumbo.py [line:220] run_bft INFO Current Block's TPS at Node 45: 227.8500460293614 
2023-03-09 02:36:20,166 dumbo.py [line:217] run_bft INFO Node 45 Delivers ACS Block in Round 71 with having 3354 TXs 
2023-03-09 02:36:20,166 dumbo.py [line:219] run_bft INFO ACS Block Delay at Node 45: 14.853822946548462 
2023-03-09 02:36:20,166 dumbo.py [line:220] run_bft INFO Current Block's TPS at Node 45: 225.8004563585672 
2023-03-09 02:36:34,825 dumbo.py [line:217] run_bft INFO Node 45 Delivers ACS Block in Round 72 with having 3354 TXs 
2023-03-09 02:36:34,825 dumbo.py [line:219] run_bft INFO ACS Block Delay at Node 45: 14.659029245376587 
2023-03-09 02:36:34,825 dumbo.py [line:220] run_bft INFO Current Block's TPS at Node 45: 228.80096245512584 
2023-03-09 02:36:49,777 dumbo.py [line:217] run_bft INFO Node 45 Delivers ACS Block in Round 73 with having 3354 TXs 
2023-03-09 02:36:49,777 dumbo.py [line:219] run_bft INFO ACS Block Delay at Node 45: 14.952187061309814 
2023-03-09 02:36:49,777 dumbo.py [line:220] run_bft INFO Current Block's TPS at Node 45: 224.31501065678808 
2023-03-09 02:37:04,364 dumbo.py [line:217] run_bft INFO Node 45 Delivers ACS Block in Round 74 with having 3354 TXs 
2023-03-09 02:37:04,365 dumbo.py [line:219] run_bft INFO ACS Block Delay at Node 45: 14.587191820144653 
2023-03-09 02:37:04,365 dumbo.py [line:220] run_bft INFO Current Block's TPS at Node 45: 229.9277366989982 
2023-03-09 02:37:19,106 dumbo.py [line:217] run_bft INFO Node 45 Delivers ACS Block in Round 75 with having 3354 TXs 
2023-03-09 02:37:19,106 dumbo.py [line:219] run_bft INFO ACS Block Delay at Node 45: 14.741535425186157 
2023-03-09 02:37:19,106 dumbo.py [line:220] run_bft INFO Current Block's TPS at Node 45: 227.5203975204398 
2023-03-09 02:37:33,927 dumbo.py [line:217] run_bft INFO Node 45 Delivers ACS Block in Round 76 with having 3354 TXs 
2023-03-09 02:37:33,928 dumbo.py [line:219] run_bft INFO ACS Block Delay at Node 45: 14.821255683898926 
2023-03-09 02:37:33,928 dumbo.py [line:220] run_bft INFO Current Block's TPS at Node 45: 226.29661558592628 
2023-03-09 02:37:48,659 dumbo.py [line:217] run_bft INFO Node 45 Delivers ACS Block in Round 77 with having 3354 TXs 
2023-03-09 02:37:48,659 dumbo.py [line:219] run_bft INFO ACS Block Delay at Node 45: 14.731209993362427 
2023-03-09 02:37:48,659 dumbo.py [line:220] run_bft INFO Current Block's TPS at Node 45: 227.67987161348196 
2023-03-09 02:38:03,434 dumbo.py [line:217] run_bft INFO Node 45 Delivers ACS Block in Round 78 with having 3354 TXs 
2023-03-09 02:38:03,434 dumbo.py [line:219] run_bft INFO ACS Block Delay at Node 45: 14.775244951248169 
2023-03-09 02:38:03,434 dumbo.py [line:220] run_bft INFO Current Block's TPS at Node 45: 227.00131274078566 
2023-03-09 02:38:18,209 dumbo.py [line:217] run_bft INFO Node 45 Delivers ACS Block in Round 79 with having 3354 TXs 
2023-03-09 02:38:18,209 dumbo.py [line:219] run_bft INFO ACS Block Delay at Node 45: 14.77479076385498 
2023-03-09 02:38:18,209 dumbo.py [line:220] run_bft INFO Current Block's TPS at Node 45: 227.00829091977528 
2023-03-09 02:38:33,114 dumbo.py [line:217] run_bft INFO Node 45 Delivers ACS Block in Round 80 with having 3354 TXs 
2023-03-09 02:38:33,114 dumbo.py [line:219] run_bft INFO ACS Block Delay at Node 45: 14.90472936630249 
2023-03-09 02:38:33,114 dumbo.py [line:220] run_bft INFO Current Block's TPS at Node 45: 225.02924525304869 
2023-03-09 02:38:47,831 dumbo.py [line:217] run_bft INFO Node 45 Delivers ACS Block in Round 81 with having 3354 TXs 
2023-03-09 02:38:47,832 dumbo.py [line:219] run_bft INFO ACS Block Delay at Node 45: 14.717690706253052 
2023-03-09 02:38:47,832 dumbo.py [line:220] run_bft INFO Current Block's TPS at Node 45: 227.88901240973885 
2023-03-09 02:39:02,611 dumbo.py [line:217] run_bft INFO Node 45 Delivers ACS Block in Round 82 with having 3354 TXs 
2023-03-09 02:39:02,611 dumbo.py [line:219] run_bft INFO ACS Block Delay at Node 45: 14.779282569885254 
2023-03-09 02:39:02,611 dumbo.py [line:220] run_bft INFO Current Block's TPS at Node 45: 226.93929723180335 
2023-03-09 02:39:17,327 dumbo.py [line:217] run_bft INFO Node 45 Delivers ACS Block in Round 83 with having 3354 TXs 
2023-03-09 02:39:17,327 dumbo.py [line:219] run_bft INFO ACS Block Delay at Node 45: 14.71597409248352 
2023-03-09 02:39:17,327 dumbo.py [line:220] run_bft INFO Current Block's TPS at Node 45: 227.91559559167223 
2023-03-09 02:39:32,090 dumbo.py [line:217] run_bft INFO Node 45 Delivers ACS Block in Round 84 with having 3354 TXs 
2023-03-09 02:39:32,090 dumbo.py [line:219] run_bft INFO ACS Block Delay at Node 45: 14.762761116027832 
2023-03-09 02:39:32,090 dumbo.py [line:220] run_bft INFO Current Block's TPS at Node 45: 227.19327188452468 
2023-03-09 02:39:46,995 dumbo.py [line:217] run_bft INFO Node 45 Delivers ACS Block in Round 85 with having 3354 TXs 
2023-03-09 02:39:46,996 dumbo.py [line:219] run_bft INFO ACS Block Delay at Node 45: 14.905595064163208 
2023-03-09 02:39:46,996 dumbo.py [line:220] run_bft INFO Current Block's TPS at Node 45: 225.0161758428456 
2023-03-09 02:40:01,639 dumbo.py [line:217] run_bft INFO Node 45 Delivers ACS Block in Round 86 with having 3354 TXs 
2023-03-09 02:40:01,639 dumbo.py [line:219] run_bft INFO ACS Block Delay at Node 45: 14.643706560134888 
2023-03-09 02:40:01,639 dumbo.py [line:220] run_bft INFO Current Block's TPS at Node 45: 229.04037213711453 
2023-03-09 02:40:16,436 dumbo.py [line:217] run_bft INFO Node 45 Delivers ACS Block in Round 87 with having 3354 TXs 
2023-03-09 02:40:16,437 dumbo.py [line:219] run_bft INFO ACS Block Delay at Node 45: 14.797128677368164 
2023-03-09 02:40:16,437 dumbo.py [line:220] run_bft INFO Current Block's TPS at Node 45: 226.66559662550333 
2023-03-09 02:40:31,163 dumbo.py [line:217] run_bft INFO Node 45 Delivers ACS Block in Round 88 with having 3354 TXs 
2023-03-09 02:40:31,163 dumbo.py [line:219] run_bft INFO ACS Block Delay at Node 45: 14.726330518722534 
2023-03-09 02:40:31,163 dumbo.py [line:220] run_bft INFO Current Block's TPS at Node 45: 227.7553118705195 
2023-03-09 02:40:45,988 dumbo.py [line:217] run_bft INFO Node 45 Delivers ACS Block in Round 89 with having 3354 TXs 
2023-03-09 02:40:45,988 dumbo.py [line:219] run_bft INFO ACS Block Delay at Node 45: 14.82544994354248 
2023-03-09 02:40:45,988 dumbo.py [line:220] run_bft INFO Current Block's TPS at Node 45: 226.23259413862857 
2023-03-09 02:41:01,052 dumbo.py [line:217] run_bft INFO Node 45 Delivers ACS Block in Round 90 with having 3354 TXs 
2023-03-09 02:41:01,052 dumbo.py [line:219] run_bft INFO ACS Block Delay at Node 45: 15.063931941986084 
2023-03-09 02:41:01,053 dumbo.py [line:220] run_bft INFO Current Block's TPS at Node 45: 222.65103247391573 
2023-03-09 02:41:15,564 dumbo.py [line:217] run_bft INFO Node 45 Delivers ACS Block in Round 91 with having 3354 TXs 
2023-03-09 02:41:15,564 dumbo.py [line:219] run_bft INFO ACS Block Delay at Node 45: 14.511445045471191 
2023-03-09 02:41:15,564 dumbo.py [line:220] run_bft INFO Current Block's TPS at Node 45: 231.1279124505064 
2023-03-09 02:41:30,214 dumbo.py [line:217] run_bft INFO Node 45 Delivers ACS Block in Round 92 with having 3354 TXs 
2023-03-09 02:41:30,214 dumbo.py [line:219] run_bft INFO ACS Block Delay at Node 45: 14.64980673789978 
2023-03-09 02:41:30,214 dumbo.py [line:220] run_bft INFO Current Block's TPS at Node 45: 228.94499975368512 
2023-03-09 02:41:45,328 dumbo.py [line:217] run_bft INFO Node 45 Delivers ACS Block in Round 93 with having 3354 TXs 
2023-03-09 02:41:45,328 dumbo.py [line:219] run_bft INFO ACS Block Delay at Node 45: 15.114492416381836 
2023-03-09 02:41:45,329 dumbo.py [line:220] run_bft INFO Current Block's TPS at Node 45: 221.90622798320163 
2023-03-09 02:41:59,873 dumbo.py [line:217] run_bft INFO Node 45 Delivers ACS Block in Round 94 with having 3354 TXs 
2023-03-09 02:41:59,874 dumbo.py [line:219] run_bft INFO ACS Block Delay at Node 45: 14.545073986053467 
2023-03-09 02:41:59,874 dumbo.py [line:220] run_bft INFO Current Block's TPS at Node 45: 230.59353312440902 
2023-03-09 02:42:14,502 dumbo.py [line:217] run_bft INFO Node 45 Delivers ACS Block in Round 95 with having 3354 TXs 
2023-03-09 02:42:14,503 dumbo.py [line:219] run_bft INFO ACS Block Delay at Node 45: 14.628769874572754 
2023-03-09 02:42:14,503 dumbo.py [line:220] run_bft INFO Current Block's TPS at Node 45: 229.27423349722744 
2023-03-09 02:42:29,214 dumbo.py [line:217] run_bft INFO Node 45 Delivers ACS Block in Round 96 with having 3354 TXs 
2023-03-09 02:42:29,214 dumbo.py [line:219] run_bft INFO ACS Block Delay at Node 45: 14.71122121810913 
2023-03-09 02:42:29,214 dumbo.py [line:220] run_bft INFO Current Block's TPS at Node 45: 227.98923014435493 
2023-03-09 02:42:44,000 dumbo.py [line:217] run_bft INFO Node 45 Delivers ACS Block in Round 97 with having 3354 TXs 
2023-03-09 02:42:44,000 dumbo.py [line:219] run_bft INFO ACS Block Delay at Node 45: 14.785941123962402 
2023-03-09 02:42:44,000 dumbo.py [line:220] run_bft INFO Current Block's TPS at Node 45: 226.8370996394973 
2023-03-09 02:42:58,738 dumbo.py [line:217] run_bft INFO Node 45 Delivers ACS Block in Round 98 with having 3354 TXs 
2023-03-09 02:42:58,738 dumbo.py [line:219] run_bft INFO ACS Block Delay at Node 45: 14.738174676895142 
2023-03-09 02:42:58,738 dumbo.py [line:220] run_bft INFO Current Block's TPS at Node 45: 227.57227903249276 
2023-03-09 02:43:13,582 dumbo.py [line:217] run_bft INFO Node 45 Delivers ACS Block in Round 99 with having 3354 TXs 
2023-03-09 02:43:13,582 dumbo.py [line:219] run_bft INFO ACS Block Delay at Node 45: 14.843985319137573 
2023-03-09 02:43:13,582 dumbo.py [line:220] run_bft INFO Current Block's TPS at Node 45: 225.95010220576432 
2023-03-09 02:43:13,582 dumbo.py [line:241] run_bft INFO node 45 breaks in 1475.290203 seconds with total delivered Txs 335400 
