2023-03-09 02:18:38,138 dumbo_node.py [line:77] run INFO node 53's starts to run consensus on process id 4152712 
2023-03-09 02:18:38,139 dumbo_node.py [line:59] prepare_bootstrap INFO node id 53 is inserting dummy payload TXs 
2023-03-09 02:18:38,139 dumbo_node.py [line:68] prepare_bootstrap INFO node id 53 just inserts 50000 TXs 
2023-03-09 02:18:38,140 dumbo_node.py [line:68] prepare_bootstrap INFO node id 53 just inserts 50000 TXs 
2023-03-09 02:18:38,140 dumbo_node.py [line:68] prepare_bootstrap INFO node id 53 just inserts 50000 TXs 
2023-03-09 02:18:38,140 dumbo_node.py [line:68] prepare_bootstrap INFO node id 53 just inserts 50000 TXs 
2023-03-09 02:18:38,140 dumbo_node.py [line:68] prepare_bootstrap INFO node id 53 just inserts 50000 TXs 
2023-03-09 02:18:38,140 dumbo_node.py [line:68] prepare_bootstrap INFO node id 53 just inserts 50000 TXs 
2023-03-09 02:18:38,141 dumbo_node.py [line:68] prepare_bootstrap INFO node id 53 just inserts 50000 TXs 
2023-03-09 02:18:38,141 dumbo_node.py [line:68] prepare_bootstrap INFO node id 53 just inserts 50000 TXs 
2023-03-09 02:18:38,141 dumbo_node.py [line:68] prepare_bootstrap INFO node id 53 just inserts 50000 TXs 
2023-03-09 02:18:38,141 dumbo_node.py [line:68] prepare_bootstrap INFO node id 53 just inserts 50000 TXs 
2023-03-09 02:18:38,141 dumbo_node.py [line:68] prepare_bootstrap INFO node id 53 just inserts 50000 TXs 
2023-03-09 02:18:38,142 dumbo_node.py [line:68] prepare_bootstrap INFO node id 53 just inserts 50000 TXs 
2023-03-09 02:18:38,142 dumbo_node.py [line:68] prepare_bootstrap INFO node id 53 just inserts 50000 TXs 
2023-03-09 02:18:38,142 dumbo_node.py [line:68] prepare_bootstrap INFO node id 53 just inserts 50000 TXs 
2023-03-09 02:18:38,142 dumbo_node.py [line:68] prepare_bootstrap INFO node id 53 just inserts 50000 TXs 
2023-03-09 02:18:38,142 dumbo_node.py [line:68] prepare_bootstrap INFO node id 53 just inserts 50000 TXs 
2023-03-09 02:18:38,143 dumbo_node.py [line:68] prepare_bootstrap INFO node id 53 just inserts 50000 TXs 
2023-03-09 02:18:38,143 dumbo_node.py [line:68] prepare_bootstrap INFO node id 53 just inserts 50000 TXs 
2023-03-09 02:18:38,143 dumbo_node.py [line:68] prepare_bootstrap INFO node id 53 just inserts 50000 TXs 
2023-03-09 02:18:38,143 dumbo_node.py [line:68] prepare_bootstrap INFO node id 53 just inserts 50000 TXs 
2023-03-09 02:18:38,143 dumbo_node.py [line:68] prepare_bootstrap INFO node id 53 just inserts 50000 TXs 
2023-03-09 02:18:38,143 dumbo_node.py [line:68] prepare_bootstrap INFO node id 53 just inserts 50000 TXs 
2023-03-09 02:18:38,144 dumbo_node.py [line:68] prepare_bootstrap INFO node id 53 just inserts 50000 TXs 
2023-03-09 02:18:38,144 dumbo_node.py [line:68] prepare_bootstrap INFO node id 53 just inserts 50000 TXs 
2023-03-09 02:18:38,144 dumbo_node.py [line:68] prepare_bootstrap INFO node id 53 just inserts 50000 TXs 
2023-03-09 02:18:38,144 dumbo_node.py [line:68] prepare_bootstrap INFO node id 53 just inserts 50000 TXs 
2023-03-09 02:18:38,144 dumbo_node.py [line:68] prepare_bootstrap INFO node id 53 just inserts 50000 TXs 
2023-03-09 02:18:38,144 dumbo_node.py [line:68] prepare_bootstrap INFO node id 53 just inserts 50000 TXs 
2023-03-09 02:18:38,144 dumbo_node.py [line:68] prepare_bootstrap INFO node id 53 just inserts 50000 TXs 
2023-03-09 02:18:38,145 dumbo_node.py [line:68] prepare_bootstrap INFO node id 53 just inserts 50000 TXs 
2023-03-09 02:18:38,145 dumbo_node.py [line:68] prepare_bootstrap INFO node id 53 just inserts 50000 TXs 
2023-03-09 02:18:38,145 dumbo_node.py [line:68] prepare_bootstrap INFO node id 53 just inserts 50000 TXs 
2023-03-09 02:18:38,145 dumbo_node.py [line:68] prepare_bootstrap INFO node id 53 just inserts 50000 TXs 
2023-03-09 02:18:38,145 dumbo_node.py [line:68] prepare_bootstrap INFO node id 53 just inserts 50000 TXs 
2023-03-09 02:18:38,145 dumbo_node.py [line:68] prepare_bootstrap INFO node id 53 just inserts 50000 TXs 
2023-03-09 02:18:38,145 dumbo_node.py [line:68] prepare_bootstrap INFO node id 53 just inserts 50000 TXs 
2023-03-09 02:18:38,145 dumbo_node.py [line:68] prepare_bootstrap INFO node id 53 just inserts 50000 TXs 
2023-03-09 02:18:38,146 dumbo_node.py [line:68] prepare_bootstrap INFO node id 53 just inserts 50000 TXs 
2023-03-09 02:18:38,146 dumbo_node.py [line:68] prepare_bootstrap INFO node id 53 just inserts 50000 TXs 
2023-03-09 02:18:38,146 dumbo_node.py [line:68] prepare_bootstrap INFO node id 53 just inserts 50000 TXs 
2023-03-09 02:18:38,146 dumbo_node.py [line:68] prepare_bootstrap INFO node id 53 just inserts 50000 TXs 
2023-03-09 02:18:38,146 dumbo_node.py [line:68] prepare_bootstrap INFO node id 53 just inserts 50000 TXs 
2023-03-09 02:18:38,146 dumbo_node.py [line:68] prepare_bootstrap INFO node id 53 just inserts 50000 TXs 
2023-03-09 02:18:38,146 dumbo_node.py [line:68] prepare_bootstrap INFO node id 53 just inserts 50000 TXs 
2023-03-09 02:18:38,147 dumbo_node.py [line:68] prepare_bootstrap INFO node id 53 just inserts 50000 TXs 
2023-03-09 02:18:38,147 dumbo_node.py [line:68] prepare_bootstrap INFO node id 53 just inserts 50000 TXs 
2023-03-09 02:18:38,147 dumbo_node.py [line:68] prepare_bootstrap INFO node id 53 just inserts 50000 TXs 
2023-03-09 02:18:38,147 dumbo_node.py [line:68] prepare_bootstrap INFO node id 53 just inserts 50000 TXs 
2023-03-09 02:18:38,147 dumbo_node.py [line:68] prepare_bootstrap INFO node id 53 just inserts 50000 TXs 
2023-03-09 02:18:38,147 dumbo_node.py [line:68] prepare_bootstrap INFO node id 53 just inserts 50000 TXs 
2023-03-09 02:18:38,147 dumbo_node.py [line:68] prepare_bootstrap INFO node id 53 just inserts 50000 TXs 
2023-03-09 02:18:38,147 dumbo_node.py [line:68] prepare_bootstrap INFO node id 53 just inserts 50000 TXs 
2023-03-09 02:18:38,148 dumbo_node.py [line:68] prepare_bootstrap INFO node id 53 just inserts 50000 TXs 
2023-03-09 02:18:38,148 dumbo_node.py [line:68] prepare_bootstrap INFO node id 53 just inserts 50000 TXs 
2023-03-09 02:18:38,148 dumbo_node.py [line:68] prepare_bootstrap INFO node id 53 just inserts 50000 TXs 
2023-03-09 02:18:38,148 dumbo_node.py [line:68] prepare_bootstrap INFO node id 53 just inserts 50000 TXs 
2023-03-09 02:18:38,148 dumbo_node.py [line:68] prepare_bootstrap INFO node id 53 just inserts 50000 TXs 
2023-03-09 02:18:38,148 dumbo_node.py [line:68] prepare_bootstrap INFO node id 53 just inserts 50000 TXs 
2023-03-09 02:18:38,148 dumbo_node.py [line:68] prepare_bootstrap INFO node id 53 just inserts 50000 TXs 
2023-03-09 02:18:38,149 dumbo_node.py [line:68] prepare_bootstrap INFO node id 53 just inserts 50000 TXs 
2023-03-09 02:18:38,149 dumbo_node.py [line:68] prepare_bootstrap INFO node id 53 just inserts 50000 TXs 
2023-03-09 02:18:38,149 dumbo_node.py [line:68] prepare_bootstrap INFO node id 53 just inserts 50000 TXs 
2023-03-09 02:18:38,149 dumbo_node.py [line:68] prepare_bootstrap INFO node id 53 just inserts 50000 TXs 
2023-03-09 02:18:38,149 dumbo_node.py [line:68] prepare_bootstrap INFO node id 53 just inserts 50000 TXs 
2023-03-09 02:18:38,149 dumbo_node.py [line:68] prepare_bootstrap INFO node id 53 just inserts 50000 TXs 
2023-03-09 02:18:38,149 dumbo_node.py [line:68] prepare_bootstrap INFO node id 53 just inserts 50000 TXs 
2023-03-09 02:18:38,149 dumbo_node.py [line:68] prepare_bootstrap INFO node id 53 just inserts 50000 TXs 
2023-03-09 02:18:38,150 dumbo_node.py [line:68] prepare_bootstrap INFO node id 53 just inserts 50000 TXs 
2023-03-09 02:18:38,150 dumbo_node.py [line:68] prepare_bootstrap INFO node id 53 just inserts 50000 TXs 
2023-03-09 02:18:38,150 dumbo_node.py [line:68] prepare_bootstrap INFO node id 53 just inserts 50000 TXs 
2023-03-09 02:18:38,150 dumbo_node.py [line:68] prepare_bootstrap INFO node id 53 just inserts 50000 TXs 
2023-03-09 02:18:38,150 dumbo_node.py [line:68] prepare_bootstrap INFO node id 53 just inserts 50000 TXs 
2023-03-09 02:18:38,150 dumbo_node.py [line:68] prepare_bootstrap INFO node id 53 just inserts 50000 TXs 
2023-03-09 02:18:38,150 dumbo_node.py [line:68] prepare_bootstrap INFO node id 53 just inserts 50000 TXs 
2023-03-09 02:18:38,151 dumbo_node.py [line:68] prepare_bootstrap INFO node id 53 just inserts 50000 TXs 
2023-03-09 02:18:38,151 dumbo_node.py [line:68] prepare_bootstrap INFO node id 53 just inserts 50000 TXs 
2023-03-09 02:18:38,151 dumbo_node.py [line:68] prepare_bootstrap INFO node id 53 just inserts 50000 TXs 
2023-03-09 02:18:38,151 dumbo_node.py [line:68] prepare_bootstrap INFO node id 53 just inserts 50000 TXs 
2023-03-09 02:18:38,151 dumbo_node.py [line:68] prepare_bootstrap INFO node id 53 just inserts 50000 TXs 
2023-03-09 02:18:38,151 dumbo_node.py [line:68] prepare_bootstrap INFO node id 53 just inserts 50000 TXs 
2023-03-09 02:18:38,151 dumbo_node.py [line:68] prepare_bootstrap INFO node id 53 just inserts 50000 TXs 
2023-03-09 02:18:38,152 dumbo_node.py [line:68] prepare_bootstrap INFO node id 53 just inserts 50000 TXs 
2023-03-09 02:18:38,152 dumbo_node.py [line:68] prepare_bootstrap INFO node id 53 just inserts 50000 TXs 
2023-03-09 02:18:38,152 dumbo_node.py [line:68] prepare_bootstrap INFO node id 53 just inserts 50000 TXs 
2023-03-09 02:18:38,152 dumbo_node.py [line:68] prepare_bootstrap INFO node id 53 just inserts 50000 TXs 
2023-03-09 02:18:38,152 dumbo_node.py [line:68] prepare_bootstrap INFO node id 53 just inserts 50000 TXs 
2023-03-09 02:18:38,152 dumbo_node.py [line:68] prepare_bootstrap INFO node id 53 just inserts 50000 TXs 
2023-03-09 02:18:38,152 dumbo_node.py [line:68] prepare_bootstrap INFO node id 53 just inserts 50000 TXs 
2023-03-09 02:18:38,152 dumbo_node.py [line:68] prepare_bootstrap INFO node id 53 just inserts 50000 TXs 
2023-03-09 02:18:38,153 dumbo_node.py [line:68] prepare_bootstrap INFO node id 53 just inserts 50000 TXs 
2023-03-09 02:18:38,153 dumbo_node.py [line:68] prepare_bootstrap INFO node id 53 just inserts 50000 TXs 
2023-03-09 02:18:38,153 dumbo_node.py [line:68] prepare_bootstrap INFO node id 53 just inserts 50000 TXs 
2023-03-09 02:18:38,153 dumbo_node.py [line:68] prepare_bootstrap INFO node id 53 just inserts 50000 TXs 
2023-03-09 02:18:38,153 dumbo_node.py [line:68] prepare_bootstrap INFO node id 53 just inserts 50000 TXs 
2023-03-09 02:18:38,153 dumbo_node.py [line:68] prepare_bootstrap INFO node id 53 just inserts 50000 TXs 
2023-03-09 02:18:38,153 dumbo_node.py [line:68] prepare_bootstrap INFO node id 53 just inserts 50000 TXs 
2023-03-09 02:18:38,153 dumbo_node.py [line:68] prepare_bootstrap INFO node id 53 just inserts 50000 TXs 
2023-03-09 02:18:38,154 dumbo_node.py [line:68] prepare_bootstrap INFO node id 53 just inserts 50000 TXs 
2023-03-09 02:18:38,154 dumbo_node.py [line:68] prepare_bootstrap INFO node id 53 just inserts 50000 TXs 
2023-03-09 02:18:38,154 dumbo_node.py [line:68] prepare_bootstrap INFO node id 53 just inserts 50000 TXs 
2023-03-09 02:18:38,154 dumbo_node.py [line:72] prepare_bootstrap INFO node id 53 completed the loading of dummy TXs 
2023-03-09 02:18:38,154 dumbo.py [line:179] run_bft INFO Node 53 starts to run at time:1678328318.1546304 
2023-03-09 02:18:53,060 dumbo.py [line:217] run_bft INFO Node 53 Delivers ACS Block in Round 0 with having 3354 TXs 
2023-03-09 02:18:53,060 dumbo.py [line:219] run_bft INFO ACS Block Delay at Node 53: 14.905885934829712 
2023-03-09 02:18:53,060 dumbo.py [line:220] run_bft INFO Current Block's TPS at Node 53: 225.01178491933206 
2023-03-09 02:19:07,817 dumbo.py [line:217] run_bft INFO Node 53 Delivers ACS Block in Round 1 with having 3354 TXs 
2023-03-09 02:19:07,817 dumbo.py [line:219] run_bft INFO ACS Block Delay at Node 53: 14.756789445877075 
2023-03-09 02:19:07,817 dumbo.py [line:220] run_bft INFO Current Block's TPS at Node 53: 227.28521080424304 
2023-03-09 02:19:22,548 dumbo.py [line:217] run_bft INFO Node 53 Delivers ACS Block in Round 2 with having 3354 TXs 
2023-03-09 02:19:22,548 dumbo.py [line:219] run_bft INFO ACS Block Delay at Node 53: 14.731135845184326 
2023-03-09 02:19:22,548 dumbo.py [line:220] run_bft INFO Current Block's TPS at Node 53: 227.68101762475007 
2023-03-09 02:19:37,499 dumbo.py [line:217] run_bft INFO Node 53 Delivers ACS Block in Round 3 with having 3354 TXs 
2023-03-09 02:19:37,499 dumbo.py [line:219] run_bft INFO ACS Block Delay at Node 53: 14.951062679290771 
2023-03-09 02:19:37,499 dumbo.py [line:220] run_bft INFO Current Block's TPS at Node 53: 224.33188007737672 
2023-03-09 02:19:52,104 dumbo.py [line:217] run_bft INFO Node 53 Delivers ACS Block in Round 4 with having 3354 TXs 
2023-03-09 02:19:52,105 dumbo.py [line:219] run_bft INFO ACS Block Delay at Node 53: 14.605016231536865 
2023-03-09 02:19:52,105 dumbo.py [line:220] run_bft INFO Current Block's TPS at Node 53: 229.64712581131198 
2023-03-09 02:20:06,872 dumbo.py [line:217] run_bft INFO Node 53 Delivers ACS Block in Round 5 with having 3354 TXs 
2023-03-09 02:20:06,872 dumbo.py [line:219] run_bft INFO ACS Block Delay at Node 53: 14.767232894897461 
2023-03-09 02:20:06,872 dumbo.py [line:220] run_bft INFO Current Block's TPS at Node 53: 227.12447375018453 
2023-03-09 02:20:21,465 dumbo.py [line:217] run_bft INFO Node 53 Delivers ACS Block in Round 6 with having 3354 TXs 
2023-03-09 02:20:21,465 dumbo.py [line:219] run_bft INFO ACS Block Delay at Node 53: 14.59280776977539 
2023-03-09 02:20:21,465 dumbo.py [line:220] run_bft INFO Current Block's TPS at Node 53: 229.83925046602764 
2023-03-09 02:20:36,195 dumbo.py [line:217] run_bft INFO Node 53 Delivers ACS Block in Round 7 with having 3354 TXs 
2023-03-09 02:20:36,196 dumbo.py [line:219] run_bft INFO ACS Block Delay at Node 53: 14.730816841125488 
2023-03-09 02:20:36,196 dumbo.py [line:220] run_bft INFO Current Block's TPS at Node 53: 227.6859481842381 
2023-03-09 02:20:51,234 dumbo.py [line:217] run_bft INFO Node 53 Delivers ACS Block in Round 8 with having 3354 TXs 
2023-03-09 02:20:51,235 dumbo.py [line:219] run_bft INFO ACS Block Delay at Node 53: 15.038882493972778 
2023-03-09 02:20:51,235 dumbo.py [line:220] run_bft INFO Current Block's TPS at Node 53: 223.02189017995204 
2023-03-09 02:21:05,873 dumbo.py [line:217] run_bft INFO Node 53 Delivers ACS Block in Round 9 with having 3354 TXs 
2023-03-09 02:21:05,873 dumbo.py [line:219] run_bft INFO ACS Block Delay at Node 53: 14.638004064559937 
2023-03-09 02:21:05,873 dumbo.py [line:220] run_bft INFO Current Block's TPS at Node 53: 229.12959889937233 
2023-03-09 02:21:20,458 dumbo.py [line:217] run_bft INFO Node 53 Delivers ACS Block in Round 10 with having 3354 TXs 
2023-03-09 02:21:20,458 dumbo.py [line:219] run_bft INFO ACS Block Delay at Node 53: 14.58492922782898 
2023-03-09 02:21:20,458 dumbo.py [line:220] run_bft INFO Current Block's TPS at Node 53: 229.96340589711969 
2023-03-09 02:21:35,080 dumbo.py [line:217] run_bft INFO Node 53 Delivers ACS Block in Round 11 with having 3354 TXs 
2023-03-09 02:21:35,081 dumbo.py [line:219] run_bft INFO ACS Block Delay at Node 53: 14.622801065444946 
2023-03-09 02:21:35,081 dumbo.py [line:220] run_bft INFO Current Block's TPS at Node 53: 229.36781981708123 
2023-03-09 02:21:50,133 dumbo.py [line:217] run_bft INFO Node 53 Delivers ACS Block in Round 12 with having 3354 TXs 
2023-03-09 02:21:50,133 dumbo.py [line:219] run_bft INFO ACS Block Delay at Node 53: 15.052482843399048 
2023-03-09 02:21:50,133 dumbo.py [line:220] run_bft INFO Current Block's TPS at Node 53: 222.82038351372887 
2023-03-09 02:22:04,635 dumbo.py [line:217] run_bft INFO Node 53 Delivers ACS Block in Round 13 with having 3354 TXs 
2023-03-09 02:22:04,635 dumbo.py [line:219] run_bft INFO ACS Block Delay at Node 53: 14.502121925354004 
2023-03-09 02:22:04,635 dumbo.py [line:220] run_bft INFO Current Block's TPS at Node 53: 231.27649989869516 
2023-03-09 02:22:19,516 dumbo.py [line:217] run_bft INFO Node 53 Delivers ACS Block in Round 14 with having 3354 TXs 
2023-03-09 02:22:19,517 dumbo.py [line:219] run_bft INFO ACS Block Delay at Node 53: 14.881086826324463 
2023-03-09 02:22:19,517 dumbo.py [line:220] run_bft INFO Current Block's TPS at Node 53: 225.386763691669 
2023-03-09 02:22:34,047 dumbo.py [line:217] run_bft INFO Node 53 Delivers ACS Block in Round 15 with having 3354 TXs 
2023-03-09 02:22:34,047 dumbo.py [line:219] run_bft INFO ACS Block Delay at Node 53: 14.530803680419922 
2023-03-09 02:22:34,047 dumbo.py [line:220] run_bft INFO Current Block's TPS at Node 53: 230.81999273856226 
2023-03-09 02:22:48,663 dumbo.py [line:217] run_bft INFO Node 53 Delivers ACS Block in Round 16 with having 3354 TXs 
2023-03-09 02:22:48,663 dumbo.py [line:219] run_bft INFO ACS Block Delay at Node 53: 14.615621566772461 
2023-03-09 02:22:48,663 dumbo.py [line:220] run_bft INFO Current Block's TPS at Node 53: 229.48049008227414 
2023-03-09 02:23:03,716 dumbo.py [line:217] run_bft INFO Node 53 Delivers ACS Block in Round 17 with having 3354 TXs 
2023-03-09 02:23:03,717 dumbo.py [line:219] run_bft INFO ACS Block Delay at Node 53: 15.053295612335205 
2023-03-09 02:23:03,717 dumbo.py [line:220] run_bft INFO Current Block's TPS at Node 53: 222.80835282684632 
2023-03-09 02:23:18,539 dumbo.py [line:217] run_bft INFO Node 53 Delivers ACS Block in Round 18 with having 3354 TXs 
2023-03-09 02:23:18,539 dumbo.py [line:219] run_bft INFO ACS Block Delay at Node 53: 14.822257280349731 
2023-03-09 02:23:18,539 dumbo.py [line:220] run_bft INFO Current Block's TPS at Node 53: 226.28132386060312 
2023-03-09 02:23:33,198 dumbo.py [line:217] run_bft INFO Node 53 Delivers ACS Block in Round 19 with having 3354 TXs 
2023-03-09 02:23:33,199 dumbo.py [line:219] run_bft INFO ACS Block Delay at Node 53: 14.659759283065796 
2023-03-09 02:23:33,199 dumbo.py [line:220] run_bft INFO Current Block's TPS at Node 53: 228.78956845317163 
2023-03-09 02:23:47,770 dumbo.py [line:217] run_bft INFO Node 53 Delivers ACS Block in Round 20 with having 3354 TXs 
2023-03-09 02:23:47,770 dumbo.py [line:219] run_bft INFO ACS Block Delay at Node 53: 14.57113242149353 
2023-03-09 02:23:47,770 dumbo.py [line:220] run_bft INFO Current Block's TPS at Node 53: 230.18114879339058 
2023-03-09 02:24:02,497 dumbo.py [line:217] run_bft INFO Node 53 Delivers ACS Block in Round 21 with having 3354 TXs 
2023-03-09 02:24:02,497 dumbo.py [line:219] run_bft INFO ACS Block Delay at Node 53: 14.727140188217163 
2023-03-09 02:24:02,497 dumbo.py [line:220] run_bft INFO Current Block's TPS at Node 53: 227.74279032689972 
2023-03-09 02:24:17,206 dumbo.py [line:217] run_bft INFO Node 53 Delivers ACS Block in Round 22 with having 3354 TXs 
2023-03-09 02:24:17,206 dumbo.py [line:219] run_bft INFO ACS Block Delay at Node 53: 14.708498477935791 
2023-03-09 02:24:17,206 dumbo.py [line:220] run_bft INFO Current Block's TPS at Node 53: 228.03143400608386 
2023-03-09 02:24:32,005 dumbo.py [line:217] run_bft INFO Node 53 Delivers ACS Block in Round 23 with having 3354 TXs 
2023-03-09 02:24:32,006 dumbo.py [line:219] run_bft INFO ACS Block Delay at Node 53: 14.799851417541504 
2023-03-09 02:24:32,006 dumbo.py [line:220] run_bft INFO Current Block's TPS at Node 53: 226.6238967794417 
2023-03-09 02:24:46,892 dumbo.py [line:217] run_bft INFO Node 53 Delivers ACS Block in Round 24 with having 3354 TXs 
2023-03-09 02:24:46,892 dumbo.py [line:219] run_bft INFO ACS Block Delay at Node 53: 14.886168241500854 
2023-03-09 02:24:46,892 dumbo.py [line:220] run_bft INFO Current Block's TPS at Node 53: 225.3098275921301 
2023-03-09 02:25:01,470 dumbo.py [line:217] run_bft INFO Node 53 Delivers ACS Block in Round 25 with having 3354 TXs 
2023-03-09 02:25:01,471 dumbo.py [line:219] run_bft INFO ACS Block Delay at Node 53: 14.578561305999756 
2023-03-09 02:25:01,471 dumbo.py [line:220] run_bft INFO Current Block's TPS at Node 53: 230.0638540114156 
2023-03-09 02:25:16,231 dumbo.py [line:217] run_bft INFO Node 53 Delivers ACS Block in Round 26 with having 3354 TXs 
2023-03-09 02:25:16,231 dumbo.py [line:219] run_bft INFO ACS Block Delay at Node 53: 14.760226011276245 
2023-03-09 02:25:16,231 dumbo.py [line:220] run_bft INFO Current Block's TPS at Node 53: 227.2322928820787 
2023-03-09 02:25:31,023 dumbo.py [line:217] run_bft INFO Node 53 Delivers ACS Block in Round 27 with having 3354 TXs 
2023-03-09 02:25:31,023 dumbo.py [line:219] run_bft INFO ACS Block Delay at Node 53: 14.792058944702148 
2023-03-09 02:25:31,023 dumbo.py [line:220] run_bft INFO Current Block's TPS at Node 53: 226.7432824962648 
2023-03-09 02:25:45,849 dumbo.py [line:217] run_bft INFO Node 53 Delivers ACS Block in Round 28 with having 3354 TXs 
2023-03-09 02:25:45,849 dumbo.py [line:219] run_bft INFO ACS Block Delay at Node 53: 14.826059103012085 
2023-03-09 02:25:45,849 dumbo.py [line:220] run_bft INFO Current Block's TPS at Node 53: 226.22329890203906 
2023-03-09 02:26:00,431 dumbo.py [line:217] run_bft INFO Node 53 Delivers ACS Block in Round 29 with having 3354 TXs 
2023-03-09 02:26:00,431 dumbo.py [line:219] run_bft INFO ACS Block Delay at Node 53: 14.582056760787964 
2023-03-09 02:26:00,431 dumbo.py [line:220] run_bft INFO Current Block's TPS at Node 53: 230.00870556334067 
2023-03-09 02:26:15,538 dumbo.py [line:217] run_bft INFO Node 53 Delivers ACS Block in Round 30 with having 3354 TXs 
2023-03-09 02:26:15,538 dumbo.py [line:219] run_bft INFO ACS Block Delay at Node 53: 15.1067955493927 
2023-03-09 02:26:15,538 dumbo.py [line:220] run_bft INFO Current Block's TPS at Node 53: 222.01928854030413 
2023-03-09 02:26:30,172 dumbo.py [line:217] run_bft INFO Node 53 Delivers ACS Block in Round 31 with having 3354 TXs 
2023-03-09 02:26:30,173 dumbo.py [line:219] run_bft INFO ACS Block Delay at Node 53: 14.634272575378418 
2023-03-09 02:26:30,173 dumbo.py [line:220] run_bft INFO Current Block's TPS at Node 53: 229.1880230277364 
2023-03-09 02:26:44,753 dumbo.py [line:217] run_bft INFO Node 53 Delivers ACS Block in Round 32 with having 3354 TXs 
2023-03-09 02:26:44,753 dumbo.py [line:219] run_bft INFO ACS Block Delay at Node 53: 14.580331087112427 
2023-03-09 02:26:44,753 dumbo.py [line:220] run_bft INFO Current Block's TPS at Node 53: 230.03592853694556 
2023-03-09 02:26:59,577 dumbo.py [line:217] run_bft INFO Node 53 Delivers ACS Block in Round 33 with having 3354 TXs 
2023-03-09 02:26:59,577 dumbo.py [line:219] run_bft INFO ACS Block Delay at Node 53: 14.824317216873169 
2023-03-09 02:26:59,577 dumbo.py [line:220] run_bft INFO Current Block's TPS at Node 53: 226.2498805801624 
2023-03-09 02:27:14,366 dumbo.py [line:217] run_bft INFO Node 53 Delivers ACS Block in Round 34 with having 3354 TXs 
2023-03-09 02:27:14,366 dumbo.py [line:219] run_bft INFO ACS Block Delay at Node 53: 14.78891634941101 
2023-03-09 02:27:14,366 dumbo.py [line:220] run_bft INFO Current Block's TPS at Node 53: 226.7914646858881 
2023-03-09 02:27:29,043 dumbo.py [line:217] run_bft INFO Node 53 Delivers ACS Block in Round 35 with having 3354 TXs 
2023-03-09 02:27:29,043 dumbo.py [line:219] run_bft INFO ACS Block Delay at Node 53: 14.676446199417114 
2023-03-09 02:27:29,043 dumbo.py [line:220] run_bft INFO Current Block's TPS at Node 53: 228.5294378780339 
2023-03-09 02:27:43,792 dumbo.py [line:217] run_bft INFO Node 53 Delivers ACS Block in Round 36 with having 3354 TXs 
2023-03-09 02:27:43,792 dumbo.py [line:219] run_bft INFO ACS Block Delay at Node 53: 14.749479293823242 
2023-03-09 02:27:43,792 dumbo.py [line:220] run_bft INFO Current Block's TPS at Node 53: 227.39785813351264 
2023-03-09 02:27:58,310 dumbo.py [line:217] run_bft INFO Node 53 Delivers ACS Block in Round 37 with having 3354 TXs 
2023-03-09 02:27:58,310 dumbo.py [line:219] run_bft INFO ACS Block Delay at Node 53: 14.517908811569214 
2023-03-09 02:27:58,310 dumbo.py [line:220] run_bft INFO Current Block's TPS at Node 53: 231.0250080457333 
2023-03-09 02:28:13,052 dumbo.py [line:217] run_bft INFO Node 53 Delivers ACS Block in Round 38 with having 3354 TXs 
2023-03-09 02:28:13,052 dumbo.py [line:219] run_bft INFO ACS Block Delay at Node 53: 14.741517543792725 
2023-03-09 02:28:13,052 dumbo.py [line:220] run_bft INFO Current Block's TPS at Node 53: 227.52067350164253 
2023-03-09 02:28:27,811 dumbo.py [line:217] run_bft INFO Node 53 Delivers ACS Block in Round 39 with having 3354 TXs 
2023-03-09 02:28:27,811 dumbo.py [line:219] run_bft INFO ACS Block Delay at Node 53: 14.759040355682373 
2023-03-09 02:28:27,811 dumbo.py [line:220] run_bft INFO Current Block's TPS at Node 53: 227.25054740491157 
2023-03-09 02:28:42,773 dumbo.py [line:217] run_bft INFO Node 53 Delivers ACS Block in Round 40 with having 3354 TXs 
2023-03-09 02:28:42,773 dumbo.py [line:219] run_bft INFO ACS Block Delay at Node 53: 14.962151765823364 
2023-03-09 02:28:42,773 dumbo.py [line:220] run_bft INFO Current Block's TPS at Node 53: 224.1656181874339 
2023-03-09 02:28:57,310 dumbo.py [line:217] run_bft INFO Node 53 Delivers ACS Block in Round 41 with having 3354 TXs 
2023-03-09 02:28:57,310 dumbo.py [line:219] run_bft INFO ACS Block Delay at Node 53: 14.536343097686768 
2023-03-09 02:28:57,310 dumbo.py [line:220] run_bft INFO Current Block's TPS at Node 53: 230.7320333223104 
2023-03-09 02:29:12,179 dumbo.py [line:217] run_bft INFO Node 53 Delivers ACS Block in Round 42 with having 3354 TXs 
2023-03-09 02:29:12,179 dumbo.py [line:219] run_bft INFO ACS Block Delay at Node 53: 14.869313716888428 
2023-03-09 02:29:12,179 dumbo.py [line:220] run_bft INFO Current Block's TPS at Node 53: 225.56521866846876 
2023-03-09 02:29:27,052 dumbo.py [line:217] run_bft INFO Node 53 Delivers ACS Block in Round 43 with having 3354 TXs 
2023-03-09 02:29:27,052 dumbo.py [line:219] run_bft INFO ACS Block Delay at Node 53: 14.872483730316162 
2023-03-09 02:29:27,052 dumbo.py [line:220] run_bft INFO Current Block's TPS at Node 53: 225.51714029871056 
2023-03-09 02:29:41,578 dumbo.py [line:217] run_bft INFO Node 53 Delivers ACS Block in Round 44 with having 3354 TXs 
2023-03-09 02:29:41,578 dumbo.py [line:219] run_bft INFO ACS Block Delay at Node 53: 14.525992631912231 
2023-03-09 02:29:41,578 dumbo.py [line:220] run_bft INFO Current Block's TPS at Node 53: 230.8964409517584 
2023-03-09 02:29:56,475 dumbo.py [line:217] run_bft INFO Node 53 Delivers ACS Block in Round 45 with having 3354 TXs 
2023-03-09 02:29:56,475 dumbo.py [line:219] run_bft INFO ACS Block Delay at Node 53: 14.89722466468811 
2023-03-09 02:29:56,475 dumbo.py [line:220] run_bft INFO Current Block's TPS at Node 53: 225.14260712938102 
2023-03-09 02:30:11,117 dumbo.py [line:217] run_bft INFO Node 53 Delivers ACS Block in Round 46 with having 3354 TXs 
2023-03-09 02:30:11,117 dumbo.py [line:219] run_bft INFO ACS Block Delay at Node 53: 14.641534805297852 
2023-03-09 02:30:11,117 dumbo.py [line:220] run_bft INFO Current Block's TPS at Node 53: 229.0743453197542 
2023-03-09 02:30:25,907 dumbo.py [line:217] run_bft INFO Node 53 Delivers ACS Block in Round 47 with having 3354 TXs 
2023-03-09 02:30:25,907 dumbo.py [line:219] run_bft INFO ACS Block Delay at Node 53: 14.790266752243042 
2023-03-09 02:30:25,907 dumbo.py [line:220] run_bft INFO Current Block's TPS at Node 53: 226.77075783581412 
2023-03-09 02:30:40,672 dumbo.py [line:217] run_bft INFO Node 53 Delivers ACS Block in Round 48 with having 3354 TXs 
2023-03-09 02:30:40,672 dumbo.py [line:219] run_bft INFO ACS Block Delay at Node 53: 14.764500617980957 
2023-03-09 02:30:40,672 dumbo.py [line:220] run_bft INFO Current Block's TPS at Node 53: 227.16650476585227 
2023-03-09 02:30:55,503 dumbo.py [line:217] run_bft INFO Node 53 Delivers ACS Block in Round 49 with having 3354 TXs 
2023-03-09 02:30:55,503 dumbo.py [line:219] run_bft INFO ACS Block Delay at Node 53: 14.831582307815552 
2023-03-09 02:30:55,503 dumbo.py [line:220] run_bft INFO Current Block's TPS at Node 53: 226.13905451157416 
2023-03-09 02:31:10,138 dumbo.py [line:217] run_bft INFO Node 53 Delivers ACS Block in Round 50 with having 3354 TXs 
2023-03-09 02:31:10,139 dumbo.py [line:219] run_bft INFO ACS Block Delay at Node 53: 14.635185241699219 
2023-03-09 02:31:10,139 dumbo.py [line:220] run_bft INFO Current Block's TPS at Node 53: 229.1737306094107 
2023-03-09 02:31:24,904 dumbo.py [line:217] run_bft INFO Node 53 Delivers ACS Block in Round 51 with having 3354 TXs 
2023-03-09 02:31:24,904 dumbo.py [line:219] run_bft INFO ACS Block Delay at Node 53: 14.765496969223022 
2023-03-09 02:31:24,904 dumbo.py [line:220] run_bft INFO Current Block's TPS at Node 53: 227.1511759469408 
2023-03-09 02:31:39,537 dumbo.py [line:217] run_bft INFO Node 53 Delivers ACS Block in Round 52 with having 3354 TXs 
2023-03-09 02:31:39,537 dumbo.py [line:219] run_bft INFO ACS Block Delay at Node 53: 14.632385015487671 
2023-03-09 02:31:39,537 dumbo.py [line:220] run_bft INFO Current Block's TPS at Node 53: 229.21758800427637 
2023-03-09 02:31:54,368 dumbo.py [line:217] run_bft INFO Node 53 Delivers ACS Block in Round 53 with having 3354 TXs 
2023-03-09 02:31:54,369 dumbo.py [line:219] run_bft INFO ACS Block Delay at Node 53: 14.831945657730103 
2023-03-09 02:31:54,369 dumbo.py [line:220] run_bft INFO Current Block's TPS at Node 53: 226.13351460413185 
2023-03-09 02:32:09,083 dumbo.py [line:217] run_bft INFO Node 53 Delivers ACS Block in Round 54 with having 3354 TXs 
2023-03-09 02:32:09,084 dumbo.py [line:219] run_bft INFO ACS Block Delay at Node 53: 14.714798927307129 
2023-03-09 02:32:09,084 dumbo.py [line:220] run_bft INFO Current Block's TPS at Node 53: 227.933797571354 
2023-03-09 02:32:23,884 dumbo.py [line:217] run_bft INFO Node 53 Delivers ACS Block in Round 55 with having 3354 TXs 
2023-03-09 02:32:23,884 dumbo.py [line:219] run_bft INFO ACS Block Delay at Node 53: 14.800256490707397 
2023-03-09 02:32:23,884 dumbo.py [line:220] run_bft INFO Current Block's TPS at Node 53: 226.61769423427683 
2023-03-09 02:32:38,691 dumbo.py [line:217] run_bft INFO Node 53 Delivers ACS Block in Round 56 with having 3354 TXs 
2023-03-09 02:32:38,691 dumbo.py [line:219] run_bft INFO ACS Block Delay at Node 53: 14.807320356369019 
2023-03-09 02:32:38,691 dumbo.py [line:220] run_bft INFO Current Block's TPS at Node 53: 226.5095857507639 
2023-03-09 02:32:53,547 dumbo.py [line:217] run_bft INFO Node 53 Delivers ACS Block in Round 57 with having 3354 TXs 
2023-03-09 02:32:53,547 dumbo.py [line:219] run_bft INFO ACS Block Delay at Node 53: 14.855526685714722 
2023-03-09 02:32:53,547 dumbo.py [line:220] run_bft INFO Current Block's TPS at Node 53: 225.77455993029534 
2023-03-09 02:33:08,207 dumbo.py [line:217] run_bft INFO Node 53 Delivers ACS Block in Round 58 with having 3354 TXs 
2023-03-09 02:33:08,207 dumbo.py [line:219] run_bft INFO ACS Block Delay at Node 53: 14.660441875457764 
2023-03-09 02:33:08,207 dumbo.py [line:220] run_bft INFO Current Block's TPS at Node 53: 228.77891597624668 
2023-03-09 02:33:22,970 dumbo.py [line:217] run_bft INFO Node 53 Delivers ACS Block in Round 59 with having 3354 TXs 
2023-03-09 02:33:22,970 dumbo.py [line:219] run_bft INFO ACS Block Delay at Node 53: 14.762413263320923 
2023-03-09 02:33:22,970 dumbo.py [line:220] run_bft INFO Current Block's TPS at Node 53: 227.1986253313634 
2023-03-09 02:33:37,891 dumbo.py [line:217] run_bft INFO Node 53 Delivers ACS Block in Round 60 with having 3354 TXs 
2023-03-09 02:33:37,892 dumbo.py [line:219] run_bft INFO ACS Block Delay at Node 53: 14.921502590179443 
2023-03-09 02:33:37,892 dumbo.py [line:220] run_bft INFO Current Block's TPS at Node 53: 224.77629043923687 
2023-03-09 02:33:52,490 dumbo.py [line:217] run_bft INFO Node 53 Delivers ACS Block in Round 61 with having 3354 TXs 
2023-03-09 02:33:52,490 dumbo.py [line:219] run_bft INFO ACS Block Delay at Node 53: 14.598157167434692 
2023-03-09 02:33:52,490 dumbo.py [line:220] run_bft INFO Current Block's TPS at Node 53: 229.75502740044772 
2023-03-09 02:34:07,354 dumbo.py [line:217] run_bft INFO Node 53 Delivers ACS Block in Round 62 with having 3354 TXs 
2023-03-09 02:34:07,354 dumbo.py [line:219] run_bft INFO ACS Block Delay at Node 53: 14.864593267440796 
2023-03-09 02:34:07,355 dumbo.py [line:220] run_bft INFO Current Block's TPS at Node 53: 225.63684990604864 
2023-03-09 02:34:22,127 dumbo.py [line:217] run_bft INFO Node 53 Delivers ACS Block in Round 63 with having 3354 TXs 
2023-03-09 02:34:22,128 dumbo.py [line:219] run_bft INFO ACS Block Delay at Node 53: 14.773106575012207 
2023-03-09 02:34:22,128 dumbo.py [line:220] run_bft INFO Current Block's TPS at Node 53: 227.0341707053737 
2023-03-09 02:34:37,017 dumbo.py [line:217] run_bft INFO Node 53 Delivers ACS Block in Round 64 with having 3354 TXs 
2023-03-09 02:34:37,017 dumbo.py [line:219] run_bft INFO ACS Block Delay at Node 53: 14.889402866363525 
2023-03-09 02:34:37,017 dumbo.py [line:220] run_bft INFO Current Block's TPS at Node 53: 225.2608805136828 
2023-03-09 02:34:51,952 dumbo.py [line:217] run_bft INFO Node 53 Delivers ACS Block in Round 65 with having 3354 TXs 
2023-03-09 02:34:51,953 dumbo.py [line:219] run_bft INFO ACS Block Delay at Node 53: 14.93548035621643 
2023-03-09 02:34:51,953 dumbo.py [line:220] run_bft INFO Current Block's TPS at Node 53: 224.56592757687915 
2023-03-09 02:35:06,974 dumbo.py [line:217] run_bft INFO Node 53 Delivers ACS Block in Round 66 with having 3354 TXs 
2023-03-09 02:35:06,974 dumbo.py [line:219] run_bft INFO ACS Block Delay at Node 53: 15.021623134613037 
2023-03-09 02:35:06,975 dumbo.py [line:220] run_bft INFO Current Block's TPS at Node 53: 223.27813512187413 
2023-03-09 02:35:21,490 dumbo.py [line:217] run_bft INFO Node 53 Delivers ACS Block in Round 67 with having 3354 TXs 
2023-03-09 02:35:21,490 dumbo.py [line:219] run_bft INFO ACS Block Delay at Node 53: 14.515265703201294 
2023-03-09 02:35:21,490 dumbo.py [line:220] run_bft INFO Current Block's TPS at Node 53: 231.06707576563937 
2023-03-09 02:35:36,175 dumbo.py [line:217] run_bft INFO Node 53 Delivers ACS Block in Round 68 with having 3354 TXs 
2023-03-09 02:35:36,175 dumbo.py [line:219] run_bft INFO ACS Block Delay at Node 53: 14.68545937538147 
2023-03-09 02:35:36,175 dumbo.py [line:220] run_bft INFO Current Block's TPS at Node 53: 228.3891783203327 
2023-03-09 02:35:50,880 dumbo.py [line:217] run_bft INFO Node 53 Delivers ACS Block in Round 69 with having 3354 TXs 
2023-03-09 02:35:50,880 dumbo.py [line:219] run_bft INFO ACS Block Delay at Node 53: 14.704719305038452 
2023-03-09 02:35:50,880 dumbo.py [line:220] run_bft INFO Current Block's TPS at Node 53: 228.09003901562264 
2023-03-09 02:36:05,603 dumbo.py [line:217] run_bft INFO Node 53 Delivers ACS Block in Round 70 with having 3354 TXs 
2023-03-09 02:36:05,603 dumbo.py [line:219] run_bft INFO ACS Block Delay at Node 53: 14.72306227684021 
2023-03-09 02:36:05,603 dumbo.py [line:220] run_bft INFO Current Block's TPS at Node 53: 227.80586925017195 
2023-03-09 02:36:20,413 dumbo.py [line:217] run_bft INFO Node 53 Delivers ACS Block in Round 71 with having 3354 TXs 
2023-03-09 02:36:20,413 dumbo.py [line:219] run_bft INFO ACS Block Delay at Node 53: 14.809519052505493 
2023-03-09 02:36:20,413 dumbo.py [line:220] run_bft INFO Current Block's TPS at Node 53: 226.47595699149772 
2023-03-09 02:36:34,976 dumbo.py [line:217] run_bft INFO Node 53 Delivers ACS Block in Round 72 with having 3354 TXs 
2023-03-09 02:36:34,976 dumbo.py [line:219] run_bft INFO ACS Block Delay at Node 53: 14.563217639923096 
2023-03-09 02:36:34,976 dumbo.py [line:220] run_bft INFO Current Block's TPS at Node 53: 230.30624707588396 
2023-03-09 02:36:49,617 dumbo.py [line:217] run_bft INFO Node 53 Delivers ACS Block in Round 73 with having 3354 TXs 
2023-03-09 02:36:49,617 dumbo.py [line:219] run_bft INFO ACS Block Delay at Node 53: 14.640870094299316 
2023-03-09 02:36:49,617 dumbo.py [line:220] run_bft INFO Current Block's TPS at Node 53: 229.0847455374896 
2023-03-09 02:37:04,402 dumbo.py [line:217] run_bft INFO Node 53 Delivers ACS Block in Round 74 with having 3354 TXs 
2023-03-09 02:37:04,402 dumbo.py [line:219] run_bft INFO ACS Block Delay at Node 53: 14.784477472305298 
2023-03-09 02:37:04,402 dumbo.py [line:220] run_bft INFO Current Block's TPS at Node 53: 226.85955633418953 
2023-03-09 02:37:19,168 dumbo.py [line:217] run_bft INFO Node 53 Delivers ACS Block in Round 75 with having 3354 TXs 
2023-03-09 02:37:19,168 dumbo.py [line:219] run_bft INFO ACS Block Delay at Node 53: 14.765976190567017 
2023-03-09 02:37:19,168 dumbo.py [line:220] run_bft INFO Current Block's TPS at Node 53: 227.1438038849503 
2023-03-09 02:37:34,030 dumbo.py [line:217] run_bft INFO Node 53 Delivers ACS Block in Round 76 with having 3354 TXs 
2023-03-09 02:37:34,030 dumbo.py [line:219] run_bft INFO ACS Block Delay at Node 53: 14.862147331237793 
2023-03-09 02:37:34,030 dumbo.py [line:220] run_bft INFO Current Block's TPS at Node 53: 225.67398406490312 
2023-03-09 02:37:49,058 dumbo.py [line:217] run_bft INFO Node 53 Delivers ACS Block in Round 77 with having 3354 TXs 
2023-03-09 02:37:49,058 dumbo.py [line:219] run_bft INFO ACS Block Delay at Node 53: 15.028228044509888 
2023-03-09 02:37:49,058 dumbo.py [line:220] run_bft INFO Current Block's TPS at Node 53: 223.18000432694282 
2023-03-09 02:38:03,718 dumbo.py [line:217] run_bft INFO Node 53 Delivers ACS Block in Round 78 with having 3354 TXs 
2023-03-09 02:38:03,718 dumbo.py [line:219] run_bft INFO ACS Block Delay at Node 53: 14.659756660461426 
2023-03-09 02:38:03,718 dumbo.py [line:220] run_bft INFO Current Block's TPS at Node 53: 228.78960938321814 
2023-03-09 02:38:18,451 dumbo.py [line:217] run_bft INFO Node 53 Delivers ACS Block in Round 79 with having 3354 TXs 
2023-03-09 02:38:18,452 dumbo.py [line:219] run_bft INFO ACS Block Delay at Node 53: 14.733410120010376 
2023-03-09 02:38:18,452 dumbo.py [line:220] run_bft INFO Current Block's TPS at Node 53: 227.64587238664595 
2023-03-09 02:38:33,208 dumbo.py [line:217] run_bft INFO Node 53 Delivers ACS Block in Round 80 with having 3354 TXs 
2023-03-09 02:38:33,208 dumbo.py [line:219] run_bft INFO ACS Block Delay at Node 53: 14.756495714187622 
2023-03-09 02:38:33,208 dumbo.py [line:220] run_bft INFO Current Block's TPS at Node 53: 227.28973497246363 
2023-03-09 02:38:47,849 dumbo.py [line:217] run_bft INFO Node 53 Delivers ACS Block in Round 81 with having 3354 TXs 
2023-03-09 02:38:47,849 dumbo.py [line:219] run_bft INFO ACS Block Delay at Node 53: 14.640700817108154 
2023-03-09 02:38:47,849 dumbo.py [line:220] run_bft INFO Current Block's TPS at Node 53: 229.08739423735355 
2023-03-09 02:39:02,627 dumbo.py [line:217] run_bft INFO Node 53 Delivers ACS Block in Round 82 with having 3354 TXs 
2023-03-09 02:39:02,627 dumbo.py [line:219] run_bft INFO ACS Block Delay at Node 53: 14.778438329696655 
2023-03-09 02:39:02,628 dumbo.py [line:220] run_bft INFO Current Block's TPS at Node 53: 226.95226147544136 
2023-03-09 02:39:17,443 dumbo.py [line:217] run_bft INFO Node 53 Delivers ACS Block in Round 83 with having 3354 TXs 
2023-03-09 02:39:17,443 dumbo.py [line:219] run_bft INFO ACS Block Delay at Node 53: 14.815667152404785 
2023-03-09 02:39:17,443 dumbo.py [line:220] run_bft INFO Current Block's TPS at Node 53: 226.38197561394324 
2023-03-09 02:39:32,169 dumbo.py [line:217] run_bft INFO Node 53 Delivers ACS Block in Round 84 with having 3354 TXs 
2023-03-09 02:39:32,170 dumbo.py [line:219] run_bft INFO ACS Block Delay at Node 53: 14.72619915008545 
2023-03-09 02:39:32,170 dumbo.py [line:220] run_bft INFO Current Block's TPS at Node 53: 227.75734361710965 
2023-03-09 02:39:46,929 dumbo.py [line:217] run_bft INFO Node 53 Delivers ACS Block in Round 85 with having 3354 TXs 
2023-03-09 02:39:46,929 dumbo.py [line:219] run_bft INFO ACS Block Delay at Node 53: 14.759313821792603 
2023-03-09 02:39:46,929 dumbo.py [line:220] run_bft INFO Current Block's TPS at Node 53: 227.24633682141177 
2023-03-09 02:40:01,821 dumbo.py [line:217] run_bft INFO Node 53 Delivers ACS Block in Round 86 with having 3354 TXs 
2023-03-09 02:40:01,821 dumbo.py [line:219] run_bft INFO ACS Block Delay at Node 53: 14.8924241065979 
2023-03-09 02:40:01,821 dumbo.py [line:220] run_bft INFO Current Block's TPS at Node 53: 225.2151816247331 
2023-03-09 02:40:16,533 dumbo.py [line:217] run_bft INFO Node 53 Delivers ACS Block in Round 87 with having 3354 TXs 
2023-03-09 02:40:16,533 dumbo.py [line:219] run_bft INFO ACS Block Delay at Node 53: 14.711921691894531 
2023-03-09 02:40:16,533 dumbo.py [line:220] run_bft INFO Current Block's TPS at Node 53: 227.97837496972755 
2023-03-09 02:40:31,202 dumbo.py [line:217] run_bft INFO Node 53 Delivers ACS Block in Round 88 with having 3354 TXs 
2023-03-09 02:40:31,202 dumbo.py [line:219] run_bft INFO ACS Block Delay at Node 53: 14.668775081634521 
2023-03-09 02:40:31,202 dumbo.py [line:220] run_bft INFO Current Block's TPS at Node 53: 228.64894862279587 
2023-03-09 02:40:46,371 dumbo.py [line:217] run_bft INFO Node 53 Delivers ACS Block in Round 89 with having 3354 TXs 
2023-03-09 02:40:46,371 dumbo.py [line:219] run_bft INFO ACS Block Delay at Node 53: 15.16871190071106 
2023-03-09 02:40:46,371 dumbo.py [line:220] run_bft INFO Current Block's TPS at Node 53: 221.11303991756714 
2023-03-09 02:41:00,974 dumbo.py [line:217] run_bft INFO Node 53 Delivers ACS Block in Round 90 with having 3354 TXs 
2023-03-09 02:41:00,974 dumbo.py [line:219] run_bft INFO ACS Block Delay at Node 53: 14.602937936782837 
2023-03-09 02:41:00,974 dumbo.py [line:220] run_bft INFO Current Block's TPS at Node 53: 229.67980926301993 
2023-03-09 02:41:15,583 dumbo.py [line:217] run_bft INFO Node 53 Delivers ACS Block in Round 91 with having 3354 TXs 
2023-03-09 02:41:15,583 dumbo.py [line:219] run_bft INFO ACS Block Delay at Node 53: 14.608850717544556 
2023-03-09 02:41:15,583 dumbo.py [line:220] run_bft INFO Current Block's TPS at Node 53: 229.58684874313903 
2023-03-09 02:41:30,355 dumbo.py [line:217] run_bft INFO Node 53 Delivers ACS Block in Round 92 with having 3354 TXs 
2023-03-09 02:41:30,355 dumbo.py [line:219] run_bft INFO ACS Block Delay at Node 53: 14.772296905517578 
2023-03-09 02:41:30,355 dumbo.py [line:220] run_bft INFO Current Block's TPS at Node 53: 227.0466144467522 
2023-03-09 02:41:45,171 dumbo.py [line:217] run_bft INFO Node 53 Delivers ACS Block in Round 93 with having 3354 TXs 
2023-03-09 02:41:45,171 dumbo.py [line:219] run_bft INFO ACS Block Delay at Node 53: 14.81546401977539 
2023-03-09 02:41:45,171 dumbo.py [line:220] run_bft INFO Current Block's TPS at Node 53: 226.38507950362856 
2023-03-09 02:42:00,121 dumbo.py [line:217] run_bft INFO Node 53 Delivers ACS Block in Round 94 with having 3354 TXs 
2023-03-09 02:42:00,121 dumbo.py [line:219] run_bft INFO ACS Block Delay at Node 53: 14.949788093566895 
2023-03-09 02:42:00,121 dumbo.py [line:220] run_bft INFO Current Block's TPS at Node 53: 224.35100611514846 
2023-03-09 02:42:14,829 dumbo.py [line:217] run_bft INFO Node 53 Delivers ACS Block in Round 95 with having 3354 TXs 
2023-03-09 02:42:14,829 dumbo.py [line:219] run_bft INFO ACS Block Delay at Node 53: 14.70844054222107 
2023-03-09 02:42:14,829 dumbo.py [line:220] run_bft INFO Current Block's TPS at Node 53: 228.03233220899463 
2023-03-09 02:42:29,535 dumbo.py [line:217] run_bft INFO Node 53 Delivers ACS Block in Round 96 with having 3354 TXs 
2023-03-09 02:42:29,535 dumbo.py [line:219] run_bft INFO ACS Block Delay at Node 53: 14.705811500549316 
2023-03-09 02:42:29,535 dumbo.py [line:220] run_bft INFO Current Block's TPS at Node 53: 228.0730988476709 
2023-03-09 02:42:44,252 dumbo.py [line:217] run_bft INFO Node 53 Delivers ACS Block in Round 97 with having 3354 TXs 
2023-03-09 02:42:44,253 dumbo.py [line:219] run_bft INFO ACS Block Delay at Node 53: 14.71729063987732 
2023-03-09 02:42:44,253 dumbo.py [line:220] run_bft INFO Current Block's TPS at Node 53: 227.8952072137619 
2023-03-09 02:42:59,003 dumbo.py [line:217] run_bft INFO Node 53 Delivers ACS Block in Round 98 with having 3354 TXs 
2023-03-09 02:42:59,003 dumbo.py [line:219] run_bft INFO ACS Block Delay at Node 53: 14.750105857849121 
2023-03-09 02:42:59,003 dumbo.py [line:220] run_bft INFO Current Block's TPS at Node 53: 227.3881985880937 
2023-03-09 02:43:13,895 dumbo.py [line:217] run_bft INFO Node 53 Delivers ACS Block in Round 99 with having 3354 TXs 
2023-03-09 02:43:13,895 dumbo.py [line:219] run_bft INFO ACS Block Delay at Node 53: 14.891713857650757 
2023-03-09 02:43:13,895 dumbo.py [line:220] run_bft INFO Current Block's TPS at Node 53: 225.22592309123985 
2023-03-09 02:43:13,895 dumbo.py [line:241] run_bft INFO node 53 breaks in 1475.740615 seconds with total delivered Txs 335400 
