2023-03-10 09:54:16,451 dumbo_node.py [line:77] run INFO node 62's starts to run consensus on process id 3839393 
2023-03-10 09:54:16,452 dumbo_node.py [line:59] prepare_bootstrap INFO node id 62 is inserting dummy payload TXs 
2023-03-10 09:54:16,452 dumbo_node.py [line:68] prepare_bootstrap INFO node id 62 just inserts 50000 TXs 
2023-03-10 09:54:16,453 dumbo_node.py [line:68] prepare_bootstrap INFO node id 62 just inserts 50000 TXs 
2023-03-10 09:54:16,453 dumbo_node.py [line:68] prepare_bootstrap INFO node id 62 just inserts 50000 TXs 
2023-03-10 09:54:16,453 dumbo_node.py [line:68] prepare_bootstrap INFO node id 62 just inserts 50000 TXs 
2023-03-10 09:54:16,453 dumbo_node.py [line:68] prepare_bootstrap INFO node id 62 just inserts 50000 TXs 
2023-03-10 09:54:16,453 dumbo_node.py [line:68] prepare_bootstrap INFO node id 62 just inserts 50000 TXs 
2023-03-10 09:54:16,454 dumbo_node.py [line:68] prepare_bootstrap INFO node id 62 just inserts 50000 TXs 
2023-03-10 09:54:16,454 dumbo_node.py [line:68] prepare_bootstrap INFO node id 62 just inserts 50000 TXs 
2023-03-10 09:54:16,454 dumbo_node.py [line:68] prepare_bootstrap INFO node id 62 just inserts 50000 TXs 
2023-03-10 09:54:16,454 dumbo_node.py [line:68] prepare_bootstrap INFO node id 62 just inserts 50000 TXs 
2023-03-10 09:54:16,454 dumbo_node.py [line:68] prepare_bootstrap INFO node id 62 just inserts 50000 TXs 
2023-03-10 09:54:16,455 dumbo_node.py [line:68] prepare_bootstrap INFO node id 62 just inserts 50000 TXs 
2023-03-10 09:54:16,455 dumbo_node.py [line:68] prepare_bootstrap INFO node id 62 just inserts 50000 TXs 
2023-03-10 09:54:16,455 dumbo_node.py [line:68] prepare_bootstrap INFO node id 62 just inserts 50000 TXs 
2023-03-10 09:54:16,455 dumbo_node.py [line:68] prepare_bootstrap INFO node id 62 just inserts 50000 TXs 
2023-03-10 09:54:16,456 dumbo_node.py [line:68] prepare_bootstrap INFO node id 62 just inserts 50000 TXs 
2023-03-10 09:54:16,456 dumbo_node.py [line:68] prepare_bootstrap INFO node id 62 just inserts 50000 TXs 
2023-03-10 09:54:16,456 dumbo_node.py [line:68] prepare_bootstrap INFO node id 62 just inserts 50000 TXs 
2023-03-10 09:54:16,456 dumbo_node.py [line:68] prepare_bootstrap INFO node id 62 just inserts 50000 TXs 
2023-03-10 09:54:16,457 dumbo_node.py [line:68] prepare_bootstrap INFO node id 62 just inserts 50000 TXs 
2023-03-10 09:54:16,457 dumbo_node.py [line:68] prepare_bootstrap INFO node id 62 just inserts 50000 TXs 
2023-03-10 09:54:16,457 dumbo_node.py [line:68] prepare_bootstrap INFO node id 62 just inserts 50000 TXs 
2023-03-10 09:54:16,457 dumbo_node.py [line:68] prepare_bootstrap INFO node id 62 just inserts 50000 TXs 
2023-03-10 09:54:16,457 dumbo_node.py [line:68] prepare_bootstrap INFO node id 62 just inserts 50000 TXs 
2023-03-10 09:54:16,458 dumbo_node.py [line:68] prepare_bootstrap INFO node id 62 just inserts 50000 TXs 
2023-03-10 09:54:16,458 dumbo_node.py [line:68] prepare_bootstrap INFO node id 62 just inserts 50000 TXs 
2023-03-10 09:54:16,458 dumbo_node.py [line:68] prepare_bootstrap INFO node id 62 just inserts 50000 TXs 
2023-03-10 09:54:16,458 dumbo_node.py [line:68] prepare_bootstrap INFO node id 62 just inserts 50000 TXs 
2023-03-10 09:54:16,459 dumbo_node.py [line:68] prepare_bootstrap INFO node id 62 just inserts 50000 TXs 
2023-03-10 09:54:16,459 dumbo_node.py [line:68] prepare_bootstrap INFO node id 62 just inserts 50000 TXs 
2023-03-10 09:54:16,459 dumbo_node.py [line:68] prepare_bootstrap INFO node id 62 just inserts 50000 TXs 
2023-03-10 09:54:16,459 dumbo_node.py [line:68] prepare_bootstrap INFO node id 62 just inserts 50000 TXs 
2023-03-10 09:54:16,459 dumbo_node.py [line:68] prepare_bootstrap INFO node id 62 just inserts 50000 TXs 
2023-03-10 09:54:16,460 dumbo_node.py [line:68] prepare_bootstrap INFO node id 62 just inserts 50000 TXs 
2023-03-10 09:54:16,460 dumbo_node.py [line:68] prepare_bootstrap INFO node id 62 just inserts 50000 TXs 
2023-03-10 09:54:16,460 dumbo_node.py [line:68] prepare_bootstrap INFO node id 62 just inserts 50000 TXs 
2023-03-10 09:54:16,460 dumbo_node.py [line:68] prepare_bootstrap INFO node id 62 just inserts 50000 TXs 
2023-03-10 09:54:16,461 dumbo_node.py [line:68] prepare_bootstrap INFO node id 62 just inserts 50000 TXs 
2023-03-10 09:54:16,461 dumbo_node.py [line:68] prepare_bootstrap INFO node id 62 just inserts 50000 TXs 
2023-03-10 09:54:16,461 dumbo_node.py [line:68] prepare_bootstrap INFO node id 62 just inserts 50000 TXs 
2023-03-10 09:54:16,461 dumbo_node.py [line:68] prepare_bootstrap INFO node id 62 just inserts 50000 TXs 
2023-03-10 09:54:16,461 dumbo_node.py [line:68] prepare_bootstrap INFO node id 62 just inserts 50000 TXs 
2023-03-10 09:54:16,462 dumbo_node.py [line:68] prepare_bootstrap INFO node id 62 just inserts 50000 TXs 
2023-03-10 09:54:16,462 dumbo_node.py [line:68] prepare_bootstrap INFO node id 62 just inserts 50000 TXs 
2023-03-10 09:54:16,462 dumbo_node.py [line:68] prepare_bootstrap INFO node id 62 just inserts 50000 TXs 
2023-03-10 09:54:16,462 dumbo_node.py [line:68] prepare_bootstrap INFO node id 62 just inserts 50000 TXs 
2023-03-10 09:54:16,463 dumbo_node.py [line:68] prepare_bootstrap INFO node id 62 just inserts 50000 TXs 
2023-03-10 09:54:16,463 dumbo_node.py [line:68] prepare_bootstrap INFO node id 62 just inserts 50000 TXs 
2023-03-10 09:54:16,463 dumbo_node.py [line:68] prepare_bootstrap INFO node id 62 just inserts 50000 TXs 
2023-03-10 09:54:16,463 dumbo_node.py [line:68] prepare_bootstrap INFO node id 62 just inserts 50000 TXs 
2023-03-10 09:54:16,463 dumbo_node.py [line:68] prepare_bootstrap INFO node id 62 just inserts 50000 TXs 
2023-03-10 09:54:16,463 dumbo_node.py [line:68] prepare_bootstrap INFO node id 62 just inserts 50000 TXs 
2023-03-10 09:54:16,463 dumbo_node.py [line:68] prepare_bootstrap INFO node id 62 just inserts 50000 TXs 
2023-03-10 09:54:16,463 dumbo_node.py [line:68] prepare_bootstrap INFO node id 62 just inserts 50000 TXs 
2023-03-10 09:54:16,464 dumbo_node.py [line:68] prepare_bootstrap INFO node id 62 just inserts 50000 TXs 
2023-03-10 09:54:16,464 dumbo_node.py [line:68] prepare_bootstrap INFO node id 62 just inserts 50000 TXs 
2023-03-10 09:54:16,464 dumbo_node.py [line:68] prepare_bootstrap INFO node id 62 just inserts 50000 TXs 
2023-03-10 09:54:16,464 dumbo_node.py [line:68] prepare_bootstrap INFO node id 62 just inserts 50000 TXs 
2023-03-10 09:54:16,464 dumbo_node.py [line:68] prepare_bootstrap INFO node id 62 just inserts 50000 TXs 
2023-03-10 09:54:16,464 dumbo_node.py [line:68] prepare_bootstrap INFO node id 62 just inserts 50000 TXs 
2023-03-10 09:54:16,464 dumbo_node.py [line:68] prepare_bootstrap INFO node id 62 just inserts 50000 TXs 
2023-03-10 09:54:16,464 dumbo_node.py [line:68] prepare_bootstrap INFO node id 62 just inserts 50000 TXs 
2023-03-10 09:54:16,464 dumbo_node.py [line:68] prepare_bootstrap INFO node id 62 just inserts 50000 TXs 
2023-03-10 09:54:16,464 dumbo_node.py [line:68] prepare_bootstrap INFO node id 62 just inserts 50000 TXs 
2023-03-10 09:54:16,464 dumbo_node.py [line:68] prepare_bootstrap INFO node id 62 just inserts 50000 TXs 
2023-03-10 09:54:16,465 dumbo_node.py [line:68] prepare_bootstrap INFO node id 62 just inserts 50000 TXs 
2023-03-10 09:54:16,465 dumbo_node.py [line:68] prepare_bootstrap INFO node id 62 just inserts 50000 TXs 
2023-03-10 09:54:16,465 dumbo_node.py [line:68] prepare_bootstrap INFO node id 62 just inserts 50000 TXs 
2023-03-10 09:54:16,465 dumbo_node.py [line:68] prepare_bootstrap INFO node id 62 just inserts 50000 TXs 
2023-03-10 09:54:16,465 dumbo_node.py [line:68] prepare_bootstrap INFO node id 62 just inserts 50000 TXs 
2023-03-10 09:54:16,465 dumbo_node.py [line:68] prepare_bootstrap INFO node id 62 just inserts 50000 TXs 
2023-03-10 09:54:16,465 dumbo_node.py [line:68] prepare_bootstrap INFO node id 62 just inserts 50000 TXs 
2023-03-10 09:54:16,465 dumbo_node.py [line:68] prepare_bootstrap INFO node id 62 just inserts 50000 TXs 
2023-03-10 09:54:16,465 dumbo_node.py [line:68] prepare_bootstrap INFO node id 62 just inserts 50000 TXs 
2023-03-10 09:54:16,465 dumbo_node.py [line:68] prepare_bootstrap INFO node id 62 just inserts 50000 TXs 
2023-03-10 09:54:16,465 dumbo_node.py [line:68] prepare_bootstrap INFO node id 62 just inserts 50000 TXs 
2023-03-10 09:54:16,465 dumbo_node.py [line:68] prepare_bootstrap INFO node id 62 just inserts 50000 TXs 
2023-03-10 09:54:16,466 dumbo_node.py [line:68] prepare_bootstrap INFO node id 62 just inserts 50000 TXs 
2023-03-10 09:54:16,466 dumbo_node.py [line:68] prepare_bootstrap INFO node id 62 just inserts 50000 TXs 
2023-03-10 09:54:16,466 dumbo_node.py [line:68] prepare_bootstrap INFO node id 62 just inserts 50000 TXs 
2023-03-10 09:54:16,466 dumbo_node.py [line:68] prepare_bootstrap INFO node id 62 just inserts 50000 TXs 
2023-03-10 09:54:16,466 dumbo_node.py [line:68] prepare_bootstrap INFO node id 62 just inserts 50000 TXs 
2023-03-10 09:54:16,466 dumbo_node.py [line:68] prepare_bootstrap INFO node id 62 just inserts 50000 TXs 
2023-03-10 09:54:16,466 dumbo_node.py [line:68] prepare_bootstrap INFO node id 62 just inserts 50000 TXs 
2023-03-10 09:54:16,466 dumbo_node.py [line:68] prepare_bootstrap INFO node id 62 just inserts 50000 TXs 
2023-03-10 09:54:16,466 dumbo_node.py [line:68] prepare_bootstrap INFO node id 62 just inserts 50000 TXs 
2023-03-10 09:54:16,466 dumbo_node.py [line:68] prepare_bootstrap INFO node id 62 just inserts 50000 TXs 
2023-03-10 09:54:16,466 dumbo_node.py [line:68] prepare_bootstrap INFO node id 62 just inserts 50000 TXs 
2023-03-10 09:54:16,466 dumbo_node.py [line:68] prepare_bootstrap INFO node id 62 just inserts 50000 TXs 
2023-03-10 09:54:16,467 dumbo_node.py [line:68] prepare_bootstrap INFO node id 62 just inserts 50000 TXs 
2023-03-10 09:54:16,467 dumbo_node.py [line:68] prepare_bootstrap INFO node id 62 just inserts 50000 TXs 
2023-03-10 09:54:16,467 dumbo_node.py [line:68] prepare_bootstrap INFO node id 62 just inserts 50000 TXs 
2023-03-10 09:54:16,467 dumbo_node.py [line:68] prepare_bootstrap INFO node id 62 just inserts 50000 TXs 
2023-03-10 09:54:16,467 dumbo_node.py [line:68] prepare_bootstrap INFO node id 62 just inserts 50000 TXs 
2023-03-10 09:54:16,467 dumbo_node.py [line:68] prepare_bootstrap INFO node id 62 just inserts 50000 TXs 
2023-03-10 09:54:16,467 dumbo_node.py [line:68] prepare_bootstrap INFO node id 62 just inserts 50000 TXs 
2023-03-10 09:54:16,467 dumbo_node.py [line:68] prepare_bootstrap INFO node id 62 just inserts 50000 TXs 
2023-03-10 09:54:16,467 dumbo_node.py [line:68] prepare_bootstrap INFO node id 62 just inserts 50000 TXs 
2023-03-10 09:54:16,467 dumbo_node.py [line:68] prepare_bootstrap INFO node id 62 just inserts 50000 TXs 
2023-03-10 09:54:16,467 dumbo_node.py [line:68] prepare_bootstrap INFO node id 62 just inserts 50000 TXs 
2023-03-10 09:54:16,467 dumbo_node.py [line:72] prepare_bootstrap INFO node id 62 completed the loading of dummy TXs 
2023-03-10 09:54:16,468 dumbo.py [line:179] run_bft INFO Node 62 starts to run at time:1678442056.4680743 
2023-03-10 09:54:30,429 dumbo.py [line:217] run_bft INFO Node 62 Delivers ACS Block in Round 0 with having 3354 TXs 
2023-03-10 09:54:30,429 dumbo.py [line:219] run_bft INFO ACS Block Delay at Node 62: 13.961143493652344 
2023-03-10 09:54:30,429 dumbo.py [line:220] run_bft INFO Current Block's TPS at Node 62: 240.23820122792588 
2023-03-10 09:54:44,484 dumbo.py [line:217] run_bft INFO Node 62 Delivers ACS Block in Round 1 with having 3354 TXs 
2023-03-10 09:54:44,484 dumbo.py [line:219] run_bft INFO ACS Block Delay at Node 62: 14.054903984069824 
2023-03-10 09:54:44,484 dumbo.py [line:220] run_bft INFO Current Block's TPS at Node 62: 238.63556832558277 
2023-03-10 09:54:58,544 dumbo.py [line:217] run_bft INFO Node 62 Delivers ACS Block in Round 2 with having 3354 TXs 
2023-03-10 09:54:58,544 dumbo.py [line:219] run_bft INFO ACS Block Delay at Node 62: 14.059885025024414 
2023-03-10 09:54:58,544 dumbo.py [line:220] run_bft INFO Current Block's TPS at Node 62: 238.55102613075428 
2023-03-10 09:55:12,527 dumbo.py [line:217] run_bft INFO Node 62 Delivers ACS Block in Round 3 with having 3354 TXs 
2023-03-10 09:55:12,527 dumbo.py [line:219] run_bft INFO ACS Block Delay at Node 62: 13.983552694320679 
2023-03-10 09:55:12,527 dumbo.py [line:220] run_bft INFO Current Block's TPS at Node 62: 239.85320993299533 
2023-03-10 09:55:26,613 dumbo.py [line:217] run_bft INFO Node 62 Delivers ACS Block in Round 4 with having 3354 TXs 
2023-03-10 09:55:26,613 dumbo.py [line:219] run_bft INFO ACS Block Delay at Node 62: 14.085540533065796 
2023-03-10 09:55:26,613 dumbo.py [line:220] run_bft INFO Current Block's TPS at Node 62: 238.11652752171545 
2023-03-10 09:55:40,623 dumbo.py [line:217] run_bft INFO Node 62 Delivers ACS Block in Round 5 with having 3354 TXs 
2023-03-10 09:55:40,624 dumbo.py [line:219] run_bft INFO ACS Block Delay at Node 62: 14.010616540908813 
2023-03-10 09:55:40,624 dumbo.py [line:220] run_bft INFO Current Block's TPS at Node 62: 239.38989338597938 
2023-03-10 09:55:54,778 dumbo.py [line:217] run_bft INFO Node 62 Delivers ACS Block in Round 6 with having 3354 TXs 
2023-03-10 09:55:54,779 dumbo.py [line:219] run_bft INFO ACS Block Delay at Node 62: 14.1547532081604 
2023-03-10 09:55:54,779 dumbo.py [line:220] run_bft INFO Current Block's TPS at Node 62: 236.95220613711408 
2023-03-10 09:56:08,734 dumbo.py [line:217] run_bft INFO Node 62 Delivers ACS Block in Round 7 with having 3354 TXs 
2023-03-10 09:56:08,734 dumbo.py [line:219] run_bft INFO ACS Block Delay at Node 62: 13.955254077911377 
2023-03-10 09:56:08,734 dumbo.py [line:220] run_bft INFO Current Block's TPS at Node 62: 240.33958688783534 
2023-03-10 09:56:22,791 dumbo.py [line:217] run_bft INFO Node 62 Delivers ACS Block in Round 8 with having 3354 TXs 
2023-03-10 09:56:22,791 dumbo.py [line:219] run_bft INFO ACS Block Delay at Node 62: 14.05695366859436 
2023-03-10 09:56:22,791 dumbo.py [line:220] run_bft INFO Current Block's TPS at Node 62: 238.60077219244238 
2023-03-10 09:56:36,908 dumbo.py [line:217] run_bft INFO Node 62 Delivers ACS Block in Round 9 with having 3354 TXs 
2023-03-10 09:56:36,909 dumbo.py [line:219] run_bft INFO ACS Block Delay at Node 62: 14.117556095123291 
2023-03-10 09:56:36,909 dumbo.py [line:220] run_bft INFO Current Block's TPS at Node 62: 237.5765307678566 
2023-03-10 09:56:50,929 dumbo.py [line:217] run_bft INFO Node 62 Delivers ACS Block in Round 10 with having 3354 TXs 
2023-03-10 09:56:50,929 dumbo.py [line:219] run_bft INFO ACS Block Delay at Node 62: 14.02047610282898 
2023-03-10 09:56:50,929 dumbo.py [line:220] run_bft INFO Current Block's TPS at Node 62: 239.221548212849 
2023-03-10 09:57:05,035 dumbo.py [line:217] run_bft INFO Node 62 Delivers ACS Block in Round 11 with having 3354 TXs 
2023-03-10 09:57:05,036 dumbo.py [line:219] run_bft INFO ACS Block Delay at Node 62: 14.106456518173218 
2023-03-10 09:57:05,036 dumbo.py [line:220] run_bft INFO Current Block's TPS at Node 62: 237.76346637293872 
2023-03-10 09:57:19,148 dumbo.py [line:217] run_bft INFO Node 62 Delivers ACS Block in Round 12 with having 3354 TXs 
2023-03-10 09:57:19,148 dumbo.py [line:219] run_bft INFO ACS Block Delay at Node 62: 14.11234712600708 
2023-03-10 09:57:19,148 dumbo.py [line:220] run_bft INFO Current Block's TPS at Node 62: 237.6642219789965 
2023-03-10 09:57:33,136 dumbo.py [line:217] run_bft INFO Node 62 Delivers ACS Block in Round 13 with having 3354 TXs 
2023-03-10 09:57:33,136 dumbo.py [line:219] run_bft INFO ACS Block Delay at Node 62: 13.98764157295227 
2023-03-10 09:57:33,136 dumbo.py [line:220] run_bft INFO Current Block's TPS at Node 62: 239.7830958498099 
2023-03-10 09:57:47,208 dumbo.py [line:217] run_bft INFO Node 62 Delivers ACS Block in Round 14 with having 3354 TXs 
2023-03-10 09:57:47,209 dumbo.py [line:219] run_bft INFO ACS Block Delay at Node 62: 14.072745561599731 
2023-03-10 09:57:47,209 dumbo.py [line:220] run_bft INFO Current Block's TPS at Node 62: 238.33302359647942 
2023-03-10 09:58:01,264 dumbo.py [line:217] run_bft INFO Node 62 Delivers ACS Block in Round 15 with having 3354 TXs 
2023-03-10 09:58:01,264 dumbo.py [line:219] run_bft INFO ACS Block Delay at Node 62: 14.055711030960083 
2023-03-10 09:58:01,264 dumbo.py [line:220] run_bft INFO Current Block's TPS at Node 62: 238.62186641517084 
2023-03-10 09:58:15,140 dumbo.py [line:217] run_bft INFO Node 62 Delivers ACS Block in Round 16 with having 3354 TXs 
2023-03-10 09:58:15,140 dumbo.py [line:219] run_bft INFO ACS Block Delay at Node 62: 13.875508546829224 
2023-03-10 09:58:15,140 dumbo.py [line:220] run_bft INFO Current Block's TPS at Node 62: 241.72087017066073 
2023-03-10 09:58:29,241 dumbo.py [line:217] run_bft INFO Node 62 Delivers ACS Block in Round 17 with having 3354 TXs 
2023-03-10 09:58:29,241 dumbo.py [line:219] run_bft INFO ACS Block Delay at Node 62: 14.101423025131226 
2023-03-10 09:58:29,241 dumbo.py [line:220] run_bft INFO Current Block's TPS at Node 62: 237.84833587522195 
2023-03-10 09:58:43,265 dumbo.py [line:217] run_bft INFO Node 62 Delivers ACS Block in Round 18 with having 3354 TXs 
2023-03-10 09:58:43,265 dumbo.py [line:219] run_bft INFO ACS Block Delay at Node 62: 14.023786067962646 
2023-03-10 09:58:43,265 dumbo.py [line:220] run_bft INFO Current Block's TPS at Node 62: 239.16508592941364 
2023-03-10 09:58:57,302 dumbo.py [line:217] run_bft INFO Node 62 Delivers ACS Block in Round 19 with having 3354 TXs 
2023-03-10 09:58:57,302 dumbo.py [line:219] run_bft INFO ACS Block Delay at Node 62: 14.036560297012329 
2023-03-10 09:58:57,302 dumbo.py [line:220] run_bft INFO Current Block's TPS at Node 62: 238.94742935802415 
2023-03-10 09:59:11,451 dumbo.py [line:217] run_bft INFO Node 62 Delivers ACS Block in Round 20 with having 3354 TXs 
2023-03-10 09:59:11,451 dumbo.py [line:219] run_bft INFO ACS Block Delay at Node 62: 14.148972034454346 
2023-03-10 09:59:11,451 dumbo.py [line:220] run_bft INFO Current Block's TPS at Node 62: 237.0490231963588 
2023-03-10 09:59:25,486 dumbo.py [line:217] run_bft INFO Node 62 Delivers ACS Block in Round 21 with having 3354 TXs 
2023-03-10 09:59:25,486 dumbo.py [line:219] run_bft INFO ACS Block Delay at Node 62: 14.034824132919312 
2023-03-10 09:59:25,486 dumbo.py [line:220] run_bft INFO Current Block's TPS at Node 62: 238.97698811437488 
2023-03-10 09:59:39,578 dumbo.py [line:217] run_bft INFO Node 62 Delivers ACS Block in Round 22 with having 3354 TXs 
2023-03-10 09:59:39,578 dumbo.py [line:219] run_bft INFO ACS Block Delay at Node 62: 14.09213399887085 
2023-03-10 09:59:39,578 dumbo.py [line:220] run_bft INFO Current Block's TPS at Node 62: 238.00511691619903 
2023-03-10 09:59:53,711 dumbo.py [line:217] run_bft INFO Node 62 Delivers ACS Block in Round 23 with having 3354 TXs 
2023-03-10 09:59:53,711 dumbo.py [line:219] run_bft INFO ACS Block Delay at Node 62: 14.133241415023804 
2023-03-10 09:59:53,711 dumbo.py [line:220] run_bft INFO Current Block's TPS at Node 62: 237.31286415546953 
2023-03-10 10:00:07,773 dumbo.py [line:217] run_bft INFO Node 62 Delivers ACS Block in Round 24 with having 3354 TXs 
2023-03-10 10:00:07,773 dumbo.py [line:219] run_bft INFO ACS Block Delay at Node 62: 14.061426877975464 
2023-03-10 10:00:07,773 dumbo.py [line:220] run_bft INFO Current Block's TPS at Node 62: 238.52486871395672 
2023-03-10 10:00:21,836 dumbo.py [line:217] run_bft INFO Node 62 Delivers ACS Block in Round 25 with having 3354 TXs 
2023-03-10 10:00:21,836 dumbo.py [line:219] run_bft INFO ACS Block Delay at Node 62: 14.062955379486084 
2023-03-10 10:00:21,836 dumbo.py [line:220] run_bft INFO Current Block's TPS at Node 62: 238.49894346479599 
2023-03-10 10:00:35,949 dumbo.py [line:217] run_bft INFO Node 62 Delivers ACS Block in Round 26 with having 3354 TXs 
2023-03-10 10:00:35,950 dumbo.py [line:219] run_bft INFO ACS Block Delay at Node 62: 14.113552570343018 
2023-03-10 10:00:35,950 dumbo.py [line:220] run_bft INFO Current Block's TPS at Node 62: 237.64392297994493 
2023-03-10 10:00:50,003 dumbo.py [line:217] run_bft INFO Node 62 Delivers ACS Block in Round 27 with having 3354 TXs 
2023-03-10 10:00:50,003 dumbo.py [line:219] run_bft INFO ACS Block Delay at Node 62: 14.053645133972168 
2023-03-10 10:00:50,003 dumbo.py [line:220] run_bft INFO Current Block's TPS at Node 62: 238.65694401890838 
2023-03-10 10:01:04,074 dumbo.py [line:217] run_bft INFO Node 62 Delivers ACS Block in Round 28 with having 3354 TXs 
2023-03-10 10:01:04,074 dumbo.py [line:219] run_bft INFO ACS Block Delay at Node 62: 14.070513486862183 
2023-03-10 10:01:04,074 dumbo.py [line:220] run_bft INFO Current Block's TPS at Node 62: 238.37083153586914 
2023-03-10 10:01:18,140 dumbo.py [line:217] run_bft INFO Node 62 Delivers ACS Block in Round 29 with having 3354 TXs 
2023-03-10 10:01:18,140 dumbo.py [line:219] run_bft INFO ACS Block Delay at Node 62: 14.065963745117188 
2023-03-10 10:01:18,140 dumbo.py [line:220] run_bft INFO Current Block's TPS at Node 62: 238.44793437380332 
2023-03-10 10:01:32,244 dumbo.py [line:217] run_bft INFO Node 62 Delivers ACS Block in Round 30 with having 3354 TXs 
2023-03-10 10:01:32,245 dumbo.py [line:219] run_bft INFO ACS Block Delay at Node 62: 14.104655981063843 
2023-03-10 10:01:32,245 dumbo.py [line:220] run_bft INFO Current Block's TPS at Node 62: 237.79381819045435 
2023-03-10 10:01:46,466 dumbo.py [line:217] run_bft INFO Node 62 Delivers ACS Block in Round 31 with having 3354 TXs 
2023-03-10 10:01:46,466 dumbo.py [line:219] run_bft INFO ACS Block Delay at Node 62: 14.221156597137451 
2023-03-10 10:01:46,466 dumbo.py [line:220] run_bft INFO Current Block's TPS at Node 62: 235.8457961622559 
2023-03-10 10:02:00,530 dumbo.py [line:217] run_bft INFO Node 62 Delivers ACS Block in Round 32 with having 3354 TXs 
2023-03-10 10:02:00,530 dumbo.py [line:219] run_bft INFO ACS Block Delay at Node 62: 14.064063310623169 
2023-03-10 10:02:00,530 dumbo.py [line:220] run_bft INFO Current Block's TPS at Node 62: 238.48015512462783 
2023-03-10 10:02:14,623 dumbo.py [line:217] run_bft INFO Node 62 Delivers ACS Block in Round 33 with having 3354 TXs 
2023-03-10 10:02:14,623 dumbo.py [line:219] run_bft INFO ACS Block Delay at Node 62: 14.092738628387451 
2023-03-10 10:02:14,623 dumbo.py [line:220] run_bft INFO Current Block's TPS at Node 62: 237.99490563487294 
2023-03-10 10:02:28,753 dumbo.py [line:217] run_bft INFO Node 62 Delivers ACS Block in Round 34 with having 3354 TXs 
2023-03-10 10:02:28,753 dumbo.py [line:219] run_bft INFO ACS Block Delay at Node 62: 14.129959344863892 
2023-03-10 10:02:28,753 dumbo.py [line:220] run_bft INFO Current Block's TPS at Node 62: 237.36798656955426 
2023-03-10 10:02:42,968 dumbo.py [line:217] run_bft INFO Node 62 Delivers ACS Block in Round 35 with having 3354 TXs 
2023-03-10 10:02:42,968 dumbo.py [line:219] run_bft INFO ACS Block Delay at Node 62: 14.215289115905762 
2023-03-10 10:02:42,968 dumbo.py [line:220] run_bft INFO Current Block's TPS at Node 62: 235.94314351631053 
2023-03-10 10:02:57,095 dumbo.py [line:217] run_bft INFO Node 62 Delivers ACS Block in Round 36 with having 3354 TXs 
2023-03-10 10:02:57,095 dumbo.py [line:219] run_bft INFO ACS Block Delay at Node 62: 14.127172231674194 
2023-03-10 10:02:57,095 dumbo.py [line:220] run_bft INFO Current Block's TPS at Node 62: 237.4148162843288 
2023-03-10 10:03:11,262 dumbo.py [line:217] run_bft INFO Node 62 Delivers ACS Block in Round 37 with having 3354 TXs 
2023-03-10 10:03:11,262 dumbo.py [line:219] run_bft INFO ACS Block Delay at Node 62: 14.16677975654602 
2023-03-10 10:03:11,262 dumbo.py [line:220] run_bft INFO Current Block's TPS at Node 62: 236.7510512366244 
2023-03-10 10:03:25,018 dumbo.py [line:217] run_bft INFO Node 62 Delivers ACS Block in Round 38 with having 3354 TXs 
2023-03-10 10:03:25,018 dumbo.py [line:219] run_bft INFO ACS Block Delay at Node 62: 13.755617618560791 
2023-03-10 10:03:25,018 dumbo.py [line:220] run_bft INFO Current Block's TPS at Node 62: 243.82765594431513 
2023-03-10 10:03:39,103 dumbo.py [line:217] run_bft INFO Node 62 Delivers ACS Block in Round 39 with having 3354 TXs 
2023-03-10 10:03:39,103 dumbo.py [line:219] run_bft INFO ACS Block Delay at Node 62: 14.08511757850647 
2023-03-10 10:03:39,103 dumbo.py [line:220] run_bft INFO Current Block's TPS at Node 62: 238.12367779720338 
2023-03-10 10:03:53,251 dumbo.py [line:217] run_bft INFO Node 62 Delivers ACS Block in Round 40 with having 3354 TXs 
2023-03-10 10:03:53,251 dumbo.py [line:219] run_bft INFO ACS Block Delay at Node 62: 14.147532939910889 
2023-03-10 10:03:53,251 dumbo.py [line:220] run_bft INFO Current Block's TPS at Node 62: 237.07313594854412 
2023-03-10 10:04:07,351 dumbo.py [line:217] run_bft INFO Node 62 Delivers ACS Block in Round 41 with having 3354 TXs 
2023-03-10 10:04:07,351 dumbo.py [line:219] run_bft INFO ACS Block Delay at Node 62: 14.100469589233398 
2023-03-10 10:04:07,351 dumbo.py [line:220] run_bft INFO Current Block's TPS at Node 62: 237.8644185411379 
2023-03-10 10:04:21,144 dumbo.py [line:217] run_bft INFO Node 62 Delivers ACS Block in Round 42 with having 3354 TXs 
2023-03-10 10:04:21,144 dumbo.py [line:219] run_bft INFO ACS Block Delay at Node 62: 13.793094158172607 
2023-03-10 10:04:21,145 dumbo.py [line:220] run_bft INFO Current Block's TPS at Node 62: 243.16516377963725 
2023-03-10 10:04:35,019 dumbo.py [line:217] run_bft INFO Node 62 Delivers ACS Block in Round 43 with having 3354 TXs 
2023-03-10 10:04:35,019 dumbo.py [line:219] run_bft INFO ACS Block Delay at Node 62: 13.874577760696411 
2023-03-10 10:04:35,019 dumbo.py [line:220] run_bft INFO Current Block's TPS at Node 62: 241.73708619091352 
2023-03-10 10:04:48,931 dumbo.py [line:217] run_bft INFO Node 62 Delivers ACS Block in Round 44 with having 3354 TXs 
2023-03-10 10:04:48,931 dumbo.py [line:219] run_bft INFO ACS Block Delay at Node 62: 13.912093162536621 
2023-03-10 10:04:48,931 dumbo.py [line:220] run_bft INFO Current Block's TPS at Node 62: 241.08521707084788 
2023-03-10 10:05:03,026 dumbo.py [line:217] run_bft INFO Node 62 Delivers ACS Block in Round 45 with having 3354 TXs 
2023-03-10 10:05:03,026 dumbo.py [line:219] run_bft INFO ACS Block Delay at Node 62: 14.094531297683716 
2023-03-10 10:05:03,026 dumbo.py [line:220] run_bft INFO Current Block's TPS at Node 62: 237.96463530157925 
2023-03-10 10:05:17,095 dumbo.py [line:217] run_bft INFO Node 62 Delivers ACS Block in Round 46 with having 3354 TXs 
2023-03-10 10:05:17,095 dumbo.py [line:219] run_bft INFO ACS Block Delay at Node 62: 14.068756341934204 
2023-03-10 10:05:17,095 dumbo.py [line:220] run_bft INFO Current Block's TPS at Node 62: 238.40060332858707 
2023-03-10 10:05:31,057 dumbo.py [line:217] run_bft INFO Node 62 Delivers ACS Block in Round 47 with having 3354 TXs 
2023-03-10 10:05:31,057 dumbo.py [line:219] run_bft INFO ACS Block Delay at Node 62: 13.962681531906128 
2023-03-10 10:05:31,058 dumbo.py [line:220] run_bft INFO Current Block's TPS at Node 62: 240.2117381489919 
2023-03-10 10:05:45,134 dumbo.py [line:217] run_bft INFO Node 62 Delivers ACS Block in Round 48 with having 3354 TXs 
2023-03-10 10:05:45,134 dumbo.py [line:219] run_bft INFO ACS Block Delay at Node 62: 14.076327800750732 
2023-03-10 10:05:45,134 dumbo.py [line:220] run_bft INFO Current Block's TPS at Node 62: 238.27237099587302 
2023-03-10 10:05:59,233 dumbo.py [line:217] run_bft INFO Node 62 Delivers ACS Block in Round 49 with having 3354 TXs 
2023-03-10 10:05:59,233 dumbo.py [line:219] run_bft INFO ACS Block Delay at Node 62: 14.0989830493927 
2023-03-10 10:05:59,233 dumbo.py [line:220] run_bft INFO Current Block's TPS at Node 62: 237.88949800492668 
2023-03-10 10:06:13,401 dumbo.py [line:217] run_bft INFO Node 62 Delivers ACS Block in Round 50 with having 3354 TXs 
2023-03-10 10:06:13,401 dumbo.py [line:219] run_bft INFO ACS Block Delay at Node 62: 14.168241500854492 
2023-03-10 10:06:13,401 dumbo.py [line:220] run_bft INFO Current Block's TPS at Node 62: 236.72662551649185 
2023-03-10 10:06:27,219 dumbo.py [line:217] run_bft INFO Node 62 Delivers ACS Block in Round 51 with having 3354 TXs 
2023-03-10 10:06:27,219 dumbo.py [line:219] run_bft INFO ACS Block Delay at Node 62: 13.817730903625488 
2023-03-10 10:06:27,219 dumbo.py [line:220] run_bft INFO Current Block's TPS at Node 62: 242.73160502206477 
2023-03-10 10:06:41,345 dumbo.py [line:217] run_bft INFO Node 62 Delivers ACS Block in Round 52 with having 3354 TXs 
2023-03-10 10:06:41,346 dumbo.py [line:219] run_bft INFO ACS Block Delay at Node 62: 14.126381635665894 
2023-03-10 10:06:41,346 dumbo.py [line:220] run_bft INFO Current Block's TPS at Node 62: 237.42810342401586 
2023-03-10 10:06:55,552 dumbo.py [line:217] run_bft INFO Node 62 Delivers ACS Block in Round 53 with having 3354 TXs 
2023-03-10 10:06:55,552 dumbo.py [line:219] run_bft INFO ACS Block Delay at Node 62: 14.206767797470093 
2023-03-10 10:06:55,552 dumbo.py [line:220] run_bft INFO Current Block's TPS at Node 62: 236.08466385980296 
2023-03-10 10:07:09,401 dumbo.py [line:217] run_bft INFO Node 62 Delivers ACS Block in Round 54 with having 3354 TXs 
2023-03-10 10:07:09,401 dumbo.py [line:219] run_bft INFO ACS Block Delay at Node 62: 13.848491430282593 
2023-03-10 10:07:09,401 dumbo.py [line:220] run_bft INFO Current Block's TPS at Node 62: 242.19244506775553 
2023-03-10 10:07:23,533 dumbo.py [line:217] run_bft INFO Node 62 Delivers ACS Block in Round 55 with having 3354 TXs 
2023-03-10 10:07:23,534 dumbo.py [line:219] run_bft INFO ACS Block Delay at Node 62: 14.132562160491943 
2023-03-10 10:07:23,534 dumbo.py [line:220] run_bft INFO Current Block's TPS at Node 62: 237.32427014375503 
2023-03-10 10:07:37,742 dumbo.py [line:217] run_bft INFO Node 62 Delivers ACS Block in Round 56 with having 3354 TXs 
2023-03-10 10:07:37,742 dumbo.py [line:219] run_bft INFO ACS Block Delay at Node 62: 14.208655834197998 
2023-03-10 10:07:37,742 dumbo.py [line:220] run_bft INFO Current Block's TPS at Node 62: 236.05329308684148 
2023-03-10 10:07:51,755 dumbo.py [line:217] run_bft INFO Node 62 Delivers ACS Block in Round 57 with having 3354 TXs 
2023-03-10 10:07:51,755 dumbo.py [line:219] run_bft INFO ACS Block Delay at Node 62: 14.012717723846436 
2023-03-10 10:07:51,755 dumbo.py [line:220] run_bft INFO Current Block's TPS at Node 62: 239.35399728292967 
2023-03-10 10:08:05,867 dumbo.py [line:217] run_bft INFO Node 62 Delivers ACS Block in Round 58 with having 3354 TXs 
2023-03-10 10:08:05,868 dumbo.py [line:219] run_bft INFO ACS Block Delay at Node 62: 14.1125648021698 
2023-03-10 10:08:05,868 dumbo.py [line:220] run_bft INFO Current Block's TPS at Node 62: 237.6605561792938 
2023-03-10 10:08:19,969 dumbo.py [line:217] run_bft INFO Node 62 Delivers ACS Block in Round 59 with having 3354 TXs 
2023-03-10 10:08:19,969 dumbo.py [line:219] run_bft INFO ACS Block Delay at Node 62: 14.101340532302856 
2023-03-10 10:08:19,969 dumbo.py [line:220] run_bft INFO Current Block's TPS at Node 62: 237.84972728775497 
2023-03-10 10:08:33,916 dumbo.py [line:217] run_bft INFO Node 62 Delivers ACS Block in Round 60 with having 3354 TXs 
2023-03-10 10:08:33,916 dumbo.py [line:219] run_bft INFO ACS Block Delay at Node 62: 13.94703221321106 
2023-03-10 10:08:33,916 dumbo.py [line:220] run_bft INFO Current Block's TPS at Node 62: 240.48126861161097 
2023-03-10 10:08:48,172 dumbo.py [line:217] run_bft INFO Node 62 Delivers ACS Block in Round 61 with having 3354 TXs 
2023-03-10 10:08:48,172 dumbo.py [line:219] run_bft INFO ACS Block Delay at Node 62: 14.256149291992188 
2023-03-10 10:08:48,172 dumbo.py [line:220] run_bft INFO Current Block's TPS at Node 62: 235.26689650226749 
2023-03-10 10:09:02,052 dumbo.py [line:217] run_bft INFO Node 62 Delivers ACS Block in Round 62 with having 3354 TXs 
2023-03-10 10:09:02,052 dumbo.py [line:219] run_bft INFO ACS Block Delay at Node 62: 13.879770994186401 
2023-03-10 10:09:02,052 dumbo.py [line:220] run_bft INFO Current Block's TPS at Node 62: 241.6466382193796 
2023-03-10 10:09:16,226 dumbo.py [line:217] run_bft INFO Node 62 Delivers ACS Block in Round 63 with having 3354 TXs 
2023-03-10 10:09:16,227 dumbo.py [line:219] run_bft INFO ACS Block Delay at Node 62: 14.174211263656616 
2023-03-10 10:09:16,227 dumbo.py [line:220] run_bft INFO Current Block's TPS at Node 62: 236.62692319253227 
2023-03-10 10:09:30,235 dumbo.py [line:217] run_bft INFO Node 62 Delivers ACS Block in Round 64 with having 3354 TXs 
2023-03-10 10:09:30,235 dumbo.py [line:219] run_bft INFO ACS Block Delay at Node 62: 14.008362293243408 
2023-03-10 10:09:30,235 dumbo.py [line:220] run_bft INFO Current Block's TPS at Node 62: 239.42841638367108 
2023-03-10 10:09:44,460 dumbo.py [line:217] run_bft INFO Node 62 Delivers ACS Block in Round 65 with having 3354 TXs 
2023-03-10 10:09:44,460 dumbo.py [line:219] run_bft INFO ACS Block Delay at Node 62: 14.22484540939331 
2023-03-10 10:09:44,460 dumbo.py [line:220] run_bft INFO Current Block's TPS at Node 62: 235.78463621019048 
2023-03-10 10:09:58,533 dumbo.py [line:217] run_bft INFO Node 62 Delivers ACS Block in Round 66 with having 3354 TXs 
2023-03-10 10:09:58,534 dumbo.py [line:219] run_bft INFO ACS Block Delay at Node 62: 14.073705196380615 
2023-03-10 10:09:58,534 dumbo.py [line:220] run_bft INFO Current Block's TPS at Node 62: 238.31677253425488 
2023-03-10 10:10:12,656 dumbo.py [line:217] run_bft INFO Node 62 Delivers ACS Block in Round 67 with having 3354 TXs 
2023-03-10 10:10:12,656 dumbo.py [line:219] run_bft INFO ACS Block Delay at Node 62: 14.122068643569946 
2023-03-10 10:10:12,656 dumbo.py [line:220] run_bft INFO Current Block's TPS at Node 62: 237.50061585539322 
2023-03-10 10:10:26,768 dumbo.py [line:217] run_bft INFO Node 62 Delivers ACS Block in Round 68 with having 3354 TXs 
2023-03-10 10:10:26,768 dumbo.py [line:219] run_bft INFO ACS Block Delay at Node 62: 14.112589597702026 
2023-03-10 10:10:26,768 dumbo.py [line:220] run_bft INFO Current Block's TPS at Node 62: 237.6601386145415 
2023-03-10 10:10:40,943 dumbo.py [line:217] run_bft INFO Node 62 Delivers ACS Block in Round 69 with having 3354 TXs 
2023-03-10 10:10:40,943 dumbo.py [line:219] run_bft INFO ACS Block Delay at Node 62: 14.174411535263062 
2023-03-10 10:10:40,943 dumbo.py [line:220] run_bft INFO Current Block's TPS at Node 62: 236.62357986826672 
2023-03-10 10:10:54,976 dumbo.py [line:217] run_bft INFO Node 62 Delivers ACS Block in Round 70 with having 3354 TXs 
2023-03-10 10:10:54,976 dumbo.py [line:219] run_bft INFO ACS Block Delay at Node 62: 14.03292179107666 
2023-03-10 10:10:54,976 dumbo.py [line:220] run_bft INFO Current Block's TPS at Node 62: 239.0093844984415 
2023-03-10 10:11:08,953 dumbo.py [line:217] run_bft INFO Node 62 Delivers ACS Block in Round 71 with having 3354 TXs 
2023-03-10 10:11:08,953 dumbo.py [line:219] run_bft INFO ACS Block Delay at Node 62: 13.977039813995361 
2023-03-10 10:11:08,953 dumbo.py [line:220] run_bft INFO Current Block's TPS at Node 62: 239.96497431749486 
2023-03-10 10:11:23,071 dumbo.py [line:217] run_bft INFO Node 62 Delivers ACS Block in Round 72 with having 3354 TXs 
2023-03-10 10:11:23,072 dumbo.py [line:219] run_bft INFO ACS Block Delay at Node 62: 14.118416786193848 
2023-03-10 10:11:23,072 dumbo.py [line:220] run_bft INFO Current Block's TPS at Node 62: 237.5620475576141 
2023-03-10 10:11:37,154 dumbo.py [line:217] run_bft INFO Node 62 Delivers ACS Block in Round 73 with having 3354 TXs 
2023-03-10 10:11:37,155 dumbo.py [line:219] run_bft INFO ACS Block Delay at Node 62: 14.082916975021362 
2023-03-10 10:11:37,155 dumbo.py [line:220] run_bft INFO Current Block's TPS at Node 62: 238.16088711940392 
2023-03-10 10:11:51,293 dumbo.py [line:217] run_bft INFO Node 62 Delivers ACS Block in Round 74 with having 3354 TXs 
2023-03-10 10:11:51,293 dumbo.py [line:219] run_bft INFO ACS Block Delay at Node 62: 14.138289213180542 
2023-03-10 10:11:51,293 dumbo.py [line:220] run_bft INFO Current Block's TPS at Node 62: 237.22813626370046 
2023-03-10 10:12:05,481 dumbo.py [line:217] run_bft INFO Node 62 Delivers ACS Block in Round 75 with having 3354 TXs 
2023-03-10 10:12:05,482 dumbo.py [line:219] run_bft INFO ACS Block Delay at Node 62: 14.188588380813599 
2023-03-10 10:12:05,482 dumbo.py [line:220] run_bft INFO Current Block's TPS at Node 62: 236.3871521239857 
2023-03-10 10:12:19,568 dumbo.py [line:217] run_bft INFO Node 62 Delivers ACS Block in Round 76 with having 3354 TXs 
2023-03-10 10:12:19,568 dumbo.py [line:219] run_bft INFO ACS Block Delay at Node 62: 14.08613109588623 
2023-03-10 10:12:19,568 dumbo.py [line:220] run_bft INFO Current Block's TPS at Node 62: 238.10654445630678 
2023-03-10 10:12:33,442 dumbo.py [line:217] run_bft INFO Node 62 Delivers ACS Block in Round 77 with having 3354 TXs 
2023-03-10 10:12:33,442 dumbo.py [line:219] run_bft INFO ACS Block Delay at Node 62: 13.874556064605713 
2023-03-10 10:12:33,442 dumbo.py [line:220] run_bft INFO Current Block's TPS at Node 62: 241.7374642029899 
2023-03-10 10:12:47,687 dumbo.py [line:217] run_bft INFO Node 62 Delivers ACS Block in Round 78 with having 3354 TXs 
2023-03-10 10:12:47,687 dumbo.py [line:219] run_bft INFO ACS Block Delay at Node 62: 14.244358539581299 
2023-03-10 10:12:47,687 dumbo.py [line:220] run_bft INFO Current Block's TPS at Node 62: 235.46163842198456 
2023-03-10 10:13:01,732 dumbo.py [line:217] run_bft INFO Node 62 Delivers ACS Block in Round 79 with having 3354 TXs 
2023-03-10 10:13:01,732 dumbo.py [line:219] run_bft INFO ACS Block Delay at Node 62: 14.045031785964966 
2023-03-10 10:13:01,732 dumbo.py [line:220] run_bft INFO Current Block's TPS at Node 62: 238.80330433652793 
2023-03-10 10:13:15,906 dumbo.py [line:217] run_bft INFO Node 62 Delivers ACS Block in Round 80 with having 3354 TXs 
2023-03-10 10:13:15,906 dumbo.py [line:219] run_bft INFO ACS Block Delay at Node 62: 14.173935651779175 
2023-03-10 10:13:15,906 dumbo.py [line:220] run_bft INFO Current Block's TPS at Node 62: 236.63152439802357 
2023-03-10 10:13:29,899 dumbo.py [line:217] run_bft INFO Node 62 Delivers ACS Block in Round 81 with having 3354 TXs 
2023-03-10 10:13:29,899 dumbo.py [line:219] run_bft INFO ACS Block Delay at Node 62: 13.99263334274292 
2023-03-10 10:13:29,899 dumbo.py [line:220] run_bft INFO Current Block's TPS at Node 62: 239.69755498092175 
2023-03-10 10:13:44,024 dumbo.py [line:217] run_bft INFO Node 62 Delivers ACS Block in Round 82 with having 3354 TXs 
2023-03-10 10:13:44,024 dumbo.py [line:219] run_bft INFO ACS Block Delay at Node 62: 14.125608682632446 
2023-03-10 10:13:44,024 dumbo.py [line:220] run_bft INFO Current Block's TPS at Node 62: 237.44109548523534 
2023-03-10 10:13:58,062 dumbo.py [line:217] run_bft INFO Node 62 Delivers ACS Block in Round 83 with having 3354 TXs 
2023-03-10 10:13:58,062 dumbo.py [line:219] run_bft INFO ACS Block Delay at Node 62: 14.037217617034912 
2023-03-10 10:13:58,062 dumbo.py [line:220] run_bft INFO Current Block's TPS at Node 62: 238.93624017980187 
2023-03-10 10:14:12,224 dumbo.py [line:217] run_bft INFO Node 62 Delivers ACS Block in Round 84 with having 3354 TXs 
2023-03-10 10:14:12,224 dumbo.py [line:219] run_bft INFO ACS Block Delay at Node 62: 14.162331819534302 
2023-03-10 10:14:12,224 dumbo.py [line:220] run_bft INFO Current Block's TPS at Node 62: 236.8254071955708 
2023-03-10 10:14:26,322 dumbo.py [line:217] run_bft INFO Node 62 Delivers ACS Block in Round 85 with having 3354 TXs 
2023-03-10 10:14:26,322 dumbo.py [line:219] run_bft INFO ACS Block Delay at Node 62: 14.098153352737427 
2023-03-10 10:14:26,322 dumbo.py [line:220] run_bft INFO Current Block's TPS at Node 62: 237.9034981449366 
2023-03-10 10:14:40,523 dumbo.py [line:217] run_bft INFO Node 62 Delivers ACS Block in Round 86 with having 3354 TXs 
2023-03-10 10:14:40,524 dumbo.py [line:219] run_bft INFO ACS Block Delay at Node 62: 14.20128846168518 
2023-03-10 10:14:40,524 dumbo.py [line:220] run_bft INFO Current Block's TPS at Node 62: 236.17575328105133 
2023-03-10 10:14:54,567 dumbo.py [line:217] run_bft INFO Node 62 Delivers ACS Block in Round 87 with having 3354 TXs 
2023-03-10 10:14:54,568 dumbo.py [line:219] run_bft INFO ACS Block Delay at Node 62: 14.043681621551514 
2023-03-10 10:14:54,568 dumbo.py [line:220] run_bft INFO Current Block's TPS at Node 62: 238.8262629688879 
2023-03-10 10:15:08,638 dumbo.py [line:217] run_bft INFO Node 62 Delivers ACS Block in Round 88 with having 3354 TXs 
2023-03-10 10:15:08,638 dumbo.py [line:219] run_bft INFO ACS Block Delay at Node 62: 14.070250511169434 
2023-03-10 10:15:08,638 dumbo.py [line:220] run_bft INFO Current Block's TPS at Node 62: 238.37528673263373 
2023-03-10 10:15:22,795 dumbo.py [line:217] run_bft INFO Node 62 Delivers ACS Block in Round 89 with having 3354 TXs 
2023-03-10 10:15:22,795 dumbo.py [line:219] run_bft INFO ACS Block Delay at Node 62: 14.157313823699951 
2023-03-10 10:15:22,795 dumbo.py [line:220] run_bft INFO Current Block's TPS at Node 62: 236.90934888970673 
2023-03-10 10:15:36,970 dumbo.py [line:217] run_bft INFO Node 62 Delivers ACS Block in Round 90 with having 3354 TXs 
2023-03-10 10:15:36,970 dumbo.py [line:219] run_bft INFO ACS Block Delay at Node 62: 14.17449402809143 
2023-03-10 10:15:36,970 dumbo.py [line:220] run_bft INFO Current Block's TPS at Node 62: 236.62220276455326 
2023-03-10 10:15:51,109 dumbo.py [line:217] run_bft INFO Node 62 Delivers ACS Block in Round 91 with having 3354 TXs 
2023-03-10 10:15:51,109 dumbo.py [line:219] run_bft INFO ACS Block Delay at Node 62: 14.13918948173523 
2023-03-10 10:15:51,109 dumbo.py [line:220] run_bft INFO Current Block's TPS at Node 62: 237.21303150598848 
2023-03-10 10:16:04,907 dumbo.py [line:217] run_bft INFO Node 62 Delivers ACS Block in Round 92 with having 3354 TXs 
2023-03-10 10:16:04,907 dumbo.py [line:219] run_bft INFO ACS Block Delay at Node 62: 13.797917127609253 
2023-03-10 10:16:04,907 dumbo.py [line:220] run_bft INFO Current Block's TPS at Node 62: 243.0801670267129 
2023-03-10 10:16:18,989 dumbo.py [line:217] run_bft INFO Node 62 Delivers ACS Block in Round 93 with having 3354 TXs 
2023-03-10 10:16:18,989 dumbo.py [line:219] run_bft INFO ACS Block Delay at Node 62: 14.081819295883179 
2023-03-10 10:16:18,989 dumbo.py [line:220] run_bft INFO Current Block's TPS at Node 62: 238.1794517829484 
2023-03-10 10:16:33,095 dumbo.py [line:217] run_bft INFO Node 62 Delivers ACS Block in Round 94 with having 3354 TXs 
2023-03-10 10:16:33,095 dumbo.py [line:219] run_bft INFO ACS Block Delay at Node 62: 14.105627059936523 
2023-03-10 10:16:33,095 dumbo.py [line:220] run_bft INFO Current Block's TPS at Node 62: 237.7774476631522 
2023-03-10 10:16:47,175 dumbo.py [line:217] run_bft INFO Node 62 Delivers ACS Block in Round 95 with having 3354 TXs 
2023-03-10 10:16:47,175 dumbo.py [line:219] run_bft INFO ACS Block Delay at Node 62: 14.079948902130127 
2023-03-10 10:16:47,175 dumbo.py [line:220] run_bft INFO Current Block's TPS at Node 62: 238.21109176700068 
2023-03-10 10:17:01,318 dumbo.py [line:217] run_bft INFO Node 62 Delivers ACS Block in Round 96 with having 3354 TXs 
2023-03-10 10:17:01,318 dumbo.py [line:219] run_bft INFO ACS Block Delay at Node 62: 14.143414735794067 
2023-03-10 10:17:01,318 dumbo.py [line:220] run_bft INFO Current Block's TPS at Node 62: 237.14216564064387 
2023-03-10 10:17:15,628 dumbo.py [line:217] run_bft INFO Node 62 Delivers ACS Block in Round 97 with having 3354 TXs 
2023-03-10 10:17:15,628 dumbo.py [line:219] run_bft INFO ACS Block Delay at Node 62: 14.309916019439697 
2023-03-10 10:17:15,628 dumbo.py [line:220] run_bft INFO Current Block's TPS at Node 62: 234.38292687697586 
2023-03-10 10:17:29,652 dumbo.py [line:217] run_bft INFO Node 62 Delivers ACS Block in Round 98 with having 3354 TXs 
2023-03-10 10:17:29,653 dumbo.py [line:219] run_bft INFO ACS Block Delay at Node 62: 14.024243593215942 
2023-03-10 10:17:29,653 dumbo.py [line:220] run_bft INFO Current Block's TPS at Node 62: 239.15728343612463 
2023-03-10 10:17:43,855 dumbo.py [line:217] run_bft INFO Node 62 Delivers ACS Block in Round 99 with having 3354 TXs 
2023-03-10 10:17:43,856 dumbo.py [line:219] run_bft INFO ACS Block Delay at Node 62: 14.20299744606018 
2023-03-10 10:17:43,856 dumbo.py [line:220] run_bft INFO Current Block's TPS at Node 62: 236.14733528874766 
2023-03-10 10:17:43,856 dumbo.py [line:241] run_bft INFO node 62 breaks in 1407.388049 seconds with total delivered Txs 335400 
