2023-03-10 11:08:17,132 dumbo_node.py [line:77] run INFO node 57's starts to run consensus on process id 2442378 
2023-03-10 11:08:17,132 dumbo_node.py [line:59] prepare_bootstrap INFO node id 57 is inserting dummy payload TXs 
2023-03-10 11:08:17,133 dumbo_node.py [line:68] prepare_bootstrap INFO node id 57 just inserts 50000 TXs 
2023-03-10 11:08:17,133 dumbo_node.py [line:68] prepare_bootstrap INFO node id 57 just inserts 50000 TXs 
2023-03-10 11:08:17,134 dumbo_node.py [line:68] prepare_bootstrap INFO node id 57 just inserts 50000 TXs 
2023-03-10 11:08:17,134 dumbo_node.py [line:68] prepare_bootstrap INFO node id 57 just inserts 50000 TXs 
2023-03-10 11:08:17,134 dumbo_node.py [line:68] prepare_bootstrap INFO node id 57 just inserts 50000 TXs 
2023-03-10 11:08:17,134 dumbo_node.py [line:68] prepare_bootstrap INFO node id 57 just inserts 50000 TXs 
2023-03-10 11:08:17,135 dumbo_node.py [line:68] prepare_bootstrap INFO node id 57 just inserts 50000 TXs 
2023-03-10 11:08:17,135 dumbo_node.py [line:68] prepare_bootstrap INFO node id 57 just inserts 50000 TXs 
2023-03-10 11:08:17,135 dumbo_node.py [line:68] prepare_bootstrap INFO node id 57 just inserts 50000 TXs 
2023-03-10 11:08:17,135 dumbo_node.py [line:68] prepare_bootstrap INFO node id 57 just inserts 50000 TXs 
2023-03-10 11:08:17,135 dumbo_node.py [line:68] prepare_bootstrap INFO node id 57 just inserts 50000 TXs 
2023-03-10 11:08:17,136 dumbo_node.py [line:68] prepare_bootstrap INFO node id 57 just inserts 50000 TXs 
2023-03-10 11:08:17,136 dumbo_node.py [line:68] prepare_bootstrap INFO node id 57 just inserts 50000 TXs 
2023-03-10 11:08:17,136 dumbo_node.py [line:68] prepare_bootstrap INFO node id 57 just inserts 50000 TXs 
2023-03-10 11:08:17,136 dumbo_node.py [line:68] prepare_bootstrap INFO node id 57 just inserts 50000 TXs 
2023-03-10 11:08:17,137 dumbo_node.py [line:68] prepare_bootstrap INFO node id 57 just inserts 50000 TXs 
2023-03-10 11:08:17,137 dumbo_node.py [line:68] prepare_bootstrap INFO node id 57 just inserts 50000 TXs 
2023-03-10 11:08:17,137 dumbo_node.py [line:68] prepare_bootstrap INFO node id 57 just inserts 50000 TXs 
2023-03-10 11:08:17,137 dumbo_node.py [line:68] prepare_bootstrap INFO node id 57 just inserts 50000 TXs 
2023-03-10 11:08:17,138 dumbo_node.py [line:68] prepare_bootstrap INFO node id 57 just inserts 50000 TXs 
2023-03-10 11:08:17,138 dumbo_node.py [line:68] prepare_bootstrap INFO node id 57 just inserts 50000 TXs 
2023-03-10 11:08:17,138 dumbo_node.py [line:68] prepare_bootstrap INFO node id 57 just inserts 50000 TXs 
2023-03-10 11:08:17,138 dumbo_node.py [line:68] prepare_bootstrap INFO node id 57 just inserts 50000 TXs 
2023-03-10 11:08:17,139 dumbo_node.py [line:68] prepare_bootstrap INFO node id 57 just inserts 50000 TXs 
2023-03-10 11:08:17,139 dumbo_node.py [line:68] prepare_bootstrap INFO node id 57 just inserts 50000 TXs 
2023-03-10 11:08:17,139 dumbo_node.py [line:68] prepare_bootstrap INFO node id 57 just inserts 50000 TXs 
2023-03-10 11:08:17,139 dumbo_node.py [line:68] prepare_bootstrap INFO node id 57 just inserts 50000 TXs 
2023-03-10 11:08:17,139 dumbo_node.py [line:68] prepare_bootstrap INFO node id 57 just inserts 50000 TXs 
2023-03-10 11:08:17,140 dumbo_node.py [line:68] prepare_bootstrap INFO node id 57 just inserts 50000 TXs 
2023-03-10 11:08:17,140 dumbo_node.py [line:68] prepare_bootstrap INFO node id 57 just inserts 50000 TXs 
2023-03-10 11:08:17,140 dumbo_node.py [line:68] prepare_bootstrap INFO node id 57 just inserts 50000 TXs 
2023-03-10 11:08:17,140 dumbo_node.py [line:68] prepare_bootstrap INFO node id 57 just inserts 50000 TXs 
2023-03-10 11:08:17,141 dumbo_node.py [line:68] prepare_bootstrap INFO node id 57 just inserts 50000 TXs 
2023-03-10 11:08:17,141 dumbo_node.py [line:68] prepare_bootstrap INFO node id 57 just inserts 50000 TXs 
2023-03-10 11:08:17,141 dumbo_node.py [line:68] prepare_bootstrap INFO node id 57 just inserts 50000 TXs 
2023-03-10 11:08:17,141 dumbo_node.py [line:68] prepare_bootstrap INFO node id 57 just inserts 50000 TXs 
2023-03-10 11:08:17,142 dumbo_node.py [line:68] prepare_bootstrap INFO node id 57 just inserts 50000 TXs 
2023-03-10 11:08:17,142 dumbo_node.py [line:68] prepare_bootstrap INFO node id 57 just inserts 50000 TXs 
2023-03-10 11:08:17,142 dumbo_node.py [line:68] prepare_bootstrap INFO node id 57 just inserts 50000 TXs 
2023-03-10 11:08:17,142 dumbo_node.py [line:68] prepare_bootstrap INFO node id 57 just inserts 50000 TXs 
2023-03-10 11:08:17,143 dumbo_node.py [line:68] prepare_bootstrap INFO node id 57 just inserts 50000 TXs 
2023-03-10 11:08:17,143 dumbo_node.py [line:68] prepare_bootstrap INFO node id 57 just inserts 50000 TXs 
2023-03-10 11:08:17,143 dumbo_node.py [line:68] prepare_bootstrap INFO node id 57 just inserts 50000 TXs 
2023-03-10 11:08:17,143 dumbo_node.py [line:68] prepare_bootstrap INFO node id 57 just inserts 50000 TXs 
2023-03-10 11:08:17,143 dumbo_node.py [line:68] prepare_bootstrap INFO node id 57 just inserts 50000 TXs 
2023-03-10 11:08:17,143 dumbo_node.py [line:68] prepare_bootstrap INFO node id 57 just inserts 50000 TXs 
2023-03-10 11:08:17,143 dumbo_node.py [line:68] prepare_bootstrap INFO node id 57 just inserts 50000 TXs 
2023-03-10 11:08:17,143 dumbo_node.py [line:68] prepare_bootstrap INFO node id 57 just inserts 50000 TXs 
2023-03-10 11:08:17,143 dumbo_node.py [line:68] prepare_bootstrap INFO node id 57 just inserts 50000 TXs 
2023-03-10 11:08:17,143 dumbo_node.py [line:68] prepare_bootstrap INFO node id 57 just inserts 50000 TXs 
2023-03-10 11:08:17,143 dumbo_node.py [line:68] prepare_bootstrap INFO node id 57 just inserts 50000 TXs 
2023-03-10 11:08:17,144 dumbo_node.py [line:68] prepare_bootstrap INFO node id 57 just inserts 50000 TXs 
2023-03-10 11:08:17,144 dumbo_node.py [line:68] prepare_bootstrap INFO node id 57 just inserts 50000 TXs 
2023-03-10 11:08:17,144 dumbo_node.py [line:68] prepare_bootstrap INFO node id 57 just inserts 50000 TXs 
2023-03-10 11:08:17,144 dumbo_node.py [line:68] prepare_bootstrap INFO node id 57 just inserts 50000 TXs 
2023-03-10 11:08:17,144 dumbo_node.py [line:68] prepare_bootstrap INFO node id 57 just inserts 50000 TXs 
2023-03-10 11:08:17,144 dumbo_node.py [line:68] prepare_bootstrap INFO node id 57 just inserts 50000 TXs 
2023-03-10 11:08:17,144 dumbo_node.py [line:68] prepare_bootstrap INFO node id 57 just inserts 50000 TXs 
2023-03-10 11:08:17,144 dumbo_node.py [line:68] prepare_bootstrap INFO node id 57 just inserts 50000 TXs 
2023-03-10 11:08:17,144 dumbo_node.py [line:68] prepare_bootstrap INFO node id 57 just inserts 50000 TXs 
2023-03-10 11:08:17,144 dumbo_node.py [line:68] prepare_bootstrap INFO node id 57 just inserts 50000 TXs 
2023-03-10 11:08:17,144 dumbo_node.py [line:68] prepare_bootstrap INFO node id 57 just inserts 50000 TXs 
2023-03-10 11:08:17,144 dumbo_node.py [line:68] prepare_bootstrap INFO node id 57 just inserts 50000 TXs 
2023-03-10 11:08:17,144 dumbo_node.py [line:68] prepare_bootstrap INFO node id 57 just inserts 50000 TXs 
2023-03-10 11:08:17,144 dumbo_node.py [line:68] prepare_bootstrap INFO node id 57 just inserts 50000 TXs 
2023-03-10 11:08:17,144 dumbo_node.py [line:68] prepare_bootstrap INFO node id 57 just inserts 50000 TXs 
2023-03-10 11:08:17,145 dumbo_node.py [line:68] prepare_bootstrap INFO node id 57 just inserts 50000 TXs 
2023-03-10 11:08:17,145 dumbo_node.py [line:68] prepare_bootstrap INFO node id 57 just inserts 50000 TXs 
2023-03-10 11:08:17,145 dumbo_node.py [line:68] prepare_bootstrap INFO node id 57 just inserts 50000 TXs 
2023-03-10 11:08:17,145 dumbo_node.py [line:68] prepare_bootstrap INFO node id 57 just inserts 50000 TXs 
2023-03-10 11:08:17,145 dumbo_node.py [line:68] prepare_bootstrap INFO node id 57 just inserts 50000 TXs 
2023-03-10 11:08:17,145 dumbo_node.py [line:68] prepare_bootstrap INFO node id 57 just inserts 50000 TXs 
2023-03-10 11:08:17,145 dumbo_node.py [line:68] prepare_bootstrap INFO node id 57 just inserts 50000 TXs 
2023-03-10 11:08:17,145 dumbo_node.py [line:68] prepare_bootstrap INFO node id 57 just inserts 50000 TXs 
2023-03-10 11:08:17,145 dumbo_node.py [line:68] prepare_bootstrap INFO node id 57 just inserts 50000 TXs 
2023-03-10 11:08:17,145 dumbo_node.py [line:68] prepare_bootstrap INFO node id 57 just inserts 50000 TXs 
2023-03-10 11:08:17,145 dumbo_node.py [line:68] prepare_bootstrap INFO node id 57 just inserts 50000 TXs 
2023-03-10 11:08:17,145 dumbo_node.py [line:68] prepare_bootstrap INFO node id 57 just inserts 50000 TXs 
2023-03-10 11:08:17,145 dumbo_node.py [line:68] prepare_bootstrap INFO node id 57 just inserts 50000 TXs 
2023-03-10 11:08:17,145 dumbo_node.py [line:68] prepare_bootstrap INFO node id 57 just inserts 50000 TXs 
2023-03-10 11:08:17,145 dumbo_node.py [line:68] prepare_bootstrap INFO node id 57 just inserts 50000 TXs 
2023-03-10 11:08:17,146 dumbo_node.py [line:68] prepare_bootstrap INFO node id 57 just inserts 50000 TXs 
2023-03-10 11:08:17,146 dumbo_node.py [line:68] prepare_bootstrap INFO node id 57 just inserts 50000 TXs 
2023-03-10 11:08:17,146 dumbo_node.py [line:68] prepare_bootstrap INFO node id 57 just inserts 50000 TXs 
2023-03-10 11:08:17,146 dumbo_node.py [line:68] prepare_bootstrap INFO node id 57 just inserts 50000 TXs 
2023-03-10 11:08:17,146 dumbo_node.py [line:68] prepare_bootstrap INFO node id 57 just inserts 50000 TXs 
2023-03-10 11:08:17,146 dumbo_node.py [line:68] prepare_bootstrap INFO node id 57 just inserts 50000 TXs 
2023-03-10 11:08:17,146 dumbo_node.py [line:68] prepare_bootstrap INFO node id 57 just inserts 50000 TXs 
2023-03-10 11:08:17,146 dumbo_node.py [line:68] prepare_bootstrap INFO node id 57 just inserts 50000 TXs 
2023-03-10 11:08:17,146 dumbo_node.py [line:68] prepare_bootstrap INFO node id 57 just inserts 50000 TXs 
2023-03-10 11:08:17,146 dumbo_node.py [line:68] prepare_bootstrap INFO node id 57 just inserts 50000 TXs 
2023-03-10 11:08:17,146 dumbo_node.py [line:68] prepare_bootstrap INFO node id 57 just inserts 50000 TXs 
2023-03-10 11:08:17,146 dumbo_node.py [line:68] prepare_bootstrap INFO node id 57 just inserts 50000 TXs 
2023-03-10 11:08:17,146 dumbo_node.py [line:68] prepare_bootstrap INFO node id 57 just inserts 50000 TXs 
2023-03-10 11:08:17,146 dumbo_node.py [line:68] prepare_bootstrap INFO node id 57 just inserts 50000 TXs 
2023-03-10 11:08:17,146 dumbo_node.py [line:68] prepare_bootstrap INFO node id 57 just inserts 50000 TXs 
2023-03-10 11:08:17,147 dumbo_node.py [line:68] prepare_bootstrap INFO node id 57 just inserts 50000 TXs 
2023-03-10 11:08:17,147 dumbo_node.py [line:68] prepare_bootstrap INFO node id 57 just inserts 50000 TXs 
2023-03-10 11:08:17,147 dumbo_node.py [line:68] prepare_bootstrap INFO node id 57 just inserts 50000 TXs 
2023-03-10 11:08:17,147 dumbo_node.py [line:68] prepare_bootstrap INFO node id 57 just inserts 50000 TXs 
2023-03-10 11:08:17,147 dumbo_node.py [line:72] prepare_bootstrap INFO node id 57 completed the loading of dummy TXs 
2023-03-10 11:08:17,147 dumbo.py [line:179] run_bft INFO Node 57 starts to run at time:1678446497.1474025 
2023-03-10 11:08:22,331 dumbo.py [line:217] run_bft INFO Node 57 Delivers ACS Block in Round 0 with having 3354 TXs 
2023-03-10 11:08:22,331 dumbo.py [line:219] run_bft INFO ACS Block Delay at Node 57: 5.184299945831299 
2023-03-10 11:08:22,331 dumbo.py [line:220] run_bft INFO Current Block's TPS at Node 57: 646.9533080733407 
2023-03-10 11:08:26,802 dumbo.py [line:217] run_bft INFO Node 57 Delivers ACS Block in Round 1 with having 3354 TXs 
2023-03-10 11:08:26,802 dumbo.py [line:219] run_bft INFO ACS Block Delay at Node 57: 4.470181941986084 
2023-03-10 11:08:26,802 dumbo.py [line:220] run_bft INFO Current Block's TPS at Node 57: 750.3050308752827 
2023-03-10 11:08:31,401 dumbo.py [line:217] run_bft INFO Node 57 Delivers ACS Block in Round 2 with having 3354 TXs 
2023-03-10 11:08:31,401 dumbo.py [line:219] run_bft INFO ACS Block Delay at Node 57: 4.599043846130371 
2023-03-10 11:08:31,401 dumbo.py [line:220] run_bft INFO Current Block's TPS at Node 57: 729.2820230061626 
2023-03-10 11:08:36,166 dumbo.py [line:217] run_bft INFO Node 57 Delivers ACS Block in Round 3 with having 3354 TXs 
2023-03-10 11:08:36,166 dumbo.py [line:219] run_bft INFO ACS Block Delay at Node 57: 4.765134572982788 
2023-03-10 11:08:36,166 dumbo.py [line:220] run_bft INFO Current Block's TPS at Node 57: 703.8625979246011 
2023-03-10 11:08:40,724 dumbo.py [line:217] run_bft INFO Node 57 Delivers ACS Block in Round 4 with having 3354 TXs 
2023-03-10 11:08:40,724 dumbo.py [line:219] run_bft INFO ACS Block Delay at Node 57: 4.558325529098511 
2023-03-10 11:08:40,725 dumbo.py [line:220] run_bft INFO Current Block's TPS at Node 57: 735.7965065437775 
2023-03-10 11:08:45,339 dumbo.py [line:217] run_bft INFO Node 57 Delivers ACS Block in Round 5 with having 3354 TXs 
2023-03-10 11:08:45,339 dumbo.py [line:219] run_bft INFO ACS Block Delay at Node 57: 4.614615201950073 
2023-03-10 11:08:45,339 dumbo.py [line:220] run_bft INFO Current Block's TPS at Node 57: 726.8211656266909 
2023-03-10 11:08:49,892 dumbo.py [line:217] run_bft INFO Node 57 Delivers ACS Block in Round 6 with having 3354 TXs 
2023-03-10 11:08:49,892 dumbo.py [line:219] run_bft INFO ACS Block Delay at Node 57: 4.553175210952759 
2023-03-10 11:08:49,892 dumbo.py [line:220] run_bft INFO Current Block's TPS at Node 57: 736.6288017935005 
2023-03-10 11:08:54,512 dumbo.py [line:217] run_bft INFO Node 57 Delivers ACS Block in Round 7 with having 3354 TXs 
2023-03-10 11:08:54,512 dumbo.py [line:219] run_bft INFO ACS Block Delay at Node 57: 4.6199400424957275 
2023-03-10 11:08:54,512 dumbo.py [line:220] run_bft INFO Current Block's TPS at Node 57: 725.9834476527412 
2023-03-10 11:08:59,232 dumbo.py [line:217] run_bft INFO Node 57 Delivers ACS Block in Round 8 with having 3354 TXs 
2023-03-10 11:08:59,232 dumbo.py [line:219] run_bft INFO ACS Block Delay at Node 57: 4.719972133636475 
2023-03-10 11:08:59,233 dumbo.py [line:220] run_bft INFO Current Block's TPS at Node 57: 710.5974156283695 
2023-03-10 11:09:03,882 dumbo.py [line:217] run_bft INFO Node 57 Delivers ACS Block in Round 9 with having 3354 TXs 
2023-03-10 11:09:03,882 dumbo.py [line:219] run_bft INFO ACS Block Delay at Node 57: 4.649315118789673 
2023-03-10 11:09:03,882 dumbo.py [line:220] run_bft INFO Current Block's TPS at Node 57: 721.3965743997851 
2023-03-10 11:09:08,377 dumbo.py [line:217] run_bft INFO Node 57 Delivers ACS Block in Round 10 with having 3354 TXs 
2023-03-10 11:09:08,377 dumbo.py [line:219] run_bft INFO ACS Block Delay at Node 57: 4.4948813915252686 
2023-03-10 11:09:08,377 dumbo.py [line:220] run_bft INFO Current Block's TPS at Node 57: 746.1820919955069 
2023-03-10 11:09:13,095 dumbo.py [line:217] run_bft INFO Node 57 Delivers ACS Block in Round 11 with having 3354 TXs 
2023-03-10 11:09:13,096 dumbo.py [line:219] run_bft INFO ACS Block Delay at Node 57: 4.718810319900513 
2023-03-10 11:09:13,096 dumbo.py [line:220] run_bft INFO Current Block's TPS at Node 57: 710.772371132458 
2023-03-10 11:09:17,686 dumbo.py [line:217] run_bft INFO Node 57 Delivers ACS Block in Round 12 with having 3354 TXs 
2023-03-10 11:09:17,686 dumbo.py [line:219] run_bft INFO ACS Block Delay at Node 57: 4.590352296829224 
2023-03-10 11:09:17,686 dumbo.py [line:220] run_bft INFO Current Block's TPS at Node 57: 730.6628735918088 
2023-03-10 11:09:22,297 dumbo.py [line:217] run_bft INFO Node 57 Delivers ACS Block in Round 13 with having 3354 TXs 
2023-03-10 11:09:22,297 dumbo.py [line:219] run_bft INFO ACS Block Delay at Node 57: 4.6110546588897705 
2023-03-10 11:09:22,297 dumbo.py [line:220] run_bft INFO Current Block's TPS at Node 57: 727.3823990643307 
2023-03-10 11:09:26,907 dumbo.py [line:217] run_bft INFO Node 57 Delivers ACS Block in Round 14 with having 3354 TXs 
2023-03-10 11:09:26,907 dumbo.py [line:219] run_bft INFO ACS Block Delay at Node 57: 4.6100616455078125 
2023-03-10 11:09:26,907 dumbo.py [line:220] run_bft INFO Current Block's TPS at Node 57: 727.5390781961108 
2023-03-10 11:09:31,579 dumbo.py [line:217] run_bft INFO Node 57 Delivers ACS Block in Round 15 with having 3354 TXs 
2023-03-10 11:09:31,580 dumbo.py [line:219] run_bft INFO ACS Block Delay at Node 57: 4.6722071170806885 
2023-03-10 11:09:31,580 dumbo.py [line:220] run_bft INFO Current Block's TPS at Node 57: 717.8620116686228 
2023-03-10 11:09:36,334 dumbo.py [line:217] run_bft INFO Node 57 Delivers ACS Block in Round 16 with having 3354 TXs 
2023-03-10 11:09:36,334 dumbo.py [line:219] run_bft INFO ACS Block Delay at Node 57: 4.754060983657837 
2023-03-10 11:09:36,334 dumbo.py [line:220] run_bft INFO Current Block's TPS at Node 57: 705.5020984226812 
2023-03-10 11:09:40,910 dumbo.py [line:217] run_bft INFO Node 57 Delivers ACS Block in Round 17 with having 3354 TXs 
2023-03-10 11:09:40,911 dumbo.py [line:219] run_bft INFO ACS Block Delay at Node 57: 4.576514959335327 
2023-03-10 11:09:40,911 dumbo.py [line:220] run_bft INFO Current Block's TPS at Node 57: 732.8720718280183 
2023-03-10 11:09:45,605 dumbo.py [line:217] run_bft INFO Node 57 Delivers ACS Block in Round 18 with having 3354 TXs 
2023-03-10 11:09:45,605 dumbo.py [line:219] run_bft INFO ACS Block Delay at Node 57: 4.694796800613403 
2023-03-10 11:09:45,605 dumbo.py [line:220] run_bft INFO Current Block's TPS at Node 57: 714.4079163472592 
2023-03-10 11:09:50,320 dumbo.py [line:217] run_bft INFO Node 57 Delivers ACS Block in Round 19 with having 3354 TXs 
2023-03-10 11:09:50,320 dumbo.py [line:219] run_bft INFO ACS Block Delay at Node 57: 4.714681148529053 
2023-03-10 11:09:50,320 dumbo.py [line:220] run_bft INFO Current Block's TPS at Node 57: 711.3948736589375 
2023-03-10 11:09:54,889 dumbo.py [line:217] run_bft INFO Node 57 Delivers ACS Block in Round 20 with having 3354 TXs 
2023-03-10 11:09:54,890 dumbo.py [line:219] run_bft INFO ACS Block Delay at Node 57: 4.569311618804932 
2023-03-10 11:09:54,890 dumbo.py [line:220] run_bft INFO Current Block's TPS at Node 57: 734.0274159014816 
2023-03-10 11:09:59,501 dumbo.py [line:217] run_bft INFO Node 57 Delivers ACS Block in Round 21 with having 3354 TXs 
2023-03-10 11:09:59,501 dumbo.py [line:219] run_bft INFO ACS Block Delay at Node 57: 4.611520528793335 
2023-03-10 11:09:59,501 dumbo.py [line:220] run_bft INFO Current Block's TPS at Node 57: 727.308916670402 
2023-03-10 11:10:04,212 dumbo.py [line:217] run_bft INFO Node 57 Delivers ACS Block in Round 22 with having 3354 TXs 
2023-03-10 11:10:04,212 dumbo.py [line:219] run_bft INFO ACS Block Delay at Node 57: 4.710696458816528 
2023-03-10 11:10:04,212 dumbo.py [line:220] run_bft INFO Current Block's TPS at Node 57: 711.9966292293492 
2023-03-10 11:10:08,795 dumbo.py [line:217] run_bft INFO Node 57 Delivers ACS Block in Round 23 with having 3354 TXs 
2023-03-10 11:10:08,795 dumbo.py [line:219] run_bft INFO ACS Block Delay at Node 57: 4.583096027374268 
2023-03-10 11:10:08,795 dumbo.py [line:220] run_bft INFO Current Block's TPS at Node 57: 731.8197087660768 
2023-03-10 11:10:13,596 dumbo.py [line:217] run_bft INFO Node 57 Delivers ACS Block in Round 24 with having 3354 TXs 
2023-03-10 11:10:13,597 dumbo.py [line:219] run_bft INFO ACS Block Delay at Node 57: 4.801300287246704 
2023-03-10 11:10:13,597 dumbo.py [line:220] run_bft INFO Current Block's TPS at Node 57: 698.5607646555563 
2023-03-10 11:10:18,141 dumbo.py [line:217] run_bft INFO Node 57 Delivers ACS Block in Round 25 with having 3354 TXs 
2023-03-10 11:10:18,141 dumbo.py [line:219] run_bft INFO ACS Block Delay at Node 57: 4.544740915298462 
2023-03-10 11:10:18,141 dumbo.py [line:220] run_bft INFO Current Block's TPS at Node 57: 737.9958643428492 
2023-03-10 11:10:22,846 dumbo.py [line:217] run_bft INFO Node 57 Delivers ACS Block in Round 26 with having 3354 TXs 
2023-03-10 11:10:22,847 dumbo.py [line:219] run_bft INFO ACS Block Delay at Node 57: 4.70510721206665 
2023-03-10 11:10:22,847 dumbo.py [line:220] run_bft INFO Current Block's TPS at Node 57: 712.8424175751787 
2023-03-10 11:10:27,465 dumbo.py [line:217] run_bft INFO Node 57 Delivers ACS Block in Round 27 with having 3354 TXs 
2023-03-10 11:10:27,465 dumbo.py [line:219] run_bft INFO ACS Block Delay at Node 57: 4.618243932723999 
2023-03-10 11:10:27,465 dumbo.py [line:220] run_bft INFO Current Block's TPS at Node 57: 726.2500744566984 
2023-03-10 11:10:32,198 dumbo.py [line:217] run_bft INFO Node 57 Delivers ACS Block in Round 28 with having 3354 TXs 
2023-03-10 11:10:32,198 dumbo.py [line:219] run_bft INFO ACS Block Delay at Node 57: 4.733169794082642 
2023-03-10 11:10:32,198 dumbo.py [line:220] run_bft INFO Current Block's TPS at Node 57: 708.6160323665412 
2023-03-10 11:10:36,730 dumbo.py [line:217] run_bft INFO Node 57 Delivers ACS Block in Round 29 with having 3354 TXs 
2023-03-10 11:10:36,731 dumbo.py [line:219] run_bft INFO ACS Block Delay at Node 57: 4.532351493835449 
2023-03-10 11:10:36,731 dumbo.py [line:220] run_bft INFO Current Block's TPS at Node 57: 740.0132148977963 
2023-03-10 11:10:41,382 dumbo.py [line:217] run_bft INFO Node 57 Delivers ACS Block in Round 30 with having 3354 TXs 
2023-03-10 11:10:41,382 dumbo.py [line:219] run_bft INFO ACS Block Delay at Node 57: 4.651249885559082 
2023-03-10 11:10:41,382 dumbo.py [line:220] run_bft INFO Current Block's TPS at Node 57: 721.096497183111 
2023-03-10 11:10:46,113 dumbo.py [line:217] run_bft INFO Node 57 Delivers ACS Block in Round 31 with having 3354 TXs 
2023-03-10 11:10:46,113 dumbo.py [line:219] run_bft INFO ACS Block Delay at Node 57: 4.731334447860718 
2023-03-10 11:10:46,113 dumbo.py [line:220] run_bft INFO Current Block's TPS at Node 57: 708.8909137498233 
2023-03-10 11:10:50,834 dumbo.py [line:217] run_bft INFO Node 57 Delivers ACS Block in Round 32 with having 3354 TXs 
2023-03-10 11:10:50,834 dumbo.py [line:219] run_bft INFO ACS Block Delay at Node 57: 4.720450401306152 
2023-03-10 11:10:50,834 dumbo.py [line:220] run_bft INFO Current Block's TPS at Node 57: 710.5254191574485 
2023-03-10 11:10:55,295 dumbo.py [line:217] run_bft INFO Node 57 Delivers ACS Block in Round 33 with having 3354 TXs 
2023-03-10 11:10:55,295 dumbo.py [line:219] run_bft INFO ACS Block Delay at Node 57: 4.461242198944092 
2023-03-10 11:10:55,295 dumbo.py [line:220] run_bft INFO Current Block's TPS at Node 57: 751.8085435473198 
2023-03-10 11:10:59,959 dumbo.py [line:217] run_bft INFO Node 57 Delivers ACS Block in Round 34 with having 3354 TXs 
2023-03-10 11:10:59,959 dumbo.py [line:219] run_bft INFO ACS Block Delay at Node 57: 4.664003610610962 
2023-03-10 11:10:59,959 dumbo.py [line:220] run_bft INFO Current Block's TPS at Node 57: 719.1246577016784 
2023-03-10 11:11:04,568 dumbo.py [line:217] run_bft INFO Node 57 Delivers ACS Block in Round 35 with having 3354 TXs 
2023-03-10 11:11:04,568 dumbo.py [line:219] run_bft INFO ACS Block Delay at Node 57: 4.608749628067017 
2023-03-10 11:11:04,568 dumbo.py [line:220] run_bft INFO Current Block's TPS at Node 57: 727.7461937993627 
2023-03-10 11:11:09,294 dumbo.py [line:217] run_bft INFO Node 57 Delivers ACS Block in Round 36 with having 3354 TXs 
2023-03-10 11:11:09,294 dumbo.py [line:219] run_bft INFO ACS Block Delay at Node 57: 4.725442409515381 
2023-03-10 11:11:09,294 dumbo.py [line:220] run_bft INFO Current Block's TPS at Node 57: 709.7748124590879 
2023-03-10 11:11:13,834 dumbo.py [line:217] run_bft INFO Node 57 Delivers ACS Block in Round 37 with having 3354 TXs 
2023-03-10 11:11:13,834 dumbo.py [line:219] run_bft INFO ACS Block Delay at Node 57: 4.5404052734375 
2023-03-10 11:11:13,834 dumbo.py [line:220] run_bft INFO Current Block's TPS at Node 57: 738.700578034682 
2023-03-10 11:11:18,625 dumbo.py [line:217] run_bft INFO Node 57 Delivers ACS Block in Round 38 with having 3354 TXs 
2023-03-10 11:11:18,625 dumbo.py [line:219] run_bft INFO ACS Block Delay at Node 57: 4.790728330612183 
2023-03-10 11:11:18,625 dumbo.py [line:220] run_bft INFO Current Block's TPS at Node 57: 700.1023160859154 
2023-03-10 11:11:23,256 dumbo.py [line:217] run_bft INFO Node 57 Delivers ACS Block in Round 39 with having 3354 TXs 
2023-03-10 11:11:23,256 dumbo.py [line:219] run_bft INFO ACS Block Delay at Node 57: 4.630669832229614 
2023-03-10 11:11:23,256 dumbo.py [line:220] run_bft INFO Current Block's TPS at Node 57: 724.3012612680891 
2023-03-10 11:11:27,981 dumbo.py [line:217] run_bft INFO Node 57 Delivers ACS Block in Round 40 with having 3354 TXs 
2023-03-10 11:11:27,981 dumbo.py [line:219] run_bft INFO ACS Block Delay at Node 57: 4.7255284786224365 
2023-03-10 11:11:27,981 dumbo.py [line:220] run_bft INFO Current Block's TPS at Node 57: 709.7618848712858 
2023-03-10 11:11:32,514 dumbo.py [line:217] run_bft INFO Node 57 Delivers ACS Block in Round 41 with having 3354 TXs 
2023-03-10 11:11:32,515 dumbo.py [line:219] run_bft INFO ACS Block Delay at Node 57: 4.5331642627716064 
2023-03-10 11:11:32,515 dumbo.py [line:220] run_bft INFO Current Block's TPS at Node 57: 739.8805350038964 
2023-03-10 11:11:37,332 dumbo.py [line:217] run_bft INFO Node 57 Delivers ACS Block in Round 42 with having 3354 TXs 
2023-03-10 11:11:37,332 dumbo.py [line:219] run_bft INFO ACS Block Delay at Node 57: 4.817126274108887 
2023-03-10 11:11:37,332 dumbo.py [line:220] run_bft INFO Current Block's TPS at Node 57: 696.2657420933919 
2023-03-10 11:11:42,085 dumbo.py [line:217] run_bft INFO Node 57 Delivers ACS Block in Round 43 with having 3354 TXs 
2023-03-10 11:11:42,085 dumbo.py [line:219] run_bft INFO ACS Block Delay at Node 57: 4.752994775772095 
2023-03-10 11:11:42,085 dumbo.py [line:220] run_bft INFO Current Block's TPS at Node 57: 705.6603590428233 
2023-03-10 11:11:46,554 dumbo.py [line:217] run_bft INFO Node 57 Delivers ACS Block in Round 44 with having 3354 TXs 
2023-03-10 11:11:46,554 dumbo.py [line:219] run_bft INFO ACS Block Delay at Node 57: 4.468932151794434 
2023-03-10 11:11:46,554 dumbo.py [line:220] run_bft INFO Current Block's TPS at Node 57: 750.5148626284807 
2023-03-10 11:11:51,257 dumbo.py [line:217] run_bft INFO Node 57 Delivers ACS Block in Round 45 with having 3354 TXs 
2023-03-10 11:11:51,257 dumbo.py [line:219] run_bft INFO ACS Block Delay at Node 57: 4.703207015991211 
2023-03-10 11:11:51,257 dumbo.py [line:220] run_bft INFO Current Block's TPS at Node 57: 713.1304211352341 
2023-03-10 11:11:55,982 dumbo.py [line:217] run_bft INFO Node 57 Delivers ACS Block in Round 46 with having 3354 TXs 
2023-03-10 11:11:55,982 dumbo.py [line:219] run_bft INFO ACS Block Delay at Node 57: 4.724894285202026 
2023-03-10 11:11:55,982 dumbo.py [line:220] run_bft INFO Current Block's TPS at Node 57: 709.8571518318298 
2023-03-10 11:12:00,654 dumbo.py [line:217] run_bft INFO Node 57 Delivers ACS Block in Round 47 with having 3354 TXs 
2023-03-10 11:12:00,654 dumbo.py [line:219] run_bft INFO ACS Block Delay at Node 57: 4.671938896179199 
2023-03-10 11:12:00,654 dumbo.py [line:220] run_bft INFO Current Block's TPS at Node 57: 717.9032248779977 
2023-03-10 11:12:05,288 dumbo.py [line:217] run_bft INFO Node 57 Delivers ACS Block in Round 48 with having 3354 TXs 
2023-03-10 11:12:05,288 dumbo.py [line:219] run_bft INFO ACS Block Delay at Node 57: 4.633660554885864 
2023-03-10 11:12:05,288 dumbo.py [line:220] run_bft INFO Current Block's TPS at Node 57: 723.833772515651 
2023-03-10 11:12:09,960 dumbo.py [line:217] run_bft INFO Node 57 Delivers ACS Block in Round 49 with having 3354 TXs 
2023-03-10 11:12:09,960 dumbo.py [line:219] run_bft INFO ACS Block Delay at Node 57: 4.672071218490601 
2023-03-10 11:12:09,960 dumbo.py [line:220] run_bft INFO Current Block's TPS at Node 57: 717.882892436638 
2023-03-10 11:12:14,553 dumbo.py [line:217] run_bft INFO Node 57 Delivers ACS Block in Round 50 with having 3354 TXs 
2023-03-10 11:12:14,553 dumbo.py [line:219] run_bft INFO ACS Block Delay at Node 57: 4.592923641204834 
2023-03-10 11:12:14,553 dumbo.py [line:220] run_bft INFO Current Block's TPS at Node 57: 730.253812606422 
2023-03-10 11:12:19,368 dumbo.py [line:217] run_bft INFO Node 57 Delivers ACS Block in Round 51 with having 3354 TXs 
2023-03-10 11:12:19,368 dumbo.py [line:219] run_bft INFO ACS Block Delay at Node 57: 4.814968109130859 
2023-03-10 11:12:19,368 dumbo.py [line:220] run_bft INFO Current Block's TPS at Node 57: 696.5778223202861 
2023-03-10 11:12:23,926 dumbo.py [line:217] run_bft INFO Node 57 Delivers ACS Block in Round 52 with having 3354 TXs 
2023-03-10 11:12:23,926 dumbo.py [line:219] run_bft INFO ACS Block Delay at Node 57: 4.558002710342407 
2023-03-10 11:12:23,926 dumbo.py [line:220] run_bft INFO Current Block's TPS at Node 57: 735.8486190430633 
2023-03-10 11:12:28,612 dumbo.py [line:217] run_bft INFO Node 57 Delivers ACS Block in Round 53 with having 3354 TXs 
2023-03-10 11:12:28,612 dumbo.py [line:219] run_bft INFO ACS Block Delay at Node 57: 4.685744524002075 
2023-03-10 11:12:28,612 dumbo.py [line:220] run_bft INFO Current Block's TPS at Node 57: 715.788063736638 
2023-03-10 11:12:33,290 dumbo.py [line:217] run_bft INFO Node 57 Delivers ACS Block in Round 54 with having 3354 TXs 
2023-03-10 11:12:33,290 dumbo.py [line:219] run_bft INFO ACS Block Delay at Node 57: 4.6783154010772705 
2023-03-10 11:12:33,290 dumbo.py [line:220] run_bft INFO Current Block's TPS at Node 57: 716.9247287661875 
2023-03-10 11:12:37,992 dumbo.py [line:217] run_bft INFO Node 57 Delivers ACS Block in Round 55 with having 3354 TXs 
2023-03-10 11:12:37,992 dumbo.py [line:219] run_bft INFO ACS Block Delay at Node 57: 4.701692819595337 
2023-03-10 11:12:37,992 dumbo.py [line:220] run_bft INFO Current Block's TPS at Node 57: 713.3600872480373 
2023-03-10 11:12:42,661 dumbo.py [line:217] run_bft INFO Node 57 Delivers ACS Block in Round 56 with having 3354 TXs 
2023-03-10 11:12:42,661 dumbo.py [line:219] run_bft INFO ACS Block Delay at Node 57: 4.668444633483887 
2023-03-10 11:12:42,661 dumbo.py [line:220] run_bft INFO Current Block's TPS at Node 57: 718.4405649675734 
2023-03-10 11:12:47,385 dumbo.py [line:217] run_bft INFO Node 57 Delivers ACS Block in Round 57 with having 3354 TXs 
2023-03-10 11:12:47,385 dumbo.py [line:219] run_bft INFO ACS Block Delay at Node 57: 4.724013805389404 
2023-03-10 11:12:47,385 dumbo.py [line:220] run_bft INFO Current Block's TPS at Node 57: 709.9894577305383 
2023-03-10 11:12:52,153 dumbo.py [line:217] run_bft INFO Node 57 Delivers ACS Block in Round 58 with having 3354 TXs 
2023-03-10 11:12:52,154 dumbo.py [line:219] run_bft INFO ACS Block Delay at Node 57: 4.768723487854004 
2023-03-10 11:12:52,154 dumbo.py [line:220] run_bft INFO Current Block's TPS at Node 57: 703.3328748338373 
2023-03-10 11:12:56,803 dumbo.py [line:217] run_bft INFO Node 57 Delivers ACS Block in Round 59 with having 3354 TXs 
2023-03-10 11:12:56,803 dumbo.py [line:219] run_bft INFO ACS Block Delay at Node 57: 4.649395704269409 
2023-03-10 11:12:56,803 dumbo.py [line:220] run_bft INFO Current Block's TPS at Node 57: 721.3840708202393 
2023-03-10 11:13:01,392 dumbo.py [line:217] run_bft INFO Node 57 Delivers ACS Block in Round 60 with having 3354 TXs 
2023-03-10 11:13:01,393 dumbo.py [line:219] run_bft INFO ACS Block Delay at Node 57: 4.589577674865723 
2023-03-10 11:13:01,393 dumbo.py [line:220] run_bft INFO Current Block's TPS at Node 57: 730.7861937641414 
2023-03-10 11:13:06,083 dumbo.py [line:217] run_bft INFO Node 57 Delivers ACS Block in Round 61 with having 3354 TXs 
2023-03-10 11:13:06,083 dumbo.py [line:219] run_bft INFO ACS Block Delay at Node 57: 4.690133810043335 
2023-03-10 11:13:06,083 dumbo.py [line:220] run_bft INFO Current Block's TPS at Node 57: 715.1181897663193 
2023-03-10 11:13:10,874 dumbo.py [line:217] run_bft INFO Node 57 Delivers ACS Block in Round 62 with having 3354 TXs 
2023-03-10 11:13:10,874 dumbo.py [line:219] run_bft INFO ACS Block Delay at Node 57: 4.791208982467651 
2023-03-10 11:13:10,874 dumbo.py [line:220] run_bft INFO Current Block's TPS at Node 57: 700.0320821473675 
2023-03-10 11:13:15,548 dumbo.py [line:217] run_bft INFO Node 57 Delivers ACS Block in Round 63 with having 3354 TXs 
2023-03-10 11:13:15,548 dumbo.py [line:219] run_bft INFO ACS Block Delay at Node 57: 4.673946380615234 
2023-03-10 11:13:15,548 dumbo.py [line:220] run_bft INFO Current Block's TPS at Node 57: 717.5948816850806 
2023-03-10 11:13:21,519 dumbo.py [line:217] run_bft INFO Node 57 Delivers ACS Block in Round 64 with having 3354 TXs 
2023-03-10 11:13:21,519 dumbo.py [line:219] run_bft INFO ACS Block Delay at Node 57: 5.970859527587891 
2023-03-10 11:13:21,519 dumbo.py [line:220] run_bft INFO Current Block's TPS at Node 57: 561.7281707102812 
2023-03-10 11:13:26,031 dumbo.py [line:217] run_bft INFO Node 57 Delivers ACS Block in Round 65 with having 3354 TXs 
2023-03-10 11:13:26,031 dumbo.py [line:219] run_bft INFO ACS Block Delay at Node 57: 4.511873483657837 
2023-03-10 11:13:26,031 dumbo.py [line:220] run_bft INFO Current Block's TPS at Node 57: 743.3719079553771 
2023-03-10 11:13:30,772 dumbo.py [line:217] run_bft INFO Node 57 Delivers ACS Block in Round 66 with having 3354 TXs 
2023-03-10 11:13:30,772 dumbo.py [line:219] run_bft INFO ACS Block Delay at Node 57: 4.740989923477173 
2023-03-10 11:13:30,772 dumbo.py [line:220] run_bft INFO Current Block's TPS at Node 57: 707.447190172487 
2023-03-10 11:13:35,390 dumbo.py [line:217] run_bft INFO Node 57 Delivers ACS Block in Round 67 with having 3354 TXs 
2023-03-10 11:13:35,390 dumbo.py [line:219] run_bft INFO ACS Block Delay at Node 57: 4.617650270462036 
2023-03-10 11:13:35,390 dumbo.py [line:220] run_bft INFO Current Block's TPS at Node 57: 726.3434438625001 
2023-03-10 11:13:41,321 dumbo.py [line:217] run_bft INFO Node 57 Delivers ACS Block in Round 68 with having 3354 TXs 
2023-03-10 11:13:41,321 dumbo.py [line:219] run_bft INFO ACS Block Delay at Node 57: 5.931044340133667 
2023-03-10 11:13:41,321 dumbo.py [line:220] run_bft INFO Current Block's TPS at Node 57: 565.4990601409686 
2023-03-10 11:13:46,120 dumbo.py [line:217] run_bft INFO Node 57 Delivers ACS Block in Round 69 with having 3354 TXs 
2023-03-10 11:13:46,120 dumbo.py [line:219] run_bft INFO ACS Block Delay at Node 57: 4.798962593078613 
2023-03-10 11:13:46,120 dumbo.py [line:220] run_bft INFO Current Block's TPS at Node 57: 698.9010509974311 
2023-03-10 11:13:50,843 dumbo.py [line:217] run_bft INFO Node 57 Delivers ACS Block in Round 70 with having 3354 TXs 
2023-03-10 11:13:50,843 dumbo.py [line:219] run_bft INFO ACS Block Delay at Node 57: 4.723008155822754 
2023-03-10 11:13:50,843 dumbo.py [line:220] run_bft INFO Current Block's TPS at Node 57: 710.1406326950814 
2023-03-10 11:13:55,583 dumbo.py [line:217] run_bft INFO Node 57 Delivers ACS Block in Round 71 with having 3354 TXs 
2023-03-10 11:13:55,583 dumbo.py [line:219] run_bft INFO ACS Block Delay at Node 57: 4.739461898803711 
2023-03-10 11:13:55,583 dumbo.py [line:220] run_bft INFO Current Block's TPS at Node 57: 707.6752744539594 
2023-03-10 11:14:00,223 dumbo.py [line:217] run_bft INFO Node 57 Delivers ACS Block in Round 72 with having 3354 TXs 
2023-03-10 11:14:00,223 dumbo.py [line:219] run_bft INFO ACS Block Delay at Node 57: 4.639859437942505 
2023-03-10 11:14:00,223 dumbo.py [line:220] run_bft INFO Current Block's TPS at Node 57: 722.8667257832481 
2023-03-10 11:14:04,934 dumbo.py [line:217] run_bft INFO Node 57 Delivers ACS Block in Round 73 with having 3354 TXs 
2023-03-10 11:14:04,934 dumbo.py [line:219] run_bft INFO ACS Block Delay at Node 57: 4.711409568786621 
2023-03-10 11:14:04,934 dumbo.py [line:220] run_bft INFO Current Block's TPS at Node 57: 711.888862776961 
2023-03-10 11:14:09,573 dumbo.py [line:217] run_bft INFO Node 57 Delivers ACS Block in Round 74 with having 3354 TXs 
2023-03-10 11:14:09,573 dumbo.py [line:219] run_bft INFO ACS Block Delay at Node 57: 4.639068365097046 
2023-03-10 11:14:09,573 dumbo.py [line:220] run_bft INFO Current Block's TPS at Node 57: 722.9899919635775 
2023-03-10 11:14:14,198 dumbo.py [line:217] run_bft INFO Node 57 Delivers ACS Block in Round 75 with having 3354 TXs 
2023-03-10 11:14:14,198 dumbo.py [line:219] run_bft INFO ACS Block Delay at Node 57: 4.62476110458374 
2023-03-10 11:14:14,198 dumbo.py [line:220] run_bft INFO Current Block's TPS at Node 57: 725.2266493669802 
2023-03-10 11:14:18,836 dumbo.py [line:217] run_bft INFO Node 57 Delivers ACS Block in Round 76 with having 3354 TXs 
2023-03-10 11:14:18,837 dumbo.py [line:219] run_bft INFO ACS Block Delay at Node 57: 4.638212442398071 
2023-03-10 11:14:18,837 dumbo.py [line:220] run_bft INFO Current Block's TPS at Node 57: 723.1234105063758 
2023-03-10 11:14:23,564 dumbo.py [line:217] run_bft INFO Node 57 Delivers ACS Block in Round 77 with having 3354 TXs 
2023-03-10 11:14:23,564 dumbo.py [line:219] run_bft INFO ACS Block Delay at Node 57: 4.727319717407227 
2023-03-10 11:14:23,564 dumbo.py [line:220] run_bft INFO Current Block's TPS at Node 57: 709.4929474834747 
2023-03-10 11:14:28,324 dumbo.py [line:217] run_bft INFO Node 57 Delivers ACS Block in Round 78 with having 3354 TXs 
2023-03-10 11:14:28,324 dumbo.py [line:219] run_bft INFO ACS Block Delay at Node 57: 4.7603771686553955 
2023-03-10 11:14:28,324 dumbo.py [line:220] run_bft INFO Current Block's TPS at Node 57: 704.5660209624446 
2023-03-10 11:14:33,005 dumbo.py [line:217] run_bft INFO Node 57 Delivers ACS Block in Round 79 with having 3354 TXs 
2023-03-10 11:14:33,005 dumbo.py [line:219] run_bft INFO ACS Block Delay at Node 57: 4.680927515029907 
2023-03-10 11:14:33,005 dumbo.py [line:220] run_bft INFO Current Block's TPS at Node 57: 716.5246608136316 
2023-03-10 11:14:37,743 dumbo.py [line:217] run_bft INFO Node 57 Delivers ACS Block in Round 80 with having 3354 TXs 
2023-03-10 11:14:37,744 dumbo.py [line:219] run_bft INFO ACS Block Delay at Node 57: 4.738037824630737 
2023-03-10 11:14:37,744 dumbo.py [line:220] run_bft INFO Current Block's TPS at Node 57: 707.887974757018 
2023-03-10 11:14:42,578 dumbo.py [line:217] run_bft INFO Node 57 Delivers ACS Block in Round 81 with having 3354 TXs 
2023-03-10 11:14:42,578 dumbo.py [line:219] run_bft INFO ACS Block Delay at Node 57: 4.834260940551758 
2023-03-10 11:14:42,578 dumbo.py [line:220] run_bft INFO Current Block's TPS at Node 57: 693.7978816710691 
2023-03-10 11:14:47,244 dumbo.py [line:217] run_bft INFO Node 57 Delivers ACS Block in Round 82 with having 3354 TXs 
2023-03-10 11:14:47,244 dumbo.py [line:219] run_bft INFO ACS Block Delay at Node 57: 4.666068077087402 
2023-03-10 11:14:47,244 dumbo.py [line:220] run_bft INFO Current Block's TPS at Node 57: 718.8064864440628 
2023-03-10 11:14:51,989 dumbo.py [line:217] run_bft INFO Node 57 Delivers ACS Block in Round 83 with having 3354 TXs 
2023-03-10 11:14:51,989 dumbo.py [line:219] run_bft INFO ACS Block Delay at Node 57: 4.745300054550171 
2023-03-10 11:14:51,989 dumbo.py [line:220] run_bft INFO Current Block's TPS at Node 57: 706.8046196117605 
2023-03-10 11:14:56,519 dumbo.py [line:217] run_bft INFO Node 57 Delivers ACS Block in Round 84 with having 3354 TXs 
2023-03-10 11:14:56,519 dumbo.py [line:219] run_bft INFO ACS Block Delay at Node 57: 4.52959680557251 
2023-03-10 11:14:56,519 dumbo.py [line:220] run_bft INFO Current Block's TPS at Node 57: 740.4632562160414 
2023-03-10 11:15:01,226 dumbo.py [line:217] run_bft INFO Node 57 Delivers ACS Block in Round 85 with having 3354 TXs 
2023-03-10 11:15:01,226 dumbo.py [line:219] run_bft INFO ACS Block Delay at Node 57: 4.707329273223877 
2023-03-10 11:15:01,227 dumbo.py [line:220] run_bft INFO Current Block's TPS at Node 57: 712.5059254040601 
2023-03-10 11:15:05,950 dumbo.py [line:217] run_bft INFO Node 57 Delivers ACS Block in Round 86 with having 3354 TXs 
2023-03-10 11:15:05,950 dumbo.py [line:219] run_bft INFO ACS Block Delay at Node 57: 4.72310209274292 
2023-03-10 11:15:05,950 dumbo.py [line:220] run_bft INFO Current Block's TPS at Node 57: 710.1265088369453 
2023-03-10 11:15:10,620 dumbo.py [line:217] run_bft INFO Node 57 Delivers ACS Block in Round 87 with having 3354 TXs 
2023-03-10 11:15:10,620 dumbo.py [line:219] run_bft INFO ACS Block Delay at Node 57: 4.670071601867676 
2023-03-10 11:15:10,620 dumbo.py [line:220] run_bft INFO Current Block's TPS at Node 57: 718.1902732837444 
2023-03-10 11:15:15,298 dumbo.py [line:217] run_bft INFO Node 57 Delivers ACS Block in Round 88 with having 3354 TXs 
2023-03-10 11:15:15,299 dumbo.py [line:219] run_bft INFO ACS Block Delay at Node 57: 4.678725481033325 
2023-03-10 11:15:15,299 dumbo.py [line:220] run_bft INFO Current Block's TPS at Node 57: 716.8618918969464 
2023-03-10 11:15:20,080 dumbo.py [line:217] run_bft INFO Node 57 Delivers ACS Block in Round 89 with having 3354 TXs 
2023-03-10 11:15:20,080 dumbo.py [line:219] run_bft INFO ACS Block Delay at Node 57: 4.781614303588867 
2023-03-10 11:15:20,080 dumbo.py [line:220] run_bft INFO Current Block's TPS at Node 57: 701.436750656078 
2023-03-10 11:15:24,867 dumbo.py [line:217] run_bft INFO Node 57 Delivers ACS Block in Round 90 with having 3354 TXs 
2023-03-10 11:15:24,867 dumbo.py [line:219] run_bft INFO ACS Block Delay at Node 57: 4.786522388458252 
2023-03-10 11:15:24,867 dumbo.py [line:220] run_bft INFO Current Block's TPS at Node 57: 700.7174996376293 
2023-03-10 11:15:29,459 dumbo.py [line:217] run_bft INFO Node 57 Delivers ACS Block in Round 91 with having 3354 TXs 
2023-03-10 11:15:29,460 dumbo.py [line:219] run_bft INFO ACS Block Delay at Node 57: 4.592584848403931 
2023-03-10 11:15:29,460 dumbo.py [line:220] run_bft INFO Current Block's TPS at Node 57: 730.3076830830075 
2023-03-10 11:15:34,209 dumbo.py [line:217] run_bft INFO Node 57 Delivers ACS Block in Round 92 with having 3354 TXs 
2023-03-10 11:15:34,209 dumbo.py [line:219] run_bft INFO ACS Block Delay at Node 57: 4.749502420425415 
2023-03-10 11:15:34,209 dumbo.py [line:220] run_bft INFO Current Block's TPS at Node 57: 706.1792379715391 
2023-03-10 11:15:40,200 dumbo.py [line:217] run_bft INFO Node 57 Delivers ACS Block in Round 93 with having 3354 TXs 
2023-03-10 11:15:40,200 dumbo.py [line:219] run_bft INFO ACS Block Delay at Node 57: 5.9907286167144775 
2023-03-10 11:15:40,200 dumbo.py [line:220] run_bft INFO Current Block's TPS at Node 57: 559.8651206870142 
2023-03-10 11:15:45,063 dumbo.py [line:217] run_bft INFO Node 57 Delivers ACS Block in Round 94 with having 3354 TXs 
2023-03-10 11:15:45,063 dumbo.py [line:219] run_bft INFO ACS Block Delay at Node 57: 4.863117933273315 
2023-03-10 11:15:45,063 dumbo.py [line:220] run_bft INFO Current Block's TPS at Node 57: 689.6809919109769 
2023-03-10 11:15:49,610 dumbo.py [line:217] run_bft INFO Node 57 Delivers ACS Block in Round 95 with having 3354 TXs 
2023-03-10 11:15:49,610 dumbo.py [line:219] run_bft INFO ACS Block Delay at Node 57: 4.5464863777160645 
2023-03-10 11:15:49,610 dumbo.py [line:220] run_bft INFO Current Block's TPS at Node 57: 737.7125369690183 
2023-03-10 11:15:54,267 dumbo.py [line:217] run_bft INFO Node 57 Delivers ACS Block in Round 96 with having 3354 TXs 
2023-03-10 11:15:54,267 dumbo.py [line:219] run_bft INFO ACS Block Delay at Node 57: 4.657390117645264 
2023-03-10 11:15:54,267 dumbo.py [line:220] run_bft INFO Current Block's TPS at Node 57: 720.145814561 
2023-03-10 11:15:58,949 dumbo.py [line:217] run_bft INFO Node 57 Delivers ACS Block in Round 97 with having 3354 TXs 
2023-03-10 11:15:58,949 dumbo.py [line:219] run_bft INFO ACS Block Delay at Node 57: 4.682013511657715 
2023-03-10 11:15:58,949 dumbo.py [line:220] run_bft INFO Current Block's TPS at Node 57: 716.3584623685723 
2023-03-10 11:16:03,706 dumbo.py [line:217] run_bft INFO Node 57 Delivers ACS Block in Round 98 with having 3354 TXs 
2023-03-10 11:16:03,706 dumbo.py [line:219] run_bft INFO ACS Block Delay at Node 57: 4.756855249404907 
2023-03-10 11:16:03,706 dumbo.py [line:220] run_bft INFO Current Block's TPS at Node 57: 705.0876732941564 
2023-03-10 11:16:08,435 dumbo.py [line:217] run_bft INFO Node 57 Delivers ACS Block in Round 99 with having 3354 TXs 
2023-03-10 11:16:08,435 dumbo.py [line:219] run_bft INFO ACS Block Delay at Node 57: 4.728464126586914 
2023-03-10 11:16:08,435 dumbo.py [line:220] run_bft INFO Current Block's TPS at Node 57: 709.3212320553174 
2023-03-10 11:16:08,435 dumbo.py [line:241] run_bft INFO node 57 breaks in 471.287909 seconds with total delivered Txs 335400 
