2023-03-10 09:40:50,251 dumbo_node.py [line:77] run INFO node 42's starts to run consensus on process id 2781273 
2023-03-10 09:40:50,251 dumbo_node.py [line:59] prepare_bootstrap INFO node id 42 is inserting dummy payload TXs 
2023-03-10 09:40:50,252 dumbo_node.py [line:68] prepare_bootstrap INFO node id 42 just inserts 50000 TXs 
2023-03-10 09:40:50,252 dumbo_node.py [line:68] prepare_bootstrap INFO node id 42 just inserts 50000 TXs 
2023-03-10 09:40:50,252 dumbo_node.py [line:68] prepare_bootstrap INFO node id 42 just inserts 50000 TXs 
2023-03-10 09:40:50,252 dumbo_node.py [line:68] prepare_bootstrap INFO node id 42 just inserts 50000 TXs 
2023-03-10 09:40:50,252 dumbo_node.py [line:68] prepare_bootstrap INFO node id 42 just inserts 50000 TXs 
2023-03-10 09:40:50,253 dumbo_node.py [line:68] prepare_bootstrap INFO node id 42 just inserts 50000 TXs 
2023-03-10 09:40:50,253 dumbo_node.py [line:68] prepare_bootstrap INFO node id 42 just inserts 50000 TXs 
2023-03-10 09:40:50,253 dumbo_node.py [line:68] prepare_bootstrap INFO node id 42 just inserts 50000 TXs 
2023-03-10 09:40:50,253 dumbo_node.py [line:68] prepare_bootstrap INFO node id 42 just inserts 50000 TXs 
2023-03-10 09:40:50,253 dumbo_node.py [line:68] prepare_bootstrap INFO node id 42 just inserts 50000 TXs 
2023-03-10 09:40:50,253 dumbo_node.py [line:68] prepare_bootstrap INFO node id 42 just inserts 50000 TXs 
2023-03-10 09:40:50,253 dumbo_node.py [line:68] prepare_bootstrap INFO node id 42 just inserts 50000 TXs 
2023-03-10 09:40:50,253 dumbo_node.py [line:68] prepare_bootstrap INFO node id 42 just inserts 50000 TXs 
2023-03-10 09:40:50,254 dumbo_node.py [line:68] prepare_bootstrap INFO node id 42 just inserts 50000 TXs 
2023-03-10 09:40:50,254 dumbo_node.py [line:68] prepare_bootstrap INFO node id 42 just inserts 50000 TXs 
2023-03-10 09:40:50,254 dumbo_node.py [line:68] prepare_bootstrap INFO node id 42 just inserts 50000 TXs 
2023-03-10 09:40:50,254 dumbo_node.py [line:68] prepare_bootstrap INFO node id 42 just inserts 50000 TXs 
2023-03-10 09:40:50,254 dumbo_node.py [line:68] prepare_bootstrap INFO node id 42 just inserts 50000 TXs 
2023-03-10 09:40:50,254 dumbo_node.py [line:68] prepare_bootstrap INFO node id 42 just inserts 50000 TXs 
2023-03-10 09:40:50,254 dumbo_node.py [line:68] prepare_bootstrap INFO node id 42 just inserts 50000 TXs 
2023-03-10 09:40:50,255 dumbo_node.py [line:68] prepare_bootstrap INFO node id 42 just inserts 50000 TXs 
2023-03-10 09:40:50,255 dumbo_node.py [line:68] prepare_bootstrap INFO node id 42 just inserts 50000 TXs 
2023-03-10 09:40:50,255 dumbo_node.py [line:68] prepare_bootstrap INFO node id 42 just inserts 50000 TXs 
2023-03-10 09:40:50,255 dumbo_node.py [line:68] prepare_bootstrap INFO node id 42 just inserts 50000 TXs 
2023-03-10 09:40:50,255 dumbo_node.py [line:68] prepare_bootstrap INFO node id 42 just inserts 50000 TXs 
2023-03-10 09:40:50,255 dumbo_node.py [line:68] prepare_bootstrap INFO node id 42 just inserts 50000 TXs 
2023-03-10 09:40:50,255 dumbo_node.py [line:68] prepare_bootstrap INFO node id 42 just inserts 50000 TXs 
2023-03-10 09:40:50,256 dumbo_node.py [line:68] prepare_bootstrap INFO node id 42 just inserts 50000 TXs 
2023-03-10 09:40:50,256 dumbo_node.py [line:68] prepare_bootstrap INFO node id 42 just inserts 50000 TXs 
2023-03-10 09:40:50,256 dumbo_node.py [line:68] prepare_bootstrap INFO node id 42 just inserts 50000 TXs 
2023-03-10 09:40:50,256 dumbo_node.py [line:68] prepare_bootstrap INFO node id 42 just inserts 50000 TXs 
2023-03-10 09:40:50,256 dumbo_node.py [line:68] prepare_bootstrap INFO node id 42 just inserts 50000 TXs 
2023-03-10 09:40:50,256 dumbo_node.py [line:68] prepare_bootstrap INFO node id 42 just inserts 50000 TXs 
2023-03-10 09:40:50,256 dumbo_node.py [line:68] prepare_bootstrap INFO node id 42 just inserts 50000 TXs 
2023-03-10 09:40:50,256 dumbo_node.py [line:68] prepare_bootstrap INFO node id 42 just inserts 50000 TXs 
2023-03-10 09:40:50,257 dumbo_node.py [line:68] prepare_bootstrap INFO node id 42 just inserts 50000 TXs 
2023-03-10 09:40:50,257 dumbo_node.py [line:68] prepare_bootstrap INFO node id 42 just inserts 50000 TXs 
2023-03-10 09:40:50,257 dumbo_node.py [line:68] prepare_bootstrap INFO node id 42 just inserts 50000 TXs 
2023-03-10 09:40:50,257 dumbo_node.py [line:68] prepare_bootstrap INFO node id 42 just inserts 50000 TXs 
2023-03-10 09:40:50,257 dumbo_node.py [line:68] prepare_bootstrap INFO node id 42 just inserts 50000 TXs 
2023-03-10 09:40:50,257 dumbo_node.py [line:68] prepare_bootstrap INFO node id 42 just inserts 50000 TXs 
2023-03-10 09:40:50,257 dumbo_node.py [line:68] prepare_bootstrap INFO node id 42 just inserts 50000 TXs 
2023-03-10 09:40:50,258 dumbo_node.py [line:68] prepare_bootstrap INFO node id 42 just inserts 50000 TXs 
2023-03-10 09:40:50,258 dumbo_node.py [line:68] prepare_bootstrap INFO node id 42 just inserts 50000 TXs 
2023-03-10 09:40:50,258 dumbo_node.py [line:68] prepare_bootstrap INFO node id 42 just inserts 50000 TXs 
2023-03-10 09:40:50,258 dumbo_node.py [line:68] prepare_bootstrap INFO node id 42 just inserts 50000 TXs 
2023-03-10 09:40:50,258 dumbo_node.py [line:68] prepare_bootstrap INFO node id 42 just inserts 50000 TXs 
2023-03-10 09:40:50,258 dumbo_node.py [line:68] prepare_bootstrap INFO node id 42 just inserts 50000 TXs 
2023-03-10 09:40:50,258 dumbo_node.py [line:68] prepare_bootstrap INFO node id 42 just inserts 50000 TXs 
2023-03-10 09:40:50,259 dumbo_node.py [line:68] prepare_bootstrap INFO node id 42 just inserts 50000 TXs 
2023-03-10 09:40:50,259 dumbo_node.py [line:68] prepare_bootstrap INFO node id 42 just inserts 50000 TXs 
2023-03-10 09:40:50,259 dumbo_node.py [line:68] prepare_bootstrap INFO node id 42 just inserts 50000 TXs 
2023-03-10 09:40:50,259 dumbo_node.py [line:68] prepare_bootstrap INFO node id 42 just inserts 50000 TXs 
2023-03-10 09:40:50,259 dumbo_node.py [line:68] prepare_bootstrap INFO node id 42 just inserts 50000 TXs 
2023-03-10 09:40:50,259 dumbo_node.py [line:68] prepare_bootstrap INFO node id 42 just inserts 50000 TXs 
2023-03-10 09:40:50,259 dumbo_node.py [line:68] prepare_bootstrap INFO node id 42 just inserts 50000 TXs 
2023-03-10 09:40:50,259 dumbo_node.py [line:68] prepare_bootstrap INFO node id 42 just inserts 50000 TXs 
2023-03-10 09:40:50,259 dumbo_node.py [line:68] prepare_bootstrap INFO node id 42 just inserts 50000 TXs 
2023-03-10 09:40:50,259 dumbo_node.py [line:68] prepare_bootstrap INFO node id 42 just inserts 50000 TXs 
2023-03-10 09:40:50,260 dumbo_node.py [line:68] prepare_bootstrap INFO node id 42 just inserts 50000 TXs 
2023-03-10 09:40:50,260 dumbo_node.py [line:68] prepare_bootstrap INFO node id 42 just inserts 50000 TXs 
2023-03-10 09:40:50,260 dumbo_node.py [line:68] prepare_bootstrap INFO node id 42 just inserts 50000 TXs 
2023-03-10 09:40:50,260 dumbo_node.py [line:68] prepare_bootstrap INFO node id 42 just inserts 50000 TXs 
2023-03-10 09:40:50,260 dumbo_node.py [line:68] prepare_bootstrap INFO node id 42 just inserts 50000 TXs 
2023-03-10 09:40:50,260 dumbo_node.py [line:68] prepare_bootstrap INFO node id 42 just inserts 50000 TXs 
2023-03-10 09:40:50,260 dumbo_node.py [line:68] prepare_bootstrap INFO node id 42 just inserts 50000 TXs 
2023-03-10 09:40:50,260 dumbo_node.py [line:68] prepare_bootstrap INFO node id 42 just inserts 50000 TXs 
2023-03-10 09:40:50,260 dumbo_node.py [line:68] prepare_bootstrap INFO node id 42 just inserts 50000 TXs 
2023-03-10 09:40:50,260 dumbo_node.py [line:68] prepare_bootstrap INFO node id 42 just inserts 50000 TXs 
2023-03-10 09:40:50,260 dumbo_node.py [line:68] prepare_bootstrap INFO node id 42 just inserts 50000 TXs 
2023-03-10 09:40:50,261 dumbo_node.py [line:68] prepare_bootstrap INFO node id 42 just inserts 50000 TXs 
2023-03-10 09:40:50,261 dumbo_node.py [line:68] prepare_bootstrap INFO node id 42 just inserts 50000 TXs 
2023-03-10 09:40:50,261 dumbo_node.py [line:68] prepare_bootstrap INFO node id 42 just inserts 50000 TXs 
2023-03-10 09:40:50,261 dumbo_node.py [line:68] prepare_bootstrap INFO node id 42 just inserts 50000 TXs 
2023-03-10 09:40:50,261 dumbo_node.py [line:68] prepare_bootstrap INFO node id 42 just inserts 50000 TXs 
2023-03-10 09:40:50,261 dumbo_node.py [line:68] prepare_bootstrap INFO node id 42 just inserts 50000 TXs 
2023-03-10 09:40:50,261 dumbo_node.py [line:68] prepare_bootstrap INFO node id 42 just inserts 50000 TXs 
2023-03-10 09:40:50,261 dumbo_node.py [line:68] prepare_bootstrap INFO node id 42 just inserts 50000 TXs 
2023-03-10 09:40:50,261 dumbo_node.py [line:68] prepare_bootstrap INFO node id 42 just inserts 50000 TXs 
2023-03-10 09:40:50,261 dumbo_node.py [line:68] prepare_bootstrap INFO node id 42 just inserts 50000 TXs 
2023-03-10 09:40:50,261 dumbo_node.py [line:68] prepare_bootstrap INFO node id 42 just inserts 50000 TXs 
2023-03-10 09:40:50,262 dumbo_node.py [line:68] prepare_bootstrap INFO node id 42 just inserts 50000 TXs 
2023-03-10 09:40:50,262 dumbo_node.py [line:68] prepare_bootstrap INFO node id 42 just inserts 50000 TXs 
2023-03-10 09:40:50,262 dumbo_node.py [line:68] prepare_bootstrap INFO node id 42 just inserts 50000 TXs 
2023-03-10 09:40:50,262 dumbo_node.py [line:68] prepare_bootstrap INFO node id 42 just inserts 50000 TXs 
2023-03-10 09:40:50,262 dumbo_node.py [line:68] prepare_bootstrap INFO node id 42 just inserts 50000 TXs 
2023-03-10 09:40:50,262 dumbo_node.py [line:68] prepare_bootstrap INFO node id 42 just inserts 50000 TXs 
2023-03-10 09:40:50,262 dumbo_node.py [line:68] prepare_bootstrap INFO node id 42 just inserts 50000 TXs 
2023-03-10 09:40:50,262 dumbo_node.py [line:68] prepare_bootstrap INFO node id 42 just inserts 50000 TXs 
2023-03-10 09:40:50,262 dumbo_node.py [line:68] prepare_bootstrap INFO node id 42 just inserts 50000 TXs 
2023-03-10 09:40:50,262 dumbo_node.py [line:68] prepare_bootstrap INFO node id 42 just inserts 50000 TXs 
2023-03-10 09:40:50,262 dumbo_node.py [line:68] prepare_bootstrap INFO node id 42 just inserts 50000 TXs 
2023-03-10 09:40:50,263 dumbo_node.py [line:68] prepare_bootstrap INFO node id 42 just inserts 50000 TXs 
2023-03-10 09:40:50,263 dumbo_node.py [line:68] prepare_bootstrap INFO node id 42 just inserts 50000 TXs 
2023-03-10 09:40:50,263 dumbo_node.py [line:68] prepare_bootstrap INFO node id 42 just inserts 50000 TXs 
2023-03-10 09:40:50,263 dumbo_node.py [line:68] prepare_bootstrap INFO node id 42 just inserts 50000 TXs 
2023-03-10 09:40:50,263 dumbo_node.py [line:68] prepare_bootstrap INFO node id 42 just inserts 50000 TXs 
2023-03-10 09:40:50,263 dumbo_node.py [line:68] prepare_bootstrap INFO node id 42 just inserts 50000 TXs 
2023-03-10 09:40:50,263 dumbo_node.py [line:68] prepare_bootstrap INFO node id 42 just inserts 50000 TXs 
2023-03-10 09:40:50,263 dumbo_node.py [line:68] prepare_bootstrap INFO node id 42 just inserts 50000 TXs 
2023-03-10 09:40:50,263 dumbo_node.py [line:72] prepare_bootstrap INFO node id 42 completed the loading of dummy TXs 
2023-03-10 09:40:50,263 dumbo.py [line:179] run_bft INFO Node 42 starts to run at time:1678441250.2638786 
2023-03-10 09:40:57,314 dumbo.py [line:217] run_bft INFO Node 42 Delivers ACS Block in Round 0 with having 3366 TXs 
2023-03-10 09:40:57,314 dumbo.py [line:219] run_bft INFO ACS Block Delay at Node 42: 7.050262928009033 
2023-03-10 09:40:57,314 dumbo.py [line:220] run_bft INFO Current Block's TPS at Node 42: 477.42900291387366 
2023-03-10 09:41:04,191 dumbo.py [line:217] run_bft INFO Node 42 Delivers ACS Block in Round 1 with having 3366 TXs 
2023-03-10 09:41:04,191 dumbo.py [line:219] run_bft INFO ACS Block Delay at Node 42: 6.877250909805298 
2023-03-10 09:41:04,191 dumbo.py [line:220] run_bft INFO Current Block's TPS at Node 42: 489.43975494639835 
2023-03-10 09:41:11,240 dumbo.py [line:217] run_bft INFO Node 42 Delivers ACS Block in Round 2 with having 3366 TXs 
2023-03-10 09:41:11,241 dumbo.py [line:219] run_bft INFO ACS Block Delay at Node 42: 7.0493927001953125 
2023-03-10 09:41:11,241 dumbo.py [line:220] run_bft INFO Current Block's TPS at Node 42: 477.4879401890521 
2023-03-10 09:41:18,155 dumbo.py [line:217] run_bft INFO Node 42 Delivers ACS Block in Round 3 with having 3366 TXs 
2023-03-10 09:41:18,155 dumbo.py [line:219] run_bft INFO ACS Block Delay at Node 42: 6.914141654968262 
2023-03-10 09:41:18,155 dumbo.py [line:220] run_bft INFO Current Block's TPS at Node 42: 486.8283248986242 
2023-03-10 09:41:25,046 dumbo.py [line:217] run_bft INFO Node 42 Delivers ACS Block in Round 4 with having 3366 TXs 
2023-03-10 09:41:25,046 dumbo.py [line:219] run_bft INFO ACS Block Delay at Node 42: 6.891362905502319 
2023-03-10 09:41:25,046 dumbo.py [line:220] run_bft INFO Current Block's TPS at Node 42: 488.4374899647878 
2023-03-10 09:41:31,989 dumbo.py [line:217] run_bft INFO Node 42 Delivers ACS Block in Round 5 with having 3366 TXs 
2023-03-10 09:41:31,989 dumbo.py [line:219] run_bft INFO ACS Block Delay at Node 42: 6.9424779415130615 
2023-03-10 09:41:31,989 dumbo.py [line:220] run_bft INFO Current Block's TPS at Node 42: 484.84129562339024 
2023-03-10 09:41:38,905 dumbo.py [line:217] run_bft INFO Node 42 Delivers ACS Block in Round 6 with having 3366 TXs 
2023-03-10 09:41:38,905 dumbo.py [line:219] run_bft INFO ACS Block Delay at Node 42: 6.91646671295166 
2023-03-10 09:41:38,905 dumbo.py [line:220] run_bft INFO Current Block's TPS at Node 42: 486.66467138443454 
2023-03-10 09:41:45,855 dumbo.py [line:217] run_bft INFO Node 42 Delivers ACS Block in Round 7 with having 3366 TXs 
2023-03-10 09:41:45,855 dumbo.py [line:219] run_bft INFO ACS Block Delay at Node 42: 6.949809551239014 
2023-03-10 09:41:45,855 dumbo.py [line:220] run_bft INFO Current Block's TPS at Node 42: 484.3298187070333 
2023-03-10 09:41:52,820 dumbo.py [line:217] run_bft INFO Node 42 Delivers ACS Block in Round 8 with having 3366 TXs 
2023-03-10 09:41:52,820 dumbo.py [line:219] run_bft INFO ACS Block Delay at Node 42: 6.9647886753082275 
2023-03-10 09:41:52,820 dumbo.py [line:220] run_bft INFO Current Block's TPS at Node 42: 483.2881738297734 
2023-03-10 09:41:59,700 dumbo.py [line:217] run_bft INFO Node 42 Delivers ACS Block in Round 9 with having 3366 TXs 
2023-03-10 09:41:59,700 dumbo.py [line:219] run_bft INFO ACS Block Delay at Node 42: 6.879722356796265 
2023-03-10 09:41:59,700 dumbo.py [line:220] run_bft INFO Current Block's TPS at Node 42: 489.26393034957766 
2023-03-10 09:42:06,622 dumbo.py [line:217] run_bft INFO Node 42 Delivers ACS Block in Round 10 with having 3366 TXs 
2023-03-10 09:42:06,623 dumbo.py [line:219] run_bft INFO ACS Block Delay at Node 42: 6.922790288925171 
2023-03-10 09:42:06,623 dumbo.py [line:220] run_bft INFO Current Block's TPS at Node 42: 486.2201308314662 
2023-03-10 09:42:13,567 dumbo.py [line:217] run_bft INFO Node 42 Delivers ACS Block in Round 11 with having 3366 TXs 
2023-03-10 09:42:13,567 dumbo.py [line:219] run_bft INFO ACS Block Delay at Node 42: 6.944664716720581 
2023-03-10 09:42:13,567 dumbo.py [line:220] run_bft INFO Current Block's TPS at Node 42: 484.6886260607693 
2023-03-10 09:42:20,495 dumbo.py [line:217] run_bft INFO Node 42 Delivers ACS Block in Round 12 with having 3366 TXs 
2023-03-10 09:42:20,495 dumbo.py [line:219] run_bft INFO ACS Block Delay at Node 42: 6.9271461963653564 
2023-03-10 09:42:20,495 dumbo.py [line:220] run_bft INFO Current Block's TPS at Node 42: 485.91438733689864 
2023-03-10 09:42:27,458 dumbo.py [line:217] run_bft INFO Node 42 Delivers ACS Block in Round 13 with having 3366 TXs 
2023-03-10 09:42:27,459 dumbo.py [line:219] run_bft INFO ACS Block Delay at Node 42: 6.963869571685791 
2023-03-10 09:42:27,459 dumbo.py [line:220] run_bft INFO Current Block's TPS at Node 42: 483.3519590438236 
2023-03-10 09:42:34,323 dumbo.py [line:217] run_bft INFO Node 42 Delivers ACS Block in Round 14 with having 3366 TXs 
2023-03-10 09:42:34,323 dumbo.py [line:219] run_bft INFO ACS Block Delay at Node 42: 6.8641417026519775 
2023-03-10 09:42:34,323 dumbo.py [line:220] run_bft INFO Current Block's TPS at Node 42: 490.3744919338623 
2023-03-10 09:42:41,207 dumbo.py [line:217] run_bft INFO Node 42 Delivers ACS Block in Round 15 with having 3366 TXs 
2023-03-10 09:42:41,207 dumbo.py [line:219] run_bft INFO ACS Block Delay at Node 42: 6.884466648101807 
2023-03-10 09:42:41,207 dumbo.py [line:220] run_bft INFO Current Block's TPS at Node 42: 488.9267639822291 
2023-03-10 09:42:48,154 dumbo.py [line:217] run_bft INFO Node 42 Delivers ACS Block in Round 16 with having 3366 TXs 
2023-03-10 09:42:48,154 dumbo.py [line:219] run_bft INFO ACS Block Delay at Node 42: 6.946531772613525 
2023-03-10 09:42:48,154 dumbo.py [line:220] run_bft INFO Current Block's TPS at Node 42: 484.55835374860663 
2023-03-10 09:42:55,116 dumbo.py [line:217] run_bft INFO Node 42 Delivers ACS Block in Round 17 with having 3366 TXs 
2023-03-10 09:42:55,116 dumbo.py [line:219] run_bft INFO ACS Block Delay at Node 42: 6.961964845657349 
2023-03-10 09:42:55,116 dumbo.py [line:220] run_bft INFO Current Block's TPS at Node 42: 483.48419944975785 
2023-03-10 09:43:02,019 dumbo.py [line:217] run_bft INFO Node 42 Delivers ACS Block in Round 18 with having 3366 TXs 
2023-03-10 09:43:02,019 dumbo.py [line:219] run_bft INFO ACS Block Delay at Node 42: 6.903292655944824 
2023-03-10 09:43:02,019 dumbo.py [line:220] run_bft INFO Current Block's TPS at Node 42: 487.5934090815841 
2023-03-10 09:43:08,969 dumbo.py [line:217] run_bft INFO Node 42 Delivers ACS Block in Round 19 with having 3366 TXs 
2023-03-10 09:43:08,969 dumbo.py [line:219] run_bft INFO ACS Block Delay at Node 42: 6.950039863586426 
2023-03-10 09:43:08,969 dumbo.py [line:220] run_bft INFO Current Block's TPS at Node 42: 484.3137688512544 
2023-03-10 09:43:15,887 dumbo.py [line:217] run_bft INFO Node 42 Delivers ACS Block in Round 20 with having 3366 TXs 
2023-03-10 09:43:15,887 dumbo.py [line:219] run_bft INFO ACS Block Delay at Node 42: 6.917943000793457 
2023-03-10 09:43:15,887 dumbo.py [line:220] run_bft INFO Current Block's TPS at Node 42: 486.5608172275971 
2023-03-10 09:43:22,879 dumbo.py [line:217] run_bft INFO Node 42 Delivers ACS Block in Round 21 with having 3366 TXs 
2023-03-10 09:43:22,879 dumbo.py [line:219] run_bft INFO ACS Block Delay at Node 42: 6.991608619689941 
2023-03-10 09:43:22,879 dumbo.py [line:220] run_bft INFO Current Block's TPS at Node 42: 481.4342711519331 
2023-03-10 09:43:29,764 dumbo.py [line:217] run_bft INFO Node 42 Delivers ACS Block in Round 22 with having 3366 TXs 
2023-03-10 09:43:29,764 dumbo.py [line:219] run_bft INFO ACS Block Delay at Node 42: 6.885072708129883 
2023-03-10 09:43:29,764 dumbo.py [line:220] run_bft INFO Current Block's TPS at Node 42: 488.8837260971017 
2023-03-10 09:43:36,668 dumbo.py [line:217] run_bft INFO Node 42 Delivers ACS Block in Round 23 with having 3366 TXs 
2023-03-10 09:43:36,668 dumbo.py [line:219] run_bft INFO ACS Block Delay at Node 42: 6.903759002685547 
2023-03-10 09:43:36,668 dumbo.py [line:220] run_bft INFO Current Block's TPS at Node 42: 487.5604723007616 
2023-03-10 09:43:43,605 dumbo.py [line:217] run_bft INFO Node 42 Delivers ACS Block in Round 24 with having 3366 TXs 
2023-03-10 09:43:43,605 dumbo.py [line:219] run_bft INFO ACS Block Delay at Node 42: 6.936503648757935 
2023-03-10 09:43:43,605 dumbo.py [line:220] run_bft INFO Current Block's TPS at Node 42: 485.25888119481107 
2023-03-10 09:43:50,572 dumbo.py [line:217] run_bft INFO Node 42 Delivers ACS Block in Round 25 with having 3366 TXs 
2023-03-10 09:43:50,572 dumbo.py [line:219] run_bft INFO ACS Block Delay at Node 42: 6.967622995376587 
2023-03-10 09:43:50,572 dumbo.py [line:220] run_bft INFO Current Block's TPS at Node 42: 483.0915797587688 
2023-03-10 09:43:57,463 dumbo.py [line:217] run_bft INFO Node 42 Delivers ACS Block in Round 26 with having 3366 TXs 
2023-03-10 09:43:57,463 dumbo.py [line:219] run_bft INFO ACS Block Delay at Node 42: 6.890973329544067 
2023-03-10 09:43:57,463 dumbo.py [line:220] run_bft INFO Current Block's TPS at Node 42: 488.4651034083609 
2023-03-10 09:44:04,485 dumbo.py [line:217] run_bft INFO Node 42 Delivers ACS Block in Round 27 with having 3366 TXs 
2023-03-10 09:44:04,485 dumbo.py [line:219] run_bft INFO ACS Block Delay at Node 42: 7.021876811981201 
2023-03-10 09:44:04,485 dumbo.py [line:220] run_bft INFO Current Block's TPS at Node 42: 479.35902182970557 
2023-03-10 09:44:11,363 dumbo.py [line:217] run_bft INFO Node 42 Delivers ACS Block in Round 28 with having 3366 TXs 
2023-03-10 09:44:11,363 dumbo.py [line:219] run_bft INFO ACS Block Delay at Node 42: 6.877352714538574 
2023-03-10 09:44:11,363 dumbo.py [line:220] run_bft INFO Current Block's TPS at Node 42: 489.4325098208718 
2023-03-10 09:44:18,273 dumbo.py [line:217] run_bft INFO Node 42 Delivers ACS Block in Round 29 with having 3366 TXs 
2023-03-10 09:44:18,273 dumbo.py [line:219] run_bft INFO ACS Block Delay at Node 42: 6.909775733947754 
2023-03-10 09:44:18,273 dumbo.py [line:220] run_bft INFO Current Block's TPS at Node 42: 487.1359259118685 
2023-03-10 09:44:25,197 dumbo.py [line:217] run_bft INFO Node 42 Delivers ACS Block in Round 30 with having 3366 TXs 
2023-03-10 09:44:25,197 dumbo.py [line:219] run_bft INFO ACS Block Delay at Node 42: 6.924076557159424 
2023-03-10 09:44:25,197 dumbo.py [line:220] run_bft INFO Current Block's TPS at Node 42: 486.1298069443774 
2023-03-10 09:44:32,134 dumbo.py [line:217] run_bft INFO Node 42 Delivers ACS Block in Round 31 with having 3366 TXs 
2023-03-10 09:44:32,134 dumbo.py [line:219] run_bft INFO ACS Block Delay at Node 42: 6.93733024597168 
2023-03-10 09:44:32,134 dumbo.py [line:220] run_bft INFO Current Block's TPS at Node 42: 485.20106159780204 
2023-03-10 09:44:39,138 dumbo.py [line:217] run_bft INFO Node 42 Delivers ACS Block in Round 32 with having 3366 TXs 
2023-03-10 09:44:39,138 dumbo.py [line:219] run_bft INFO ACS Block Delay at Node 42: 7.0035881996154785 
2023-03-10 09:44:39,138 dumbo.py [line:220] run_bft INFO Current Block's TPS at Node 42: 480.6107817967946 
2023-03-10 09:44:46,004 dumbo.py [line:217] run_bft INFO Node 42 Delivers ACS Block in Round 33 with having 3366 TXs 
2023-03-10 09:44:46,004 dumbo.py [line:219] run_bft INFO ACS Block Delay at Node 42: 6.865862131118774 
2023-03-10 09:44:46,004 dumbo.py [line:220] run_bft INFO Current Block's TPS at Node 42: 490.2516152696936 
2023-03-10 09:44:52,954 dumbo.py [line:217] run_bft INFO Node 42 Delivers ACS Block in Round 34 with having 3366 TXs 
2023-03-10 09:44:52,954 dumbo.py [line:219] run_bft INFO ACS Block Delay at Node 42: 6.949849605560303 
2023-03-10 09:44:52,954 dumbo.py [line:220] run_bft INFO Current Block's TPS at Node 42: 484.32702735135376 
2023-03-10 09:44:59,863 dumbo.py [line:217] run_bft INFO Node 42 Delivers ACS Block in Round 35 with having 3366 TXs 
2023-03-10 09:44:59,864 dumbo.py [line:219] run_bft INFO ACS Block Delay at Node 42: 6.909876108169556 
2023-03-10 09:44:59,864 dumbo.py [line:220] run_bft INFO Current Block's TPS at Node 42: 487.12884967942824 
2023-03-10 09:45:06,740 dumbo.py [line:217] run_bft INFO Node 42 Delivers ACS Block in Round 36 with having 3366 TXs 
2023-03-10 09:45:06,740 dumbo.py [line:219] run_bft INFO ACS Block Delay at Node 42: 6.8763251304626465 
2023-03-10 09:45:06,740 dumbo.py [line:220] run_bft INFO Current Block's TPS at Node 42: 489.5056496221161 
2023-03-10 09:45:13,712 dumbo.py [line:217] run_bft INFO Node 42 Delivers ACS Block in Round 37 with having 3366 TXs 
2023-03-10 09:45:13,712 dumbo.py [line:219] run_bft INFO ACS Block Delay at Node 42: 6.972240447998047 
2023-03-10 09:45:13,712 dumbo.py [line:220] run_bft INFO Current Block's TPS at Node 42: 482.77164637465796 
2023-03-10 09:45:20,672 dumbo.py [line:217] run_bft INFO Node 42 Delivers ACS Block in Round 38 with having 3366 TXs 
2023-03-10 09:45:20,672 dumbo.py [line:219] run_bft INFO ACS Block Delay at Node 42: 6.959918260574341 
2023-03-10 09:45:20,672 dumbo.py [line:220] run_bft INFO Current Block's TPS at Node 42: 483.6263694456425 
2023-03-10 09:45:27,619 dumbo.py [line:217] run_bft INFO Node 42 Delivers ACS Block in Round 39 with having 3366 TXs 
2023-03-10 09:45:27,620 dumbo.py [line:219] run_bft INFO ACS Block Delay at Node 42: 6.9471046924591064 
2023-03-10 09:45:27,620 dumbo.py [line:220] run_bft INFO Current Block's TPS at Node 42: 484.5183927706893 
2023-03-10 09:45:34,602 dumbo.py [line:217] run_bft INFO Node 42 Delivers ACS Block in Round 40 with having 3366 TXs 
2023-03-10 09:45:34,602 dumbo.py [line:219] run_bft INFO ACS Block Delay at Node 42: 6.982288837432861 
2023-03-10 09:45:34,602 dumbo.py [line:220] run_bft INFO Current Block's TPS at Node 42: 482.076877420837 
2023-03-10 09:45:41,480 dumbo.py [line:217] run_bft INFO Node 42 Delivers ACS Block in Round 41 with having 3366 TXs 
2023-03-10 09:45:41,480 dumbo.py [line:219] run_bft INFO ACS Block Delay at Node 42: 6.878219842910767 
2023-03-10 09:45:41,480 dumbo.py [line:220] run_bft INFO Current Block's TPS at Node 42: 489.3708076907812 
2023-03-10 09:45:48,323 dumbo.py [line:217] run_bft INFO Node 42 Delivers ACS Block in Round 42 with having 3366 TXs 
2023-03-10 09:45:48,323 dumbo.py [line:219] run_bft INFO ACS Block Delay at Node 42: 6.842514991760254 
2023-03-10 09:45:48,323 dumbo.py [line:220] run_bft INFO Current Block's TPS at Node 42: 491.92438804347995 
2023-03-10 09:45:55,287 dumbo.py [line:217] run_bft INFO Node 42 Delivers ACS Block in Round 43 with having 3366 TXs 
2023-03-10 09:45:55,287 dumbo.py [line:219] run_bft INFO ACS Block Delay at Node 42: 6.964093208312988 
2023-03-10 09:45:55,287 dumbo.py [line:220] run_bft INFO Current Block's TPS at Node 42: 483.3364372524523 
2023-03-10 09:46:02,181 dumbo.py [line:217] run_bft INFO Node 42 Delivers ACS Block in Round 44 with having 3366 TXs 
2023-03-10 09:46:02,181 dumbo.py [line:219] run_bft INFO ACS Block Delay at Node 42: 6.894222736358643 
2023-03-10 09:46:02,181 dumbo.py [line:220] run_bft INFO Current Block's TPS at Node 42: 488.2348784944882 
2023-03-10 09:46:09,121 dumbo.py [line:217] run_bft INFO Node 42 Delivers ACS Block in Round 45 with having 3366 TXs 
2023-03-10 09:46:09,121 dumbo.py [line:219] run_bft INFO ACS Block Delay at Node 42: 6.939774513244629 
2023-03-10 09:46:09,121 dumbo.py [line:220] run_bft INFO Current Block's TPS at Node 42: 485.0301682822627 
2023-03-10 09:46:16,124 dumbo.py [line:217] run_bft INFO Node 42 Delivers ACS Block in Round 46 with having 3366 TXs 
2023-03-10 09:46:16,124 dumbo.py [line:219] run_bft INFO ACS Block Delay at Node 42: 7.002939462661743 
2023-03-10 09:46:16,124 dumbo.py [line:220] run_bft INFO Current Block's TPS at Node 42: 480.6553045255969 
2023-03-10 09:46:23,028 dumbo.py [line:217] run_bft INFO Node 42 Delivers ACS Block in Round 47 with having 3366 TXs 
2023-03-10 09:46:23,028 dumbo.py [line:219] run_bft INFO ACS Block Delay at Node 42: 6.904041767120361 
2023-03-10 09:46:23,028 dumbo.py [line:220] run_bft INFO Current Block's TPS at Node 42: 487.540503597495 
2023-03-10 09:46:29,968 dumbo.py [line:217] run_bft INFO Node 42 Delivers ACS Block in Round 48 with having 3366 TXs 
2023-03-10 09:46:29,969 dumbo.py [line:219] run_bft INFO ACS Block Delay at Node 42: 6.940444469451904 
2023-03-10 09:46:29,969 dumbo.py [line:220] run_bft INFO Current Block's TPS at Node 42: 484.9833486623685 
2023-03-10 09:46:36,856 dumbo.py [line:217] run_bft INFO Node 42 Delivers ACS Block in Round 49 with having 3366 TXs 
2023-03-10 09:46:36,856 dumbo.py [line:219] run_bft INFO ACS Block Delay at Node 42: 6.887222766876221 
2023-03-10 09:46:36,856 dumbo.py [line:220] run_bft INFO Current Block's TPS at Node 42: 488.7311059820253 
2023-03-10 09:46:43,841 dumbo.py [line:217] run_bft INFO Node 42 Delivers ACS Block in Round 50 with having 3366 TXs 
2023-03-10 09:46:43,841 dumbo.py [line:219] run_bft INFO ACS Block Delay at Node 42: 6.985267639160156 
2023-03-10 09:46:43,841 dumbo.py [line:220] run_bft INFO Current Block's TPS at Node 42: 481.8713002677012 
2023-03-10 09:46:50,779 dumbo.py [line:217] run_bft INFO Node 42 Delivers ACS Block in Round 51 with having 3366 TXs 
2023-03-10 09:46:50,779 dumbo.py [line:219] run_bft INFO ACS Block Delay at Node 42: 6.937817573547363 
2023-03-10 09:46:50,779 dumbo.py [line:220] run_bft INFO Current Block's TPS at Node 42: 485.1669800073651 
2023-03-10 09:46:57,723 dumbo.py [line:217] run_bft INFO Node 42 Delivers ACS Block in Round 52 with having 3366 TXs 
2023-03-10 09:46:57,723 dumbo.py [line:219] run_bft INFO ACS Block Delay at Node 42: 6.943773984909058 
2023-03-10 09:46:57,723 dumbo.py [line:220] run_bft INFO Current Block's TPS at Node 42: 484.7508008347257 
2023-03-10 09:47:04,689 dumbo.py [line:217] run_bft INFO Node 42 Delivers ACS Block in Round 53 with having 3366 TXs 
2023-03-10 09:47:04,689 dumbo.py [line:219] run_bft INFO ACS Block Delay at Node 42: 6.966308832168579 
2023-03-10 09:47:04,689 dumbo.py [line:220] run_bft INFO Current Block's TPS at Node 42: 483.18271283878465 
2023-03-10 09:47:11,690 dumbo.py [line:217] run_bft INFO Node 42 Delivers ACS Block in Round 54 with having 3366 TXs 
2023-03-10 09:47:11,690 dumbo.py [line:219] run_bft INFO ACS Block Delay at Node 42: 7.000470399856567 
2023-03-10 09:47:11,690 dumbo.py [line:220] run_bft INFO Current Block's TPS at Node 42: 480.82483143832246 
2023-03-10 09:47:18,526 dumbo.py [line:217] run_bft INFO Node 42 Delivers ACS Block in Round 55 with having 3366 TXs 
2023-03-10 09:47:18,527 dumbo.py [line:219] run_bft INFO ACS Block Delay at Node 42: 6.836593151092529 
2023-03-10 09:47:18,527 dumbo.py [line:220] run_bft INFO Current Block's TPS at Node 42: 492.35049177412185 
2023-03-10 09:47:25,481 dumbo.py [line:217] run_bft INFO Node 42 Delivers ACS Block in Round 56 with having 3366 TXs 
2023-03-10 09:47:25,481 dumbo.py [line:219] run_bft INFO ACS Block Delay at Node 42: 6.954256772994995 
2023-03-10 09:47:25,481 dumbo.py [line:220] run_bft INFO Current Block's TPS at Node 42: 484.02009156046194 
2023-03-10 09:47:32,539 dumbo.py [line:217] run_bft INFO Node 42 Delivers ACS Block in Round 57 with having 3366 TXs 
2023-03-10 09:47:32,539 dumbo.py [line:219] run_bft INFO ACS Block Delay at Node 42: 7.058455944061279 
2023-03-10 09:47:32,539 dumbo.py [line:220] run_bft INFO Current Block's TPS at Node 42: 476.8748330620419 
2023-03-10 09:47:39,353 dumbo.py [line:217] run_bft INFO Node 42 Delivers ACS Block in Round 58 with having 3366 TXs 
2023-03-10 09:47:39,353 dumbo.py [line:219] run_bft INFO ACS Block Delay at Node 42: 6.813462734222412 
2023-03-10 09:47:39,353 dumbo.py [line:220] run_bft INFO Current Block's TPS at Node 42: 494.02192854059035 
2023-03-10 09:47:46,289 dumbo.py [line:217] run_bft INFO Node 42 Delivers ACS Block in Round 59 with having 3366 TXs 
2023-03-10 09:47:46,289 dumbo.py [line:219] run_bft INFO ACS Block Delay at Node 42: 6.936299085617065 
2023-03-10 09:47:46,289 dumbo.py [line:220] run_bft INFO Current Block's TPS at Node 42: 485.2731922964009 
2023-03-10 09:47:53,245 dumbo.py [line:217] run_bft INFO Node 42 Delivers ACS Block in Round 60 with having 3366 TXs 
2023-03-10 09:47:53,245 dumbo.py [line:219] run_bft INFO ACS Block Delay at Node 42: 6.955736875534058 
2023-03-10 09:47:53,245 dumbo.py [line:220] run_bft INFO Current Block's TPS at Node 42: 483.91709753131806 
2023-03-10 09:48:00,173 dumbo.py [line:217] run_bft INFO Node 42 Delivers ACS Block in Round 61 with having 3366 TXs 
2023-03-10 09:48:00,174 dumbo.py [line:219] run_bft INFO ACS Block Delay at Node 42: 6.928324460983276 
2023-03-10 09:48:00,174 dumbo.py [line:220] run_bft INFO Current Block's TPS at Node 42: 485.83175036844233 
2023-03-10 09:48:07,111 dumbo.py [line:217] run_bft INFO Node 42 Delivers ACS Block in Round 62 with having 3366 TXs 
2023-03-10 09:48:07,111 dumbo.py [line:219] run_bft INFO ACS Block Delay at Node 42: 6.937488794326782 
2023-03-10 09:48:07,111 dumbo.py [line:220] run_bft INFO Current Block's TPS at Node 42: 485.18997288364466 
2023-03-10 09:48:14,040 dumbo.py [line:217] run_bft INFO Node 42 Delivers ACS Block in Round 63 with having 3366 TXs 
2023-03-10 09:48:14,040 dumbo.py [line:219] run_bft INFO ACS Block Delay at Node 42: 6.9286017417907715 
2023-03-10 09:48:14,040 dumbo.py [line:220] run_bft INFO Current Block's TPS at Node 42: 485.81230751040704 
2023-03-10 09:48:20,977 dumbo.py [line:217] run_bft INFO Node 42 Delivers ACS Block in Round 64 with having 3366 TXs 
2023-03-10 09:48:20,977 dumbo.py [line:219] run_bft INFO ACS Block Delay at Node 42: 6.937113523483276 
2023-03-10 09:48:20,977 dumbo.py [line:220] run_bft INFO Current Block's TPS at Node 42: 485.2162197728974 
2023-03-10 09:48:27,921 dumbo.py [line:217] run_bft INFO Node 42 Delivers ACS Block in Round 65 with having 3366 TXs 
2023-03-10 09:48:27,921 dumbo.py [line:219] run_bft INFO ACS Block Delay at Node 42: 6.9437644481658936 
2023-03-10 09:48:27,921 dumbo.py [line:220] run_bft INFO Current Block's TPS at Node 42: 484.751466603837 
2023-03-10 09:48:34,817 dumbo.py [line:217] run_bft INFO Node 42 Delivers ACS Block in Round 66 with having 3366 TXs 
2023-03-10 09:48:34,817 dumbo.py [line:219] run_bft INFO ACS Block Delay at Node 42: 6.896243572235107 
2023-03-10 09:48:34,817 dumbo.py [line:220] run_bft INFO Current Block's TPS at Node 42: 488.09180893085284 
2023-03-10 09:48:41,792 dumbo.py [line:217] run_bft INFO Node 42 Delivers ACS Block in Round 67 with having 3366 TXs 
2023-03-10 09:48:41,792 dumbo.py [line:219] run_bft INFO ACS Block Delay at Node 42: 6.975168228149414 
2023-03-10 09:48:41,792 dumbo.py [line:220] run_bft INFO Current Block's TPS at Node 42: 482.56900620919293 
2023-03-10 09:48:48,736 dumbo.py [line:217] run_bft INFO Node 42 Delivers ACS Block in Round 68 with having 3366 TXs 
2023-03-10 09:48:48,736 dumbo.py [line:219] run_bft INFO ACS Block Delay at Node 42: 6.9433417320251465 
2023-03-10 09:48:48,736 dumbo.py [line:220] run_bft INFO Current Block's TPS at Node 42: 484.7809786568358 
2023-03-10 09:48:55,701 dumbo.py [line:217] run_bft INFO Node 42 Delivers ACS Block in Round 69 with having 3366 TXs 
2023-03-10 09:48:55,701 dumbo.py [line:219] run_bft INFO ACS Block Delay at Node 42: 6.965589284896851 
2023-03-10 09:48:55,701 dumbo.py [line:220] run_bft INFO Current Block's TPS at Node 42: 483.2326257447212 
2023-03-10 09:49:02,657 dumbo.py [line:217] run_bft INFO Node 42 Delivers ACS Block in Round 70 with having 3366 TXs 
2023-03-10 09:49:02,657 dumbo.py [line:219] run_bft INFO ACS Block Delay at Node 42: 6.955933094024658 
2023-03-10 09:49:02,657 dumbo.py [line:220] run_bft INFO Current Block's TPS at Node 42: 483.9034468131225 
2023-03-10 09:49:09,560 dumbo.py [line:217] run_bft INFO Node 42 Delivers ACS Block in Round 71 with having 3366 TXs 
2023-03-10 09:49:09,561 dumbo.py [line:219] run_bft INFO ACS Block Delay at Node 42: 6.90305757522583 
2023-03-10 09:49:09,561 dumbo.py [line:220] run_bft INFO Current Block's TPS at Node 42: 487.6100138698152 
2023-03-10 09:49:16,597 dumbo.py [line:217] run_bft INFO Node 42 Delivers ACS Block in Round 72 with having 3366 TXs 
2023-03-10 09:49:16,597 dumbo.py [line:219] run_bft INFO ACS Block Delay at Node 42: 7.036236763000488 
2023-03-10 09:49:16,597 dumbo.py [line:220] run_bft INFO Current Block's TPS at Node 42: 478.38071875293525 
2023-03-10 09:49:23,508 dumbo.py [line:217] run_bft INFO Node 42 Delivers ACS Block in Round 73 with having 3366 TXs 
2023-03-10 09:49:23,509 dumbo.py [line:219] run_bft INFO ACS Block Delay at Node 42: 6.91165566444397 
2023-03-10 09:49:23,509 dumbo.py [line:220] run_bft INFO Current Block's TPS at Node 42: 487.0034277482758 
2023-03-10 09:49:30,426 dumbo.py [line:217] run_bft INFO Node 42 Delivers ACS Block in Round 74 with having 3366 TXs 
2023-03-10 09:49:30,426 dumbo.py [line:219] run_bft INFO ACS Block Delay at Node 42: 6.9173667430877686 
2023-03-10 09:49:30,426 dumbo.py [line:220] run_bft INFO Current Block's TPS at Node 42: 486.60135063151034 
2023-03-10 09:49:37,387 dumbo.py [line:217] run_bft INFO Node 42 Delivers ACS Block in Round 75 with having 3366 TXs 
2023-03-10 09:49:37,387 dumbo.py [line:219] run_bft INFO ACS Block Delay at Node 42: 6.9613471031188965 
2023-03-10 09:49:37,387 dumbo.py [line:220] run_bft INFO Current Block's TPS at Node 42: 483.5271033234256 
2023-03-10 09:49:44,313 dumbo.py [line:217] run_bft INFO Node 42 Delivers ACS Block in Round 76 with having 3366 TXs 
2023-03-10 09:49:44,313 dumbo.py [line:219] run_bft INFO ACS Block Delay at Node 42: 6.925260066986084 
2023-03-10 09:49:44,313 dumbo.py [line:220] run_bft INFO Current Block's TPS at Node 42: 486.04672856205156 
2023-03-10 09:49:51,236 dumbo.py [line:217] run_bft INFO Node 42 Delivers ACS Block in Round 77 with having 3366 TXs 
2023-03-10 09:49:51,236 dumbo.py [line:219] run_bft INFO ACS Block Delay at Node 42: 6.922790765762329 
2023-03-10 09:49:51,236 dumbo.py [line:220] run_bft INFO Current Block's TPS at Node 42: 486.2200973409515 
2023-03-10 09:49:58,217 dumbo.py [line:217] run_bft INFO Node 42 Delivers ACS Block in Round 78 with having 3366 TXs 
2023-03-10 09:49:58,217 dumbo.py [line:219] run_bft INFO ACS Block Delay at Node 42: 6.981501340866089 
2023-03-10 09:49:58,217 dumbo.py [line:220] run_bft INFO Current Block's TPS at Node 42: 482.1312545336318 
2023-03-10 09:50:05,212 dumbo.py [line:217] run_bft INFO Node 42 Delivers ACS Block in Round 79 with having 3366 TXs 
2023-03-10 09:50:05,212 dumbo.py [line:219] run_bft INFO ACS Block Delay at Node 42: 6.994370460510254 
2023-03-10 09:50:05,212 dumbo.py [line:220] run_bft INFO Current Block's TPS at Node 42: 481.24416900766266 
2023-03-10 09:50:12,080 dumbo.py [line:217] run_bft INFO Node 42 Delivers ACS Block in Round 80 with having 3366 TXs 
2023-03-10 09:50:12,080 dumbo.py [line:219] run_bft INFO ACS Block Delay at Node 42: 6.868734836578369 
2023-03-10 09:50:12,080 dumbo.py [line:220] run_bft INFO Current Block's TPS at Node 42: 490.04657772999116 
2023-03-10 09:50:19,014 dumbo.py [line:217] run_bft INFO Node 42 Delivers ACS Block in Round 81 with having 3366 TXs 
2023-03-10 09:50:19,014 dumbo.py [line:219] run_bft INFO ACS Block Delay at Node 42: 6.933752059936523 
2023-03-10 09:50:19,014 dumbo.py [line:220] run_bft INFO Current Block's TPS at Node 42: 485.4514512350208 
2023-03-10 09:50:26,016 dumbo.py [line:217] run_bft INFO Node 42 Delivers ACS Block in Round 82 with having 3366 TXs 
2023-03-10 09:50:26,016 dumbo.py [line:219] run_bft INFO ACS Block Delay at Node 42: 7.002025127410889 
2023-03-10 09:50:26,016 dumbo.py [line:220] run_bft INFO Current Block's TPS at Node 42: 480.71806923729685 
2023-03-10 09:50:32,972 dumbo.py [line:217] run_bft INFO Node 42 Delivers ACS Block in Round 83 with having 3366 TXs 
2023-03-10 09:50:32,972 dumbo.py [line:219] run_bft INFO ACS Block Delay at Node 42: 6.955578804016113 
2023-03-10 09:50:32,972 dumbo.py [line:220] run_bft INFO Current Block's TPS at Node 42: 483.92809496407256 
2023-03-10 09:50:39,889 dumbo.py [line:217] run_bft INFO Node 42 Delivers ACS Block in Round 84 with having 3366 TXs 
2023-03-10 09:50:39,889 dumbo.py [line:219] run_bft INFO ACS Block Delay at Node 42: 6.916968584060669 
2023-03-10 09:50:39,889 dumbo.py [line:220] run_bft INFO Current Block's TPS at Node 42: 486.6293606937216 
2023-03-10 09:50:46,848 dumbo.py [line:217] run_bft INFO Node 42 Delivers ACS Block in Round 85 with having 3366 TXs 
2023-03-10 09:50:46,848 dumbo.py [line:219] run_bft INFO ACS Block Delay at Node 42: 6.95913290977478 
2023-03-10 09:50:46,848 dumbo.py [line:220] run_bft INFO Current Block's TPS at Node 42: 483.68094756059696 
2023-03-10 09:50:53,831 dumbo.py [line:217] run_bft INFO Node 42 Delivers ACS Block in Round 86 with having 3366 TXs 
2023-03-10 09:50:53,831 dumbo.py [line:219] run_bft INFO ACS Block Delay at Node 42: 6.982564449310303 
2023-03-10 09:50:53,831 dumbo.py [line:220] run_bft INFO Current Block's TPS at Node 42: 482.0578491520367 
2023-03-10 09:51:00,757 dumbo.py [line:217] run_bft INFO Node 42 Delivers ACS Block in Round 87 with having 3366 TXs 
2023-03-10 09:51:00,758 dumbo.py [line:219] run_bft INFO ACS Block Delay at Node 42: 6.92660927772522 
2023-03-10 09:51:00,758 dumbo.py [line:220] run_bft INFO Current Block's TPS at Node 42: 485.9520531675542 
2023-03-10 09:51:07,764 dumbo.py [line:217] run_bft INFO Node 42 Delivers ACS Block in Round 88 with having 3366 TXs 
2023-03-10 09:51:07,764 dumbo.py [line:219] run_bft INFO ACS Block Delay at Node 42: 7.006615877151489 
2023-03-10 09:51:07,764 dumbo.py [line:220] run_bft INFO Current Block's TPS at Node 42: 480.4031017279676 
2023-03-10 09:51:14,773 dumbo.py [line:217] run_bft INFO Node 42 Delivers ACS Block in Round 89 with having 3366 TXs 
2023-03-10 09:51:14,773 dumbo.py [line:219] run_bft INFO ACS Block Delay at Node 42: 7.008779764175415 
2023-03-10 09:51:14,773 dumbo.py [line:220] run_bft INFO Current Block's TPS at Node 42: 480.2547823238687 
2023-03-10 09:51:21,669 dumbo.py [line:217] run_bft INFO Node 42 Delivers ACS Block in Round 90 with having 3366 TXs 
2023-03-10 09:51:21,670 dumbo.py [line:219] run_bft INFO ACS Block Delay at Node 42: 6.896365165710449 
2023-03-10 09:51:21,670 dumbo.py [line:220] run_bft INFO Current Block's TPS at Node 42: 488.083203125054 
2023-03-10 09:51:28,505 dumbo.py [line:217] run_bft INFO Node 42 Delivers ACS Block in Round 91 with having 3366 TXs 
2023-03-10 09:51:28,505 dumbo.py [line:219] run_bft INFO ACS Block Delay at Node 42: 6.83573317527771 
2023-03-10 09:51:28,505 dumbo.py [line:220] run_bft INFO Current Block's TPS at Node 42: 492.4124323889006 
2023-03-10 09:51:35,582 dumbo.py [line:217] run_bft INFO Node 42 Delivers ACS Block in Round 92 with having 3366 TXs 
2023-03-10 09:51:35,583 dumbo.py [line:219] run_bft INFO ACS Block Delay at Node 42: 7.077086925506592 
2023-03-10 09:51:35,583 dumbo.py [line:220] run_bft INFO Current Block's TPS at Node 42: 475.61942299572013 
2023-03-10 09:51:42,470 dumbo.py [line:217] run_bft INFO Node 42 Delivers ACS Block in Round 93 with having 3366 TXs 
2023-03-10 09:51:42,470 dumbo.py [line:219] run_bft INFO ACS Block Delay at Node 42: 6.887317895889282 
2023-03-10 09:51:42,470 dumbo.py [line:220] run_bft INFO Current Block's TPS at Node 42: 488.7243555301851 
2023-03-10 09:51:49,361 dumbo.py [line:217] run_bft INFO Node 42 Delivers ACS Block in Round 94 with having 3366 TXs 
2023-03-10 09:51:49,361 dumbo.py [line:219] run_bft INFO ACS Block Delay at Node 42: 6.890890121459961 
2023-03-10 09:51:49,361 dumbo.py [line:220] run_bft INFO Current Block's TPS at Node 42: 488.47100166601575 
2023-03-10 09:51:56,226 dumbo.py [line:217] run_bft INFO Node 42 Delivers ACS Block in Round 95 with having 3366 TXs 
2023-03-10 09:51:56,226 dumbo.py [line:219] run_bft INFO ACS Block Delay at Node 42: 6.864824056625366 
2023-03-10 09:51:56,226 dumbo.py [line:220] run_bft INFO Current Block's TPS at Node 42: 490.3257493906799 
2023-03-10 09:52:03,354 dumbo.py [line:217] run_bft INFO Node 42 Delivers ACS Block in Round 96 with having 3366 TXs 
2023-03-10 09:52:03,355 dumbo.py [line:219] run_bft INFO ACS Block Delay at Node 42: 7.1287620067596436 
2023-03-10 09:52:03,355 dumbo.py [line:220] run_bft INFO Current Block's TPS at Node 42: 472.1717455019942 
2023-03-10 09:52:10,157 dumbo.py [line:217] run_bft INFO Node 42 Delivers ACS Block in Round 97 with having 3366 TXs 
2023-03-10 09:52:10,157 dumbo.py [line:219] run_bft INFO ACS Block Delay at Node 42: 6.801970481872559 
2023-03-10 09:52:10,157 dumbo.py [line:220] run_bft INFO Current Block's TPS at Node 42: 494.8566020641348 
2023-03-10 09:52:17,094 dumbo.py [line:217] run_bft INFO Node 42 Delivers ACS Block in Round 98 with having 3366 TXs 
2023-03-10 09:52:17,094 dumbo.py [line:219] run_bft INFO ACS Block Delay at Node 42: 6.937580823898315 
2023-03-10 09:52:17,094 dumbo.py [line:220] run_bft INFO Current Block's TPS at Node 42: 485.18353665948376 
2023-03-10 09:52:24,096 dumbo.py [line:217] run_bft INFO Node 42 Delivers ACS Block in Round 99 with having 3366 TXs 
2023-03-10 09:52:24,096 dumbo.py [line:219] run_bft INFO ACS Block Delay at Node 42: 7.001930236816406 
2023-03-10 09:52:24,096 dumbo.py [line:220] run_bft INFO Current Block's TPS at Node 42: 480.72458395849884 
2023-03-10 09:52:24,096 dumbo.py [line:241] run_bft INFO node 42 breaks in 693.832996 seconds with total delivered Txs 336600 
2023-03-10 09:54:16,551 dumbo_node.py [line:77] run INFO node 42's starts to run consensus on process id 3839341 
2023-03-10 09:54:16,551 dumbo_node.py [line:59] prepare_bootstrap INFO node id 42 is inserting dummy payload TXs 
2023-03-10 09:54:16,552 dumbo_node.py [line:68] prepare_bootstrap INFO node id 42 just inserts 50000 TXs 
2023-03-10 09:54:16,552 dumbo_node.py [line:68] prepare_bootstrap INFO node id 42 just inserts 50000 TXs 
2023-03-10 09:54:16,552 dumbo_node.py [line:68] prepare_bootstrap INFO node id 42 just inserts 50000 TXs 
2023-03-10 09:54:16,552 dumbo_node.py [line:68] prepare_bootstrap INFO node id 42 just inserts 50000 TXs 
2023-03-10 09:54:16,552 dumbo_node.py [line:68] prepare_bootstrap INFO node id 42 just inserts 50000 TXs 
2023-03-10 09:54:16,553 dumbo_node.py [line:68] prepare_bootstrap INFO node id 42 just inserts 50000 TXs 
2023-03-10 09:54:16,553 dumbo_node.py [line:68] prepare_bootstrap INFO node id 42 just inserts 50000 TXs 
2023-03-10 09:54:16,553 dumbo_node.py [line:68] prepare_bootstrap INFO node id 42 just inserts 50000 TXs 
2023-03-10 09:54:16,553 dumbo_node.py [line:68] prepare_bootstrap INFO node id 42 just inserts 50000 TXs 
2023-03-10 09:54:16,553 dumbo_node.py [line:68] prepare_bootstrap INFO node id 42 just inserts 50000 TXs 
2023-03-10 09:54:16,553 dumbo_node.py [line:68] prepare_bootstrap INFO node id 42 just inserts 50000 TXs 
2023-03-10 09:54:16,553 dumbo_node.py [line:68] prepare_bootstrap INFO node id 42 just inserts 50000 TXs 
2023-03-10 09:54:16,554 dumbo_node.py [line:68] prepare_bootstrap INFO node id 42 just inserts 50000 TXs 
2023-03-10 09:54:16,554 dumbo_node.py [line:68] prepare_bootstrap INFO node id 42 just inserts 50000 TXs 
2023-03-10 09:54:16,554 dumbo_node.py [line:68] prepare_bootstrap INFO node id 42 just inserts 50000 TXs 
2023-03-10 09:54:16,554 dumbo_node.py [line:68] prepare_bootstrap INFO node id 42 just inserts 50000 TXs 
2023-03-10 09:54:16,554 dumbo_node.py [line:68] prepare_bootstrap INFO node id 42 just inserts 50000 TXs 
2023-03-10 09:54:16,554 dumbo_node.py [line:68] prepare_bootstrap INFO node id 42 just inserts 50000 TXs 
2023-03-10 09:54:16,555 dumbo_node.py [line:68] prepare_bootstrap INFO node id 42 just inserts 50000 TXs 
2023-03-10 09:54:16,555 dumbo_node.py [line:68] prepare_bootstrap INFO node id 42 just inserts 50000 TXs 
2023-03-10 09:54:16,555 dumbo_node.py [line:68] prepare_bootstrap INFO node id 42 just inserts 50000 TXs 
2023-03-10 09:54:16,555 dumbo_node.py [line:68] prepare_bootstrap INFO node id 42 just inserts 50000 TXs 
2023-03-10 09:54:16,555 dumbo_node.py [line:68] prepare_bootstrap INFO node id 42 just inserts 50000 TXs 
2023-03-10 09:54:16,555 dumbo_node.py [line:68] prepare_bootstrap INFO node id 42 just inserts 50000 TXs 
2023-03-10 09:54:16,556 dumbo_node.py [line:68] prepare_bootstrap INFO node id 42 just inserts 50000 TXs 
2023-03-10 09:54:16,556 dumbo_node.py [line:68] prepare_bootstrap INFO node id 42 just inserts 50000 TXs 
2023-03-10 09:54:16,556 dumbo_node.py [line:68] prepare_bootstrap INFO node id 42 just inserts 50000 TXs 
2023-03-10 09:54:16,556 dumbo_node.py [line:68] prepare_bootstrap INFO node id 42 just inserts 50000 TXs 
2023-03-10 09:54:16,556 dumbo_node.py [line:68] prepare_bootstrap INFO node id 42 just inserts 50000 TXs 
2023-03-10 09:54:16,556 dumbo_node.py [line:68] prepare_bootstrap INFO node id 42 just inserts 50000 TXs 
2023-03-10 09:54:16,556 dumbo_node.py [line:68] prepare_bootstrap INFO node id 42 just inserts 50000 TXs 
2023-03-10 09:54:16,557 dumbo_node.py [line:68] prepare_bootstrap INFO node id 42 just inserts 50000 TXs 
2023-03-10 09:54:16,557 dumbo_node.py [line:68] prepare_bootstrap INFO node id 42 just inserts 50000 TXs 
2023-03-10 09:54:16,557 dumbo_node.py [line:68] prepare_bootstrap INFO node id 42 just inserts 50000 TXs 
2023-03-10 09:54:16,557 dumbo_node.py [line:68] prepare_bootstrap INFO node id 42 just inserts 50000 TXs 
2023-03-10 09:54:16,557 dumbo_node.py [line:68] prepare_bootstrap INFO node id 42 just inserts 50000 TXs 
2023-03-10 09:54:16,557 dumbo_node.py [line:68] prepare_bootstrap INFO node id 42 just inserts 50000 TXs 
2023-03-10 09:54:16,558 dumbo_node.py [line:68] prepare_bootstrap INFO node id 42 just inserts 50000 TXs 
2023-03-10 09:54:16,558 dumbo_node.py [line:68] prepare_bootstrap INFO node id 42 just inserts 50000 TXs 
2023-03-10 09:54:16,558 dumbo_node.py [line:68] prepare_bootstrap INFO node id 42 just inserts 50000 TXs 
2023-03-10 09:54:16,558 dumbo_node.py [line:68] prepare_bootstrap INFO node id 42 just inserts 50000 TXs 
2023-03-10 09:54:16,558 dumbo_node.py [line:68] prepare_bootstrap INFO node id 42 just inserts 50000 TXs 
2023-03-10 09:54:16,558 dumbo_node.py [line:68] prepare_bootstrap INFO node id 42 just inserts 50000 TXs 
2023-03-10 09:54:16,559 dumbo_node.py [line:68] prepare_bootstrap INFO node id 42 just inserts 50000 TXs 
2023-03-10 09:54:16,559 dumbo_node.py [line:68] prepare_bootstrap INFO node id 42 just inserts 50000 TXs 
2023-03-10 09:54:16,559 dumbo_node.py [line:68] prepare_bootstrap INFO node id 42 just inserts 50000 TXs 
2023-03-10 09:54:16,559 dumbo_node.py [line:68] prepare_bootstrap INFO node id 42 just inserts 50000 TXs 
2023-03-10 09:54:16,559 dumbo_node.py [line:68] prepare_bootstrap INFO node id 42 just inserts 50000 TXs 
2023-03-10 09:54:16,559 dumbo_node.py [line:68] prepare_bootstrap INFO node id 42 just inserts 50000 TXs 
2023-03-10 09:54:16,559 dumbo_node.py [line:68] prepare_bootstrap INFO node id 42 just inserts 50000 TXs 
2023-03-10 09:54:16,559 dumbo_node.py [line:68] prepare_bootstrap INFO node id 42 just inserts 50000 TXs 
2023-03-10 09:54:16,559 dumbo_node.py [line:68] prepare_bootstrap INFO node id 42 just inserts 50000 TXs 
2023-03-10 09:54:16,560 dumbo_node.py [line:68] prepare_bootstrap INFO node id 42 just inserts 50000 TXs 
2023-03-10 09:54:16,560 dumbo_node.py [line:68] prepare_bootstrap INFO node id 42 just inserts 50000 TXs 
2023-03-10 09:54:16,560 dumbo_node.py [line:68] prepare_bootstrap INFO node id 42 just inserts 50000 TXs 
2023-03-10 09:54:16,560 dumbo_node.py [line:68] prepare_bootstrap INFO node id 42 just inserts 50000 TXs 
2023-03-10 09:54:16,560 dumbo_node.py [line:68] prepare_bootstrap INFO node id 42 just inserts 50000 TXs 
2023-03-10 09:54:16,560 dumbo_node.py [line:68] prepare_bootstrap INFO node id 42 just inserts 50000 TXs 
2023-03-10 09:54:16,560 dumbo_node.py [line:68] prepare_bootstrap INFO node id 42 just inserts 50000 TXs 
2023-03-10 09:54:16,560 dumbo_node.py [line:68] prepare_bootstrap INFO node id 42 just inserts 50000 TXs 
2023-03-10 09:54:16,560 dumbo_node.py [line:68] prepare_bootstrap INFO node id 42 just inserts 50000 TXs 
2023-03-10 09:54:16,560 dumbo_node.py [line:68] prepare_bootstrap INFO node id 42 just inserts 50000 TXs 
2023-03-10 09:54:16,560 dumbo_node.py [line:68] prepare_bootstrap INFO node id 42 just inserts 50000 TXs 
2023-03-10 09:54:16,561 dumbo_node.py [line:68] prepare_bootstrap INFO node id 42 just inserts 50000 TXs 
2023-03-10 09:54:16,561 dumbo_node.py [line:68] prepare_bootstrap INFO node id 42 just inserts 50000 TXs 
2023-03-10 09:54:16,561 dumbo_node.py [line:68] prepare_bootstrap INFO node id 42 just inserts 50000 TXs 
2023-03-10 09:54:16,561 dumbo_node.py [line:68] prepare_bootstrap INFO node id 42 just inserts 50000 TXs 
2023-03-10 09:54:16,561 dumbo_node.py [line:68] prepare_bootstrap INFO node id 42 just inserts 50000 TXs 
2023-03-10 09:54:16,561 dumbo_node.py [line:68] prepare_bootstrap INFO node id 42 just inserts 50000 TXs 
2023-03-10 09:54:16,561 dumbo_node.py [line:68] prepare_bootstrap INFO node id 42 just inserts 50000 TXs 
2023-03-10 09:54:16,561 dumbo_node.py [line:68] prepare_bootstrap INFO node id 42 just inserts 50000 TXs 
2023-03-10 09:54:16,561 dumbo_node.py [line:68] prepare_bootstrap INFO node id 42 just inserts 50000 TXs 
2023-03-10 09:54:16,561 dumbo_node.py [line:68] prepare_bootstrap INFO node id 42 just inserts 50000 TXs 
2023-03-10 09:54:16,562 dumbo_node.py [line:68] prepare_bootstrap INFO node id 42 just inserts 50000 TXs 
2023-03-10 09:54:16,562 dumbo_node.py [line:68] prepare_bootstrap INFO node id 42 just inserts 50000 TXs 
2023-03-10 09:54:16,562 dumbo_node.py [line:68] prepare_bootstrap INFO node id 42 just inserts 50000 TXs 
2023-03-10 09:54:16,562 dumbo_node.py [line:68] prepare_bootstrap INFO node id 42 just inserts 50000 TXs 
2023-03-10 09:54:16,562 dumbo_node.py [line:68] prepare_bootstrap INFO node id 42 just inserts 50000 TXs 
2023-03-10 09:54:16,562 dumbo_node.py [line:68] prepare_bootstrap INFO node id 42 just inserts 50000 TXs 
2023-03-10 09:54:16,562 dumbo_node.py [line:68] prepare_bootstrap INFO node id 42 just inserts 50000 TXs 
2023-03-10 09:54:16,562 dumbo_node.py [line:68] prepare_bootstrap INFO node id 42 just inserts 50000 TXs 
2023-03-10 09:54:16,562 dumbo_node.py [line:68] prepare_bootstrap INFO node id 42 just inserts 50000 TXs 
2023-03-10 09:54:16,562 dumbo_node.py [line:68] prepare_bootstrap INFO node id 42 just inserts 50000 TXs 
2023-03-10 09:54:16,563 dumbo_node.py [line:68] prepare_bootstrap INFO node id 42 just inserts 50000 TXs 
2023-03-10 09:54:16,563 dumbo_node.py [line:68] prepare_bootstrap INFO node id 42 just inserts 50000 TXs 
2023-03-10 09:54:16,563 dumbo_node.py [line:68] prepare_bootstrap INFO node id 42 just inserts 50000 TXs 
2023-03-10 09:54:16,563 dumbo_node.py [line:68] prepare_bootstrap INFO node id 42 just inserts 50000 TXs 
2023-03-10 09:54:16,563 dumbo_node.py [line:68] prepare_bootstrap INFO node id 42 just inserts 50000 TXs 
2023-03-10 09:54:16,563 dumbo_node.py [line:68] prepare_bootstrap INFO node id 42 just inserts 50000 TXs 
2023-03-10 09:54:16,563 dumbo_node.py [line:68] prepare_bootstrap INFO node id 42 just inserts 50000 TXs 
2023-03-10 09:54:16,563 dumbo_node.py [line:68] prepare_bootstrap INFO node id 42 just inserts 50000 TXs 
2023-03-10 09:54:16,563 dumbo_node.py [line:68] prepare_bootstrap INFO node id 42 just inserts 50000 TXs 
2023-03-10 09:54:16,564 dumbo_node.py [line:68] prepare_bootstrap INFO node id 42 just inserts 50000 TXs 
2023-03-10 09:54:16,564 dumbo_node.py [line:68] prepare_bootstrap INFO node id 42 just inserts 50000 TXs 
2023-03-10 09:54:16,564 dumbo_node.py [line:68] prepare_bootstrap INFO node id 42 just inserts 50000 TXs 
2023-03-10 09:54:16,564 dumbo_node.py [line:68] prepare_bootstrap INFO node id 42 just inserts 50000 TXs 
2023-03-10 09:54:16,564 dumbo_node.py [line:68] prepare_bootstrap INFO node id 42 just inserts 50000 TXs 
2023-03-10 09:54:16,564 dumbo_node.py [line:68] prepare_bootstrap INFO node id 42 just inserts 50000 TXs 
2023-03-10 09:54:16,564 dumbo_node.py [line:68] prepare_bootstrap INFO node id 42 just inserts 50000 TXs 
2023-03-10 09:54:16,564 dumbo_node.py [line:68] prepare_bootstrap INFO node id 42 just inserts 50000 TXs 
2023-03-10 09:54:16,564 dumbo_node.py [line:72] prepare_bootstrap INFO node id 42 completed the loading of dummy TXs 
2023-03-10 09:54:16,564 dumbo.py [line:179] run_bft INFO Node 42 starts to run at time:1678442056.5648804 
2023-03-10 09:54:30,429 dumbo.py [line:217] run_bft INFO Node 42 Delivers ACS Block in Round 0 with having 3354 TXs 
2023-03-10 09:54:30,429 dumbo.py [line:219] run_bft INFO ACS Block Delay at Node 42: 13.864592552185059 
2023-03-10 09:54:30,429 dumbo.py [line:220] run_bft INFO Current Block's TPS at Node 42: 241.91118400168276 
2023-03-10 09:54:44,493 dumbo.py [line:217] run_bft INFO Node 42 Delivers ACS Block in Round 1 with having 3354 TXs 
2023-03-10 09:54:44,493 dumbo.py [line:219] run_bft INFO ACS Block Delay at Node 42: 14.063710927963257 
2023-03-10 09:54:44,493 dumbo.py [line:220] run_bft INFO Current Block's TPS at Node 42: 238.48613052271654 
2023-03-10 09:54:58,543 dumbo.py [line:217] run_bft INFO Node 42 Delivers ACS Block in Round 2 with having 3354 TXs 
2023-03-10 09:54:58,544 dumbo.py [line:219] run_bft INFO ACS Block Delay at Node 42: 14.050603866577148 
2023-03-10 09:54:58,544 dumbo.py [line:220] run_bft INFO Current Block's TPS at Node 42: 238.70860155543366 
2023-03-10 09:55:12,523 dumbo.py [line:217] run_bft INFO Node 42 Delivers ACS Block in Round 3 with having 3354 TXs 
2023-03-10 09:55:12,523 dumbo.py [line:219] run_bft INFO ACS Block Delay at Node 42: 13.979589939117432 
2023-03-10 09:55:12,523 dumbo.py [line:220] run_bft INFO Current Block's TPS at Node 42: 239.9212004505868 
2023-03-10 09:55:26,528 dumbo.py [line:217] run_bft INFO Node 42 Delivers ACS Block in Round 4 with having 3354 TXs 
2023-03-10 09:55:26,528 dumbo.py [line:219] run_bft INFO ACS Block Delay at Node 42: 14.005040168762207 
2023-03-10 09:55:26,528 dumbo.py [line:220] run_bft INFO Current Block's TPS at Node 42: 239.48521100860455 
2023-03-10 09:55:40,674 dumbo.py [line:217] run_bft INFO Node 42 Delivers ACS Block in Round 5 with having 3354 TXs 
2023-03-10 09:55:40,674 dumbo.py [line:219] run_bft INFO ACS Block Delay at Node 42: 14.14603877067566 
2023-03-10 09:55:40,674 dumbo.py [line:220] run_bft INFO Current Block's TPS at Node 42: 237.0981766961326 
2023-03-10 09:55:54,693 dumbo.py [line:217] run_bft INFO Node 42 Delivers ACS Block in Round 6 with having 3354 TXs 
2023-03-10 09:55:54,694 dumbo.py [line:219] run_bft INFO ACS Block Delay at Node 42: 14.01910662651062 
2023-03-10 09:55:54,694 dumbo.py [line:220] run_bft INFO Current Block's TPS at Node 42: 239.2449169091466 
2023-03-10 09:56:08,732 dumbo.py [line:217] run_bft INFO Node 42 Delivers ACS Block in Round 7 with having 3354 TXs 
2023-03-10 09:56:08,733 dumbo.py [line:219] run_bft INFO ACS Block Delay at Node 42: 14.03898310661316 
2023-03-10 09:56:08,733 dumbo.py [line:220] run_bft INFO Current Block's TPS at Node 42: 238.90619245920135 
2023-03-10 09:56:22,820 dumbo.py [line:217] run_bft INFO Node 42 Delivers ACS Block in Round 8 with having 3354 TXs 
2023-03-10 09:56:22,820 dumbo.py [line:219] run_bft INFO ACS Block Delay at Node 42: 14.08765196800232 
2023-03-10 09:56:22,820 dumbo.py [line:220] run_bft INFO Current Block's TPS at Node 42: 238.08083899417977 
2023-03-10 09:56:36,913 dumbo.py [line:217] run_bft INFO Node 42 Delivers ACS Block in Round 9 with having 3354 TXs 
2023-03-10 09:56:36,914 dumbo.py [line:219] run_bft INFO ACS Block Delay at Node 42: 14.09317421913147 
2023-03-10 09:56:36,914 dumbo.py [line:220] run_bft INFO Current Block's TPS at Node 42: 237.98754970664794 
2023-03-10 09:56:51,008 dumbo.py [line:217] run_bft INFO Node 42 Delivers ACS Block in Round 10 with having 3354 TXs 
2023-03-10 09:56:51,008 dumbo.py [line:219] run_bft INFO ACS Block Delay at Node 42: 14.094492673873901 
2023-03-10 09:56:51,008 dumbo.py [line:220] run_bft INFO Current Block's TPS at Node 42: 237.96528740740735 
2023-03-10 09:57:05,016 dumbo.py [line:217] run_bft INFO Node 42 Delivers ACS Block in Round 11 with having 3354 TXs 
2023-03-10 09:57:05,017 dumbo.py [line:219] run_bft INFO ACS Block Delay at Node 42: 14.008400440216064 
2023-03-10 09:57:05,017 dumbo.py [line:220] run_bft INFO Current Block's TPS at Node 42: 239.4277643842303 
2023-03-10 09:57:19,098 dumbo.py [line:217] run_bft INFO Node 42 Delivers ACS Block in Round 12 with having 3354 TXs 
2023-03-10 09:57:19,098 dumbo.py [line:219] run_bft INFO ACS Block Delay at Node 42: 14.081537961959839 
2023-03-10 09:57:19,098 dumbo.py [line:220] run_bft INFO Current Block's TPS at Node 42: 238.18421035121062 
2023-03-10 09:57:33,079 dumbo.py [line:217] run_bft INFO Node 42 Delivers ACS Block in Round 13 with having 3354 TXs 
2023-03-10 09:57:33,079 dumbo.py [line:219] run_bft INFO ACS Block Delay at Node 42: 13.980658054351807 
2023-03-10 09:57:33,079 dumbo.py [line:220] run_bft INFO Current Block's TPS at Node 42: 239.90287059170217 
2023-03-10 09:57:47,181 dumbo.py [line:217] run_bft INFO Node 42 Delivers ACS Block in Round 14 with having 3354 TXs 
2023-03-10 09:57:47,181 dumbo.py [line:219] run_bft INFO ACS Block Delay at Node 42: 14.101852416992188 
2023-03-10 09:57:47,181 dumbo.py [line:220] run_bft INFO Current Block's TPS at Node 42: 237.8410935543872 
2023-03-10 09:58:01,315 dumbo.py [line:217] run_bft INFO Node 42 Delivers ACS Block in Round 15 with having 3354 TXs 
2023-03-10 09:58:01,315 dumbo.py [line:219] run_bft INFO ACS Block Delay at Node 42: 14.134283542633057 
2023-03-10 09:58:01,315 dumbo.py [line:220] run_bft INFO Current Block's TPS at Node 42: 237.29536696241965 
2023-03-10 09:58:15,205 dumbo.py [line:217] run_bft INFO Node 42 Delivers ACS Block in Round 16 with having 3354 TXs 
2023-03-10 09:58:15,205 dumbo.py [line:219] run_bft INFO ACS Block Delay at Node 42: 13.890100479125977 
2023-03-10 09:58:15,205 dumbo.py [line:220] run_bft INFO Current Block's TPS at Node 42: 241.46693575330045 
2023-03-10 09:58:29,253 dumbo.py [line:217] run_bft INFO Node 42 Delivers ACS Block in Round 17 with having 3354 TXs 
2023-03-10 09:58:29,253 dumbo.py [line:219] run_bft INFO ACS Block Delay at Node 42: 14.047202825546265 
2023-03-10 09:58:29,253 dumbo.py [line:220] run_bft INFO Current Block's TPS at Node 42: 238.7663965313016 
2023-03-10 09:58:43,334 dumbo.py [line:217] run_bft INFO Node 42 Delivers ACS Block in Round 18 with having 3354 TXs 
2023-03-10 09:58:43,334 dumbo.py [line:219] run_bft INFO ACS Block Delay at Node 42: 14.081485509872437 
2023-03-10 09:58:43,334 dumbo.py [line:220] run_bft INFO Current Block's TPS at Node 42: 238.18509756293346 
2023-03-10 09:58:57,305 dumbo.py [line:217] run_bft INFO Node 42 Delivers ACS Block in Round 19 with having 3354 TXs 
2023-03-10 09:58:57,305 dumbo.py [line:219] run_bft INFO ACS Block Delay at Node 42: 13.970921277999878 
2023-03-10 09:58:57,305 dumbo.py [line:220] run_bft INFO Current Block's TPS at Node 42: 240.07006648026646 
2023-03-10 09:59:11,432 dumbo.py [line:217] run_bft INFO Node 42 Delivers ACS Block in Round 20 with having 3354 TXs 
2023-03-10 09:59:11,432 dumbo.py [line:219] run_bft INFO ACS Block Delay at Node 42: 14.126547574996948 
2023-03-10 09:59:11,432 dumbo.py [line:220] run_bft INFO Current Block's TPS at Node 42: 237.42531444387427 
2023-03-10 09:59:25,516 dumbo.py [line:217] run_bft INFO Node 42 Delivers ACS Block in Round 21 with having 3354 TXs 
2023-03-10 09:59:25,516 dumbo.py [line:219] run_bft INFO ACS Block Delay at Node 42: 14.083903789520264 
2023-03-10 09:59:25,516 dumbo.py [line:220] run_bft INFO Current Block's TPS at Node 42: 238.1441999409062 
2023-03-10 09:59:39,757 dumbo.py [line:217] run_bft INFO Node 42 Delivers ACS Block in Round 22 with having 3354 TXs 
2023-03-10 09:59:39,757 dumbo.py [line:219] run_bft INFO ACS Block Delay at Node 42: 14.241524934768677 
2023-03-10 09:59:39,758 dumbo.py [line:220] run_bft INFO Current Block's TPS at Node 42: 235.50848770497052 
2023-03-10 09:59:53,805 dumbo.py [line:217] run_bft INFO Node 42 Delivers ACS Block in Round 23 with having 3354 TXs 
2023-03-10 09:59:53,805 dumbo.py [line:219] run_bft INFO ACS Block Delay at Node 42: 14.047222137451172 
2023-03-10 09:59:53,805 dumbo.py [line:220] run_bft INFO Current Block's TPS at Node 42: 238.7660682789326 
2023-03-10 10:00:07,777 dumbo.py [line:217] run_bft INFO Node 42 Delivers ACS Block in Round 24 with having 3354 TXs 
2023-03-10 10:00:07,777 dumbo.py [line:219] run_bft INFO ACS Block Delay at Node 42: 13.972342729568481 
2023-03-10 10:00:07,777 dumbo.py [line:220] run_bft INFO Current Block's TPS at Node 42: 240.04564337676993 
2023-03-10 10:00:21,870 dumbo.py [line:217] run_bft INFO Node 42 Delivers ACS Block in Round 25 with having 3354 TXs 
2023-03-10 10:00:21,870 dumbo.py [line:219] run_bft INFO ACS Block Delay at Node 42: 14.093006134033203 
2023-03-10 10:00:21,870 dumbo.py [line:220] run_bft INFO Current Block's TPS at Node 42: 237.99038814724025 
2023-03-10 10:00:35,999 dumbo.py [line:217] run_bft INFO Node 42 Delivers ACS Block in Round 26 with having 3354 TXs 
2023-03-10 10:00:35,999 dumbo.py [line:219] run_bft INFO ACS Block Delay at Node 42: 14.12902307510376 
2023-03-10 10:00:35,999 dumbo.py [line:220] run_bft INFO Current Block's TPS at Node 42: 237.38371592795838 
2023-03-10 10:00:50,051 dumbo.py [line:217] run_bft INFO Node 42 Delivers ACS Block in Round 27 with having 3354 TXs 
2023-03-10 10:00:50,052 dumbo.py [line:219] run_bft INFO ACS Block Delay at Node 42: 14.052179336547852 
2023-03-10 10:00:50,052 dumbo.py [line:220] run_bft INFO Current Block's TPS at Node 42: 238.68183857266123 
2023-03-10 10:01:04,104 dumbo.py [line:217] run_bft INFO Node 42 Delivers ACS Block in Round 28 with having 3354 TXs 
2023-03-10 10:01:04,104 dumbo.py [line:219] run_bft INFO ACS Block Delay at Node 42: 14.052634000778198 
2023-03-10 10:01:04,104 dumbo.py [line:220] run_bft INFO Current Block's TPS at Node 42: 238.67411617026846 
2023-03-10 10:01:18,098 dumbo.py [line:217] run_bft INFO Node 42 Delivers ACS Block in Round 29 with having 3354 TXs 
2023-03-10 10:01:18,098 dumbo.py [line:219] run_bft INFO ACS Block Delay at Node 42: 13.993873834609985 
2023-03-10 10:01:18,098 dumbo.py [line:220] run_bft INFO Current Block's TPS at Node 42: 239.67630690686997 
2023-03-10 10:01:32,219 dumbo.py [line:217] run_bft INFO Node 42 Delivers ACS Block in Round 30 with having 3354 TXs 
2023-03-10 10:01:32,219 dumbo.py [line:219] run_bft INFO ACS Block Delay at Node 42: 14.120792150497437 
2023-03-10 10:01:32,219 dumbo.py [line:220] run_bft INFO Current Block's TPS at Node 42: 237.52208546472005 
2023-03-10 10:01:46,488 dumbo.py [line:217] run_bft INFO Node 42 Delivers ACS Block in Round 31 with having 3354 TXs 
2023-03-10 10:01:46,488 dumbo.py [line:219] run_bft INFO ACS Block Delay at Node 42: 14.268922328948975 
2023-03-10 10:01:46,488 dumbo.py [line:220] run_bft INFO Current Block's TPS at Node 42: 235.05629385867223 
2023-03-10 10:02:00,552 dumbo.py [line:217] run_bft INFO Node 42 Delivers ACS Block in Round 32 with having 3354 TXs 
2023-03-10 10:02:00,552 dumbo.py [line:219] run_bft INFO ACS Block Delay at Node 42: 14.06368613243103 
2023-03-10 10:02:00,552 dumbo.py [line:220] run_bft INFO Current Block's TPS at Node 42: 238.48655099502224 
2023-03-10 10:02:14,588 dumbo.py [line:217] run_bft INFO Node 42 Delivers ACS Block in Round 33 with having 3354 TXs 
2023-03-10 10:02:14,588 dumbo.py [line:219] run_bft INFO ACS Block Delay at Node 42: 14.035763263702393 
2023-03-10 10:02:14,588 dumbo.py [line:220] run_bft INFO Current Block's TPS at Node 42: 238.96099820048352 
2023-03-10 10:02:28,739 dumbo.py [line:217] run_bft INFO Node 42 Delivers ACS Block in Round 34 with having 3354 TXs 
2023-03-10 10:02:28,739 dumbo.py [line:219] run_bft INFO ACS Block Delay at Node 42: 14.151499509811401 
2023-03-10 10:02:28,739 dumbo.py [line:220] run_bft INFO Current Block's TPS at Node 42: 237.00668594692968 
2023-03-10 10:02:42,910 dumbo.py [line:217] run_bft INFO Node 42 Delivers ACS Block in Round 35 with having 3354 TXs 
2023-03-10 10:02:42,910 dumbo.py [line:219] run_bft INFO ACS Block Delay at Node 42: 14.170812129974365 
2023-03-10 10:02:42,910 dumbo.py [line:220] run_bft INFO Current Block's TPS at Node 42: 236.68368257494268 
2023-03-10 10:02:57,034 dumbo.py [line:217] run_bft INFO Node 42 Delivers ACS Block in Round 36 with having 3354 TXs 
2023-03-10 10:02:57,034 dumbo.py [line:219] run_bft INFO ACS Block Delay at Node 42: 14.123749017715454 
2023-03-10 10:02:57,034 dumbo.py [line:220] run_bft INFO Current Block's TPS at Node 42: 237.4723592010216 
2023-03-10 10:03:11,082 dumbo.py [line:217] run_bft INFO Node 42 Delivers ACS Block in Round 37 with having 3354 TXs 
2023-03-10 10:03:11,082 dumbo.py [line:219] run_bft INFO ACS Block Delay at Node 42: 14.047598600387573 
2023-03-10 10:03:11,082 dumbo.py [line:220] run_bft INFO Current Block's TPS at Node 42: 238.75966956426726 
2023-03-10 10:03:24,938 dumbo.py [line:217] run_bft INFO Node 42 Delivers ACS Block in Round 38 with having 3354 TXs 
2023-03-10 10:03:24,938 dumbo.py [line:219] run_bft INFO ACS Block Delay at Node 42: 13.856611967086792 
2023-03-10 10:03:24,938 dumbo.py [line:220] run_bft INFO Current Block's TPS at Node 42: 242.05051046869602 
2023-03-10 10:03:39,123 dumbo.py [line:217] run_bft INFO Node 42 Delivers ACS Block in Round 39 with having 3354 TXs 
2023-03-10 10:03:39,123 dumbo.py [line:219] run_bft INFO ACS Block Delay at Node 42: 14.184280395507812 
2023-03-10 10:03:39,123 dumbo.py [line:220] run_bft INFO Current Block's TPS at Node 42: 236.45894655764263 
2023-03-10 10:03:53,255 dumbo.py [line:217] run_bft INFO Node 42 Delivers ACS Block in Round 40 with having 3354 TXs 
2023-03-10 10:03:53,255 dumbo.py [line:219] run_bft INFO ACS Block Delay at Node 42: 14.132333517074585 
2023-03-10 10:03:53,255 dumbo.py [line:220] run_bft INFO Current Block's TPS at Node 42: 237.3281097525558 
2023-03-10 10:04:07,224 dumbo.py [line:217] run_bft INFO Node 42 Delivers ACS Block in Round 41 with having 3354 TXs 
2023-03-10 10:04:07,224 dumbo.py [line:219] run_bft INFO ACS Block Delay at Node 42: 13.96920895576477 
2023-03-10 10:04:07,224 dumbo.py [line:220] run_bft INFO Current Block's TPS at Node 42: 240.0994938668937 
2023-03-10 10:04:21,137 dumbo.py [line:217] run_bft INFO Node 42 Delivers ACS Block in Round 42 with having 3354 TXs 
2023-03-10 10:04:21,137 dumbo.py [line:219] run_bft INFO ACS Block Delay at Node 42: 13.91283130645752 
2023-03-10 10:04:21,137 dumbo.py [line:220] run_bft INFO Current Block's TPS at Node 42: 241.0724263179465 
2023-03-10 10:04:34,994 dumbo.py [line:217] run_bft INFO Node 42 Delivers ACS Block in Round 43 with having 3354 TXs 
2023-03-10 10:04:34,994 dumbo.py [line:219] run_bft INFO ACS Block Delay at Node 42: 13.856722354888916 
2023-03-10 10:04:34,994 dumbo.py [line:220] run_bft INFO Current Block's TPS at Node 42: 242.04858220433672 
2023-03-10 10:04:49,017 dumbo.py [line:217] run_bft INFO Node 42 Delivers ACS Block in Round 44 with having 3354 TXs 
2023-03-10 10:04:49,017 dumbo.py [line:219] run_bft INFO ACS Block Delay at Node 42: 14.022664308547974 
2023-03-10 10:04:49,017 dumbo.py [line:220] run_bft INFO Current Block's TPS at Node 42: 239.18421821988989 
2023-03-10 10:05:03,017 dumbo.py [line:217] run_bft INFO Node 42 Delivers ACS Block in Round 45 with having 3354 TXs 
2023-03-10 10:05:03,017 dumbo.py [line:219] run_bft INFO ACS Block Delay at Node 42: 13.99996280670166 
2023-03-10 10:05:03,017 dumbo.py [line:220] run_bft INFO Current Block's TPS at Node 42: 239.5720650339492 
2023-03-10 10:05:17,056 dumbo.py [line:217] run_bft INFO Node 42 Delivers ACS Block in Round 46 with having 3354 TXs 
2023-03-10 10:05:17,056 dumbo.py [line:219] run_bft INFO ACS Block Delay at Node 42: 14.039518594741821 
2023-03-10 10:05:17,057 dumbo.py [line:220] run_bft INFO Current Block's TPS at Node 42: 238.89708022155145 
2023-03-10 10:05:31,102 dumbo.py [line:217] run_bft INFO Node 42 Delivers ACS Block in Round 47 with having 3354 TXs 
2023-03-10 10:05:31,103 dumbo.py [line:219] run_bft INFO ACS Block Delay at Node 42: 14.046126365661621 
2023-03-10 10:05:31,103 dumbo.py [line:220] run_bft INFO Current Block's TPS at Node 42: 238.78469498889598 
2023-03-10 10:05:45,059 dumbo.py [line:217] run_bft INFO Node 42 Delivers ACS Block in Round 48 with having 3354 TXs 
2023-03-10 10:05:45,059 dumbo.py [line:219] run_bft INFO ACS Block Delay at Node 42: 13.956429958343506 
2023-03-10 10:05:45,059 dumbo.py [line:220] run_bft INFO Current Block's TPS at Node 42: 240.31933739579972 
2023-03-10 10:05:59,286 dumbo.py [line:217] run_bft INFO Node 42 Delivers ACS Block in Round 49 with having 3354 TXs 
2023-03-10 10:05:59,287 dumbo.py [line:219] run_bft INFO ACS Block Delay at Node 42: 14.227382898330688 
2023-03-10 10:05:59,287 dumbo.py [line:220] run_bft INFO Current Block's TPS at Node 42: 235.7425834370092 
2023-03-10 10:06:13,408 dumbo.py [line:217] run_bft INFO Node 42 Delivers ACS Block in Round 50 with having 3354 TXs 
2023-03-10 10:06:13,408 dumbo.py [line:219] run_bft INFO ACS Block Delay at Node 42: 14.120999813079834 
2023-03-10 10:06:13,408 dumbo.py [line:220] run_bft INFO Current Block's TPS at Node 42: 237.51859247907475 
2023-03-10 10:06:27,209 dumbo.py [line:217] run_bft INFO Node 42 Delivers ACS Block in Round 51 with having 3354 TXs 
2023-03-10 10:06:27,210 dumbo.py [line:219] run_bft INFO ACS Block Delay at Node 42: 13.801759958267212 
2023-03-10 10:06:27,210 dumbo.py [line:220] run_bft INFO Current Block's TPS at Node 42: 243.01248609898946 
2023-03-10 10:06:41,237 dumbo.py [line:217] run_bft INFO Node 42 Delivers ACS Block in Round 52 with having 3354 TXs 
2023-03-10 10:06:41,237 dumbo.py [line:219] run_bft INFO ACS Block Delay at Node 42: 14.02726149559021 
2023-03-10 10:06:41,237 dumbo.py [line:220] run_bft INFO Current Block's TPS at Node 42: 239.10582981962705 
2023-03-10 10:06:55,482 dumbo.py [line:217] run_bft INFO Node 42 Delivers ACS Block in Round 53 with having 3354 TXs 
2023-03-10 10:06:55,482 dumbo.py [line:219] run_bft INFO ACS Block Delay at Node 42: 14.245199918746948 
2023-03-10 10:06:55,482 dumbo.py [line:220] run_bft INFO Current Block's TPS at Node 42: 235.44773110457183 
2023-03-10 10:07:09,401 dumbo.py [line:217] run_bft INFO Node 42 Delivers ACS Block in Round 54 with having 3354 TXs 
2023-03-10 10:07:09,401 dumbo.py [line:219] run_bft INFO ACS Block Delay at Node 42: 13.918758153915405 
2023-03-10 10:07:09,401 dumbo.py [line:220] run_bft INFO Current Block's TPS at Node 42: 240.96977351794175 
2023-03-10 10:07:23,568 dumbo.py [line:217] run_bft INFO Node 42 Delivers ACS Block in Round 55 with having 3354 TXs 
2023-03-10 10:07:23,568 dumbo.py [line:219] run_bft INFO ACS Block Delay at Node 42: 14.166633605957031 
2023-03-10 10:07:23,568 dumbo.py [line:220] run_bft INFO Current Block's TPS at Node 42: 236.75349368742422 
2023-03-10 10:07:37,687 dumbo.py [line:217] run_bft INFO Node 42 Delivers ACS Block in Round 56 with having 3354 TXs 
2023-03-10 10:07:37,687 dumbo.py [line:219] run_bft INFO ACS Block Delay at Node 42: 14.119612216949463 
2023-03-10 10:07:37,688 dumbo.py [line:220] run_bft INFO Current Block's TPS at Node 42: 237.54193447138667 
2023-03-10 10:07:51,861 dumbo.py [line:217] run_bft INFO Node 42 Delivers ACS Block in Round 57 with having 3354 TXs 
2023-03-10 10:07:51,861 dumbo.py [line:219] run_bft INFO ACS Block Delay at Node 42: 14.173707962036133 
2023-03-10 10:07:51,861 dumbo.py [line:220] run_bft INFO Current Block's TPS at Node 42: 236.63532570189764 
2023-03-10 10:08:05,881 dumbo.py [line:217] run_bft INFO Node 42 Delivers ACS Block in Round 58 with having 3354 TXs 
2023-03-10 10:08:05,881 dumbo.py [line:219] run_bft INFO ACS Block Delay at Node 42: 14.019726514816284 
2023-03-10 10:08:05,881 dumbo.py [line:220] run_bft INFO Current Block's TPS at Node 42: 239.23433859108707 
2023-03-10 10:08:20,013 dumbo.py [line:217] run_bft INFO Node 42 Delivers ACS Block in Round 59 with having 3354 TXs 
2023-03-10 10:08:20,013 dumbo.py [line:219] run_bft INFO ACS Block Delay at Node 42: 14.131661653518677 
2023-03-10 10:08:20,013 dumbo.py [line:220] run_bft INFO Current Block's TPS at Node 42: 237.33939307589347 
2023-03-10 10:08:33,852 dumbo.py [line:217] run_bft INFO Node 42 Delivers ACS Block in Round 60 with having 3354 TXs 
2023-03-10 10:08:33,852 dumbo.py [line:219] run_bft INFO ACS Block Delay at Node 42: 13.839165687561035 
2023-03-10 10:08:33,852 dumbo.py [line:220] run_bft INFO Current Block's TPS at Node 42: 242.3556503131293 
2023-03-10 10:08:48,016 dumbo.py [line:217] run_bft INFO Node 42 Delivers ACS Block in Round 61 with having 3354 TXs 
2023-03-10 10:08:48,017 dumbo.py [line:219] run_bft INFO ACS Block Delay at Node 42: 14.164551019668579 
2023-03-10 10:08:48,017 dumbo.py [line:220] run_bft INFO Current Block's TPS at Node 42: 236.7883030914789 
2023-03-10 10:09:02,021 dumbo.py [line:217] run_bft INFO Node 42 Delivers ACS Block in Round 62 with having 3354 TXs 
2023-03-10 10:09:02,022 dumbo.py [line:219] run_bft INFO ACS Block Delay at Node 42: 14.004982948303223 
2023-03-10 10:09:02,022 dumbo.py [line:220] run_bft INFO Current Block's TPS at Node 42: 239.48618947846379 
2023-03-10 10:09:16,167 dumbo.py [line:217] run_bft INFO Node 42 Delivers ACS Block in Round 63 with having 3354 TXs 
2023-03-10 10:09:16,167 dumbo.py [line:219] run_bft INFO ACS Block Delay at Node 42: 14.145386457443237 
2023-03-10 10:09:16,167 dumbo.py [line:220] run_bft INFO Current Block's TPS at Node 42: 237.10911045736333 
2023-03-10 10:09:30,290 dumbo.py [line:217] run_bft INFO Node 42 Delivers ACS Block in Round 64 with having 3354 TXs 
2023-03-10 10:09:30,290 dumbo.py [line:219] run_bft INFO ACS Block Delay at Node 42: 14.12277626991272 
2023-03-10 10:09:30,290 dumbo.py [line:220] run_bft INFO Current Block's TPS at Node 42: 237.48871580904313 
2023-03-10 10:09:44,499 dumbo.py [line:217] run_bft INFO Node 42 Delivers ACS Block in Round 65 with having 3354 TXs 
2023-03-10 10:09:44,499 dumbo.py [line:219] run_bft INFO ACS Block Delay at Node 42: 14.209280490875244 
2023-03-10 10:09:44,499 dumbo.py [line:220] run_bft INFO Current Block's TPS at Node 42: 236.04291590653264 
2023-03-10 10:09:58,520 dumbo.py [line:217] run_bft INFO Node 42 Delivers ACS Block in Round 66 with having 3354 TXs 
2023-03-10 10:09:58,520 dumbo.py [line:219] run_bft INFO ACS Block Delay at Node 42: 14.02072525024414 
2023-03-10 10:09:58,520 dumbo.py [line:220] run_bft INFO Current Block's TPS at Node 42: 239.21729726082447 
2023-03-10 10:10:12,678 dumbo.py [line:217] run_bft INFO Node 42 Delivers ACS Block in Round 67 with having 3354 TXs 
2023-03-10 10:10:12,678 dumbo.py [line:219] run_bft INFO ACS Block Delay at Node 42: 14.157557725906372 
2023-03-10 10:10:12,678 dumbo.py [line:220] run_bft INFO Current Block's TPS at Node 42: 236.9052674856938 
2023-03-10 10:10:26,781 dumbo.py [line:217] run_bft INFO Node 42 Delivers ACS Block in Round 68 with having 3354 TXs 
2023-03-10 10:10:26,782 dumbo.py [line:219] run_bft INFO ACS Block Delay at Node 42: 14.103718996047974 
2023-03-10 10:10:26,782 dumbo.py [line:220] run_bft INFO Current Block's TPS at Node 42: 237.80961609769946 
2023-03-10 10:10:40,866 dumbo.py [line:217] run_bft INFO Node 42 Delivers ACS Block in Round 69 with having 3354 TXs 
2023-03-10 10:10:40,867 dumbo.py [line:219] run_bft INFO ACS Block Delay at Node 42: 14.084904670715332 
2023-03-10 10:10:40,867 dumbo.py [line:220] run_bft INFO Current Block's TPS at Node 42: 238.1272772810084 
2023-03-10 10:10:54,961 dumbo.py [line:217] run_bft INFO Node 42 Delivers ACS Block in Round 70 with having 3354 TXs 
2023-03-10 10:10:54,961 dumbo.py [line:219] run_bft INFO ACS Block Delay at Node 42: 14.094194412231445 
2023-03-10 10:10:54,961 dumbo.py [line:220] run_bft INFO Current Block's TPS at Node 42: 237.97032323388976 
2023-03-10 10:11:08,980 dumbo.py [line:217] run_bft INFO Node 42 Delivers ACS Block in Round 71 with having 3354 TXs 
2023-03-10 10:11:08,980 dumbo.py [line:219] run_bft INFO ACS Block Delay at Node 42: 14.019108533859253 
2023-03-10 10:11:08,980 dumbo.py [line:220] run_bft INFO Current Block's TPS at Node 42: 239.24488435904087 
2023-03-10 10:11:23,348 dumbo.py [line:217] run_bft INFO Node 42 Delivers ACS Block in Round 72 with having 3354 TXs 
2023-03-10 10:11:23,348 dumbo.py [line:219] run_bft INFO ACS Block Delay at Node 42: 14.368305683135986 
2023-03-10 10:11:23,348 dumbo.py [line:220] run_bft INFO Current Block's TPS at Node 42: 233.43044573004696 
2023-03-10 10:11:37,312 dumbo.py [line:217] run_bft INFO Node 42 Delivers ACS Block in Round 73 with having 3354 TXs 
2023-03-10 10:11:37,312 dumbo.py [line:219] run_bft INFO ACS Block Delay at Node 42: 13.963932514190674 
2023-03-10 10:11:37,313 dumbo.py [line:220] run_bft INFO Current Block's TPS at Node 42: 240.19021837806355 
2023-03-10 10:11:51,316 dumbo.py [line:217] run_bft INFO Node 42 Delivers ACS Block in Round 74 with having 3354 TXs 
2023-03-10 10:11:51,316 dumbo.py [line:219] run_bft INFO ACS Block Delay at Node 42: 14.00326919555664 
2023-03-10 10:11:51,316 dumbo.py [line:220] run_bft INFO Current Block's TPS at Node 42: 239.51549835693035 
2023-03-10 10:12:05,392 dumbo.py [line:217] run_bft INFO Node 42 Delivers ACS Block in Round 75 with having 3354 TXs 
2023-03-10 10:12:05,392 dumbo.py [line:219] run_bft INFO ACS Block Delay at Node 42: 14.07632327079773 
2023-03-10 10:12:05,392 dumbo.py [line:220] run_bft INFO Current Block's TPS at Node 42: 238.272447675175 
2023-03-10 10:12:19,549 dumbo.py [line:217] run_bft INFO Node 42 Delivers ACS Block in Round 76 with having 3354 TXs 
2023-03-10 10:12:19,549 dumbo.py [line:219] run_bft INFO ACS Block Delay at Node 42: 14.156569480895996 
2023-03-10 10:12:19,549 dumbo.py [line:220] run_bft INFO Current Block's TPS at Node 42: 236.9218054222921 
2023-03-10 10:12:33,409 dumbo.py [line:217] run_bft INFO Node 42 Delivers ACS Block in Round 77 with having 3354 TXs 
2023-03-10 10:12:33,410 dumbo.py [line:219] run_bft INFO ACS Block Delay at Node 42: 13.860703229904175 
2023-03-10 10:12:33,410 dumbo.py [line:220] run_bft INFO Current Block's TPS at Node 42: 241.979064436198 
2023-03-10 10:12:47,609 dumbo.py [line:217] run_bft INFO Node 42 Delivers ACS Block in Round 78 with having 3354 TXs 
2023-03-10 10:12:47,609 dumbo.py [line:219] run_bft INFO ACS Block Delay at Node 42: 14.199183464050293 
2023-03-10 10:12:47,609 dumbo.py [line:220] run_bft INFO Current Block's TPS at Node 42: 236.21076581563355 
2023-03-10 10:13:01,709 dumbo.py [line:217] run_bft INFO Node 42 Delivers ACS Block in Round 79 with having 3354 TXs 
2023-03-10 10:13:01,709 dumbo.py [line:219] run_bft INFO ACS Block Delay at Node 42: 14.100128173828125 
2023-03-10 10:13:01,709 dumbo.py [line:220] run_bft INFO Current Block's TPS at Node 42: 237.8701781041614 
2023-03-10 10:13:15,842 dumbo.py [line:217] run_bft INFO Node 42 Delivers ACS Block in Round 80 with having 3354 TXs 
2023-03-10 10:13:15,843 dumbo.py [line:219] run_bft INFO ACS Block Delay at Node 42: 14.133490324020386 
2023-03-10 10:13:15,843 dumbo.py [line:220] run_bft INFO Current Block's TPS at Node 42: 237.30868476980197 
2023-03-10 10:13:29,983 dumbo.py [line:217] run_bft INFO Node 42 Delivers ACS Block in Round 81 with having 3354 TXs 
2023-03-10 10:13:29,983 dumbo.py [line:219] run_bft INFO ACS Block Delay at Node 42: 14.140638828277588 
2023-03-10 10:13:29,983 dumbo.py [line:220] run_bft INFO Current Block's TPS at Node 42: 237.18871832670496 
2023-03-10 10:13:43,864 dumbo.py [line:217] run_bft INFO Node 42 Delivers ACS Block in Round 82 with having 3354 TXs 
2023-03-10 10:13:43,864 dumbo.py [line:219] run_bft INFO ACS Block Delay at Node 42: 13.880968570709229 
2023-03-10 10:13:43,864 dumbo.py [line:220] run_bft INFO Current Block's TPS at Node 42: 241.62579022600812 
2023-03-10 10:13:58,083 dumbo.py [line:217] run_bft INFO Node 42 Delivers ACS Block in Round 83 with having 3354 TXs 
2023-03-10 10:13:58,084 dumbo.py [line:219] run_bft INFO ACS Block Delay at Node 42: 14.218991041183472 
2023-03-10 10:13:58,084 dumbo.py [line:220] run_bft INFO Current Block's TPS at Node 42: 235.88171553702875 
2023-03-10 10:14:12,221 dumbo.py [line:217] run_bft INFO Node 42 Delivers ACS Block in Round 84 with having 3354 TXs 
2023-03-10 10:14:12,222 dumbo.py [line:219] run_bft INFO ACS Block Delay at Node 42: 14.137986183166504 
2023-03-10 10:14:12,222 dumbo.py [line:220] run_bft INFO Current Block's TPS at Node 42: 237.23322095147216 
2023-03-10 10:14:26,293 dumbo.py [line:217] run_bft INFO Node 42 Delivers ACS Block in Round 85 with having 3354 TXs 
2023-03-10 10:14:26,293 dumbo.py [line:219] run_bft INFO ACS Block Delay at Node 42: 14.071759462356567 
2023-03-10 10:14:26,293 dumbo.py [line:220] run_bft INFO Current Block's TPS at Node 42: 238.34972513368365 
2023-03-10 10:14:40,460 dumbo.py [line:217] run_bft INFO Node 42 Delivers ACS Block in Round 86 with having 3354 TXs 
2023-03-10 10:14:40,460 dumbo.py [line:219] run_bft INFO ACS Block Delay at Node 42: 14.166691541671753 
2023-03-10 10:14:40,460 dumbo.py [line:220] run_bft INFO Current Block's TPS at Node 42: 236.75252546680412 
2023-03-10 10:14:54,619 dumbo.py [line:217] run_bft INFO Node 42 Delivers ACS Block in Round 87 with having 3354 TXs 
2023-03-10 10:14:54,619 dumbo.py [line:219] run_bft INFO ACS Block Delay at Node 42: 14.159177303314209 
2023-03-10 10:14:54,619 dumbo.py [line:220] run_bft INFO Current Block's TPS at Node 42: 236.8781694127763 
2023-03-10 10:15:08,618 dumbo.py [line:217] run_bft INFO Node 42 Delivers ACS Block in Round 88 with having 3354 TXs 
2023-03-10 10:15:08,619 dumbo.py [line:219] run_bft INFO ACS Block Delay at Node 42: 13.999067306518555 
2023-03-10 10:15:08,619 dumbo.py [line:220] run_bft INFO Current Block's TPS at Node 42: 239.58739011407113 
2023-03-10 10:15:22,830 dumbo.py [line:217] run_bft INFO Node 42 Delivers ACS Block in Round 89 with having 3354 TXs 
2023-03-10 10:15:22,830 dumbo.py [line:219] run_bft INFO ACS Block Delay at Node 42: 14.211426258087158 
2023-03-10 10:15:22,830 dumbo.py [line:220] run_bft INFO Current Block's TPS at Node 42: 236.00727605305426 
2023-03-10 10:15:36,933 dumbo.py [line:217] run_bft INFO Node 42 Delivers ACS Block in Round 90 with having 3354 TXs 
2023-03-10 10:15:36,933 dumbo.py [line:219] run_bft INFO ACS Block Delay at Node 42: 14.103262901306152 
2023-03-10 10:15:36,934 dumbo.py [line:220] run_bft INFO Current Block's TPS at Node 42: 237.8173067800767 
2023-03-10 10:15:51,169 dumbo.py [line:217] run_bft INFO Node 42 Delivers ACS Block in Round 91 with having 3354 TXs 
2023-03-10 10:15:51,169 dumbo.py [line:219] run_bft INFO ACS Block Delay at Node 42: 14.235833406448364 
2023-03-10 10:15:51,169 dumbo.py [line:220] run_bft INFO Current Block's TPS at Node 42: 235.60264469523423 
2023-03-10 10:16:05,070 dumbo.py [line:217] run_bft INFO Node 42 Delivers ACS Block in Round 92 with having 3354 TXs 
2023-03-10 10:16:05,070 dumbo.py [line:219] run_bft INFO ACS Block Delay at Node 42: 13.900243282318115 
2023-03-10 10:16:05,070 dumbo.py [line:220] run_bft INFO Current Block's TPS at Node 42: 241.29074087979993 
2023-03-10 10:16:19,294 dumbo.py [line:217] run_bft INFO Node 42 Delivers ACS Block in Round 93 with having 3354 TXs 
2023-03-10 10:16:19,294 dumbo.py [line:219] run_bft INFO ACS Block Delay at Node 42: 14.224037647247314 
2023-03-10 10:16:19,294 dumbo.py [line:220] run_bft INFO Current Block's TPS at Node 42: 235.79802607237036 
2023-03-10 10:16:33,145 dumbo.py [line:217] run_bft INFO Node 42 Delivers ACS Block in Round 94 with having 3354 TXs 
2023-03-10 10:16:33,145 dumbo.py [line:219] run_bft INFO ACS Block Delay at Node 42: 13.851218461990356 
2023-03-10 10:16:33,145 dumbo.py [line:220] run_bft INFO Current Block's TPS at Node 42: 242.14476215242985 
2023-03-10 10:16:47,265 dumbo.py [line:217] run_bft INFO Node 42 Delivers ACS Block in Round 95 with having 3354 TXs 
2023-03-10 10:16:47,265 dumbo.py [line:219] run_bft INFO ACS Block Delay at Node 42: 14.119515419006348 
2023-03-10 10:16:47,265 dumbo.py [line:220] run_bft INFO Current Block's TPS at Node 42: 237.5435629671231 
2023-03-10 10:17:01,331 dumbo.py [line:217] run_bft INFO Node 42 Delivers ACS Block in Round 96 with having 3354 TXs 
2023-03-10 10:17:01,331 dumbo.py [line:219] run_bft INFO ACS Block Delay at Node 42: 14.06630802154541 
2023-03-10 10:17:01,331 dumbo.py [line:220] run_bft INFO Current Block's TPS at Node 42: 238.44209830061072 
2023-03-10 10:17:15,534 dumbo.py [line:217] run_bft INFO Node 42 Delivers ACS Block in Round 97 with having 3354 TXs 
2023-03-10 10:17:15,534 dumbo.py [line:219] run_bft INFO ACS Block Delay at Node 42: 14.202704191207886 
2023-03-10 10:17:15,534 dumbo.py [line:220] run_bft INFO Current Block's TPS at Node 42: 236.15221121596528 
2023-03-10 10:17:29,835 dumbo.py [line:217] run_bft INFO Node 42 Delivers ACS Block in Round 98 with having 3354 TXs 
2023-03-10 10:17:29,835 dumbo.py [line:219] run_bft INFO ACS Block Delay at Node 42: 14.301328182220459 
2023-03-10 10:17:29,835 dumbo.py [line:220] run_bft INFO Current Block's TPS at Node 42: 234.52367201598264 
2023-03-10 10:17:43,791 dumbo.py [line:217] run_bft INFO Node 42 Delivers ACS Block in Round 99 with having 3354 TXs 
2023-03-10 10:17:43,792 dumbo.py [line:219] run_bft INFO ACS Block Delay at Node 42: 13.95617151260376 
2023-03-10 10:17:43,792 dumbo.py [line:220] run_bft INFO Current Block's TPS at Node 42: 240.32378772151208 
2023-03-10 10:17:43,792 dumbo.py [line:241] run_bft INFO node 42 breaks in 1407.227295 seconds with total delivered Txs 335400 
