2023-03-09 02:18:38,185 dumbo_node.py [line:77] run INFO node 60's starts to run consensus on process id 4152728 
2023-03-09 02:18:38,185 dumbo_node.py [line:59] prepare_bootstrap INFO node id 60 is inserting dummy payload TXs 
2023-03-09 02:18:38,186 dumbo_node.py [line:68] prepare_bootstrap INFO node id 60 just inserts 50000 TXs 
2023-03-09 02:18:38,186 dumbo_node.py [line:68] prepare_bootstrap INFO node id 60 just inserts 50000 TXs 
2023-03-09 02:18:38,187 dumbo_node.py [line:68] prepare_bootstrap INFO node id 60 just inserts 50000 TXs 
2023-03-09 02:18:38,187 dumbo_node.py [line:68] prepare_bootstrap INFO node id 60 just inserts 50000 TXs 
2023-03-09 02:18:38,187 dumbo_node.py [line:68] prepare_bootstrap INFO node id 60 just inserts 50000 TXs 
2023-03-09 02:18:38,188 dumbo_node.py [line:68] prepare_bootstrap INFO node id 60 just inserts 50000 TXs 
2023-03-09 02:18:38,188 dumbo_node.py [line:68] prepare_bootstrap INFO node id 60 just inserts 50000 TXs 
2023-03-09 02:18:38,188 dumbo_node.py [line:68] prepare_bootstrap INFO node id 60 just inserts 50000 TXs 
2023-03-09 02:18:38,188 dumbo_node.py [line:68] prepare_bootstrap INFO node id 60 just inserts 50000 TXs 
2023-03-09 02:18:38,189 dumbo_node.py [line:68] prepare_bootstrap INFO node id 60 just inserts 50000 TXs 
2023-03-09 02:18:38,189 dumbo_node.py [line:68] prepare_bootstrap INFO node id 60 just inserts 50000 TXs 
2023-03-09 02:18:38,189 dumbo_node.py [line:68] prepare_bootstrap INFO node id 60 just inserts 50000 TXs 
2023-03-09 02:18:38,190 dumbo_node.py [line:68] prepare_bootstrap INFO node id 60 just inserts 50000 TXs 
2023-03-09 02:18:38,190 dumbo_node.py [line:68] prepare_bootstrap INFO node id 60 just inserts 50000 TXs 
2023-03-09 02:18:38,190 dumbo_node.py [line:68] prepare_bootstrap INFO node id 60 just inserts 50000 TXs 
2023-03-09 02:18:38,190 dumbo_node.py [line:68] prepare_bootstrap INFO node id 60 just inserts 50000 TXs 
2023-03-09 02:18:38,191 dumbo_node.py [line:68] prepare_bootstrap INFO node id 60 just inserts 50000 TXs 
2023-03-09 02:18:38,191 dumbo_node.py [line:68] prepare_bootstrap INFO node id 60 just inserts 50000 TXs 
2023-03-09 02:18:38,191 dumbo_node.py [line:68] prepare_bootstrap INFO node id 60 just inserts 50000 TXs 
2023-03-09 02:18:38,191 dumbo_node.py [line:68] prepare_bootstrap INFO node id 60 just inserts 50000 TXs 
2023-03-09 02:18:38,192 dumbo_node.py [line:68] prepare_bootstrap INFO node id 60 just inserts 50000 TXs 
2023-03-09 02:18:38,192 dumbo_node.py [line:68] prepare_bootstrap INFO node id 60 just inserts 50000 TXs 
2023-03-09 02:18:38,192 dumbo_node.py [line:68] prepare_bootstrap INFO node id 60 just inserts 50000 TXs 
2023-03-09 02:18:38,193 dumbo_node.py [line:68] prepare_bootstrap INFO node id 60 just inserts 50000 TXs 
2023-03-09 02:18:38,193 dumbo_node.py [line:68] prepare_bootstrap INFO node id 60 just inserts 50000 TXs 
2023-03-09 02:18:38,193 dumbo_node.py [line:68] prepare_bootstrap INFO node id 60 just inserts 50000 TXs 
2023-03-09 02:18:38,193 dumbo_node.py [line:68] prepare_bootstrap INFO node id 60 just inserts 50000 TXs 
2023-03-09 02:18:38,194 dumbo_node.py [line:68] prepare_bootstrap INFO node id 60 just inserts 50000 TXs 
2023-03-09 02:18:38,194 dumbo_node.py [line:68] prepare_bootstrap INFO node id 60 just inserts 50000 TXs 
2023-03-09 02:18:38,194 dumbo_node.py [line:68] prepare_bootstrap INFO node id 60 just inserts 50000 TXs 
2023-03-09 02:18:38,194 dumbo_node.py [line:68] prepare_bootstrap INFO node id 60 just inserts 50000 TXs 
2023-03-09 02:18:38,195 dumbo_node.py [line:68] prepare_bootstrap INFO node id 60 just inserts 50000 TXs 
2023-03-09 02:18:38,195 dumbo_node.py [line:68] prepare_bootstrap INFO node id 60 just inserts 50000 TXs 
2023-03-09 02:18:38,195 dumbo_node.py [line:68] prepare_bootstrap INFO node id 60 just inserts 50000 TXs 
2023-03-09 02:18:38,195 dumbo_node.py [line:68] prepare_bootstrap INFO node id 60 just inserts 50000 TXs 
2023-03-09 02:18:38,195 dumbo_node.py [line:68] prepare_bootstrap INFO node id 60 just inserts 50000 TXs 
2023-03-09 02:18:38,195 dumbo_node.py [line:68] prepare_bootstrap INFO node id 60 just inserts 50000 TXs 
2023-03-09 02:18:38,195 dumbo_node.py [line:68] prepare_bootstrap INFO node id 60 just inserts 50000 TXs 
2023-03-09 02:18:38,196 dumbo_node.py [line:68] prepare_bootstrap INFO node id 60 just inserts 50000 TXs 
2023-03-09 02:18:38,196 dumbo_node.py [line:68] prepare_bootstrap INFO node id 60 just inserts 50000 TXs 
2023-03-09 02:18:38,196 dumbo_node.py [line:68] prepare_bootstrap INFO node id 60 just inserts 50000 TXs 
2023-03-09 02:18:38,196 dumbo_node.py [line:68] prepare_bootstrap INFO node id 60 just inserts 50000 TXs 
2023-03-09 02:18:38,196 dumbo_node.py [line:68] prepare_bootstrap INFO node id 60 just inserts 50000 TXs 
2023-03-09 02:18:38,196 dumbo_node.py [line:68] prepare_bootstrap INFO node id 60 just inserts 50000 TXs 
2023-03-09 02:18:38,196 dumbo_node.py [line:68] prepare_bootstrap INFO node id 60 just inserts 50000 TXs 
2023-03-09 02:18:38,196 dumbo_node.py [line:68] prepare_bootstrap INFO node id 60 just inserts 50000 TXs 
2023-03-09 02:18:38,196 dumbo_node.py [line:68] prepare_bootstrap INFO node id 60 just inserts 50000 TXs 
2023-03-09 02:18:38,196 dumbo_node.py [line:68] prepare_bootstrap INFO node id 60 just inserts 50000 TXs 
2023-03-09 02:18:38,196 dumbo_node.py [line:68] prepare_bootstrap INFO node id 60 just inserts 50000 TXs 
2023-03-09 02:18:38,196 dumbo_node.py [line:68] prepare_bootstrap INFO node id 60 just inserts 50000 TXs 
2023-03-09 02:18:38,196 dumbo_node.py [line:68] prepare_bootstrap INFO node id 60 just inserts 50000 TXs 
2023-03-09 02:18:38,197 dumbo_node.py [line:68] prepare_bootstrap INFO node id 60 just inserts 50000 TXs 
2023-03-09 02:18:38,197 dumbo_node.py [line:68] prepare_bootstrap INFO node id 60 just inserts 50000 TXs 
2023-03-09 02:18:38,197 dumbo_node.py [line:68] prepare_bootstrap INFO node id 60 just inserts 50000 TXs 
2023-03-09 02:18:38,197 dumbo_node.py [line:68] prepare_bootstrap INFO node id 60 just inserts 50000 TXs 
2023-03-09 02:18:38,197 dumbo_node.py [line:68] prepare_bootstrap INFO node id 60 just inserts 50000 TXs 
2023-03-09 02:18:38,197 dumbo_node.py [line:68] prepare_bootstrap INFO node id 60 just inserts 50000 TXs 
2023-03-09 02:18:38,197 dumbo_node.py [line:68] prepare_bootstrap INFO node id 60 just inserts 50000 TXs 
2023-03-09 02:18:38,197 dumbo_node.py [line:68] prepare_bootstrap INFO node id 60 just inserts 50000 TXs 
2023-03-09 02:18:38,197 dumbo_node.py [line:68] prepare_bootstrap INFO node id 60 just inserts 50000 TXs 
2023-03-09 02:18:38,197 dumbo_node.py [line:68] prepare_bootstrap INFO node id 60 just inserts 50000 TXs 
2023-03-09 02:18:38,197 dumbo_node.py [line:68] prepare_bootstrap INFO node id 60 just inserts 50000 TXs 
2023-03-09 02:18:38,197 dumbo_node.py [line:68] prepare_bootstrap INFO node id 60 just inserts 50000 TXs 
2023-03-09 02:18:38,197 dumbo_node.py [line:68] prepare_bootstrap INFO node id 60 just inserts 50000 TXs 
2023-03-09 02:18:38,198 dumbo_node.py [line:68] prepare_bootstrap INFO node id 60 just inserts 50000 TXs 
2023-03-09 02:18:38,198 dumbo_node.py [line:68] prepare_bootstrap INFO node id 60 just inserts 50000 TXs 
2023-03-09 02:18:38,198 dumbo_node.py [line:68] prepare_bootstrap INFO node id 60 just inserts 50000 TXs 
2023-03-09 02:18:38,198 dumbo_node.py [line:68] prepare_bootstrap INFO node id 60 just inserts 50000 TXs 
2023-03-09 02:18:38,198 dumbo_node.py [line:68] prepare_bootstrap INFO node id 60 just inserts 50000 TXs 
2023-03-09 02:18:38,198 dumbo_node.py [line:68] prepare_bootstrap INFO node id 60 just inserts 50000 TXs 
2023-03-09 02:18:38,198 dumbo_node.py [line:68] prepare_bootstrap INFO node id 60 just inserts 50000 TXs 
2023-03-09 02:18:38,198 dumbo_node.py [line:68] prepare_bootstrap INFO node id 60 just inserts 50000 TXs 
2023-03-09 02:18:38,198 dumbo_node.py [line:68] prepare_bootstrap INFO node id 60 just inserts 50000 TXs 
2023-03-09 02:18:38,198 dumbo_node.py [line:68] prepare_bootstrap INFO node id 60 just inserts 50000 TXs 
2023-03-09 02:18:38,198 dumbo_node.py [line:68] prepare_bootstrap INFO node id 60 just inserts 50000 TXs 
2023-03-09 02:18:38,198 dumbo_node.py [line:68] prepare_bootstrap INFO node id 60 just inserts 50000 TXs 
2023-03-09 02:18:38,199 dumbo_node.py [line:68] prepare_bootstrap INFO node id 60 just inserts 50000 TXs 
2023-03-09 02:18:38,199 dumbo_node.py [line:68] prepare_bootstrap INFO node id 60 just inserts 50000 TXs 
2023-03-09 02:18:38,199 dumbo_node.py [line:68] prepare_bootstrap INFO node id 60 just inserts 50000 TXs 
2023-03-09 02:18:38,199 dumbo_node.py [line:68] prepare_bootstrap INFO node id 60 just inserts 50000 TXs 
2023-03-09 02:18:38,199 dumbo_node.py [line:68] prepare_bootstrap INFO node id 60 just inserts 50000 TXs 
2023-03-09 02:18:38,199 dumbo_node.py [line:68] prepare_bootstrap INFO node id 60 just inserts 50000 TXs 
2023-03-09 02:18:38,199 dumbo_node.py [line:68] prepare_bootstrap INFO node id 60 just inserts 50000 TXs 
2023-03-09 02:18:38,199 dumbo_node.py [line:68] prepare_bootstrap INFO node id 60 just inserts 50000 TXs 
2023-03-09 02:18:38,199 dumbo_node.py [line:68] prepare_bootstrap INFO node id 60 just inserts 50000 TXs 
2023-03-09 02:18:38,199 dumbo_node.py [line:68] prepare_bootstrap INFO node id 60 just inserts 50000 TXs 
2023-03-09 02:18:38,199 dumbo_node.py [line:68] prepare_bootstrap INFO node id 60 just inserts 50000 TXs 
2023-03-09 02:18:38,199 dumbo_node.py [line:68] prepare_bootstrap INFO node id 60 just inserts 50000 TXs 
2023-03-09 02:18:38,200 dumbo_node.py [line:68] prepare_bootstrap INFO node id 60 just inserts 50000 TXs 
2023-03-09 02:18:38,200 dumbo_node.py [line:68] prepare_bootstrap INFO node id 60 just inserts 50000 TXs 
2023-03-09 02:18:38,200 dumbo_node.py [line:68] prepare_bootstrap INFO node id 60 just inserts 50000 TXs 
2023-03-09 02:18:38,200 dumbo_node.py [line:68] prepare_bootstrap INFO node id 60 just inserts 50000 TXs 
2023-03-09 02:18:38,200 dumbo_node.py [line:68] prepare_bootstrap INFO node id 60 just inserts 50000 TXs 
2023-03-09 02:18:38,200 dumbo_node.py [line:68] prepare_bootstrap INFO node id 60 just inserts 50000 TXs 
2023-03-09 02:18:38,200 dumbo_node.py [line:68] prepare_bootstrap INFO node id 60 just inserts 50000 TXs 
2023-03-09 02:18:38,200 dumbo_node.py [line:68] prepare_bootstrap INFO node id 60 just inserts 50000 TXs 
2023-03-09 02:18:38,200 dumbo_node.py [line:68] prepare_bootstrap INFO node id 60 just inserts 50000 TXs 
2023-03-09 02:18:38,200 dumbo_node.py [line:68] prepare_bootstrap INFO node id 60 just inserts 50000 TXs 
2023-03-09 02:18:38,200 dumbo_node.py [line:68] prepare_bootstrap INFO node id 60 just inserts 50000 TXs 
2023-03-09 02:18:38,200 dumbo_node.py [line:68] prepare_bootstrap INFO node id 60 just inserts 50000 TXs 
2023-03-09 02:18:38,200 dumbo_node.py [line:72] prepare_bootstrap INFO node id 60 completed the loading of dummy TXs 
2023-03-09 02:18:38,201 dumbo.py [line:179] run_bft INFO Node 60 starts to run at time:1678328318.2010484 
2023-03-09 02:18:52,980 dumbo.py [line:217] run_bft INFO Node 60 Delivers ACS Block in Round 0 with having 3354 TXs 
2023-03-09 02:18:52,980 dumbo.py [line:219] run_bft INFO ACS Block Delay at Node 60: 14.77941107749939 
2023-03-09 02:18:52,980 dumbo.py [line:220] run_bft INFO Current Block's TPS at Node 60: 226.93732398486623 
2023-03-09 02:19:07,755 dumbo.py [line:217] run_bft INFO Node 60 Delivers ACS Block in Round 1 with having 3354 TXs 
2023-03-09 02:19:07,755 dumbo.py [line:219] run_bft INFO ACS Block Delay at Node 60: 14.775322675704956 
2023-03-09 02:19:07,755 dumbo.py [line:220] run_bft INFO Current Block's TPS at Node 60: 227.00011861771236 
2023-03-09 02:19:22,641 dumbo.py [line:217] run_bft INFO Node 60 Delivers ACS Block in Round 2 with having 3354 TXs 
2023-03-09 02:19:22,641 dumbo.py [line:219] run_bft INFO ACS Block Delay at Node 60: 14.885218143463135 
2023-03-09 02:19:22,641 dumbo.py [line:220] run_bft INFO Current Block's TPS at Node 60: 225.32420873340806 
2023-03-09 02:19:37,251 dumbo.py [line:217] run_bft INFO Node 60 Delivers ACS Block in Round 3 with having 3354 TXs 
2023-03-09 02:19:37,252 dumbo.py [line:219] run_bft INFO ACS Block Delay at Node 60: 14.610742092132568 
2023-03-09 02:19:37,252 dumbo.py [line:220] run_bft INFO Current Block's TPS at Node 60: 229.55712850519927 
2023-03-09 02:19:52,000 dumbo.py [line:217] run_bft INFO Node 60 Delivers ACS Block in Round 4 with having 3354 TXs 
2023-03-09 02:19:52,000 dumbo.py [line:219] run_bft INFO ACS Block Delay at Node 60: 14.74851942062378 
2023-03-09 02:19:52,000 dumbo.py [line:220] run_bft INFO Current Block's TPS at Node 60: 227.41265779600164 
2023-03-09 02:20:06,687 dumbo.py [line:217] run_bft INFO Node 60 Delivers ACS Block in Round 5 with having 3354 TXs 
2023-03-09 02:20:06,687 dumbo.py [line:219] run_bft INFO ACS Block Delay at Node 60: 14.687071084976196 
2023-03-09 02:20:06,687 dumbo.py [line:220] run_bft INFO Current Block's TPS at Node 60: 228.3641156629859 
2023-03-09 02:20:21,514 dumbo.py [line:217] run_bft INFO Node 60 Delivers ACS Block in Round 6 with having 3354 TXs 
2023-03-09 02:20:21,514 dumbo.py [line:219] run_bft INFO ACS Block Delay at Node 60: 14.826749801635742 
2023-03-09 02:20:21,514 dumbo.py [line:220] run_bft INFO Current Block's TPS at Node 60: 226.21276037381938 
2023-03-09 02:20:36,161 dumbo.py [line:217] run_bft INFO Node 60 Delivers ACS Block in Round 7 with having 3354 TXs 
2023-03-09 02:20:36,161 dumbo.py [line:219] run_bft INFO ACS Block Delay at Node 60: 14.646760940551758 
2023-03-09 02:20:36,161 dumbo.py [line:220] run_bft INFO Current Block's TPS at Node 60: 228.99260891969277 
2023-03-09 02:20:50,886 dumbo.py [line:217] run_bft INFO Node 60 Delivers ACS Block in Round 8 with having 3354 TXs 
2023-03-09 02:20:50,886 dumbo.py [line:219] run_bft INFO ACS Block Delay at Node 60: 14.725186109542847 
2023-03-09 02:20:50,886 dumbo.py [line:220] run_bft INFO Current Block's TPS at Node 60: 227.77301251400803 
2023-03-09 02:21:05,609 dumbo.py [line:217] run_bft INFO Node 60 Delivers ACS Block in Round 9 with having 3354 TXs 
2023-03-09 02:21:05,610 dumbo.py [line:219] run_bft INFO ACS Block Delay at Node 60: 14.723456382751465 
2023-03-09 02:21:05,610 dumbo.py [line:220] run_bft INFO Current Block's TPS at Node 60: 227.7997715216661 
2023-03-09 02:21:20,381 dumbo.py [line:217] run_bft INFO Node 60 Delivers ACS Block in Round 10 with having 3354 TXs 
2023-03-09 02:21:20,381 dumbo.py [line:219] run_bft INFO ACS Block Delay at Node 60: 14.771398544311523 
2023-03-09 02:21:20,381 dumbo.py [line:220] run_bft INFO Current Block's TPS at Node 60: 227.06042287997354 
2023-03-09 02:21:35,104 dumbo.py [line:217] run_bft INFO Node 60 Delivers ACS Block in Round 11 with having 3354 TXs 
2023-03-09 02:21:35,105 dumbo.py [line:219] run_bft INFO ACS Block Delay at Node 60: 14.72332239151001 
2023-03-09 02:21:35,105 dumbo.py [line:220] run_bft INFO Current Block's TPS at Node 60: 227.80184463895426 
2023-03-09 02:21:49,784 dumbo.py [line:217] run_bft INFO Node 60 Delivers ACS Block in Round 12 with having 3354 TXs 
2023-03-09 02:21:49,784 dumbo.py [line:219] run_bft INFO ACS Block Delay at Node 60: 14.67935585975647 
2023-03-09 02:21:49,784 dumbo.py [line:220] run_bft INFO Current Block's TPS at Node 60: 228.48414004288895 
2023-03-09 02:22:04,464 dumbo.py [line:217] run_bft INFO Node 60 Delivers ACS Block in Round 13 with having 3354 TXs 
2023-03-09 02:22:04,464 dumbo.py [line:219] run_bft INFO ACS Block Delay at Node 60: 14.67982816696167 
2023-03-09 02:22:04,464 dumbo.py [line:220] run_bft INFO Current Block's TPS at Node 60: 228.4767888188563 
2023-03-09 02:22:19,220 dumbo.py [line:217] run_bft INFO Node 60 Delivers ACS Block in Round 14 with having 3354 TXs 
2023-03-09 02:22:19,220 dumbo.py [line:219] run_bft INFO ACS Block Delay at Node 60: 14.756300926208496 
2023-03-09 02:22:19,220 dumbo.py [line:220] run_bft INFO Current Block's TPS at Node 60: 227.29273527100543 
2023-03-09 02:22:33,935 dumbo.py [line:217] run_bft INFO Node 60 Delivers ACS Block in Round 15 with having 3354 TXs 
2023-03-09 02:22:33,935 dumbo.py [line:219] run_bft INFO ACS Block Delay at Node 60: 14.714977264404297 
2023-03-09 02:22:33,935 dumbo.py [line:220] run_bft INFO Current Block's TPS at Node 60: 227.93103514426525 
2023-03-09 02:22:48,708 dumbo.py [line:217] run_bft INFO Node 60 Delivers ACS Block in Round 16 with having 3354 TXs 
2023-03-09 02:22:48,708 dumbo.py [line:219] run_bft INFO ACS Block Delay at Node 60: 14.77293872833252 
2023-03-09 02:22:48,708 dumbo.py [line:220] run_bft INFO Current Block's TPS at Node 60: 227.03675021459858 
2023-03-09 02:23:03,417 dumbo.py [line:217] run_bft INFO Node 60 Delivers ACS Block in Round 17 with having 3354 TXs 
2023-03-09 02:23:03,417 dumbo.py [line:219] run_bft INFO ACS Block Delay at Node 60: 14.708885669708252 
2023-03-09 02:23:03,417 dumbo.py [line:220] run_bft INFO Current Block's TPS at Node 60: 228.0254313831053 
2023-03-09 02:23:18,236 dumbo.py [line:217] run_bft INFO Node 60 Delivers ACS Block in Round 18 with having 3354 TXs 
2023-03-09 02:23:18,236 dumbo.py [line:219] run_bft INFO ACS Block Delay at Node 60: 14.818643808364868 
2023-03-09 02:23:18,236 dumbo.py [line:220] run_bft INFO Current Block's TPS at Node 60: 226.336501732144 
2023-03-09 02:23:32,991 dumbo.py [line:217] run_bft INFO Node 60 Delivers ACS Block in Round 19 with having 3354 TXs 
2023-03-09 02:23:32,991 dumbo.py [line:219] run_bft INFO ACS Block Delay at Node 60: 14.754871368408203 
2023-03-09 02:23:32,991 dumbo.py [line:220] run_bft INFO Current Block's TPS at Node 60: 227.31475702196101 
2023-03-09 02:23:47,740 dumbo.py [line:217] run_bft INFO Node 60 Delivers ACS Block in Round 20 with having 3354 TXs 
2023-03-09 02:23:47,740 dumbo.py [line:219] run_bft INFO ACS Block Delay at Node 60: 14.74916958808899 
2023-03-09 02:23:47,740 dumbo.py [line:220] run_bft INFO Current Block's TPS at Node 60: 227.40263307492208 
2023-03-09 02:24:02,496 dumbo.py [line:217] run_bft INFO Node 60 Delivers ACS Block in Round 21 with having 3354 TXs 
2023-03-09 02:24:02,497 dumbo.py [line:219] run_bft INFO ACS Block Delay at Node 60: 14.756332635879517 
2023-03-09 02:24:02,497 dumbo.py [line:220] run_bft INFO Current Block's TPS at Node 60: 227.29224684491484 
2023-03-09 02:24:17,249 dumbo.py [line:217] run_bft INFO Node 60 Delivers ACS Block in Round 22 with having 3354 TXs 
2023-03-09 02:24:17,250 dumbo.py [line:219] run_bft INFO ACS Block Delay at Node 60: 14.752947568893433 
2023-03-09 02:24:17,250 dumbo.py [line:220] run_bft INFO Current Block's TPS at Node 60: 227.3443990997368 
2023-03-09 02:24:31,943 dumbo.py [line:217] run_bft INFO Node 60 Delivers ACS Block in Round 23 with having 3354 TXs 
2023-03-09 02:24:31,943 dumbo.py [line:219] run_bft INFO ACS Block Delay at Node 60: 14.693284511566162 
2023-03-09 02:24:31,943 dumbo.py [line:220] run_bft INFO Current Block's TPS at Node 60: 228.2675461269276 
2023-03-09 02:24:46,832 dumbo.py [line:217] run_bft INFO Node 60 Delivers ACS Block in Round 24 with having 3354 TXs 
2023-03-09 02:24:46,832 dumbo.py [line:219] run_bft INFO ACS Block Delay at Node 60: 14.889160871505737 
2023-03-09 02:24:46,832 dumbo.py [line:220] run_bft INFO Current Block's TPS at Node 60: 225.26454169883723 
2023-03-09 02:25:01,445 dumbo.py [line:217] run_bft INFO Node 60 Delivers ACS Block in Round 25 with having 3354 TXs 
2023-03-09 02:25:01,445 dumbo.py [line:219] run_bft INFO ACS Block Delay at Node 60: 14.61279582977295 
2023-03-09 02:25:01,445 dumbo.py [line:220] run_bft INFO Current Block's TPS at Node 60: 229.52486567740635 
2023-03-09 02:25:16,318 dumbo.py [line:217] run_bft INFO Node 60 Delivers ACS Block in Round 26 with having 3354 TXs 
2023-03-09 02:25:16,318 dumbo.py [line:219] run_bft INFO ACS Block Delay at Node 60: 14.872924089431763 
2023-03-09 02:25:16,318 dumbo.py [line:220] run_bft INFO Current Block's TPS at Node 60: 225.5104631632759 
2023-03-09 02:25:30,958 dumbo.py [line:217] run_bft INFO Node 60 Delivers ACS Block in Round 27 with having 3354 TXs 
2023-03-09 02:25:30,958 dumbo.py [line:219] run_bft INFO ACS Block Delay at Node 60: 14.640213251113892 
2023-03-09 02:25:30,958 dumbo.py [line:220] run_bft INFO Current Block's TPS at Node 60: 229.0950235813548 
2023-03-09 02:25:45,759 dumbo.py [line:217] run_bft INFO Node 60 Delivers ACS Block in Round 28 with having 3354 TXs 
2023-03-09 02:25:45,759 dumbo.py [line:219] run_bft INFO ACS Block Delay at Node 60: 14.80087924003601 
2023-03-09 02:25:45,759 dumbo.py [line:220] run_bft INFO Current Block's TPS at Node 60: 226.6081592590468 
2023-03-09 02:26:00,416 dumbo.py [line:217] run_bft INFO Node 60 Delivers ACS Block in Round 29 with having 3354 TXs 
2023-03-09 02:26:00,416 dumbo.py [line:219] run_bft INFO ACS Block Delay at Node 60: 14.656558752059937 
2023-03-09 02:26:00,416 dumbo.py [line:220] run_bft INFO Current Block's TPS at Node 60: 228.83952889204673 
2023-03-09 02:26:15,185 dumbo.py [line:217] run_bft INFO Node 60 Delivers ACS Block in Round 30 with having 3354 TXs 
2023-03-09 02:26:15,186 dumbo.py [line:219] run_bft INFO ACS Block Delay at Node 60: 14.769679069519043 
2023-03-09 02:26:15,186 dumbo.py [line:220] run_bft INFO Current Block's TPS at Node 60: 227.08685708153433 
2023-03-09 02:26:29,999 dumbo.py [line:217] run_bft INFO Node 60 Delivers ACS Block in Round 31 with having 3354 TXs 
2023-03-09 02:26:29,999 dumbo.py [line:219] run_bft INFO ACS Block Delay at Node 60: 14.813785076141357 
2023-03-09 02:26:30,000 dumbo.py [line:220] run_bft INFO Current Block's TPS at Node 60: 226.4107372127231 
2023-03-09 02:26:44,616 dumbo.py [line:217] run_bft INFO Node 60 Delivers ACS Block in Round 32 with having 3354 TXs 
2023-03-09 02:26:44,616 dumbo.py [line:219] run_bft INFO ACS Block Delay at Node 60: 14.616610050201416 
2023-03-09 02:26:44,616 dumbo.py [line:220] run_bft INFO Current Block's TPS at Node 60: 229.46497091189636 
2023-03-09 02:26:59,352 dumbo.py [line:217] run_bft INFO Node 60 Delivers ACS Block in Round 33 with having 3354 TXs 
2023-03-09 02:26:59,352 dumbo.py [line:219] run_bft INFO ACS Block Delay at Node 60: 14.735660552978516 
2023-03-09 02:26:59,352 dumbo.py [line:220] run_bft INFO Current Block's TPS at Node 60: 227.61110626439185 
2023-03-09 02:27:14,109 dumbo.py [line:217] run_bft INFO Node 60 Delivers ACS Block in Round 34 with having 3354 TXs 
2023-03-09 02:27:14,109 dumbo.py [line:219] run_bft INFO ACS Block Delay at Node 60: 14.757464408874512 
2023-03-09 02:27:14,109 dumbo.py [line:220] run_bft INFO Current Block's TPS at Node 60: 227.27481544749972 
2023-03-09 02:27:28,824 dumbo.py [line:217] run_bft INFO Node 60 Delivers ACS Block in Round 35 with having 3354 TXs 
2023-03-09 02:27:28,825 dumbo.py [line:219] run_bft INFO ACS Block Delay at Node 60: 14.715090274810791 
2023-03-09 02:27:28,825 dumbo.py [line:220] run_bft INFO Current Block's TPS at Node 60: 227.92928465694555 
2023-03-09 02:27:43,558 dumbo.py [line:217] run_bft INFO Node 60 Delivers ACS Block in Round 36 with having 3354 TXs 
2023-03-09 02:27:43,558 dumbo.py [line:219] run_bft INFO ACS Block Delay at Node 60: 14.733748435974121 
2023-03-09 02:27:43,558 dumbo.py [line:220] run_bft INFO Current Block's TPS at Node 60: 227.6406451878076 
2023-03-09 02:27:58,347 dumbo.py [line:217] run_bft INFO Node 60 Delivers ACS Block in Round 37 with having 3354 TXs 
2023-03-09 02:27:58,347 dumbo.py [line:219] run_bft INFO ACS Block Delay at Node 60: 14.788742303848267 
2023-03-09 02:27:58,347 dumbo.py [line:220] run_bft INFO Current Block's TPS at Node 60: 226.7941337463995 
2023-03-09 02:28:13,141 dumbo.py [line:217] run_bft INFO Node 60 Delivers ACS Block in Round 38 with having 3354 TXs 
2023-03-09 02:28:13,141 dumbo.py [line:219] run_bft INFO ACS Block Delay at Node 60: 14.793554544448853 
2023-03-09 02:28:13,141 dumbo.py [line:220] run_bft INFO Current Block's TPS at Node 60: 226.72035918903333 
2023-03-09 02:28:27,803 dumbo.py [line:217] run_bft INFO Node 60 Delivers ACS Block in Round 39 with having 3354 TXs 
2023-03-09 02:28:27,803 dumbo.py [line:219] run_bft INFO ACS Block Delay at Node 60: 14.66190481185913 
2023-03-09 02:28:27,803 dumbo.py [line:220] run_bft INFO Current Block's TPS at Node 60: 228.7560888601017 
2023-03-09 02:28:42,630 dumbo.py [line:217] run_bft INFO Node 60 Delivers ACS Block in Round 40 with having 3354 TXs 
2023-03-09 02:28:42,630 dumbo.py [line:219] run_bft INFO ACS Block Delay at Node 60: 14.827308654785156 
2023-03-09 02:28:42,630 dumbo.py [line:220] run_bft INFO Current Block's TPS at Node 60: 226.2042342335389 
2023-03-09 02:28:57,326 dumbo.py [line:217] run_bft INFO Node 60 Delivers ACS Block in Round 41 with having 3354 TXs 
2023-03-09 02:28:57,326 dumbo.py [line:219] run_bft INFO ACS Block Delay at Node 60: 14.696008920669556 
2023-03-09 02:28:57,326 dumbo.py [line:220] run_bft INFO Current Block's TPS at Node 60: 228.22522891114238 
2023-03-09 02:29:12,057 dumbo.py [line:217] run_bft INFO Node 60 Delivers ACS Block in Round 42 with having 3354 TXs 
2023-03-09 02:29:12,057 dumbo.py [line:219] run_bft INFO ACS Block Delay at Node 60: 14.73037338256836 
2023-03-09 02:29:12,057 dumbo.py [line:220] run_bft INFO Current Block's TPS at Node 60: 227.6928026800094 
2023-03-09 02:29:26,789 dumbo.py [line:217] run_bft INFO Node 60 Delivers ACS Block in Round 43 with having 3354 TXs 
2023-03-09 02:29:26,790 dumbo.py [line:219] run_bft INFO ACS Block Delay at Node 60: 14.732830047607422 
2023-03-09 02:29:26,790 dumbo.py [line:220] run_bft INFO Current Block's TPS at Node 60: 227.65483543636492 
2023-03-09 02:29:41,606 dumbo.py [line:217] run_bft INFO Node 60 Delivers ACS Block in Round 44 with having 3354 TXs 
2023-03-09 02:29:41,606 dumbo.py [line:219] run_bft INFO ACS Block Delay at Node 60: 14.816445589065552 
2023-03-09 02:29:41,606 dumbo.py [line:220] run_bft INFO Current Block's TPS at Node 60: 226.37008180121364 
2023-03-09 02:29:56,312 dumbo.py [line:217] run_bft INFO Node 60 Delivers ACS Block in Round 45 with having 3354 TXs 
2023-03-09 02:29:56,312 dumbo.py [line:219] run_bft INFO ACS Block Delay at Node 60: 14.706156015396118 
2023-03-09 02:29:56,312 dumbo.py [line:220] run_bft INFO Current Block's TPS at Node 60: 228.0677558764263 
2023-03-09 02:30:11,019 dumbo.py [line:217] run_bft INFO Node 60 Delivers ACS Block in Round 46 with having 3354 TXs 
2023-03-09 02:30:11,020 dumbo.py [line:219] run_bft INFO ACS Block Delay at Node 60: 14.70710277557373 
2023-03-09 02:30:11,020 dumbo.py [line:220] run_bft INFO Current Block's TPS at Node 60: 228.053074162947 
2023-03-09 02:30:25,764 dumbo.py [line:217] run_bft INFO Node 60 Delivers ACS Block in Round 47 with having 3354 TXs 
2023-03-09 02:30:25,764 dumbo.py [line:219] run_bft INFO ACS Block Delay at Node 60: 14.744548082351685 
2023-03-09 02:30:25,764 dumbo.py [line:220] run_bft INFO Current Block's TPS at Node 60: 227.47390976428306 
2023-03-09 02:30:40,598 dumbo.py [line:217] run_bft INFO Node 60 Delivers ACS Block in Round 48 with having 3354 TXs 
2023-03-09 02:30:40,598 dumbo.py [line:219] run_bft INFO ACS Block Delay at Node 60: 14.834164142608643 
2023-03-09 02:30:40,598 dumbo.py [line:220] run_bft INFO Current Block's TPS at Node 60: 226.09969579385998 
2023-03-09 02:30:55,271 dumbo.py [line:217] run_bft INFO Node 60 Delivers ACS Block in Round 49 with having 3354 TXs 
2023-03-09 02:30:55,271 dumbo.py [line:219] run_bft INFO ACS Block Delay at Node 60: 14.672682285308838 
2023-03-09 02:30:55,271 dumbo.py [line:220] run_bft INFO Current Block's TPS at Node 60: 228.5880614588257 
2023-03-09 02:31:10,101 dumbo.py [line:217] run_bft INFO Node 60 Delivers ACS Block in Round 50 with having 3354 TXs 
2023-03-09 02:31:10,101 dumbo.py [line:219] run_bft INFO ACS Block Delay at Node 60: 14.830217599868774 
2023-03-09 02:31:10,101 dumbo.py [line:220] run_bft INFO Current Block's TPS at Node 60: 226.1598643050037 
2023-03-09 02:31:24,864 dumbo.py [line:217] run_bft INFO Node 60 Delivers ACS Block in Round 51 with having 3354 TXs 
2023-03-09 02:31:24,864 dumbo.py [line:219] run_bft INFO ACS Block Delay at Node 60: 14.762696504592896 
2023-03-09 02:31:24,864 dumbo.py [line:220] run_bft INFO Current Block's TPS at Node 60: 227.19426623425608 
2023-03-09 02:31:39,518 dumbo.py [line:217] run_bft INFO Node 60 Delivers ACS Block in Round 52 with having 3354 TXs 
2023-03-09 02:31:39,518 dumbo.py [line:219] run_bft INFO ACS Block Delay at Node 60: 14.653850317001343 
2023-03-09 02:31:39,518 dumbo.py [line:220] run_bft INFO Current Block's TPS at Node 60: 228.8818247384922 
2023-03-09 02:31:54,300 dumbo.py [line:217] run_bft INFO Node 60 Delivers ACS Block in Round 53 with having 3354 TXs 
2023-03-09 02:31:54,300 dumbo.py [line:219] run_bft INFO ACS Block Delay at Node 60: 14.782081842422485 
2023-03-09 02:31:54,300 dumbo.py [line:220] run_bft INFO Current Block's TPS at Node 60: 226.89632189523496 
2023-03-09 02:32:09,166 dumbo.py [line:217] run_bft INFO Node 60 Delivers ACS Block in Round 54 with having 3354 TXs 
2023-03-09 02:32:09,166 dumbo.py [line:219] run_bft INFO ACS Block Delay at Node 60: 14.8657865524292 
2023-03-09 02:32:09,166 dumbo.py [line:220] run_bft INFO Current Block's TPS at Node 60: 225.61873791009916 
2023-03-09 02:32:23,873 dumbo.py [line:217] run_bft INFO Node 60 Delivers ACS Block in Round 55 with having 3354 TXs 
2023-03-09 02:32:23,874 dumbo.py [line:219] run_bft INFO ACS Block Delay at Node 60: 14.707365274429321 
2023-03-09 02:32:23,874 dumbo.py [line:220] run_bft INFO Current Block's TPS at Node 60: 228.0490038437658 
2023-03-09 02:32:38,631 dumbo.py [line:217] run_bft INFO Node 60 Delivers ACS Block in Round 56 with having 3354 TXs 
2023-03-09 02:32:38,632 dumbo.py [line:219] run_bft INFO ACS Block Delay at Node 60: 14.757884502410889 
2023-03-09 02:32:38,632 dumbo.py [line:220] run_bft INFO Current Block's TPS at Node 60: 227.26834591042376 
2023-03-09 02:32:53,401 dumbo.py [line:217] run_bft INFO Node 60 Delivers ACS Block in Round 57 with having 3354 TXs 
2023-03-09 02:32:53,402 dumbo.py [line:219] run_bft INFO ACS Block Delay at Node 60: 14.770111560821533 
2023-03-09 02:32:53,402 dumbo.py [line:220] run_bft INFO Current Block's TPS at Node 60: 227.08020763341113 
2023-03-09 02:33:08,263 dumbo.py [line:217] run_bft INFO Node 60 Delivers ACS Block in Round 58 with having 3354 TXs 
2023-03-09 02:33:08,263 dumbo.py [line:219] run_bft INFO ACS Block Delay at Node 60: 14.861289501190186 
2023-03-09 02:33:08,263 dumbo.py [line:220] run_bft INFO Current Block's TPS at Node 60: 225.68701052027757 
2023-03-09 02:33:23,132 dumbo.py [line:217] run_bft INFO Node 60 Delivers ACS Block in Round 59 with having 3354 TXs 
2023-03-09 02:33:23,132 dumbo.py [line:219] run_bft INFO ACS Block Delay at Node 60: 14.868627071380615 
2023-03-09 02:33:23,132 dumbo.py [line:220] run_bft INFO Current Block's TPS at Node 60: 225.5756354570111 
2023-03-09 02:33:37,754 dumbo.py [line:217] run_bft INFO Node 60 Delivers ACS Block in Round 60 with having 3354 TXs 
2023-03-09 02:33:37,754 dumbo.py [line:219] run_bft INFO ACS Block Delay at Node 60: 14.622331857681274 
2023-03-09 02:33:37,754 dumbo.py [line:220] run_bft INFO Current Block's TPS at Node 60: 229.37517987174573 
2023-03-09 02:33:52,558 dumbo.py [line:217] run_bft INFO Node 60 Delivers ACS Block in Round 61 with having 3354 TXs 
2023-03-09 02:33:52,559 dumbo.py [line:219] run_bft INFO ACS Block Delay at Node 60: 14.80443286895752 
2023-03-09 02:33:52,559 dumbo.py [line:220] run_bft INFO Current Block's TPS at Node 60: 226.5537646519909 
2023-03-09 02:34:07,344 dumbo.py [line:217] run_bft INFO Node 60 Delivers ACS Block in Round 62 with having 3354 TXs 
2023-03-09 02:34:07,344 dumbo.py [line:219] run_bft INFO ACS Block Delay at Node 60: 14.785254716873169 
2023-03-09 02:34:07,344 dumbo.py [line:220] run_bft INFO Current Block's TPS at Node 60: 226.84763057699382 
2023-03-09 02:34:22,127 dumbo.py [line:217] run_bft INFO Node 60 Delivers ACS Block in Round 63 with having 3354 TXs 
2023-03-09 02:34:22,128 dumbo.py [line:219] run_bft INFO ACS Block Delay at Node 60: 14.783605575561523 
2023-03-09 02:34:22,128 dumbo.py [line:220] run_bft INFO Current Block's TPS at Node 60: 226.87293589220405 
2023-03-09 02:34:36,836 dumbo.py [line:217] run_bft INFO Node 60 Delivers ACS Block in Round 64 with having 3354 TXs 
2023-03-09 02:34:36,836 dumbo.py [line:219] run_bft INFO ACS Block Delay at Node 60: 14.708134174346924 
2023-03-09 02:34:36,836 dumbo.py [line:220] run_bft INFO Current Block's TPS at Node 60: 228.0370820827738 
2023-03-09 02:34:51,590 dumbo.py [line:217] run_bft INFO Node 60 Delivers ACS Block in Round 65 with having 3354 TXs 
2023-03-09 02:34:51,590 dumbo.py [line:219] run_bft INFO ACS Block Delay at Node 60: 14.754013061523438 
2023-03-09 02:34:51,590 dumbo.py [line:220] run_bft INFO Current Block's TPS at Node 60: 227.32798093738978 
2023-03-09 02:35:06,377 dumbo.py [line:217] run_bft INFO Node 60 Delivers ACS Block in Round 66 with having 3354 TXs 
2023-03-09 02:35:06,377 dumbo.py [line:219] run_bft INFO ACS Block Delay at Node 60: 14.787107944488525 
2023-03-09 02:35:06,377 dumbo.py [line:220] run_bft INFO Current Block's TPS at Node 60: 226.81920038665223 
2023-03-09 02:35:21,268 dumbo.py [line:217] run_bft INFO Node 60 Delivers ACS Block in Round 67 with having 3354 TXs 
2023-03-09 02:35:21,268 dumbo.py [line:219] run_bft INFO ACS Block Delay at Node 60: 14.89054822921753 
2023-03-09 02:35:21,268 dumbo.py [line:220] run_bft INFO Current Block's TPS at Node 60: 225.24355372080524 
2023-03-09 02:35:35,907 dumbo.py [line:217] run_bft INFO Node 60 Delivers ACS Block in Round 68 with having 3354 TXs 
2023-03-09 02:35:35,908 dumbo.py [line:219] run_bft INFO ACS Block Delay at Node 60: 14.639786958694458 
2023-03-09 02:35:35,908 dumbo.py [line:220] run_bft INFO Current Block's TPS at Node 60: 229.10169454399642 
2023-03-09 02:35:50,632 dumbo.py [line:217] run_bft INFO Node 60 Delivers ACS Block in Round 69 with having 3354 TXs 
2023-03-09 02:35:50,632 dumbo.py [line:219] run_bft INFO ACS Block Delay at Node 60: 14.724112033843994 
2023-03-09 02:35:50,632 dumbo.py [line:220] run_bft INFO Current Block's TPS at Node 60: 227.7896278085014 
2023-03-09 02:36:05,490 dumbo.py [line:217] run_bft INFO Node 60 Delivers ACS Block in Round 70 with having 3354 TXs 
2023-03-09 02:36:05,490 dumbo.py [line:219] run_bft INFO ACS Block Delay at Node 60: 14.857876539230347 
2023-03-09 02:36:05,490 dumbo.py [line:220] run_bft INFO Current Block's TPS at Node 60: 225.73885246281233 
2023-03-09 02:36:20,214 dumbo.py [line:217] run_bft INFO Node 60 Delivers ACS Block in Round 71 with having 3354 TXs 
2023-03-09 02:36:20,214 dumbo.py [line:219] run_bft INFO ACS Block Delay at Node 60: 14.724461793899536 
2023-03-09 02:36:20,214 dumbo.py [line:220] run_bft INFO Current Block's TPS at Node 60: 227.78421696809247 
2023-03-09 02:36:34,861 dumbo.py [line:217] run_bft INFO Node 60 Delivers ACS Block in Round 72 with having 3354 TXs 
2023-03-09 02:36:34,861 dumbo.py [line:219] run_bft INFO ACS Block Delay at Node 60: 14.646337032318115 
2023-03-09 02:36:34,861 dumbo.py [line:220] run_bft INFO Current Block's TPS at Node 60: 228.99923664184269 
2023-03-09 02:36:49,735 dumbo.py [line:217] run_bft INFO Node 60 Delivers ACS Block in Round 73 with having 3354 TXs 
2023-03-09 02:36:49,735 dumbo.py [line:219] run_bft INFO ACS Block Delay at Node 60: 14.874329328536987 
2023-03-09 02:36:49,735 dumbo.py [line:220] run_bft INFO Current Block's TPS at Node 60: 225.48915826175897 
2023-03-09 02:37:04,348 dumbo.py [line:217] run_bft INFO Node 60 Delivers ACS Block in Round 74 with having 3354 TXs 
2023-03-09 02:37:04,348 dumbo.py [line:219] run_bft INFO ACS Block Delay at Node 60: 14.612443685531616 
2023-03-09 02:37:04,348 dumbo.py [line:220] run_bft INFO Current Block's TPS at Node 60: 229.53039698082353 
2023-03-09 02:37:19,167 dumbo.py [line:217] run_bft INFO Node 60 Delivers ACS Block in Round 75 with having 3354 TXs 
2023-03-09 02:37:19,167 dumbo.py [line:219] run_bft INFO ACS Block Delay at Node 60: 14.819043397903442 
2023-03-09 02:37:19,167 dumbo.py [line:220] run_bft INFO Current Block's TPS at Node 60: 226.33039865950556 
2023-03-09 02:37:33,931 dumbo.py [line:217] run_bft INFO Node 60 Delivers ACS Block in Round 76 with having 3354 TXs 
2023-03-09 02:37:33,932 dumbo.py [line:219] run_bft INFO ACS Block Delay at Node 60: 14.764613628387451 
2023-03-09 02:37:33,932 dumbo.py [line:220] run_bft INFO Current Block's TPS at Node 60: 227.16476600182557 
2023-03-09 02:37:48,666 dumbo.py [line:217] run_bft INFO Node 60 Delivers ACS Block in Round 77 with having 3354 TXs 
2023-03-09 02:37:48,666 dumbo.py [line:219] run_bft INFO ACS Block Delay at Node 60: 14.734158039093018 
2023-03-09 02:37:48,666 dumbo.py [line:220] run_bft INFO Current Block's TPS at Node 60: 227.63431687790288 
2023-03-09 02:38:03,440 dumbo.py [line:217] run_bft INFO Node 60 Delivers ACS Block in Round 78 with having 3354 TXs 
2023-03-09 02:38:03,440 dumbo.py [line:219] run_bft INFO ACS Block Delay at Node 60: 14.773903608322144 
2023-03-09 02:38:03,440 dumbo.py [line:220] run_bft INFO Current Block's TPS at Node 60: 227.02192250061054 
2023-03-09 02:38:18,254 dumbo.py [line:217] run_bft INFO Node 60 Delivers ACS Block in Round 79 with having 3354 TXs 
2023-03-09 02:38:18,254 dumbo.py [line:219] run_bft INFO ACS Block Delay at Node 60: 14.81422734260559 
2023-03-09 02:38:18,254 dumbo.py [line:220] run_bft INFO Current Block's TPS at Node 60: 226.4039779080428 
2023-03-09 02:38:33,092 dumbo.py [line:217] run_bft INFO Node 60 Delivers ACS Block in Round 80 with having 3354 TXs 
2023-03-09 02:38:33,092 dumbo.py [line:219] run_bft INFO ACS Block Delay at Node 60: 14.838027477264404 
2023-03-09 02:38:33,092 dumbo.py [line:220] run_bft INFO Current Block's TPS at Node 60: 226.04082686456624 
2023-03-09 02:38:47,833 dumbo.py [line:217] run_bft INFO Node 60 Delivers ACS Block in Round 81 with having 3354 TXs 
2023-03-09 02:38:47,834 dumbo.py [line:219] run_bft INFO ACS Block Delay at Node 60: 14.741434097290039 
2023-03-09 02:38:47,834 dumbo.py [line:220] run_bft INFO Current Block's TPS at Node 60: 227.52196142277472 
2023-03-09 02:39:02,649 dumbo.py [line:217] run_bft INFO Node 60 Delivers ACS Block in Round 82 with having 3354 TXs 
2023-03-09 02:39:02,649 dumbo.py [line:219] run_bft INFO ACS Block Delay at Node 60: 14.815080881118774 
2023-03-09 02:39:02,649 dumbo.py [line:220] run_bft INFO Current Block's TPS at Node 60: 226.39093413756103 
2023-03-09 02:39:17,334 dumbo.py [line:217] run_bft INFO Node 60 Delivers ACS Block in Round 83 with having 3354 TXs 
2023-03-09 02:39:17,334 dumbo.py [line:219] run_bft INFO ACS Block Delay at Node 60: 14.685555219650269 
2023-03-09 02:39:17,334 dumbo.py [line:220] run_bft INFO Current Block's TPS at Node 60: 228.38768775402653 
2023-03-09 02:39:32,137 dumbo.py [line:217] run_bft INFO Node 60 Delivers ACS Block in Round 84 with having 3354 TXs 
2023-03-09 02:39:32,137 dumbo.py [line:219] run_bft INFO ACS Block Delay at Node 60: 14.80280876159668 
2023-03-09 02:39:32,137 dumbo.py [line:220] run_bft INFO Current Block's TPS at Node 60: 226.5786212614846 
2023-03-09 02:39:46,942 dumbo.py [line:217] run_bft INFO Node 60 Delivers ACS Block in Round 85 with having 3354 TXs 
2023-03-09 02:39:46,943 dumbo.py [line:219] run_bft INFO ACS Block Delay at Node 60: 14.805249452590942 
2023-03-09 02:39:46,943 dumbo.py [line:220] run_bft INFO Current Block's TPS at Node 60: 226.54126907757333 
2023-03-09 02:40:01,711 dumbo.py [line:217] run_bft INFO Node 60 Delivers ACS Block in Round 86 with having 3354 TXs 
2023-03-09 02:40:01,711 dumbo.py [line:219] run_bft INFO ACS Block Delay at Node 60: 14.768014907836914 
2023-03-09 02:40:01,711 dumbo.py [line:220] run_bft INFO Current Block's TPS at Node 60: 227.11244679338313 
2023-03-09 02:40:16,560 dumbo.py [line:217] run_bft INFO Node 60 Delivers ACS Block in Round 87 with having 3354 TXs 
2023-03-09 02:40:16,560 dumbo.py [line:219] run_bft INFO ACS Block Delay at Node 60: 14.849398612976074 
2023-03-09 02:40:16,560 dumbo.py [line:220] run_bft INFO Current Block's TPS at Node 60: 225.86773292415515 
2023-03-09 02:40:31,292 dumbo.py [line:217] run_bft INFO Node 60 Delivers ACS Block in Round 88 with having 3354 TXs 
2023-03-09 02:40:31,292 dumbo.py [line:219] run_bft INFO ACS Block Delay at Node 60: 14.731563806533813 
2023-03-09 02:40:31,292 dumbo.py [line:220] run_bft INFO Current Block's TPS at Node 60: 227.67440334558495 
2023-03-09 02:40:46,074 dumbo.py [line:217] run_bft INFO Node 60 Delivers ACS Block in Round 89 with having 3354 TXs 
2023-03-09 02:40:46,074 dumbo.py [line:219] run_bft INFO ACS Block Delay at Node 60: 14.782078742980957 
2023-03-09 02:40:46,074 dumbo.py [line:220] run_bft INFO Current Block's TPS at Node 60: 226.89636946986198 
2023-03-09 02:41:00,715 dumbo.py [line:217] run_bft INFO Node 60 Delivers ACS Block in Round 90 with having 3354 TXs 
2023-03-09 02:41:00,715 dumbo.py [line:219] run_bft INFO ACS Block Delay at Node 60: 14.641222476959229 
2023-03-09 02:41:00,715 dumbo.py [line:220] run_bft INFO Current Block's TPS at Node 60: 229.07923196154982 
2023-03-09 02:41:15,542 dumbo.py [line:217] run_bft INFO Node 60 Delivers ACS Block in Round 91 with having 3354 TXs 
2023-03-09 02:41:15,542 dumbo.py [line:219] run_bft INFO ACS Block Delay at Node 60: 14.826746940612793 
2023-03-09 02:41:15,542 dumbo.py [line:220] run_bft INFO Current Block's TPS at Node 60: 226.21280402465536 
2023-03-09 02:41:30,397 dumbo.py [line:217] run_bft INFO Node 60 Delivers ACS Block in Round 92 with having 3354 TXs 
2023-03-09 02:41:30,397 dumbo.py [line:219] run_bft INFO ACS Block Delay at Node 60: 14.854745626449585 
2023-03-09 02:41:30,397 dumbo.py [line:220] run_bft INFO Current Block's TPS at Node 60: 225.78643110710982 
2023-03-09 02:41:45,118 dumbo.py [line:217] run_bft INFO Node 60 Delivers ACS Block in Round 93 with having 3354 TXs 
2023-03-09 02:41:45,118 dumbo.py [line:219] run_bft INFO ACS Block Delay at Node 60: 14.721366882324219 
2023-03-09 02:41:45,118 dumbo.py [line:220] run_bft INFO Current Block's TPS at Node 60: 227.8321046415269 
2023-03-09 02:41:59,749 dumbo.py [line:217] run_bft INFO Node 60 Delivers ACS Block in Round 94 with having 3354 TXs 
2023-03-09 02:41:59,749 dumbo.py [line:219] run_bft INFO ACS Block Delay at Node 60: 14.630274057388306 
2023-03-09 02:41:59,749 dumbo.py [line:220] run_bft INFO Current Block's TPS at Node 60: 229.25066111842423 
2023-03-09 02:42:14,546 dumbo.py [line:217] run_bft INFO Node 60 Delivers ACS Block in Round 95 with having 3354 TXs 
2023-03-09 02:42:14,546 dumbo.py [line:219] run_bft INFO ACS Block Delay at Node 60: 14.79736614227295 
2023-03-09 02:42:14,546 dumbo.py [line:220] run_bft INFO Current Block's TPS at Node 60: 226.6619591454408 
2023-03-09 02:42:29,264 dumbo.py [line:217] run_bft INFO Node 60 Delivers ACS Block in Round 96 with having 3354 TXs 
2023-03-09 02:42:29,264 dumbo.py [line:219] run_bft INFO ACS Block Delay at Node 60: 14.717741250991821 
2023-03-09 02:42:29,264 dumbo.py [line:220] run_bft INFO Current Block's TPS at Node 60: 227.88822977669727 
2023-03-09 02:42:44,068 dumbo.py [line:217] run_bft INFO Node 60 Delivers ACS Block in Round 97 with having 3354 TXs 
2023-03-09 02:42:44,068 dumbo.py [line:219] run_bft INFO ACS Block Delay at Node 60: 14.804011106491089 
2023-03-09 02:42:44,068 dumbo.py [line:220] run_bft INFO Current Block's TPS at Node 60: 226.56021911043942 
2023-03-09 02:42:58,783 dumbo.py [line:217] run_bft INFO Node 60 Delivers ACS Block in Round 98 with having 3354 TXs 
2023-03-09 02:42:58,783 dumbo.py [line:219] run_bft INFO ACS Block Delay at Node 60: 14.714613199234009 
2023-03-09 02:42:58,783 dumbo.py [line:220] run_bft INFO Current Block's TPS at Node 60: 227.9366745552372 
2023-03-09 02:43:13,584 dumbo.py [line:217] run_bft INFO Node 60 Delivers ACS Block in Round 99 with having 3354 TXs 
2023-03-09 02:43:13,584 dumbo.py [line:219] run_bft INFO ACS Block Delay at Node 60: 14.801313638687134 
2023-03-09 02:43:13,584 dumbo.py [line:220] run_bft INFO Current Block's TPS at Node 60: 226.6015086143055 
2023-03-09 02:43:13,584 dumbo.py [line:241] run_bft INFO node 60 breaks in 1475.383657 seconds with total delivered Txs 335400 
