2023-03-09 07:30:33,242 dumbo_node.py [line:77] run INFO node 38's starts to run consensus on process id 3962649 
2023-03-09 07:30:33,243 dumbo_node.py [line:59] prepare_bootstrap INFO node id 38 is inserting dummy payload TXs 
2023-03-09 07:30:33,243 dumbo_node.py [line:68] prepare_bootstrap INFO node id 38 just inserts 50000 TXs 
2023-03-09 07:30:33,244 dumbo_node.py [line:68] prepare_bootstrap INFO node id 38 just inserts 50000 TXs 
2023-03-09 07:30:33,244 dumbo_node.py [line:68] prepare_bootstrap INFO node id 38 just inserts 50000 TXs 
2023-03-09 07:30:33,244 dumbo_node.py [line:68] prepare_bootstrap INFO node id 38 just inserts 50000 TXs 
2023-03-09 07:30:33,245 dumbo_node.py [line:68] prepare_bootstrap INFO node id 38 just inserts 50000 TXs 
2023-03-09 07:30:33,245 dumbo_node.py [line:68] prepare_bootstrap INFO node id 38 just inserts 50000 TXs 
2023-03-09 07:30:33,245 dumbo_node.py [line:68] prepare_bootstrap INFO node id 38 just inserts 50000 TXs 
2023-03-09 07:30:33,246 dumbo_node.py [line:68] prepare_bootstrap INFO node id 38 just inserts 50000 TXs 
2023-03-09 07:30:33,246 dumbo_node.py [line:68] prepare_bootstrap INFO node id 38 just inserts 50000 TXs 
2023-03-09 07:30:33,246 dumbo_node.py [line:68] prepare_bootstrap INFO node id 38 just inserts 50000 TXs 
2023-03-09 07:30:33,247 dumbo_node.py [line:68] prepare_bootstrap INFO node id 38 just inserts 50000 TXs 
2023-03-09 07:30:33,247 dumbo_node.py [line:68] prepare_bootstrap INFO node id 38 just inserts 50000 TXs 
2023-03-09 07:30:33,247 dumbo_node.py [line:68] prepare_bootstrap INFO node id 38 just inserts 50000 TXs 
2023-03-09 07:30:33,247 dumbo_node.py [line:68] prepare_bootstrap INFO node id 38 just inserts 50000 TXs 
2023-03-09 07:30:33,248 dumbo_node.py [line:68] prepare_bootstrap INFO node id 38 just inserts 50000 TXs 
2023-03-09 07:30:33,248 dumbo_node.py [line:68] prepare_bootstrap INFO node id 38 just inserts 50000 TXs 
2023-03-09 07:30:33,248 dumbo_node.py [line:68] prepare_bootstrap INFO node id 38 just inserts 50000 TXs 
2023-03-09 07:30:33,249 dumbo_node.py [line:68] prepare_bootstrap INFO node id 38 just inserts 50000 TXs 
2023-03-09 07:30:33,249 dumbo_node.py [line:68] prepare_bootstrap INFO node id 38 just inserts 50000 TXs 
2023-03-09 07:30:33,249 dumbo_node.py [line:68] prepare_bootstrap INFO node id 38 just inserts 50000 TXs 
2023-03-09 07:30:33,249 dumbo_node.py [line:68] prepare_bootstrap INFO node id 38 just inserts 50000 TXs 
2023-03-09 07:30:33,250 dumbo_node.py [line:68] prepare_bootstrap INFO node id 38 just inserts 50000 TXs 
2023-03-09 07:30:33,250 dumbo_node.py [line:68] prepare_bootstrap INFO node id 38 just inserts 50000 TXs 
2023-03-09 07:30:33,250 dumbo_node.py [line:68] prepare_bootstrap INFO node id 38 just inserts 50000 TXs 
2023-03-09 07:30:33,251 dumbo_node.py [line:68] prepare_bootstrap INFO node id 38 just inserts 50000 TXs 
2023-03-09 07:30:33,251 dumbo_node.py [line:68] prepare_bootstrap INFO node id 38 just inserts 50000 TXs 
2023-03-09 07:30:33,251 dumbo_node.py [line:68] prepare_bootstrap INFO node id 38 just inserts 50000 TXs 
2023-03-09 07:30:33,251 dumbo_node.py [line:68] prepare_bootstrap INFO node id 38 just inserts 50000 TXs 
2023-03-09 07:30:33,251 dumbo_node.py [line:68] prepare_bootstrap INFO node id 38 just inserts 50000 TXs 
2023-03-09 07:30:33,251 dumbo_node.py [line:68] prepare_bootstrap INFO node id 38 just inserts 50000 TXs 
2023-03-09 07:30:33,251 dumbo_node.py [line:68] prepare_bootstrap INFO node id 38 just inserts 50000 TXs 
2023-03-09 07:30:33,251 dumbo_node.py [line:68] prepare_bootstrap INFO node id 38 just inserts 50000 TXs 
2023-03-09 07:30:33,252 dumbo_node.py [line:68] prepare_bootstrap INFO node id 38 just inserts 50000 TXs 
2023-03-09 07:30:33,252 dumbo_node.py [line:68] prepare_bootstrap INFO node id 38 just inserts 50000 TXs 
2023-03-09 07:30:33,252 dumbo_node.py [line:68] prepare_bootstrap INFO node id 38 just inserts 50000 TXs 
2023-03-09 07:30:33,252 dumbo_node.py [line:68] prepare_bootstrap INFO node id 38 just inserts 50000 TXs 
2023-03-09 07:30:33,252 dumbo_node.py [line:68] prepare_bootstrap INFO node id 38 just inserts 50000 TXs 
2023-03-09 07:30:33,252 dumbo_node.py [line:68] prepare_bootstrap INFO node id 38 just inserts 50000 TXs 
2023-03-09 07:30:33,252 dumbo_node.py [line:68] prepare_bootstrap INFO node id 38 just inserts 50000 TXs 
2023-03-09 07:30:33,252 dumbo_node.py [line:68] prepare_bootstrap INFO node id 38 just inserts 50000 TXs 
2023-03-09 07:30:33,252 dumbo_node.py [line:68] prepare_bootstrap INFO node id 38 just inserts 50000 TXs 
2023-03-09 07:30:33,252 dumbo_node.py [line:68] prepare_bootstrap INFO node id 38 just inserts 50000 TXs 
2023-03-09 07:30:33,253 dumbo_node.py [line:68] prepare_bootstrap INFO node id 38 just inserts 50000 TXs 
2023-03-09 07:30:33,253 dumbo_node.py [line:68] prepare_bootstrap INFO node id 38 just inserts 50000 TXs 
2023-03-09 07:30:33,253 dumbo_node.py [line:68] prepare_bootstrap INFO node id 38 just inserts 50000 TXs 
2023-03-09 07:30:33,253 dumbo_node.py [line:68] prepare_bootstrap INFO node id 38 just inserts 50000 TXs 
2023-03-09 07:30:33,253 dumbo_node.py [line:68] prepare_bootstrap INFO node id 38 just inserts 50000 TXs 
2023-03-09 07:30:33,253 dumbo_node.py [line:68] prepare_bootstrap INFO node id 38 just inserts 50000 TXs 
2023-03-09 07:30:33,253 dumbo_node.py [line:68] prepare_bootstrap INFO node id 38 just inserts 50000 TXs 
2023-03-09 07:30:33,253 dumbo_node.py [line:68] prepare_bootstrap INFO node id 38 just inserts 50000 TXs 
2023-03-09 07:30:33,253 dumbo_node.py [line:68] prepare_bootstrap INFO node id 38 just inserts 50000 TXs 
2023-03-09 07:30:33,253 dumbo_node.py [line:68] prepare_bootstrap INFO node id 38 just inserts 50000 TXs 
2023-03-09 07:30:33,253 dumbo_node.py [line:68] prepare_bootstrap INFO node id 38 just inserts 50000 TXs 
2023-03-09 07:30:33,254 dumbo_node.py [line:68] prepare_bootstrap INFO node id 38 just inserts 50000 TXs 
2023-03-09 07:30:33,254 dumbo_node.py [line:68] prepare_bootstrap INFO node id 38 just inserts 50000 TXs 
2023-03-09 07:30:33,254 dumbo_node.py [line:68] prepare_bootstrap INFO node id 38 just inserts 50000 TXs 
2023-03-09 07:30:33,254 dumbo_node.py [line:68] prepare_bootstrap INFO node id 38 just inserts 50000 TXs 
2023-03-09 07:30:33,254 dumbo_node.py [line:68] prepare_bootstrap INFO node id 38 just inserts 50000 TXs 
2023-03-09 07:30:33,254 dumbo_node.py [line:68] prepare_bootstrap INFO node id 38 just inserts 50000 TXs 
2023-03-09 07:30:33,254 dumbo_node.py [line:68] prepare_bootstrap INFO node id 38 just inserts 50000 TXs 
2023-03-09 07:30:33,254 dumbo_node.py [line:68] prepare_bootstrap INFO node id 38 just inserts 50000 TXs 
2023-03-09 07:30:33,254 dumbo_node.py [line:68] prepare_bootstrap INFO node id 38 just inserts 50000 TXs 
2023-03-09 07:30:33,254 dumbo_node.py [line:68] prepare_bootstrap INFO node id 38 just inserts 50000 TXs 
2023-03-09 07:30:33,255 dumbo_node.py [line:68] prepare_bootstrap INFO node id 38 just inserts 50000 TXs 
2023-03-09 07:30:33,255 dumbo_node.py [line:68] prepare_bootstrap INFO node id 38 just inserts 50000 TXs 
2023-03-09 07:30:33,255 dumbo_node.py [line:68] prepare_bootstrap INFO node id 38 just inserts 50000 TXs 
2023-03-09 07:30:33,255 dumbo_node.py [line:68] prepare_bootstrap INFO node id 38 just inserts 50000 TXs 
2023-03-09 07:30:33,255 dumbo_node.py [line:68] prepare_bootstrap INFO node id 38 just inserts 50000 TXs 
2023-03-09 07:30:33,255 dumbo_node.py [line:68] prepare_bootstrap INFO node id 38 just inserts 50000 TXs 
2023-03-09 07:30:33,255 dumbo_node.py [line:68] prepare_bootstrap INFO node id 38 just inserts 50000 TXs 
2023-03-09 07:30:33,255 dumbo_node.py [line:68] prepare_bootstrap INFO node id 38 just inserts 50000 TXs 
2023-03-09 07:30:33,255 dumbo_node.py [line:68] prepare_bootstrap INFO node id 38 just inserts 50000 TXs 
2023-03-09 07:30:33,255 dumbo_node.py [line:68] prepare_bootstrap INFO node id 38 just inserts 50000 TXs 
2023-03-09 07:30:33,255 dumbo_node.py [line:68] prepare_bootstrap INFO node id 38 just inserts 50000 TXs 
2023-03-09 07:30:33,256 dumbo_node.py [line:68] prepare_bootstrap INFO node id 38 just inserts 50000 TXs 
2023-03-09 07:30:33,256 dumbo_node.py [line:68] prepare_bootstrap INFO node id 38 just inserts 50000 TXs 
2023-03-09 07:30:33,256 dumbo_node.py [line:68] prepare_bootstrap INFO node id 38 just inserts 50000 TXs 
2023-03-09 07:30:33,256 dumbo_node.py [line:68] prepare_bootstrap INFO node id 38 just inserts 50000 TXs 
2023-03-09 07:30:33,256 dumbo_node.py [line:68] prepare_bootstrap INFO node id 38 just inserts 50000 TXs 
2023-03-09 07:30:33,256 dumbo_node.py [line:68] prepare_bootstrap INFO node id 38 just inserts 50000 TXs 
2023-03-09 07:30:33,256 dumbo_node.py [line:68] prepare_bootstrap INFO node id 38 just inserts 50000 TXs 
2023-03-09 07:30:33,256 dumbo_node.py [line:68] prepare_bootstrap INFO node id 38 just inserts 50000 TXs 
2023-03-09 07:30:33,256 dumbo_node.py [line:68] prepare_bootstrap INFO node id 38 just inserts 50000 TXs 
2023-03-09 07:30:33,256 dumbo_node.py [line:68] prepare_bootstrap INFO node id 38 just inserts 50000 TXs 
2023-03-09 07:30:33,256 dumbo_node.py [line:68] prepare_bootstrap INFO node id 38 just inserts 50000 TXs 
2023-03-09 07:30:33,257 dumbo_node.py [line:68] prepare_bootstrap INFO node id 38 just inserts 50000 TXs 
2023-03-09 07:30:33,257 dumbo_node.py [line:68] prepare_bootstrap INFO node id 38 just inserts 50000 TXs 
2023-03-09 07:30:33,257 dumbo_node.py [line:68] prepare_bootstrap INFO node id 38 just inserts 50000 TXs 
2023-03-09 07:30:33,257 dumbo_node.py [line:68] prepare_bootstrap INFO node id 38 just inserts 50000 TXs 
2023-03-09 07:30:33,257 dumbo_node.py [line:68] prepare_bootstrap INFO node id 38 just inserts 50000 TXs 
2023-03-09 07:30:33,257 dumbo_node.py [line:68] prepare_bootstrap INFO node id 38 just inserts 50000 TXs 
2023-03-09 07:30:33,257 dumbo_node.py [line:68] prepare_bootstrap INFO node id 38 just inserts 50000 TXs 
2023-03-09 07:30:33,257 dumbo_node.py [line:68] prepare_bootstrap INFO node id 38 just inserts 50000 TXs 
2023-03-09 07:30:33,257 dumbo_node.py [line:68] prepare_bootstrap INFO node id 38 just inserts 50000 TXs 
2023-03-09 07:30:33,257 dumbo_node.py [line:68] prepare_bootstrap INFO node id 38 just inserts 50000 TXs 
2023-03-09 07:30:33,257 dumbo_node.py [line:68] prepare_bootstrap INFO node id 38 just inserts 50000 TXs 
2023-03-09 07:30:33,258 dumbo_node.py [line:68] prepare_bootstrap INFO node id 38 just inserts 50000 TXs 
2023-03-09 07:30:33,258 dumbo_node.py [line:68] prepare_bootstrap INFO node id 38 just inserts 50000 TXs 
2023-03-09 07:30:33,258 dumbo_node.py [line:68] prepare_bootstrap INFO node id 38 just inserts 50000 TXs 
2023-03-09 07:30:33,258 dumbo_node.py [line:68] prepare_bootstrap INFO node id 38 just inserts 50000 TXs 
2023-03-09 07:30:33,258 dumbo_node.py [line:72] prepare_bootstrap INFO node id 38 completed the loading of dummy TXs 
2023-03-09 07:30:33,258 dumbo.py [line:179] run_bft INFO Node 38 starts to run at time:1678347033.2585306 
2023-03-09 07:30:36,492 dumbo.py [line:217] run_bft INFO Node 38 Delivers ACS Block in Round 0 with having 3366 TXs 
2023-03-09 07:30:36,492 dumbo.py [line:219] run_bft INFO ACS Block Delay at Node 38: 3.2341253757476807 
2023-03-09 07:30:36,492 dumbo.py [line:220] run_bft INFO Current Block's TPS at Node 38: 1040.7759777160252 
2023-03-09 07:30:39,582 dumbo.py [line:217] run_bft INFO Node 38 Delivers ACS Block in Round 1 with having 3366 TXs 
2023-03-09 07:30:39,582 dumbo.py [line:219] run_bft INFO ACS Block Delay at Node 38: 3.0897271633148193 
2023-03-09 07:30:39,582 dumbo.py [line:220] run_bft INFO Current Block's TPS at Node 38: 1089.4165801969327 
2023-03-09 07:30:42,801 dumbo.py [line:217] run_bft INFO Node 38 Delivers ACS Block in Round 2 with having 3366 TXs 
2023-03-09 07:30:42,801 dumbo.py [line:219] run_bft INFO ACS Block Delay at Node 38: 3.2192752361297607 
2023-03-09 07:30:42,801 dumbo.py [line:220] run_bft INFO Current Block's TPS at Node 38: 1045.576955403985 
2023-03-09 07:30:45,945 dumbo.py [line:217] run_bft INFO Node 38 Delivers ACS Block in Round 3 with having 3366 TXs 
2023-03-09 07:30:45,945 dumbo.py [line:219] run_bft INFO ACS Block Delay at Node 38: 3.143617868423462 
2023-03-09 07:30:45,945 dumbo.py [line:220] run_bft INFO Current Block's TPS at Node 38: 1070.7408282063443 
2023-03-09 07:30:49,075 dumbo.py [line:217] run_bft INFO Node 38 Delivers ACS Block in Round 4 with having 3366 TXs 
2023-03-09 07:30:49,075 dumbo.py [line:219] run_bft INFO ACS Block Delay at Node 38: 3.1302058696746826 
2023-03-09 07:30:49,075 dumbo.py [line:220] run_bft INFO Current Block's TPS at Node 38: 1075.3286333687129 
2023-03-09 07:30:52,220 dumbo.py [line:217] run_bft INFO Node 38 Delivers ACS Block in Round 5 with having 3366 TXs 
2023-03-09 07:30:52,220 dumbo.py [line:219] run_bft INFO ACS Block Delay at Node 38: 3.144500970840454 
2023-03-09 07:30:52,220 dumbo.py [line:220] run_bft INFO Current Block's TPS at Node 38: 1070.4401210918832 
2023-03-09 07:30:55,371 dumbo.py [line:217] run_bft INFO Node 38 Delivers ACS Block in Round 6 with having 3366 TXs 
2023-03-09 07:30:55,371 dumbo.py [line:219] run_bft INFO ACS Block Delay at Node 38: 3.151418685913086 
2023-03-09 07:30:55,371 dumbo.py [line:220] run_bft INFO Current Block's TPS at Node 38: 1068.0903857827896 
2023-03-09 07:30:58,487 dumbo.py [line:217] run_bft INFO Node 38 Delivers ACS Block in Round 7 with having 3366 TXs 
2023-03-09 07:30:58,488 dumbo.py [line:219] run_bft INFO ACS Block Delay at Node 38: 3.116150379180908 
2023-03-09 07:30:58,488 dumbo.py [line:220] run_bft INFO Current Block's TPS at Node 38: 1080.1789356792099 
2023-03-09 07:31:01,692 dumbo.py [line:217] run_bft INFO Node 38 Delivers ACS Block in Round 8 with having 3366 TXs 
2023-03-09 07:31:01,692 dumbo.py [line:219] run_bft INFO ACS Block Delay at Node 38: 3.2046549320220947 
2023-03-09 07:31:01,692 dumbo.py [line:220] run_bft INFO Current Block's TPS at Node 38: 1050.3470955221062 
2023-03-09 07:31:04,778 dumbo.py [line:217] run_bft INFO Node 38 Delivers ACS Block in Round 9 with having 3366 TXs 
2023-03-09 07:31:04,778 dumbo.py [line:219] run_bft INFO ACS Block Delay at Node 38: 3.0855541229248047 
2023-03-09 07:31:04,778 dumbo.py [line:220] run_bft INFO Current Block's TPS at Node 38: 1090.8899555485223 
2023-03-09 07:31:07,901 dumbo.py [line:217] run_bft INFO Node 38 Delivers ACS Block in Round 10 with having 3366 TXs 
2023-03-09 07:31:07,901 dumbo.py [line:219] run_bft INFO ACS Block Delay at Node 38: 3.122767448425293 
2023-03-09 07:31:07,901 dumbo.py [line:220] run_bft INFO Current Block's TPS at Node 38: 1077.8900624500109 
2023-03-09 07:31:11,041 dumbo.py [line:217] run_bft INFO Node 38 Delivers ACS Block in Round 11 with having 3366 TXs 
2023-03-09 07:31:11,041 dumbo.py [line:219] run_bft INFO ACS Block Delay at Node 38: 3.1404969692230225 
2023-03-09 07:31:11,041 dumbo.py [line:220] run_bft INFO Current Block's TPS at Node 38: 1071.8048872477557 
2023-03-09 07:31:14,131 dumbo.py [line:217] run_bft INFO Node 38 Delivers ACS Block in Round 12 with having 3366 TXs 
2023-03-09 07:31:14,132 dumbo.py [line:219] run_bft INFO ACS Block Delay at Node 38: 3.0901637077331543 
2023-03-09 07:31:14,132 dumbo.py [line:220] run_bft INFO Current Block's TPS at Node 38: 1089.26267937733 
2023-03-09 07:31:17,284 dumbo.py [line:217] run_bft INFO Node 38 Delivers ACS Block in Round 13 with having 3366 TXs 
2023-03-09 07:31:17,284 dumbo.py [line:219] run_bft INFO ACS Block Delay at Node 38: 3.152708053588867 
2023-03-09 07:31:17,284 dumbo.py [line:220] run_bft INFO Current Block's TPS at Node 38: 1067.6535672779257 
2023-03-09 07:31:20,417 dumbo.py [line:217] run_bft INFO Node 38 Delivers ACS Block in Round 14 with having 3366 TXs 
2023-03-09 07:31:20,417 dumbo.py [line:219] run_bft INFO ACS Block Delay at Node 38: 3.132392168045044 
2023-03-09 07:31:20,417 dumbo.py [line:220] run_bft INFO Current Block's TPS at Node 38: 1074.578092212749 
2023-03-09 07:31:23,605 dumbo.py [line:217] run_bft INFO Node 38 Delivers ACS Block in Round 15 with having 3366 TXs 
2023-03-09 07:31:23,605 dumbo.py [line:219] run_bft INFO ACS Block Delay at Node 38: 3.188476085662842 
2023-03-09 07:31:23,605 dumbo.py [line:220] run_bft INFO Current Block's TPS at Node 38: 1055.6767275550237 
2023-03-09 07:31:26,720 dumbo.py [line:217] run_bft INFO Node 38 Delivers ACS Block in Round 16 with having 3366 TXs 
2023-03-09 07:31:26,720 dumbo.py [line:219] run_bft INFO ACS Block Delay at Node 38: 3.11446213722229 
2023-03-09 07:31:26,720 dumbo.py [line:220] run_bft INFO Current Block's TPS at Node 38: 1080.7644632347499 
2023-03-09 07:31:29,840 dumbo.py [line:217] run_bft INFO Node 38 Delivers ACS Block in Round 17 with having 3366 TXs 
2023-03-09 07:31:29,840 dumbo.py [line:219] run_bft INFO ACS Block Delay at Node 38: 3.1203019618988037 
2023-03-09 07:31:29,840 dumbo.py [line:220] run_bft INFO Current Block's TPS at Node 38: 1078.7417503502388 
2023-03-09 07:31:33,058 dumbo.py [line:217] run_bft INFO Node 38 Delivers ACS Block in Round 18 with having 3366 TXs 
2023-03-09 07:31:33,058 dumbo.py [line:219] run_bft INFO ACS Block Delay at Node 38: 3.2176105976104736 
2023-03-09 07:31:33,058 dumbo.py [line:220] run_bft INFO Current Block's TPS at Node 38: 1046.117887136413 
2023-03-09 07:31:36,133 dumbo.py [line:217] run_bft INFO Node 38 Delivers ACS Block in Round 19 with having 3366 TXs 
2023-03-09 07:31:36,133 dumbo.py [line:219] run_bft INFO ACS Block Delay at Node 38: 3.074970006942749 
2023-03-09 07:31:36,133 dumbo.py [line:220] run_bft INFO Current Block's TPS at Node 38: 1094.6448233316603 
2023-03-09 07:31:39,319 dumbo.py [line:217] run_bft INFO Node 38 Delivers ACS Block in Round 20 with having 3366 TXs 
2023-03-09 07:31:39,319 dumbo.py [line:219] run_bft INFO ACS Block Delay at Node 38: 3.1858224868774414 
2023-03-09 07:31:39,319 dumbo.py [line:220] run_bft INFO Current Block's TPS at Node 38: 1056.5560428632539 
2023-03-09 07:31:42,535 dumbo.py [line:217] run_bft INFO Node 38 Delivers ACS Block in Round 21 with having 3366 TXs 
2023-03-09 07:31:42,535 dumbo.py [line:219] run_bft INFO ACS Block Delay at Node 38: 3.215725898742676 
2023-03-09 07:31:42,535 dumbo.py [line:220] run_bft INFO Current Block's TPS at Node 38: 1046.7310044416658 
2023-03-09 07:31:45,691 dumbo.py [line:217] run_bft INFO Node 38 Delivers ACS Block in Round 22 with having 3366 TXs 
2023-03-09 07:31:45,691 dumbo.py [line:219] run_bft INFO ACS Block Delay at Node 38: 3.156588554382324 
2023-03-09 07:31:45,691 dumbo.py [line:220] run_bft INFO Current Block's TPS at Node 38: 1066.3410647317173 
2023-03-09 07:31:48,761 dumbo.py [line:217] run_bft INFO Node 38 Delivers ACS Block in Round 23 with having 3366 TXs 
2023-03-09 07:31:48,761 dumbo.py [line:219] run_bft INFO ACS Block Delay at Node 38: 3.0692338943481445 
2023-03-09 07:31:48,761 dumbo.py [line:220] run_bft INFO Current Block's TPS at Node 38: 1096.6906126634196 
2023-03-09 07:31:51,894 dumbo.py [line:217] run_bft INFO Node 38 Delivers ACS Block in Round 24 with having 3366 TXs 
2023-03-09 07:31:51,894 dumbo.py [line:219] run_bft INFO ACS Block Delay at Node 38: 3.1330726146698 
2023-03-09 07:31:51,894 dumbo.py [line:220] run_bft INFO Current Block's TPS at Node 38: 1074.344713314201 
2023-03-09 07:31:55,082 dumbo.py [line:217] run_bft INFO Node 38 Delivers ACS Block in Round 25 with having 3366 TXs 
2023-03-09 07:31:55,082 dumbo.py [line:219] run_bft INFO ACS Block Delay at Node 38: 3.1878397464752197 
2023-03-09 07:31:55,082 dumbo.py [line:220] run_bft INFO Current Block's TPS at Node 38: 1055.8874559870117 
2023-03-09 07:31:58,225 dumbo.py [line:217] run_bft INFO Node 38 Delivers ACS Block in Round 26 with having 3366 TXs 
2023-03-09 07:31:58,225 dumbo.py [line:219] run_bft INFO ACS Block Delay at Node 38: 3.143657922744751 
2023-03-09 07:31:58,226 dumbo.py [line:220] run_bft INFO Current Block's TPS at Node 38: 1070.7271855651268 
2023-03-09 07:32:01,488 dumbo.py [line:217] run_bft INFO Node 38 Delivers ACS Block in Round 27 with having 3366 TXs 
2023-03-09 07:32:01,489 dumbo.py [line:219] run_bft INFO ACS Block Delay at Node 38: 3.2631471157073975 
2023-03-09 07:32:01,489 dumbo.py [line:220] run_bft INFO Current Block's TPS at Node 38: 1031.5195364001556 
2023-03-09 07:32:04,503 dumbo.py [line:217] run_bft INFO Node 38 Delivers ACS Block in Round 28 with having 3366 TXs 
2023-03-09 07:32:04,503 dumbo.py [line:219] run_bft INFO ACS Block Delay at Node 38: 3.0144622325897217 
2023-03-09 07:32:04,503 dumbo.py [line:220] run_bft INFO Current Block's TPS at Node 38: 1116.6170747172614 
2023-03-09 07:32:07,655 dumbo.py [line:217] run_bft INFO Node 38 Delivers ACS Block in Round 29 with having 3366 TXs 
2023-03-09 07:32:07,655 dumbo.py [line:219] run_bft INFO ACS Block Delay at Node 38: 3.15204119682312 
2023-03-09 07:32:07,655 dumbo.py [line:220] run_bft INFO Current Block's TPS at Node 38: 1067.8794437688584 
2023-03-09 07:32:10,804 dumbo.py [line:217] run_bft INFO Node 38 Delivers ACS Block in Round 30 with having 3366 TXs 
2023-03-09 07:32:10,805 dumbo.py [line:219] run_bft INFO ACS Block Delay at Node 38: 3.1491358280181885 
2023-03-09 07:32:10,805 dumbo.py [line:220] run_bft INFO Current Block's TPS at Node 38: 1068.8646612357425 
2023-03-09 07:32:13,936 dumbo.py [line:217] run_bft INFO Node 38 Delivers ACS Block in Round 31 with having 3366 TXs 
2023-03-09 07:32:13,936 dumbo.py [line:219] run_bft INFO ACS Block Delay at Node 38: 3.1313629150390625 
2023-03-09 07:32:13,936 dumbo.py [line:220] run_bft INFO Current Block's TPS at Node 38: 1074.9312971147615 
2023-03-09 07:32:17,106 dumbo.py [line:217] run_bft INFO Node 38 Delivers ACS Block in Round 32 with having 3366 TXs 
2023-03-09 07:32:17,106 dumbo.py [line:219] run_bft INFO ACS Block Delay at Node 38: 3.1700925827026367 
2023-03-09 07:32:17,106 dumbo.py [line:220] run_bft INFO Current Block's TPS at Node 38: 1061.7986422120025 
2023-03-09 07:32:20,236 dumbo.py [line:217] run_bft INFO Node 38 Delivers ACS Block in Round 33 with having 3366 TXs 
2023-03-09 07:32:20,236 dumbo.py [line:219] run_bft INFO ACS Block Delay at Node 38: 3.129715919494629 
2023-03-09 07:32:20,236 dumbo.py [line:220] run_bft INFO Current Block's TPS at Node 38: 1075.4969737136798 
2023-03-09 07:32:23,462 dumbo.py [line:217] run_bft INFO Node 38 Delivers ACS Block in Round 34 with having 3366 TXs 
2023-03-09 07:32:23,462 dumbo.py [line:219] run_bft INFO ACS Block Delay at Node 38: 3.225783348083496 
2023-03-09 07:32:23,462 dumbo.py [line:220] run_bft INFO Current Block's TPS at Node 38: 1043.4674734122518 
2023-03-09 07:32:26,566 dumbo.py [line:217] run_bft INFO Node 38 Delivers ACS Block in Round 35 with having 3366 TXs 
2023-03-09 07:32:26,567 dumbo.py [line:219] run_bft INFO ACS Block Delay at Node 38: 3.1046805381774902 
2023-03-09 07:32:26,567 dumbo.py [line:220] run_bft INFO Current Block's TPS at Node 38: 1084.1695171561546 
2023-03-09 07:32:29,710 dumbo.py [line:217] run_bft INFO Node 38 Delivers ACS Block in Round 36 with having 3366 TXs 
2023-03-09 07:32:29,710 dumbo.py [line:219] run_bft INFO ACS Block Delay at Node 38: 3.143705368041992 
2023-03-09 07:32:29,710 dumbo.py [line:220] run_bft INFO Current Block's TPS at Node 38: 1070.7110259815665 
2023-03-09 07:32:32,827 dumbo.py [line:217] run_bft INFO Node 38 Delivers ACS Block in Round 37 with having 3366 TXs 
2023-03-09 07:32:32,827 dumbo.py [line:219] run_bft INFO ACS Block Delay at Node 38: 3.1167755126953125 
2023-03-09 07:32:32,827 dumbo.py [line:220] run_bft INFO Current Block's TPS at Node 38: 1079.9622835489888 
2023-03-09 07:32:36,001 dumbo.py [line:217] run_bft INFO Node 38 Delivers ACS Block in Round 38 with having 3366 TXs 
2023-03-09 07:32:36,002 dumbo.py [line:219] run_bft INFO ACS Block Delay at Node 38: 3.174318313598633 
2023-03-09 07:32:36,002 dumbo.py [line:220] run_bft INFO Current Block's TPS at Node 38: 1060.385149649363 
2023-03-09 07:32:39,203 dumbo.py [line:217] run_bft INFO Node 38 Delivers ACS Block in Round 39 with having 3366 TXs 
2023-03-09 07:32:39,204 dumbo.py [line:219] run_bft INFO ACS Block Delay at Node 38: 3.201901912689209 
2023-03-09 07:32:39,204 dumbo.py [line:220] run_bft INFO Current Block's TPS at Node 38: 1051.2501918501835 
2023-03-09 07:32:42,331 dumbo.py [line:217] run_bft INFO Node 38 Delivers ACS Block in Round 40 with having 3366 TXs 
2023-03-09 07:32:42,331 dumbo.py [line:219] run_bft INFO ACS Block Delay at Node 38: 3.1273350715637207 
2023-03-09 07:32:42,331 dumbo.py [line:220] run_bft INFO Current Block's TPS at Node 38: 1076.3157522218887 
2023-03-09 07:32:45,516 dumbo.py [line:217] run_bft INFO Node 38 Delivers ACS Block in Round 41 with having 3366 TXs 
2023-03-09 07:32:45,516 dumbo.py [line:219] run_bft INFO ACS Block Delay at Node 38: 3.185333251953125 
2023-03-09 07:32:45,516 dumbo.py [line:220] run_bft INFO Current Block's TPS at Node 38: 1056.718319169932 
2023-03-09 07:32:48,698 dumbo.py [line:217] run_bft INFO Node 38 Delivers ACS Block in Round 42 with having 3366 TXs 
2023-03-09 07:32:48,698 dumbo.py [line:219] run_bft INFO ACS Block Delay at Node 38: 3.1820945739746094 
2023-03-09 07:32:48,699 dumbo.py [line:220] run_bft INFO Current Block's TPS at Node 38: 1057.7938278546142 
2023-03-09 07:32:51,882 dumbo.py [line:217] run_bft INFO Node 38 Delivers ACS Block in Round 43 with having 3366 TXs 
2023-03-09 07:32:51,882 dumbo.py [line:219] run_bft INFO ACS Block Delay at Node 38: 3.183940887451172 
2023-03-09 07:32:51,883 dumbo.py [line:220] run_bft INFO Current Block's TPS at Node 38: 1057.180431102341 
2023-03-09 07:32:54,948 dumbo.py [line:217] run_bft INFO Node 38 Delivers ACS Block in Round 44 with having 3366 TXs 
2023-03-09 07:32:54,948 dumbo.py [line:219] run_bft INFO ACS Block Delay at Node 38: 3.065864086151123 
2023-03-09 07:32:54,948 dumbo.py [line:220] run_bft INFO Current Block's TPS at Node 38: 1097.8960271607039 
2023-03-09 07:32:58,194 dumbo.py [line:217] run_bft INFO Node 38 Delivers ACS Block in Round 45 with having 3366 TXs 
2023-03-09 07:32:58,194 dumbo.py [line:219] run_bft INFO ACS Block Delay at Node 38: 3.2458975315093994 
2023-03-09 07:32:58,194 dumbo.py [line:220] run_bft INFO Current Block's TPS at Node 38: 1037.001312371913 
2023-03-09 07:33:01,266 dumbo.py [line:217] run_bft INFO Node 38 Delivers ACS Block in Round 46 with having 3366 TXs 
2023-03-09 07:33:01,266 dumbo.py [line:219] run_bft INFO ACS Block Delay at Node 38: 3.0716536045074463 
2023-03-09 07:33:01,266 dumbo.py [line:220] run_bft INFO Current Block's TPS at Node 38: 1095.826689266205 
2023-03-09 07:33:04,402 dumbo.py [line:217] run_bft INFO Node 38 Delivers ACS Block in Round 47 with having 3366 TXs 
2023-03-09 07:33:04,402 dumbo.py [line:219] run_bft INFO ACS Block Delay at Node 38: 3.1363015174865723 
2023-03-09 07:33:04,403 dumbo.py [line:220] run_bft INFO Current Block's TPS at Node 38: 1073.238647889157 
2023-03-09 07:33:07,617 dumbo.py [line:217] run_bft INFO Node 38 Delivers ACS Block in Round 48 with having 3366 TXs 
2023-03-09 07:33:07,617 dumbo.py [line:219] run_bft INFO ACS Block Delay at Node 38: 3.2146477699279785 
2023-03-09 07:33:07,617 dumbo.py [line:220] run_bft INFO Current Block's TPS at Node 38: 1047.0820571659124 
2023-03-09 07:33:10,742 dumbo.py [line:217] run_bft INFO Node 38 Delivers ACS Block in Round 49 with having 3366 TXs 
2023-03-09 07:33:10,742 dumbo.py [line:219] run_bft INFO ACS Block Delay at Node 38: 3.1247024536132812 
2023-03-09 07:33:10,742 dumbo.py [line:220] run_bft INFO Current Block's TPS at Node 38: 1077.222567578456 
2023-03-09 07:33:13,851 dumbo.py [line:217] run_bft INFO Node 38 Delivers ACS Block in Round 50 with having 3366 TXs 
2023-03-09 07:33:13,851 dumbo.py [line:219] run_bft INFO ACS Block Delay at Node 38: 3.1089653968811035 
2023-03-09 07:33:13,851 dumbo.py [line:220] run_bft INFO Current Block's TPS at Node 38: 1082.6752859252638 
2023-03-09 07:33:17,044 dumbo.py [line:217] run_bft INFO Node 38 Delivers ACS Block in Round 51 with having 3366 TXs 
2023-03-09 07:33:17,044 dumbo.py [line:219] run_bft INFO ACS Block Delay at Node 38: 3.1929407119750977 
2023-03-09 07:33:17,044 dumbo.py [line:220] run_bft INFO Current Block's TPS at Node 38: 1054.2005955124205 
2023-03-09 07:33:20,238 dumbo.py [line:217] run_bft INFO Node 38 Delivers ACS Block in Round 52 with having 3366 TXs 
2023-03-09 07:33:20,238 dumbo.py [line:219] run_bft INFO ACS Block Delay at Node 38: 3.1942121982574463 
2023-03-09 07:33:20,238 dumbo.py [line:220] run_bft INFO Current Block's TPS at Node 38: 1053.7809610257796 
2023-03-09 07:33:23,325 dumbo.py [line:217] run_bft INFO Node 38 Delivers ACS Block in Round 53 with having 3366 TXs 
2023-03-09 07:33:23,325 dumbo.py [line:219] run_bft INFO ACS Block Delay at Node 38: 3.087013006210327 
2023-03-09 07:33:23,325 dumbo.py [line:220] run_bft INFO Current Block's TPS at Node 38: 1090.3744147589978 
2023-03-09 07:33:26,562 dumbo.py [line:217] run_bft INFO Node 38 Delivers ACS Block in Round 54 with having 3366 TXs 
2023-03-09 07:33:26,563 dumbo.py [line:219] run_bft INFO ACS Block Delay at Node 38: 3.2371604442596436 
2023-03-09 07:33:26,563 dumbo.py [line:220] run_bft INFO Current Block's TPS at Node 38: 1039.8001760984148 
2023-03-09 07:33:29,651 dumbo.py [line:217] run_bft INFO Node 38 Delivers ACS Block in Round 55 with having 3366 TXs 
2023-03-09 07:33:29,651 dumbo.py [line:219] run_bft INFO ACS Block Delay at Node 38: 3.088338613510132 
2023-03-09 07:33:29,651 dumbo.py [line:220] run_bft INFO Current Block's TPS at Node 38: 1089.9063934489634 
2023-03-09 07:33:32,825 dumbo.py [line:217] run_bft INFO Node 38 Delivers ACS Block in Round 56 with having 3366 TXs 
2023-03-09 07:33:32,825 dumbo.py [line:219] run_bft INFO ACS Block Delay at Node 38: 3.1738688945770264 
2023-03-09 07:33:32,825 dumbo.py [line:220] run_bft INFO Current Block's TPS at Node 38: 1060.535299914642 
2023-03-09 07:33:35,916 dumbo.py [line:217] run_bft INFO Node 38 Delivers ACS Block in Round 57 with having 3366 TXs 
2023-03-09 07:33:35,916 dumbo.py [line:219] run_bft INFO ACS Block Delay at Node 38: 3.091064929962158 
2023-03-09 07:33:35,916 dumbo.py [line:220] run_bft INFO Current Block's TPS at Node 38: 1088.9450970029309 
2023-03-09 07:33:39,073 dumbo.py [line:217] run_bft INFO Node 38 Delivers ACS Block in Round 58 with having 3366 TXs 
2023-03-09 07:33:39,073 dumbo.py [line:219] run_bft INFO ACS Block Delay at Node 38: 3.156860113143921 
2023-03-09 07:33:39,073 dumbo.py [line:220] run_bft INFO Current Block's TPS at Node 38: 1066.2493361632664 
2023-03-09 07:33:42,277 dumbo.py [line:217] run_bft INFO Node 38 Delivers ACS Block in Round 59 with having 3366 TXs 
2023-03-09 07:33:42,277 dumbo.py [line:219] run_bft INFO ACS Block Delay at Node 38: 3.2042107582092285 
2023-03-09 07:33:42,277 dumbo.py [line:220] run_bft INFO Current Block's TPS at Node 38: 1050.4926966418377 
2023-03-09 07:33:45,410 dumbo.py [line:217] run_bft INFO Node 38 Delivers ACS Block in Round 60 with having 3366 TXs 
2023-03-09 07:33:45,410 dumbo.py [line:219] run_bft INFO ACS Block Delay at Node 38: 3.1329565048217773 
2023-03-09 07:33:45,411 dumbo.py [line:220] run_bft INFO Current Block's TPS at Node 38: 1074.384529379695 
2023-03-09 07:33:48,512 dumbo.py [line:217] run_bft INFO Node 38 Delivers ACS Block in Round 61 with having 3366 TXs 
2023-03-09 07:33:48,512 dumbo.py [line:219] run_bft INFO ACS Block Delay at Node 38: 3.101297378540039 
2023-03-09 07:33:48,512 dumbo.py [line:220] run_bft INFO Current Block's TPS at Node 38: 1085.3522217158588 
2023-03-09 07:33:51,689 dumbo.py [line:217] run_bft INFO Node 38 Delivers ACS Block in Round 62 with having 3366 TXs 
2023-03-09 07:33:51,689 dumbo.py [line:219] run_bft INFO ACS Block Delay at Node 38: 3.1775765419006348 
2023-03-09 07:33:51,690 dumbo.py [line:220] run_bft INFO Current Block's TPS at Node 38: 1059.297850300299 
2023-03-09 07:33:54,829 dumbo.py [line:217] run_bft INFO Node 38 Delivers ACS Block in Round 63 with having 3366 TXs 
2023-03-09 07:33:54,829 dumbo.py [line:219] run_bft INFO ACS Block Delay at Node 38: 3.1397628784179688 
2023-03-09 07:33:54,829 dumbo.py [line:220] run_bft INFO Current Block's TPS at Node 38: 1072.0554800928232 
2023-03-09 07:33:57,953 dumbo.py [line:217] run_bft INFO Node 38 Delivers ACS Block in Round 64 with having 3366 TXs 
2023-03-09 07:33:57,953 dumbo.py [line:219] run_bft INFO ACS Block Delay at Node 38: 3.123713493347168 
2023-03-09 07:33:57,953 dumbo.py [line:220] run_bft INFO Current Block's TPS at Node 38: 1077.5636136825128 
2023-03-09 07:34:01,138 dumbo.py [line:217] run_bft INFO Node 38 Delivers ACS Block in Round 65 with having 3366 TXs 
2023-03-09 07:34:01,138 dumbo.py [line:219] run_bft INFO ACS Block Delay at Node 38: 3.184669256210327 
2023-03-09 07:34:01,138 dumbo.py [line:220] run_bft INFO Current Block's TPS at Node 38: 1056.9386423522835 
2023-03-09 07:34:04,363 dumbo.py [line:217] run_bft INFO Node 38 Delivers ACS Block in Round 66 with having 3366 TXs 
2023-03-09 07:34:04,363 dumbo.py [line:219] run_bft INFO ACS Block Delay at Node 38: 3.225391387939453 
2023-03-09 07:34:04,363 dumbo.py [line:220] run_bft INFO Current Block's TPS at Node 38: 1043.5942790032607 
2023-03-09 07:34:07,454 dumbo.py [line:217] run_bft INFO Node 38 Delivers ACS Block in Round 67 with having 3366 TXs 
2023-03-09 07:34:07,454 dumbo.py [line:219] run_bft INFO ACS Block Delay at Node 38: 3.0909628868103027 
2023-03-09 07:34:07,454 dumbo.py [line:220] run_bft INFO Current Block's TPS at Node 38: 1088.9810467680898 
2023-03-09 07:34:10,613 dumbo.py [line:217] run_bft INFO Node 38 Delivers ACS Block in Round 68 with having 3366 TXs 
2023-03-09 07:34:10,613 dumbo.py [line:219] run_bft INFO ACS Block Delay at Node 38: 3.1584649085998535 
2023-03-09 07:34:10,613 dumbo.py [line:220] run_bft INFO Current Block's TPS at Node 38: 1065.7075818176959 
2023-03-09 07:34:13,810 dumbo.py [line:217] run_bft INFO Node 38 Delivers ACS Block in Round 69 with having 3366 TXs 
2023-03-09 07:34:13,810 dumbo.py [line:219] run_bft INFO ACS Block Delay at Node 38: 3.1970973014831543 
2023-03-09 07:34:13,810 dumbo.py [line:220] run_bft INFO Current Block's TPS at Node 38: 1052.830015038482 
2023-03-09 07:34:16,989 dumbo.py [line:217] run_bft INFO Node 38 Delivers ACS Block in Round 70 with having 3366 TXs 
2023-03-09 07:34:16,990 dumbo.py [line:219] run_bft INFO ACS Block Delay at Node 38: 3.179441452026367 
2023-03-09 07:34:16,990 dumbo.py [line:220] run_bft INFO Current Block's TPS at Node 38: 1058.6765162336085 
2023-03-09 07:34:20,111 dumbo.py [line:217] run_bft INFO Node 38 Delivers ACS Block in Round 71 with having 3366 TXs 
2023-03-09 07:34:20,111 dumbo.py [line:219] run_bft INFO ACS Block Delay at Node 38: 3.1217548847198486 
2023-03-09 07:34:20,111 dumbo.py [line:220] run_bft INFO Current Block's TPS at Node 38: 1078.2396838636068 
2023-03-09 07:34:23,273 dumbo.py [line:217] run_bft INFO Node 38 Delivers ACS Block in Round 72 with having 3366 TXs 
2023-03-09 07:34:23,273 dumbo.py [line:219] run_bft INFO ACS Block Delay at Node 38: 3.1618857383728027 
2023-03-09 07:34:23,273 dumbo.py [line:220] run_bft INFO Current Block's TPS at Node 38: 1064.554597640913 
2023-03-09 07:34:26,425 dumbo.py [line:217] run_bft INFO Node 38 Delivers ACS Block in Round 73 with having 3366 TXs 
2023-03-09 07:34:26,425 dumbo.py [line:219] run_bft INFO ACS Block Delay at Node 38: 3.1519174575805664 
2023-03-09 07:34:26,425 dumbo.py [line:220] run_bft INFO Current Block's TPS at Node 38: 1067.9213670093268 
2023-03-09 07:34:29,566 dumbo.py [line:217] run_bft INFO Node 38 Delivers ACS Block in Round 74 with having 3366 TXs 
2023-03-09 07:34:29,566 dumbo.py [line:219] run_bft INFO ACS Block Delay at Node 38: 3.1408023834228516 
2023-03-09 07:34:29,566 dumbo.py [line:220] run_bft INFO Current Block's TPS at Node 38: 1071.7006640614325 
2023-03-09 07:34:32,729 dumbo.py [line:217] run_bft INFO Node 38 Delivers ACS Block in Round 75 with having 3366 TXs 
2023-03-09 07:34:32,729 dumbo.py [line:219] run_bft INFO ACS Block Delay at Node 38: 3.1624135971069336 
2023-03-09 07:34:32,729 dumbo.py [line:220] run_bft INFO Current Block's TPS at Node 38: 1064.3769060060054 
2023-03-09 07:34:35,913 dumbo.py [line:217] run_bft INFO Node 38 Delivers ACS Block in Round 76 with having 3366 TXs 
2023-03-09 07:34:35,913 dumbo.py [line:219] run_bft INFO ACS Block Delay at Node 38: 3.1840388774871826 
2023-03-09 07:34:35,913 dumbo.py [line:220] run_bft INFO Current Block's TPS at Node 38: 1057.1478959630103 
2023-03-09 07:34:39,032 dumbo.py [line:217] run_bft INFO Node 38 Delivers ACS Block in Round 77 with having 3366 TXs 
2023-03-09 07:34:39,032 dumbo.py [line:219] run_bft INFO ACS Block Delay at Node 38: 3.1190409660339355 
2023-03-09 07:34:39,032 dumbo.py [line:220] run_bft INFO Current Block's TPS at Node 38: 1079.1778744349385 
2023-03-09 07:34:42,204 dumbo.py [line:217] run_bft INFO Node 38 Delivers ACS Block in Round 78 with having 3366 TXs 
2023-03-09 07:34:42,204 dumbo.py [line:219] run_bft INFO ACS Block Delay at Node 38: 3.172339677810669 
2023-03-09 07:34:42,204 dumbo.py [line:220] run_bft INFO Current Block's TPS at Node 38: 1061.0465277548658 
2023-03-09 07:34:45,387 dumbo.py [line:217] run_bft INFO Node 38 Delivers ACS Block in Round 79 with having 3366 TXs 
2023-03-09 07:34:45,387 dumbo.py [line:219] run_bft INFO ACS Block Delay at Node 38: 3.1824333667755127 
2023-03-09 07:34:45,387 dumbo.py [line:220] run_bft INFO Current Block's TPS at Node 38: 1057.6812181335565 
2023-03-09 07:34:48,548 dumbo.py [line:217] run_bft INFO Node 38 Delivers ACS Block in Round 80 with having 3366 TXs 
2023-03-09 07:34:48,548 dumbo.py [line:219] run_bft INFO ACS Block Delay at Node 38: 3.1611597537994385 
2023-03-09 07:34:48,548 dumbo.py [line:220] run_bft INFO Current Block's TPS at Node 38: 1064.799080765963 
2023-03-09 07:34:51,719 dumbo.py [line:217] run_bft INFO Node 38 Delivers ACS Block in Round 81 with having 3366 TXs 
2023-03-09 07:34:51,719 dumbo.py [line:219] run_bft INFO ACS Block Delay at Node 38: 3.171137571334839 
2023-03-09 07:34:51,719 dumbo.py [line:220] run_bft INFO Current Block's TPS at Node 38: 1061.448746477163 
2023-03-09 07:34:54,909 dumbo.py [line:217] run_bft INFO Node 38 Delivers ACS Block in Round 82 with having 3366 TXs 
2023-03-09 07:34:54,909 dumbo.py [line:219] run_bft INFO ACS Block Delay at Node 38: 3.190000057220459 
2023-03-09 07:34:54,909 dumbo.py [line:220] run_bft INFO Current Block's TPS at Node 38: 1055.1723948660035 
2023-03-09 07:34:58,056 dumbo.py [line:217] run_bft INFO Node 38 Delivers ACS Block in Round 83 with having 3366 TXs 
2023-03-09 07:34:58,056 dumbo.py [line:219] run_bft INFO ACS Block Delay at Node 38: 3.1463422775268555 
2023-03-09 07:34:58,056 dumbo.py [line:220] run_bft INFO Current Block's TPS at Node 38: 1069.8136766753182 
2023-03-09 07:35:01,147 dumbo.py [line:217] run_bft INFO Node 38 Delivers ACS Block in Round 84 with having 3366 TXs 
2023-03-09 07:35:01,147 dumbo.py [line:219] run_bft INFO ACS Block Delay at Node 38: 3.0910067558288574 
2023-03-09 07:35:01,147 dumbo.py [line:220] run_bft INFO Current Block's TPS at Node 38: 1088.9655914379919 
2023-03-09 07:35:04,306 dumbo.py [line:217] run_bft INFO Node 38 Delivers ACS Block in Round 85 with having 3366 TXs 
2023-03-09 07:35:04,306 dumbo.py [line:219] run_bft INFO ACS Block Delay at Node 38: 3.1591856479644775 
2023-03-09 07:35:04,306 dumbo.py [line:220] run_bft INFO Current Block's TPS at Node 38: 1065.464450362003 
2023-03-09 07:35:07,521 dumbo.py [line:217] run_bft INFO Node 38 Delivers ACS Block in Round 86 with having 3366 TXs 
2023-03-09 07:35:07,521 dumbo.py [line:219] run_bft INFO ACS Block Delay at Node 38: 3.2151174545288086 
2023-03-09 07:35:07,521 dumbo.py [line:220] run_bft INFO Current Block's TPS at Node 38: 1046.9290928263472 
2023-03-09 07:35:10,691 dumbo.py [line:217] run_bft INFO Node 38 Delivers ACS Block in Round 87 with having 3366 TXs 
2023-03-09 07:35:10,691 dumbo.py [line:219] run_bft INFO ACS Block Delay at Node 38: 3.169745922088623 
2023-03-09 07:35:10,691 dumbo.py [line:220] run_bft INFO Current Block's TPS at Node 38: 1061.9147662731466 
2023-03-09 07:35:13,801 dumbo.py [line:217] run_bft INFO Node 38 Delivers ACS Block in Round 88 with having 3366 TXs 
2023-03-09 07:35:13,801 dumbo.py [line:219] run_bft INFO ACS Block Delay at Node 38: 3.1098217964172363 
2023-03-09 07:35:13,801 dumbo.py [line:220] run_bft INFO Current Block's TPS at Node 38: 1082.377132952731 
2023-03-09 07:35:16,986 dumbo.py [line:217] run_bft INFO Node 38 Delivers ACS Block in Round 89 with having 3366 TXs 
2023-03-09 07:35:16,987 dumbo.py [line:219] run_bft INFO ACS Block Delay at Node 38: 3.1854429244995117 
2023-03-09 07:35:16,987 dumbo.py [line:220] run_bft INFO Current Block's TPS at Node 38: 1056.6819371057659 
2023-03-09 07:35:20,207 dumbo.py [line:217] run_bft INFO Node 38 Delivers ACS Block in Round 90 with having 3366 TXs 
2023-03-09 07:35:20,207 dumbo.py [line:219] run_bft INFO ACS Block Delay at Node 38: 3.2207772731781006 
2023-03-09 07:35:20,208 dumbo.py [line:220] run_bft INFO Current Block's TPS at Node 38: 1045.089341641622 
2023-03-09 07:35:23,299 dumbo.py [line:217] run_bft INFO Node 38 Delivers ACS Block in Round 91 with having 3366 TXs 
2023-03-09 07:35:23,299 dumbo.py [line:219] run_bft INFO ACS Block Delay at Node 38: 3.0912983417510986 
2023-03-09 07:35:23,299 dumbo.py [line:220] run_bft INFO Current Block's TPS at Node 38: 1088.8628750382254 
2023-03-09 07:35:26,400 dumbo.py [line:217] run_bft INFO Node 38 Delivers ACS Block in Round 92 with having 3366 TXs 
2023-03-09 07:35:26,400 dumbo.py [line:219] run_bft INFO ACS Block Delay at Node 38: 3.100931167602539 
2023-03-09 07:35:26,400 dumbo.py [line:220] run_bft INFO Current Block's TPS at Node 38: 1085.480398651479 
2023-03-09 07:35:29,597 dumbo.py [line:217] run_bft INFO Node 38 Delivers ACS Block in Round 93 with having 3366 TXs 
2023-03-09 07:35:29,597 dumbo.py [line:219] run_bft INFO ACS Block Delay at Node 38: 3.1972367763519287 
2023-03-09 07:35:29,597 dumbo.py [line:220] run_bft INFO Current Block's TPS at Node 38: 1052.7840868390833 
2023-03-09 07:35:32,677 dumbo.py [line:217] run_bft INFO Node 38 Delivers ACS Block in Round 94 with having 3366 TXs 
2023-03-09 07:35:32,677 dumbo.py [line:219] run_bft INFO ACS Block Delay at Node 38: 3.0799942016601562 
2023-03-09 07:35:32,677 dumbo.py [line:220] run_bft INFO Current Block's TPS at Node 38: 1092.8592002496898 
2023-03-09 07:35:35,915 dumbo.py [line:217] run_bft INFO Node 38 Delivers ACS Block in Round 95 with having 3366 TXs 
2023-03-09 07:35:35,915 dumbo.py [line:219] run_bft INFO ACS Block Delay at Node 38: 3.2377898693084717 
2023-03-09 07:35:35,915 dumbo.py [line:220] run_bft INFO Current Block's TPS at Node 38: 1039.5980393622367 
2023-03-09 07:35:39,064 dumbo.py [line:217] run_bft INFO Node 38 Delivers ACS Block in Round 96 with having 3366 TXs 
2023-03-09 07:35:39,065 dumbo.py [line:219] run_bft INFO ACS Block Delay at Node 38: 3.1493916511535645 
2023-03-09 07:35:39,065 dumbo.py [line:220] run_bft INFO Current Block's TPS at Node 38: 1068.7778380205891 
2023-03-09 07:35:42,216 dumbo.py [line:217] run_bft INFO Node 38 Delivers ACS Block in Round 97 with having 3366 TXs 
2023-03-09 07:35:42,216 dumbo.py [line:219] run_bft INFO ACS Block Delay at Node 38: 3.151322841644287 
2023-03-09 07:35:42,216 dumbo.py [line:220] run_bft INFO Current Block's TPS at Node 38: 1068.1228706620548 
2023-03-09 07:35:45,402 dumbo.py [line:217] run_bft INFO Node 38 Delivers ACS Block in Round 98 with having 3366 TXs 
2023-03-09 07:35:45,402 dumbo.py [line:219] run_bft INFO ACS Block Delay at Node 38: 3.1858041286468506 
2023-03-09 07:35:45,402 dumbo.py [line:220] run_bft INFO Current Block's TPS at Node 38: 1056.5621312788262 
2023-03-09 07:35:48,468 dumbo.py [line:217] run_bft INFO Node 38 Delivers ACS Block in Round 99 with having 3366 TXs 
2023-03-09 07:35:48,468 dumbo.py [line:219] run_bft INFO ACS Block Delay at Node 38: 3.0665273666381836 
2023-03-09 07:35:48,469 dumbo.py [line:220] run_bft INFO Current Block's TPS at Node 38: 1097.6585556091504 
2023-03-09 07:35:48,469 dumbo.py [line:241] run_bft INFO node 38 breaks in 315.210516 seconds with total delivered Txs 336600 
2023-03-09 07:41:38,175 dumbo_node.py [line:77] run INFO node 38's starts to run consensus on process id 2906545 
2023-03-09 07:41:38,175 dumbo_node.py [line:59] prepare_bootstrap INFO node id 38 is inserting dummy payload TXs 
2023-03-09 07:41:38,176 dumbo_node.py [line:68] prepare_bootstrap INFO node id 38 just inserts 50000 TXs 
2023-03-09 07:41:38,176 dumbo_node.py [line:68] prepare_bootstrap INFO node id 38 just inserts 50000 TXs 
2023-03-09 07:41:38,176 dumbo_node.py [line:68] prepare_bootstrap INFO node id 38 just inserts 50000 TXs 
2023-03-09 07:41:38,176 dumbo_node.py [line:68] prepare_bootstrap INFO node id 38 just inserts 50000 TXs 
2023-03-09 07:41:38,177 dumbo_node.py [line:68] prepare_bootstrap INFO node id 38 just inserts 50000 TXs 
2023-03-09 07:41:38,177 dumbo_node.py [line:68] prepare_bootstrap INFO node id 38 just inserts 50000 TXs 
2023-03-09 07:41:38,177 dumbo_node.py [line:68] prepare_bootstrap INFO node id 38 just inserts 50000 TXs 
2023-03-09 07:41:38,177 dumbo_node.py [line:68] prepare_bootstrap INFO node id 38 just inserts 50000 TXs 
2023-03-09 07:41:38,177 dumbo_node.py [line:68] prepare_bootstrap INFO node id 38 just inserts 50000 TXs 
2023-03-09 07:41:38,177 dumbo_node.py [line:68] prepare_bootstrap INFO node id 38 just inserts 50000 TXs 
2023-03-09 07:41:38,177 dumbo_node.py [line:68] prepare_bootstrap INFO node id 38 just inserts 50000 TXs 
2023-03-09 07:41:38,177 dumbo_node.py [line:68] prepare_bootstrap INFO node id 38 just inserts 50000 TXs 
2023-03-09 07:41:38,178 dumbo_node.py [line:68] prepare_bootstrap INFO node id 38 just inserts 50000 TXs 
2023-03-09 07:41:38,178 dumbo_node.py [line:68] prepare_bootstrap INFO node id 38 just inserts 50000 TXs 
2023-03-09 07:41:38,178 dumbo_node.py [line:68] prepare_bootstrap INFO node id 38 just inserts 50000 TXs 
2023-03-09 07:41:38,178 dumbo_node.py [line:68] prepare_bootstrap INFO node id 38 just inserts 50000 TXs 
2023-03-09 07:41:38,178 dumbo_node.py [line:68] prepare_bootstrap INFO node id 38 just inserts 50000 TXs 
2023-03-09 07:41:38,178 dumbo_node.py [line:68] prepare_bootstrap INFO node id 38 just inserts 50000 TXs 
2023-03-09 07:41:38,179 dumbo_node.py [line:68] prepare_bootstrap INFO node id 38 just inserts 50000 TXs 
2023-03-09 07:41:38,179 dumbo_node.py [line:68] prepare_bootstrap INFO node id 38 just inserts 50000 TXs 
2023-03-09 07:41:38,179 dumbo_node.py [line:68] prepare_bootstrap INFO node id 38 just inserts 50000 TXs 
2023-03-09 07:41:38,179 dumbo_node.py [line:68] prepare_bootstrap INFO node id 38 just inserts 50000 TXs 
2023-03-09 07:41:38,179 dumbo_node.py [line:68] prepare_bootstrap INFO node id 38 just inserts 50000 TXs 
2023-03-09 07:41:38,179 dumbo_node.py [line:68] prepare_bootstrap INFO node id 38 just inserts 50000 TXs 
2023-03-09 07:41:38,179 dumbo_node.py [line:68] prepare_bootstrap INFO node id 38 just inserts 50000 TXs 
2023-03-09 07:41:38,180 dumbo_node.py [line:68] prepare_bootstrap INFO node id 38 just inserts 50000 TXs 
2023-03-09 07:41:38,180 dumbo_node.py [line:68] prepare_bootstrap INFO node id 38 just inserts 50000 TXs 
2023-03-09 07:41:38,180 dumbo_node.py [line:68] prepare_bootstrap INFO node id 38 just inserts 50000 TXs 
2023-03-09 07:41:38,180 dumbo_node.py [line:68] prepare_bootstrap INFO node id 38 just inserts 50000 TXs 
2023-03-09 07:41:38,180 dumbo_node.py [line:68] prepare_bootstrap INFO node id 38 just inserts 50000 TXs 
2023-03-09 07:41:38,180 dumbo_node.py [line:68] prepare_bootstrap INFO node id 38 just inserts 50000 TXs 
2023-03-09 07:41:38,180 dumbo_node.py [line:68] prepare_bootstrap INFO node id 38 just inserts 50000 TXs 
2023-03-09 07:41:38,181 dumbo_node.py [line:68] prepare_bootstrap INFO node id 38 just inserts 50000 TXs 
2023-03-09 07:41:38,181 dumbo_node.py [line:68] prepare_bootstrap INFO node id 38 just inserts 50000 TXs 
2023-03-09 07:41:38,181 dumbo_node.py [line:68] prepare_bootstrap INFO node id 38 just inserts 50000 TXs 
2023-03-09 07:41:38,181 dumbo_node.py [line:68] prepare_bootstrap INFO node id 38 just inserts 50000 TXs 
2023-03-09 07:41:38,181 dumbo_node.py [line:68] prepare_bootstrap INFO node id 38 just inserts 50000 TXs 
2023-03-09 07:41:38,181 dumbo_node.py [line:68] prepare_bootstrap INFO node id 38 just inserts 50000 TXs 
2023-03-09 07:41:38,181 dumbo_node.py [line:68] prepare_bootstrap INFO node id 38 just inserts 50000 TXs 
2023-03-09 07:41:38,181 dumbo_node.py [line:68] prepare_bootstrap INFO node id 38 just inserts 50000 TXs 
2023-03-09 07:41:38,181 dumbo_node.py [line:68] prepare_bootstrap INFO node id 38 just inserts 50000 TXs 
2023-03-09 07:41:38,182 dumbo_node.py [line:68] prepare_bootstrap INFO node id 38 just inserts 50000 TXs 
2023-03-09 07:41:38,182 dumbo_node.py [line:68] prepare_bootstrap INFO node id 38 just inserts 50000 TXs 
2023-03-09 07:41:38,182 dumbo_node.py [line:68] prepare_bootstrap INFO node id 38 just inserts 50000 TXs 
2023-03-09 07:41:38,182 dumbo_node.py [line:68] prepare_bootstrap INFO node id 38 just inserts 50000 TXs 
2023-03-09 07:41:38,182 dumbo_node.py [line:68] prepare_bootstrap INFO node id 38 just inserts 50000 TXs 
2023-03-09 07:41:38,182 dumbo_node.py [line:68] prepare_bootstrap INFO node id 38 just inserts 50000 TXs 
2023-03-09 07:41:38,182 dumbo_node.py [line:68] prepare_bootstrap INFO node id 38 just inserts 50000 TXs 
2023-03-09 07:41:38,183 dumbo_node.py [line:68] prepare_bootstrap INFO node id 38 just inserts 50000 TXs 
2023-03-09 07:41:38,183 dumbo_node.py [line:68] prepare_bootstrap INFO node id 38 just inserts 50000 TXs 
2023-03-09 07:41:38,183 dumbo_node.py [line:68] prepare_bootstrap INFO node id 38 just inserts 50000 TXs 
2023-03-09 07:41:38,183 dumbo_node.py [line:68] prepare_bootstrap INFO node id 38 just inserts 50000 TXs 
2023-03-09 07:41:38,183 dumbo_node.py [line:68] prepare_bootstrap INFO node id 38 just inserts 50000 TXs 
2023-03-09 07:41:38,183 dumbo_node.py [line:68] prepare_bootstrap INFO node id 38 just inserts 50000 TXs 
2023-03-09 07:41:38,183 dumbo_node.py [line:68] prepare_bootstrap INFO node id 38 just inserts 50000 TXs 
2023-03-09 07:41:38,183 dumbo_node.py [line:68] prepare_bootstrap INFO node id 38 just inserts 50000 TXs 
2023-03-09 07:41:38,183 dumbo_node.py [line:68] prepare_bootstrap INFO node id 38 just inserts 50000 TXs 
2023-03-09 07:41:38,183 dumbo_node.py [line:68] prepare_bootstrap INFO node id 38 just inserts 50000 TXs 
2023-03-09 07:41:38,184 dumbo_node.py [line:68] prepare_bootstrap INFO node id 38 just inserts 50000 TXs 
2023-03-09 07:41:38,184 dumbo_node.py [line:68] prepare_bootstrap INFO node id 38 just inserts 50000 TXs 
2023-03-09 07:41:38,184 dumbo_node.py [line:68] prepare_bootstrap INFO node id 38 just inserts 50000 TXs 
2023-03-09 07:41:38,184 dumbo_node.py [line:68] prepare_bootstrap INFO node id 38 just inserts 50000 TXs 
2023-03-09 07:41:38,184 dumbo_node.py [line:68] prepare_bootstrap INFO node id 38 just inserts 50000 TXs 
2023-03-09 07:41:38,184 dumbo_node.py [line:68] prepare_bootstrap INFO node id 38 just inserts 50000 TXs 
2023-03-09 07:41:38,184 dumbo_node.py [line:68] prepare_bootstrap INFO node id 38 just inserts 50000 TXs 
2023-03-09 07:41:38,184 dumbo_node.py [line:68] prepare_bootstrap INFO node id 38 just inserts 50000 TXs 
2023-03-09 07:41:38,184 dumbo_node.py [line:68] prepare_bootstrap INFO node id 38 just inserts 50000 TXs 
2023-03-09 07:41:38,184 dumbo_node.py [line:68] prepare_bootstrap INFO node id 38 just inserts 50000 TXs 
2023-03-09 07:41:38,184 dumbo_node.py [line:68] prepare_bootstrap INFO node id 38 just inserts 50000 TXs 
2023-03-09 07:41:38,184 dumbo_node.py [line:68] prepare_bootstrap INFO node id 38 just inserts 50000 TXs 
2023-03-09 07:41:38,185 dumbo_node.py [line:68] prepare_bootstrap INFO node id 38 just inserts 50000 TXs 
2023-03-09 07:41:38,185 dumbo_node.py [line:68] prepare_bootstrap INFO node id 38 just inserts 50000 TXs 
2023-03-09 07:41:38,185 dumbo_node.py [line:68] prepare_bootstrap INFO node id 38 just inserts 50000 TXs 
2023-03-09 07:41:38,185 dumbo_node.py [line:68] prepare_bootstrap INFO node id 38 just inserts 50000 TXs 
2023-03-09 07:41:38,185 dumbo_node.py [line:68] prepare_bootstrap INFO node id 38 just inserts 50000 TXs 
2023-03-09 07:41:38,185 dumbo_node.py [line:68] prepare_bootstrap INFO node id 38 just inserts 50000 TXs 
2023-03-09 07:41:38,185 dumbo_node.py [line:68] prepare_bootstrap INFO node id 38 just inserts 50000 TXs 
2023-03-09 07:41:38,185 dumbo_node.py [line:68] prepare_bootstrap INFO node id 38 just inserts 50000 TXs 
2023-03-09 07:41:38,185 dumbo_node.py [line:68] prepare_bootstrap INFO node id 38 just inserts 50000 TXs 
2023-03-09 07:41:38,185 dumbo_node.py [line:68] prepare_bootstrap INFO node id 38 just inserts 50000 TXs 
2023-03-09 07:41:38,185 dumbo_node.py [line:68] prepare_bootstrap INFO node id 38 just inserts 50000 TXs 
2023-03-09 07:41:38,185 dumbo_node.py [line:68] prepare_bootstrap INFO node id 38 just inserts 50000 TXs 
2023-03-09 07:41:38,186 dumbo_node.py [line:68] prepare_bootstrap INFO node id 38 just inserts 50000 TXs 
2023-03-09 07:41:38,186 dumbo_node.py [line:68] prepare_bootstrap INFO node id 38 just inserts 50000 TXs 
2023-03-09 07:41:38,186 dumbo_node.py [line:68] prepare_bootstrap INFO node id 38 just inserts 50000 TXs 
2023-03-09 07:41:38,186 dumbo_node.py [line:68] prepare_bootstrap INFO node id 38 just inserts 50000 TXs 
2023-03-09 07:41:38,186 dumbo_node.py [line:68] prepare_bootstrap INFO node id 38 just inserts 50000 TXs 
2023-03-09 07:41:38,186 dumbo_node.py [line:68] prepare_bootstrap INFO node id 38 just inserts 50000 TXs 
2023-03-09 07:41:38,186 dumbo_node.py [line:68] prepare_bootstrap INFO node id 38 just inserts 50000 TXs 
2023-03-09 07:41:38,186 dumbo_node.py [line:68] prepare_bootstrap INFO node id 38 just inserts 50000 TXs 
2023-03-09 07:41:38,186 dumbo_node.py [line:68] prepare_bootstrap INFO node id 38 just inserts 50000 TXs 
2023-03-09 07:41:38,186 dumbo_node.py [line:68] prepare_bootstrap INFO node id 38 just inserts 50000 TXs 
2023-03-09 07:41:38,186 dumbo_node.py [line:68] prepare_bootstrap INFO node id 38 just inserts 50000 TXs 
2023-03-09 07:41:38,187 dumbo_node.py [line:68] prepare_bootstrap INFO node id 38 just inserts 50000 TXs 
2023-03-09 07:41:38,187 dumbo_node.py [line:68] prepare_bootstrap INFO node id 38 just inserts 50000 TXs 
2023-03-09 07:41:38,187 dumbo_node.py [line:68] prepare_bootstrap INFO node id 38 just inserts 50000 TXs 
2023-03-09 07:41:38,187 dumbo_node.py [line:68] prepare_bootstrap INFO node id 38 just inserts 50000 TXs 
2023-03-09 07:41:38,187 dumbo_node.py [line:68] prepare_bootstrap INFO node id 38 just inserts 50000 TXs 
2023-03-09 07:41:38,187 dumbo_node.py [line:68] prepare_bootstrap INFO node id 38 just inserts 50000 TXs 
2023-03-09 07:41:38,187 dumbo_node.py [line:68] prepare_bootstrap INFO node id 38 just inserts 50000 TXs 
2023-03-09 07:41:38,187 dumbo_node.py [line:72] prepare_bootstrap INFO node id 38 completed the loading of dummy TXs 
2023-03-09 07:41:38,187 dumbo.py [line:179] run_bft INFO Node 38 starts to run at time:1678347698.187713 
2023-03-09 07:41:43,359 dumbo.py [line:217] run_bft INFO Node 38 Delivers ACS Block in Round 0 with having 3354 TXs 
2023-03-09 07:41:43,359 dumbo.py [line:219] run_bft INFO ACS Block Delay at Node 38: 5.171777009963989 
2023-03-09 07:41:43,359 dumbo.py [line:220] run_bft INFO Current Block's TPS at Node 38: 648.5198401899686 
2023-03-09 07:41:48,454 dumbo.py [line:217] run_bft INFO Node 38 Delivers ACS Block in Round 1 with having 3354 TXs 
2023-03-09 07:41:48,454 dumbo.py [line:219] run_bft INFO ACS Block Delay at Node 38: 5.094970464706421 
2023-03-09 07:41:48,454 dumbo.py [line:220] run_bft INFO Current Block's TPS at Node 38: 658.2962596610973 
2023-03-09 07:41:53,674 dumbo.py [line:217] run_bft INFO Node 38 Delivers ACS Block in Round 2 with having 3354 TXs 
2023-03-09 07:41:53,674 dumbo.py [line:219] run_bft INFO ACS Block Delay at Node 38: 5.21992039680481 
2023-03-09 07:41:53,674 dumbo.py [line:220] run_bft INFO Current Block's TPS at Node 38: 642.5385341226722 
2023-03-09 07:41:58,736 dumbo.py [line:217] run_bft INFO Node 38 Delivers ACS Block in Round 3 with having 3354 TXs 
2023-03-09 07:41:58,736 dumbo.py [line:219] run_bft INFO ACS Block Delay at Node 38: 5.0616230964660645 
2023-03-09 07:41:58,736 dumbo.py [line:220] run_bft INFO Current Block's TPS at Node 38: 662.6332968848873 
2023-03-09 07:42:03,952 dumbo.py [line:217] run_bft INFO Node 38 Delivers ACS Block in Round 4 with having 3354 TXs 
2023-03-09 07:42:03,952 dumbo.py [line:219] run_bft INFO ACS Block Delay at Node 38: 5.21621036529541 
2023-03-09 07:42:03,952 dumbo.py [line:220] run_bft INFO Current Block's TPS at Node 38: 642.99553988752 
2023-03-09 07:42:09,065 dumbo.py [line:217] run_bft INFO Node 38 Delivers ACS Block in Round 5 with having 3354 TXs 
2023-03-09 07:42:09,065 dumbo.py [line:219] run_bft INFO ACS Block Delay at Node 38: 5.113302707672119 
2023-03-09 07:42:09,065 dumbo.py [line:220] run_bft INFO Current Block's TPS at Node 38: 655.9361320360674 
2023-03-09 07:42:14,244 dumbo.py [line:217] run_bft INFO Node 38 Delivers ACS Block in Round 6 with having 3354 TXs 
2023-03-09 07:42:14,244 dumbo.py [line:219] run_bft INFO ACS Block Delay at Node 38: 5.178528070449829 
2023-03-09 07:42:14,244 dumbo.py [line:220] run_bft INFO Current Block's TPS at Node 38: 647.6743882376325 
2023-03-09 07:42:19,447 dumbo.py [line:217] run_bft INFO Node 38 Delivers ACS Block in Round 7 with having 3354 TXs 
2023-03-09 07:42:19,447 dumbo.py [line:219] run_bft INFO ACS Block Delay at Node 38: 5.202760696411133 
2023-03-09 07:42:19,447 dumbo.py [line:220] run_bft INFO Current Block's TPS at Node 38: 644.657749166436 
2023-03-09 07:42:24,765 dumbo.py [line:217] run_bft INFO Node 38 Delivers ACS Block in Round 8 with having 3354 TXs 
2023-03-09 07:42:24,765 dumbo.py [line:219] run_bft INFO ACS Block Delay at Node 38: 5.3179590702056885 
2023-03-09 07:42:24,765 dumbo.py [line:220] run_bft INFO Current Block's TPS at Node 38: 630.6930827638495 
2023-03-09 07:42:29,880 dumbo.py [line:217] run_bft INFO Node 38 Delivers ACS Block in Round 9 with having 3354 TXs 
2023-03-09 07:42:29,880 dumbo.py [line:219] run_bft INFO ACS Block Delay at Node 38: 5.115238904953003 
2023-03-09 07:42:29,880 dumbo.py [line:220] run_bft INFO Current Block's TPS at Node 38: 655.6878500342137 
2023-03-09 07:42:34,898 dumbo.py [line:217] run_bft INFO Node 38 Delivers ACS Block in Round 10 with having 3354 TXs 
2023-03-09 07:42:34,898 dumbo.py [line:219] run_bft INFO ACS Block Delay at Node 38: 5.017611265182495 
2023-03-09 07:42:34,898 dumbo.py [line:220] run_bft INFO Current Block's TPS at Node 38: 668.4455655769124 
2023-03-09 07:42:40,146 dumbo.py [line:217] run_bft INFO Node 38 Delivers ACS Block in Round 11 with having 3354 TXs 
2023-03-09 07:42:40,146 dumbo.py [line:219] run_bft INFO ACS Block Delay at Node 38: 5.247964143753052 
2023-03-09 07:42:40,146 dumbo.py [line:220] run_bft INFO Current Block's TPS at Node 38: 639.1049763540126 
2023-03-09 07:42:45,378 dumbo.py [line:217] run_bft INFO Node 38 Delivers ACS Block in Round 12 with having 3354 TXs 
2023-03-09 07:42:45,378 dumbo.py [line:219] run_bft INFO ACS Block Delay at Node 38: 5.232135534286499 
2023-03-09 07:42:45,378 dumbo.py [line:220] run_bft INFO Current Block's TPS at Node 38: 641.0384398532943 
2023-03-09 07:42:50,522 dumbo.py [line:217] run_bft INFO Node 38 Delivers ACS Block in Round 13 with having 3354 TXs 
2023-03-09 07:42:50,522 dumbo.py [line:219] run_bft INFO ACS Block Delay at Node 38: 5.144017457962036 
2023-03-09 07:42:50,522 dumbo.py [line:220] run_bft INFO Current Block's TPS at Node 38: 652.0195600830624 
2023-03-09 07:42:55,640 dumbo.py [line:217] run_bft INFO Node 38 Delivers ACS Block in Round 14 with having 3354 TXs 
2023-03-09 07:42:55,640 dumbo.py [line:219] run_bft INFO ACS Block Delay at Node 38: 5.117377996444702 
2023-03-09 07:42:55,640 dumbo.py [line:220] run_bft INFO Current Block's TPS at Node 38: 655.4137689907197 
2023-03-09 07:43:00,792 dumbo.py [line:217] run_bft INFO Node 38 Delivers ACS Block in Round 15 with having 3354 TXs 
2023-03-09 07:43:00,792 dumbo.py [line:219] run_bft INFO ACS Block Delay at Node 38: 5.151997804641724 
2023-03-09 07:43:00,792 dumbo.py [line:220] run_bft INFO Current Block's TPS at Node 38: 651.0095941768828 
2023-03-09 07:43:06,052 dumbo.py [line:217] run_bft INFO Node 38 Delivers ACS Block in Round 16 with having 3354 TXs 
2023-03-09 07:43:06,052 dumbo.py [line:219] run_bft INFO ACS Block Delay at Node 38: 5.2601706981658936 
2023-03-09 07:43:06,052 dumbo.py [line:220] run_bft INFO Current Block's TPS at Node 38: 637.6218933673515 
2023-03-09 07:43:11,137 dumbo.py [line:217] run_bft INFO Node 38 Delivers ACS Block in Round 17 with having 3354 TXs 
2023-03-09 07:43:11,137 dumbo.py [line:219] run_bft INFO ACS Block Delay at Node 38: 5.08496880531311 
2023-03-09 07:43:11,137 dumbo.py [line:220] run_bft INFO Current Block's TPS at Node 38: 659.5910670082224 
2023-03-09 07:43:16,371 dumbo.py [line:217] run_bft INFO Node 38 Delivers ACS Block in Round 18 with having 3354 TXs 
2023-03-09 07:43:16,371 dumbo.py [line:219] run_bft INFO ACS Block Delay at Node 38: 5.233567237854004 
2023-03-09 07:43:16,371 dumbo.py [line:220] run_bft INFO Current Block's TPS at Node 38: 640.8630762858585 
2023-03-09 07:43:21,653 dumbo.py [line:217] run_bft INFO Node 38 Delivers ACS Block in Round 19 with having 3354 TXs 
2023-03-09 07:43:21,653 dumbo.py [line:219] run_bft INFO ACS Block Delay at Node 38: 5.282649517059326 
2023-03-09 07:43:21,653 dumbo.py [line:220] run_bft INFO Current Block's TPS at Node 38: 634.9086739843115 
2023-03-09 07:43:26,916 dumbo.py [line:217] run_bft INFO Node 38 Delivers ACS Block in Round 20 with having 3354 TXs 
2023-03-09 07:43:26,916 dumbo.py [line:219] run_bft INFO ACS Block Delay at Node 38: 5.262274742126465 
2023-03-09 07:43:26,916 dumbo.py [line:220] run_bft INFO Current Block's TPS at Node 38: 637.3669495341974 
2023-03-09 07:43:31,961 dumbo.py [line:217] run_bft INFO Node 38 Delivers ACS Block in Round 21 with having 3354 TXs 
2023-03-09 07:43:31,961 dumbo.py [line:219] run_bft INFO ACS Block Delay at Node 38: 5.045313119888306 
2023-03-09 07:43:31,961 dumbo.py [line:220] run_bft INFO Current Block's TPS at Node 38: 664.775390605341 
2023-03-09 07:43:37,130 dumbo.py [line:217] run_bft INFO Node 38 Delivers ACS Block in Round 22 with having 3354 TXs 
2023-03-09 07:43:37,130 dumbo.py [line:219] run_bft INFO ACS Block Delay at Node 38: 5.168904542922974 
2023-03-09 07:43:37,130 dumbo.py [line:220] run_bft INFO Current Block's TPS at Node 38: 648.8802360631988 
2023-03-09 07:43:42,268 dumbo.py [line:217] run_bft INFO Node 38 Delivers ACS Block in Round 23 with having 3354 TXs 
2023-03-09 07:43:42,269 dumbo.py [line:219] run_bft INFO ACS Block Delay at Node 38: 5.138315200805664 
2023-03-09 07:43:42,269 dumbo.py [line:220] run_bft INFO Current Block's TPS at Node 38: 652.7431402951123 
2023-03-09 07:43:47,473 dumbo.py [line:217] run_bft INFO Node 38 Delivers ACS Block in Round 24 with having 3354 TXs 
2023-03-09 07:43:47,474 dumbo.py [line:219] run_bft INFO ACS Block Delay at Node 38: 5.204936981201172 
2023-03-09 07:43:47,474 dumbo.py [line:220] run_bft INFO Current Block's TPS at Node 38: 644.38820529696 
2023-03-09 07:43:54,631 dumbo.py [line:217] run_bft INFO Node 38 Delivers ACS Block in Round 25 with having 3354 TXs 
2023-03-09 07:43:54,631 dumbo.py [line:219] run_bft INFO ACS Block Delay at Node 38: 7.157577753067017 
2023-03-09 07:43:54,631 dumbo.py [line:220] run_bft INFO Current Block's TPS at Node 38: 468.59428087425437 
2023-03-09 07:43:59,765 dumbo.py [line:217] run_bft INFO Node 38 Delivers ACS Block in Round 26 with having 3354 TXs 
2023-03-09 07:43:59,765 dumbo.py [line:219] run_bft INFO ACS Block Delay at Node 38: 5.1334755420684814 
2023-03-09 07:43:59,765 dumbo.py [line:220] run_bft INFO Current Block's TPS at Node 38: 653.3585233852191 
2023-03-09 07:44:04,927 dumbo.py [line:217] run_bft INFO Node 38 Delivers ACS Block in Round 27 with having 3354 TXs 
2023-03-09 07:44:04,928 dumbo.py [line:219] run_bft INFO ACS Block Delay at Node 38: 5.162810564041138 
2023-03-09 07:44:04,928 dumbo.py [line:220] run_bft INFO Current Block's TPS at Node 38: 649.6461488167969 
2023-03-09 07:44:10,099 dumbo.py [line:217] run_bft INFO Node 38 Delivers ACS Block in Round 28 with having 3354 TXs 
2023-03-09 07:44:10,099 dumbo.py [line:219] run_bft INFO ACS Block Delay at Node 38: 5.171472549438477 
2023-03-09 07:44:10,099 dumbo.py [line:220] run_bft INFO Current Block's TPS at Node 38: 648.5580205514541 
2023-03-09 07:44:15,325 dumbo.py [line:217] run_bft INFO Node 38 Delivers ACS Block in Round 29 with having 3354 TXs 
2023-03-09 07:44:15,325 dumbo.py [line:219] run_bft INFO ACS Block Delay at Node 38: 5.225741147994995 
2023-03-09 07:44:15,325 dumbo.py [line:220] run_bft INFO Current Block's TPS at Node 38: 641.8228352712912 
2023-03-09 07:44:20,550 dumbo.py [line:217] run_bft INFO Node 38 Delivers ACS Block in Round 30 with having 3354 TXs 
2023-03-09 07:44:20,550 dumbo.py [line:219] run_bft INFO ACS Block Delay at Node 38: 5.225371599197388 
2023-03-09 07:44:20,550 dumbo.py [line:220] run_bft INFO Current Block's TPS at Node 38: 641.8682262741221 
2023-03-09 07:44:25,674 dumbo.py [line:217] run_bft INFO Node 38 Delivers ACS Block in Round 31 with having 3354 TXs 
2023-03-09 07:44:25,674 dumbo.py [line:219] run_bft INFO ACS Block Delay at Node 38: 5.123474597930908 
2023-03-09 07:44:25,674 dumbo.py [line:220] run_bft INFO Current Block's TPS at Node 38: 654.6338692407097 
2023-03-09 07:44:31,029 dumbo.py [line:217] run_bft INFO Node 38 Delivers ACS Block in Round 32 with having 3354 TXs 
2023-03-09 07:44:31,030 dumbo.py [line:219] run_bft INFO ACS Block Delay at Node 38: 5.355598449707031 
2023-03-09 07:44:31,030 dumbo.py [line:220] run_bft INFO Current Block's TPS at Node 38: 626.2605442690489 
2023-03-09 07:44:36,209 dumbo.py [line:217] run_bft INFO Node 38 Delivers ACS Block in Round 33 with having 3354 TXs 
2023-03-09 07:44:36,209 dumbo.py [line:219] run_bft INFO ACS Block Delay at Node 38: 5.17923641204834 
2023-03-09 07:44:36,209 dumbo.py [line:220] run_bft INFO Current Block's TPS at Node 38: 647.5858086334244 
2023-03-09 07:44:41,478 dumbo.py [line:217] run_bft INFO Node 38 Delivers ACS Block in Round 34 with having 3354 TXs 
2023-03-09 07:44:41,478 dumbo.py [line:219] run_bft INFO ACS Block Delay at Node 38: 5.269486904144287 
2023-03-09 07:44:41,479 dumbo.py [line:220] run_bft INFO Current Block's TPS at Node 38: 636.4946077315769 
2023-03-09 07:44:46,505 dumbo.py [line:217] run_bft INFO Node 38 Delivers ACS Block in Round 35 with having 3354 TXs 
2023-03-09 07:44:46,505 dumbo.py [line:219] run_bft INFO ACS Block Delay at Node 38: 5.0263471603393555 
2023-03-09 07:44:46,505 dumbo.py [line:220] run_bft INFO Current Block's TPS at Node 38: 667.2837933807886 
2023-03-09 07:44:51,712 dumbo.py [line:217] run_bft INFO Node 38 Delivers ACS Block in Round 36 with having 3354 TXs 
2023-03-09 07:44:51,713 dumbo.py [line:219] run_bft INFO ACS Block Delay at Node 38: 5.207639694213867 
2023-03-09 07:44:51,713 dumbo.py [line:220] run_bft INFO Current Block's TPS at Node 38: 644.0537742514292 
2023-03-09 07:44:56,917 dumbo.py [line:217] run_bft INFO Node 38 Delivers ACS Block in Round 37 with having 3354 TXs 
2023-03-09 07:44:56,917 dumbo.py [line:219] run_bft INFO ACS Block Delay at Node 38: 5.204470157623291 
2023-03-09 07:44:56,917 dumbo.py [line:220] run_bft INFO Current Block's TPS at Node 38: 644.4460047651922 
2023-03-09 07:45:02,204 dumbo.py [line:217] run_bft INFO Node 38 Delivers ACS Block in Round 38 with having 3354 TXs 
2023-03-09 07:45:02,204 dumbo.py [line:219] run_bft INFO ACS Block Delay at Node 38: 5.286604881286621 
2023-03-09 07:45:02,204 dumbo.py [line:220] run_bft INFO Current Block's TPS at Node 38: 634.433644147002 
2023-03-09 07:45:07,365 dumbo.py [line:217] run_bft INFO Node 38 Delivers ACS Block in Round 39 with having 3354 TXs 
2023-03-09 07:45:07,365 dumbo.py [line:219] run_bft INFO ACS Block Delay at Node 38: 5.161401271820068 
2023-03-09 07:45:07,365 dumbo.py [line:220] run_bft INFO Current Block's TPS at Node 38: 649.8235311236084 
2023-03-09 07:45:12,580 dumbo.py [line:217] run_bft INFO Node 38 Delivers ACS Block in Round 40 with having 3354 TXs 
2023-03-09 07:45:12,580 dumbo.py [line:219] run_bft INFO ACS Block Delay at Node 38: 5.214481592178345 
2023-03-09 07:45:12,580 dumbo.py [line:220] run_bft INFO Current Block's TPS at Node 38: 643.2087141761046 
2023-03-09 07:45:17,729 dumbo.py [line:217] run_bft INFO Node 38 Delivers ACS Block in Round 41 with having 3354 TXs 
2023-03-09 07:45:17,729 dumbo.py [line:219] run_bft INFO ACS Block Delay at Node 38: 5.148945093154907 
2023-03-09 07:45:17,729 dumbo.py [line:220] run_bft INFO Current Block's TPS at Node 38: 651.3955653671396 
2023-03-09 07:45:22,962 dumbo.py [line:217] run_bft INFO Node 38 Delivers ACS Block in Round 42 with having 3354 TXs 
2023-03-09 07:45:22,962 dumbo.py [line:219] run_bft INFO ACS Block Delay at Node 38: 5.233104467391968 
2023-03-09 07:45:22,962 dumbo.py [line:220] run_bft INFO Current Block's TPS at Node 38: 640.9197486690991 
2023-03-09 07:45:28,137 dumbo.py [line:217] run_bft INFO Node 38 Delivers ACS Block in Round 43 with having 3354 TXs 
2023-03-09 07:45:28,138 dumbo.py [line:219] run_bft INFO ACS Block Delay at Node 38: 5.175493955612183 
2023-03-09 07:45:28,138 dumbo.py [line:220] run_bft INFO Current Block's TPS at Node 38: 648.054085033372 
2023-03-09 07:45:33,271 dumbo.py [line:217] run_bft INFO Node 38 Delivers ACS Block in Round 44 with having 3354 TXs 
2023-03-09 07:45:33,272 dumbo.py [line:219] run_bft INFO ACS Block Delay at Node 38: 5.133848190307617 
2023-03-09 07:45:33,272 dumbo.py [line:220] run_bft INFO Current Block's TPS at Node 38: 653.3110983554483 
2023-03-09 07:45:38,525 dumbo.py [line:217] run_bft INFO Node 38 Delivers ACS Block in Round 45 with having 3354 TXs 
2023-03-09 07:45:38,525 dumbo.py [line:219] run_bft INFO ACS Block Delay at Node 38: 5.253112554550171 
2023-03-09 07:45:38,525 dumbo.py [line:220] run_bft INFO Current Block's TPS at Node 38: 638.4786096187513 
2023-03-09 07:45:43,641 dumbo.py [line:217] run_bft INFO Node 38 Delivers ACS Block in Round 46 with having 3354 TXs 
2023-03-09 07:45:43,641 dumbo.py [line:219] run_bft INFO ACS Block Delay at Node 38: 5.116275787353516 
2023-03-09 07:45:43,641 dumbo.py [line:220] run_bft INFO Current Block's TPS at Node 38: 655.5549660341738 
2023-03-09 07:45:48,975 dumbo.py [line:217] run_bft INFO Node 38 Delivers ACS Block in Round 47 with having 3354 TXs 
2023-03-09 07:45:48,975 dumbo.py [line:219] run_bft INFO ACS Block Delay at Node 38: 5.334123134613037 
2023-03-09 07:45:48,975 dumbo.py [line:220] run_bft INFO Current Block's TPS at Node 38: 628.7818851117158 
2023-03-09 07:45:54,134 dumbo.py [line:217] run_bft INFO Node 38 Delivers ACS Block in Round 48 with having 3354 TXs 
2023-03-09 07:45:54,135 dumbo.py [line:219] run_bft INFO ACS Block Delay at Node 38: 5.15918231010437 
2023-03-09 07:45:54,135 dumbo.py [line:220] run_bft INFO Current Block's TPS at Node 38: 650.1030198973815 
2023-03-09 07:45:59,377 dumbo.py [line:217] run_bft INFO Node 38 Delivers ACS Block in Round 49 with having 3354 TXs 
2023-03-09 07:45:59,377 dumbo.py [line:219] run_bft INFO ACS Block Delay at Node 38: 5.242701053619385 
2023-03-09 07:45:59,377 dumbo.py [line:220] run_bft INFO Current Block's TPS at Node 38: 639.7465668359082 
2023-03-09 07:46:04,657 dumbo.py [line:217] run_bft INFO Node 38 Delivers ACS Block in Round 50 with having 3354 TXs 
2023-03-09 07:46:04,657 dumbo.py [line:219] run_bft INFO ACS Block Delay at Node 38: 5.279408693313599 
2023-03-09 07:46:04,657 dumbo.py [line:220] run_bft INFO Current Block's TPS at Node 38: 635.2984197355019 
2023-03-09 07:46:09,781 dumbo.py [line:217] run_bft INFO Node 38 Delivers ACS Block in Round 51 with having 3354 TXs 
2023-03-09 07:46:09,782 dumbo.py [line:219] run_bft INFO ACS Block Delay at Node 38: 5.124785661697388 
2023-03-09 07:46:09,782 dumbo.py [line:220] run_bft INFO Current Block's TPS at Node 38: 654.4663955544078 
2023-03-09 07:46:14,969 dumbo.py [line:217] run_bft INFO Node 38 Delivers ACS Block in Round 52 with having 3354 TXs 
2023-03-09 07:46:14,969 dumbo.py [line:219] run_bft INFO ACS Block Delay at Node 38: 5.187709331512451 
2023-03-09 07:46:14,969 dumbo.py [line:220] run_bft INFO Current Block's TPS at Node 38: 646.5281274774425 
2023-03-09 07:46:20,032 dumbo.py [line:217] run_bft INFO Node 38 Delivers ACS Block in Round 53 with having 3354 TXs 
2023-03-09 07:46:20,032 dumbo.py [line:219] run_bft INFO ACS Block Delay at Node 38: 5.062759876251221 
2023-03-09 07:46:20,032 dumbo.py [line:220] run_bft INFO Current Block's TPS at Node 38: 662.4845108165605 
2023-03-09 07:46:25,370 dumbo.py [line:217] run_bft INFO Node 38 Delivers ACS Block in Round 54 with having 3354 TXs 
2023-03-09 07:46:25,371 dumbo.py [line:219] run_bft INFO ACS Block Delay at Node 38: 5.3383400440216064 
2023-03-09 07:46:25,371 dumbo.py [line:220] run_bft INFO Current Block's TPS at Node 38: 628.2851920900273 
2023-03-09 07:46:30,456 dumbo.py [line:217] run_bft INFO Node 38 Delivers ACS Block in Round 55 with having 3354 TXs 
2023-03-09 07:46:30,456 dumbo.py [line:219] run_bft INFO ACS Block Delay at Node 38: 5.08560037612915 
2023-03-09 07:46:30,456 dumbo.py [line:220] run_bft INFO Current Block's TPS at Node 38: 659.5091536769274 
2023-03-09 07:46:35,841 dumbo.py [line:217] run_bft INFO Node 38 Delivers ACS Block in Round 56 with having 3354 TXs 
2023-03-09 07:46:35,842 dumbo.py [line:219] run_bft INFO ACS Block Delay at Node 38: 5.3851001262664795 
2023-03-09 07:46:35,842 dumbo.py [line:220] run_bft INFO Current Block's TPS at Node 38: 622.8296450126262 
2023-03-09 07:46:40,870 dumbo.py [line:217] run_bft INFO Node 38 Delivers ACS Block in Round 57 with having 3354 TXs 
2023-03-09 07:46:40,871 dumbo.py [line:219] run_bft INFO ACS Block Delay at Node 38: 5.028934001922607 
2023-03-09 07:46:40,871 dumbo.py [line:220] run_bft INFO Current Block's TPS at Node 38: 666.9405481793428 
2023-03-09 07:46:46,092 dumbo.py [line:217] run_bft INFO Node 38 Delivers ACS Block in Round 58 with having 3354 TXs 
2023-03-09 07:46:46,093 dumbo.py [line:219] run_bft INFO ACS Block Delay at Node 38: 5.22193717956543 
2023-03-09 07:46:46,093 dumbo.py [line:220] run_bft INFO Current Block's TPS at Node 38: 642.2903770510545 
2023-03-09 07:46:51,319 dumbo.py [line:217] run_bft INFO Node 38 Delivers ACS Block in Round 59 with having 3354 TXs 
2023-03-09 07:46:51,319 dumbo.py [line:219] run_bft INFO ACS Block Delay at Node 38: 5.226617097854614 
2023-03-09 07:46:51,319 dumbo.py [line:220] run_bft INFO Current Block's TPS at Node 38: 641.715269591248 
2023-03-09 07:46:56,557 dumbo.py [line:217] run_bft INFO Node 38 Delivers ACS Block in Round 60 with having 3354 TXs 
2023-03-09 07:46:56,557 dumbo.py [line:219] run_bft INFO ACS Block Delay at Node 38: 5.237822532653809 
2023-03-09 07:46:56,557 dumbo.py [line:220] run_bft INFO Current Block's TPS at Node 38: 640.3424283832414 
2023-03-09 07:47:01,759 dumbo.py [line:217] run_bft INFO Node 38 Delivers ACS Block in Round 61 with having 3354 TXs 
2023-03-09 07:47:01,759 dumbo.py [line:219] run_bft INFO ACS Block Delay at Node 38: 5.202115774154663 
2023-03-09 07:47:01,759 dumbo.py [line:220] run_bft INFO Current Block's TPS at Node 38: 644.7376693658881 
2023-03-09 07:47:06,983 dumbo.py [line:217] run_bft INFO Node 38 Delivers ACS Block in Round 62 with having 3354 TXs 
2023-03-09 07:47:06,984 dumbo.py [line:219] run_bft INFO ACS Block Delay at Node 38: 5.224283933639526 
2023-03-09 07:47:06,984 dumbo.py [line:220] run_bft INFO Current Block's TPS at Node 38: 642.0018595090825 
2023-03-09 07:47:12,180 dumbo.py [line:217] run_bft INFO Node 38 Delivers ACS Block in Round 63 with having 3354 TXs 
2023-03-09 07:47:12,180 dumbo.py [line:219] run_bft INFO ACS Block Delay at Node 38: 5.196295738220215 
2023-03-09 07:47:12,180 dumbo.py [line:220] run_bft INFO Current Block's TPS at Node 38: 645.4597984734371 
2023-03-09 07:47:17,446 dumbo.py [line:217] run_bft INFO Node 38 Delivers ACS Block in Round 64 with having 3354 TXs 
2023-03-09 07:47:17,446 dumbo.py [line:219] run_bft INFO ACS Block Delay at Node 38: 5.266292095184326 
2023-03-09 07:47:17,446 dumbo.py [line:220] run_bft INFO Current Block's TPS at Node 38: 636.8807387396931 
2023-03-09 07:47:22,720 dumbo.py [line:217] run_bft INFO Node 38 Delivers ACS Block in Round 65 with having 3354 TXs 
2023-03-09 07:47:22,720 dumbo.py [line:219] run_bft INFO ACS Block Delay at Node 38: 5.273676872253418 
2023-03-09 07:47:22,720 dumbo.py [line:220] run_bft INFO Current Block's TPS at Node 38: 635.9889089235859 
2023-03-09 07:47:27,807 dumbo.py [line:217] run_bft INFO Node 38 Delivers ACS Block in Round 66 with having 3354 TXs 
2023-03-09 07:47:27,807 dumbo.py [line:219] run_bft INFO ACS Block Delay at Node 38: 5.086672306060791 
2023-03-09 07:47:27,807 dumbo.py [line:220] run_bft INFO Current Block's TPS at Node 38: 659.3701733063667 
2023-03-09 07:47:33,120 dumbo.py [line:217] run_bft INFO Node 38 Delivers ACS Block in Round 67 with having 3354 TXs 
2023-03-09 07:47:33,120 dumbo.py [line:219] run_bft INFO ACS Block Delay at Node 38: 5.31284236907959 
2023-03-09 07:47:33,120 dumbo.py [line:220] run_bft INFO Current Block's TPS at Node 38: 631.3004917142038 
2023-03-09 07:47:38,251 dumbo.py [line:217] run_bft INFO Node 38 Delivers ACS Block in Round 68 with having 3354 TXs 
2023-03-09 07:47:38,251 dumbo.py [line:219] run_bft INFO ACS Block Delay at Node 38: 5.131052017211914 
2023-03-09 07:47:38,251 dumbo.py [line:220] run_bft INFO Current Block's TPS at Node 38: 653.6671210405074 
2023-03-09 07:47:43,499 dumbo.py [line:217] run_bft INFO Node 38 Delivers ACS Block in Round 69 with having 3354 TXs 
2023-03-09 07:47:43,499 dumbo.py [line:219] run_bft INFO ACS Block Delay at Node 38: 5.248018503189087 
2023-03-09 07:47:43,499 dumbo.py [line:220] run_bft INFO Current Block's TPS at Node 38: 639.0983564486024 
2023-03-09 07:47:48,657 dumbo.py [line:217] run_bft INFO Node 38 Delivers ACS Block in Round 70 with having 3354 TXs 
2023-03-09 07:47:48,657 dumbo.py [line:219] run_bft INFO ACS Block Delay at Node 38: 5.15781307220459 
2023-03-09 07:47:48,657 dumbo.py [line:220] run_bft INFO Current Block's TPS at Node 38: 650.2756018969894 
2023-03-09 07:47:54,031 dumbo.py [line:217] run_bft INFO Node 38 Delivers ACS Block in Round 71 with having 3354 TXs 
2023-03-09 07:47:54,031 dumbo.py [line:219] run_bft INFO ACS Block Delay at Node 38: 5.373749494552612 
2023-03-09 07:47:54,031 dumbo.py [line:220] run_bft INFO Current Block's TPS at Node 38: 624.1452087411147 
2023-03-09 07:47:59,190 dumbo.py [line:217] run_bft INFO Node 38 Delivers ACS Block in Round 72 with having 3354 TXs 
2023-03-09 07:47:59,190 dumbo.py [line:219] run_bft INFO ACS Block Delay at Node 38: 5.159616470336914 
2023-03-09 07:47:59,191 dumbo.py [line:220] run_bft INFO Current Block's TPS at Node 38: 650.0483164363939 
2023-03-09 07:48:04,440 dumbo.py [line:217] run_bft INFO Node 38 Delivers ACS Block in Round 73 with having 3354 TXs 
2023-03-09 07:48:04,441 dumbo.py [line:219] run_bft INFO ACS Block Delay at Node 38: 5.249923467636108 
2023-03-09 07:48:04,441 dumbo.py [line:220] run_bft INFO Current Block's TPS at Node 38: 638.8664559923977 
2023-03-09 07:48:09,578 dumbo.py [line:217] run_bft INFO Node 38 Delivers ACS Block in Round 74 with having 3354 TXs 
2023-03-09 07:48:09,578 dumbo.py [line:219] run_bft INFO ACS Block Delay at Node 38: 5.137439489364624 
2023-03-09 07:48:09,578 dumbo.py [line:220] run_bft INFO Current Block's TPS at Node 38: 652.854404795103 
2023-03-09 07:48:14,757 dumbo.py [line:217] run_bft INFO Node 38 Delivers ACS Block in Round 75 with having 3354 TXs 
2023-03-09 07:48:14,757 dumbo.py [line:219] run_bft INFO ACS Block Delay at Node 38: 5.178901195526123 
2023-03-09 07:48:14,757 dumbo.py [line:220] run_bft INFO Current Block's TPS at Node 38: 647.6277251432035 
2023-03-09 07:48:20,007 dumbo.py [line:217] run_bft INFO Node 38 Delivers ACS Block in Round 76 with having 3354 TXs 
2023-03-09 07:48:20,007 dumbo.py [line:219] run_bft INFO ACS Block Delay at Node 38: 5.249944448471069 
2023-03-09 07:48:20,007 dumbo.py [line:220] run_bft INFO Current Block's TPS at Node 38: 638.8639028317297 
2023-03-09 07:48:25,173 dumbo.py [line:217] run_bft INFO Node 38 Delivers ACS Block in Round 77 with having 3354 TXs 
2023-03-09 07:48:25,173 dumbo.py [line:219] run_bft INFO ACS Block Delay at Node 38: 5.165992259979248 
2023-03-09 07:48:25,173 dumbo.py [line:220] run_bft INFO Current Block's TPS at Node 38: 649.2460366197826 
2023-03-09 07:48:30,403 dumbo.py [line:217] run_bft INFO Node 38 Delivers ACS Block in Round 78 with having 3354 TXs 
2023-03-09 07:48:30,403 dumbo.py [line:219] run_bft INFO ACS Block Delay at Node 38: 5.229639768600464 
2023-03-09 07:48:30,403 dumbo.py [line:220] run_bft INFO Current Block's TPS at Node 38: 641.3443656555305 
2023-03-09 07:48:35,577 dumbo.py [line:217] run_bft INFO Node 38 Delivers ACS Block in Round 79 with having 3354 TXs 
2023-03-09 07:48:35,577 dumbo.py [line:219] run_bft INFO ACS Block Delay at Node 38: 5.174571514129639 
2023-03-09 07:48:35,577 dumbo.py [line:220] run_bft INFO Current Block's TPS at Node 38: 648.1696099554518 
2023-03-09 07:48:40,763 dumbo.py [line:217] run_bft INFO Node 38 Delivers ACS Block in Round 80 with having 3354 TXs 
2023-03-09 07:48:40,763 dumbo.py [line:219] run_bft INFO ACS Block Delay at Node 38: 5.185378551483154 
2023-03-09 07:48:40,763 dumbo.py [line:220] run_bft INFO Current Block's TPS at Node 38: 646.8187359321468 
2023-03-09 07:48:45,969 dumbo.py [line:217] run_bft INFO Node 38 Delivers ACS Block in Round 81 with having 3354 TXs 
2023-03-09 07:48:45,969 dumbo.py [line:219] run_bft INFO ACS Block Delay at Node 38: 5.206249952316284 
2023-03-09 07:48:45,969 dumbo.py [line:220] run_bft INFO Current Block's TPS at Node 38: 644.225696176533 
2023-03-09 07:48:51,123 dumbo.py [line:217] run_bft INFO Node 38 Delivers ACS Block in Round 82 with having 3354 TXs 
2023-03-09 07:48:51,123 dumbo.py [line:219] run_bft INFO ACS Block Delay at Node 38: 5.153665542602539 
2023-03-09 07:48:51,123 dumbo.py [line:220] run_bft INFO Current Block's TPS at Node 38: 650.7989259827424 
2023-03-09 07:48:56,324 dumbo.py [line:217] run_bft INFO Node 38 Delivers ACS Block in Round 83 with having 3354 TXs 
2023-03-09 07:48:56,324 dumbo.py [line:219] run_bft INFO ACS Block Delay at Node 38: 5.201013088226318 
2023-03-09 07:48:56,324 dumbo.py [line:220] run_bft INFO Current Block's TPS at Node 38: 644.8743625722738 
2023-03-09 07:49:01,660 dumbo.py [line:217] run_bft INFO Node 38 Delivers ACS Block in Round 84 with having 3354 TXs 
2023-03-09 07:49:01,660 dumbo.py [line:219] run_bft INFO ACS Block Delay at Node 38: 5.3358213901519775 
2023-03-09 07:49:01,660 dumbo.py [line:220] run_bft INFO Current Block's TPS at Node 38: 628.5817599124077 
2023-03-09 07:49:06,849 dumbo.py [line:217] run_bft INFO Node 38 Delivers ACS Block in Round 85 with having 3354 TXs 
2023-03-09 07:49:06,849 dumbo.py [line:219] run_bft INFO ACS Block Delay at Node 38: 5.1890246868133545 
2023-03-09 07:49:06,849 dumbo.py [line:220] run_bft INFO Current Block's TPS at Node 38: 646.3642403790014 
2023-03-09 07:49:11,978 dumbo.py [line:217] run_bft INFO Node 38 Delivers ACS Block in Round 86 with having 3354 TXs 
2023-03-09 07:49:11,978 dumbo.py [line:219] run_bft INFO ACS Block Delay at Node 38: 5.129177093505859 
2023-03-09 07:49:11,978 dumbo.py [line:220] run_bft INFO Current Block's TPS at Node 38: 653.906063069368 
2023-03-09 07:49:19,937 dumbo.py [line:217] run_bft INFO Node 38 Delivers ACS Block in Round 87 with having 3354 TXs 
2023-03-09 07:49:19,938 dumbo.py [line:219] run_bft INFO ACS Block Delay at Node 38: 7.959180116653442 
2023-03-09 07:49:19,938 dumbo.py [line:220] run_bft INFO Current Block's TPS at Node 38: 421.4001883161604 
2023-03-09 07:49:25,232 dumbo.py [line:217] run_bft INFO Node 38 Delivers ACS Block in Round 88 with having 3354 TXs 
2023-03-09 07:49:25,232 dumbo.py [line:219] run_bft INFO ACS Block Delay at Node 38: 5.2940592765808105 
2023-03-09 07:49:25,232 dumbo.py [line:220] run_bft INFO Current Block's TPS at Node 38: 633.540318454121 
2023-03-09 07:49:30,504 dumbo.py [line:217] run_bft INFO Node 38 Delivers ACS Block in Round 89 with having 3354 TXs 
2023-03-09 07:49:30,504 dumbo.py [line:219] run_bft INFO ACS Block Delay at Node 38: 5.2722673416137695 
2023-03-09 07:49:30,504 dumbo.py [line:220] run_bft INFO Current Block's TPS at Node 38: 636.1589393479782 
2023-03-09 07:49:35,745 dumbo.py [line:217] run_bft INFO Node 38 Delivers ACS Block in Round 90 with having 3354 TXs 
2023-03-09 07:49:35,745 dumbo.py [line:219] run_bft INFO ACS Block Delay at Node 38: 5.241272926330566 
2023-03-09 07:49:35,745 dumbo.py [line:220] run_bft INFO Current Block's TPS at Node 38: 639.920883179069 
2023-03-09 07:49:40,885 dumbo.py [line:217] run_bft INFO Node 38 Delivers ACS Block in Round 91 with having 3354 TXs 
2023-03-09 07:49:40,886 dumbo.py [line:219] run_bft INFO ACS Block Delay at Node 38: 5.140103816986084 
2023-03-09 07:49:40,886 dumbo.py [line:220] run_bft INFO Current Block's TPS at Node 38: 652.5160034543093 
2023-03-09 07:49:46,189 dumbo.py [line:217] run_bft INFO Node 38 Delivers ACS Block in Round 92 with having 3354 TXs 
2023-03-09 07:49:46,189 dumbo.py [line:219] run_bft INFO ACS Block Delay at Node 38: 5.303173065185547 
2023-03-09 07:49:46,189 dumbo.py [line:220] run_bft INFO Current Block's TPS at Node 38: 632.4515452868122 
2023-03-09 07:49:51,317 dumbo.py [line:217] run_bft INFO Node 38 Delivers ACS Block in Round 93 with having 3354 TXs 
2023-03-09 07:49:51,317 dumbo.py [line:219] run_bft INFO ACS Block Delay at Node 38: 5.128443956375122 
2023-03-09 07:49:51,317 dumbo.py [line:220] run_bft INFO Current Block's TPS at Node 38: 653.999542264798 
2023-03-09 07:49:56,492 dumbo.py [line:217] run_bft INFO Node 38 Delivers ACS Block in Round 94 with having 3354 TXs 
2023-03-09 07:49:56,493 dumbo.py [line:219] run_bft INFO ACS Block Delay at Node 38: 5.175248384475708 
2023-03-09 07:49:56,493 dumbo.py [line:220] run_bft INFO Current Block's TPS at Node 38: 648.0848359010281 
2023-03-09 07:50:01,891 dumbo.py [line:217] run_bft INFO Node 38 Delivers ACS Block in Round 95 with having 3354 TXs 
2023-03-09 07:50:01,891 dumbo.py [line:219] run_bft INFO ACS Block Delay at Node 38: 5.398251533508301 
2023-03-09 07:50:01,891 dumbo.py [line:220] run_bft INFO Current Block's TPS at Node 38: 621.3122858727277 
2023-03-09 07:50:07,089 dumbo.py [line:217] run_bft INFO Node 38 Delivers ACS Block in Round 96 with having 3354 TXs 
2023-03-09 07:50:07,090 dumbo.py [line:219] run_bft INFO ACS Block Delay at Node 38: 5.198451519012451 
2023-03-09 07:50:07,090 dumbo.py [line:220] run_bft INFO Current Block's TPS at Node 38: 645.192128412339 
2023-03-09 07:50:12,157 dumbo.py [line:217] run_bft INFO Node 38 Delivers ACS Block in Round 97 with having 3354 TXs 
2023-03-09 07:50:12,157 dumbo.py [line:219] run_bft INFO ACS Block Delay at Node 38: 5.067439794540405 
2023-03-09 07:50:12,157 dumbo.py [line:220] run_bft INFO Current Block's TPS at Node 38: 661.8726883767927 
2023-03-09 07:50:17,459 dumbo.py [line:217] run_bft INFO Node 38 Delivers ACS Block in Round 98 with having 3354 TXs 
2023-03-09 07:50:17,459 dumbo.py [line:219] run_bft INFO ACS Block Delay at Node 38: 5.302149295806885 
2023-03-09 07:50:17,459 dumbo.py [line:220] run_bft INFO Current Block's TPS at Node 38: 632.573662656473 
2023-03-09 07:50:22,620 dumbo.py [line:217] run_bft INFO Node 38 Delivers ACS Block in Round 99 with having 3354 TXs 
2023-03-09 07:50:22,620 dumbo.py [line:219] run_bft INFO ACS Block Delay at Node 38: 5.1605634689331055 
2023-03-09 07:50:22,620 dumbo.py [line:220] run_bft INFO Current Block's TPS at Node 38: 649.9290281364189 
2023-03-09 07:50:22,620 dumbo.py [line:241] run_bft INFO node 38 breaks in 524.432704 seconds with total delivered Txs 335400 
