2023-03-10 11:02:41,711 dumbo_node.py [line:77] run INFO node 44's starts to run consensus on process id 2581284 
2023-03-10 11:02:41,711 dumbo_node.py [line:59] prepare_bootstrap INFO node id 44 is inserting dummy payload TXs 
2023-03-10 11:02:41,712 dumbo_node.py [line:68] prepare_bootstrap INFO node id 44 just inserts 50000 TXs 
2023-03-10 11:02:41,712 dumbo_node.py [line:68] prepare_bootstrap INFO node id 44 just inserts 50000 TXs 
2023-03-10 11:02:41,712 dumbo_node.py [line:68] prepare_bootstrap INFO node id 44 just inserts 50000 TXs 
2023-03-10 11:02:41,713 dumbo_node.py [line:68] prepare_bootstrap INFO node id 44 just inserts 50000 TXs 
2023-03-10 11:02:41,713 dumbo_node.py [line:68] prepare_bootstrap INFO node id 44 just inserts 50000 TXs 
2023-03-10 11:02:41,713 dumbo_node.py [line:68] prepare_bootstrap INFO node id 44 just inserts 50000 TXs 
2023-03-10 11:02:41,713 dumbo_node.py [line:68] prepare_bootstrap INFO node id 44 just inserts 50000 TXs 
2023-03-10 11:02:41,713 dumbo_node.py [line:68] prepare_bootstrap INFO node id 44 just inserts 50000 TXs 
2023-03-10 11:02:41,713 dumbo_node.py [line:68] prepare_bootstrap INFO node id 44 just inserts 50000 TXs 
2023-03-10 11:02:41,714 dumbo_node.py [line:68] prepare_bootstrap INFO node id 44 just inserts 50000 TXs 
2023-03-10 11:02:41,714 dumbo_node.py [line:68] prepare_bootstrap INFO node id 44 just inserts 50000 TXs 
2023-03-10 11:02:41,714 dumbo_node.py [line:68] prepare_bootstrap INFO node id 44 just inserts 50000 TXs 
2023-03-10 11:02:41,714 dumbo_node.py [line:68] prepare_bootstrap INFO node id 44 just inserts 50000 TXs 
2023-03-10 11:02:41,714 dumbo_node.py [line:68] prepare_bootstrap INFO node id 44 just inserts 50000 TXs 
2023-03-10 11:02:41,714 dumbo_node.py [line:68] prepare_bootstrap INFO node id 44 just inserts 50000 TXs 
2023-03-10 11:02:41,715 dumbo_node.py [line:68] prepare_bootstrap INFO node id 44 just inserts 50000 TXs 
2023-03-10 11:02:41,715 dumbo_node.py [line:68] prepare_bootstrap INFO node id 44 just inserts 50000 TXs 
2023-03-10 11:02:41,715 dumbo_node.py [line:68] prepare_bootstrap INFO node id 44 just inserts 50000 TXs 
2023-03-10 11:02:41,715 dumbo_node.py [line:68] prepare_bootstrap INFO node id 44 just inserts 50000 TXs 
2023-03-10 11:02:41,715 dumbo_node.py [line:68] prepare_bootstrap INFO node id 44 just inserts 50000 TXs 
2023-03-10 11:02:41,716 dumbo_node.py [line:68] prepare_bootstrap INFO node id 44 just inserts 50000 TXs 
2023-03-10 11:02:41,716 dumbo_node.py [line:68] prepare_bootstrap INFO node id 44 just inserts 50000 TXs 
2023-03-10 11:02:41,716 dumbo_node.py [line:68] prepare_bootstrap INFO node id 44 just inserts 50000 TXs 
2023-03-10 11:02:41,716 dumbo_node.py [line:68] prepare_bootstrap INFO node id 44 just inserts 50000 TXs 
2023-03-10 11:02:41,716 dumbo_node.py [line:68] prepare_bootstrap INFO node id 44 just inserts 50000 TXs 
2023-03-10 11:02:41,717 dumbo_node.py [line:68] prepare_bootstrap INFO node id 44 just inserts 50000 TXs 
2023-03-10 11:02:41,717 dumbo_node.py [line:68] prepare_bootstrap INFO node id 44 just inserts 50000 TXs 
2023-03-10 11:02:41,717 dumbo_node.py [line:68] prepare_bootstrap INFO node id 44 just inserts 50000 TXs 
2023-03-10 11:02:41,717 dumbo_node.py [line:68] prepare_bootstrap INFO node id 44 just inserts 50000 TXs 
2023-03-10 11:02:41,717 dumbo_node.py [line:68] prepare_bootstrap INFO node id 44 just inserts 50000 TXs 
2023-03-10 11:02:41,717 dumbo_node.py [line:68] prepare_bootstrap INFO node id 44 just inserts 50000 TXs 
2023-03-10 11:02:41,718 dumbo_node.py [line:68] prepare_bootstrap INFO node id 44 just inserts 50000 TXs 
2023-03-10 11:02:41,718 dumbo_node.py [line:68] prepare_bootstrap INFO node id 44 just inserts 50000 TXs 
2023-03-10 11:02:41,718 dumbo_node.py [line:68] prepare_bootstrap INFO node id 44 just inserts 50000 TXs 
2023-03-10 11:02:41,718 dumbo_node.py [line:68] prepare_bootstrap INFO node id 44 just inserts 50000 TXs 
2023-03-10 11:02:41,718 dumbo_node.py [line:68] prepare_bootstrap INFO node id 44 just inserts 50000 TXs 
2023-03-10 11:02:41,719 dumbo_node.py [line:68] prepare_bootstrap INFO node id 44 just inserts 50000 TXs 
2023-03-10 11:02:41,719 dumbo_node.py [line:68] prepare_bootstrap INFO node id 44 just inserts 50000 TXs 
2023-03-10 11:02:41,719 dumbo_node.py [line:68] prepare_bootstrap INFO node id 44 just inserts 50000 TXs 
2023-03-10 11:02:41,720 dumbo_node.py [line:68] prepare_bootstrap INFO node id 44 just inserts 50000 TXs 
2023-03-10 11:02:41,720 dumbo_node.py [line:68] prepare_bootstrap INFO node id 44 just inserts 50000 TXs 
2023-03-10 11:02:41,720 dumbo_node.py [line:68] prepare_bootstrap INFO node id 44 just inserts 50000 TXs 
2023-03-10 11:02:41,720 dumbo_node.py [line:68] prepare_bootstrap INFO node id 44 just inserts 50000 TXs 
2023-03-10 11:02:41,720 dumbo_node.py [line:68] prepare_bootstrap INFO node id 44 just inserts 50000 TXs 
2023-03-10 11:02:41,721 dumbo_node.py [line:68] prepare_bootstrap INFO node id 44 just inserts 50000 TXs 
2023-03-10 11:02:41,721 dumbo_node.py [line:68] prepare_bootstrap INFO node id 44 just inserts 50000 TXs 
2023-03-10 11:02:41,721 dumbo_node.py [line:68] prepare_bootstrap INFO node id 44 just inserts 50000 TXs 
2023-03-10 11:02:41,721 dumbo_node.py [line:68] prepare_bootstrap INFO node id 44 just inserts 50000 TXs 
2023-03-10 11:02:41,721 dumbo_node.py [line:68] prepare_bootstrap INFO node id 44 just inserts 50000 TXs 
2023-03-10 11:02:41,722 dumbo_node.py [line:68] prepare_bootstrap INFO node id 44 just inserts 50000 TXs 
2023-03-10 11:02:41,722 dumbo_node.py [line:68] prepare_bootstrap INFO node id 44 just inserts 50000 TXs 
2023-03-10 11:02:41,722 dumbo_node.py [line:68] prepare_bootstrap INFO node id 44 just inserts 50000 TXs 
2023-03-10 11:02:41,722 dumbo_node.py [line:68] prepare_bootstrap INFO node id 44 just inserts 50000 TXs 
2023-03-10 11:02:41,722 dumbo_node.py [line:68] prepare_bootstrap INFO node id 44 just inserts 50000 TXs 
2023-03-10 11:02:41,723 dumbo_node.py [line:68] prepare_bootstrap INFO node id 44 just inserts 50000 TXs 
2023-03-10 11:02:41,723 dumbo_node.py [line:68] prepare_bootstrap INFO node id 44 just inserts 50000 TXs 
2023-03-10 11:02:41,723 dumbo_node.py [line:68] prepare_bootstrap INFO node id 44 just inserts 50000 TXs 
2023-03-10 11:02:41,723 dumbo_node.py [line:68] prepare_bootstrap INFO node id 44 just inserts 50000 TXs 
2023-03-10 11:02:41,723 dumbo_node.py [line:68] prepare_bootstrap INFO node id 44 just inserts 50000 TXs 
2023-03-10 11:02:41,724 dumbo_node.py [line:68] prepare_bootstrap INFO node id 44 just inserts 50000 TXs 
2023-03-10 11:02:41,724 dumbo_node.py [line:68] prepare_bootstrap INFO node id 44 just inserts 50000 TXs 
2023-03-10 11:02:41,724 dumbo_node.py [line:68] prepare_bootstrap INFO node id 44 just inserts 50000 TXs 
2023-03-10 11:02:41,724 dumbo_node.py [line:68] prepare_bootstrap INFO node id 44 just inserts 50000 TXs 
2023-03-10 11:02:41,724 dumbo_node.py [line:68] prepare_bootstrap INFO node id 44 just inserts 50000 TXs 
2023-03-10 11:02:41,724 dumbo_node.py [line:68] prepare_bootstrap INFO node id 44 just inserts 50000 TXs 
2023-03-10 11:02:41,725 dumbo_node.py [line:68] prepare_bootstrap INFO node id 44 just inserts 50000 TXs 
2023-03-10 11:02:41,725 dumbo_node.py [line:68] prepare_bootstrap INFO node id 44 just inserts 50000 TXs 
2023-03-10 11:02:41,725 dumbo_node.py [line:68] prepare_bootstrap INFO node id 44 just inserts 50000 TXs 
2023-03-10 11:02:41,725 dumbo_node.py [line:68] prepare_bootstrap INFO node id 44 just inserts 50000 TXs 
2023-03-10 11:02:41,725 dumbo_node.py [line:68] prepare_bootstrap INFO node id 44 just inserts 50000 TXs 
2023-03-10 11:02:41,725 dumbo_node.py [line:68] prepare_bootstrap INFO node id 44 just inserts 50000 TXs 
2023-03-10 11:02:41,726 dumbo_node.py [line:68] prepare_bootstrap INFO node id 44 just inserts 50000 TXs 
2023-03-10 11:02:41,726 dumbo_node.py [line:68] prepare_bootstrap INFO node id 44 just inserts 50000 TXs 
2023-03-10 11:02:41,726 dumbo_node.py [line:68] prepare_bootstrap INFO node id 44 just inserts 50000 TXs 
2023-03-10 11:02:41,726 dumbo_node.py [line:68] prepare_bootstrap INFO node id 44 just inserts 50000 TXs 
2023-03-10 11:02:41,726 dumbo_node.py [line:68] prepare_bootstrap INFO node id 44 just inserts 50000 TXs 
2023-03-10 11:02:41,727 dumbo_node.py [line:68] prepare_bootstrap INFO node id 44 just inserts 50000 TXs 
2023-03-10 11:02:41,727 dumbo_node.py [line:68] prepare_bootstrap INFO node id 44 just inserts 50000 TXs 
2023-03-10 11:02:41,727 dumbo_node.py [line:68] prepare_bootstrap INFO node id 44 just inserts 50000 TXs 
2023-03-10 11:02:41,727 dumbo_node.py [line:68] prepare_bootstrap INFO node id 44 just inserts 50000 TXs 
2023-03-10 11:02:41,727 dumbo_node.py [line:68] prepare_bootstrap INFO node id 44 just inserts 50000 TXs 
2023-03-10 11:02:41,727 dumbo_node.py [line:68] prepare_bootstrap INFO node id 44 just inserts 50000 TXs 
2023-03-10 11:02:41,727 dumbo_node.py [line:68] prepare_bootstrap INFO node id 44 just inserts 50000 TXs 
2023-03-10 11:02:41,727 dumbo_node.py [line:68] prepare_bootstrap INFO node id 44 just inserts 50000 TXs 
2023-03-10 11:02:41,727 dumbo_node.py [line:68] prepare_bootstrap INFO node id 44 just inserts 50000 TXs 
2023-03-10 11:02:41,727 dumbo_node.py [line:68] prepare_bootstrap INFO node id 44 just inserts 50000 TXs 
2023-03-10 11:02:41,728 dumbo_node.py [line:68] prepare_bootstrap INFO node id 44 just inserts 50000 TXs 
2023-03-10 11:02:41,728 dumbo_node.py [line:68] prepare_bootstrap INFO node id 44 just inserts 50000 TXs 
2023-03-10 11:02:41,728 dumbo_node.py [line:68] prepare_bootstrap INFO node id 44 just inserts 50000 TXs 
2023-03-10 11:02:41,728 dumbo_node.py [line:68] prepare_bootstrap INFO node id 44 just inserts 50000 TXs 
2023-03-10 11:02:41,728 dumbo_node.py [line:68] prepare_bootstrap INFO node id 44 just inserts 50000 TXs 
2023-03-10 11:02:41,728 dumbo_node.py [line:68] prepare_bootstrap INFO node id 44 just inserts 50000 TXs 
2023-03-10 11:02:41,728 dumbo_node.py [line:68] prepare_bootstrap INFO node id 44 just inserts 50000 TXs 
2023-03-10 11:02:41,728 dumbo_node.py [line:68] prepare_bootstrap INFO node id 44 just inserts 50000 TXs 
2023-03-10 11:02:41,728 dumbo_node.py [line:68] prepare_bootstrap INFO node id 44 just inserts 50000 TXs 
2023-03-10 11:02:41,728 dumbo_node.py [line:68] prepare_bootstrap INFO node id 44 just inserts 50000 TXs 
2023-03-10 11:02:41,729 dumbo_node.py [line:68] prepare_bootstrap INFO node id 44 just inserts 50000 TXs 
2023-03-10 11:02:41,729 dumbo_node.py [line:68] prepare_bootstrap INFO node id 44 just inserts 50000 TXs 
2023-03-10 11:02:41,729 dumbo_node.py [line:68] prepare_bootstrap INFO node id 44 just inserts 50000 TXs 
2023-03-10 11:02:41,729 dumbo_node.py [line:68] prepare_bootstrap INFO node id 44 just inserts 50000 TXs 
2023-03-10 11:02:41,729 dumbo_node.py [line:72] prepare_bootstrap INFO node id 44 completed the loading of dummy TXs 
2023-03-10 11:02:41,729 dumbo.py [line:179] run_bft INFO Node 44 starts to run at time:1678446161.7296157 
2023-03-10 11:02:44,552 dumbo.py [line:217] run_bft INFO Node 44 Delivers ACS Block in Round 0 with having 3366 TXs 
2023-03-10 11:02:44,552 dumbo.py [line:219] run_bft INFO ACS Block Delay at Node 44: 2.8227877616882324 
2023-03-10 11:02:44,552 dumbo.py [line:220] run_bft INFO Current Block's TPS at Node 44: 1192.4382150455715 
2023-03-10 11:02:47,227 dumbo.py [line:217] run_bft INFO Node 44 Delivers ACS Block in Round 1 with having 3366 TXs 
2023-03-10 11:02:47,228 dumbo.py [line:219] run_bft INFO ACS Block Delay at Node 44: 2.675492286682129 
2023-03-10 11:02:47,228 dumbo.py [line:220] run_bft INFO Current Block's TPS at Node 44: 1258.0862283756264 
2023-03-10 11:02:49,918 dumbo.py [line:217] run_bft INFO Node 44 Delivers ACS Block in Round 2 with having 3366 TXs 
2023-03-10 11:02:49,918 dumbo.py [line:219] run_bft INFO ACS Block Delay at Node 44: 2.6903414726257324 
2023-03-10 11:02:49,918 dumbo.py [line:220] run_bft INFO Current Block's TPS at Node 44: 1251.1422933665128 
2023-03-10 11:02:52,617 dumbo.py [line:217] run_bft INFO Node 44 Delivers ACS Block in Round 3 with having 3366 TXs 
2023-03-10 11:02:52,617 dumbo.py [line:219] run_bft INFO ACS Block Delay at Node 44: 2.6988048553466797 
2023-03-10 11:02:52,617 dumbo.py [line:220] run_bft INFO Current Block's TPS at Node 44: 1247.218743263901 
2023-03-10 11:02:55,355 dumbo.py [line:217] run_bft INFO Node 44 Delivers ACS Block in Round 4 with having 3366 TXs 
2023-03-10 11:02:55,356 dumbo.py [line:219] run_bft INFO ACS Block Delay at Node 44: 2.7387304306030273 
2023-03-10 11:02:55,356 dumbo.py [line:220] run_bft INFO Current Block's TPS at Node 44: 1229.0366230965117 
2023-03-10 11:02:59,560 dumbo.py [line:217] run_bft INFO Node 44 Delivers ACS Block in Round 5 with having 3366 TXs 
2023-03-10 11:02:59,561 dumbo.py [line:219] run_bft INFO ACS Block Delay at Node 44: 4.204891204833984 
2023-03-10 11:02:59,561 dumbo.py [line:220] run_bft INFO Current Block's TPS at Node 44: 800.4963353464207 
2023-03-10 11:03:02,240 dumbo.py [line:217] run_bft INFO Node 44 Delivers ACS Block in Round 6 with having 3366 TXs 
2023-03-10 11:03:02,240 dumbo.py [line:219] run_bft INFO ACS Block Delay at Node 44: 2.6798338890075684 
2023-03-10 11:03:02,240 dumbo.py [line:220] run_bft INFO Current Block's TPS at Node 44: 1256.0480012612056 
2023-03-10 11:03:04,961 dumbo.py [line:217] run_bft INFO Node 44 Delivers ACS Block in Round 7 with having 3366 TXs 
2023-03-10 11:03:04,961 dumbo.py [line:219] run_bft INFO ACS Block Delay at Node 44: 2.720308780670166 
2023-03-10 11:03:04,961 dumbo.py [line:220] run_bft INFO Current Block's TPS at Node 44: 1237.3595320935456 
2023-03-10 11:03:07,623 dumbo.py [line:217] run_bft INFO Node 44 Delivers ACS Block in Round 8 with having 3366 TXs 
2023-03-10 11:03:07,624 dumbo.py [line:219] run_bft INFO ACS Block Delay at Node 44: 2.662677764892578 
2023-03-10 11:03:07,624 dumbo.py [line:220] run_bft INFO Current Block's TPS at Node 44: 1264.1409502797258 
2023-03-10 11:03:10,363 dumbo.py [line:217] run_bft INFO Node 44 Delivers ACS Block in Round 9 with having 3366 TXs 
2023-03-10 11:03:10,363 dumbo.py [line:219] run_bft INFO ACS Block Delay at Node 44: 2.739171028137207 
2023-03-10 11:03:10,363 dumbo.py [line:220] run_bft INFO Current Block's TPS at Node 44: 1228.8389317147066 
2023-03-10 11:03:13,063 dumbo.py [line:217] run_bft INFO Node 44 Delivers ACS Block in Round 10 with having 3366 TXs 
2023-03-10 11:03:13,063 dumbo.py [line:219] run_bft INFO ACS Block Delay at Node 44: 2.7003471851348877 
2023-03-10 11:03:13,063 dumbo.py [line:220] run_bft INFO Current Block's TPS at Node 44: 1246.5063820420787 
2023-03-10 11:03:15,763 dumbo.py [line:217] run_bft INFO Node 44 Delivers ACS Block in Round 11 with having 3366 TXs 
2023-03-10 11:03:15,763 dumbo.py [line:219] run_bft INFO ACS Block Delay at Node 44: 2.6998891830444336 
2023-03-10 11:03:15,763 dumbo.py [line:220] run_bft INFO Current Block's TPS at Node 44: 1246.7178361018694 
2023-03-10 11:03:18,501 dumbo.py [line:217] run_bft INFO Node 44 Delivers ACS Block in Round 12 with having 3366 TXs 
2023-03-10 11:03:18,501 dumbo.py [line:219] run_bft INFO ACS Block Delay at Node 44: 2.7377185821533203 
2023-03-10 11:03:18,501 dumbo.py [line:220] run_bft INFO Current Block's TPS at Node 44: 1229.4908694934277 
2023-03-10 11:03:21,228 dumbo.py [line:217] run_bft INFO Node 44 Delivers ACS Block in Round 13 with having 3366 TXs 
2023-03-10 11:03:21,228 dumbo.py [line:219] run_bft INFO ACS Block Delay at Node 44: 2.726780891418457 
2023-03-10 11:03:21,228 dumbo.py [line:220] run_bft INFO Current Block's TPS at Node 44: 1234.4226155439371 
2023-03-10 11:03:23,951 dumbo.py [line:217] run_bft INFO Node 44 Delivers ACS Block in Round 14 with having 3366 TXs 
2023-03-10 11:03:23,951 dumbo.py [line:219] run_bft INFO ACS Block Delay at Node 44: 2.7231812477111816 
2023-03-10 11:03:23,951 dumbo.py [line:220] run_bft INFO Current Block's TPS at Node 44: 1236.0543400587471 
2023-03-10 11:03:26,681 dumbo.py [line:217] run_bft INFO Node 44 Delivers ACS Block in Round 15 with having 3366 TXs 
2023-03-10 11:03:26,681 dumbo.py [line:219] run_bft INFO ACS Block Delay at Node 44: 2.7299575805664062 
2023-03-10 11:03:26,681 dumbo.py [line:220] run_bft INFO Current Block's TPS at Node 44: 1232.9861914197322 
2023-03-10 11:03:29,325 dumbo.py [line:217] run_bft INFO Node 44 Delivers ACS Block in Round 16 with having 3366 TXs 
2023-03-10 11:03:29,325 dumbo.py [line:219] run_bft INFO ACS Block Delay at Node 44: 2.64357852935791 
2023-03-10 11:03:29,325 dumbo.py [line:220] run_bft INFO Current Block's TPS at Node 44: 1273.2740724814241 
2023-03-10 11:03:32,051 dumbo.py [line:217] run_bft INFO Node 44 Delivers ACS Block in Round 17 with having 3366 TXs 
2023-03-10 11:03:32,052 dumbo.py [line:219] run_bft INFO ACS Block Delay at Node 44: 2.726639986038208 
2023-03-10 11:03:32,052 dumbo.py [line:220] run_bft INFO Current Block's TPS at Node 44: 1234.4864071661982 
2023-03-10 11:03:34,789 dumbo.py [line:217] run_bft INFO Node 44 Delivers ACS Block in Round 18 with having 3366 TXs 
2023-03-10 11:03:34,789 dumbo.py [line:219] run_bft INFO ACS Block Delay at Node 44: 2.737474203109741 
2023-03-10 11:03:34,789 dumbo.py [line:220] run_bft INFO Current Block's TPS at Node 44: 1229.6006282639157 
2023-03-10 11:03:37,514 dumbo.py [line:217] run_bft INFO Node 44 Delivers ACS Block in Round 19 with having 3366 TXs 
2023-03-10 11:03:37,514 dumbo.py [line:219] run_bft INFO ACS Block Delay at Node 44: 2.7246975898742676 
2023-03-10 11:03:37,514 dumbo.py [line:220] run_bft INFO Current Block's TPS at Node 44: 1235.3664540641098 
2023-03-10 11:03:40,228 dumbo.py [line:217] run_bft INFO Node 44 Delivers ACS Block in Round 20 with having 3366 TXs 
2023-03-10 11:03:40,228 dumbo.py [line:219] run_bft INFO ACS Block Delay at Node 44: 2.7145237922668457 
2023-03-10 11:03:40,228 dumbo.py [line:220] run_bft INFO Current Block's TPS at Node 44: 1239.9964994188242 
2023-03-10 11:03:42,918 dumbo.py [line:217] run_bft INFO Node 44 Delivers ACS Block in Round 21 with having 3366 TXs 
2023-03-10 11:03:42,918 dumbo.py [line:219] run_bft INFO ACS Block Delay at Node 44: 2.6897780895233154 
2023-03-10 11:03:42,918 dumbo.py [line:220] run_bft INFO Current Block's TPS at Node 44: 1251.404349344122 
2023-03-10 11:03:45,619 dumbo.py [line:217] run_bft INFO Node 44 Delivers ACS Block in Round 22 with having 3366 TXs 
2023-03-10 11:03:45,620 dumbo.py [line:219] run_bft INFO ACS Block Delay at Node 44: 2.7012155055999756 
2023-03-10 11:03:45,620 dumbo.py [line:220] run_bft INFO Current Block's TPS at Node 44: 1246.1056857632568 
2023-03-10 11:03:48,394 dumbo.py [line:217] run_bft INFO Node 44 Delivers ACS Block in Round 23 with having 3366 TXs 
2023-03-10 11:03:48,394 dumbo.py [line:219] run_bft INFO ACS Block Delay at Node 44: 2.7746195793151855 
2023-03-10 11:03:48,394 dumbo.py [line:220] run_bft INFO Current Block's TPS at Node 44: 1213.139280459765 
2023-03-10 11:03:51,079 dumbo.py [line:217] run_bft INFO Node 44 Delivers ACS Block in Round 24 with having 3366 TXs 
2023-03-10 11:03:51,079 dumbo.py [line:219] run_bft INFO ACS Block Delay at Node 44: 2.684324026107788 
2023-03-10 11:03:51,079 dumbo.py [line:220] run_bft INFO Current Block's TPS at Node 44: 1253.9469778097643 
2023-03-10 11:03:53,952 dumbo.py [line:217] run_bft INFO Node 44 Delivers ACS Block in Round 25 with having 3366 TXs 
2023-03-10 11:03:53,952 dumbo.py [line:219] run_bft INFO ACS Block Delay at Node 44: 2.8731672763824463 
2023-03-10 11:03:53,952 dumbo.py [line:220] run_bft INFO Current Block's TPS at Node 44: 1171.5294224839115 
2023-03-10 11:03:56,595 dumbo.py [line:217] run_bft INFO Node 44 Delivers ACS Block in Round 26 with having 3366 TXs 
2023-03-10 11:03:56,595 dumbo.py [line:219] run_bft INFO ACS Block Delay at Node 44: 2.6429314613342285 
2023-03-10 11:03:56,595 dumbo.py [line:220] run_bft INFO Current Block's TPS at Node 44: 1273.5858077457467 
2023-03-10 11:03:59,265 dumbo.py [line:217] run_bft INFO Node 44 Delivers ACS Block in Round 27 with having 3366 TXs 
2023-03-10 11:03:59,265 dumbo.py [line:219] run_bft INFO ACS Block Delay at Node 44: 2.6705052852630615 
2023-03-10 11:03:59,266 dumbo.py [line:220] run_bft INFO Current Block's TPS at Node 44: 1260.4356256379504 
2023-03-10 11:04:02,005 dumbo.py [line:217] run_bft INFO Node 44 Delivers ACS Block in Round 28 with having 3366 TXs 
2023-03-10 11:04:02,005 dumbo.py [line:219] run_bft INFO ACS Block Delay at Node 44: 2.7392842769622803 
2023-03-10 11:04:02,005 dumbo.py [line:220] run_bft INFO Current Block's TPS at Node 44: 1228.7881284569391 
2023-03-10 11:04:04,777 dumbo.py [line:217] run_bft INFO Node 44 Delivers ACS Block in Round 29 with having 3366 TXs 
2023-03-10 11:04:04,777 dumbo.py [line:219] run_bft INFO ACS Block Delay at Node 44: 2.772467613220215 
2023-03-10 11:04:04,777 dumbo.py [line:220] run_bft INFO Current Block's TPS at Node 44: 1214.0809089886532 
2023-03-10 11:04:07,508 dumbo.py [line:217] run_bft INFO Node 44 Delivers ACS Block in Round 30 with having 3366 TXs 
2023-03-10 11:04:07,508 dumbo.py [line:219] run_bft INFO ACS Block Delay at Node 44: 2.7307400703430176 
2023-03-10 11:04:07,508 dumbo.py [line:220] run_bft INFO Current Block's TPS at Node 44: 1232.6328809380914 
2023-03-10 11:04:10,213 dumbo.py [line:217] run_bft INFO Node 44 Delivers ACS Block in Round 31 with having 3366 TXs 
2023-03-10 11:04:10,213 dumbo.py [line:219] run_bft INFO ACS Block Delay at Node 44: 2.7048768997192383 
2023-03-10 11:04:10,213 dumbo.py [line:220] run_bft INFO Current Block's TPS at Node 44: 1244.4189235929314 
2023-03-10 11:04:12,941 dumbo.py [line:217] run_bft INFO Node 44 Delivers ACS Block in Round 32 with having 3366 TXs 
2023-03-10 11:04:12,941 dumbo.py [line:219] run_bft INFO ACS Block Delay at Node 44: 2.728145122528076 
2023-03-10 11:04:12,941 dumbo.py [line:220] run_bft INFO Current Block's TPS at Node 44: 1233.8053324966988 
2023-03-10 11:04:15,694 dumbo.py [line:217] run_bft INFO Node 44 Delivers ACS Block in Round 33 with having 3366 TXs 
2023-03-10 11:04:15,694 dumbo.py [line:219] run_bft INFO ACS Block Delay at Node 44: 2.752837896347046 
2023-03-10 11:04:15,694 dumbo.py [line:220] run_bft INFO Current Block's TPS at Node 44: 1222.7381802853727 
2023-03-10 11:04:18,419 dumbo.py [line:217] run_bft INFO Node 44 Delivers ACS Block in Round 34 with having 3366 TXs 
2023-03-10 11:04:18,419 dumbo.py [line:219] run_bft INFO ACS Block Delay at Node 44: 2.72457218170166 
2023-03-10 11:04:18,419 dumbo.py [line:220] run_bft INFO Current Block's TPS at Node 44: 1235.4233162205046 
2023-03-10 11:04:21,085 dumbo.py [line:217] run_bft INFO Node 44 Delivers ACS Block in Round 35 with having 3366 TXs 
2023-03-10 11:04:21,086 dumbo.py [line:219] run_bft INFO ACS Block Delay at Node 44: 2.6667094230651855 
2023-03-10 11:04:21,086 dumbo.py [line:220] run_bft INFO Current Block's TPS at Node 44: 1262.22976185048 
2023-03-10 11:04:23,875 dumbo.py [line:217] run_bft INFO Node 44 Delivers ACS Block in Round 36 with having 3366 TXs 
2023-03-10 11:04:23,876 dumbo.py [line:219] run_bft INFO ACS Block Delay at Node 44: 2.7898128032684326 
2023-03-10 11:04:23,876 dumbo.py [line:220] run_bft INFO Current Block's TPS at Node 44: 1206.5325659329292 
2023-03-10 11:04:26,602 dumbo.py [line:217] run_bft INFO Node 44 Delivers ACS Block in Round 37 with having 3366 TXs 
2023-03-10 11:04:26,602 dumbo.py [line:219] run_bft INFO ACS Block Delay at Node 44: 2.7262842655181885 
2023-03-10 11:04:26,602 dumbo.py [line:220] run_bft INFO Current Block's TPS at Node 44: 1234.647480665491 
2023-03-10 11:04:29,292 dumbo.py [line:217] run_bft INFO Node 44 Delivers ACS Block in Round 38 with having 3366 TXs 
2023-03-10 11:04:29,292 dumbo.py [line:219] run_bft INFO ACS Block Delay at Node 44: 2.6904025077819824 
2023-03-10 11:04:29,292 dumbo.py [line:220] run_bft INFO Current Block's TPS at Node 44: 1251.113909633913 
2023-03-10 11:04:32,038 dumbo.py [line:217] run_bft INFO Node 44 Delivers ACS Block in Round 39 with having 3366 TXs 
2023-03-10 11:04:32,038 dumbo.py [line:219] run_bft INFO ACS Block Delay at Node 44: 2.745654582977295 
2023-03-10 11:04:32,038 dumbo.py [line:220] run_bft INFO Current Block's TPS at Node 44: 1225.9371666300513 
2023-03-10 11:04:34,725 dumbo.py [line:217] run_bft INFO Node 44 Delivers ACS Block in Round 40 with having 3366 TXs 
2023-03-10 11:04:34,725 dumbo.py [line:219] run_bft INFO ACS Block Delay at Node 44: 2.686680793762207 
2023-03-10 11:04:34,725 dumbo.py [line:220] run_bft INFO Current Block's TPS at Node 44: 1252.8470102644872 
2023-03-10 11:04:37,488 dumbo.py [line:217] run_bft INFO Node 44 Delivers ACS Block in Round 41 with having 3366 TXs 
2023-03-10 11:04:37,488 dumbo.py [line:219] run_bft INFO ACS Block Delay at Node 44: 2.7628068923950195 
2023-03-10 11:04:37,488 dumbo.py [line:220] run_bft INFO Current Block's TPS at Node 44: 1218.3261918396638 
2023-03-10 11:04:40,176 dumbo.py [line:217] run_bft INFO Node 44 Delivers ACS Block in Round 42 with having 3366 TXs 
2023-03-10 11:04:40,176 dumbo.py [line:219] run_bft INFO ACS Block Delay at Node 44: 2.6882030963897705 
2023-03-10 11:04:40,176 dumbo.py [line:220] run_bft INFO Current Block's TPS at Node 44: 1252.1375354862525 
2023-03-10 11:04:42,894 dumbo.py [line:217] run_bft INFO Node 44 Delivers ACS Block in Round 43 with having 3366 TXs 
2023-03-10 11:04:42,894 dumbo.py [line:219] run_bft INFO ACS Block Delay at Node 44: 2.71772837638855 
2023-03-10 11:04:42,894 dumbo.py [line:220] run_bft INFO Current Block's TPS at Node 44: 1238.5343690869156 
2023-03-10 11:04:45,605 dumbo.py [line:217] run_bft INFO Node 44 Delivers ACS Block in Round 44 with having 3366 TXs 
2023-03-10 11:04:45,605 dumbo.py [line:219] run_bft INFO ACS Block Delay at Node 44: 2.710932731628418 
2023-03-10 11:04:45,605 dumbo.py [line:220] run_bft INFO Current Block's TPS at Node 44: 1241.639071574488 
2023-03-10 11:04:48,359 dumbo.py [line:217] run_bft INFO Node 44 Delivers ACS Block in Round 45 with having 3366 TXs 
2023-03-10 11:04:48,359 dumbo.py [line:219] run_bft INFO ACS Block Delay at Node 44: 2.7538225650787354 
2023-03-10 11:04:48,359 dumbo.py [line:220] run_bft INFO Current Block's TPS at Node 44: 1222.3009727221702 
2023-03-10 11:04:51,128 dumbo.py [line:217] run_bft INFO Node 44 Delivers ACS Block in Round 46 with having 3366 TXs 
2023-03-10 11:04:51,128 dumbo.py [line:219] run_bft INFO ACS Block Delay at Node 44: 2.769275665283203 
2023-03-10 11:04:51,128 dumbo.py [line:220] run_bft INFO Current Block's TPS at Node 44: 1215.4802940702446 
2023-03-10 11:04:53,977 dumbo.py [line:217] run_bft INFO Node 44 Delivers ACS Block in Round 47 with having 3366 TXs 
2023-03-10 11:04:53,978 dumbo.py [line:219] run_bft INFO ACS Block Delay at Node 44: 2.849456787109375 
2023-03-10 11:04:53,978 dumbo.py [line:220] run_bft INFO Current Block's TPS at Node 44: 1181.2777843227555 
2023-03-10 11:04:56,654 dumbo.py [line:217] run_bft INFO Node 44 Delivers ACS Block in Round 48 with having 3366 TXs 
2023-03-10 11:04:56,654 dumbo.py [line:219] run_bft INFO ACS Block Delay at Node 44: 2.6765127182006836 
2023-03-10 11:04:56,654 dumbo.py [line:220] run_bft INFO Current Block's TPS at Node 44: 1257.6065778095133 
2023-03-10 11:04:59,343 dumbo.py [line:217] run_bft INFO Node 44 Delivers ACS Block in Round 49 with having 3366 TXs 
2023-03-10 11:04:59,343 dumbo.py [line:219] run_bft INFO ACS Block Delay at Node 44: 2.6886956691741943 
2023-03-10 11:04:59,343 dumbo.py [line:220] run_bft INFO Current Block's TPS at Node 44: 1251.9081421490268 
2023-03-10 11:05:02,144 dumbo.py [line:217] run_bft INFO Node 44 Delivers ACS Block in Round 50 with having 3366 TXs 
2023-03-10 11:05:02,144 dumbo.py [line:219] run_bft INFO ACS Block Delay at Node 44: 2.8011577129364014 
2023-03-10 11:05:02,144 dumbo.py [line:220] run_bft INFO Current Block's TPS at Node 44: 1201.64601388027 
2023-03-10 11:05:04,905 dumbo.py [line:217] run_bft INFO Node 44 Delivers ACS Block in Round 51 with having 3366 TXs 
2023-03-10 11:05:04,906 dumbo.py [line:219] run_bft INFO ACS Block Delay at Node 44: 2.761417865753174 
2023-03-10 11:05:04,906 dumbo.py [line:220] run_bft INFO Current Block's TPS at Node 44: 1218.9390246745315 
2023-03-10 11:05:07,593 dumbo.py [line:217] run_bft INFO Node 44 Delivers ACS Block in Round 52 with having 3366 TXs 
2023-03-10 11:05:07,593 dumbo.py [line:219] run_bft INFO ACS Block Delay at Node 44: 2.6877307891845703 
2023-03-10 11:05:07,593 dumbo.py [line:220] run_bft INFO Current Block's TPS at Node 44: 1252.3575700158606 
2023-03-10 11:05:10,229 dumbo.py [line:217] run_bft INFO Node 44 Delivers ACS Block in Round 53 with having 3366 TXs 
2023-03-10 11:05:10,229 dumbo.py [line:219] run_bft INFO ACS Block Delay at Node 44: 2.6359176635742188 
2023-03-10 11:05:10,229 dumbo.py [line:220] run_bft INFO Current Block's TPS at Node 44: 1276.9746363912648 
2023-03-10 11:05:12,954 dumbo.py [line:217] run_bft INFO Node 44 Delivers ACS Block in Round 54 with having 3366 TXs 
2023-03-10 11:05:12,954 dumbo.py [line:219] run_bft INFO ACS Block Delay at Node 44: 2.724464178085327 
2023-03-10 11:05:12,954 dumbo.py [line:220] run_bft INFO Current Block's TPS at Node 44: 1235.4722910563373 
2023-03-10 11:05:15,716 dumbo.py [line:217] run_bft INFO Node 44 Delivers ACS Block in Round 55 with having 3366 TXs 
2023-03-10 11:05:15,717 dumbo.py [line:219] run_bft INFO ACS Block Delay at Node 44: 2.7625131607055664 
2023-03-10 11:05:15,717 dumbo.py [line:220] run_bft INFO Current Block's TPS at Node 44: 1218.4557336698076 
2023-03-10 11:05:18,493 dumbo.py [line:217] run_bft INFO Node 44 Delivers ACS Block in Round 56 with having 3366 TXs 
2023-03-10 11:05:18,493 dumbo.py [line:219] run_bft INFO ACS Block Delay at Node 44: 2.776048183441162 
2023-03-10 11:05:18,493 dumbo.py [line:220] run_bft INFO Current Block's TPS at Node 44: 1212.514977253579 
2023-03-10 11:05:21,172 dumbo.py [line:217] run_bft INFO Node 44 Delivers ACS Block in Round 57 with having 3366 TXs 
2023-03-10 11:05:21,172 dumbo.py [line:219] run_bft INFO ACS Block Delay at Node 44: 2.6789708137512207 
2023-03-10 11:05:21,172 dumbo.py [line:220] run_bft INFO Current Block's TPS at Node 44: 1256.4526581335797 
2023-03-10 11:05:23,941 dumbo.py [line:217] run_bft INFO Node 44 Delivers ACS Block in Round 58 with having 3366 TXs 
2023-03-10 11:05:23,942 dumbo.py [line:219] run_bft INFO ACS Block Delay at Node 44: 2.7697107791900635 
2023-03-10 11:05:23,942 dumbo.py [line:220] run_bft INFO Current Block's TPS at Node 44: 1215.289345476103 
2023-03-10 11:05:26,629 dumbo.py [line:217] run_bft INFO Node 44 Delivers ACS Block in Round 59 with having 3366 TXs 
2023-03-10 11:05:26,629 dumbo.py [line:219] run_bft INFO ACS Block Delay at Node 44: 2.6875414848327637 
2023-03-10 11:05:26,629 dumbo.py [line:220] run_bft INFO Current Block's TPS at Node 44: 1252.4457832543762 
2023-03-10 11:05:29,358 dumbo.py [line:217] run_bft INFO Node 44 Delivers ACS Block in Round 60 with having 3366 TXs 
2023-03-10 11:05:29,358 dumbo.py [line:219] run_bft INFO ACS Block Delay at Node 44: 2.7290303707122803 
2023-03-10 11:05:29,358 dumbo.py [line:220] run_bft INFO Current Block's TPS at Node 44: 1233.4051083211177 
2023-03-10 11:05:33,154 dumbo.py [line:217] run_bft INFO Node 44 Delivers ACS Block in Round 61 with having 3366 TXs 
2023-03-10 11:05:33,154 dumbo.py [line:219] run_bft INFO ACS Block Delay at Node 44: 3.7956550121307373 
2023-03-10 11:05:33,154 dumbo.py [line:220] run_bft INFO Current Block's TPS at Node 44: 886.8034605996646 
2023-03-10 11:05:35,897 dumbo.py [line:217] run_bft INFO Node 44 Delivers ACS Block in Round 62 with having 3366 TXs 
2023-03-10 11:05:35,897 dumbo.py [line:219] run_bft INFO ACS Block Delay at Node 44: 2.7432150840759277 
2023-03-10 11:05:35,897 dumbo.py [line:220] run_bft INFO Current Block's TPS at Node 44: 1227.0273736606628 
2023-03-10 11:05:38,580 dumbo.py [line:217] run_bft INFO Node 44 Delivers ACS Block in Round 63 with having 3366 TXs 
2023-03-10 11:05:38,580 dumbo.py [line:219] run_bft INFO ACS Block Delay at Node 44: 2.6824445724487305 
2023-03-10 11:05:38,580 dumbo.py [line:220] run_bft INFO Current Block's TPS at Node 44: 1254.8255552312385 
2023-03-10 11:05:41,312 dumbo.py [line:217] run_bft INFO Node 44 Delivers ACS Block in Round 64 with having 3366 TXs 
2023-03-10 11:05:41,312 dumbo.py [line:219] run_bft INFO ACS Block Delay at Node 44: 2.732524871826172 
2023-03-10 11:05:41,312 dumbo.py [line:220] run_bft INFO Current Block's TPS at Node 44: 1231.8277629255285 
2023-03-10 11:05:44,143 dumbo.py [line:217] run_bft INFO Node 44 Delivers ACS Block in Round 65 with having 3366 TXs 
2023-03-10 11:05:44,143 dumbo.py [line:219] run_bft INFO ACS Block Delay at Node 44: 2.8306756019592285 
2023-03-10 11:05:44,143 dumbo.py [line:220] run_bft INFO Current Block's TPS at Node 44: 1189.1154174184605 
2023-03-10 11:05:46,889 dumbo.py [line:217] run_bft INFO Node 44 Delivers ACS Block in Round 66 with having 3366 TXs 
2023-03-10 11:05:46,889 dumbo.py [line:219] run_bft INFO ACS Block Delay at Node 44: 2.7457327842712402 
2023-03-10 11:05:46,889 dumbo.py [line:220] run_bft INFO Current Block's TPS at Node 44: 1225.9022506785518 
2023-03-10 11:05:49,534 dumbo.py [line:217] run_bft INFO Node 44 Delivers ACS Block in Round 67 with having 3366 TXs 
2023-03-10 11:05:49,534 dumbo.py [line:219] run_bft INFO ACS Block Delay at Node 44: 2.645021915435791 
2023-03-10 11:05:49,534 dumbo.py [line:220] run_bft INFO Current Block's TPS at Node 44: 1272.579247966428 
2023-03-10 11:05:52,259 dumbo.py [line:217] run_bft INFO Node 44 Delivers ACS Block in Round 68 with having 3366 TXs 
2023-03-10 11:05:52,259 dumbo.py [line:219] run_bft INFO ACS Block Delay at Node 44: 2.724853515625 
2023-03-10 11:05:52,259 dumbo.py [line:220] run_bft INFO Current Block's TPS at Node 44: 1235.2957620284922 
2023-03-10 11:05:54,936 dumbo.py [line:217] run_bft INFO Node 44 Delivers ACS Block in Round 69 with having 3366 TXs 
2023-03-10 11:05:54,936 dumbo.py [line:219] run_bft INFO ACS Block Delay at Node 44: 2.6766207218170166 
2023-03-10 11:05:54,936 dumbo.py [line:220] run_bft INFO Current Block's TPS at Node 44: 1257.5558324583994 
2023-03-10 11:05:57,579 dumbo.py [line:217] run_bft INFO Node 44 Delivers ACS Block in Round 70 with having 3366 TXs 
2023-03-10 11:05:57,579 dumbo.py [line:219] run_bft INFO ACS Block Delay at Node 44: 2.643064022064209 
2023-03-10 11:05:57,579 dumbo.py [line:220] run_bft INFO Current Block's TPS at Node 44: 1273.5219320836522 
2023-03-10 11:06:02,904 dumbo.py [line:217] run_bft INFO Node 44 Delivers ACS Block in Round 71 with having 3366 TXs 
2023-03-10 11:06:02,904 dumbo.py [line:219] run_bft INFO ACS Block Delay at Node 44: 5.325586557388306 
2023-03-10 11:06:02,905 dumbo.py [line:220] run_bft INFO Current Block's TPS at Node 44: 632.0430554884649 
2023-03-10 11:06:05,631 dumbo.py [line:217] run_bft INFO Node 44 Delivers ACS Block in Round 72 with having 3366 TXs 
2023-03-10 11:06:05,631 dumbo.py [line:219] run_bft INFO ACS Block Delay at Node 44: 2.726393461227417 
2023-03-10 11:06:05,631 dumbo.py [line:220] run_bft INFO Current Block's TPS at Node 44: 1234.5980313804866 
2023-03-10 11:06:08,401 dumbo.py [line:217] run_bft INFO Node 44 Delivers ACS Block in Round 73 with having 3366 TXs 
2023-03-10 11:06:08,401 dumbo.py [line:219] run_bft INFO ACS Block Delay at Node 44: 2.770059823989868 
2023-03-10 11:06:08,401 dumbo.py [line:220] run_bft INFO Current Block's TPS at Node 44: 1215.1362114453423 
2023-03-10 11:06:11,091 dumbo.py [line:217] run_bft INFO Node 44 Delivers ACS Block in Round 74 with having 3366 TXs 
2023-03-10 11:06:11,092 dumbo.py [line:219] run_bft INFO ACS Block Delay at Node 44: 2.690389633178711 
2023-03-10 11:06:11,092 dumbo.py [line:220] run_bft INFO Current Block's TPS at Node 44: 1251.1198967203318 
2023-03-10 11:06:13,852 dumbo.py [line:217] run_bft INFO Node 44 Delivers ACS Block in Round 75 with having 3366 TXs 
2023-03-10 11:06:13,852 dumbo.py [line:219] run_bft INFO ACS Block Delay at Node 44: 2.7608888149261475 
2023-03-10 11:06:13,852 dumbo.py [line:220] run_bft INFO Current Block's TPS at Node 44: 1219.172601881847 
2023-03-10 11:06:16,630 dumbo.py [line:217] run_bft INFO Node 44 Delivers ACS Block in Round 76 with having 3366 TXs 
2023-03-10 11:06:16,630 dumbo.py [line:219] run_bft INFO ACS Block Delay at Node 44: 2.7776038646698 
2023-03-10 11:06:16,630 dumbo.py [line:220] run_bft INFO Current Block's TPS at Node 44: 1211.8358714913973 
2023-03-10 11:06:19,338 dumbo.py [line:217] run_bft INFO Node 44 Delivers ACS Block in Round 77 with having 3366 TXs 
2023-03-10 11:06:19,338 dumbo.py [line:219] run_bft INFO ACS Block Delay at Node 44: 2.707425594329834 
2023-03-10 11:06:19,338 dumbo.py [line:220] run_bft INFO Current Block's TPS at Node 44: 1243.247462478533 
2023-03-10 11:06:23,573 dumbo.py [line:217] run_bft INFO Node 44 Delivers ACS Block in Round 78 with having 3366 TXs 
2023-03-10 11:06:23,573 dumbo.py [line:219] run_bft INFO ACS Block Delay at Node 44: 4.235206604003906 
2023-03-10 11:06:23,573 dumbo.py [line:220] run_bft INFO Current Block's TPS at Node 44: 794.7664222136955 
2023-03-10 11:06:26,275 dumbo.py [line:217] run_bft INFO Node 44 Delivers ACS Block in Round 79 with having 3366 TXs 
2023-03-10 11:06:26,275 dumbo.py [line:219] run_bft INFO ACS Block Delay at Node 44: 2.702526569366455 
2023-03-10 11:06:26,276 dumbo.py [line:220] run_bft INFO Current Block's TPS at Node 44: 1245.5011684821588 
2023-03-10 11:06:29,124 dumbo.py [line:217] run_bft INFO Node 44 Delivers ACS Block in Round 80 with having 3366 TXs 
2023-03-10 11:06:29,124 dumbo.py [line:219] run_bft INFO ACS Block Delay at Node 44: 2.84891939163208 
2023-03-10 11:06:29,124 dumbo.py [line:220] run_bft INFO Current Block's TPS at Node 44: 1181.5006103320095 
2023-03-10 11:06:31,729 dumbo.py [line:217] run_bft INFO Node 44 Delivers ACS Block in Round 81 with having 3366 TXs 
2023-03-10 11:06:31,729 dumbo.py [line:219] run_bft INFO ACS Block Delay at Node 44: 2.604921817779541 
2023-03-10 11:06:31,729 dumbo.py [line:220] run_bft INFO Current Block's TPS at Node 44: 1292.1692992955961 
2023-03-10 11:06:34,498 dumbo.py [line:217] run_bft INFO Node 44 Delivers ACS Block in Round 82 with having 3366 TXs 
2023-03-10 11:06:34,498 dumbo.py [line:219] run_bft INFO ACS Block Delay at Node 44: 2.7689366340637207 
2023-03-10 11:06:34,498 dumbo.py [line:220] run_bft INFO Current Block's TPS at Node 44: 1215.6291186266776 
2023-03-10 11:06:37,235 dumbo.py [line:217] run_bft INFO Node 44 Delivers ACS Block in Round 83 with having 3366 TXs 
2023-03-10 11:06:37,235 dumbo.py [line:219] run_bft INFO ACS Block Delay at Node 44: 2.736104726791382 
2023-03-10 11:06:37,235 dumbo.py [line:220] run_bft INFO Current Block's TPS at Node 44: 1230.2160685008917 
2023-03-10 11:06:40,002 dumbo.py [line:217] run_bft INFO Node 44 Delivers ACS Block in Round 84 with having 3366 TXs 
2023-03-10 11:06:40,003 dumbo.py [line:219] run_bft INFO ACS Block Delay at Node 44: 2.7679615020751953 
2023-03-10 11:06:40,003 dumbo.py [line:220] run_bft INFO Current Block's TPS at Node 44: 1216.0573756088888 
2023-03-10 11:06:42,916 dumbo.py [line:217] run_bft INFO Node 44 Delivers ACS Block in Round 85 with having 3366 TXs 
2023-03-10 11:06:42,916 dumbo.py [line:219] run_bft INFO ACS Block Delay at Node 44: 2.9137613773345947 
2023-03-10 11:06:42,917 dumbo.py [line:220] run_bft INFO Current Block's TPS at Node 44: 1155.2078444663498 
2023-03-10 11:06:45,583 dumbo.py [line:217] run_bft INFO Node 44 Delivers ACS Block in Round 86 with having 3366 TXs 
2023-03-10 11:06:45,584 dumbo.py [line:219] run_bft INFO ACS Block Delay at Node 44: 2.6671299934387207 
2023-03-10 11:06:45,584 dumbo.py [line:220] run_bft INFO Current Block's TPS at Node 44: 1262.030725266686 
2023-03-10 11:06:48,259 dumbo.py [line:217] run_bft INFO Node 44 Delivers ACS Block in Round 87 with having 3366 TXs 
2023-03-10 11:06:48,259 dumbo.py [line:219] run_bft INFO ACS Block Delay at Node 44: 2.6751370429992676 
2023-03-10 11:06:48,259 dumbo.py [line:220] run_bft INFO Current Block's TPS at Node 44: 1258.2532953998355 
2023-03-10 11:06:51,109 dumbo.py [line:217] run_bft INFO Node 44 Delivers ACS Block in Round 88 with having 3366 TXs 
2023-03-10 11:06:51,109 dumbo.py [line:219] run_bft INFO ACS Block Delay at Node 44: 2.8500490188598633 
2023-03-10 11:06:51,109 dumbo.py [line:220] run_bft INFO Current Block's TPS at Node 44: 1181.0323182955424 
2023-03-10 11:06:53,695 dumbo.py [line:217] run_bft INFO Node 44 Delivers ACS Block in Round 89 with having 3366 TXs 
2023-03-10 11:06:53,695 dumbo.py [line:219] run_bft INFO ACS Block Delay at Node 44: 2.5861623287200928 
2023-03-10 11:06:53,695 dumbo.py [line:220] run_bft INFO Current Block's TPS at Node 44: 1301.5424293438896 
2023-03-10 11:06:56,571 dumbo.py [line:217] run_bft INFO Node 44 Delivers ACS Block in Round 90 with having 3366 TXs 
2023-03-10 11:06:56,571 dumbo.py [line:219] run_bft INFO ACS Block Delay at Node 44: 2.876084566116333 
2023-03-10 11:06:56,571 dumbo.py [line:220] run_bft INFO Current Block's TPS at Node 44: 1170.3411087613515 
2023-03-10 11:06:59,342 dumbo.py [line:217] run_bft INFO Node 44 Delivers ACS Block in Round 91 with having 3366 TXs 
2023-03-10 11:06:59,343 dumbo.py [line:219] run_bft INFO ACS Block Delay at Node 44: 2.7711422443389893 
2023-03-10 11:06:59,343 dumbo.py [line:220] run_bft INFO Current Block's TPS at Node 44: 1214.6615738965447 
2023-03-10 11:07:02,081 dumbo.py [line:217] run_bft INFO Node 44 Delivers ACS Block in Round 92 with having 3366 TXs 
2023-03-10 11:07:02,081 dumbo.py [line:219] run_bft INFO ACS Block Delay at Node 44: 2.738558769226074 
2023-03-10 11:07:02,081 dumbo.py [line:220] run_bft INFO Current Block's TPS at Node 44: 1229.1136629327268 
2023-03-10 11:07:04,830 dumbo.py [line:217] run_bft INFO Node 44 Delivers ACS Block in Round 93 with having 3366 TXs 
2023-03-10 11:07:04,830 dumbo.py [line:219] run_bft INFO ACS Block Delay at Node 44: 2.7485499382019043 
2023-03-10 11:07:04,830 dumbo.py [line:220] run_bft INFO Current Block's TPS at Node 44: 1224.645749824735 
2023-03-10 11:07:07,685 dumbo.py [line:217] run_bft INFO Node 44 Delivers ACS Block in Round 94 with having 3366 TXs 
2023-03-10 11:07:07,685 dumbo.py [line:219] run_bft INFO ACS Block Delay at Node 44: 2.8554847240448 
2023-03-10 11:07:07,685 dumbo.py [line:220] run_bft INFO Current Block's TPS at Node 44: 1178.7841033280172 
2023-03-10 11:07:10,336 dumbo.py [line:217] run_bft INFO Node 44 Delivers ACS Block in Round 95 with having 3366 TXs 
2023-03-10 11:07:10,336 dumbo.py [line:219] run_bft INFO ACS Block Delay at Node 44: 2.6506142616271973 
2023-03-10 11:07:10,336 dumbo.py [line:220] run_bft INFO Current Block's TPS at Node 44: 1269.8943217537928 
2023-03-10 11:07:13,150 dumbo.py [line:217] run_bft INFO Node 44 Delivers ACS Block in Round 96 with having 3366 TXs 
2023-03-10 11:07:13,150 dumbo.py [line:219] run_bft INFO ACS Block Delay at Node 44: 2.8138556480407715 
2023-03-10 11:07:13,150 dumbo.py [line:220] run_bft INFO Current Block's TPS at Node 44: 1196.223410516341 
2023-03-10 11:07:15,889 dumbo.py [line:217] run_bft INFO Node 44 Delivers ACS Block in Round 97 with having 3366 TXs 
2023-03-10 11:07:15,889 dumbo.py [line:219] run_bft INFO ACS Block Delay at Node 44: 2.7389309406280518 
2023-03-10 11:07:15,889 dumbo.py [line:220] run_bft INFO Current Block's TPS at Node 44: 1228.9466485154087 
2023-03-10 11:07:18,686 dumbo.py [line:217] run_bft INFO Node 44 Delivers ACS Block in Round 98 with having 3366 TXs 
2023-03-10 11:07:18,686 dumbo.py [line:219] run_bft INFO ACS Block Delay at Node 44: 2.797196865081787 
2023-03-10 11:07:18,686 dumbo.py [line:220] run_bft INFO Current Block's TPS at Node 44: 1203.3475519791782 
2023-03-10 11:07:21,487 dumbo.py [line:217] run_bft INFO Node 44 Delivers ACS Block in Round 99 with having 3366 TXs 
2023-03-10 11:07:21,487 dumbo.py [line:219] run_bft INFO ACS Block Delay at Node 44: 2.8006186485290527 
2023-03-10 11:07:21,487 dumbo.py [line:220] run_bft INFO Current Block's TPS at Node 44: 1201.8773072756258 
2023-03-10 11:07:21,487 dumbo.py [line:241] run_bft INFO node 44 breaks in 279.757853 seconds with total delivered Txs 336600 
2023-03-10 11:08:17,528 dumbo_node.py [line:77] run INFO node 44's starts to run consensus on process id 2442350 
2023-03-10 11:08:17,528 dumbo_node.py [line:59] prepare_bootstrap INFO node id 44 is inserting dummy payload TXs 
2023-03-10 11:08:17,529 dumbo_node.py [line:68] prepare_bootstrap INFO node id 44 just inserts 50000 TXs 
2023-03-10 11:08:17,529 dumbo_node.py [line:68] prepare_bootstrap INFO node id 44 just inserts 50000 TXs 
2023-03-10 11:08:17,529 dumbo_node.py [line:68] prepare_bootstrap INFO node id 44 just inserts 50000 TXs 
2023-03-10 11:08:17,529 dumbo_node.py [line:68] prepare_bootstrap INFO node id 44 just inserts 50000 TXs 
2023-03-10 11:08:17,530 dumbo_node.py [line:68] prepare_bootstrap INFO node id 44 just inserts 50000 TXs 
2023-03-10 11:08:17,530 dumbo_node.py [line:68] prepare_bootstrap INFO node id 44 just inserts 50000 TXs 
2023-03-10 11:08:17,530 dumbo_node.py [line:68] prepare_bootstrap INFO node id 44 just inserts 50000 TXs 
2023-03-10 11:08:17,530 dumbo_node.py [line:68] prepare_bootstrap INFO node id 44 just inserts 50000 TXs 
2023-03-10 11:08:17,530 dumbo_node.py [line:68] prepare_bootstrap INFO node id 44 just inserts 50000 TXs 
2023-03-10 11:08:17,530 dumbo_node.py [line:68] prepare_bootstrap INFO node id 44 just inserts 50000 TXs 
2023-03-10 11:08:17,531 dumbo_node.py [line:68] prepare_bootstrap INFO node id 44 just inserts 50000 TXs 
2023-03-10 11:08:17,531 dumbo_node.py [line:68] prepare_bootstrap INFO node id 44 just inserts 50000 TXs 
2023-03-10 11:08:17,531 dumbo_node.py [line:68] prepare_bootstrap INFO node id 44 just inserts 50000 TXs 
2023-03-10 11:08:17,531 dumbo_node.py [line:68] prepare_bootstrap INFO node id 44 just inserts 50000 TXs 
2023-03-10 11:08:17,531 dumbo_node.py [line:68] prepare_bootstrap INFO node id 44 just inserts 50000 TXs 
2023-03-10 11:08:17,531 dumbo_node.py [line:68] prepare_bootstrap INFO node id 44 just inserts 50000 TXs 
2023-03-10 11:08:17,531 dumbo_node.py [line:68] prepare_bootstrap INFO node id 44 just inserts 50000 TXs 
2023-03-10 11:08:17,532 dumbo_node.py [line:68] prepare_bootstrap INFO node id 44 just inserts 50000 TXs 
2023-03-10 11:08:17,532 dumbo_node.py [line:68] prepare_bootstrap INFO node id 44 just inserts 50000 TXs 
2023-03-10 11:08:17,532 dumbo_node.py [line:68] prepare_bootstrap INFO node id 44 just inserts 50000 TXs 
2023-03-10 11:08:17,532 dumbo_node.py [line:68] prepare_bootstrap INFO node id 44 just inserts 50000 TXs 
2023-03-10 11:08:17,532 dumbo_node.py [line:68] prepare_bootstrap INFO node id 44 just inserts 50000 TXs 
2023-03-10 11:08:17,532 dumbo_node.py [line:68] prepare_bootstrap INFO node id 44 just inserts 50000 TXs 
2023-03-10 11:08:17,532 dumbo_node.py [line:68] prepare_bootstrap INFO node id 44 just inserts 50000 TXs 
2023-03-10 11:08:17,533 dumbo_node.py [line:68] prepare_bootstrap INFO node id 44 just inserts 50000 TXs 
2023-03-10 11:08:17,533 dumbo_node.py [line:68] prepare_bootstrap INFO node id 44 just inserts 50000 TXs 
2023-03-10 11:08:17,533 dumbo_node.py [line:68] prepare_bootstrap INFO node id 44 just inserts 50000 TXs 
2023-03-10 11:08:17,533 dumbo_node.py [line:68] prepare_bootstrap INFO node id 44 just inserts 50000 TXs 
2023-03-10 11:08:17,533 dumbo_node.py [line:68] prepare_bootstrap INFO node id 44 just inserts 50000 TXs 
2023-03-10 11:08:17,533 dumbo_node.py [line:68] prepare_bootstrap INFO node id 44 just inserts 50000 TXs 
2023-03-10 11:08:17,534 dumbo_node.py [line:68] prepare_bootstrap INFO node id 44 just inserts 50000 TXs 
2023-03-10 11:08:17,534 dumbo_node.py [line:68] prepare_bootstrap INFO node id 44 just inserts 50000 TXs 
2023-03-10 11:08:17,534 dumbo_node.py [line:68] prepare_bootstrap INFO node id 44 just inserts 50000 TXs 
2023-03-10 11:08:17,534 dumbo_node.py [line:68] prepare_bootstrap INFO node id 44 just inserts 50000 TXs 
2023-03-10 11:08:17,534 dumbo_node.py [line:68] prepare_bootstrap INFO node id 44 just inserts 50000 TXs 
2023-03-10 11:08:17,534 dumbo_node.py [line:68] prepare_bootstrap INFO node id 44 just inserts 50000 TXs 
2023-03-10 11:08:17,534 dumbo_node.py [line:68] prepare_bootstrap INFO node id 44 just inserts 50000 TXs 
2023-03-10 11:08:17,535 dumbo_node.py [line:68] prepare_bootstrap INFO node id 44 just inserts 50000 TXs 
2023-03-10 11:08:17,535 dumbo_node.py [line:68] prepare_bootstrap INFO node id 44 just inserts 50000 TXs 
2023-03-10 11:08:17,535 dumbo_node.py [line:68] prepare_bootstrap INFO node id 44 just inserts 50000 TXs 
2023-03-10 11:08:17,535 dumbo_node.py [line:68] prepare_bootstrap INFO node id 44 just inserts 50000 TXs 
2023-03-10 11:08:17,535 dumbo_node.py [line:68] prepare_bootstrap INFO node id 44 just inserts 50000 TXs 
2023-03-10 11:08:17,535 dumbo_node.py [line:68] prepare_bootstrap INFO node id 44 just inserts 50000 TXs 
2023-03-10 11:08:17,535 dumbo_node.py [line:68] prepare_bootstrap INFO node id 44 just inserts 50000 TXs 
2023-03-10 11:08:17,536 dumbo_node.py [line:68] prepare_bootstrap INFO node id 44 just inserts 50000 TXs 
2023-03-10 11:08:17,536 dumbo_node.py [line:68] prepare_bootstrap INFO node id 44 just inserts 50000 TXs 
2023-03-10 11:08:17,536 dumbo_node.py [line:68] prepare_bootstrap INFO node id 44 just inserts 50000 TXs 
2023-03-10 11:08:17,536 dumbo_node.py [line:68] prepare_bootstrap INFO node id 44 just inserts 50000 TXs 
2023-03-10 11:08:17,536 dumbo_node.py [line:68] prepare_bootstrap INFO node id 44 just inserts 50000 TXs 
2023-03-10 11:08:17,536 dumbo_node.py [line:68] prepare_bootstrap INFO node id 44 just inserts 50000 TXs 
2023-03-10 11:08:17,536 dumbo_node.py [line:68] prepare_bootstrap INFO node id 44 just inserts 50000 TXs 
2023-03-10 11:08:17,537 dumbo_node.py [line:68] prepare_bootstrap INFO node id 44 just inserts 50000 TXs 
2023-03-10 11:08:17,537 dumbo_node.py [line:68] prepare_bootstrap INFO node id 44 just inserts 50000 TXs 
2023-03-10 11:08:17,537 dumbo_node.py [line:68] prepare_bootstrap INFO node id 44 just inserts 50000 TXs 
2023-03-10 11:08:17,537 dumbo_node.py [line:68] prepare_bootstrap INFO node id 44 just inserts 50000 TXs 
2023-03-10 11:08:17,537 dumbo_node.py [line:68] prepare_bootstrap INFO node id 44 just inserts 50000 TXs 
2023-03-10 11:08:17,537 dumbo_node.py [line:68] prepare_bootstrap INFO node id 44 just inserts 50000 TXs 
2023-03-10 11:08:17,537 dumbo_node.py [line:68] prepare_bootstrap INFO node id 44 just inserts 50000 TXs 
2023-03-10 11:08:17,538 dumbo_node.py [line:68] prepare_bootstrap INFO node id 44 just inserts 50000 TXs 
2023-03-10 11:08:17,538 dumbo_node.py [line:68] prepare_bootstrap INFO node id 44 just inserts 50000 TXs 
2023-03-10 11:08:17,538 dumbo_node.py [line:68] prepare_bootstrap INFO node id 44 just inserts 50000 TXs 
2023-03-10 11:08:17,538 dumbo_node.py [line:68] prepare_bootstrap INFO node id 44 just inserts 50000 TXs 
2023-03-10 11:08:17,538 dumbo_node.py [line:68] prepare_bootstrap INFO node id 44 just inserts 50000 TXs 
2023-03-10 11:08:17,538 dumbo_node.py [line:68] prepare_bootstrap INFO node id 44 just inserts 50000 TXs 
2023-03-10 11:08:17,538 dumbo_node.py [line:68] prepare_bootstrap INFO node id 44 just inserts 50000 TXs 
2023-03-10 11:08:17,539 dumbo_node.py [line:68] prepare_bootstrap INFO node id 44 just inserts 50000 TXs 
2023-03-10 11:08:17,539 dumbo_node.py [line:68] prepare_bootstrap INFO node id 44 just inserts 50000 TXs 
2023-03-10 11:08:17,539 dumbo_node.py [line:68] prepare_bootstrap INFO node id 44 just inserts 50000 TXs 
2023-03-10 11:08:17,539 dumbo_node.py [line:68] prepare_bootstrap INFO node id 44 just inserts 50000 TXs 
2023-03-10 11:08:17,539 dumbo_node.py [line:68] prepare_bootstrap INFO node id 44 just inserts 50000 TXs 
2023-03-10 11:08:17,539 dumbo_node.py [line:68] prepare_bootstrap INFO node id 44 just inserts 50000 TXs 
2023-03-10 11:08:17,539 dumbo_node.py [line:68] prepare_bootstrap INFO node id 44 just inserts 50000 TXs 
2023-03-10 11:08:17,540 dumbo_node.py [line:68] prepare_bootstrap INFO node id 44 just inserts 50000 TXs 
2023-03-10 11:08:17,540 dumbo_node.py [line:68] prepare_bootstrap INFO node id 44 just inserts 50000 TXs 
2023-03-10 11:08:17,540 dumbo_node.py [line:68] prepare_bootstrap INFO node id 44 just inserts 50000 TXs 
2023-03-10 11:08:17,540 dumbo_node.py [line:68] prepare_bootstrap INFO node id 44 just inserts 50000 TXs 
2023-03-10 11:08:17,540 dumbo_node.py [line:68] prepare_bootstrap INFO node id 44 just inserts 50000 TXs 
2023-03-10 11:08:17,540 dumbo_node.py [line:68] prepare_bootstrap INFO node id 44 just inserts 50000 TXs 
2023-03-10 11:08:17,540 dumbo_node.py [line:68] prepare_bootstrap INFO node id 44 just inserts 50000 TXs 
2023-03-10 11:08:17,541 dumbo_node.py [line:68] prepare_bootstrap INFO node id 44 just inserts 50000 TXs 
2023-03-10 11:08:17,541 dumbo_node.py [line:68] prepare_bootstrap INFO node id 44 just inserts 50000 TXs 
2023-03-10 11:08:17,541 dumbo_node.py [line:68] prepare_bootstrap INFO node id 44 just inserts 50000 TXs 
2023-03-10 11:08:17,541 dumbo_node.py [line:68] prepare_bootstrap INFO node id 44 just inserts 50000 TXs 
2023-03-10 11:08:17,541 dumbo_node.py [line:68] prepare_bootstrap INFO node id 44 just inserts 50000 TXs 
2023-03-10 11:08:17,541 dumbo_node.py [line:68] prepare_bootstrap INFO node id 44 just inserts 50000 TXs 
2023-03-10 11:08:17,541 dumbo_node.py [line:68] prepare_bootstrap INFO node id 44 just inserts 50000 TXs 
2023-03-10 11:08:17,542 dumbo_node.py [line:68] prepare_bootstrap INFO node id 44 just inserts 50000 TXs 
2023-03-10 11:08:17,542 dumbo_node.py [line:68] prepare_bootstrap INFO node id 44 just inserts 50000 TXs 
2023-03-10 11:08:17,542 dumbo_node.py [line:68] prepare_bootstrap INFO node id 44 just inserts 50000 TXs 
2023-03-10 11:08:17,542 dumbo_node.py [line:68] prepare_bootstrap INFO node id 44 just inserts 50000 TXs 
2023-03-10 11:08:17,542 dumbo_node.py [line:68] prepare_bootstrap INFO node id 44 just inserts 50000 TXs 
2023-03-10 11:08:17,542 dumbo_node.py [line:68] prepare_bootstrap INFO node id 44 just inserts 50000 TXs 
2023-03-10 11:08:17,542 dumbo_node.py [line:68] prepare_bootstrap INFO node id 44 just inserts 50000 TXs 
2023-03-10 11:08:17,543 dumbo_node.py [line:68] prepare_bootstrap INFO node id 44 just inserts 50000 TXs 
2023-03-10 11:08:17,543 dumbo_node.py [line:68] prepare_bootstrap INFO node id 44 just inserts 50000 TXs 
2023-03-10 11:08:17,543 dumbo_node.py [line:68] prepare_bootstrap INFO node id 44 just inserts 50000 TXs 
2023-03-10 11:08:17,543 dumbo_node.py [line:68] prepare_bootstrap INFO node id 44 just inserts 50000 TXs 
2023-03-10 11:08:17,543 dumbo_node.py [line:68] prepare_bootstrap INFO node id 44 just inserts 50000 TXs 
2023-03-10 11:08:17,543 dumbo_node.py [line:68] prepare_bootstrap INFO node id 44 just inserts 50000 TXs 
2023-03-10 11:08:17,543 dumbo_node.py [line:68] prepare_bootstrap INFO node id 44 just inserts 50000 TXs 
2023-03-10 11:08:17,544 dumbo_node.py [line:72] prepare_bootstrap INFO node id 44 completed the loading of dummy TXs 
2023-03-10 11:08:17,544 dumbo.py [line:179] run_bft INFO Node 44 starts to run at time:1678446497.5442164 
2023-03-10 11:08:22,232 dumbo.py [line:217] run_bft INFO Node 44 Delivers ACS Block in Round 0 with having 3354 TXs 
2023-03-10 11:08:22,232 dumbo.py [line:219] run_bft INFO ACS Block Delay at Node 44: 4.688359975814819 
2023-03-10 11:08:22,232 dumbo.py [line:220] run_bft INFO Current Block's TPS at Node 44: 715.3887537010396 
2023-03-10 11:08:26,914 dumbo.py [line:217] run_bft INFO Node 44 Delivers ACS Block in Round 1 with having 3354 TXs 
2023-03-10 11:08:26,914 dumbo.py [line:219] run_bft INFO ACS Block Delay at Node 44: 4.681360960006714 
2023-03-10 11:08:26,914 dumbo.py [line:220] run_bft INFO Current Block's TPS at Node 44: 716.4583181372943 
2023-03-10 11:08:31,504 dumbo.py [line:217] run_bft INFO Node 44 Delivers ACS Block in Round 2 with having 3354 TXs 
2023-03-10 11:08:31,504 dumbo.py [line:219] run_bft INFO ACS Block Delay at Node 44: 4.590370178222656 
2023-03-10 11:08:31,504 dumbo.py [line:220] run_bft INFO Current Block's TPS at Node 44: 730.6600273572346 
2023-03-10 11:08:36,134 dumbo.py [line:217] run_bft INFO Node 44 Delivers ACS Block in Round 3 with having 3354 TXs 
2023-03-10 11:08:36,135 dumbo.py [line:219] run_bft INFO ACS Block Delay at Node 44: 4.630358457565308 
2023-03-10 11:08:36,135 dumbo.py [line:220] run_bft INFO Current Block's TPS at Node 44: 724.3499678777719 
2023-03-10 11:08:40,665 dumbo.py [line:217] run_bft INFO Node 44 Delivers ACS Block in Round 4 with having 3354 TXs 
2023-03-10 11:08:40,666 dumbo.py [line:219] run_bft INFO ACS Block Delay at Node 44: 4.530799388885498 
2023-03-10 11:08:40,666 dumbo.py [line:220] run_bft INFO Current Block's TPS at Node 44: 740.2667194287383 
2023-03-10 11:08:45,437 dumbo.py [line:217] run_bft INFO Node 44 Delivers ACS Block in Round 5 with having 3354 TXs 
2023-03-10 11:08:45,438 dumbo.py [line:219] run_bft INFO ACS Block Delay at Node 44: 4.771871089935303 
2023-03-10 11:08:45,438 dumbo.py [line:220] run_bft INFO Current Block's TPS at Node 44: 702.8689452810582 
2023-03-10 11:08:49,876 dumbo.py [line:217] run_bft INFO Node 44 Delivers ACS Block in Round 6 with having 3354 TXs 
2023-03-10 11:08:49,877 dumbo.py [line:219] run_bft INFO ACS Block Delay at Node 44: 4.4387993812561035 
2023-03-10 11:08:49,877 dumbo.py [line:220] run_bft INFO Current Block's TPS at Node 44: 755.6097295505335 
2023-03-10 11:08:54,545 dumbo.py [line:217] run_bft INFO Node 44 Delivers ACS Block in Round 7 with having 3354 TXs 
2023-03-10 11:08:54,546 dumbo.py [line:219] run_bft INFO ACS Block Delay at Node 44: 4.669025182723999 
2023-03-10 11:08:54,546 dumbo.py [line:220] run_bft INFO Current Block's TPS at Node 44: 718.3512336601303 
2023-03-10 11:08:59,240 dumbo.py [line:217] run_bft INFO Node 44 Delivers ACS Block in Round 8 with having 3354 TXs 
2023-03-10 11:08:59,240 dumbo.py [line:219] run_bft INFO ACS Block Delay at Node 44: 4.694722414016724 
2023-03-10 11:08:59,240 dumbo.py [line:220] run_bft INFO Current Block's TPS at Node 44: 714.4192359459173 
2023-03-10 11:09:03,813 dumbo.py [line:217] run_bft INFO Node 44 Delivers ACS Block in Round 9 with having 3354 TXs 
2023-03-10 11:09:03,813 dumbo.py [line:219] run_bft INFO ACS Block Delay at Node 44: 4.57274866104126 
2023-03-10 11:09:03,813 dumbo.py [line:220] run_bft INFO Current Block's TPS at Node 44: 733.4756945150493 
2023-03-10 11:09:08,576 dumbo.py [line:217] run_bft INFO Node 44 Delivers ACS Block in Round 10 with having 3354 TXs 
2023-03-10 11:09:08,576 dumbo.py [line:219] run_bft INFO ACS Block Delay at Node 44: 4.763079404830933 
2023-03-10 11:09:08,576 dumbo.py [line:220] run_bft INFO Current Block's TPS at Node 44: 704.1662997677973 
2023-03-10 11:09:13,112 dumbo.py [line:217] run_bft INFO Node 44 Delivers ACS Block in Round 11 with having 3354 TXs 
2023-03-10 11:09:13,113 dumbo.py [line:219] run_bft INFO ACS Block Delay at Node 44: 4.536001682281494 
2023-03-10 11:09:13,113 dumbo.py [line:220] run_bft INFO Current Block's TPS at Node 44: 739.4177151876678 
2023-03-10 11:09:17,761 dumbo.py [line:217] run_bft INFO Node 44 Delivers ACS Block in Round 12 with having 3354 TXs 
2023-03-10 11:09:17,762 dumbo.py [line:219] run_bft INFO ACS Block Delay at Node 44: 4.64888072013855 
2023-03-10 11:09:17,762 dumbo.py [line:220] run_bft INFO Current Block's TPS at Node 44: 721.4639828186517 
2023-03-10 11:09:22,330 dumbo.py [line:217] run_bft INFO Node 44 Delivers ACS Block in Round 13 with having 3354 TXs 
2023-03-10 11:09:22,330 dumbo.py [line:219] run_bft INFO ACS Block Delay at Node 44: 4.56846284866333 
2023-03-10 11:09:22,330 dumbo.py [line:220] run_bft INFO Current Block's TPS at Node 44: 734.1637901206386 
2023-03-10 11:09:27,115 dumbo.py [line:217] run_bft INFO Node 44 Delivers ACS Block in Round 14 with having 3354 TXs 
2023-03-10 11:09:27,115 dumbo.py [line:219] run_bft INFO ACS Block Delay at Node 44: 4.78520655632019 
2023-03-10 11:09:27,115 dumbo.py [line:220] run_bft INFO Current Block's TPS at Node 44: 700.9101823556841 
2023-03-10 11:09:31,743 dumbo.py [line:217] run_bft INFO Node 44 Delivers ACS Block in Round 15 with having 3354 TXs 
2023-03-10 11:09:31,743 dumbo.py [line:219] run_bft INFO ACS Block Delay at Node 44: 4.627342939376831 
2023-03-10 11:09:31,743 dumbo.py [line:220] run_bft INFO Current Block's TPS at Node 44: 724.8220077787636 
2023-03-10 11:09:36,390 dumbo.py [line:217] run_bft INFO Node 44 Delivers ACS Block in Round 16 with having 3354 TXs 
2023-03-10 11:09:36,390 dumbo.py [line:219] run_bft INFO ACS Block Delay at Node 44: 4.646835088729858 
2023-03-10 11:09:36,390 dumbo.py [line:220] run_bft INFO Current Block's TPS at Node 44: 721.7815859518192 
2023-03-10 11:09:40,897 dumbo.py [line:217] run_bft INFO Node 44 Delivers ACS Block in Round 17 with having 3354 TXs 
2023-03-10 11:09:40,897 dumbo.py [line:219] run_bft INFO ACS Block Delay at Node 44: 4.507140398025513 
2023-03-10 11:09:40,897 dumbo.py [line:220] run_bft INFO Current Block's TPS at Node 44: 744.1525454741369 
2023-03-10 11:09:45,671 dumbo.py [line:217] run_bft INFO Node 44 Delivers ACS Block in Round 18 with having 3354 TXs 
2023-03-10 11:09:45,671 dumbo.py [line:219] run_bft INFO ACS Block Delay at Node 44: 4.773752927780151 
2023-03-10 11:09:45,671 dumbo.py [line:220] run_bft INFO Current Block's TPS at Node 44: 702.5918707442715 
2023-03-10 11:09:50,341 dumbo.py [line:217] run_bft INFO Node 44 Delivers ACS Block in Round 19 with having 3354 TXs 
2023-03-10 11:09:50,341 dumbo.py [line:219] run_bft INFO ACS Block Delay at Node 44: 4.670440673828125 
2023-03-10 11:09:50,341 dumbo.py [line:220] run_bft INFO Current Block's TPS at Node 44: 718.1335197757463 
2023-03-10 11:09:54,910 dumbo.py [line:217] run_bft INFO Node 44 Delivers ACS Block in Round 20 with having 3354 TXs 
2023-03-10 11:09:54,910 dumbo.py [line:219] run_bft INFO ACS Block Delay at Node 44: 4.5688252449035645 
2023-03-10 11:09:54,910 dumbo.py [line:220] run_bft INFO Current Block's TPS at Node 44: 734.1055567273713 
2023-03-10 11:09:59,620 dumbo.py [line:217] run_bft INFO Node 44 Delivers ACS Block in Round 21 with having 3354 TXs 
2023-03-10 11:09:59,620 dumbo.py [line:219] run_bft INFO ACS Block Delay at Node 44: 4.709768533706665 
2023-03-10 11:09:59,620 dumbo.py [line:220] run_bft INFO Current Block's TPS at Node 44: 712.1369077898923 
2023-03-10 11:10:04,223 dumbo.py [line:217] run_bft INFO Node 44 Delivers ACS Block in Round 22 with having 3354 TXs 
2023-03-10 11:10:04,223 dumbo.py [line:219] run_bft INFO ACS Block Delay at Node 44: 4.602745294570923 
2023-03-10 11:10:04,223 dumbo.py [line:220] run_bft INFO Current Block's TPS at Node 44: 728.6955469719657 
2023-03-10 11:10:08,877 dumbo.py [line:217] run_bft INFO Node 44 Delivers ACS Block in Round 23 with having 3354 TXs 
2023-03-10 11:10:08,877 dumbo.py [line:219] run_bft INFO ACS Block Delay at Node 44: 4.654265880584717 
2023-03-10 11:10:08,877 dumbo.py [line:220] run_bft INFO Current Block's TPS at Node 44: 720.6292218910871 
2023-03-10 11:10:13,584 dumbo.py [line:217] run_bft INFO Node 44 Delivers ACS Block in Round 24 with having 3354 TXs 
2023-03-10 11:10:13,584 dumbo.py [line:219] run_bft INFO ACS Block Delay at Node 44: 4.707059621810913 
2023-03-10 11:10:13,584 dumbo.py [line:220] run_bft INFO Current Block's TPS at Node 44: 712.5467424416519 
2023-03-10 11:10:18,229 dumbo.py [line:217] run_bft INFO Node 44 Delivers ACS Block in Round 25 with having 3354 TXs 
2023-03-10 11:10:18,230 dumbo.py [line:219] run_bft INFO ACS Block Delay at Node 44: 4.64515495300293 
2023-03-10 11:10:18,230 dumbo.py [line:220] run_bft INFO Current Block's TPS at Node 44: 722.0426517379699 
2023-03-10 11:10:22,988 dumbo.py [line:217] run_bft INFO Node 44 Delivers ACS Block in Round 26 with having 3354 TXs 
2023-03-10 11:10:22,988 dumbo.py [line:219] run_bft INFO ACS Block Delay at Node 44: 4.758407115936279 
2023-03-10 11:10:22,988 dumbo.py [line:220] run_bft INFO Current Block's TPS at Node 44: 704.857721981625 
2023-03-10 11:10:27,490 dumbo.py [line:217] run_bft INFO Node 44 Delivers ACS Block in Round 27 with having 3354 TXs 
2023-03-10 11:10:27,491 dumbo.py [line:219] run_bft INFO ACS Block Delay at Node 44: 4.502355098724365 
2023-03-10 11:10:27,491 dumbo.py [line:220] run_bft INFO Current Block's TPS at Node 44: 744.943463244442 
2023-03-10 11:10:32,168 dumbo.py [line:217] run_bft INFO Node 44 Delivers ACS Block in Round 28 with having 3354 TXs 
2023-03-10 11:10:32,168 dumbo.py [line:219] run_bft INFO ACS Block Delay at Node 44: 4.677526473999023 
2023-03-10 11:10:32,168 dumbo.py [line:220] run_bft INFO Current Block's TPS at Node 44: 717.0456476609779 
2023-03-10 11:10:36,755 dumbo.py [line:217] run_bft INFO Node 44 Delivers ACS Block in Round 29 with having 3354 TXs 
2023-03-10 11:10:36,755 dumbo.py [line:219] run_bft INFO ACS Block Delay at Node 44: 4.587151050567627 
2023-03-10 11:10:36,755 dumbo.py [line:220] run_bft INFO Current Block's TPS at Node 44: 731.1727830686907 
2023-03-10 11:10:41,436 dumbo.py [line:217] run_bft INFO Node 44 Delivers ACS Block in Round 30 with having 3354 TXs 
2023-03-10 11:10:41,436 dumbo.py [line:219] run_bft INFO ACS Block Delay at Node 44: 4.680462121963501 
2023-03-10 11:10:41,436 dumbo.py [line:220] run_bft INFO Current Block's TPS at Node 44: 716.5959071137538 
2023-03-10 11:10:46,031 dumbo.py [line:217] run_bft INFO Node 44 Delivers ACS Block in Round 31 with having 3354 TXs 
2023-03-10 11:10:46,032 dumbo.py [line:219] run_bft INFO ACS Block Delay at Node 44: 4.5956995487213135 
2023-03-10 11:10:46,032 dumbo.py [line:220] run_bft INFO Current Block's TPS at Node 44: 729.8127226209124 
2023-03-10 11:10:50,733 dumbo.py [line:217] run_bft INFO Node 44 Delivers ACS Block in Round 32 with having 3354 TXs 
2023-03-10 11:10:50,733 dumbo.py [line:219] run_bft INFO ACS Block Delay at Node 44: 4.70106315612793 
2023-03-10 11:10:50,733 dumbo.py [line:220] run_bft INFO Current Block's TPS at Node 44: 713.4556351637169 
2023-03-10 11:10:55,342 dumbo.py [line:217] run_bft INFO Node 44 Delivers ACS Block in Round 33 with having 3354 TXs 
2023-03-10 11:10:55,342 dumbo.py [line:219] run_bft INFO ACS Block Delay at Node 44: 4.608975172042847 
2023-03-10 11:10:55,342 dumbo.py [line:220] run_bft INFO Current Block's TPS at Node 44: 727.7105809431815 
2023-03-10 11:10:59,957 dumbo.py [line:217] run_bft INFO Node 44 Delivers ACS Block in Round 34 with having 3354 TXs 
2023-03-10 11:10:59,957 dumbo.py [line:219] run_bft INFO ACS Block Delay at Node 44: 4.615052938461304 
2023-03-10 11:10:59,957 dumbo.py [line:220] run_bft INFO Current Block's TPS at Node 44: 726.752226837565 
2023-03-10 11:11:04,539 dumbo.py [line:217] run_bft INFO Node 44 Delivers ACS Block in Round 35 with having 3354 TXs 
2023-03-10 11:11:04,539 dumbo.py [line:219] run_bft INFO ACS Block Delay at Node 44: 4.58200740814209 
2023-03-10 11:11:04,539 dumbo.py [line:220] run_bft INFO Current Block's TPS at Node 44: 731.9935786310696 
2023-03-10 11:11:09,289 dumbo.py [line:217] run_bft INFO Node 44 Delivers ACS Block in Round 36 with having 3354 TXs 
2023-03-10 11:11:09,289 dumbo.py [line:219] run_bft INFO ACS Block Delay at Node 44: 4.750127792358398 
2023-03-10 11:11:09,289 dumbo.py [line:220] run_bft INFO Current Block's TPS at Node 44: 706.0862668569948 
2023-03-10 11:11:13,866 dumbo.py [line:217] run_bft INFO Node 44 Delivers ACS Block in Round 37 with having 3354 TXs 
2023-03-10 11:11:13,866 dumbo.py [line:219] run_bft INFO ACS Block Delay at Node 44: 4.576383590698242 
2023-03-10 11:11:13,866 dumbo.py [line:220] run_bft INFO Current Block's TPS at Node 44: 732.8931094887225 
2023-03-10 11:11:18,613 dumbo.py [line:217] run_bft INFO Node 44 Delivers ACS Block in Round 38 with having 3354 TXs 
2023-03-10 11:11:18,613 dumbo.py [line:219] run_bft INFO ACS Block Delay at Node 44: 4.747647523880005 
2023-03-10 11:11:18,614 dumbo.py [line:220] run_bft INFO Current Block's TPS at Node 44: 706.4551408102324 
2023-03-10 11:11:23,293 dumbo.py [line:217] run_bft INFO Node 44 Delivers ACS Block in Round 39 with having 3354 TXs 
2023-03-10 11:11:23,293 dumbo.py [line:219] run_bft INFO ACS Block Delay at Node 44: 4.679695129394531 
2023-03-10 11:11:23,293 dumbo.py [line:220] run_bft INFO Current Block's TPS at Node 44: 716.7133557339124 
2023-03-10 11:11:28,016 dumbo.py [line:217] run_bft INFO Node 44 Delivers ACS Block in Round 40 with having 3354 TXs 
2023-03-10 11:11:28,016 dumbo.py [line:219] run_bft INFO ACS Block Delay at Node 44: 4.72291898727417 
2023-03-10 11:11:28,016 dumbo.py [line:220] run_bft INFO Current Block's TPS at Node 44: 710.154040125884 
2023-03-10 11:11:32,694 dumbo.py [line:217] run_bft INFO Node 44 Delivers ACS Block in Round 41 with having 3354 TXs 
2023-03-10 11:11:32,694 dumbo.py [line:219] run_bft INFO ACS Block Delay at Node 44: 4.677823543548584 
2023-03-10 11:11:32,694 dumbo.py [line:220] run_bft INFO Current Block's TPS at Node 44: 717.0001110079635 
2023-03-10 11:11:37,363 dumbo.py [line:217] run_bft INFO Node 44 Delivers ACS Block in Round 42 with having 3354 TXs 
2023-03-10 11:11:37,363 dumbo.py [line:219] run_bft INFO ACS Block Delay at Node 44: 4.668864011764526 
2023-03-10 11:11:37,363 dumbo.py [line:220] run_bft INFO Current Block's TPS at Node 44: 718.376031417631 
2023-03-10 11:11:42,016 dumbo.py [line:217] run_bft INFO Node 44 Delivers ACS Block in Round 43 with having 3354 TXs 
2023-03-10 11:11:42,016 dumbo.py [line:219] run_bft INFO ACS Block Delay at Node 44: 4.65293025970459 
2023-03-10 11:11:42,016 dumbo.py [line:220] run_bft INFO Current Block's TPS at Node 44: 720.8360780831781 
2023-03-10 11:11:46,620 dumbo.py [line:217] run_bft INFO Node 44 Delivers ACS Block in Round 44 with having 3354 TXs 
2023-03-10 11:11:46,621 dumbo.py [line:219] run_bft INFO ACS Block Delay at Node 44: 4.6043925285339355 
2023-03-10 11:11:46,621 dumbo.py [line:220] run_bft INFO Current Block's TPS at Node 44: 728.4348541560882 
2023-03-10 11:11:51,485 dumbo.py [line:217] run_bft INFO Node 44 Delivers ACS Block in Round 45 with having 3354 TXs 
2023-03-10 11:11:51,485 dumbo.py [line:219] run_bft INFO ACS Block Delay at Node 44: 4.864300966262817 
2023-03-10 11:11:51,485 dumbo.py [line:220] run_bft INFO Current Block's TPS at Node 44: 689.5132565320762 
2023-03-10 11:11:55,976 dumbo.py [line:217] run_bft INFO Node 44 Delivers ACS Block in Round 46 with having 3354 TXs 
2023-03-10 11:11:55,976 dumbo.py [line:219] run_bft INFO ACS Block Delay at Node 44: 4.490890264511108 
2023-03-10 11:11:55,976 dumbo.py [line:220] run_bft INFO Current Block's TPS at Node 44: 746.8452361227148 
2023-03-10 11:12:00,743 dumbo.py [line:217] run_bft INFO Node 44 Delivers ACS Block in Round 47 with having 3354 TXs 
2023-03-10 11:12:00,744 dumbo.py [line:219] run_bft INFO ACS Block Delay at Node 44: 4.767651557922363 
2023-03-10 11:12:00,744 dumbo.py [line:220] run_bft INFO Current Block's TPS at Node 44: 703.4910079421993 
2023-03-10 11:12:05,281 dumbo.py [line:217] run_bft INFO Node 44 Delivers ACS Block in Round 48 with having 3354 TXs 
2023-03-10 11:12:05,281 dumbo.py [line:219] run_bft INFO ACS Block Delay at Node 44: 4.537772178649902 
2023-03-10 11:12:05,282 dumbo.py [line:220] run_bft INFO Current Block's TPS at Node 44: 739.1292175884195 
2023-03-10 11:12:10,112 dumbo.py [line:217] run_bft INFO Node 44 Delivers ACS Block in Round 49 with having 3354 TXs 
2023-03-10 11:12:10,112 dumbo.py [line:219] run_bft INFO ACS Block Delay at Node 44: 4.830261707305908 
2023-03-10 11:12:10,112 dumbo.py [line:220] run_bft INFO Current Block's TPS at Node 44: 694.3723142220182 
2023-03-10 11:12:14,677 dumbo.py [line:217] run_bft INFO Node 44 Delivers ACS Block in Round 50 with having 3354 TXs 
2023-03-10 11:12:14,678 dumbo.py [line:219] run_bft INFO ACS Block Delay at Node 44: 4.565746545791626 
2023-03-10 11:12:14,678 dumbo.py [line:220] run_bft INFO Current Block's TPS at Node 44: 734.6005667115871 
2023-03-10 11:12:19,257 dumbo.py [line:217] run_bft INFO Node 44 Delivers ACS Block in Round 51 with having 3354 TXs 
2023-03-10 11:12:19,257 dumbo.py [line:219] run_bft INFO ACS Block Delay at Node 44: 4.579129934310913 
2023-03-10 11:12:19,257 dumbo.py [line:220] run_bft INFO Current Block's TPS at Node 44: 732.4535551762464 
2023-03-10 11:12:23,967 dumbo.py [line:217] run_bft INFO Node 44 Delivers ACS Block in Round 52 with having 3354 TXs 
2023-03-10 11:12:23,967 dumbo.py [line:219] run_bft INFO ACS Block Delay at Node 44: 4.709747791290283 
2023-03-10 11:12:23,967 dumbo.py [line:220] run_bft INFO Current Block's TPS at Node 44: 712.1400441447286 
2023-03-10 11:12:28,610 dumbo.py [line:217] run_bft INFO Node 44 Delivers ACS Block in Round 53 with having 3354 TXs 
2023-03-10 11:12:28,611 dumbo.py [line:219] run_bft INFO ACS Block Delay at Node 44: 4.6437458992004395 
2023-03-10 11:12:28,611 dumbo.py [line:220] run_bft INFO Current Block's TPS at Node 44: 722.2617414483191 
2023-03-10 11:12:33,332 dumbo.py [line:217] run_bft INFO Node 44 Delivers ACS Block in Round 54 with having 3354 TXs 
2023-03-10 11:12:33,332 dumbo.py [line:219] run_bft INFO ACS Block Delay at Node 44: 4.721210718154907 
2023-03-10 11:12:33,332 dumbo.py [line:220] run_bft INFO Current Block's TPS at Node 44: 710.410994176251 
2023-03-10 11:12:38,035 dumbo.py [line:217] run_bft INFO Node 44 Delivers ACS Block in Round 55 with having 3354 TXs 
2023-03-10 11:12:38,036 dumbo.py [line:219] run_bft INFO ACS Block Delay at Node 44: 4.703787803649902 
2023-03-10 11:12:38,036 dumbo.py [line:220] run_bft INFO Current Block's TPS at Node 44: 713.0423692577001 
2023-03-10 11:12:42,644 dumbo.py [line:217] run_bft INFO Node 44 Delivers ACS Block in Round 56 with having 3354 TXs 
2023-03-10 11:12:42,644 dumbo.py [line:219] run_bft INFO ACS Block Delay at Node 44: 4.608508825302124 
2023-03-10 11:12:42,644 dumbo.py [line:220] run_bft INFO Current Block's TPS at Node 44: 727.7842198295278 
2023-03-10 11:12:47,345 dumbo.py [line:217] run_bft INFO Node 44 Delivers ACS Block in Round 57 with having 3354 TXs 
2023-03-10 11:12:47,345 dumbo.py [line:219] run_bft INFO ACS Block Delay at Node 44: 4.700602769851685 
2023-03-10 11:12:47,345 dumbo.py [line:220] run_bft INFO Current Block's TPS at Node 44: 713.525512411215 
2023-03-10 11:12:52,057 dumbo.py [line:217] run_bft INFO Node 44 Delivers ACS Block in Round 58 with having 3354 TXs 
2023-03-10 11:12:52,057 dumbo.py [line:219] run_bft INFO ACS Block Delay at Node 44: 4.711817502975464 
2023-03-10 11:12:52,057 dumbo.py [line:220] run_bft INFO Current Block's TPS at Node 44: 711.827229701062 
2023-03-10 11:12:56,658 dumbo.py [line:217] run_bft INFO Node 44 Delivers ACS Block in Round 59 with having 3354 TXs 
2023-03-10 11:12:56,658 dumbo.py [line:219] run_bft INFO ACS Block Delay at Node 44: 4.601369142532349 
2023-03-10 11:12:56,658 dumbo.py [line:220] run_bft INFO Current Block's TPS at Node 44: 728.9134812066255 
2023-03-10 11:13:01,409 dumbo.py [line:217] run_bft INFO Node 44 Delivers ACS Block in Round 60 with having 3354 TXs 
2023-03-10 11:13:01,409 dumbo.py [line:219] run_bft INFO ACS Block Delay at Node 44: 4.75057578086853 
2023-03-10 11:13:01,409 dumbo.py [line:220] run_bft INFO Current Block's TPS at Node 44: 706.0196815525381 
2023-03-10 11:13:06,116 dumbo.py [line:217] run_bft INFO Node 44 Delivers ACS Block in Round 61 with having 3354 TXs 
2023-03-10 11:13:06,117 dumbo.py [line:219] run_bft INFO ACS Block Delay at Node 44: 4.7075371742248535 
2023-03-10 11:13:06,117 dumbo.py [line:220] run_bft INFO Current Block's TPS at Node 44: 712.4744586966054 
2023-03-10 11:13:10,837 dumbo.py [line:217] run_bft INFO Node 44 Delivers ACS Block in Round 62 with having 3354 TXs 
2023-03-10 11:13:10,837 dumbo.py [line:219] run_bft INFO ACS Block Delay at Node 44: 4.720484256744385 
2023-03-10 11:13:10,837 dumbo.py [line:220] run_bft INFO Current Block's TPS at Node 44: 710.5203232503059 
2023-03-10 11:13:15,434 dumbo.py [line:217] run_bft INFO Node 44 Delivers ACS Block in Round 63 with having 3354 TXs 
2023-03-10 11:13:15,434 dumbo.py [line:219] run_bft INFO ACS Block Delay at Node 44: 4.597054481506348 
2023-03-10 11:13:15,434 dumbo.py [line:220] run_bft INFO Current Block's TPS at Node 44: 729.5976181037064 
2023-03-10 11:13:21,662 dumbo.py [line:217] run_bft INFO Node 44 Delivers ACS Block in Round 64 with having 3354 TXs 
2023-03-10 11:13:21,663 dumbo.py [line:219] run_bft INFO ACS Block Delay at Node 44: 6.228257894515991 
2023-03-10 11:13:21,663 dumbo.py [line:220] run_bft INFO Current Block's TPS at Node 44: 538.5133462365475 
2023-03-10 11:13:26,098 dumbo.py [line:217] run_bft INFO Node 44 Delivers ACS Block in Round 65 with having 3354 TXs 
2023-03-10 11:13:26,098 dumbo.py [line:219] run_bft INFO ACS Block Delay at Node 44: 4.43502950668335 
2023-03-10 11:13:26,098 dumbo.py [line:220] run_bft INFO Current Block's TPS at Node 44: 756.2520147714245 
2023-03-10 11:13:30,758 dumbo.py [line:217] run_bft INFO Node 44 Delivers ACS Block in Round 66 with having 3354 TXs 
2023-03-10 11:13:30,758 dumbo.py [line:219] run_bft INFO ACS Block Delay at Node 44: 4.660333871841431 
2023-03-10 11:13:30,758 dumbo.py [line:220] run_bft INFO Current Block's TPS at Node 44: 719.6909260655051 
2023-03-10 11:13:35,488 dumbo.py [line:217] run_bft INFO Node 44 Delivers ACS Block in Round 67 with having 3354 TXs 
2023-03-10 11:13:35,488 dumbo.py [line:219] run_bft INFO ACS Block Delay at Node 44: 4.730139493942261 
2023-03-10 11:13:35,488 dumbo.py [line:220] run_bft INFO Current Block's TPS at Node 44: 709.0699976809059 
2023-03-10 11:13:41,526 dumbo.py [line:217] run_bft INFO Node 44 Delivers ACS Block in Round 68 with having 3354 TXs 
2023-03-10 11:13:41,526 dumbo.py [line:219] run_bft INFO ACS Block Delay at Node 44: 6.037693500518799 
2023-03-10 11:13:41,526 dumbo.py [line:220] run_bft INFO Current Block's TPS at Node 44: 555.510146335153 
2023-03-10 11:13:46,173 dumbo.py [line:217] run_bft INFO Node 44 Delivers ACS Block in Round 69 with having 3354 TXs 
2023-03-10 11:13:46,173 dumbo.py [line:219] run_bft INFO ACS Block Delay at Node 44: 4.64674973487854 
2023-03-10 11:13:46,173 dumbo.py [line:220] run_bft INFO Current Block's TPS at Node 44: 721.7948440013564 
2023-03-10 11:13:50,799 dumbo.py [line:217] run_bft INFO Node 44 Delivers ACS Block in Round 70 with having 3354 TXs 
2023-03-10 11:13:50,800 dumbo.py [line:219] run_bft INFO ACS Block Delay at Node 44: 4.626559495925903 
2023-03-10 11:13:50,800 dumbo.py [line:220] run_bft INFO Current Block's TPS at Node 44: 724.944746296572 
2023-03-10 11:13:55,439 dumbo.py [line:217] run_bft INFO Node 44 Delivers ACS Block in Round 71 with having 3354 TXs 
2023-03-10 11:13:55,439 dumbo.py [line:219] run_bft INFO ACS Block Delay at Node 44: 4.639509201049805 
2023-03-10 11:13:55,439 dumbo.py [line:220] run_bft INFO Current Block's TPS at Node 44: 722.9212950458367 
2023-03-10 11:14:00,183 dumbo.py [line:217] run_bft INFO Node 44 Delivers ACS Block in Round 72 with having 3354 TXs 
2023-03-10 11:14:00,183 dumbo.py [line:219] run_bft INFO ACS Block Delay at Node 44: 4.743964672088623 
2023-03-10 11:14:00,183 dumbo.py [line:220] run_bft INFO Current Block's TPS at Node 44: 707.0035786171519 
2023-03-10 11:14:04,984 dumbo.py [line:217] run_bft INFO Node 44 Delivers ACS Block in Round 73 with having 3354 TXs 
2023-03-10 11:14:04,985 dumbo.py [line:219] run_bft INFO ACS Block Delay at Node 44: 4.801269292831421 
2023-03-10 11:14:04,985 dumbo.py [line:220] run_bft INFO Current Block's TPS at Node 44: 698.5652741885818 
2023-03-10 11:14:09,606 dumbo.py [line:217] run_bft INFO Node 44 Delivers ACS Block in Round 74 with having 3354 TXs 
2023-03-10 11:14:09,606 dumbo.py [line:219] run_bft INFO ACS Block Delay at Node 44: 4.6214048862457275 
2023-03-10 11:14:09,606 dumbo.py [line:220] run_bft INFO Current Block's TPS at Node 44: 725.7533331438258 
2023-03-10 11:14:14,310 dumbo.py [line:217] run_bft INFO Node 44 Delivers ACS Block in Round 75 with having 3354 TXs 
2023-03-10 11:14:14,310 dumbo.py [line:219] run_bft INFO ACS Block Delay at Node 44: 4.7044079303741455 
2023-03-10 11:14:14,311 dumbo.py [line:220] run_bft INFO Current Block's TPS at Node 44: 712.9483772750237 
2023-03-10 11:14:18,903 dumbo.py [line:217] run_bft INFO Node 44 Delivers ACS Block in Round 76 with having 3354 TXs 
2023-03-10 11:14:18,903 dumbo.py [line:219] run_bft INFO ACS Block Delay at Node 44: 4.592680931091309 
2023-03-10 11:14:18,903 dumbo.py [line:220] run_bft INFO Current Block's TPS at Node 44: 730.2924044416527 
2023-03-10 11:14:23,676 dumbo.py [line:217] run_bft INFO Node 44 Delivers ACS Block in Round 77 with having 3354 TXs 
2023-03-10 11:14:23,676 dumbo.py [line:219] run_bft INFO ACS Block Delay at Node 44: 4.772476434707642 
2023-03-10 11:14:23,676 dumbo.py [line:220] run_bft INFO Current Block's TPS at Node 44: 702.7797928153549 
2023-03-10 11:14:28,256 dumbo.py [line:217] run_bft INFO Node 44 Delivers ACS Block in Round 78 with having 3354 TXs 
2023-03-10 11:14:28,256 dumbo.py [line:219] run_bft INFO ACS Block Delay at Node 44: 4.579955816268921 
2023-03-10 11:14:28,256 dumbo.py [line:220] run_bft INFO Current Block's TPS at Node 44: 732.3214752609447 
2023-03-10 11:14:32,970 dumbo.py [line:217] run_bft INFO Node 44 Delivers ACS Block in Round 79 with having 3354 TXs 
2023-03-10 11:14:32,970 dumbo.py [line:219] run_bft INFO ACS Block Delay at Node 44: 4.714490652084351 
2023-03-10 11:14:32,970 dumbo.py [line:220] run_bft INFO Current Block's TPS at Node 44: 711.4236186929639 
2023-03-10 11:14:37,690 dumbo.py [line:217] run_bft INFO Node 44 Delivers ACS Block in Round 80 with having 3354 TXs 
2023-03-10 11:14:37,690 dumbo.py [line:219] run_bft INFO ACS Block Delay at Node 44: 4.719733715057373 
2023-03-10 11:14:37,690 dumbo.py [line:220] run_bft INFO Current Block's TPS at Node 44: 710.6333116420803 
2023-03-10 11:14:42,449 dumbo.py [line:217] run_bft INFO Node 44 Delivers ACS Block in Round 81 with having 3354 TXs 
2023-03-10 11:14:42,449 dumbo.py [line:219] run_bft INFO ACS Block Delay at Node 44: 4.75863790512085 
2023-03-10 11:14:42,449 dumbo.py [line:220] run_bft INFO Current Block's TPS at Node 44: 704.8235370862542 
2023-03-10 11:14:47,227 dumbo.py [line:217] run_bft INFO Node 44 Delivers ACS Block in Round 82 with having 3354 TXs 
2023-03-10 11:14:47,227 dumbo.py [line:219] run_bft INFO ACS Block Delay at Node 44: 4.777927398681641 
2023-03-10 11:14:47,227 dumbo.py [line:220] run_bft INFO Current Block's TPS at Node 44: 701.9780168542242 
2023-03-10 11:14:51,858 dumbo.py [line:217] run_bft INFO Node 44 Delivers ACS Block in Round 83 with having 3354 TXs 
2023-03-10 11:14:51,859 dumbo.py [line:219] run_bft INFO ACS Block Delay at Node 44: 4.631576776504517 
2023-03-10 11:14:51,859 dumbo.py [line:220] run_bft INFO Current Block's TPS at Node 44: 724.1594303293159 
2023-03-10 11:14:56,489 dumbo.py [line:217] run_bft INFO Node 44 Delivers ACS Block in Round 84 with having 3354 TXs 
2023-03-10 11:14:56,489 dumbo.py [line:219] run_bft INFO ACS Block Delay at Node 44: 4.630217790603638 
2023-03-10 11:14:56,489 dumbo.py [line:220] run_bft INFO Current Block's TPS at Node 44: 724.3719737776615 
2023-03-10 11:15:01,306 dumbo.py [line:217] run_bft INFO Node 44 Delivers ACS Block in Round 85 with having 3354 TXs 
2023-03-10 11:15:01,306 dumbo.py [line:219] run_bft INFO ACS Block Delay at Node 44: 4.817507982254028 
2023-03-10 11:15:01,306 dumbo.py [line:220] run_bft INFO Current Block's TPS at Node 44: 696.2105745034431 
2023-03-10 11:15:06,044 dumbo.py [line:217] run_bft INFO Node 44 Delivers ACS Block in Round 86 with having 3354 TXs 
2023-03-10 11:15:06,044 dumbo.py [line:219] run_bft INFO ACS Block Delay at Node 44: 4.737703800201416 
2023-03-10 11:15:06,044 dumbo.py [line:220] run_bft INFO Current Block's TPS at Node 44: 707.937883296421 
2023-03-10 11:15:10,649 dumbo.py [line:217] run_bft INFO Node 44 Delivers ACS Block in Round 87 with having 3354 TXs 
2023-03-10 11:15:10,649 dumbo.py [line:219] run_bft INFO ACS Block Delay at Node 44: 4.604944944381714 
2023-03-10 11:15:10,649 dumbo.py [line:220] run_bft INFO Current Block's TPS at Node 44: 728.3474700586952 
2023-03-10 11:15:15,323 dumbo.py [line:217] run_bft INFO Node 44 Delivers ACS Block in Round 88 with having 3354 TXs 
2023-03-10 11:15:15,323 dumbo.py [line:219] run_bft INFO ACS Block Delay at Node 44: 4.673623561859131 
2023-03-10 11:15:15,323 dumbo.py [line:220] run_bft INFO Current Block's TPS at Node 44: 717.6444477410596 
2023-03-10 11:15:20,083 dumbo.py [line:217] run_bft INFO Node 44 Delivers ACS Block in Round 89 with having 3354 TXs 
2023-03-10 11:15:20,083 dumbo.py [line:219] run_bft INFO ACS Block Delay at Node 44: 4.759774923324585 
2023-03-10 11:15:20,083 dumbo.py [line:220] run_bft INFO Current Block's TPS at Node 44: 704.6551683702963 
2023-03-10 11:15:24,958 dumbo.py [line:217] run_bft INFO Node 44 Delivers ACS Block in Round 90 with having 3354 TXs 
2023-03-10 11:15:24,958 dumbo.py [line:219] run_bft INFO ACS Block Delay at Node 44: 4.875021934509277 
2023-03-10 11:15:24,958 dumbo.py [line:220] run_bft INFO Current Block's TPS at Node 44: 687.9969044360034 
2023-03-10 11:15:29,487 dumbo.py [line:217] run_bft INFO Node 44 Delivers ACS Block in Round 91 with having 3354 TXs 
2023-03-10 11:15:29,487 dumbo.py [line:219] run_bft INFO ACS Block Delay at Node 44: 4.529054880142212 
2023-03-10 11:15:29,487 dumbo.py [line:220] run_bft INFO Current Block's TPS at Node 44: 740.5518565707212 
2023-03-10 11:15:34,219 dumbo.py [line:217] run_bft INFO Node 44 Delivers ACS Block in Round 92 with having 3354 TXs 
2023-03-10 11:15:34,220 dumbo.py [line:219] run_bft INFO ACS Block Delay at Node 44: 4.732457876205444 
2023-03-10 11:15:34,220 dumbo.py [line:220] run_bft INFO Current Block's TPS at Node 44: 708.722631608353 
2023-03-10 11:15:40,205 dumbo.py [line:217] run_bft INFO Node 44 Delivers ACS Block in Round 93 with having 3354 TXs 
2023-03-10 11:15:40,205 dumbo.py [line:219] run_bft INFO ACS Block Delay at Node 44: 5.985240936279297 
2023-03-10 11:15:40,205 dumbo.py [line:220] run_bft INFO Current Block's TPS at Node 44: 560.3784435259513 
2023-03-10 11:15:44,953 dumbo.py [line:217] run_bft INFO Node 44 Delivers ACS Block in Round 94 with having 3354 TXs 
2023-03-10 11:15:44,953 dumbo.py [line:219] run_bft INFO ACS Block Delay at Node 44: 4.748215436935425 
2023-03-10 11:15:44,953 dumbo.py [line:220] run_bft INFO Current Block's TPS at Node 44: 706.3706448342466 
2023-03-10 11:15:49,581 dumbo.py [line:217] run_bft INFO Node 44 Delivers ACS Block in Round 95 with having 3354 TXs 
2023-03-10 11:15:49,581 dumbo.py [line:219] run_bft INFO ACS Block Delay at Node 44: 4.627641439437866 
2023-03-10 11:15:49,581 dumbo.py [line:220] run_bft INFO Current Block's TPS at Node 44: 724.7752540670957 
2023-03-10 11:15:54,292 dumbo.py [line:217] run_bft INFO Node 44 Delivers ACS Block in Round 96 with having 3354 TXs 
2023-03-10 11:15:54,293 dumbo.py [line:219] run_bft INFO ACS Block Delay at Node 44: 4.711688041687012 
2023-03-10 11:15:54,293 dumbo.py [line:220] run_bft INFO Current Block's TPS at Node 44: 711.8467883113726 
2023-03-10 11:15:58,983 dumbo.py [line:217] run_bft INFO Node 44 Delivers ACS Block in Round 97 with having 3354 TXs 
2023-03-10 11:15:58,983 dumbo.py [line:219] run_bft INFO ACS Block Delay at Node 44: 4.690129280090332 
2023-03-10 11:15:58,983 dumbo.py [line:220] run_bft INFO Current Block's TPS at Node 44: 715.1188804619479 
2023-03-10 11:16:03,710 dumbo.py [line:217] run_bft INFO Node 44 Delivers ACS Block in Round 98 with having 3354 TXs 
2023-03-10 11:16:03,711 dumbo.py [line:219] run_bft INFO ACS Block Delay at Node 44: 4.72762656211853 
2023-03-10 11:16:03,711 dumbo.py [line:220] run_bft INFO Current Block's TPS at Node 44: 709.4468981274645 
2023-03-10 11:16:08,401 dumbo.py [line:217] run_bft INFO Node 44 Delivers ACS Block in Round 99 with having 3354 TXs 
2023-03-10 11:16:08,402 dumbo.py [line:219] run_bft INFO ACS Block Delay at Node 44: 4.690861701965332 
2023-03-10 11:16:08,402 dumbo.py [line:220] run_bft INFO Current Block's TPS at Node 44: 715.0072232133327 
2023-03-10 11:16:08,402 dumbo.py [line:241] run_bft INFO node 44 breaks in 470.857871 seconds with total delivered Txs 335400 
