2023-03-09 02:18:38,214 dumbo_node.py [line:77] run INFO node 58's starts to run consensus on process id 4152724 
2023-03-09 02:18:38,215 dumbo_node.py [line:59] prepare_bootstrap INFO node id 58 is inserting dummy payload TXs 
2023-03-09 02:18:38,215 dumbo_node.py [line:68] prepare_bootstrap INFO node id 58 just inserts 50000 TXs 
2023-03-09 02:18:38,215 dumbo_node.py [line:68] prepare_bootstrap INFO node id 58 just inserts 50000 TXs 
2023-03-09 02:18:38,215 dumbo_node.py [line:68] prepare_bootstrap INFO node id 58 just inserts 50000 TXs 
2023-03-09 02:18:38,215 dumbo_node.py [line:68] prepare_bootstrap INFO node id 58 just inserts 50000 TXs 
2023-03-09 02:18:38,215 dumbo_node.py [line:68] prepare_bootstrap INFO node id 58 just inserts 50000 TXs 
2023-03-09 02:18:38,215 dumbo_node.py [line:68] prepare_bootstrap INFO node id 58 just inserts 50000 TXs 
2023-03-09 02:18:38,215 dumbo_node.py [line:68] prepare_bootstrap INFO node id 58 just inserts 50000 TXs 
2023-03-09 02:18:38,216 dumbo_node.py [line:68] prepare_bootstrap INFO node id 58 just inserts 50000 TXs 
2023-03-09 02:18:38,216 dumbo_node.py [line:68] prepare_bootstrap INFO node id 58 just inserts 50000 TXs 
2023-03-09 02:18:38,216 dumbo_node.py [line:68] prepare_bootstrap INFO node id 58 just inserts 50000 TXs 
2023-03-09 02:18:38,216 dumbo_node.py [line:68] prepare_bootstrap INFO node id 58 just inserts 50000 TXs 
2023-03-09 02:18:38,216 dumbo_node.py [line:68] prepare_bootstrap INFO node id 58 just inserts 50000 TXs 
2023-03-09 02:18:38,216 dumbo_node.py [line:68] prepare_bootstrap INFO node id 58 just inserts 50000 TXs 
2023-03-09 02:18:38,216 dumbo_node.py [line:68] prepare_bootstrap INFO node id 58 just inserts 50000 TXs 
2023-03-09 02:18:38,216 dumbo_node.py [line:68] prepare_bootstrap INFO node id 58 just inserts 50000 TXs 
2023-03-09 02:18:38,216 dumbo_node.py [line:68] prepare_bootstrap INFO node id 58 just inserts 50000 TXs 
2023-03-09 02:18:38,216 dumbo_node.py [line:68] prepare_bootstrap INFO node id 58 just inserts 50000 TXs 
2023-03-09 02:18:38,216 dumbo_node.py [line:68] prepare_bootstrap INFO node id 58 just inserts 50000 TXs 
2023-03-09 02:18:38,216 dumbo_node.py [line:68] prepare_bootstrap INFO node id 58 just inserts 50000 TXs 
2023-03-09 02:18:38,216 dumbo_node.py [line:68] prepare_bootstrap INFO node id 58 just inserts 50000 TXs 
2023-03-09 02:18:38,217 dumbo_node.py [line:68] prepare_bootstrap INFO node id 58 just inserts 50000 TXs 
2023-03-09 02:18:38,217 dumbo_node.py [line:68] prepare_bootstrap INFO node id 58 just inserts 50000 TXs 
2023-03-09 02:18:38,217 dumbo_node.py [line:68] prepare_bootstrap INFO node id 58 just inserts 50000 TXs 
2023-03-09 02:18:38,217 dumbo_node.py [line:68] prepare_bootstrap INFO node id 58 just inserts 50000 TXs 
2023-03-09 02:18:38,217 dumbo_node.py [line:68] prepare_bootstrap INFO node id 58 just inserts 50000 TXs 
2023-03-09 02:18:38,217 dumbo_node.py [line:68] prepare_bootstrap INFO node id 58 just inserts 50000 TXs 
2023-03-09 02:18:38,217 dumbo_node.py [line:68] prepare_bootstrap INFO node id 58 just inserts 50000 TXs 
2023-03-09 02:18:38,217 dumbo_node.py [line:68] prepare_bootstrap INFO node id 58 just inserts 50000 TXs 
2023-03-09 02:18:38,217 dumbo_node.py [line:68] prepare_bootstrap INFO node id 58 just inserts 50000 TXs 
2023-03-09 02:18:38,217 dumbo_node.py [line:68] prepare_bootstrap INFO node id 58 just inserts 50000 TXs 
2023-03-09 02:18:38,217 dumbo_node.py [line:68] prepare_bootstrap INFO node id 58 just inserts 50000 TXs 
2023-03-09 02:18:38,217 dumbo_node.py [line:68] prepare_bootstrap INFO node id 58 just inserts 50000 TXs 
2023-03-09 02:18:38,218 dumbo_node.py [line:68] prepare_bootstrap INFO node id 58 just inserts 50000 TXs 
2023-03-09 02:18:38,218 dumbo_node.py [line:68] prepare_bootstrap INFO node id 58 just inserts 50000 TXs 
2023-03-09 02:18:38,218 dumbo_node.py [line:68] prepare_bootstrap INFO node id 58 just inserts 50000 TXs 
2023-03-09 02:18:38,218 dumbo_node.py [line:68] prepare_bootstrap INFO node id 58 just inserts 50000 TXs 
2023-03-09 02:18:38,218 dumbo_node.py [line:68] prepare_bootstrap INFO node id 58 just inserts 50000 TXs 
2023-03-09 02:18:38,218 dumbo_node.py [line:68] prepare_bootstrap INFO node id 58 just inserts 50000 TXs 
2023-03-09 02:18:38,218 dumbo_node.py [line:68] prepare_bootstrap INFO node id 58 just inserts 50000 TXs 
2023-03-09 02:18:38,218 dumbo_node.py [line:68] prepare_bootstrap INFO node id 58 just inserts 50000 TXs 
2023-03-09 02:18:38,218 dumbo_node.py [line:68] prepare_bootstrap INFO node id 58 just inserts 50000 TXs 
2023-03-09 02:18:38,218 dumbo_node.py [line:68] prepare_bootstrap INFO node id 58 just inserts 50000 TXs 
2023-03-09 02:18:38,218 dumbo_node.py [line:68] prepare_bootstrap INFO node id 58 just inserts 50000 TXs 
2023-03-09 02:18:38,218 dumbo_node.py [line:68] prepare_bootstrap INFO node id 58 just inserts 50000 TXs 
2023-03-09 02:18:38,218 dumbo_node.py [line:68] prepare_bootstrap INFO node id 58 just inserts 50000 TXs 
2023-03-09 02:18:38,219 dumbo_node.py [line:68] prepare_bootstrap INFO node id 58 just inserts 50000 TXs 
2023-03-09 02:18:38,219 dumbo_node.py [line:68] prepare_bootstrap INFO node id 58 just inserts 50000 TXs 
2023-03-09 02:18:38,219 dumbo_node.py [line:68] prepare_bootstrap INFO node id 58 just inserts 50000 TXs 
2023-03-09 02:18:38,219 dumbo_node.py [line:68] prepare_bootstrap INFO node id 58 just inserts 50000 TXs 
2023-03-09 02:18:38,219 dumbo_node.py [line:68] prepare_bootstrap INFO node id 58 just inserts 50000 TXs 
2023-03-09 02:18:38,219 dumbo_node.py [line:68] prepare_bootstrap INFO node id 58 just inserts 50000 TXs 
2023-03-09 02:18:38,219 dumbo_node.py [line:68] prepare_bootstrap INFO node id 58 just inserts 50000 TXs 
2023-03-09 02:18:38,219 dumbo_node.py [line:68] prepare_bootstrap INFO node id 58 just inserts 50000 TXs 
2023-03-09 02:18:38,219 dumbo_node.py [line:68] prepare_bootstrap INFO node id 58 just inserts 50000 TXs 
2023-03-09 02:18:38,219 dumbo_node.py [line:68] prepare_bootstrap INFO node id 58 just inserts 50000 TXs 
2023-03-09 02:18:38,219 dumbo_node.py [line:68] prepare_bootstrap INFO node id 58 just inserts 50000 TXs 
2023-03-09 02:18:38,219 dumbo_node.py [line:68] prepare_bootstrap INFO node id 58 just inserts 50000 TXs 
2023-03-09 02:18:38,219 dumbo_node.py [line:68] prepare_bootstrap INFO node id 58 just inserts 50000 TXs 
2023-03-09 02:18:38,220 dumbo_node.py [line:68] prepare_bootstrap INFO node id 58 just inserts 50000 TXs 
2023-03-09 02:18:38,220 dumbo_node.py [line:68] prepare_bootstrap INFO node id 58 just inserts 50000 TXs 
2023-03-09 02:18:38,220 dumbo_node.py [line:68] prepare_bootstrap INFO node id 58 just inserts 50000 TXs 
2023-03-09 02:18:38,220 dumbo_node.py [line:68] prepare_bootstrap INFO node id 58 just inserts 50000 TXs 
2023-03-09 02:18:38,220 dumbo_node.py [line:68] prepare_bootstrap INFO node id 58 just inserts 50000 TXs 
2023-03-09 02:18:38,220 dumbo_node.py [line:68] prepare_bootstrap INFO node id 58 just inserts 50000 TXs 
2023-03-09 02:18:38,220 dumbo_node.py [line:68] prepare_bootstrap INFO node id 58 just inserts 50000 TXs 
2023-03-09 02:18:38,220 dumbo_node.py [line:68] prepare_bootstrap INFO node id 58 just inserts 50000 TXs 
2023-03-09 02:18:38,220 dumbo_node.py [line:68] prepare_bootstrap INFO node id 58 just inserts 50000 TXs 
2023-03-09 02:18:38,220 dumbo_node.py [line:68] prepare_bootstrap INFO node id 58 just inserts 50000 TXs 
2023-03-09 02:18:38,220 dumbo_node.py [line:68] prepare_bootstrap INFO node id 58 just inserts 50000 TXs 
2023-03-09 02:18:38,220 dumbo_node.py [line:68] prepare_bootstrap INFO node id 58 just inserts 50000 TXs 
2023-03-09 02:18:38,221 dumbo_node.py [line:68] prepare_bootstrap INFO node id 58 just inserts 50000 TXs 
2023-03-09 02:18:38,221 dumbo_node.py [line:68] prepare_bootstrap INFO node id 58 just inserts 50000 TXs 
2023-03-09 02:18:38,221 dumbo_node.py [line:68] prepare_bootstrap INFO node id 58 just inserts 50000 TXs 
2023-03-09 02:18:38,221 dumbo_node.py [line:68] prepare_bootstrap INFO node id 58 just inserts 50000 TXs 
2023-03-09 02:18:38,221 dumbo_node.py [line:68] prepare_bootstrap INFO node id 58 just inserts 50000 TXs 
2023-03-09 02:18:38,221 dumbo_node.py [line:68] prepare_bootstrap INFO node id 58 just inserts 50000 TXs 
2023-03-09 02:18:38,221 dumbo_node.py [line:68] prepare_bootstrap INFO node id 58 just inserts 50000 TXs 
2023-03-09 02:18:38,221 dumbo_node.py [line:68] prepare_bootstrap INFO node id 58 just inserts 50000 TXs 
2023-03-09 02:18:38,221 dumbo_node.py [line:68] prepare_bootstrap INFO node id 58 just inserts 50000 TXs 
2023-03-09 02:18:38,221 dumbo_node.py [line:68] prepare_bootstrap INFO node id 58 just inserts 50000 TXs 
2023-03-09 02:18:38,221 dumbo_node.py [line:68] prepare_bootstrap INFO node id 58 just inserts 50000 TXs 
2023-03-09 02:18:38,221 dumbo_node.py [line:68] prepare_bootstrap INFO node id 58 just inserts 50000 TXs 
2023-03-09 02:18:38,221 dumbo_node.py [line:68] prepare_bootstrap INFO node id 58 just inserts 50000 TXs 
2023-03-09 02:18:38,222 dumbo_node.py [line:68] prepare_bootstrap INFO node id 58 just inserts 50000 TXs 
2023-03-09 02:18:38,222 dumbo_node.py [line:68] prepare_bootstrap INFO node id 58 just inserts 50000 TXs 
2023-03-09 02:18:38,222 dumbo_node.py [line:68] prepare_bootstrap INFO node id 58 just inserts 50000 TXs 
2023-03-09 02:18:38,222 dumbo_node.py [line:68] prepare_bootstrap INFO node id 58 just inserts 50000 TXs 
2023-03-09 02:18:38,222 dumbo_node.py [line:68] prepare_bootstrap INFO node id 58 just inserts 50000 TXs 
2023-03-09 02:18:38,222 dumbo_node.py [line:68] prepare_bootstrap INFO node id 58 just inserts 50000 TXs 
2023-03-09 02:18:38,222 dumbo_node.py [line:68] prepare_bootstrap INFO node id 58 just inserts 50000 TXs 
2023-03-09 02:18:38,222 dumbo_node.py [line:68] prepare_bootstrap INFO node id 58 just inserts 50000 TXs 
2023-03-09 02:18:38,222 dumbo_node.py [line:68] prepare_bootstrap INFO node id 58 just inserts 50000 TXs 
2023-03-09 02:18:38,222 dumbo_node.py [line:68] prepare_bootstrap INFO node id 58 just inserts 50000 TXs 
2023-03-09 02:18:38,222 dumbo_node.py [line:68] prepare_bootstrap INFO node id 58 just inserts 50000 TXs 
2023-03-09 02:18:38,222 dumbo_node.py [line:68] prepare_bootstrap INFO node id 58 just inserts 50000 TXs 
2023-03-09 02:18:38,222 dumbo_node.py [line:68] prepare_bootstrap INFO node id 58 just inserts 50000 TXs 
2023-03-09 02:18:38,223 dumbo_node.py [line:68] prepare_bootstrap INFO node id 58 just inserts 50000 TXs 
2023-03-09 02:18:38,223 dumbo_node.py [line:68] prepare_bootstrap INFO node id 58 just inserts 50000 TXs 
2023-03-09 02:18:38,223 dumbo_node.py [line:68] prepare_bootstrap INFO node id 58 just inserts 50000 TXs 
2023-03-09 02:18:38,223 dumbo_node.py [line:68] prepare_bootstrap INFO node id 58 just inserts 50000 TXs 
2023-03-09 02:18:38,223 dumbo_node.py [line:72] prepare_bootstrap INFO node id 58 completed the loading of dummy TXs 
2023-03-09 02:18:38,223 dumbo.py [line:179] run_bft INFO Node 58 starts to run at time:1678328318.223444 
2023-03-09 02:18:52,988 dumbo.py [line:217] run_bft INFO Node 58 Delivers ACS Block in Round 0 with having 3354 TXs 
2023-03-09 02:18:52,988 dumbo.py [line:219] run_bft INFO ACS Block Delay at Node 58: 14.765150308609009 
2023-03-09 02:18:52,988 dumbo.py [line:220] run_bft INFO Current Block's TPS at Node 58: 227.15650907017232 
2023-03-09 02:19:08,060 dumbo.py [line:217] run_bft INFO Node 58 Delivers ACS Block in Round 1 with having 3354 TXs 
2023-03-09 02:19:08,060 dumbo.py [line:219] run_bft INFO ACS Block Delay at Node 58: 15.072070837020874 
2023-03-09 02:19:08,060 dumbo.py [line:220] run_bft INFO Current Block's TPS at Node 58: 222.53080125935418 
2023-03-09 02:19:22,798 dumbo.py [line:217] run_bft INFO Node 58 Delivers ACS Block in Round 2 with having 3354 TXs 
2023-03-09 02:19:22,799 dumbo.py [line:219] run_bft INFO ACS Block Delay at Node 58: 14.738230228424072 
2023-03-09 02:19:22,799 dumbo.py [line:220] run_bft INFO Current Block's TPS at Node 58: 227.57142126410085 
2023-03-09 02:19:37,501 dumbo.py [line:217] run_bft INFO Node 58 Delivers ACS Block in Round 3 with having 3354 TXs 
2023-03-09 02:19:37,501 dumbo.py [line:219] run_bft INFO ACS Block Delay at Node 58: 14.70261263847351 
2023-03-09 02:19:37,501 dumbo.py [line:220] run_bft INFO Current Block's TPS at Node 58: 228.12272093895191 
2023-03-09 02:19:52,052 dumbo.py [line:217] run_bft INFO Node 58 Delivers ACS Block in Round 4 with having 3354 TXs 
2023-03-09 02:19:52,052 dumbo.py [line:219] run_bft INFO ACS Block Delay at Node 58: 14.550894260406494 
2023-03-09 02:19:52,052 dumbo.py [line:220] run_bft INFO Current Block's TPS at Node 58: 230.50129703205627 
2023-03-09 02:20:06,773 dumbo.py [line:217] run_bft INFO Node 58 Delivers ACS Block in Round 5 with having 3354 TXs 
2023-03-09 02:20:06,773 dumbo.py [line:219] run_bft INFO ACS Block Delay at Node 58: 14.720533609390259 
2023-03-09 02:20:06,773 dumbo.py [line:220] run_bft INFO Current Block's TPS at Node 58: 227.84500134291847 
2023-03-09 02:20:21,817 dumbo.py [line:217] run_bft INFO Node 58 Delivers ACS Block in Round 6 with having 3354 TXs 
2023-03-09 02:20:21,817 dumbo.py [line:219] run_bft INFO ACS Block Delay at Node 58: 15.044171571731567 
2023-03-09 02:20:21,817 dumbo.py [line:220] run_bft INFO Current Block's TPS at Node 58: 222.94348239834375 
2023-03-09 02:20:36,380 dumbo.py [line:217] run_bft INFO Node 58 Delivers ACS Block in Round 7 with having 3354 TXs 
2023-03-09 02:20:36,380 dumbo.py [line:219] run_bft INFO ACS Block Delay at Node 58: 14.562560319900513 
2023-03-09 02:20:36,380 dumbo.py [line:220] run_bft INFO Current Block's TPS at Node 58: 230.31664256295514 
2023-03-09 02:20:50,988 dumbo.py [line:217] run_bft INFO Node 58 Delivers ACS Block in Round 8 with having 3354 TXs 
2023-03-09 02:20:50,988 dumbo.py [line:219] run_bft INFO ACS Block Delay at Node 58: 14.607864379882812 
2023-03-09 02:20:50,988 dumbo.py [line:220] run_bft INFO Current Block's TPS at Node 58: 229.60235067755377 
2023-03-09 02:21:05,899 dumbo.py [line:217] run_bft INFO Node 58 Delivers ACS Block in Round 9 with having 3354 TXs 
2023-03-09 02:21:05,900 dumbo.py [line:219] run_bft INFO ACS Block Delay at Node 58: 14.911674737930298 
2023-03-09 02:21:05,900 dumbo.py [line:220] run_bft INFO Current Block's TPS at Node 58: 224.92443397176237 
2023-03-09 02:21:20,916 dumbo.py [line:217] run_bft INFO Node 58 Delivers ACS Block in Round 10 with having 3354 TXs 
2023-03-09 02:21:20,916 dumbo.py [line:219] run_bft INFO ACS Block Delay at Node 58: 15.016433715820312 
2023-03-09 02:21:20,916 dumbo.py [line:220] run_bft INFO Current Block's TPS at Node 58: 223.35529616905308 
2023-03-09 02:21:35,957 dumbo.py [line:217] run_bft INFO Node 58 Delivers ACS Block in Round 11 with having 3354 TXs 
2023-03-09 02:21:35,957 dumbo.py [line:219] run_bft INFO ACS Block Delay at Node 58: 15.040547132492065 
2023-03-09 02:21:35,957 dumbo.py [line:220] run_bft INFO Current Block's TPS at Node 58: 222.9972068472403 
2023-03-09 02:21:50,990 dumbo.py [line:217] run_bft INFO Node 58 Delivers ACS Block in Round 12 with having 3354 TXs 
2023-03-09 02:21:50,990 dumbo.py [line:219] run_bft INFO ACS Block Delay at Node 58: 15.032990455627441 
2023-03-09 02:21:50,990 dumbo.py [line:220] run_bft INFO Current Block's TPS at Node 58: 223.10930149925463 
2023-03-09 02:22:05,536 dumbo.py [line:217] run_bft INFO Node 58 Delivers ACS Block in Round 13 with having 3354 TXs 
2023-03-09 02:22:05,536 dumbo.py [line:219] run_bft INFO ACS Block Delay at Node 58: 14.546194314956665 
2023-03-09 02:22:05,536 dumbo.py [line:220] run_bft INFO Current Block's TPS at Node 58: 230.5757731114148 
2023-03-09 02:22:20,607 dumbo.py [line:217] run_bft INFO Node 58 Delivers ACS Block in Round 14 with having 3354 TXs 
2023-03-09 02:22:20,607 dumbo.py [line:219] run_bft INFO ACS Block Delay at Node 58: 15.070950269699097 
2023-03-09 02:22:20,607 dumbo.py [line:220] run_bft INFO Current Block's TPS at Node 58: 222.54734704707943 
2023-03-09 02:22:35,052 dumbo.py [line:217] run_bft INFO Node 58 Delivers ACS Block in Round 15 with having 3354 TXs 
2023-03-09 02:22:35,052 dumbo.py [line:219] run_bft INFO ACS Block Delay at Node 58: 14.444877624511719 
2023-03-09 02:22:35,052 dumbo.py [line:220] run_bft INFO Current Block's TPS at Node 58: 232.1930366726368 
2023-03-09 02:22:49,568 dumbo.py [line:217] run_bft INFO Node 58 Delivers ACS Block in Round 16 with having 3354 TXs 
2023-03-09 02:22:49,568 dumbo.py [line:219] run_bft INFO ACS Block Delay at Node 58: 14.515984296798706 
2023-03-09 02:22:49,568 dumbo.py [line:220] run_bft INFO Current Block's TPS at Node 58: 231.05563711168224 
2023-03-09 02:23:04,498 dumbo.py [line:217] run_bft INFO Node 58 Delivers ACS Block in Round 17 with having 3354 TXs 
2023-03-09 02:23:04,498 dumbo.py [line:219] run_bft INFO ACS Block Delay at Node 58: 14.930096626281738 
2023-03-09 02:23:04,498 dumbo.py [line:220] run_bft INFO Current Block's TPS at Node 58: 224.64690510414306 
2023-03-09 02:23:19,028 dumbo.py [line:217] run_bft INFO Node 58 Delivers ACS Block in Round 18 with having 3354 TXs 
2023-03-09 02:23:19,028 dumbo.py [line:219] run_bft INFO ACS Block Delay at Node 58: 14.529270887374878 
2023-03-09 02:23:19,028 dumbo.py [line:220] run_bft INFO Current Block's TPS at Node 58: 230.84434353236804 
2023-03-09 02:23:33,876 dumbo.py [line:217] run_bft INFO Node 58 Delivers ACS Block in Round 19 with having 3354 TXs 
2023-03-09 02:23:33,876 dumbo.py [line:219] run_bft INFO ACS Block Delay at Node 58: 14.848025798797607 
2023-03-09 02:23:33,876 dumbo.py [line:220] run_bft INFO Current Block's TPS at Node 58: 225.88861613317016 
2023-03-09 02:23:48,433 dumbo.py [line:217] run_bft INFO Node 58 Delivers ACS Block in Round 20 with having 3354 TXs 
2023-03-09 02:23:48,433 dumbo.py [line:219] run_bft INFO ACS Block Delay at Node 58: 14.556943655014038 
2023-03-09 02:23:48,433 dumbo.py [line:220] run_bft INFO Current Block's TPS at Node 58: 230.40550815381758 
2023-03-09 02:24:03,053 dumbo.py [line:217] run_bft INFO Node 58 Delivers ACS Block in Round 21 with having 3354 TXs 
2023-03-09 02:24:03,053 dumbo.py [line:219] run_bft INFO ACS Block Delay at Node 58: 14.619893789291382 
2023-03-09 02:24:03,053 dumbo.py [line:220] run_bft INFO Current Block's TPS at Node 58: 229.41343133810594 
2023-03-09 02:24:17,993 dumbo.py [line:217] run_bft INFO Node 58 Delivers ACS Block in Round 22 with having 3354 TXs 
2023-03-09 02:24:17,994 dumbo.py [line:219] run_bft INFO ACS Block Delay at Node 58: 14.940700054168701 
2023-03-09 02:24:17,994 dumbo.py [line:220] run_bft INFO Current Block's TPS at Node 58: 224.48747299924403 
2023-03-09 02:24:32,613 dumbo.py [line:217] run_bft INFO Node 58 Delivers ACS Block in Round 23 with having 3354 TXs 
2023-03-09 02:24:32,613 dumbo.py [line:219] run_bft INFO ACS Block Delay at Node 58: 14.619498491287231 
2023-03-09 02:24:32,613 dumbo.py [line:220] run_bft INFO Current Block's TPS at Node 58: 229.419634469601 
2023-03-09 02:24:47,394 dumbo.py [line:217] run_bft INFO Node 58 Delivers ACS Block in Round 24 with having 3354 TXs 
2023-03-09 02:24:47,394 dumbo.py [line:219] run_bft INFO ACS Block Delay at Node 58: 14.781142473220825 
2023-03-09 02:24:47,394 dumbo.py [line:220] run_bft INFO Current Block's TPS at Node 58: 226.9107415801236 
2023-03-09 02:25:02,172 dumbo.py [line:217] run_bft INFO Node 58 Delivers ACS Block in Round 25 with having 3354 TXs 
2023-03-09 02:25:02,172 dumbo.py [line:219] run_bft INFO ACS Block Delay at Node 58: 14.778068780899048 
2023-03-09 02:25:02,172 dumbo.py [line:220] run_bft INFO Current Block's TPS at Node 58: 226.95793677284226 
2023-03-09 02:25:16,827 dumbo.py [line:217] run_bft INFO Node 58 Delivers ACS Block in Round 26 with having 3354 TXs 
2023-03-09 02:25:16,827 dumbo.py [line:219] run_bft INFO ACS Block Delay at Node 58: 14.654448509216309 
2023-03-09 02:25:16,827 dumbo.py [line:220] run_bft INFO Current Block's TPS at Node 58: 228.8724818194721 
2023-03-09 02:25:31,544 dumbo.py [line:217] run_bft INFO Node 58 Delivers ACS Block in Round 27 with having 3354 TXs 
2023-03-09 02:25:31,544 dumbo.py [line:219] run_bft INFO ACS Block Delay at Node 58: 14.71661639213562 
2023-03-09 02:25:31,544 dumbo.py [line:220] run_bft INFO Current Block's TPS at Node 58: 227.9056483250006 
2023-03-09 02:25:46,355 dumbo.py [line:217] run_bft INFO Node 58 Delivers ACS Block in Round 28 with having 3354 TXs 
2023-03-09 02:25:46,355 dumbo.py [line:219] run_bft INFO ACS Block Delay at Node 58: 14.811427116394043 
2023-03-09 02:25:46,355 dumbo.py [line:220] run_bft INFO Current Block's TPS at Node 58: 226.44678150477625 
2023-03-09 02:26:00,884 dumbo.py [line:217] run_bft INFO Node 58 Delivers ACS Block in Round 29 with having 3354 TXs 
2023-03-09 02:26:00,885 dumbo.py [line:219] run_bft INFO ACS Block Delay at Node 58: 14.529265642166138 
2023-03-09 02:26:00,885 dumbo.py [line:220] run_bft INFO Current Block's TPS at Node 58: 230.84442686946147 
2023-03-09 02:26:15,781 dumbo.py [line:217] run_bft INFO Node 58 Delivers ACS Block in Round 30 with having 3354 TXs 
2023-03-09 02:26:15,781 dumbo.py [line:219] run_bft INFO ACS Block Delay at Node 58: 14.896079778671265 
2023-03-09 02:26:15,781 dumbo.py [line:220] run_bft INFO Current Block's TPS at Node 58: 225.15991118699407 
2023-03-09 02:26:30,820 dumbo.py [line:217] run_bft INFO Node 58 Delivers ACS Block in Round 31 with having 3354 TXs 
2023-03-09 02:26:30,820 dumbo.py [line:219] run_bft INFO ACS Block Delay at Node 58: 15.039040803909302 
2023-03-09 02:26:30,820 dumbo.py [line:220] run_bft INFO Current Block's TPS at Node 58: 223.01954251817372 
2023-03-09 02:26:45,508 dumbo.py [line:217] run_bft INFO Node 58 Delivers ACS Block in Round 32 with having 3354 TXs 
2023-03-09 02:26:45,508 dumbo.py [line:219] run_bft INFO ACS Block Delay at Node 58: 14.688626289367676 
2023-03-09 02:26:45,508 dumbo.py [line:220] run_bft INFO Current Block's TPS at Node 58: 228.3399368957861 
2023-03-09 02:27:00,205 dumbo.py [line:217] run_bft INFO Node 58 Delivers ACS Block in Round 33 with having 3354 TXs 
2023-03-09 02:27:00,205 dumbo.py [line:219] run_bft INFO ACS Block Delay at Node 58: 14.696170568466187 
2023-03-09 02:27:00,205 dumbo.py [line:220] run_bft INFO Current Block's TPS at Node 58: 228.22271859015657 
2023-03-09 02:27:15,000 dumbo.py [line:217] run_bft INFO Node 58 Delivers ACS Block in Round 34 with having 3354 TXs 
2023-03-09 02:27:15,000 dumbo.py [line:219] run_bft INFO ACS Block Delay at Node 58: 14.795435190200806 
2023-03-09 02:27:15,000 dumbo.py [line:220] run_bft INFO Current Block's TPS at Node 58: 226.69154079505512 
2023-03-09 02:27:29,689 dumbo.py [line:217] run_bft INFO Node 58 Delivers ACS Block in Round 35 with having 3354 TXs 
2023-03-09 02:27:29,690 dumbo.py [line:219] run_bft INFO ACS Block Delay at Node 58: 14.689300298690796 
2023-03-09 02:27:29,690 dumbo.py [line:220] run_bft INFO Current Block's TPS at Node 58: 228.32945966112013 
2023-03-09 02:27:44,278 dumbo.py [line:217] run_bft INFO Node 58 Delivers ACS Block in Round 36 with having 3354 TXs 
2023-03-09 02:27:44,278 dumbo.py [line:219] run_bft INFO ACS Block Delay at Node 58: 14.588452577590942 
2023-03-09 02:27:44,278 dumbo.py [line:220] run_bft INFO Current Block's TPS at Node 58: 229.907865975588 
2023-03-09 02:27:59,210 dumbo.py [line:217] run_bft INFO Node 58 Delivers ACS Block in Round 37 with having 3354 TXs 
2023-03-09 02:27:59,210 dumbo.py [line:219] run_bft INFO ACS Block Delay at Node 58: 14.931822061538696 
2023-03-09 02:27:59,210 dumbo.py [line:220] run_bft INFO Current Block's TPS at Node 58: 224.62094620315725 
2023-03-09 02:28:13,943 dumbo.py [line:217] run_bft INFO Node 58 Delivers ACS Block in Round 38 with having 3354 TXs 
2023-03-09 02:28:13,943 dumbo.py [line:219] run_bft INFO ACS Block Delay at Node 58: 14.732584476470947 
2023-03-09 02:28:13,943 dumbo.py [line:220] run_bft INFO Current Block's TPS at Node 58: 227.65863011724738 
2023-03-09 02:28:28,761 dumbo.py [line:217] run_bft INFO Node 58 Delivers ACS Block in Round 39 with having 3354 TXs 
2023-03-09 02:28:28,761 dumbo.py [line:219] run_bft INFO ACS Block Delay at Node 58: 14.818687677383423 
2023-03-09 02:28:28,761 dumbo.py [line:220] run_bft INFO Current Block's TPS at Node 58: 226.33583168899239 
2023-03-09 02:28:43,515 dumbo.py [line:217] run_bft INFO Node 58 Delivers ACS Block in Round 40 with having 3354 TXs 
2023-03-09 02:28:43,515 dumbo.py [line:219] run_bft INFO ACS Block Delay at Node 58: 14.753909587860107 
2023-03-09 02:28:43,515 dumbo.py [line:220] run_bft INFO Current Block's TPS at Node 58: 227.329575257785 
2023-03-09 02:28:58,107 dumbo.py [line:217] run_bft INFO Node 58 Delivers ACS Block in Round 41 with having 3354 TXs 
2023-03-09 02:28:58,107 dumbo.py [line:219] run_bft INFO ACS Block Delay at Node 58: 14.59128212928772 
2023-03-09 02:28:58,107 dumbo.py [line:220] run_bft INFO Current Block's TPS at Node 58: 229.8632820804574 
2023-03-09 02:29:13,084 dumbo.py [line:217] run_bft INFO Node 58 Delivers ACS Block in Round 42 with having 3354 TXs 
2023-03-09 02:29:13,084 dumbo.py [line:219] run_bft INFO ACS Block Delay at Node 58: 14.977663516998291 
2023-03-09 02:29:13,085 dumbo.py [line:220] run_bft INFO Current Block's TPS at Node 58: 223.9334590601207 
2023-03-09 02:29:27,845 dumbo.py [line:217] run_bft INFO Node 58 Delivers ACS Block in Round 43 with having 3354 TXs 
2023-03-09 02:29:27,845 dumbo.py [line:219] run_bft INFO ACS Block Delay at Node 58: 14.760553121566772 
2023-03-09 02:29:27,845 dumbo.py [line:220] run_bft INFO Current Block's TPS at Node 58: 227.22725716148412 
2023-03-09 02:29:42,471 dumbo.py [line:217] run_bft INFO Node 58 Delivers ACS Block in Round 44 with having 3354 TXs 
2023-03-09 02:29:42,471 dumbo.py [line:219] run_bft INFO ACS Block Delay at Node 58: 14.625576257705688 
2023-03-09 02:29:42,471 dumbo.py [line:220] run_bft INFO Current Block's TPS at Node 58: 229.32429744317926 
2023-03-09 02:29:57,233 dumbo.py [line:217] run_bft INFO Node 58 Delivers ACS Block in Round 45 with having 3354 TXs 
2023-03-09 02:29:57,234 dumbo.py [line:219] run_bft INFO ACS Block Delay at Node 58: 14.762696981430054 
2023-03-09 02:29:57,234 dumbo.py [line:220] run_bft INFO Current Block's TPS at Node 58: 227.1942588958498 
2023-03-09 02:30:11,946 dumbo.py [line:217] run_bft INFO Node 58 Delivers ACS Block in Round 46 with having 3354 TXs 
2023-03-09 02:30:11,947 dumbo.py [line:219] run_bft INFO ACS Block Delay at Node 58: 14.712984800338745 
2023-03-09 02:30:11,947 dumbo.py [line:220] run_bft INFO Current Block's TPS at Node 58: 227.96190205557605 
2023-03-09 02:30:26,739 dumbo.py [line:217] run_bft INFO Node 58 Delivers ACS Block in Round 47 with having 3354 TXs 
2023-03-09 02:30:26,739 dumbo.py [line:219] run_bft INFO ACS Block Delay at Node 58: 14.792400360107422 
2023-03-09 02:30:26,739 dumbo.py [line:220] run_bft INFO Current Block's TPS at Node 58: 226.73804915699586 
2023-03-09 02:30:41,454 dumbo.py [line:217] run_bft INFO Node 58 Delivers ACS Block in Round 48 with having 3354 TXs 
2023-03-09 02:30:41,454 dumbo.py [line:219] run_bft INFO ACS Block Delay at Node 58: 14.714529037475586 
2023-03-09 02:30:41,454 dumbo.py [line:220] run_bft INFO Current Block's TPS at Node 58: 227.9379782701771 
2023-03-09 02:30:56,317 dumbo.py [line:217] run_bft INFO Node 58 Delivers ACS Block in Round 49 with having 3354 TXs 
2023-03-09 02:30:56,317 dumbo.py [line:219] run_bft INFO ACS Block Delay at Node 58: 14.863008499145508 
2023-03-09 02:30:56,317 dumbo.py [line:220] run_bft INFO Current Block's TPS at Node 58: 225.66090843538342 
2023-03-09 02:31:11,058 dumbo.py [line:217] run_bft INFO Node 58 Delivers ACS Block in Round 50 with having 3354 TXs 
2023-03-09 02:31:11,058 dumbo.py [line:219] run_bft INFO ACS Block Delay at Node 58: 14.741115808486938 
2023-03-09 02:31:11,058 dumbo.py [line:220] run_bft INFO Current Block's TPS at Node 58: 227.52687405582915 
2023-03-09 02:31:25,679 dumbo.py [line:217] run_bft INFO Node 58 Delivers ACS Block in Round 51 with having 3354 TXs 
2023-03-09 02:31:25,679 dumbo.py [line:219] run_bft INFO ACS Block Delay at Node 58: 14.621497392654419 
2023-03-09 02:31:25,680 dumbo.py [line:220] run_bft INFO Current Block's TPS at Node 58: 229.38827056693867 
2023-03-09 02:31:40,535 dumbo.py [line:217] run_bft INFO Node 58 Delivers ACS Block in Round 52 with having 3354 TXs 
2023-03-09 02:31:40,535 dumbo.py [line:219] run_bft INFO ACS Block Delay at Node 58: 14.855760097503662 
2023-03-09 02:31:40,535 dumbo.py [line:220] run_bft INFO Current Block's TPS at Node 58: 225.77101258949386 
2023-03-09 02:31:55,004 dumbo.py [line:217] run_bft INFO Node 58 Delivers ACS Block in Round 53 with having 3354 TXs 
2023-03-09 02:31:55,005 dumbo.py [line:219] run_bft INFO ACS Block Delay at Node 58: 14.469137907028198 
2023-03-09 02:31:55,005 dumbo.py [line:220] run_bft INFO Current Block's TPS at Node 58: 231.80372054998782 
2023-03-09 02:32:09,757 dumbo.py [line:217] run_bft INFO Node 58 Delivers ACS Block in Round 54 with having 3354 TXs 
2023-03-09 02:32:09,757 dumbo.py [line:219] run_bft INFO ACS Block Delay at Node 58: 14.752719402313232 
2023-03-09 02:32:09,757 dumbo.py [line:220] run_bft INFO Current Block's TPS at Node 58: 227.34791522396145 
2023-03-09 02:32:24,589 dumbo.py [line:217] run_bft INFO Node 58 Delivers ACS Block in Round 55 with having 3354 TXs 
2023-03-09 02:32:24,589 dumbo.py [line:219] run_bft INFO ACS Block Delay at Node 58: 14.83176565170288 
2023-03-09 02:32:24,589 dumbo.py [line:220] run_bft INFO Current Block's TPS at Node 58: 226.13625907815748 
2023-03-09 02:32:39,125 dumbo.py [line:217] run_bft INFO Node 58 Delivers ACS Block in Round 56 with having 3354 TXs 
2023-03-09 02:32:39,125 dumbo.py [line:219] run_bft INFO ACS Block Delay at Node 58: 14.535841464996338 
2023-03-09 02:32:39,125 dumbo.py [line:220] run_bft INFO Current Block's TPS at Node 58: 230.73999589750238 
2023-03-09 02:32:53,742 dumbo.py [line:217] run_bft INFO Node 58 Delivers ACS Block in Round 57 with having 3354 TXs 
2023-03-09 02:32:53,742 dumbo.py [line:219] run_bft INFO ACS Block Delay at Node 58: 14.616633415222168 
2023-03-09 02:32:53,742 dumbo.py [line:220] run_bft INFO Current Block's TPS at Node 58: 229.4646041069246 
2023-03-09 02:33:08,747 dumbo.py [line:217] run_bft INFO Node 58 Delivers ACS Block in Round 58 with having 3354 TXs 
2023-03-09 02:33:08,747 dumbo.py [line:219] run_bft INFO ACS Block Delay at Node 58: 15.00525426864624 
2023-03-09 02:33:08,747 dumbo.py [line:220] run_bft INFO Current Block's TPS at Node 58: 223.5217037946665 
2023-03-09 02:33:23,556 dumbo.py [line:217] run_bft INFO Node 58 Delivers ACS Block in Round 59 with having 3354 TXs 
2023-03-09 02:33:23,556 dumbo.py [line:219] run_bft INFO ACS Block Delay at Node 58: 14.808799505233765 
2023-03-09 02:33:23,556 dumbo.py [line:220] run_bft INFO Current Block's TPS at Node 58: 226.48696127019753 
2023-03-09 02:33:38,271 dumbo.py [line:217] run_bft INFO Node 58 Delivers ACS Block in Round 60 with having 3354 TXs 
2023-03-09 02:33:38,271 dumbo.py [line:219] run_bft INFO ACS Block Delay at Node 58: 14.715106010437012 
2023-03-09 02:33:38,271 dumbo.py [line:220] run_bft INFO Current Block's TPS at Node 58: 227.92904092033737 
2023-03-09 02:33:52,960 dumbo.py [line:217] run_bft INFO Node 58 Delivers ACS Block in Round 61 with having 3354 TXs 
2023-03-09 02:33:52,960 dumbo.py [line:219] run_bft INFO ACS Block Delay at Node 58: 14.688783645629883 
2023-03-09 02:33:52,960 dumbo.py [line:220] run_bft INFO Current Block's TPS at Node 58: 228.33749076274682 
2023-03-09 02:34:07,565 dumbo.py [line:217] run_bft INFO Node 58 Delivers ACS Block in Round 62 with having 3354 TXs 
2023-03-09 02:34:07,565 dumbo.py [line:219] run_bft INFO ACS Block Delay at Node 58: 14.604898452758789 
2023-03-09 02:34:07,565 dumbo.py [line:220] run_bft INFO Current Block's TPS at Node 58: 229.64897776241963 
2023-03-09 02:34:22,490 dumbo.py [line:217] run_bft INFO Node 58 Delivers ACS Block in Round 63 with having 3354 TXs 
2023-03-09 02:34:22,490 dumbo.py [line:219] run_bft INFO ACS Block Delay at Node 58: 14.925209999084473 
2023-03-09 02:34:22,490 dumbo.py [line:220] run_bft INFO Current Block's TPS at Node 58: 224.7204562083708 
2023-03-09 02:34:37,168 dumbo.py [line:217] run_bft INFO Node 58 Delivers ACS Block in Round 64 with having 3354 TXs 
2023-03-09 02:34:37,168 dumbo.py [line:219] run_bft INFO ACS Block Delay at Node 58: 14.677489280700684 
2023-03-09 02:34:37,168 dumbo.py [line:220] run_bft INFO Current Block's TPS at Node 58: 228.51319703637245 
2023-03-09 02:34:51,797 dumbo.py [line:217] run_bft INFO Node 58 Delivers ACS Block in Round 65 with having 3354 TXs 
2023-03-09 02:34:51,797 dumbo.py [line:219] run_bft INFO ACS Block Delay at Node 58: 14.628922462463379 
2023-03-09 02:34:51,797 dumbo.py [line:220] run_bft INFO Current Block's TPS at Node 58: 229.27184203799632 
2023-03-09 02:35:06,399 dumbo.py [line:217] run_bft INFO Node 58 Delivers ACS Block in Round 66 with having 3354 TXs 
2023-03-09 02:35:06,399 dumbo.py [line:219] run_bft INFO ACS Block Delay at Node 58: 14.602365493774414 
2023-03-09 02:35:06,399 dumbo.py [line:220] run_bft INFO Current Block's TPS at Node 58: 229.6888131878323 
2023-03-09 02:35:21,543 dumbo.py [line:217] run_bft INFO Node 58 Delivers ACS Block in Round 67 with having 3354 TXs 
2023-03-09 02:35:21,543 dumbo.py [line:219] run_bft INFO ACS Block Delay at Node 58: 15.143591165542603 
2023-03-09 02:35:21,543 dumbo.py [line:220] run_bft INFO Current Block's TPS at Node 58: 221.47983020246997 
2023-03-09 02:35:36,517 dumbo.py [line:217] run_bft INFO Node 58 Delivers ACS Block in Round 68 with having 3354 TXs 
2023-03-09 02:35:36,518 dumbo.py [line:219] run_bft INFO ACS Block Delay at Node 58: 14.974559545516968 
2023-03-09 02:35:36,518 dumbo.py [line:220] run_bft INFO Current Block's TPS at Node 58: 223.97987665714743 
2023-03-09 02:35:51,195 dumbo.py [line:217] run_bft INFO Node 58 Delivers ACS Block in Round 69 with having 3354 TXs 
2023-03-09 02:35:51,196 dumbo.py [line:219] run_bft INFO ACS Block Delay at Node 58: 14.677802562713623 
2023-03-09 02:35:51,196 dumbo.py [line:220] run_bft INFO Current Block's TPS at Node 58: 228.50831966634075 
2023-03-09 02:36:05,918 dumbo.py [line:217] run_bft INFO Node 58 Delivers ACS Block in Round 70 with having 3354 TXs 
2023-03-09 02:36:05,918 dumbo.py [line:219] run_bft INFO ACS Block Delay at Node 58: 14.72231125831604 
2023-03-09 02:36:05,918 dumbo.py [line:220] run_bft INFO Current Block's TPS at Node 58: 227.8174901447937 
2023-03-09 02:36:20,499 dumbo.py [line:217] run_bft INFO Node 58 Delivers ACS Block in Round 71 with having 3354 TXs 
2023-03-09 02:36:20,499 dumbo.py [line:219] run_bft INFO ACS Block Delay at Node 58: 14.58092999458313 
2023-03-09 02:36:20,499 dumbo.py [line:220] run_bft INFO Current Block's TPS at Node 58: 230.02647987789692 
2023-03-09 02:36:35,414 dumbo.py [line:217] run_bft INFO Node 58 Delivers ACS Block in Round 72 with having 3354 TXs 
2023-03-09 02:36:35,415 dumbo.py [line:219] run_bft INFO ACS Block Delay at Node 58: 14.91552472114563 
2023-03-09 02:36:35,415 dumbo.py [line:220] run_bft INFO Current Block's TPS at Node 58: 224.8663766582116 
2023-03-09 02:36:50,097 dumbo.py [line:217] run_bft INFO Node 58 Delivers ACS Block in Round 73 with having 3354 TXs 
2023-03-09 02:36:50,097 dumbo.py [line:219] run_bft INFO ACS Block Delay at Node 58: 14.682122468948364 
2023-03-09 02:36:50,097 dumbo.py [line:220] run_bft INFO Current Block's TPS at Node 58: 228.4410858915984 
2023-03-09 02:37:04,979 dumbo.py [line:217] run_bft INFO Node 58 Delivers ACS Block in Round 74 with having 3354 TXs 
2023-03-09 02:37:04,979 dumbo.py [line:219] run_bft INFO ACS Block Delay at Node 58: 14.881882190704346 
2023-03-09 02:37:04,979 dumbo.py [line:220] run_bft INFO Current Block's TPS at Node 58: 225.37471786297337 
2023-03-09 02:37:19,723 dumbo.py [line:217] run_bft INFO Node 58 Delivers ACS Block in Round 75 with having 3354 TXs 
2023-03-09 02:37:19,723 dumbo.py [line:219] run_bft INFO ACS Block Delay at Node 58: 14.74446177482605 
2023-03-09 02:37:19,723 dumbo.py [line:220] run_bft INFO Current Block's TPS at Node 58: 227.47524129544357 
2023-03-09 02:37:34,819 dumbo.py [line:217] run_bft INFO Node 58 Delivers ACS Block in Round 76 with having 3354 TXs 
2023-03-09 02:37:34,820 dumbo.py [line:219] run_bft INFO ACS Block Delay at Node 58: 15.096199750900269 
2023-03-09 02:37:34,820 dumbo.py [line:220] run_bft INFO Current Block's TPS at Node 58: 222.17512058291246 
2023-03-09 02:37:49,643 dumbo.py [line:217] run_bft INFO Node 58 Delivers ACS Block in Round 77 with having 3354 TXs 
2023-03-09 02:37:49,643 dumbo.py [line:219] run_bft INFO ACS Block Delay at Node 58: 14.823252439498901 
2023-03-09 02:37:49,643 dumbo.py [line:220] run_bft INFO Current Block's TPS at Node 58: 226.26613246245043 
2023-03-09 02:38:04,208 dumbo.py [line:217] run_bft INFO Node 58 Delivers ACS Block in Round 78 with having 3354 TXs 
2023-03-09 02:38:04,208 dumbo.py [line:219] run_bft INFO ACS Block Delay at Node 58: 14.56498908996582 
2023-03-09 02:38:04,208 dumbo.py [line:220] run_bft INFO Current Block's TPS at Node 58: 230.27823634352416 
2023-03-09 02:38:18,863 dumbo.py [line:217] run_bft INFO Node 58 Delivers ACS Block in Round 79 with having 3354 TXs 
2023-03-09 02:38:18,863 dumbo.py [line:219] run_bft INFO ACS Block Delay at Node 58: 14.654833793640137 
2023-03-09 02:38:18,863 dumbo.py [line:220] run_bft INFO Current Block's TPS at Node 58: 228.86646462381302 
2023-03-09 02:38:33,442 dumbo.py [line:217] run_bft INFO Node 58 Delivers ACS Block in Round 80 with having 3354 TXs 
2023-03-09 02:38:33,443 dumbo.py [line:219] run_bft INFO ACS Block Delay at Node 58: 14.579700708389282 
2023-03-09 02:38:33,443 dumbo.py [line:220] run_bft INFO Current Block's TPS at Node 58: 230.04587454048905 
2023-03-09 02:38:48,050 dumbo.py [line:217] run_bft INFO Node 58 Delivers ACS Block in Round 81 with having 3354 TXs 
2023-03-09 02:38:48,050 dumbo.py [line:219] run_bft INFO ACS Block Delay at Node 58: 14.607335329055786 
2023-03-09 02:38:48,050 dumbo.py [line:220] run_bft INFO Current Block's TPS at Node 58: 229.61066645252413 
2023-03-09 02:39:02,974 dumbo.py [line:217] run_bft INFO Node 58 Delivers ACS Block in Round 82 with having 3354 TXs 
2023-03-09 02:39:02,974 dumbo.py [line:219] run_bft INFO ACS Block Delay at Node 58: 14.923536777496338 
2023-03-09 02:39:02,974 dumbo.py [line:220] run_bft INFO Current Block's TPS at Node 58: 224.74565178527922 
2023-03-09 02:39:17,676 dumbo.py [line:217] run_bft INFO Node 58 Delivers ACS Block in Round 83 with having 3354 TXs 
2023-03-09 02:39:17,676 dumbo.py [line:219] run_bft INFO ACS Block Delay at Node 58: 14.702367305755615 
2023-03-09 02:39:17,676 dumbo.py [line:220] run_bft INFO Current Block's TPS at Node 58: 228.12652753458224 
2023-03-09 02:39:32,652 dumbo.py [line:217] run_bft INFO Node 58 Delivers ACS Block in Round 84 with having 3354 TXs 
2023-03-09 02:39:32,652 dumbo.py [line:219] run_bft INFO ACS Block Delay at Node 58: 14.975594758987427 
2023-03-09 02:39:32,652 dumbo.py [line:220] run_bft INFO Current Block's TPS at Node 58: 223.96439366704527 
2023-03-09 02:39:47,318 dumbo.py [line:217] run_bft INFO Node 58 Delivers ACS Block in Round 85 with having 3354 TXs 
2023-03-09 02:39:47,318 dumbo.py [line:219] run_bft INFO ACS Block Delay at Node 58: 14.665958642959595 
2023-03-09 02:39:47,318 dumbo.py [line:220] run_bft INFO Current Block's TPS at Node 58: 228.69285817944743 
2023-03-09 02:40:02,321 dumbo.py [line:217] run_bft INFO Node 58 Delivers ACS Block in Round 86 with having 3354 TXs 
2023-03-09 02:40:02,321 dumbo.py [line:219] run_bft INFO ACS Block Delay at Node 58: 15.003085613250732 
2023-03-09 02:40:02,321 dumbo.py [line:220] run_bft INFO Current Block's TPS at Node 58: 223.55401325163044 
2023-03-09 02:40:17,161 dumbo.py [line:217] run_bft INFO Node 58 Delivers ACS Block in Round 87 with having 3354 TXs 
2023-03-09 02:40:17,161 dumbo.py [line:219] run_bft INFO ACS Block Delay at Node 58: 14.839642524719238 
2023-03-09 02:40:17,161 dumbo.py [line:220] run_bft INFO Current Block's TPS at Node 58: 226.01622609257944 
2023-03-09 02:40:31,834 dumbo.py [line:217] run_bft INFO Node 58 Delivers ACS Block in Round 88 with having 3354 TXs 
2023-03-09 02:40:31,834 dumbo.py [line:219] run_bft INFO ACS Block Delay at Node 58: 14.673087358474731 
2023-03-09 02:40:31,834 dumbo.py [line:220] run_bft INFO Current Block's TPS at Node 58: 228.58175093347558 
2023-03-09 02:40:46,444 dumbo.py [line:217] run_bft INFO Node 58 Delivers ACS Block in Round 89 with having 3354 TXs 
2023-03-09 02:40:46,444 dumbo.py [line:219] run_bft INFO ACS Block Delay at Node 58: 14.61020541191101 
2023-03-09 02:40:46,444 dumbo.py [line:220] run_bft INFO Current Block's TPS at Node 58: 229.56556088291833 
2023-03-09 02:41:01,046 dumbo.py [line:217] run_bft INFO Node 58 Delivers ACS Block in Round 90 with having 3354 TXs 
2023-03-09 02:41:01,046 dumbo.py [line:219] run_bft INFO ACS Block Delay at Node 58: 14.6016206741333 
2023-03-09 02:41:01,046 dumbo.py [line:220] run_bft INFO Current Block's TPS at Node 58: 229.7005294721561 
2023-03-09 02:41:15,708 dumbo.py [line:217] run_bft INFO Node 58 Delivers ACS Block in Round 91 with having 3354 TXs 
2023-03-09 02:41:15,708 dumbo.py [line:219] run_bft INFO ACS Block Delay at Node 58: 14.662046670913696 
2023-03-09 02:41:15,708 dumbo.py [line:220] run_bft INFO Current Block's TPS at Node 58: 228.75387558638758 
2023-03-09 02:41:30,365 dumbo.py [line:217] run_bft INFO Node 58 Delivers ACS Block in Round 92 with having 3354 TXs 
2023-03-09 02:41:30,365 dumbo.py [line:219] run_bft INFO ACS Block Delay at Node 58: 14.656604051589966 
2023-03-09 02:41:30,365 dumbo.py [line:220] run_bft INFO Current Block's TPS at Node 58: 228.83882161203326 
2023-03-09 02:41:45,033 dumbo.py [line:217] run_bft INFO Node 58 Delivers ACS Block in Round 93 with having 3354 TXs 
2023-03-09 02:41:45,033 dumbo.py [line:219] run_bft INFO ACS Block Delay at Node 58: 14.667898893356323 
2023-03-09 02:41:45,033 dumbo.py [line:220] run_bft INFO Current Block's TPS at Node 58: 228.66260698859605 
2023-03-09 02:41:59,761 dumbo.py [line:217] run_bft INFO Node 58 Delivers ACS Block in Round 94 with having 3354 TXs 
2023-03-09 02:41:59,761 dumbo.py [line:219] run_bft INFO ACS Block Delay at Node 58: 14.727943181991577 
2023-03-09 02:41:59,761 dumbo.py [line:220] run_bft INFO Current Block's TPS at Node 58: 227.7303733830984 
2023-03-09 02:42:14,537 dumbo.py [line:217] run_bft INFO Node 58 Delivers ACS Block in Round 95 with having 3354 TXs 
2023-03-09 02:42:14,537 dumbo.py [line:219] run_bft INFO ACS Block Delay at Node 58: 14.776152610778809 
2023-03-09 02:42:14,537 dumbo.py [line:220] run_bft INFO Current Block's TPS at Node 58: 226.98736865734227 
2023-03-09 02:42:29,298 dumbo.py [line:217] run_bft INFO Node 58 Delivers ACS Block in Round 96 with having 3354 TXs 
2023-03-09 02:42:29,298 dumbo.py [line:219] run_bft INFO ACS Block Delay at Node 58: 14.760865449905396 
2023-03-09 02:42:29,298 dumbo.py [line:220] run_bft INFO Current Block's TPS at Node 58: 227.22244921089612 
2023-03-09 02:42:44,209 dumbo.py [line:217] run_bft INFO Node 58 Delivers ACS Block in Round 97 with having 3354 TXs 
2023-03-09 02:42:44,210 dumbo.py [line:219] run_bft INFO ACS Block Delay at Node 58: 14.911607027053833 
2023-03-09 02:42:44,210 dumbo.py [line:220] run_bft INFO Current Block's TPS at Node 58: 224.92545531242234 
2023-03-09 02:42:59,077 dumbo.py [line:217] run_bft INFO Node 58 Delivers ACS Block in Round 98 with having 3354 TXs 
2023-03-09 02:42:59,077 dumbo.py [line:219] run_bft INFO ACS Block Delay at Node 58: 14.86789059638977 
2023-03-09 02:42:59,078 dumbo.py [line:220] run_bft INFO Current Block's TPS at Node 58: 225.58680925553892 
2023-03-09 02:43:13,787 dumbo.py [line:217] run_bft INFO Node 58 Delivers ACS Block in Round 99 with having 3354 TXs 
2023-03-09 02:43:13,787 dumbo.py [line:219] run_bft INFO ACS Block Delay at Node 58: 14.709096908569336 
2023-03-09 02:43:13,787 dumbo.py [line:220] run_bft INFO Current Block's TPS at Node 58: 228.02215668631578 
2023-03-09 02:43:13,787 dumbo.py [line:241] run_bft INFO node 58 breaks in 1475.563774 seconds with total delivered Txs 335400 
