2023-03-10 11:08:17,495 dumbo_node.py [line:77] run INFO node 49's starts to run consensus on process id 2442363 
2023-03-10 11:08:17,496 dumbo_node.py [line:59] prepare_bootstrap INFO node id 49 is inserting dummy payload TXs 
2023-03-10 11:08:17,496 dumbo_node.py [line:68] prepare_bootstrap INFO node id 49 just inserts 50000 TXs 
2023-03-10 11:08:17,497 dumbo_node.py [line:68] prepare_bootstrap INFO node id 49 just inserts 50000 TXs 
2023-03-10 11:08:17,497 dumbo_node.py [line:68] prepare_bootstrap INFO node id 49 just inserts 50000 TXs 
2023-03-10 11:08:17,497 dumbo_node.py [line:68] prepare_bootstrap INFO node id 49 just inserts 50000 TXs 
2023-03-10 11:08:17,497 dumbo_node.py [line:68] prepare_bootstrap INFO node id 49 just inserts 50000 TXs 
2023-03-10 11:08:17,497 dumbo_node.py [line:68] prepare_bootstrap INFO node id 49 just inserts 50000 TXs 
2023-03-10 11:08:17,498 dumbo_node.py [line:68] prepare_bootstrap INFO node id 49 just inserts 50000 TXs 
2023-03-10 11:08:17,498 dumbo_node.py [line:68] prepare_bootstrap INFO node id 49 just inserts 50000 TXs 
2023-03-10 11:08:17,498 dumbo_node.py [line:68] prepare_bootstrap INFO node id 49 just inserts 50000 TXs 
2023-03-10 11:08:17,498 dumbo_node.py [line:68] prepare_bootstrap INFO node id 49 just inserts 50000 TXs 
2023-03-10 11:08:17,499 dumbo_node.py [line:68] prepare_bootstrap INFO node id 49 just inserts 50000 TXs 
2023-03-10 11:08:17,499 dumbo_node.py [line:68] prepare_bootstrap INFO node id 49 just inserts 50000 TXs 
2023-03-10 11:08:17,499 dumbo_node.py [line:68] prepare_bootstrap INFO node id 49 just inserts 50000 TXs 
2023-03-10 11:08:17,499 dumbo_node.py [line:68] prepare_bootstrap INFO node id 49 just inserts 50000 TXs 
2023-03-10 11:08:17,500 dumbo_node.py [line:68] prepare_bootstrap INFO node id 49 just inserts 50000 TXs 
2023-03-10 11:08:17,500 dumbo_node.py [line:68] prepare_bootstrap INFO node id 49 just inserts 50000 TXs 
2023-03-10 11:08:17,500 dumbo_node.py [line:68] prepare_bootstrap INFO node id 49 just inserts 50000 TXs 
2023-03-10 11:08:17,500 dumbo_node.py [line:68] prepare_bootstrap INFO node id 49 just inserts 50000 TXs 
2023-03-10 11:08:17,500 dumbo_node.py [line:68] prepare_bootstrap INFO node id 49 just inserts 50000 TXs 
2023-03-10 11:08:17,501 dumbo_node.py [line:68] prepare_bootstrap INFO node id 49 just inserts 50000 TXs 
2023-03-10 11:08:17,501 dumbo_node.py [line:68] prepare_bootstrap INFO node id 49 just inserts 50000 TXs 
2023-03-10 11:08:17,501 dumbo_node.py [line:68] prepare_bootstrap INFO node id 49 just inserts 50000 TXs 
2023-03-10 11:08:17,501 dumbo_node.py [line:68] prepare_bootstrap INFO node id 49 just inserts 50000 TXs 
2023-03-10 11:08:17,502 dumbo_node.py [line:68] prepare_bootstrap INFO node id 49 just inserts 50000 TXs 
2023-03-10 11:08:17,502 dumbo_node.py [line:68] prepare_bootstrap INFO node id 49 just inserts 50000 TXs 
2023-03-10 11:08:17,502 dumbo_node.py [line:68] prepare_bootstrap INFO node id 49 just inserts 50000 TXs 
2023-03-10 11:08:17,502 dumbo_node.py [line:68] prepare_bootstrap INFO node id 49 just inserts 50000 TXs 
2023-03-10 11:08:17,502 dumbo_node.py [line:68] prepare_bootstrap INFO node id 49 just inserts 50000 TXs 
2023-03-10 11:08:17,503 dumbo_node.py [line:68] prepare_bootstrap INFO node id 49 just inserts 50000 TXs 
2023-03-10 11:08:17,503 dumbo_node.py [line:68] prepare_bootstrap INFO node id 49 just inserts 50000 TXs 
2023-03-10 11:08:17,503 dumbo_node.py [line:68] prepare_bootstrap INFO node id 49 just inserts 50000 TXs 
2023-03-10 11:08:17,503 dumbo_node.py [line:68] prepare_bootstrap INFO node id 49 just inserts 50000 TXs 
2023-03-10 11:08:17,503 dumbo_node.py [line:68] prepare_bootstrap INFO node id 49 just inserts 50000 TXs 
2023-03-10 11:08:17,503 dumbo_node.py [line:68] prepare_bootstrap INFO node id 49 just inserts 50000 TXs 
2023-03-10 11:08:17,503 dumbo_node.py [line:68] prepare_bootstrap INFO node id 49 just inserts 50000 TXs 
2023-03-10 11:08:17,503 dumbo_node.py [line:68] prepare_bootstrap INFO node id 49 just inserts 50000 TXs 
2023-03-10 11:08:17,503 dumbo_node.py [line:68] prepare_bootstrap INFO node id 49 just inserts 50000 TXs 
2023-03-10 11:08:17,503 dumbo_node.py [line:68] prepare_bootstrap INFO node id 49 just inserts 50000 TXs 
2023-03-10 11:08:17,503 dumbo_node.py [line:68] prepare_bootstrap INFO node id 49 just inserts 50000 TXs 
2023-03-10 11:08:17,504 dumbo_node.py [line:68] prepare_bootstrap INFO node id 49 just inserts 50000 TXs 
2023-03-10 11:08:17,504 dumbo_node.py [line:68] prepare_bootstrap INFO node id 49 just inserts 50000 TXs 
2023-03-10 11:08:17,504 dumbo_node.py [line:68] prepare_bootstrap INFO node id 49 just inserts 50000 TXs 
2023-03-10 11:08:17,504 dumbo_node.py [line:68] prepare_bootstrap INFO node id 49 just inserts 50000 TXs 
2023-03-10 11:08:17,504 dumbo_node.py [line:68] prepare_bootstrap INFO node id 49 just inserts 50000 TXs 
2023-03-10 11:08:17,504 dumbo_node.py [line:68] prepare_bootstrap INFO node id 49 just inserts 50000 TXs 
2023-03-10 11:08:17,504 dumbo_node.py [line:68] prepare_bootstrap INFO node id 49 just inserts 50000 TXs 
2023-03-10 11:08:17,504 dumbo_node.py [line:68] prepare_bootstrap INFO node id 49 just inserts 50000 TXs 
2023-03-10 11:08:17,504 dumbo_node.py [line:68] prepare_bootstrap INFO node id 49 just inserts 50000 TXs 
2023-03-10 11:08:17,504 dumbo_node.py [line:68] prepare_bootstrap INFO node id 49 just inserts 50000 TXs 
2023-03-10 11:08:17,504 dumbo_node.py [line:68] prepare_bootstrap INFO node id 49 just inserts 50000 TXs 
2023-03-10 11:08:17,504 dumbo_node.py [line:68] prepare_bootstrap INFO node id 49 just inserts 50000 TXs 
2023-03-10 11:08:17,504 dumbo_node.py [line:68] prepare_bootstrap INFO node id 49 just inserts 50000 TXs 
2023-03-10 11:08:17,505 dumbo_node.py [line:68] prepare_bootstrap INFO node id 49 just inserts 50000 TXs 
2023-03-10 11:08:17,505 dumbo_node.py [line:68] prepare_bootstrap INFO node id 49 just inserts 50000 TXs 
2023-03-10 11:08:17,505 dumbo_node.py [line:68] prepare_bootstrap INFO node id 49 just inserts 50000 TXs 
2023-03-10 11:08:17,505 dumbo_node.py [line:68] prepare_bootstrap INFO node id 49 just inserts 50000 TXs 
2023-03-10 11:08:17,505 dumbo_node.py [line:68] prepare_bootstrap INFO node id 49 just inserts 50000 TXs 
2023-03-10 11:08:17,505 dumbo_node.py [line:68] prepare_bootstrap INFO node id 49 just inserts 50000 TXs 
2023-03-10 11:08:17,505 dumbo_node.py [line:68] prepare_bootstrap INFO node id 49 just inserts 50000 TXs 
2023-03-10 11:08:17,505 dumbo_node.py [line:68] prepare_bootstrap INFO node id 49 just inserts 50000 TXs 
2023-03-10 11:08:17,505 dumbo_node.py [line:68] prepare_bootstrap INFO node id 49 just inserts 50000 TXs 
2023-03-10 11:08:17,505 dumbo_node.py [line:68] prepare_bootstrap INFO node id 49 just inserts 50000 TXs 
2023-03-10 11:08:17,505 dumbo_node.py [line:68] prepare_bootstrap INFO node id 49 just inserts 50000 TXs 
2023-03-10 11:08:17,505 dumbo_node.py [line:68] prepare_bootstrap INFO node id 49 just inserts 50000 TXs 
2023-03-10 11:08:17,506 dumbo_node.py [line:68] prepare_bootstrap INFO node id 49 just inserts 50000 TXs 
2023-03-10 11:08:17,506 dumbo_node.py [line:68] prepare_bootstrap INFO node id 49 just inserts 50000 TXs 
2023-03-10 11:08:17,506 dumbo_node.py [line:68] prepare_bootstrap INFO node id 49 just inserts 50000 TXs 
2023-03-10 11:08:17,506 dumbo_node.py [line:68] prepare_bootstrap INFO node id 49 just inserts 50000 TXs 
2023-03-10 11:08:17,506 dumbo_node.py [line:68] prepare_bootstrap INFO node id 49 just inserts 50000 TXs 
2023-03-10 11:08:17,506 dumbo_node.py [line:68] prepare_bootstrap INFO node id 49 just inserts 50000 TXs 
2023-03-10 11:08:17,506 dumbo_node.py [line:68] prepare_bootstrap INFO node id 49 just inserts 50000 TXs 
2023-03-10 11:08:17,506 dumbo_node.py [line:68] prepare_bootstrap INFO node id 49 just inserts 50000 TXs 
2023-03-10 11:08:17,506 dumbo_node.py [line:68] prepare_bootstrap INFO node id 49 just inserts 50000 TXs 
2023-03-10 11:08:17,506 dumbo_node.py [line:68] prepare_bootstrap INFO node id 49 just inserts 50000 TXs 
2023-03-10 11:08:17,506 dumbo_node.py [line:68] prepare_bootstrap INFO node id 49 just inserts 50000 TXs 
2023-03-10 11:08:17,506 dumbo_node.py [line:68] prepare_bootstrap INFO node id 49 just inserts 50000 TXs 
2023-03-10 11:08:17,507 dumbo_node.py [line:68] prepare_bootstrap INFO node id 49 just inserts 50000 TXs 
2023-03-10 11:08:17,507 dumbo_node.py [line:68] prepare_bootstrap INFO node id 49 just inserts 50000 TXs 
2023-03-10 11:08:17,507 dumbo_node.py [line:68] prepare_bootstrap INFO node id 49 just inserts 50000 TXs 
2023-03-10 11:08:17,507 dumbo_node.py [line:68] prepare_bootstrap INFO node id 49 just inserts 50000 TXs 
2023-03-10 11:08:17,507 dumbo_node.py [line:68] prepare_bootstrap INFO node id 49 just inserts 50000 TXs 
2023-03-10 11:08:17,507 dumbo_node.py [line:68] prepare_bootstrap INFO node id 49 just inserts 50000 TXs 
2023-03-10 11:08:17,507 dumbo_node.py [line:68] prepare_bootstrap INFO node id 49 just inserts 50000 TXs 
2023-03-10 11:08:17,507 dumbo_node.py [line:68] prepare_bootstrap INFO node id 49 just inserts 50000 TXs 
2023-03-10 11:08:17,507 dumbo_node.py [line:68] prepare_bootstrap INFO node id 49 just inserts 50000 TXs 
2023-03-10 11:08:17,507 dumbo_node.py [line:68] prepare_bootstrap INFO node id 49 just inserts 50000 TXs 
2023-03-10 11:08:17,507 dumbo_node.py [line:68] prepare_bootstrap INFO node id 49 just inserts 50000 TXs 
2023-03-10 11:08:17,507 dumbo_node.py [line:68] prepare_bootstrap INFO node id 49 just inserts 50000 TXs 
2023-03-10 11:08:17,508 dumbo_node.py [line:68] prepare_bootstrap INFO node id 49 just inserts 50000 TXs 
2023-03-10 11:08:17,508 dumbo_node.py [line:68] prepare_bootstrap INFO node id 49 just inserts 50000 TXs 
2023-03-10 11:08:17,508 dumbo_node.py [line:68] prepare_bootstrap INFO node id 49 just inserts 50000 TXs 
2023-03-10 11:08:17,508 dumbo_node.py [line:68] prepare_bootstrap INFO node id 49 just inserts 50000 TXs 
2023-03-10 11:08:17,508 dumbo_node.py [line:68] prepare_bootstrap INFO node id 49 just inserts 50000 TXs 
2023-03-10 11:08:17,508 dumbo_node.py [line:68] prepare_bootstrap INFO node id 49 just inserts 50000 TXs 
2023-03-10 11:08:17,508 dumbo_node.py [line:68] prepare_bootstrap INFO node id 49 just inserts 50000 TXs 
2023-03-10 11:08:17,508 dumbo_node.py [line:68] prepare_bootstrap INFO node id 49 just inserts 50000 TXs 
2023-03-10 11:08:17,508 dumbo_node.py [line:68] prepare_bootstrap INFO node id 49 just inserts 50000 TXs 
2023-03-10 11:08:17,508 dumbo_node.py [line:68] prepare_bootstrap INFO node id 49 just inserts 50000 TXs 
2023-03-10 11:08:17,508 dumbo_node.py [line:68] prepare_bootstrap INFO node id 49 just inserts 50000 TXs 
2023-03-10 11:08:17,508 dumbo_node.py [line:68] prepare_bootstrap INFO node id 49 just inserts 50000 TXs 
2023-03-10 11:08:17,508 dumbo_node.py [line:72] prepare_bootstrap INFO node id 49 completed the loading of dummy TXs 
2023-03-10 11:08:17,509 dumbo.py [line:179] run_bft INFO Node 49 starts to run at time:1678446497.509095 
2023-03-10 11:08:22,300 dumbo.py [line:217] run_bft INFO Node 49 Delivers ACS Block in Round 0 with having 3354 TXs 
2023-03-10 11:08:22,300 dumbo.py [line:219] run_bft INFO ACS Block Delay at Node 49: 4.791081666946411 
2023-03-10 11:08:22,300 dumbo.py [line:220] run_bft INFO Current Block's TPS at Node 49: 700.0506844079047 
2023-03-10 11:08:26,850 dumbo.py [line:217] run_bft INFO Node 49 Delivers ACS Block in Round 1 with having 3354 TXs 
2023-03-10 11:08:26,850 dumbo.py [line:219] run_bft INFO ACS Block Delay at Node 49: 4.549898862838745 
2023-03-10 11:08:26,850 dumbo.py [line:220] run_bft INFO Current Block's TPS at Node 49: 737.1592426798236 
2023-03-10 11:08:31,527 dumbo.py [line:217] run_bft INFO Node 49 Delivers ACS Block in Round 2 with having 3354 TXs 
2023-03-10 11:08:31,527 dumbo.py [line:219] run_bft INFO ACS Block Delay at Node 49: 4.677272081375122 
2023-03-10 11:08:31,527 dumbo.py [line:220] run_bft INFO Current Block's TPS at Node 49: 717.0846471291704 
2023-03-10 11:08:36,157 dumbo.py [line:217] run_bft INFO Node 49 Delivers ACS Block in Round 3 with having 3354 TXs 
2023-03-10 11:08:36,157 dumbo.py [line:219] run_bft INFO ACS Block Delay at Node 49: 4.629477024078369 
2023-03-10 11:08:36,157 dumbo.py [line:220] run_bft INFO Current Block's TPS at Node 49: 724.4878811484566 
2023-03-10 11:08:40,680 dumbo.py [line:217] run_bft INFO Node 49 Delivers ACS Block in Round 4 with having 3354 TXs 
2023-03-10 11:08:40,680 dumbo.py [line:219] run_bft INFO ACS Block Delay at Node 49: 4.523272275924683 
2023-03-10 11:08:40,680 dumbo.py [line:220] run_bft INFO Current Block's TPS at Node 49: 741.498586731516 
2023-03-10 11:08:45,293 dumbo.py [line:217] run_bft INFO Node 49 Delivers ACS Block in Round 5 with having 3354 TXs 
2023-03-10 11:08:45,293 dumbo.py [line:219] run_bft INFO ACS Block Delay at Node 49: 4.612654209136963 
2023-03-10 11:08:45,293 dumbo.py [line:220] run_bft INFO Current Block's TPS at Node 49: 727.1301614927559 
2023-03-10 11:08:49,895 dumbo.py [line:217] run_bft INFO Node 49 Delivers ACS Block in Round 6 with having 3354 TXs 
2023-03-10 11:08:49,895 dumbo.py [line:219] run_bft INFO ACS Block Delay at Node 49: 4.601795434951782 
2023-03-10 11:08:49,895 dumbo.py [line:220] run_bft INFO Current Block's TPS at Node 49: 728.8459574985743 
2023-03-10 11:08:54,541 dumbo.py [line:217] run_bft INFO Node 49 Delivers ACS Block in Round 7 with having 3354 TXs 
2023-03-10 11:08:54,541 dumbo.py [line:219] run_bft INFO ACS Block Delay at Node 49: 4.646371841430664 
2023-03-10 11:08:54,541 dumbo.py [line:220] run_bft INFO Current Block's TPS at Node 49: 721.8535482014436 
2023-03-10 11:08:59,251 dumbo.py [line:217] run_bft INFO Node 49 Delivers ACS Block in Round 8 with having 3354 TXs 
2023-03-10 11:08:59,251 dumbo.py [line:219] run_bft INFO ACS Block Delay at Node 49: 4.709843873977661 
2023-03-10 11:08:59,251 dumbo.py [line:220] run_bft INFO Current Block's TPS at Node 49: 712.1255162047242 
2023-03-10 11:09:03,797 dumbo.py [line:217] run_bft INFO Node 49 Delivers ACS Block in Round 9 with having 3354 TXs 
2023-03-10 11:09:03,797 dumbo.py [line:219] run_bft INFO ACS Block Delay at Node 49: 4.545635938644409 
2023-03-10 11:09:03,797 dumbo.py [line:220] run_bft INFO Current Block's TPS at Node 49: 737.8505549655223 
2023-03-10 11:09:08,415 dumbo.py [line:217] run_bft INFO Node 49 Delivers ACS Block in Round 10 with having 3354 TXs 
2023-03-10 11:09:08,415 dumbo.py [line:219] run_bft INFO ACS Block Delay at Node 49: 4.61811089515686 
2023-03-10 11:09:08,415 dumbo.py [line:220] run_bft INFO Current Block's TPS at Node 49: 726.2709961160595 
2023-03-10 11:09:13,106 dumbo.py [line:217] run_bft INFO Node 49 Delivers ACS Block in Round 11 with having 3354 TXs 
2023-03-10 11:09:13,106 dumbo.py [line:219] run_bft INFO ACS Block Delay at Node 49: 4.690878868103027 
2023-03-10 11:09:13,106 dumbo.py [line:220] run_bft INFO Current Block's TPS at Node 49: 715.0046066647516 
2023-03-10 11:09:17,842 dumbo.py [line:217] run_bft INFO Node 49 Delivers ACS Block in Round 12 with having 3354 TXs 
2023-03-10 11:09:17,843 dumbo.py [line:219] run_bft INFO ACS Block Delay at Node 49: 4.736400842666626 
2023-03-10 11:09:17,843 dumbo.py [line:220] run_bft INFO Current Block's TPS at Node 49: 708.1326330715867 
2023-03-10 11:09:22,576 dumbo.py [line:217] run_bft INFO Node 49 Delivers ACS Block in Round 13 with having 3354 TXs 
2023-03-10 11:09:22,576 dumbo.py [line:219] run_bft INFO ACS Block Delay at Node 49: 4.733097791671753 
2023-03-10 11:09:22,576 dumbo.py [line:220] run_bft INFO Current Block's TPS at Node 49: 708.6268122119976 
2023-03-10 11:09:27,092 dumbo.py [line:217] run_bft INFO Node 49 Delivers ACS Block in Round 14 with having 3354 TXs 
2023-03-10 11:09:27,092 dumbo.py [line:219] run_bft INFO ACS Block Delay at Node 49: 4.5161662101745605 
2023-03-10 11:09:27,092 dumbo.py [line:220] run_bft INFO Current Block's TPS at Node 49: 742.6653147627088 
2023-03-10 11:09:31,687 dumbo.py [line:217] run_bft INFO Node 49 Delivers ACS Block in Round 15 with having 3354 TXs 
2023-03-10 11:09:31,688 dumbo.py [line:219] run_bft INFO ACS Block Delay at Node 49: 4.595423936843872 
2023-03-10 11:09:31,688 dumbo.py [line:220] run_bft INFO Current Block's TPS at Node 49: 729.8564933496691 
2023-03-10 11:09:36,339 dumbo.py [line:217] run_bft INFO Node 49 Delivers ACS Block in Round 16 with having 3354 TXs 
2023-03-10 11:09:36,339 dumbo.py [line:219] run_bft INFO ACS Block Delay at Node 49: 4.651312351226807 
2023-03-10 11:09:36,339 dumbo.py [line:220] run_bft INFO Current Block's TPS at Node 49: 721.0868130830573 
2023-03-10 11:09:41,045 dumbo.py [line:217] run_bft INFO Node 49 Delivers ACS Block in Round 17 with having 3354 TXs 
2023-03-10 11:09:41,045 dumbo.py [line:219] run_bft INFO ACS Block Delay at Node 49: 4.706363916397095 
2023-03-10 11:09:41,046 dumbo.py [line:220] run_bft INFO Current Block's TPS at Node 49: 712.652072721061 
2023-03-10 11:09:45,641 dumbo.py [line:217] run_bft INFO Node 49 Delivers ACS Block in Round 18 with having 3354 TXs 
2023-03-10 11:09:45,641 dumbo.py [line:219] run_bft INFO ACS Block Delay at Node 49: 4.595203161239624 
2023-03-10 11:09:45,641 dumbo.py [line:220] run_bft INFO Current Block's TPS at Node 49: 729.8915591569207 
2023-03-10 11:09:50,333 dumbo.py [line:217] run_bft INFO Node 49 Delivers ACS Block in Round 19 with having 3354 TXs 
2023-03-10 11:09:50,333 dumbo.py [line:219] run_bft INFO ACS Block Delay at Node 49: 4.692004203796387 
2023-03-10 11:09:50,333 dumbo.py [line:220] run_bft INFO Current Block's TPS at Node 49: 714.8331191362141 
2023-03-10 11:09:54,914 dumbo.py [line:217] run_bft INFO Node 49 Delivers ACS Block in Round 20 with having 3354 TXs 
2023-03-10 11:09:54,914 dumbo.py [line:219] run_bft INFO ACS Block Delay at Node 49: 4.58093523979187 
2023-03-10 11:09:54,914 dumbo.py [line:220] run_bft INFO Current Block's TPS at Node 49: 732.1649018012281 
2023-03-10 11:09:59,607 dumbo.py [line:217] run_bft INFO Node 49 Delivers ACS Block in Round 21 with having 3354 TXs 
2023-03-10 11:09:59,608 dumbo.py [line:219] run_bft INFO ACS Block Delay at Node 49: 4.693767786026001 
2023-03-10 11:09:59,608 dumbo.py [line:220] run_bft INFO Current Block's TPS at Node 49: 714.5645359758367 
2023-03-10 11:10:04,234 dumbo.py [line:217] run_bft INFO Node 49 Delivers ACS Block in Round 22 with having 3354 TXs 
2023-03-10 11:10:04,234 dumbo.py [line:219] run_bft INFO ACS Block Delay at Node 49: 4.626598596572876 
2023-03-10 11:10:04,234 dumbo.py [line:220] run_bft INFO Current Block's TPS at Node 49: 724.9386195907409 
2023-03-10 11:10:09,008 dumbo.py [line:217] run_bft INFO Node 49 Delivers ACS Block in Round 23 with having 3354 TXs 
2023-03-10 11:10:09,008 dumbo.py [line:219] run_bft INFO ACS Block Delay at Node 49: 4.773582696914673 
2023-03-10 11:10:09,008 dumbo.py [line:220] run_bft INFO Current Block's TPS at Node 49: 702.6169258925383 
2023-03-10 11:10:13,654 dumbo.py [line:217] run_bft INFO Node 49 Delivers ACS Block in Round 24 with having 3354 TXs 
2023-03-10 11:10:13,654 dumbo.py [line:219] run_bft INFO ACS Block Delay at Node 49: 4.646239519119263 
2023-03-10 11:10:13,655 dumbo.py [line:220] run_bft INFO Current Block's TPS at Node 49: 721.8741061880902 
2023-03-10 11:10:18,230 dumbo.py [line:217] run_bft INFO Node 49 Delivers ACS Block in Round 25 with having 3354 TXs 
2023-03-10 11:10:18,230 dumbo.py [line:219] run_bft INFO ACS Block Delay at Node 49: 4.5750813484191895 
2023-03-10 11:10:18,230 dumbo.py [line:220] run_bft INFO Current Block's TPS at Node 49: 733.1017187615462 
2023-03-10 11:10:22,812 dumbo.py [line:217] run_bft INFO Node 49 Delivers ACS Block in Round 26 with having 3354 TXs 
2023-03-10 11:10:22,813 dumbo.py [line:219] run_bft INFO ACS Block Delay at Node 49: 4.5829126834869385 
2023-03-10 11:10:22,813 dumbo.py [line:220] run_bft INFO Current Block's TPS at Node 49: 731.8489859265849 
2023-03-10 11:10:27,562 dumbo.py [line:217] run_bft INFO Node 49 Delivers ACS Block in Round 27 with having 3354 TXs 
2023-03-10 11:10:27,562 dumbo.py [line:219] run_bft INFO ACS Block Delay at Node 49: 4.749457836151123 
2023-03-10 11:10:27,562 dumbo.py [line:220] run_bft INFO Current Block's TPS at Node 49: 706.1858670416206 
2023-03-10 11:10:32,334 dumbo.py [line:217] run_bft INFO Node 49 Delivers ACS Block in Round 28 with having 3354 TXs 
2023-03-10 11:10:32,334 dumbo.py [line:219] run_bft INFO ACS Block Delay at Node 49: 4.772081613540649 
2023-03-10 11:10:32,334 dumbo.py [line:220] run_bft INFO Current Block's TPS at Node 49: 702.8379377425395 
2023-03-10 11:10:36,956 dumbo.py [line:217] run_bft INFO Node 49 Delivers ACS Block in Round 29 with having 3354 TXs 
2023-03-10 11:10:36,957 dumbo.py [line:219] run_bft INFO ACS Block Delay at Node 49: 4.622258186340332 
2023-03-10 11:10:36,957 dumbo.py [line:220] run_bft INFO Current Block's TPS at Node 49: 725.6193541744855 
2023-03-10 11:10:41,599 dumbo.py [line:217] run_bft INFO Node 49 Delivers ACS Block in Round 30 with having 3354 TXs 
2023-03-10 11:10:41,599 dumbo.py [line:219] run_bft INFO ACS Block Delay at Node 49: 4.64192533493042 
2023-03-10 11:10:41,599 dumbo.py [line:220] run_bft INFO Current Block's TPS at Node 49: 722.5450126828192 
2023-03-10 11:10:46,244 dumbo.py [line:217] run_bft INFO Node 49 Delivers ACS Block in Round 31 with having 3354 TXs 
2023-03-10 11:10:46,245 dumbo.py [line:219] run_bft INFO ACS Block Delay at Node 49: 4.645883321762085 
2023-03-10 11:10:46,245 dumbo.py [line:220] run_bft INFO Current Block's TPS at Node 49: 721.9294518847062 
2023-03-10 11:10:50,791 dumbo.py [line:217] run_bft INFO Node 49 Delivers ACS Block in Round 32 with having 3354 TXs 
2023-03-10 11:10:50,791 dumbo.py [line:219] run_bft INFO ACS Block Delay at Node 49: 4.546082973480225 
2023-03-10 11:10:50,791 dumbo.py [line:220] run_bft INFO Current Block's TPS at Node 49: 737.7779991182974 
2023-03-10 11:10:55,273 dumbo.py [line:217] run_bft INFO Node 49 Delivers ACS Block in Round 33 with having 3354 TXs 
2023-03-10 11:10:55,273 dumbo.py [line:219] run_bft INFO ACS Block Delay at Node 49: 4.482098340988159 
2023-03-10 11:10:55,273 dumbo.py [line:220] run_bft INFO Current Block's TPS at Node 49: 748.3102209802363 
2023-03-10 11:10:59,950 dumbo.py [line:217] run_bft INFO Node 49 Delivers ACS Block in Round 34 with having 3354 TXs 
2023-03-10 11:10:59,950 dumbo.py [line:219] run_bft INFO ACS Block Delay at Node 49: 4.677420377731323 
2023-03-10 11:10:59,951 dumbo.py [line:220] run_bft INFO Current Block's TPS at Node 49: 717.0619121531219 
2023-03-10 11:11:04,696 dumbo.py [line:217] run_bft INFO Node 49 Delivers ACS Block in Round 35 with having 3354 TXs 
2023-03-10 11:11:04,696 dumbo.py [line:219] run_bft INFO ACS Block Delay at Node 49: 4.74533224105835 
2023-03-10 11:11:04,696 dumbo.py [line:220] run_bft INFO Current Block's TPS at Node 49: 706.7998255169502 
2023-03-10 11:11:09,213 dumbo.py [line:217] run_bft INFO Node 49 Delivers ACS Block in Round 36 with having 3354 TXs 
2023-03-10 11:11:09,213 dumbo.py [line:219] run_bft INFO ACS Block Delay at Node 49: 4.517194032669067 
2023-03-10 11:11:09,213 dumbo.py [line:220] run_bft INFO Current Block's TPS at Node 49: 742.4963319581442 
2023-03-10 11:11:13,953 dumbo.py [line:217] run_bft INFO Node 49 Delivers ACS Block in Round 37 with having 3354 TXs 
2023-03-10 11:11:13,953 dumbo.py [line:219] run_bft INFO ACS Block Delay at Node 49: 4.740078926086426 
2023-03-10 11:11:13,953 dumbo.py [line:220] run_bft INFO Current Block's TPS at Node 49: 707.5831546900379 
2023-03-10 11:11:18,818 dumbo.py [line:217] run_bft INFO Node 49 Delivers ACS Block in Round 38 with having 3354 TXs 
2023-03-10 11:11:18,819 dumbo.py [line:219] run_bft INFO ACS Block Delay at Node 49: 4.865239381790161 
2023-03-10 11:11:18,819 dumbo.py [line:220] run_bft INFO Current Block's TPS at Node 49: 689.3802620593559 
2023-03-10 11:11:23,296 dumbo.py [line:217] run_bft INFO Node 49 Delivers ACS Block in Round 39 with having 3354 TXs 
2023-03-10 11:11:23,296 dumbo.py [line:219] run_bft INFO ACS Block Delay at Node 49: 4.477547883987427 
2023-03-10 11:11:23,296 dumbo.py [line:220] run_bft INFO Current Block's TPS at Node 49: 749.0707161378552 
2023-03-10 11:11:28,011 dumbo.py [line:217] run_bft INFO Node 49 Delivers ACS Block in Round 40 with having 3354 TXs 
2023-03-10 11:11:28,011 dumbo.py [line:219] run_bft INFO ACS Block Delay at Node 49: 4.714566707611084 
2023-03-10 11:11:28,011 dumbo.py [line:220] run_bft INFO Current Block's TPS at Node 49: 711.4121419865335 
2023-03-10 11:11:32,580 dumbo.py [line:217] run_bft INFO Node 49 Delivers ACS Block in Round 41 with having 3354 TXs 
2023-03-10 11:11:32,580 dumbo.py [line:219] run_bft INFO ACS Block Delay at Node 49: 4.569452524185181 
2023-03-10 11:11:32,580 dumbo.py [line:220] run_bft INFO Current Block's TPS at Node 49: 734.0047811522194 
2023-03-10 11:11:37,295 dumbo.py [line:217] run_bft INFO Node 49 Delivers ACS Block in Round 42 with having 3354 TXs 
2023-03-10 11:11:37,295 dumbo.py [line:219] run_bft INFO ACS Block Delay at Node 49: 4.714860200881958 
2023-03-10 11:11:37,295 dumbo.py [line:220] run_bft INFO Current Block's TPS at Node 49: 711.3678576032017 
2023-03-10 11:11:42,027 dumbo.py [line:217] run_bft INFO Node 49 Delivers ACS Block in Round 43 with having 3354 TXs 
2023-03-10 11:11:42,028 dumbo.py [line:219] run_bft INFO ACS Block Delay at Node 49: 4.732243299484253 
2023-03-10 11:11:42,028 dumbo.py [line:220] run_bft INFO Current Block's TPS at Node 49: 708.7547676100124 
2023-03-10 11:11:46,644 dumbo.py [line:217] run_bft INFO Node 49 Delivers ACS Block in Round 44 with having 3354 TXs 
2023-03-10 11:11:46,644 dumbo.py [line:219] run_bft INFO ACS Block Delay at Node 49: 4.616567850112915 
2023-03-10 11:11:46,644 dumbo.py [line:220] run_bft INFO Current Block's TPS at Node 49: 726.5137454695843 
2023-03-10 11:11:51,358 dumbo.py [line:217] run_bft INFO Node 49 Delivers ACS Block in Round 45 with having 3354 TXs 
2023-03-10 11:11:51,358 dumbo.py [line:219] run_bft INFO ACS Block Delay at Node 49: 4.713393926620483 
2023-03-10 11:11:51,358 dumbo.py [line:220] run_bft INFO Current Block's TPS at Node 49: 711.5891546974575 
2023-03-10 11:11:56,008 dumbo.py [line:217] run_bft INFO Node 49 Delivers ACS Block in Round 46 with having 3354 TXs 
2023-03-10 11:11:56,008 dumbo.py [line:219] run_bft INFO ACS Block Delay at Node 49: 4.650075674057007 
2023-03-10 11:11:56,008 dumbo.py [line:220] run_bft INFO Current Block's TPS at Node 49: 721.2785844996298 
2023-03-10 11:12:00,627 dumbo.py [line:217] run_bft INFO Node 49 Delivers ACS Block in Round 47 with having 3354 TXs 
2023-03-10 11:12:00,627 dumbo.py [line:219] run_bft INFO ACS Block Delay at Node 49: 4.618732929229736 
2023-03-10 11:12:00,627 dumbo.py [line:220] run_bft INFO Current Block's TPS at Node 49: 726.1731845922827 
2023-03-10 11:12:05,277 dumbo.py [line:217] run_bft INFO Node 49 Delivers ACS Block in Round 48 with having 3354 TXs 
2023-03-10 11:12:05,278 dumbo.py [line:219] run_bft INFO ACS Block Delay at Node 49: 4.650755882263184 
2023-03-10 11:12:05,278 dumbo.py [line:220] run_bft INFO Current Block's TPS at Node 49: 721.1730920539852 
2023-03-10 11:12:09,969 dumbo.py [line:217] run_bft INFO Node 49 Delivers ACS Block in Round 49 with having 3354 TXs 
2023-03-10 11:12:09,969 dumbo.py [line:219] run_bft INFO ACS Block Delay at Node 49: 4.691424608230591 
2023-03-10 11:12:09,969 dumbo.py [line:220] run_bft INFO Current Block's TPS at Node 49: 714.9214322054273 
2023-03-10 11:12:14,647 dumbo.py [line:217] run_bft INFO Node 49 Delivers ACS Block in Round 50 with having 3354 TXs 
2023-03-10 11:12:14,647 dumbo.py [line:219] run_bft INFO ACS Block Delay at Node 49: 4.677850246429443 
2023-03-10 11:12:14,647 dumbo.py [line:220] run_bft INFO Current Block's TPS at Node 49: 716.9960181089754 
2023-03-10 11:12:19,355 dumbo.py [line:217] run_bft INFO Node 49 Delivers ACS Block in Round 51 with having 3354 TXs 
2023-03-10 11:12:19,355 dumbo.py [line:219] run_bft INFO ACS Block Delay at Node 49: 4.708181142807007 
2023-03-10 11:12:19,355 dumbo.py [line:220] run_bft INFO Current Block's TPS at Node 49: 712.3770089271359 
2023-03-10 11:12:23,987 dumbo.py [line:217] run_bft INFO Node 49 Delivers ACS Block in Round 52 with having 3354 TXs 
2023-03-10 11:12:23,988 dumbo.py [line:219] run_bft INFO ACS Block Delay at Node 49: 4.632162809371948 
2023-03-10 11:12:23,988 dumbo.py [line:220] run_bft INFO Current Block's TPS at Node 49: 724.067814113544 
2023-03-10 11:12:28,575 dumbo.py [line:217] run_bft INFO Node 49 Delivers ACS Block in Round 53 with having 3354 TXs 
2023-03-10 11:12:28,575 dumbo.py [line:219] run_bft INFO ACS Block Delay at Node 49: 4.587589979171753 
2023-03-10 11:12:28,575 dumbo.py [line:220] run_bft INFO Current Block's TPS at Node 49: 731.1028263701835 
2023-03-10 11:12:33,357 dumbo.py [line:217] run_bft INFO Node 49 Delivers ACS Block in Round 54 with having 3354 TXs 
2023-03-10 11:12:33,357 dumbo.py [line:219] run_bft INFO ACS Block Delay at Node 49: 4.781635999679565 
2023-03-10 11:12:33,357 dumbo.py [line:220] run_bft INFO Current Block's TPS at Node 49: 701.4335679722931 
2023-03-10 11:12:38,004 dumbo.py [line:217] run_bft INFO Node 49 Delivers ACS Block in Round 55 with having 3354 TXs 
2023-03-10 11:12:38,004 dumbo.py [line:219] run_bft INFO ACS Block Delay at Node 49: 4.647210121154785 
2023-03-10 11:12:38,004 dumbo.py [line:220] run_bft INFO Current Block's TPS at Node 49: 721.7233377789607 
2023-03-10 11:12:42,779 dumbo.py [line:217] run_bft INFO Node 49 Delivers ACS Block in Round 56 with having 3354 TXs 
2023-03-10 11:12:42,779 dumbo.py [line:219] run_bft INFO ACS Block Delay at Node 49: 4.774796009063721 
2023-03-10 11:12:42,779 dumbo.py [line:220] run_bft INFO Current Block's TPS at Node 49: 702.4383855631309 
2023-03-10 11:12:47,441 dumbo.py [line:217] run_bft INFO Node 49 Delivers ACS Block in Round 57 with having 3354 TXs 
2023-03-10 11:12:47,441 dumbo.py [line:219] run_bft INFO ACS Block Delay at Node 49: 4.6619203090667725 
2023-03-10 11:12:47,441 dumbo.py [line:220] run_bft INFO Current Block's TPS at Node 49: 719.4460174441306 
2023-03-10 11:12:52,088 dumbo.py [line:217] run_bft INFO Node 49 Delivers ACS Block in Round 58 with having 3354 TXs 
2023-03-10 11:12:52,088 dumbo.py [line:219] run_bft INFO ACS Block Delay at Node 49: 4.647052049636841 
2023-03-10 11:12:52,088 dumbo.py [line:220] run_bft INFO Current Block's TPS at Node 49: 721.7478875155077 
2023-03-10 11:12:56,889 dumbo.py [line:217] run_bft INFO Node 49 Delivers ACS Block in Round 59 with having 3354 TXs 
2023-03-10 11:12:56,890 dumbo.py [line:219] run_bft INFO ACS Block Delay at Node 49: 4.801354885101318 
2023-03-10 11:12:56,890 dumbo.py [line:220] run_bft INFO Current Block's TPS at Node 49: 698.5528210812986 
2023-03-10 11:13:01,508 dumbo.py [line:217] run_bft INFO Node 49 Delivers ACS Block in Round 60 with having 3354 TXs 
2023-03-10 11:13:01,509 dumbo.py [line:219] run_bft INFO ACS Block Delay at Node 49: 4.619002342224121 
2023-03-10 11:13:01,509 dumbo.py [line:220] run_bft INFO Current Block's TPS at Node 49: 726.1308290190208 
2023-03-10 11:13:06,051 dumbo.py [line:217] run_bft INFO Node 49 Delivers ACS Block in Round 61 with having 3354 TXs 
2023-03-10 11:13:06,051 dumbo.py [line:219] run_bft INFO ACS Block Delay at Node 49: 4.542595386505127 
2023-03-10 11:13:06,051 dumbo.py [line:220] run_bft INFO Current Block's TPS at Node 49: 738.3444296984636 
2023-03-10 11:13:10,760 dumbo.py [line:217] run_bft INFO Node 49 Delivers ACS Block in Round 62 with having 3354 TXs 
2023-03-10 11:13:10,760 dumbo.py [line:219] run_bft INFO ACS Block Delay at Node 49: 4.708263397216797 
2023-03-10 11:13:10,760 dumbo.py [line:220] run_bft INFO Current Block's TPS at Node 49: 712.3645635421874 
2023-03-10 11:13:15,518 dumbo.py [line:217] run_bft INFO Node 49 Delivers ACS Block in Round 63 with having 3354 TXs 
2023-03-10 11:13:15,519 dumbo.py [line:219] run_bft INFO ACS Block Delay at Node 49: 4.758877754211426 
2023-03-10 11:13:15,519 dumbo.py [line:220] run_bft INFO Current Block's TPS at Node 49: 704.788013735347 
2023-03-10 11:13:21,658 dumbo.py [line:217] run_bft INFO Node 49 Delivers ACS Block in Round 64 with having 3354 TXs 
2023-03-10 11:13:21,659 dumbo.py [line:219] run_bft INFO ACS Block Delay at Node 49: 6.139897584915161 
2023-03-10 11:13:21,659 dumbo.py [line:220] run_bft INFO Current Block's TPS at Node 49: 546.2631833208899 
2023-03-10 11:13:26,117 dumbo.py [line:217] run_bft INFO Node 49 Delivers ACS Block in Round 65 with having 3354 TXs 
2023-03-10 11:13:26,118 dumbo.py [line:219] run_bft INFO ACS Block Delay at Node 49: 4.459030389785767 
2023-03-10 11:13:26,118 dumbo.py [line:220] run_bft INFO Current Block's TPS at Node 49: 752.1814625177162 
2023-03-10 11:13:30,766 dumbo.py [line:217] run_bft INFO Node 49 Delivers ACS Block in Round 66 with having 3354 TXs 
2023-03-10 11:13:30,766 dumbo.py [line:219] run_bft INFO ACS Block Delay at Node 49: 4.648162126541138 
2023-03-10 11:13:30,766 dumbo.py [line:220] run_bft INFO Current Block's TPS at Node 49: 721.5755192463199 
2023-03-10 11:13:35,480 dumbo.py [line:217] run_bft INFO Node 49 Delivers ACS Block in Round 67 with having 3354 TXs 
2023-03-10 11:13:35,480 dumbo.py [line:219] run_bft INFO ACS Block Delay at Node 49: 4.714468002319336 
2023-03-10 11:13:35,480 dumbo.py [line:220] run_bft INFO Current Block's TPS at Node 49: 711.4270365924558 
2023-03-10 11:13:41,617 dumbo.py [line:217] run_bft INFO Node 49 Delivers ACS Block in Round 68 with having 3354 TXs 
2023-03-10 11:13:41,617 dumbo.py [line:219] run_bft INFO ACS Block Delay at Node 49: 6.1367347240448 
2023-03-10 11:13:41,617 dumbo.py [line:220] run_bft INFO Current Block's TPS at Node 49: 546.5447262790163 
2023-03-10 11:13:46,215 dumbo.py [line:217] run_bft INFO Node 49 Delivers ACS Block in Round 69 with having 3354 TXs 
2023-03-10 11:13:46,215 dumbo.py [line:219] run_bft INFO ACS Block Delay at Node 49: 4.597979545593262 
2023-03-10 11:13:46,215 dumbo.py [line:220] run_bft INFO Current Block's TPS at Node 49: 729.4508309012595 
2023-03-10 11:13:50,976 dumbo.py [line:217] run_bft INFO Node 49 Delivers ACS Block in Round 70 with having 3354 TXs 
2023-03-10 11:13:50,976 dumbo.py [line:219] run_bft INFO ACS Block Delay at Node 49: 4.760298490524292 
2023-03-10 11:13:50,976 dumbo.py [line:220] run_bft INFO Current Block's TPS at Node 49: 704.5776660174508 
2023-03-10 11:13:55,553 dumbo.py [line:217] run_bft INFO Node 49 Delivers ACS Block in Round 71 with having 3354 TXs 
2023-03-10 11:13:55,553 dumbo.py [line:219] run_bft INFO ACS Block Delay at Node 49: 4.577488422393799 
2023-03-10 11:13:55,553 dumbo.py [line:220] run_bft INFO Current Block's TPS at Node 49: 732.716216952445 
2023-03-10 11:14:00,218 dumbo.py [line:217] run_bft INFO Node 49 Delivers ACS Block in Round 72 with having 3354 TXs 
2023-03-10 11:14:00,218 dumbo.py [line:219] run_bft INFO ACS Block Delay at Node 49: 4.6648571491241455 
2023-03-10 11:14:00,218 dumbo.py [line:220] run_bft INFO Current Block's TPS at Node 49: 718.9930779830489 
2023-03-10 11:14:04,981 dumbo.py [line:217] run_bft INFO Node 49 Delivers ACS Block in Round 73 with having 3354 TXs 
2023-03-10 11:14:04,981 dumbo.py [line:219] run_bft INFO ACS Block Delay at Node 49: 4.762674331665039 
2023-03-10 11:14:04,981 dumbo.py [line:220] run_bft INFO Current Block's TPS at Node 49: 704.2261902521133 
2023-03-10 11:14:09,537 dumbo.py [line:217] run_bft INFO Node 49 Delivers ACS Block in Round 74 with having 3354 TXs 
2023-03-10 11:14:09,537 dumbo.py [line:219] run_bft INFO ACS Block Delay at Node 49: 4.556163549423218 
2023-03-10 11:14:09,537 dumbo.py [line:220] run_bft INFO Current Block's TPS at Node 49: 736.1456549171936 
2023-03-10 11:14:14,206 dumbo.py [line:217] run_bft INFO Node 49 Delivers ACS Block in Round 75 with having 3354 TXs 
2023-03-10 11:14:14,206 dumbo.py [line:219] run_bft INFO ACS Block Delay at Node 49: 4.668613910675049 
2023-03-10 11:14:14,206 dumbo.py [line:220] run_bft INFO Current Block's TPS at Node 49: 718.4145153513101 
2023-03-10 11:14:18,875 dumbo.py [line:217] run_bft INFO Node 49 Delivers ACS Block in Round 76 with having 3354 TXs 
2023-03-10 11:14:18,875 dumbo.py [line:219] run_bft INFO ACS Block Delay at Node 49: 4.669427156448364 
2023-03-10 11:14:18,875 dumbo.py [line:220] run_bft INFO Current Block's TPS at Node 49: 718.2893934576554 
2023-03-10 11:14:23,683 dumbo.py [line:217] run_bft INFO Node 49 Delivers ACS Block in Round 77 with having 3354 TXs 
2023-03-10 11:14:23,683 dumbo.py [line:219] run_bft INFO ACS Block Delay at Node 49: 4.807320594787598 
2023-03-10 11:14:23,683 dumbo.py [line:220] run_bft INFO Current Block's TPS at Node 49: 697.6859424845973 
2023-03-10 11:14:28,293 dumbo.py [line:217] run_bft INFO Node 49 Delivers ACS Block in Round 78 with having 3354 TXs 
2023-03-10 11:14:28,293 dumbo.py [line:219] run_bft INFO ACS Block Delay at Node 49: 4.610543251037598 
2023-03-10 11:14:28,293 dumbo.py [line:220] run_bft INFO Current Block's TPS at Node 49: 727.4630813289054 
2023-03-10 11:14:32,987 dumbo.py [line:217] run_bft INFO Node 49 Delivers ACS Block in Round 79 with having 3354 TXs 
2023-03-10 11:14:32,987 dumbo.py [line:219] run_bft INFO ACS Block Delay at Node 49: 4.693962335586548 
2023-03-10 11:14:32,987 dumbo.py [line:220] run_bft INFO Current Block's TPS at Node 49: 714.5349195864161 
2023-03-10 11:14:37,750 dumbo.py [line:217] run_bft INFO Node 49 Delivers ACS Block in Round 80 with having 3354 TXs 
2023-03-10 11:14:37,750 dumbo.py [line:219] run_bft INFO ACS Block Delay at Node 49: 4.762630462646484 
2023-03-10 11:14:37,750 dumbo.py [line:220] run_bft INFO Current Block's TPS at Node 49: 704.2326769430395 
2023-03-10 11:14:42,547 dumbo.py [line:217] run_bft INFO Node 49 Delivers ACS Block in Round 81 with having 3354 TXs 
2023-03-10 11:14:42,547 dumbo.py [line:219] run_bft INFO ACS Block Delay at Node 49: 4.7969138622283936 
2023-03-10 11:14:42,547 dumbo.py [line:220] run_bft INFO Current Block's TPS at Node 49: 699.1995471108811 
2023-03-10 11:14:47,166 dumbo.py [line:217] run_bft INFO Node 49 Delivers ACS Block in Round 82 with having 3354 TXs 
2023-03-10 11:14:47,166 dumbo.py [line:219] run_bft INFO ACS Block Delay at Node 49: 4.6190245151519775 
2023-03-10 11:14:47,166 dumbo.py [line:220] run_bft INFO Current Block's TPS at Node 49: 726.1273433379137 
2023-03-10 11:14:51,954 dumbo.py [line:217] run_bft INFO Node 49 Delivers ACS Block in Round 83 with having 3354 TXs 
2023-03-10 11:14:51,955 dumbo.py [line:219] run_bft INFO ACS Block Delay at Node 49: 4.788257837295532 
2023-03-10 11:14:51,955 dumbo.py [line:220] run_bft INFO Current Block's TPS at Node 49: 700.4635326602172 
2023-03-10 11:14:56,626 dumbo.py [line:217] run_bft INFO Node 49 Delivers ACS Block in Round 84 with having 3354 TXs 
2023-03-10 11:14:56,627 dumbo.py [line:219] run_bft INFO ACS Block Delay at Node 49: 4.671988487243652 
2023-03-10 11:14:56,627 dumbo.py [line:220] run_bft INFO Current Block's TPS at Node 49: 717.8956046569306 
2023-03-10 11:15:01,385 dumbo.py [line:217] run_bft INFO Node 49 Delivers ACS Block in Round 85 with having 3354 TXs 
2023-03-10 11:15:01,385 dumbo.py [line:219] run_bft INFO ACS Block Delay at Node 49: 4.758415699005127 
2023-03-10 11:15:01,385 dumbo.py [line:220] run_bft INFO Current Block's TPS at Node 49: 704.8564505831727 
2023-03-10 11:15:05,912 dumbo.py [line:217] run_bft INFO Node 49 Delivers ACS Block in Round 86 with having 3354 TXs 
2023-03-10 11:15:05,912 dumbo.py [line:219] run_bft INFO ACS Block Delay at Node 49: 4.52654504776001 
2023-03-10 11:15:05,912 dumbo.py [line:220] run_bft INFO Current Block's TPS at Node 49: 740.9624701867816 
2023-03-10 11:15:10,613 dumbo.py [line:217] run_bft INFO Node 49 Delivers ACS Block in Round 87 with having 3354 TXs 
2023-03-10 11:15:10,613 dumbo.py [line:219] run_bft INFO ACS Block Delay at Node 49: 4.7016379833221436 
2023-03-10 11:15:10,614 dumbo.py [line:220] run_bft INFO Current Block's TPS at Node 49: 713.3684073289895 
2023-03-10 11:15:15,404 dumbo.py [line:217] run_bft INFO Node 49 Delivers ACS Block in Round 88 with having 3354 TXs 
2023-03-10 11:15:15,404 dumbo.py [line:219] run_bft INFO ACS Block Delay at Node 49: 4.79072117805481 
2023-03-10 11:15:15,404 dumbo.py [line:220] run_bft INFO Current Block's TPS at Node 49: 700.1033613402303 
2023-03-10 11:15:19,980 dumbo.py [line:217] run_bft INFO Node 49 Delivers ACS Block in Round 89 with having 3354 TXs 
2023-03-10 11:15:19,980 dumbo.py [line:219] run_bft INFO ACS Block Delay at Node 49: 4.575988292694092 
2023-03-10 11:15:19,980 dumbo.py [line:220] run_bft INFO Current Block's TPS at Node 49: 732.9564206610652 
2023-03-10 11:15:24,787 dumbo.py [line:217] run_bft INFO Node 49 Delivers ACS Block in Round 90 with having 3354 TXs 
2023-03-10 11:15:24,788 dumbo.py [line:219] run_bft INFO ACS Block Delay at Node 49: 4.807153701782227 
2023-03-10 11:15:24,788 dumbo.py [line:220] run_bft INFO Current Block's TPS at Node 49: 697.7101644901686 
2023-03-10 11:15:29,474 dumbo.py [line:217] run_bft INFO Node 49 Delivers ACS Block in Round 91 with having 3354 TXs 
2023-03-10 11:15:29,475 dumbo.py [line:219] run_bft INFO ACS Block Delay at Node 49: 4.6868577003479 
2023-03-10 11:15:29,475 dumbo.py [line:220] run_bft INFO Current Block's TPS at Node 49: 715.6180567955021 
2023-03-10 11:15:34,246 dumbo.py [line:217] run_bft INFO Node 49 Delivers ACS Block in Round 92 with having 3354 TXs 
2023-03-10 11:15:34,246 dumbo.py [line:219] run_bft INFO ACS Block Delay at Node 49: 4.771365642547607 
2023-03-10 11:15:34,246 dumbo.py [line:220] run_bft INFO Current Block's TPS at Node 49: 702.9434026374839 
2023-03-10 11:15:40,334 dumbo.py [line:217] run_bft INFO Node 49 Delivers ACS Block in Round 93 with having 3354 TXs 
2023-03-10 11:15:40,335 dumbo.py [line:219] run_bft INFO ACS Block Delay at Node 49: 6.0886406898498535 
2023-03-10 11:15:40,335 dumbo.py [line:220] run_bft INFO Current Block's TPS at Node 49: 550.8618706292406 
2023-03-10 11:15:44,882 dumbo.py [line:217] run_bft INFO Node 49 Delivers ACS Block in Round 94 with having 3354 TXs 
2023-03-10 11:15:44,882 dumbo.py [line:219] run_bft INFO ACS Block Delay at Node 49: 4.547727823257446 
2023-03-10 11:15:44,882 dumbo.py [line:220] run_bft INFO Current Block's TPS at Node 49: 737.5111550975795 
2023-03-10 11:15:49,650 dumbo.py [line:217] run_bft INFO Node 49 Delivers ACS Block in Round 95 with having 3354 TXs 
2023-03-10 11:15:49,650 dumbo.py [line:219] run_bft INFO ACS Block Delay at Node 49: 4.7677247524261475 
2023-03-10 11:15:49,650 dumbo.py [line:220] run_bft INFO Current Block's TPS at Node 49: 703.4802078902003 
2023-03-10 11:15:54,349 dumbo.py [line:217] run_bft INFO Node 49 Delivers ACS Block in Round 96 with having 3354 TXs 
2023-03-10 11:15:54,349 dumbo.py [line:219] run_bft INFO ACS Block Delay at Node 49: 4.698541879653931 
2023-03-10 11:15:54,349 dumbo.py [line:220] run_bft INFO Current Block's TPS at Node 49: 713.8384813645713 
2023-03-10 11:15:58,970 dumbo.py [line:217] run_bft INFO Node 49 Delivers ACS Block in Round 97 with having 3354 TXs 
2023-03-10 11:15:58,971 dumbo.py [line:219] run_bft INFO ACS Block Delay at Node 49: 4.621643304824829 
2023-03-10 11:15:58,971 dumbo.py [line:220] run_bft INFO Current Block's TPS at Node 49: 725.7158934136144 
2023-03-10 11:16:03,579 dumbo.py [line:217] run_bft INFO Node 49 Delivers ACS Block in Round 98 with having 3354 TXs 
2023-03-10 11:16:03,579 dumbo.py [line:219] run_bft INFO ACS Block Delay at Node 49: 4.608649730682373 
2023-03-10 11:16:03,579 dumbo.py [line:220] run_bft INFO Current Block's TPS at Node 49: 727.7619684721396 
2023-03-10 11:16:08,453 dumbo.py [line:217] run_bft INFO Node 49 Delivers ACS Block in Round 99 with having 3354 TXs 
2023-03-10 11:16:08,453 dumbo.py [line:219] run_bft INFO ACS Block Delay at Node 49: 4.873764514923096 
2023-03-10 11:16:08,453 dumbo.py [line:220] run_bft INFO Current Block's TPS at Node 49: 688.1744059915713 
2023-03-10 11:16:08,453 dumbo.py [line:241] run_bft INFO node 49 breaks in 470.944631 seconds with total delivered Txs 335400 
