2023-03-10 11:08:17,696 dumbo_node.py [line:77] run INFO node 59's starts to run consensus on process id 2442382 
2023-03-10 11:08:17,696 dumbo_node.py [line:59] prepare_bootstrap INFO node id 59 is inserting dummy payload TXs 
2023-03-10 11:08:17,696 dumbo_node.py [line:68] prepare_bootstrap INFO node id 59 just inserts 50000 TXs 
2023-03-10 11:08:17,696 dumbo_node.py [line:68] prepare_bootstrap INFO node id 59 just inserts 50000 TXs 
2023-03-10 11:08:17,696 dumbo_node.py [line:68] prepare_bootstrap INFO node id 59 just inserts 50000 TXs 
2023-03-10 11:08:17,696 dumbo_node.py [line:68] prepare_bootstrap INFO node id 59 just inserts 50000 TXs 
2023-03-10 11:08:17,696 dumbo_node.py [line:68] prepare_bootstrap INFO node id 59 just inserts 50000 TXs 
2023-03-10 11:08:17,697 dumbo_node.py [line:68] prepare_bootstrap INFO node id 59 just inserts 50000 TXs 
2023-03-10 11:08:17,697 dumbo_node.py [line:68] prepare_bootstrap INFO node id 59 just inserts 50000 TXs 
2023-03-10 11:08:17,697 dumbo_node.py [line:68] prepare_bootstrap INFO node id 59 just inserts 50000 TXs 
2023-03-10 11:08:17,697 dumbo_node.py [line:68] prepare_bootstrap INFO node id 59 just inserts 50000 TXs 
2023-03-10 11:08:17,697 dumbo_node.py [line:68] prepare_bootstrap INFO node id 59 just inserts 50000 TXs 
2023-03-10 11:08:17,697 dumbo_node.py [line:68] prepare_bootstrap INFO node id 59 just inserts 50000 TXs 
2023-03-10 11:08:17,697 dumbo_node.py [line:68] prepare_bootstrap INFO node id 59 just inserts 50000 TXs 
2023-03-10 11:08:17,697 dumbo_node.py [line:68] prepare_bootstrap INFO node id 59 just inserts 50000 TXs 
2023-03-10 11:08:17,697 dumbo_node.py [line:68] prepare_bootstrap INFO node id 59 just inserts 50000 TXs 
2023-03-10 11:08:17,697 dumbo_node.py [line:68] prepare_bootstrap INFO node id 59 just inserts 50000 TXs 
2023-03-10 11:08:17,697 dumbo_node.py [line:68] prepare_bootstrap INFO node id 59 just inserts 50000 TXs 
2023-03-10 11:08:17,697 dumbo_node.py [line:68] prepare_bootstrap INFO node id 59 just inserts 50000 TXs 
2023-03-10 11:08:17,698 dumbo_node.py [line:68] prepare_bootstrap INFO node id 59 just inserts 50000 TXs 
2023-03-10 11:08:17,698 dumbo_node.py [line:68] prepare_bootstrap INFO node id 59 just inserts 50000 TXs 
2023-03-10 11:08:17,698 dumbo_node.py [line:68] prepare_bootstrap INFO node id 59 just inserts 50000 TXs 
2023-03-10 11:08:17,698 dumbo_node.py [line:68] prepare_bootstrap INFO node id 59 just inserts 50000 TXs 
2023-03-10 11:08:17,698 dumbo_node.py [line:68] prepare_bootstrap INFO node id 59 just inserts 50000 TXs 
2023-03-10 11:08:17,698 dumbo_node.py [line:68] prepare_bootstrap INFO node id 59 just inserts 50000 TXs 
2023-03-10 11:08:17,698 dumbo_node.py [line:68] prepare_bootstrap INFO node id 59 just inserts 50000 TXs 
2023-03-10 11:08:17,698 dumbo_node.py [line:68] prepare_bootstrap INFO node id 59 just inserts 50000 TXs 
2023-03-10 11:08:17,698 dumbo_node.py [line:68] prepare_bootstrap INFO node id 59 just inserts 50000 TXs 
2023-03-10 11:08:17,698 dumbo_node.py [line:68] prepare_bootstrap INFO node id 59 just inserts 50000 TXs 
2023-03-10 11:08:17,699 dumbo_node.py [line:68] prepare_bootstrap INFO node id 59 just inserts 50000 TXs 
2023-03-10 11:08:17,699 dumbo_node.py [line:68] prepare_bootstrap INFO node id 59 just inserts 50000 TXs 
2023-03-10 11:08:17,699 dumbo_node.py [line:68] prepare_bootstrap INFO node id 59 just inserts 50000 TXs 
2023-03-10 11:08:17,699 dumbo_node.py [line:68] prepare_bootstrap INFO node id 59 just inserts 50000 TXs 
2023-03-10 11:08:17,699 dumbo_node.py [line:68] prepare_bootstrap INFO node id 59 just inserts 50000 TXs 
2023-03-10 11:08:17,699 dumbo_node.py [line:68] prepare_bootstrap INFO node id 59 just inserts 50000 TXs 
2023-03-10 11:08:17,699 dumbo_node.py [line:68] prepare_bootstrap INFO node id 59 just inserts 50000 TXs 
2023-03-10 11:08:17,699 dumbo_node.py [line:68] prepare_bootstrap INFO node id 59 just inserts 50000 TXs 
2023-03-10 11:08:17,699 dumbo_node.py [line:68] prepare_bootstrap INFO node id 59 just inserts 50000 TXs 
2023-03-10 11:08:17,699 dumbo_node.py [line:68] prepare_bootstrap INFO node id 59 just inserts 50000 TXs 
2023-03-10 11:08:17,699 dumbo_node.py [line:68] prepare_bootstrap INFO node id 59 just inserts 50000 TXs 
2023-03-10 11:08:17,700 dumbo_node.py [line:68] prepare_bootstrap INFO node id 59 just inserts 50000 TXs 
2023-03-10 11:08:17,700 dumbo_node.py [line:68] prepare_bootstrap INFO node id 59 just inserts 50000 TXs 
2023-03-10 11:08:17,700 dumbo_node.py [line:68] prepare_bootstrap INFO node id 59 just inserts 50000 TXs 
2023-03-10 11:08:17,700 dumbo_node.py [line:68] prepare_bootstrap INFO node id 59 just inserts 50000 TXs 
2023-03-10 11:08:17,700 dumbo_node.py [line:68] prepare_bootstrap INFO node id 59 just inserts 50000 TXs 
2023-03-10 11:08:17,700 dumbo_node.py [line:68] prepare_bootstrap INFO node id 59 just inserts 50000 TXs 
2023-03-10 11:08:17,700 dumbo_node.py [line:68] prepare_bootstrap INFO node id 59 just inserts 50000 TXs 
2023-03-10 11:08:17,700 dumbo_node.py [line:68] prepare_bootstrap INFO node id 59 just inserts 50000 TXs 
2023-03-10 11:08:17,700 dumbo_node.py [line:68] prepare_bootstrap INFO node id 59 just inserts 50000 TXs 
2023-03-10 11:08:17,700 dumbo_node.py [line:68] prepare_bootstrap INFO node id 59 just inserts 50000 TXs 
2023-03-10 11:08:17,700 dumbo_node.py [line:68] prepare_bootstrap INFO node id 59 just inserts 50000 TXs 
2023-03-10 11:08:17,701 dumbo_node.py [line:68] prepare_bootstrap INFO node id 59 just inserts 50000 TXs 
2023-03-10 11:08:17,701 dumbo_node.py [line:68] prepare_bootstrap INFO node id 59 just inserts 50000 TXs 
2023-03-10 11:08:17,701 dumbo_node.py [line:68] prepare_bootstrap INFO node id 59 just inserts 50000 TXs 
2023-03-10 11:08:17,701 dumbo_node.py [line:68] prepare_bootstrap INFO node id 59 just inserts 50000 TXs 
2023-03-10 11:08:17,701 dumbo_node.py [line:68] prepare_bootstrap INFO node id 59 just inserts 50000 TXs 
2023-03-10 11:08:17,701 dumbo_node.py [line:68] prepare_bootstrap INFO node id 59 just inserts 50000 TXs 
2023-03-10 11:08:17,701 dumbo_node.py [line:68] prepare_bootstrap INFO node id 59 just inserts 50000 TXs 
2023-03-10 11:08:17,701 dumbo_node.py [line:68] prepare_bootstrap INFO node id 59 just inserts 50000 TXs 
2023-03-10 11:08:17,701 dumbo_node.py [line:68] prepare_bootstrap INFO node id 59 just inserts 50000 TXs 
2023-03-10 11:08:17,701 dumbo_node.py [line:68] prepare_bootstrap INFO node id 59 just inserts 50000 TXs 
2023-03-10 11:08:17,701 dumbo_node.py [line:68] prepare_bootstrap INFO node id 59 just inserts 50000 TXs 
2023-03-10 11:08:17,702 dumbo_node.py [line:68] prepare_bootstrap INFO node id 59 just inserts 50000 TXs 
2023-03-10 11:08:17,702 dumbo_node.py [line:68] prepare_bootstrap INFO node id 59 just inserts 50000 TXs 
2023-03-10 11:08:17,702 dumbo_node.py [line:68] prepare_bootstrap INFO node id 59 just inserts 50000 TXs 
2023-03-10 11:08:17,702 dumbo_node.py [line:68] prepare_bootstrap INFO node id 59 just inserts 50000 TXs 
2023-03-10 11:08:17,702 dumbo_node.py [line:68] prepare_bootstrap INFO node id 59 just inserts 50000 TXs 
2023-03-10 11:08:17,702 dumbo_node.py [line:68] prepare_bootstrap INFO node id 59 just inserts 50000 TXs 
2023-03-10 11:08:17,702 dumbo_node.py [line:68] prepare_bootstrap INFO node id 59 just inserts 50000 TXs 
2023-03-10 11:08:17,702 dumbo_node.py [line:68] prepare_bootstrap INFO node id 59 just inserts 50000 TXs 
2023-03-10 11:08:17,702 dumbo_node.py [line:68] prepare_bootstrap INFO node id 59 just inserts 50000 TXs 
2023-03-10 11:08:17,702 dumbo_node.py [line:68] prepare_bootstrap INFO node id 59 just inserts 50000 TXs 
2023-03-10 11:08:17,703 dumbo_node.py [line:68] prepare_bootstrap INFO node id 59 just inserts 50000 TXs 
2023-03-10 11:08:17,703 dumbo_node.py [line:68] prepare_bootstrap INFO node id 59 just inserts 50000 TXs 
2023-03-10 11:08:17,703 dumbo_node.py [line:68] prepare_bootstrap INFO node id 59 just inserts 50000 TXs 
2023-03-10 11:08:17,703 dumbo_node.py [line:68] prepare_bootstrap INFO node id 59 just inserts 50000 TXs 
2023-03-10 11:08:17,703 dumbo_node.py [line:68] prepare_bootstrap INFO node id 59 just inserts 50000 TXs 
2023-03-10 11:08:17,703 dumbo_node.py [line:68] prepare_bootstrap INFO node id 59 just inserts 50000 TXs 
2023-03-10 11:08:17,703 dumbo_node.py [line:68] prepare_bootstrap INFO node id 59 just inserts 50000 TXs 
2023-03-10 11:08:17,703 dumbo_node.py [line:68] prepare_bootstrap INFO node id 59 just inserts 50000 TXs 
2023-03-10 11:08:17,703 dumbo_node.py [line:68] prepare_bootstrap INFO node id 59 just inserts 50000 TXs 
2023-03-10 11:08:17,703 dumbo_node.py [line:68] prepare_bootstrap INFO node id 59 just inserts 50000 TXs 
2023-03-10 11:08:17,703 dumbo_node.py [line:68] prepare_bootstrap INFO node id 59 just inserts 50000 TXs 
2023-03-10 11:08:17,704 dumbo_node.py [line:68] prepare_bootstrap INFO node id 59 just inserts 50000 TXs 
2023-03-10 11:08:17,704 dumbo_node.py [line:68] prepare_bootstrap INFO node id 59 just inserts 50000 TXs 
2023-03-10 11:08:17,704 dumbo_node.py [line:68] prepare_bootstrap INFO node id 59 just inserts 50000 TXs 
2023-03-10 11:08:17,704 dumbo_node.py [line:68] prepare_bootstrap INFO node id 59 just inserts 50000 TXs 
2023-03-10 11:08:17,704 dumbo_node.py [line:68] prepare_bootstrap INFO node id 59 just inserts 50000 TXs 
2023-03-10 11:08:17,704 dumbo_node.py [line:68] prepare_bootstrap INFO node id 59 just inserts 50000 TXs 
2023-03-10 11:08:17,704 dumbo_node.py [line:68] prepare_bootstrap INFO node id 59 just inserts 50000 TXs 
2023-03-10 11:08:17,704 dumbo_node.py [line:68] prepare_bootstrap INFO node id 59 just inserts 50000 TXs 
2023-03-10 11:08:17,704 dumbo_node.py [line:68] prepare_bootstrap INFO node id 59 just inserts 50000 TXs 
2023-03-10 11:08:17,704 dumbo_node.py [line:68] prepare_bootstrap INFO node id 59 just inserts 50000 TXs 
2023-03-10 11:08:17,704 dumbo_node.py [line:68] prepare_bootstrap INFO node id 59 just inserts 50000 TXs 
2023-03-10 11:08:17,705 dumbo_node.py [line:68] prepare_bootstrap INFO node id 59 just inserts 50000 TXs 
2023-03-10 11:08:17,705 dumbo_node.py [line:68] prepare_bootstrap INFO node id 59 just inserts 50000 TXs 
2023-03-10 11:08:17,705 dumbo_node.py [line:68] prepare_bootstrap INFO node id 59 just inserts 50000 TXs 
2023-03-10 11:08:17,705 dumbo_node.py [line:68] prepare_bootstrap INFO node id 59 just inserts 50000 TXs 
2023-03-10 11:08:17,705 dumbo_node.py [line:68] prepare_bootstrap INFO node id 59 just inserts 50000 TXs 
2023-03-10 11:08:17,705 dumbo_node.py [line:68] prepare_bootstrap INFO node id 59 just inserts 50000 TXs 
2023-03-10 11:08:17,705 dumbo_node.py [line:68] prepare_bootstrap INFO node id 59 just inserts 50000 TXs 
2023-03-10 11:08:17,706 dumbo_node.py [line:68] prepare_bootstrap INFO node id 59 just inserts 50000 TXs 
2023-03-10 11:08:17,706 dumbo_node.py [line:72] prepare_bootstrap INFO node id 59 completed the loading of dummy TXs 
2023-03-10 11:08:17,706 dumbo.py [line:179] run_bft INFO Node 59 starts to run at time:1678446497.7062798 
2023-03-10 11:08:22,219 dumbo.py [line:217] run_bft INFO Node 59 Delivers ACS Block in Round 0 with having 3354 TXs 
2023-03-10 11:08:22,220 dumbo.py [line:219] run_bft INFO ACS Block Delay at Node 59: 4.513765573501587 
2023-03-10 11:08:22,220 dumbo.py [line:220] run_bft INFO Current Block's TPS at Node 59: 743.0602997395165 
2023-03-10 11:08:26,953 dumbo.py [line:217] run_bft INFO Node 59 Delivers ACS Block in Round 1 with having 3354 TXs 
2023-03-10 11:08:26,953 dumbo.py [line:219] run_bft INFO ACS Block Delay at Node 59: 4.733644008636475 
2023-03-10 11:08:26,953 dumbo.py [line:220] run_bft INFO Current Block's TPS at Node 59: 708.5450434972864 
2023-03-10 11:08:31,772 dumbo.py [line:217] run_bft INFO Node 59 Delivers ACS Block in Round 2 with having 3354 TXs 
2023-03-10 11:08:31,772 dumbo.py [line:219] run_bft INFO ACS Block Delay at Node 59: 4.818413972854614 
2023-03-10 11:08:31,772 dumbo.py [line:220] run_bft INFO Current Block's TPS at Node 59: 696.0796683089811 
2023-03-10 11:08:36,332 dumbo.py [line:217] run_bft INFO Node 59 Delivers ACS Block in Round 3 with having 3354 TXs 
2023-03-10 11:08:36,333 dumbo.py [line:219] run_bft INFO ACS Block Delay at Node 59: 4.560532093048096 
2023-03-10 11:08:36,333 dumbo.py [line:220] run_bft INFO Current Block's TPS at Node 59: 735.4404993910057 
2023-03-10 11:08:40,945 dumbo.py [line:217] run_bft INFO Node 59 Delivers ACS Block in Round 4 with having 3354 TXs 
2023-03-10 11:08:40,945 dumbo.py [line:219] run_bft INFO ACS Block Delay at Node 59: 4.6125922203063965 
2023-03-10 11:08:40,945 dumbo.py [line:220] run_bft INFO Current Block's TPS at Node 59: 727.1399334271103 
2023-03-10 11:08:45,503 dumbo.py [line:217] run_bft INFO Node 59 Delivers ACS Block in Round 5 with having 3354 TXs 
2023-03-10 11:08:45,503 dumbo.py [line:219] run_bft INFO ACS Block Delay at Node 59: 4.5574846267700195 
2023-03-10 11:08:45,503 dumbo.py [line:220] run_bft INFO Current Block's TPS at Node 59: 735.932268492817 
2023-03-10 11:08:49,950 dumbo.py [line:217] run_bft INFO Node 59 Delivers ACS Block in Round 6 with having 3354 TXs 
2023-03-10 11:08:49,950 dumbo.py [line:219] run_bft INFO ACS Block Delay at Node 59: 4.447166442871094 
2023-03-10 11:08:49,950 dumbo.py [line:220] run_bft INFO Current Block's TPS at Node 59: 754.1880977665085 
2023-03-10 11:08:54,568 dumbo.py [line:217] run_bft INFO Node 59 Delivers ACS Block in Round 7 with having 3354 TXs 
2023-03-10 11:08:54,568 dumbo.py [line:219] run_bft INFO ACS Block Delay at Node 59: 4.617619752883911 
2023-03-10 11:08:54,568 dumbo.py [line:220] run_bft INFO Current Block's TPS at Node 59: 726.3482442237207 
2023-03-10 11:08:59,213 dumbo.py [line:217] run_bft INFO Node 59 Delivers ACS Block in Round 8 with having 3354 TXs 
2023-03-10 11:08:59,214 dumbo.py [line:219] run_bft INFO ACS Block Delay at Node 59: 4.645638942718506 
2023-03-10 11:08:59,214 dumbo.py [line:220] run_bft INFO Current Block's TPS at Node 59: 721.967428238693 
2023-03-10 11:09:03,832 dumbo.py [line:217] run_bft INFO Node 59 Delivers ACS Block in Round 9 with having 3354 TXs 
2023-03-10 11:09:03,832 dumbo.py [line:219] run_bft INFO ACS Block Delay at Node 59: 4.618299961090088 
2023-03-10 11:09:03,832 dumbo.py [line:220] run_bft INFO Current Block's TPS at Node 59: 726.2412637243107 
2023-03-10 11:09:08,436 dumbo.py [line:217] run_bft INFO Node 59 Delivers ACS Block in Round 10 with having 3354 TXs 
2023-03-10 11:09:08,436 dumbo.py [line:219] run_bft INFO ACS Block Delay at Node 59: 4.604429006576538 
2023-03-10 11:09:08,437 dumbo.py [line:220] run_bft INFO Current Block's TPS at Node 59: 728.4290832173671 
2023-03-10 11:09:13,035 dumbo.py [line:217] run_bft INFO Node 59 Delivers ACS Block in Round 11 with having 3354 TXs 
2023-03-10 11:09:13,035 dumbo.py [line:219] run_bft INFO ACS Block Delay at Node 59: 4.59820032119751 
2023-03-10 11:09:13,035 dumbo.py [line:220] run_bft INFO Current Block's TPS at Node 59: 729.4158074275715 
2023-03-10 11:09:17,692 dumbo.py [line:217] run_bft INFO Node 59 Delivers ACS Block in Round 12 with having 3354 TXs 
2023-03-10 11:09:17,692 dumbo.py [line:219] run_bft INFO ACS Block Delay at Node 59: 4.6573545932769775 
2023-03-10 11:09:17,692 dumbo.py [line:220] run_bft INFO Current Block's TPS at Node 59: 720.1513075344517 
2023-03-10 11:09:22,267 dumbo.py [line:217] run_bft INFO Node 59 Delivers ACS Block in Round 13 with having 3354 TXs 
2023-03-10 11:09:22,267 dumbo.py [line:219] run_bft INFO ACS Block Delay at Node 59: 4.574734687805176 
2023-03-10 11:09:22,267 dumbo.py [line:220] run_bft INFO Current Block's TPS at Node 59: 733.1572711616969 
2023-03-10 11:09:26,922 dumbo.py [line:217] run_bft INFO Node 59 Delivers ACS Block in Round 14 with having 3354 TXs 
2023-03-10 11:09:26,922 dumbo.py [line:219] run_bft INFO ACS Block Delay at Node 59: 4.65489649772644 
2023-03-10 11:09:26,922 dumbo.py [line:220] run_bft INFO Current Block's TPS at Node 59: 720.5315954153162 
2023-03-10 11:09:31,678 dumbo.py [line:217] run_bft INFO Node 59 Delivers ACS Block in Round 15 with having 3354 TXs 
2023-03-10 11:09:31,678 dumbo.py [line:219] run_bft INFO ACS Block Delay at Node 59: 4.756000280380249 
2023-03-10 11:09:31,678 dumbo.py [line:220] run_bft INFO Current Block's TPS at Node 59: 705.2144243632894 
2023-03-10 11:09:36,208 dumbo.py [line:217] run_bft INFO Node 59 Delivers ACS Block in Round 16 with having 3354 TXs 
2023-03-10 11:09:36,209 dumbo.py [line:219] run_bft INFO ACS Block Delay at Node 59: 4.530586242675781 
2023-03-10 11:09:36,209 dumbo.py [line:220] run_bft INFO Current Block's TPS at Node 59: 740.3015460575616 
2023-03-10 11:09:40,990 dumbo.py [line:217] run_bft INFO Node 59 Delivers ACS Block in Round 17 with having 3354 TXs 
2023-03-10 11:09:40,990 dumbo.py [line:219] run_bft INFO ACS Block Delay at Node 59: 4.781564235687256 
2023-03-10 11:09:40,990 dumbo.py [line:220] run_bft INFO Current Block's TPS at Node 59: 701.4440954211982 
2023-03-10 11:09:45,616 dumbo.py [line:217] run_bft INFO Node 59 Delivers ACS Block in Round 18 with having 3354 TXs 
2023-03-10 11:09:45,617 dumbo.py [line:219] run_bft INFO ACS Block Delay at Node 59: 4.626176595687866 
2023-03-10 11:09:45,617 dumbo.py [line:220] run_bft INFO Current Block's TPS at Node 59: 725.0047486570913 
2023-03-10 11:09:50,272 dumbo.py [line:217] run_bft INFO Node 59 Delivers ACS Block in Round 19 with having 3354 TXs 
2023-03-10 11:09:50,272 dumbo.py [line:219] run_bft INFO ACS Block Delay at Node 59: 4.6557488441467285 
2023-03-10 11:09:50,272 dumbo.py [line:220] run_bft INFO Current Block's TPS at Node 59: 720.3996848362417 
2023-03-10 11:09:54,988 dumbo.py [line:217] run_bft INFO Node 59 Delivers ACS Block in Round 20 with having 3354 TXs 
2023-03-10 11:09:54,988 dumbo.py [line:219] run_bft INFO ACS Block Delay at Node 59: 4.71575665473938 
2023-03-10 11:09:54,988 dumbo.py [line:220] run_bft INFO Current Block's TPS at Node 59: 711.2326283056184 
2023-03-10 11:09:59,492 dumbo.py [line:217] run_bft INFO Node 59 Delivers ACS Block in Round 21 with having 3354 TXs 
2023-03-10 11:09:59,493 dumbo.py [line:219] run_bft INFO ACS Block Delay at Node 59: 4.504319190979004 
2023-03-10 11:09:59,493 dumbo.py [line:220] run_bft INFO Current Block's TPS at Node 59: 744.6186333147086 
2023-03-10 11:10:04,219 dumbo.py [line:217] run_bft INFO Node 59 Delivers ACS Block in Round 22 with having 3354 TXs 
2023-03-10 11:10:04,219 dumbo.py [line:219] run_bft INFO ACS Block Delay at Node 59: 4.7265846729278564 
2023-03-10 11:10:04,219 dumbo.py [line:220] run_bft INFO Current Block's TPS at Node 59: 709.6032827276917 
2023-03-10 11:10:08,894 dumbo.py [line:217] run_bft INFO Node 59 Delivers ACS Block in Round 23 with having 3354 TXs 
2023-03-10 11:10:08,894 dumbo.py [line:219] run_bft INFO ACS Block Delay at Node 59: 4.67470645904541 
2023-03-10 11:10:08,894 dumbo.py [line:220] run_bft INFO Current Block's TPS at Node 59: 717.4782051844379 
2023-03-10 11:10:13,553 dumbo.py [line:217] run_bft INFO Node 59 Delivers ACS Block in Round 24 with having 3354 TXs 
2023-03-10 11:10:13,553 dumbo.py [line:219] run_bft INFO ACS Block Delay at Node 59: 4.659076690673828 
2023-03-10 11:10:13,553 dumbo.py [line:220] run_bft INFO Current Block's TPS at Node 59: 719.8851237443188 
2023-03-10 11:10:18,110 dumbo.py [line:217] run_bft INFO Node 59 Delivers ACS Block in Round 25 with having 3354 TXs 
2023-03-10 11:10:18,110 dumbo.py [line:219] run_bft INFO ACS Block Delay at Node 59: 4.556600570678711 
2023-03-10 11:10:18,110 dumbo.py [line:220] run_bft INFO Current Block's TPS at Node 59: 736.0750515598556 
2023-03-10 11:10:22,885 dumbo.py [line:217] run_bft INFO Node 59 Delivers ACS Block in Round 26 with having 3354 TXs 
2023-03-10 11:10:22,885 dumbo.py [line:219] run_bft INFO ACS Block Delay at Node 59: 4.77541184425354 
2023-03-10 11:10:22,885 dumbo.py [line:220] run_bft INFO Current Block's TPS at Node 59: 702.3477993915883 
2023-03-10 11:10:27,411 dumbo.py [line:217] run_bft INFO Node 59 Delivers ACS Block in Round 27 with having 3354 TXs 
2023-03-10 11:10:27,411 dumbo.py [line:219] run_bft INFO ACS Block Delay at Node 59: 4.525873899459839 
2023-03-10 11:10:27,411 dumbo.py [line:220] run_bft INFO Current Block's TPS at Node 59: 741.0723485690352 
2023-03-10 11:10:32,103 dumbo.py [line:217] run_bft INFO Node 59 Delivers ACS Block in Round 28 with having 3354 TXs 
2023-03-10 11:10:32,104 dumbo.py [line:219] run_bft INFO ACS Block Delay at Node 59: 4.692264556884766 
2023-03-10 11:10:32,104 dumbo.py [line:220] run_bft INFO Current Block's TPS at Node 59: 714.7934561956475 
2023-03-10 11:10:36,677 dumbo.py [line:217] run_bft INFO Node 59 Delivers ACS Block in Round 29 with having 3354 TXs 
2023-03-10 11:10:36,678 dumbo.py [line:219] run_bft INFO ACS Block Delay at Node 59: 4.5738911628723145 
2023-03-10 11:10:36,678 dumbo.py [line:220] run_bft INFO Current Block's TPS at Node 59: 733.2924812958937 
2023-03-10 11:10:41,371 dumbo.py [line:217] run_bft INFO Node 59 Delivers ACS Block in Round 30 with having 3354 TXs 
2023-03-10 11:10:41,372 dumbo.py [line:219] run_bft INFO ACS Block Delay at Node 59: 4.693984746932983 
2023-03-10 11:10:41,372 dumbo.py [line:220] run_bft INFO Current Block's TPS at Node 59: 714.5315080521896 
2023-03-10 11:10:46,041 dumbo.py [line:217] run_bft INFO Node 59 Delivers ACS Block in Round 31 with having 3354 TXs 
2023-03-10 11:10:46,041 dumbo.py [line:219] run_bft INFO ACS Block Delay at Node 59: 4.669436454772949 
2023-03-10 11:10:46,041 dumbo.py [line:220] run_bft INFO Current Block's TPS at Node 59: 718.2879631163303 
2023-03-10 11:10:50,666 dumbo.py [line:217] run_bft INFO Node 59 Delivers ACS Block in Round 32 with having 3354 TXs 
2023-03-10 11:10:50,666 dumbo.py [line:219] run_bft INFO ACS Block Delay at Node 59: 4.624815225601196 
2023-03-10 11:10:50,666 dumbo.py [line:220] run_bft INFO Current Block's TPS at Node 59: 725.2181625405373 
2023-03-10 11:10:55,313 dumbo.py [line:217] run_bft INFO Node 59 Delivers ACS Block in Round 33 with having 3354 TXs 
2023-03-10 11:10:55,313 dumbo.py [line:219] run_bft INFO ACS Block Delay at Node 59: 4.647044897079468 
2023-03-10 11:10:55,313 dumbo.py [line:220] run_bft INFO Current Block's TPS at Node 59: 721.748998402811 
2023-03-10 11:11:00,046 dumbo.py [line:217] run_bft INFO Node 59 Delivers ACS Block in Round 34 with having 3354 TXs 
2023-03-10 11:11:00,046 dumbo.py [line:219] run_bft INFO ACS Block Delay at Node 59: 4.732779502868652 
2023-03-10 11:11:00,046 dumbo.py [line:220] run_bft INFO Current Block's TPS at Node 59: 708.6744687697915 
2023-03-10 11:11:04,523 dumbo.py [line:217] run_bft INFO Node 59 Delivers ACS Block in Round 35 with having 3354 TXs 
2023-03-10 11:11:04,523 dumbo.py [line:219] run_bft INFO ACS Block Delay at Node 59: 4.4770448207855225 
2023-03-10 11:11:04,523 dumbo.py [line:220] run_bft INFO Current Block's TPS at Node 59: 749.154885479016 
2023-03-10 11:11:09,165 dumbo.py [line:217] run_bft INFO Node 59 Delivers ACS Block in Round 36 with having 3354 TXs 
2023-03-10 11:11:09,165 dumbo.py [line:219] run_bft INFO ACS Block Delay at Node 59: 4.641699314117432 
2023-03-10 11:11:09,165 dumbo.py [line:220] run_bft INFO Current Block's TPS at Node 59: 722.5801959637979 
2023-03-10 11:11:13,907 dumbo.py [line:217] run_bft INFO Node 59 Delivers ACS Block in Round 37 with having 3354 TXs 
2023-03-10 11:11:13,907 dumbo.py [line:219] run_bft INFO ACS Block Delay at Node 59: 4.742262125015259 
2023-03-10 11:11:13,907 dumbo.py [line:220] run_bft INFO Current Block's TPS at Node 59: 707.2574040789042 
2023-03-10 11:11:18,597 dumbo.py [line:217] run_bft INFO Node 59 Delivers ACS Block in Round 38 with having 3354 TXs 
2023-03-10 11:11:18,598 dumbo.py [line:219] run_bft INFO ACS Block Delay at Node 59: 4.690345048904419 
2023-03-10 11:11:18,598 dumbo.py [line:220] run_bft INFO Current Block's TPS at Node 59: 715.0859830202545 
2023-03-10 11:11:23,302 dumbo.py [line:217] run_bft INFO Node 59 Delivers ACS Block in Round 39 with having 3354 TXs 
2023-03-10 11:11:23,303 dumbo.py [line:219] run_bft INFO ACS Block Delay at Node 59: 4.704820156097412 
2023-03-10 11:11:23,303 dumbo.py [line:220] run_bft INFO Current Block's TPS at Node 59: 712.8859103473362 
2023-03-10 11:11:28,069 dumbo.py [line:217] run_bft INFO Node 59 Delivers ACS Block in Round 40 with having 3354 TXs 
2023-03-10 11:11:28,069 dumbo.py [line:219] run_bft INFO ACS Block Delay at Node 59: 4.766159772872925 
2023-03-10 11:11:28,069 dumbo.py [line:220] run_bft INFO Current Block's TPS at Node 59: 703.7111972388392 
2023-03-10 11:11:32,614 dumbo.py [line:217] run_bft INFO Node 59 Delivers ACS Block in Round 41 with having 3354 TXs 
2023-03-10 11:11:32,614 dumbo.py [line:219] run_bft INFO ACS Block Delay at Node 59: 4.545526742935181 
2023-03-10 11:11:32,614 dumbo.py [line:220] run_bft INFO Current Block's TPS at Node 59: 737.8682801092098 
2023-03-10 11:11:37,340 dumbo.py [line:217] run_bft INFO Node 59 Delivers ACS Block in Round 42 with having 3354 TXs 
2023-03-10 11:11:37,340 dumbo.py [line:219] run_bft INFO ACS Block Delay at Node 59: 4.7253193855285645 
2023-03-10 11:11:37,340 dumbo.py [line:220] run_bft INFO Current Block's TPS at Node 59: 709.7932914908837 
2023-03-10 11:11:42,129 dumbo.py [line:217] run_bft INFO Node 59 Delivers ACS Block in Round 43 with having 3354 TXs 
2023-03-10 11:11:42,129 dumbo.py [line:219] run_bft INFO ACS Block Delay at Node 59: 4.789029598236084 
2023-03-10 11:11:42,129 dumbo.py [line:220] run_bft INFO Current Block's TPS at Node 59: 700.3506516717624 
2023-03-10 11:11:46,679 dumbo.py [line:217] run_bft INFO Node 59 Delivers ACS Block in Round 44 with having 3354 TXs 
2023-03-10 11:11:46,680 dumbo.py [line:219] run_bft INFO ACS Block Delay at Node 59: 4.550595045089722 
2023-03-10 11:11:46,680 dumbo.py [line:220] run_bft INFO Current Block's TPS at Node 59: 737.046466839343 
2023-03-10 11:11:51,256 dumbo.py [line:217] run_bft INFO Node 59 Delivers ACS Block in Round 45 with having 3354 TXs 
2023-03-10 11:11:51,256 dumbo.py [line:219] run_bft INFO ACS Block Delay at Node 59: 4.576620101928711 
2023-03-10 11:11:51,256 dumbo.py [line:220] run_bft INFO Current Block's TPS at Node 59: 732.8552349334248 
2023-03-10 11:11:56,019 dumbo.py [line:217] run_bft INFO Node 59 Delivers ACS Block in Round 46 with having 3354 TXs 
2023-03-10 11:11:56,019 dumbo.py [line:219] run_bft INFO ACS Block Delay at Node 59: 4.762577056884766 
2023-03-10 11:11:56,019 dumbo.py [line:220] run_bft INFO Current Block's TPS at Node 59: 704.2405739454586 
2023-03-10 11:12:00,730 dumbo.py [line:217] run_bft INFO Node 59 Delivers ACS Block in Round 47 with having 3354 TXs 
2023-03-10 11:12:00,730 dumbo.py [line:219] run_bft INFO ACS Block Delay at Node 59: 4.711133718490601 
2023-03-10 11:12:00,730 dumbo.py [line:220] run_bft INFO Current Block's TPS at Node 59: 711.9305458972597 
2023-03-10 11:12:05,353 dumbo.py [line:217] run_bft INFO Node 59 Delivers ACS Block in Round 48 with having 3354 TXs 
2023-03-10 11:12:05,353 dumbo.py [line:219] run_bft INFO ACS Block Delay at Node 59: 4.622673034667969 
2023-03-10 11:12:05,353 dumbo.py [line:220] run_bft INFO Current Block's TPS at Node 59: 725.5542355789623 
2023-03-10 11:12:10,038 dumbo.py [line:217] run_bft INFO Node 59 Delivers ACS Block in Round 49 with having 3354 TXs 
2023-03-10 11:12:10,038 dumbo.py [line:219] run_bft INFO ACS Block Delay at Node 59: 4.685064792633057 
2023-03-10 11:12:10,038 dumbo.py [line:220] run_bft INFO Current Block's TPS at Node 59: 715.8919136559083 
2023-03-10 11:12:14,633 dumbo.py [line:217] run_bft INFO Node 59 Delivers ACS Block in Round 50 with having 3354 TXs 
2023-03-10 11:12:14,633 dumbo.py [line:219] run_bft INFO ACS Block Delay at Node 59: 4.59491229057312 
2023-03-10 11:12:14,633 dumbo.py [line:220] run_bft INFO Current Block's TPS at Node 59: 729.9377633129224 
2023-03-10 11:12:19,281 dumbo.py [line:217] run_bft INFO Node 59 Delivers ACS Block in Round 51 with having 3354 TXs 
2023-03-10 11:12:19,281 dumbo.py [line:219] run_bft INFO ACS Block Delay at Node 59: 4.64811635017395 
2023-03-10 11:12:19,281 dumbo.py [line:220] run_bft INFO Current Block's TPS at Node 59: 721.5826255886388 
2023-03-10 11:12:23,926 dumbo.py [line:217] run_bft INFO Node 59 Delivers ACS Block in Round 52 with having 3354 TXs 
2023-03-10 11:12:23,926 dumbo.py [line:219] run_bft INFO ACS Block Delay at Node 59: 4.645003080368042 
2023-03-10 11:12:23,926 dumbo.py [line:220] run_bft INFO Current Block's TPS at Node 59: 722.066259584536 
2023-03-10 11:12:28,633 dumbo.py [line:217] run_bft INFO Node 59 Delivers ACS Block in Round 53 with having 3354 TXs 
2023-03-10 11:12:28,633 dumbo.py [line:219] run_bft INFO ACS Block Delay at Node 59: 4.706622123718262 
2023-03-10 11:12:28,633 dumbo.py [line:220] run_bft INFO Current Block's TPS at Node 59: 712.6129763207585 
2023-03-10 11:12:33,319 dumbo.py [line:217] run_bft INFO Node 59 Delivers ACS Block in Round 54 with having 3354 TXs 
2023-03-10 11:12:33,319 dumbo.py [line:219] run_bft INFO ACS Block Delay at Node 59: 4.686339855194092 
2023-03-10 11:12:33,319 dumbo.py [line:220] run_bft INFO Current Block's TPS at Node 59: 715.6971332931826 
2023-03-10 11:12:38,027 dumbo.py [line:217] run_bft INFO Node 59 Delivers ACS Block in Round 55 with having 3354 TXs 
2023-03-10 11:12:38,028 dumbo.py [line:219] run_bft INFO ACS Block Delay at Node 59: 4.708112716674805 
2023-03-10 11:12:38,028 dumbo.py [line:220] run_bft INFO Current Block's TPS at Node 59: 712.3873623758157 
2023-03-10 11:12:42,731 dumbo.py [line:217] run_bft INFO Node 59 Delivers ACS Block in Round 56 with having 3354 TXs 
2023-03-10 11:12:42,732 dumbo.py [line:219] run_bft INFO ACS Block Delay at Node 59: 4.703907251358032 
2023-03-10 11:12:42,732 dumbo.py [line:220] run_bft INFO Current Block's TPS at Node 59: 713.0242627619177 
2023-03-10 11:12:47,323 dumbo.py [line:217] run_bft INFO Node 59 Delivers ACS Block in Round 57 with having 3354 TXs 
2023-03-10 11:12:47,323 dumbo.py [line:219] run_bft INFO ACS Block Delay at Node 59: 4.591061353683472 
2023-03-10 11:12:47,323 dumbo.py [line:220] run_bft INFO Current Block's TPS at Node 59: 730.5500278947568 
2023-03-10 11:12:52,135 dumbo.py [line:217] run_bft INFO Node 59 Delivers ACS Block in Round 58 with having 3354 TXs 
2023-03-10 11:12:52,135 dumbo.py [line:219] run_bft INFO ACS Block Delay at Node 59: 4.812397003173828 
2023-03-10 11:12:52,135 dumbo.py [line:220] run_bft INFO Current Block's TPS at Node 59: 696.9499810152821 
2023-03-10 11:12:56,756 dumbo.py [line:217] run_bft INFO Node 59 Delivers ACS Block in Round 59 with having 3354 TXs 
2023-03-10 11:12:56,756 dumbo.py [line:219] run_bft INFO ACS Block Delay at Node 59: 4.620508193969727 
2023-03-10 11:12:56,756 dumbo.py [line:220] run_bft INFO Current Block's TPS at Node 59: 725.8941785618605 
2023-03-10 11:13:01,366 dumbo.py [line:217] run_bft INFO Node 59 Delivers ACS Block in Round 60 with having 3354 TXs 
2023-03-10 11:13:01,366 dumbo.py [line:219] run_bft INFO ACS Block Delay at Node 59: 4.610610246658325 
2023-03-10 11:13:01,366 dumbo.py [line:220] run_bft INFO Current Block's TPS at Node 59: 727.4525107453856 
2023-03-10 11:13:06,107 dumbo.py [line:217] run_bft INFO Node 59 Delivers ACS Block in Round 61 with having 3354 TXs 
2023-03-10 11:13:06,107 dumbo.py [line:219] run_bft INFO ACS Block Delay at Node 59: 4.740448951721191 
2023-03-10 11:13:06,107 dumbo.py [line:220] run_bft INFO Current Block's TPS at Node 59: 707.5279228103931 
2023-03-10 11:13:10,740 dumbo.py [line:217] run_bft INFO Node 59 Delivers ACS Block in Round 62 with having 3354 TXs 
2023-03-10 11:13:10,740 dumbo.py [line:219] run_bft INFO ACS Block Delay at Node 59: 4.6330788135528564 
2023-03-10 11:13:10,740 dumbo.py [line:220] run_bft INFO Current Block's TPS at Node 59: 723.9246589522184 
2023-03-10 11:13:15,491 dumbo.py [line:217] run_bft INFO Node 59 Delivers ACS Block in Round 63 with having 3354 TXs 
2023-03-10 11:13:15,492 dumbo.py [line:219] run_bft INFO ACS Block Delay at Node 59: 4.751395225524902 
2023-03-10 11:13:15,492 dumbo.py [line:220] run_bft INFO Current Block's TPS at Node 59: 705.8979185696918 
2023-03-10 11:13:21,469 dumbo.py [line:217] run_bft INFO Node 59 Delivers ACS Block in Round 64 with having 3354 TXs 
2023-03-10 11:13:21,469 dumbo.py [line:219] run_bft INFO ACS Block Delay at Node 59: 5.977068901062012 
2023-03-10 11:13:21,469 dumbo.py [line:220] run_bft INFO Current Block's TPS at Node 59: 561.1446104300484 
2023-03-10 11:13:26,323 dumbo.py [line:217] run_bft INFO Node 59 Delivers ACS Block in Round 65 with having 3354 TXs 
2023-03-10 11:13:26,324 dumbo.py [line:219] run_bft INFO ACS Block Delay at Node 59: 4.854736804962158 
2023-03-10 11:13:26,324 dumbo.py [line:220] run_bft INFO Current Block's TPS at Node 59: 690.8716444878712 
2023-03-10 11:13:30,803 dumbo.py [line:217] run_bft INFO Node 59 Delivers ACS Block in Round 66 with having 3354 TXs 
2023-03-10 11:13:30,803 dumbo.py [line:219] run_bft INFO ACS Block Delay at Node 59: 4.479562282562256 
2023-03-10 11:13:30,803 dumbo.py [line:220] run_bft INFO Current Block's TPS at Node 59: 748.7338691675814 
2023-03-10 11:13:35,426 dumbo.py [line:217] run_bft INFO Node 59 Delivers ACS Block in Round 67 with having 3354 TXs 
2023-03-10 11:13:35,426 dumbo.py [line:219] run_bft INFO ACS Block Delay at Node 59: 4.6224706172943115 
2023-03-10 11:13:35,426 dumbo.py [line:220] run_bft INFO Current Block's TPS at Node 59: 725.5860075024576 
2023-03-10 11:13:41,402 dumbo.py [line:217] run_bft INFO Node 59 Delivers ACS Block in Round 68 with having 3354 TXs 
2023-03-10 11:13:41,402 dumbo.py [line:219] run_bft INFO ACS Block Delay at Node 59: 5.976034641265869 
2023-03-10 11:13:41,402 dumbo.py [line:220] run_bft INFO Current Block's TPS at Node 59: 561.2417265522312 
2023-03-10 11:13:46,223 dumbo.py [line:217] run_bft INFO Node 59 Delivers ACS Block in Round 69 with having 3354 TXs 
2023-03-10 11:13:46,223 dumbo.py [line:219] run_bft INFO ACS Block Delay at Node 59: 4.820862293243408 
2023-03-10 11:13:46,223 dumbo.py [line:220] run_bft INFO Current Block's TPS at Node 59: 695.7261576836031 
2023-03-10 11:13:50,962 dumbo.py [line:217] run_bft INFO Node 59 Delivers ACS Block in Round 70 with having 3354 TXs 
2023-03-10 11:13:50,963 dumbo.py [line:219] run_bft INFO ACS Block Delay at Node 59: 4.739741563796997 
2023-03-10 11:13:50,963 dumbo.py [line:220] run_bft INFO Current Block's TPS at Node 59: 707.6335185906461 
2023-03-10 11:13:55,442 dumbo.py [line:217] run_bft INFO Node 59 Delivers ACS Block in Round 71 with having 3354 TXs 
2023-03-10 11:13:55,442 dumbo.py [line:219] run_bft INFO ACS Block Delay at Node 59: 4.4790940284729 
2023-03-10 11:13:55,442 dumbo.py [line:220] run_bft INFO Current Block's TPS at Node 59: 748.8121434109546 
2023-03-10 11:14:00,147 dumbo.py [line:217] run_bft INFO Node 59 Delivers ACS Block in Round 72 with having 3354 TXs 
2023-03-10 11:14:00,147 dumbo.py [line:219] run_bft INFO ACS Block Delay at Node 59: 4.7052693367004395 
2023-03-10 11:14:00,147 dumbo.py [line:220] run_bft INFO Current Block's TPS at Node 59: 712.8178558959997 
2023-03-10 11:14:04,991 dumbo.py [line:217] run_bft INFO Node 59 Delivers ACS Block in Round 73 with having 3354 TXs 
2023-03-10 11:14:04,992 dumbo.py [line:219] run_bft INFO ACS Block Delay at Node 59: 4.8442702293396 
2023-03-10 11:14:04,992 dumbo.py [line:220] run_bft INFO Current Block's TPS at Node 59: 692.3643482327445 
2023-03-10 11:14:09,562 dumbo.py [line:217] run_bft INFO Node 59 Delivers ACS Block in Round 74 with having 3354 TXs 
2023-03-10 11:14:09,562 dumbo.py [line:219] run_bft INFO ACS Block Delay at Node 59: 4.5701353549957275 
2023-03-10 11:14:09,562 dumbo.py [line:220] run_bft INFO Current Block's TPS at Node 59: 733.8951123917282 
2023-03-10 11:14:14,180 dumbo.py [line:217] run_bft INFO Node 59 Delivers ACS Block in Round 75 with having 3354 TXs 
2023-03-10 11:14:14,180 dumbo.py [line:219] run_bft INFO ACS Block Delay at Node 59: 4.618175268173218 
2023-03-10 11:14:14,180 dumbo.py [line:220] run_bft INFO Current Block's TPS at Node 59: 726.2608725819798 
2023-03-10 11:14:18,906 dumbo.py [line:217] run_bft INFO Node 59 Delivers ACS Block in Round 76 with having 3354 TXs 
2023-03-10 11:14:18,906 dumbo.py [line:219] run_bft INFO ACS Block Delay at Node 59: 4.725706577301025 
2023-03-10 11:14:18,906 dumbo.py [line:220] run_bft INFO Current Block's TPS at Node 59: 709.7351359287222 
2023-03-10 11:14:23,685 dumbo.py [line:217] run_bft INFO Node 59 Delivers ACS Block in Round 77 with having 3354 TXs 
2023-03-10 11:14:23,685 dumbo.py [line:219] run_bft INFO ACS Block Delay at Node 59: 4.779120445251465 
2023-03-10 11:14:23,685 dumbo.py [line:220] run_bft INFO Current Block's TPS at Node 59: 701.8027769801314 
2023-03-10 11:14:28,302 dumbo.py [line:217] run_bft INFO Node 59 Delivers ACS Block in Round 78 with having 3354 TXs 
2023-03-10 11:14:28,302 dumbo.py [line:219] run_bft INFO ACS Block Delay at Node 59: 4.616742372512817 
2023-03-10 11:14:28,302 dumbo.py [line:220] run_bft INFO Current Block's TPS at Node 59: 726.4862817490231 
2023-03-10 11:14:33,038 dumbo.py [line:217] run_bft INFO Node 59 Delivers ACS Block in Round 79 with having 3354 TXs 
2023-03-10 11:14:33,038 dumbo.py [line:219] run_bft INFO ACS Block Delay at Node 59: 4.736214876174927 
2023-03-10 11:14:33,038 dumbo.py [line:220] run_bft INFO Current Block's TPS at Node 59: 708.1604377520906 
2023-03-10 11:14:37,762 dumbo.py [line:217] run_bft INFO Node 59 Delivers ACS Block in Round 80 with having 3354 TXs 
2023-03-10 11:14:37,762 dumbo.py [line:219] run_bft INFO ACS Block Delay at Node 59: 4.7241599559783936 
2023-03-10 11:14:37,762 dumbo.py [line:220] run_bft INFO Current Block's TPS at Node 59: 709.967492899036 
2023-03-10 11:14:42,415 dumbo.py [line:217] run_bft INFO Node 59 Delivers ACS Block in Round 81 with having 3354 TXs 
2023-03-10 11:14:42,415 dumbo.py [line:219] run_bft INFO ACS Block Delay at Node 59: 4.653067350387573 
2023-03-10 11:14:42,415 dumbo.py [line:220] run_bft INFO Current Block's TPS at Node 59: 720.8148404988445 
2023-03-10 11:14:47,220 dumbo.py [line:217] run_bft INFO Node 59 Delivers ACS Block in Round 82 with having 3354 TXs 
2023-03-10 11:14:47,220 dumbo.py [line:219] run_bft INFO ACS Block Delay at Node 59: 4.804640531539917 
2023-03-10 11:14:47,220 dumbo.py [line:220] run_bft INFO Current Block's TPS at Node 59: 698.0751167507265 
2023-03-10 11:14:51,893 dumbo.py [line:217] run_bft INFO Node 59 Delivers ACS Block in Round 83 with having 3354 TXs 
2023-03-10 11:14:51,893 dumbo.py [line:219] run_bft INFO ACS Block Delay at Node 59: 4.6727118492126465 
2023-03-10 11:14:51,893 dumbo.py [line:220] run_bft INFO Current Block's TPS at Node 59: 717.7844703959544 
2023-03-10 11:14:56,499 dumbo.py [line:217] run_bft INFO Node 59 Delivers ACS Block in Round 84 with having 3354 TXs 
2023-03-10 11:14:56,499 dumbo.py [line:219] run_bft INFO ACS Block Delay at Node 59: 4.606346607208252 
2023-03-10 11:14:56,499 dumbo.py [line:220] run_bft INFO Current Block's TPS at Node 59: 728.1258415837586 
2023-03-10 11:15:01,212 dumbo.py [line:217] run_bft INFO Node 59 Delivers ACS Block in Round 85 with having 3354 TXs 
2023-03-10 11:15:01,213 dumbo.py [line:219] run_bft INFO ACS Block Delay at Node 59: 4.713315725326538 
2023-03-10 11:15:01,213 dumbo.py [line:220] run_bft INFO Current Block's TPS at Node 59: 711.6009610766389 
2023-03-10 11:15:05,996 dumbo.py [line:217] run_bft INFO Node 59 Delivers ACS Block in Round 86 with having 3354 TXs 
2023-03-10 11:15:05,996 dumbo.py [line:219] run_bft INFO ACS Block Delay at Node 59: 4.78316068649292 
2023-03-10 11:15:05,996 dumbo.py [line:220] run_bft INFO Current Block's TPS at Node 59: 701.2099780530684 
2023-03-10 11:15:10,603 dumbo.py [line:217] run_bft INFO Node 59 Delivers ACS Block in Round 87 with having 3354 TXs 
2023-03-10 11:15:10,603 dumbo.py [line:219] run_bft INFO ACS Block Delay at Node 59: 4.607053756713867 
2023-03-10 11:15:10,603 dumbo.py [line:220] run_bft INFO Current Block's TPS at Node 59: 728.0140795214751 
2023-03-10 11:15:15,296 dumbo.py [line:217] run_bft INFO Node 59 Delivers ACS Block in Round 88 with having 3354 TXs 
2023-03-10 11:15:15,296 dumbo.py [line:219] run_bft INFO ACS Block Delay at Node 59: 4.692663908004761 
2023-03-10 11:15:15,296 dumbo.py [line:220] run_bft INFO Current Block's TPS at Node 59: 714.732626446726 
2023-03-10 11:15:20,062 dumbo.py [line:217] run_bft INFO Node 59 Delivers ACS Block in Round 89 with having 3354 TXs 
2023-03-10 11:15:20,062 dumbo.py [line:219] run_bft INFO ACS Block Delay at Node 59: 4.766502141952515 
2023-03-10 11:15:20,062 dumbo.py [line:220] run_bft INFO Current Block's TPS at Node 59: 703.6606509582082 
2023-03-10 11:15:24,839 dumbo.py [line:217] run_bft INFO Node 59 Delivers ACS Block in Round 90 with having 3354 TXs 
2023-03-10 11:15:24,839 dumbo.py [line:219] run_bft INFO ACS Block Delay at Node 59: 4.777011394500732 
2023-03-10 11:15:24,840 dumbo.py [line:220] run_bft INFO Current Block's TPS at Node 59: 702.1126229384977 
2023-03-10 11:15:29,586 dumbo.py [line:217] run_bft INFO Node 59 Delivers ACS Block in Round 91 with having 3354 TXs 
2023-03-10 11:15:29,586 dumbo.py [line:219] run_bft INFO ACS Block Delay at Node 59: 4.74654483795166 
2023-03-10 11:15:29,586 dumbo.py [line:220] run_bft INFO Current Block's TPS at Node 59: 706.6192597998077 
2023-03-10 11:15:34,196 dumbo.py [line:217] run_bft INFO Node 59 Delivers ACS Block in Round 92 with having 3354 TXs 
2023-03-10 11:15:34,196 dumbo.py [line:219] run_bft INFO ACS Block Delay at Node 59: 4.610023260116577 
2023-03-10 11:15:34,196 dumbo.py [line:220] run_bft INFO Current Block's TPS at Node 59: 727.545136055384 
2023-03-10 11:15:40,225 dumbo.py [line:217] run_bft INFO Node 59 Delivers ACS Block in Round 93 with having 3354 TXs 
2023-03-10 11:15:40,225 dumbo.py [line:219] run_bft INFO ACS Block Delay at Node 59: 6.028801918029785 
2023-03-10 11:15:40,225 dumbo.py [line:220] run_bft INFO Current Block's TPS at Node 59: 556.3294408412224 
2023-03-10 11:15:44,891 dumbo.py [line:217] run_bft INFO Node 59 Delivers ACS Block in Round 94 with having 3354 TXs 
2023-03-10 11:15:44,891 dumbo.py [line:219] run_bft INFO ACS Block Delay at Node 59: 4.666242599487305 
2023-03-10 11:15:44,891 dumbo.py [line:220] run_bft INFO Current Block's TPS at Node 59: 718.7796023225443 
2023-03-10 11:15:49,595 dumbo.py [line:217] run_bft INFO Node 59 Delivers ACS Block in Round 95 with having 3354 TXs 
2023-03-10 11:15:49,595 dumbo.py [line:219] run_bft INFO ACS Block Delay at Node 59: 4.703606367111206 
2023-03-10 11:15:49,595 dumbo.py [line:220] run_bft INFO Current Block's TPS at Node 59: 713.0698740974602 
2023-03-10 11:15:54,378 dumbo.py [line:217] run_bft INFO Node 59 Delivers ACS Block in Round 96 with having 3354 TXs 
2023-03-10 11:15:54,378 dumbo.py [line:219] run_bft INFO ACS Block Delay at Node 59: 4.7829742431640625 
2023-03-10 11:15:54,378 dumbo.py [line:220] run_bft INFO Current Block's TPS at Node 59: 701.2373116567823 
2023-03-10 11:15:59,029 dumbo.py [line:217] run_bft INFO Node 59 Delivers ACS Block in Round 97 with having 3354 TXs 
2023-03-10 11:15:59,029 dumbo.py [line:219] run_bft INFO ACS Block Delay at Node 59: 4.650639772415161 
2023-03-10 11:15:59,029 dumbo.py [line:220] run_bft INFO Current Block's TPS at Node 59: 721.191097167736 
2023-03-10 11:16:03,666 dumbo.py [line:217] run_bft INFO Node 59 Delivers ACS Block in Round 98 with having 3354 TXs 
2023-03-10 11:16:03,666 dumbo.py [line:219] run_bft INFO ACS Block Delay at Node 59: 4.637123346328735 
2023-03-10 11:16:03,666 dumbo.py [line:220] run_bft INFO Current Block's TPS at Node 59: 723.293246589052 
2023-03-10 11:16:08,321 dumbo.py [line:217] run_bft INFO Node 59 Delivers ACS Block in Round 99 with having 3354 TXs 
2023-03-10 11:16:08,321 dumbo.py [line:219] run_bft INFO ACS Block Delay at Node 59: 4.655277490615845 
2023-03-10 11:16:08,321 dumbo.py [line:220] run_bft INFO Current Block's TPS at Node 59: 720.4726263388224 
2023-03-10 11:16:08,321 dumbo.py [line:241] run_bft INFO node 59 breaks in 470.615688 seconds with total delivered Txs 335400 
