2023-03-09 07:41:38,159 dumbo_node.py [line:77] run INFO node 54's starts to run consensus on process id 2906578 
2023-03-09 07:41:38,159 dumbo_node.py [line:59] prepare_bootstrap INFO node id 54 is inserting dummy payload TXs 
2023-03-09 07:41:38,159 dumbo_node.py [line:68] prepare_bootstrap INFO node id 54 just inserts 50000 TXs 
2023-03-09 07:41:38,160 dumbo_node.py [line:68] prepare_bootstrap INFO node id 54 just inserts 50000 TXs 
2023-03-09 07:41:38,160 dumbo_node.py [line:68] prepare_bootstrap INFO node id 54 just inserts 50000 TXs 
2023-03-09 07:41:38,160 dumbo_node.py [line:68] prepare_bootstrap INFO node id 54 just inserts 50000 TXs 
2023-03-09 07:41:38,160 dumbo_node.py [line:68] prepare_bootstrap INFO node id 54 just inserts 50000 TXs 
2023-03-09 07:41:38,160 dumbo_node.py [line:68] prepare_bootstrap INFO node id 54 just inserts 50000 TXs 
2023-03-09 07:41:38,160 dumbo_node.py [line:68] prepare_bootstrap INFO node id 54 just inserts 50000 TXs 
2023-03-09 07:41:38,160 dumbo_node.py [line:68] prepare_bootstrap INFO node id 54 just inserts 50000 TXs 
2023-03-09 07:41:38,161 dumbo_node.py [line:68] prepare_bootstrap INFO node id 54 just inserts 50000 TXs 
2023-03-09 07:41:38,161 dumbo_node.py [line:68] prepare_bootstrap INFO node id 54 just inserts 50000 TXs 
2023-03-09 07:41:38,161 dumbo_node.py [line:68] prepare_bootstrap INFO node id 54 just inserts 50000 TXs 
2023-03-09 07:41:38,161 dumbo_node.py [line:68] prepare_bootstrap INFO node id 54 just inserts 50000 TXs 
2023-03-09 07:41:38,161 dumbo_node.py [line:68] prepare_bootstrap INFO node id 54 just inserts 50000 TXs 
2023-03-09 07:41:38,161 dumbo_node.py [line:68] prepare_bootstrap INFO node id 54 just inserts 50000 TXs 
2023-03-09 07:41:38,161 dumbo_node.py [line:68] prepare_bootstrap INFO node id 54 just inserts 50000 TXs 
2023-03-09 07:41:38,162 dumbo_node.py [line:68] prepare_bootstrap INFO node id 54 just inserts 50000 TXs 
2023-03-09 07:41:38,162 dumbo_node.py [line:68] prepare_bootstrap INFO node id 54 just inserts 50000 TXs 
2023-03-09 07:41:38,162 dumbo_node.py [line:68] prepare_bootstrap INFO node id 54 just inserts 50000 TXs 
2023-03-09 07:41:38,162 dumbo_node.py [line:68] prepare_bootstrap INFO node id 54 just inserts 50000 TXs 
2023-03-09 07:41:38,162 dumbo_node.py [line:68] prepare_bootstrap INFO node id 54 just inserts 50000 TXs 
2023-03-09 07:41:38,162 dumbo_node.py [line:68] prepare_bootstrap INFO node id 54 just inserts 50000 TXs 
2023-03-09 07:41:38,162 dumbo_node.py [line:68] prepare_bootstrap INFO node id 54 just inserts 50000 TXs 
2023-03-09 07:41:38,163 dumbo_node.py [line:68] prepare_bootstrap INFO node id 54 just inserts 50000 TXs 
2023-03-09 07:41:38,163 dumbo_node.py [line:68] prepare_bootstrap INFO node id 54 just inserts 50000 TXs 
2023-03-09 07:41:38,163 dumbo_node.py [line:68] prepare_bootstrap INFO node id 54 just inserts 50000 TXs 
2023-03-09 07:41:38,163 dumbo_node.py [line:68] prepare_bootstrap INFO node id 54 just inserts 50000 TXs 
2023-03-09 07:41:38,163 dumbo_node.py [line:68] prepare_bootstrap INFO node id 54 just inserts 50000 TXs 
2023-03-09 07:41:38,163 dumbo_node.py [line:68] prepare_bootstrap INFO node id 54 just inserts 50000 TXs 
2023-03-09 07:41:38,164 dumbo_node.py [line:68] prepare_bootstrap INFO node id 54 just inserts 50000 TXs 
2023-03-09 07:41:38,164 dumbo_node.py [line:68] prepare_bootstrap INFO node id 54 just inserts 50000 TXs 
2023-03-09 07:41:38,164 dumbo_node.py [line:68] prepare_bootstrap INFO node id 54 just inserts 50000 TXs 
2023-03-09 07:41:38,164 dumbo_node.py [line:68] prepare_bootstrap INFO node id 54 just inserts 50000 TXs 
2023-03-09 07:41:38,164 dumbo_node.py [line:68] prepare_bootstrap INFO node id 54 just inserts 50000 TXs 
2023-03-09 07:41:38,164 dumbo_node.py [line:68] prepare_bootstrap INFO node id 54 just inserts 50000 TXs 
2023-03-09 07:41:38,165 dumbo_node.py [line:68] prepare_bootstrap INFO node id 54 just inserts 50000 TXs 
2023-03-09 07:41:38,165 dumbo_node.py [line:68] prepare_bootstrap INFO node id 54 just inserts 50000 TXs 
2023-03-09 07:41:38,165 dumbo_node.py [line:68] prepare_bootstrap INFO node id 54 just inserts 50000 TXs 
2023-03-09 07:41:38,165 dumbo_node.py [line:68] prepare_bootstrap INFO node id 54 just inserts 50000 TXs 
2023-03-09 07:41:38,165 dumbo_node.py [line:68] prepare_bootstrap INFO node id 54 just inserts 50000 TXs 
2023-03-09 07:41:38,165 dumbo_node.py [line:68] prepare_bootstrap INFO node id 54 just inserts 50000 TXs 
2023-03-09 07:41:38,165 dumbo_node.py [line:68] prepare_bootstrap INFO node id 54 just inserts 50000 TXs 
2023-03-09 07:41:38,166 dumbo_node.py [line:68] prepare_bootstrap INFO node id 54 just inserts 50000 TXs 
2023-03-09 07:41:38,166 dumbo_node.py [line:68] prepare_bootstrap INFO node id 54 just inserts 50000 TXs 
2023-03-09 07:41:38,166 dumbo_node.py [line:68] prepare_bootstrap INFO node id 54 just inserts 50000 TXs 
2023-03-09 07:41:38,166 dumbo_node.py [line:68] prepare_bootstrap INFO node id 54 just inserts 50000 TXs 
2023-03-09 07:41:38,166 dumbo_node.py [line:68] prepare_bootstrap INFO node id 54 just inserts 50000 TXs 
2023-03-09 07:41:38,166 dumbo_node.py [line:68] prepare_bootstrap INFO node id 54 just inserts 50000 TXs 
2023-03-09 07:41:38,167 dumbo_node.py [line:68] prepare_bootstrap INFO node id 54 just inserts 50000 TXs 
2023-03-09 07:41:38,167 dumbo_node.py [line:68] prepare_bootstrap INFO node id 54 just inserts 50000 TXs 
2023-03-09 07:41:38,167 dumbo_node.py [line:68] prepare_bootstrap INFO node id 54 just inserts 50000 TXs 
2023-03-09 07:41:38,167 dumbo_node.py [line:68] prepare_bootstrap INFO node id 54 just inserts 50000 TXs 
2023-03-09 07:41:38,167 dumbo_node.py [line:68] prepare_bootstrap INFO node id 54 just inserts 50000 TXs 
2023-03-09 07:41:38,167 dumbo_node.py [line:68] prepare_bootstrap INFO node id 54 just inserts 50000 TXs 
2023-03-09 07:41:38,168 dumbo_node.py [line:68] prepare_bootstrap INFO node id 54 just inserts 50000 TXs 
2023-03-09 07:41:38,168 dumbo_node.py [line:68] prepare_bootstrap INFO node id 54 just inserts 50000 TXs 
2023-03-09 07:41:38,168 dumbo_node.py [line:68] prepare_bootstrap INFO node id 54 just inserts 50000 TXs 
2023-03-09 07:41:38,168 dumbo_node.py [line:68] prepare_bootstrap INFO node id 54 just inserts 50000 TXs 
2023-03-09 07:41:38,168 dumbo_node.py [line:68] prepare_bootstrap INFO node id 54 just inserts 50000 TXs 
2023-03-09 07:41:38,168 dumbo_node.py [line:68] prepare_bootstrap INFO node id 54 just inserts 50000 TXs 
2023-03-09 07:41:38,169 dumbo_node.py [line:68] prepare_bootstrap INFO node id 54 just inserts 50000 TXs 
2023-03-09 07:41:38,169 dumbo_node.py [line:68] prepare_bootstrap INFO node id 54 just inserts 50000 TXs 
2023-03-09 07:41:38,169 dumbo_node.py [line:68] prepare_bootstrap INFO node id 54 just inserts 50000 TXs 
2023-03-09 07:41:38,169 dumbo_node.py [line:68] prepare_bootstrap INFO node id 54 just inserts 50000 TXs 
2023-03-09 07:41:38,169 dumbo_node.py [line:68] prepare_bootstrap INFO node id 54 just inserts 50000 TXs 
2023-03-09 07:41:38,169 dumbo_node.py [line:68] prepare_bootstrap INFO node id 54 just inserts 50000 TXs 
2023-03-09 07:41:38,169 dumbo_node.py [line:68] prepare_bootstrap INFO node id 54 just inserts 50000 TXs 
2023-03-09 07:41:38,170 dumbo_node.py [line:68] prepare_bootstrap INFO node id 54 just inserts 50000 TXs 
2023-03-09 07:41:38,170 dumbo_node.py [line:68] prepare_bootstrap INFO node id 54 just inserts 50000 TXs 
2023-03-09 07:41:38,170 dumbo_node.py [line:68] prepare_bootstrap INFO node id 54 just inserts 50000 TXs 
2023-03-09 07:41:38,170 dumbo_node.py [line:68] prepare_bootstrap INFO node id 54 just inserts 50000 TXs 
2023-03-09 07:41:38,170 dumbo_node.py [line:68] prepare_bootstrap INFO node id 54 just inserts 50000 TXs 
2023-03-09 07:41:38,170 dumbo_node.py [line:68] prepare_bootstrap INFO node id 54 just inserts 50000 TXs 
2023-03-09 07:41:38,171 dumbo_node.py [line:68] prepare_bootstrap INFO node id 54 just inserts 50000 TXs 
2023-03-09 07:41:38,171 dumbo_node.py [line:68] prepare_bootstrap INFO node id 54 just inserts 50000 TXs 
2023-03-09 07:41:38,171 dumbo_node.py [line:68] prepare_bootstrap INFO node id 54 just inserts 50000 TXs 
2023-03-09 07:41:38,171 dumbo_node.py [line:68] prepare_bootstrap INFO node id 54 just inserts 50000 TXs 
2023-03-09 07:41:38,171 dumbo_node.py [line:68] prepare_bootstrap INFO node id 54 just inserts 50000 TXs 
2023-03-09 07:41:38,171 dumbo_node.py [line:68] prepare_bootstrap INFO node id 54 just inserts 50000 TXs 
2023-03-09 07:41:38,171 dumbo_node.py [line:68] prepare_bootstrap INFO node id 54 just inserts 50000 TXs 
2023-03-09 07:41:38,171 dumbo_node.py [line:68] prepare_bootstrap INFO node id 54 just inserts 50000 TXs 
2023-03-09 07:41:38,171 dumbo_node.py [line:68] prepare_bootstrap INFO node id 54 just inserts 50000 TXs 
2023-03-09 07:41:38,172 dumbo_node.py [line:68] prepare_bootstrap INFO node id 54 just inserts 50000 TXs 
2023-03-09 07:41:38,172 dumbo_node.py [line:68] prepare_bootstrap INFO node id 54 just inserts 50000 TXs 
2023-03-09 07:41:38,172 dumbo_node.py [line:68] prepare_bootstrap INFO node id 54 just inserts 50000 TXs 
2023-03-09 07:41:38,172 dumbo_node.py [line:68] prepare_bootstrap INFO node id 54 just inserts 50000 TXs 
2023-03-09 07:41:38,172 dumbo_node.py [line:68] prepare_bootstrap INFO node id 54 just inserts 50000 TXs 
2023-03-09 07:41:38,172 dumbo_node.py [line:68] prepare_bootstrap INFO node id 54 just inserts 50000 TXs 
2023-03-09 07:41:38,172 dumbo_node.py [line:68] prepare_bootstrap INFO node id 54 just inserts 50000 TXs 
2023-03-09 07:41:38,172 dumbo_node.py [line:68] prepare_bootstrap INFO node id 54 just inserts 50000 TXs 
2023-03-09 07:41:38,172 dumbo_node.py [line:68] prepare_bootstrap INFO node id 54 just inserts 50000 TXs 
2023-03-09 07:41:38,172 dumbo_node.py [line:68] prepare_bootstrap INFO node id 54 just inserts 50000 TXs 
2023-03-09 07:41:38,172 dumbo_node.py [line:68] prepare_bootstrap INFO node id 54 just inserts 50000 TXs 
2023-03-09 07:41:38,172 dumbo_node.py [line:68] prepare_bootstrap INFO node id 54 just inserts 50000 TXs 
2023-03-09 07:41:38,173 dumbo_node.py [line:68] prepare_bootstrap INFO node id 54 just inserts 50000 TXs 
2023-03-09 07:41:38,173 dumbo_node.py [line:68] prepare_bootstrap INFO node id 54 just inserts 50000 TXs 
2023-03-09 07:41:38,173 dumbo_node.py [line:68] prepare_bootstrap INFO node id 54 just inserts 50000 TXs 
2023-03-09 07:41:38,173 dumbo_node.py [line:68] prepare_bootstrap INFO node id 54 just inserts 50000 TXs 
2023-03-09 07:41:38,173 dumbo_node.py [line:68] prepare_bootstrap INFO node id 54 just inserts 50000 TXs 
2023-03-09 07:41:38,173 dumbo_node.py [line:68] prepare_bootstrap INFO node id 54 just inserts 50000 TXs 
2023-03-09 07:41:38,173 dumbo_node.py [line:68] prepare_bootstrap INFO node id 54 just inserts 50000 TXs 
2023-03-09 07:41:38,173 dumbo_node.py [line:72] prepare_bootstrap INFO node id 54 completed the loading of dummy TXs 
2023-03-09 07:41:38,173 dumbo.py [line:179] run_bft INFO Node 54 starts to run at time:1678347698.173708 
2023-03-09 07:41:43,254 dumbo.py [line:217] run_bft INFO Node 54 Delivers ACS Block in Round 0 with having 3354 TXs 
2023-03-09 07:41:43,255 dumbo.py [line:219] run_bft INFO ACS Block Delay at Node 54: 5.081384897232056 
2023-03-09 07:41:43,255 dumbo.py [line:220] run_bft INFO Current Block's TPS at Node 54: 660.0562775370547 
2023-03-09 07:41:48,427 dumbo.py [line:217] run_bft INFO Node 54 Delivers ACS Block in Round 1 with having 3354 TXs 
2023-03-09 07:41:48,428 dumbo.py [line:219] run_bft INFO ACS Block Delay at Node 54: 5.172824144363403 
2023-03-09 07:41:48,428 dumbo.py [line:220] run_bft INFO Current Block's TPS at Node 54: 648.3885603678805 
2023-03-09 07:41:53,612 dumbo.py [line:217] run_bft INFO Node 54 Delivers ACS Block in Round 2 with having 3354 TXs 
2023-03-09 07:41:53,612 dumbo.py [line:219] run_bft INFO ACS Block Delay at Node 54: 5.184566974639893 
2023-03-09 07:41:53,612 dumbo.py [line:220] run_bft INFO Current Block's TPS at Node 54: 646.9199870318891 
2023-03-09 07:41:58,780 dumbo.py [line:217] run_bft INFO Node 54 Delivers ACS Block in Round 3 with having 3354 TXs 
2023-03-09 07:41:58,780 dumbo.py [line:219] run_bft INFO ACS Block Delay at Node 54: 5.167616605758667 
2023-03-09 07:41:58,780 dumbo.py [line:220] run_bft INFO Current Block's TPS at Node 54: 649.0419580009832 
2023-03-09 07:42:04,070 dumbo.py [line:217] run_bft INFO Node 54 Delivers ACS Block in Round 4 with having 3354 TXs 
2023-03-09 07:42:04,070 dumbo.py [line:219] run_bft INFO ACS Block Delay at Node 54: 5.290236473083496 
2023-03-09 07:42:04,070 dumbo.py [line:220] run_bft INFO Current Block's TPS at Node 54: 633.9981241037169 
2023-03-09 07:42:09,215 dumbo.py [line:217] run_bft INFO Node 54 Delivers ACS Block in Round 5 with having 3354 TXs 
2023-03-09 07:42:09,215 dumbo.py [line:219] run_bft INFO ACS Block Delay at Node 54: 5.144677639007568 
2023-03-09 07:42:09,215 dumbo.py [line:220] run_bft INFO Current Block's TPS at Node 54: 651.9358909039444 
2023-03-09 07:42:14,379 dumbo.py [line:217] run_bft INFO Node 54 Delivers ACS Block in Round 6 with having 3354 TXs 
2023-03-09 07:42:14,379 dumbo.py [line:219] run_bft INFO ACS Block Delay at Node 54: 5.164099216461182 
2023-03-09 07:42:14,379 dumbo.py [line:220] run_bft INFO Current Block's TPS at Node 54: 649.4840357266423 
2023-03-09 07:42:19,671 dumbo.py [line:217] run_bft INFO Node 54 Delivers ACS Block in Round 7 with having 3354 TXs 
2023-03-09 07:42:19,672 dumbo.py [line:219] run_bft INFO ACS Block Delay at Node 54: 5.292253255844116 
2023-03-09 07:42:19,672 dumbo.py [line:220] run_bft INFO Current Block's TPS at Node 54: 633.7565187940039 
2023-03-09 07:42:24,664 dumbo.py [line:217] run_bft INFO Node 54 Delivers ACS Block in Round 8 with having 3354 TXs 
2023-03-09 07:42:24,664 dumbo.py [line:219] run_bft INFO ACS Block Delay at Node 54: 4.992230653762817 
2023-03-09 07:42:24,664 dumbo.py [line:220] run_bft INFO Current Block's TPS at Node 54: 671.8439576648915 
2023-03-09 07:42:29,948 dumbo.py [line:217] run_bft INFO Node 54 Delivers ACS Block in Round 9 with having 3354 TXs 
2023-03-09 07:42:29,948 dumbo.py [line:219] run_bft INFO ACS Block Delay at Node 54: 5.2840070724487305 
2023-03-09 07:42:29,948 dumbo.py [line:220] run_bft INFO Current Block's TPS at Node 54: 634.7455546545435 
2023-03-09 07:42:34,878 dumbo.py [line:217] run_bft INFO Node 54 Delivers ACS Block in Round 10 with having 3354 TXs 
2023-03-09 07:42:34,878 dumbo.py [line:219] run_bft INFO ACS Block Delay at Node 54: 4.929818868637085 
2023-03-09 07:42:34,878 dumbo.py [line:220] run_bft INFO Current Block's TPS at Node 54: 680.3495400891389 
2023-03-09 07:42:40,108 dumbo.py [line:217] run_bft INFO Node 54 Delivers ACS Block in Round 11 with having 3354 TXs 
2023-03-09 07:42:40,108 dumbo.py [line:219] run_bft INFO ACS Block Delay at Node 54: 5.229952335357666 
2023-03-09 07:42:40,108 dumbo.py [line:220] run_bft INFO Current Block's TPS at Node 54: 641.3060358743454 
2023-03-09 07:42:45,294 dumbo.py [line:217] run_bft INFO Node 54 Delivers ACS Block in Round 12 with having 3354 TXs 
2023-03-09 07:42:45,294 dumbo.py [line:219] run_bft INFO ACS Block Delay at Node 54: 5.185984134674072 
2023-03-09 07:42:45,294 dumbo.py [line:220] run_bft INFO Current Block's TPS at Node 54: 646.743204934774 
2023-03-09 07:42:50,465 dumbo.py [line:217] run_bft INFO Node 54 Delivers ACS Block in Round 13 with having 3354 TXs 
2023-03-09 07:42:50,465 dumbo.py [line:219] run_bft INFO ACS Block Delay at Node 54: 5.171209096908569 
2023-03-09 07:42:50,465 dumbo.py [line:220] run_bft INFO Current Block's TPS at Node 54: 648.5910620023225 
2023-03-09 07:42:55,725 dumbo.py [line:217] run_bft INFO Node 54 Delivers ACS Block in Round 14 with having 3354 TXs 
2023-03-09 07:42:55,725 dumbo.py [line:219] run_bft INFO ACS Block Delay at Node 54: 5.260125637054443 
2023-03-09 07:42:55,725 dumbo.py [line:220] run_bft INFO Current Block's TPS at Node 54: 637.6273555850213 
2023-03-09 07:43:00,854 dumbo.py [line:217] run_bft INFO Node 54 Delivers ACS Block in Round 15 with having 3354 TXs 
2023-03-09 07:43:00,855 dumbo.py [line:219] run_bft INFO ACS Block Delay at Node 54: 5.129201173782349 
2023-03-09 07:43:00,855 dumbo.py [line:220] run_bft INFO Current Block's TPS at Node 54: 653.9029931490699 
2023-03-09 07:43:06,030 dumbo.py [line:217] run_bft INFO Node 54 Delivers ACS Block in Round 16 with having 3354 TXs 
2023-03-09 07:43:06,031 dumbo.py [line:219] run_bft INFO ACS Block Delay at Node 54: 5.175928592681885 
2023-03-09 07:43:06,031 dumbo.py [line:220] run_bft INFO Current Block's TPS at Node 54: 647.9996661356836 
2023-03-09 07:43:11,151 dumbo.py [line:217] run_bft INFO Node 54 Delivers ACS Block in Round 17 with having 3354 TXs 
2023-03-09 07:43:11,151 dumbo.py [line:219] run_bft INFO ACS Block Delay at Node 54: 5.120005130767822 
2023-03-09 07:43:11,151 dumbo.py [line:220] run_bft INFO Current Block's TPS at Node 54: 655.0774685448444 
2023-03-09 07:43:16,405 dumbo.py [line:217] run_bft INFO Node 54 Delivers ACS Block in Round 18 with having 3354 TXs 
2023-03-09 07:43:16,405 dumbo.py [line:219] run_bft INFO ACS Block Delay at Node 54: 5.254536390304565 
2023-03-09 07:43:16,405 dumbo.py [line:220] run_bft INFO Current Block's TPS at Node 54: 638.3055993652742 
2023-03-09 07:43:21,538 dumbo.py [line:217] run_bft INFO Node 54 Delivers ACS Block in Round 19 with having 3354 TXs 
2023-03-09 07:43:21,538 dumbo.py [line:219] run_bft INFO ACS Block Delay at Node 54: 5.132840156555176 
2023-03-09 07:43:21,538 dumbo.py [line:220] run_bft INFO Current Block's TPS at Node 54: 653.4394015205382 
2023-03-09 07:43:26,717 dumbo.py [line:217] run_bft INFO Node 54 Delivers ACS Block in Round 20 with having 3354 TXs 
2023-03-09 07:43:26,717 dumbo.py [line:219] run_bft INFO ACS Block Delay at Node 54: 5.179031133651733 
2023-03-09 07:43:26,717 dumbo.py [line:220] run_bft INFO Current Block's TPS at Node 54: 647.6114766344522 
2023-03-09 07:43:31,924 dumbo.py [line:217] run_bft INFO Node 54 Delivers ACS Block in Round 21 with having 3354 TXs 
2023-03-09 07:43:31,924 dumbo.py [line:219] run_bft INFO ACS Block Delay at Node 54: 5.206748008728027 
2023-03-09 07:43:31,924 dumbo.py [line:220] run_bft INFO Current Block's TPS at Node 54: 644.1640721574615 
2023-03-09 07:43:37,134 dumbo.py [line:217] run_bft INFO Node 54 Delivers ACS Block in Round 22 with having 3354 TXs 
2023-03-09 07:43:37,134 dumbo.py [line:219] run_bft INFO ACS Block Delay at Node 54: 5.209690093994141 
2023-03-09 07:43:37,134 dumbo.py [line:220] run_bft INFO Current Block's TPS at Node 54: 643.8002912815437 
2023-03-09 07:43:42,249 dumbo.py [line:217] run_bft INFO Node 54 Delivers ACS Block in Round 23 with having 3354 TXs 
2023-03-09 07:43:42,249 dumbo.py [line:219] run_bft INFO ACS Block Delay at Node 54: 5.11540412902832 
2023-03-09 07:43:42,249 dumbo.py [line:220] run_bft INFO Current Block's TPS at Node 54: 655.6666717624709 
2023-03-09 07:43:47,415 dumbo.py [line:217] run_bft INFO Node 54 Delivers ACS Block in Round 24 with having 3354 TXs 
2023-03-09 07:43:47,415 dumbo.py [line:219] run_bft INFO ACS Block Delay at Node 54: 5.165242433547974 
2023-03-09 07:43:47,415 dumbo.py [line:220] run_bft INFO Current Block's TPS at Node 54: 649.3402861821062 
2023-03-09 07:43:54,633 dumbo.py [line:217] run_bft INFO Node 54 Delivers ACS Block in Round 25 with having 3354 TXs 
2023-03-09 07:43:54,633 dumbo.py [line:219] run_bft INFO ACS Block Delay at Node 54: 7.218447923660278 
2023-03-09 07:43:54,633 dumbo.py [line:220] run_bft INFO Current Block's TPS at Node 54: 464.64282010076175 
2023-03-09 07:43:59,781 dumbo.py [line:217] run_bft INFO Node 54 Delivers ACS Block in Round 26 with having 3354 TXs 
2023-03-09 07:43:59,781 dumbo.py [line:219] run_bft INFO ACS Block Delay at Node 54: 5.148033380508423 
2023-03-09 07:43:59,781 dumbo.py [line:220] run_bft INFO Current Block's TPS at Node 54: 651.5109270073841 
2023-03-09 07:44:04,917 dumbo.py [line:217] run_bft INFO Node 54 Delivers ACS Block in Round 27 with having 3354 TXs 
2023-03-09 07:44:04,917 dumbo.py [line:219] run_bft INFO ACS Block Delay at Node 54: 5.135854721069336 
2023-03-09 07:44:04,917 dumbo.py [line:220] run_bft INFO Current Block's TPS at Node 54: 653.0558557742194 
2023-03-09 07:44:10,107 dumbo.py [line:217] run_bft INFO Node 54 Delivers ACS Block in Round 28 with having 3354 TXs 
2023-03-09 07:44:10,107 dumbo.py [line:219] run_bft INFO ACS Block Delay at Node 54: 5.189358949661255 
2023-03-09 07:44:10,107 dumbo.py [line:220] run_bft INFO Current Block's TPS at Node 54: 646.3226060357491 
2023-03-09 07:44:15,525 dumbo.py [line:217] run_bft INFO Node 54 Delivers ACS Block in Round 29 with having 3354 TXs 
2023-03-09 07:44:15,526 dumbo.py [line:219] run_bft INFO ACS Block Delay at Node 54: 5.418747663497925 
2023-03-09 07:44:15,526 dumbo.py [line:220] run_bft INFO Current Block's TPS at Node 54: 618.962204605578 
2023-03-09 07:44:20,593 dumbo.py [line:217] run_bft INFO Node 54 Delivers ACS Block in Round 30 with having 3354 TXs 
2023-03-09 07:44:20,593 dumbo.py [line:219] run_bft INFO ACS Block Delay at Node 54: 5.067770481109619 
2023-03-09 07:44:20,593 dumbo.py [line:220] run_bft INFO Current Block's TPS at Node 54: 661.8294992841944 
2023-03-09 07:44:25,750 dumbo.py [line:217] run_bft INFO Node 54 Delivers ACS Block in Round 31 with having 3354 TXs 
2023-03-09 07:44:25,750 dumbo.py [line:219] run_bft INFO ACS Block Delay at Node 54: 5.156695604324341 
2023-03-09 07:44:25,750 dumbo.py [line:220] run_bft INFO Current Block's TPS at Node 54: 650.4165181259443 
2023-03-09 07:44:30,911 dumbo.py [line:217] run_bft INFO Node 54 Delivers ACS Block in Round 32 with having 3354 TXs 
2023-03-09 07:44:30,911 dumbo.py [line:219] run_bft INFO ACS Block Delay at Node 54: 5.160844326019287 
2023-03-09 07:44:30,911 dumbo.py [line:220] run_bft INFO Current Block's TPS at Node 54: 649.8936585027823 
2023-03-09 07:44:36,166 dumbo.py [line:217] run_bft INFO Node 54 Delivers ACS Block in Round 33 with having 3354 TXs 
2023-03-09 07:44:36,166 dumbo.py [line:219] run_bft INFO ACS Block Delay at Node 54: 5.254870891571045 
2023-03-09 07:44:36,166 dumbo.py [line:220] run_bft INFO Current Block's TPS at Node 54: 638.2649677235471 
2023-03-09 07:44:41,413 dumbo.py [line:217] run_bft INFO Node 54 Delivers ACS Block in Round 34 with having 3354 TXs 
2023-03-09 07:44:41,414 dumbo.py [line:219] run_bft INFO ACS Block Delay at Node 54: 5.2474730014801025 
2023-03-09 07:44:41,414 dumbo.py [line:220] run_bft INFO Current Block's TPS at Node 54: 639.1647939977911 
2023-03-09 07:44:46,604 dumbo.py [line:217] run_bft INFO Node 54 Delivers ACS Block in Round 35 with having 3354 TXs 
2023-03-09 07:44:46,605 dumbo.py [line:219] run_bft INFO ACS Block Delay at Node 54: 5.191025733947754 
2023-03-09 07:44:46,605 dumbo.py [line:220] run_bft INFO Current Block's TPS at Node 54: 646.1150785799123 
2023-03-09 07:44:51,946 dumbo.py [line:217] run_bft INFO Node 54 Delivers ACS Block in Round 36 with having 3354 TXs 
2023-03-09 07:44:51,946 dumbo.py [line:219] run_bft INFO ACS Block Delay at Node 54: 5.341501474380493 
2023-03-09 07:44:51,946 dumbo.py [line:220] run_bft INFO Current Block's TPS at Node 54: 627.9133341227799 
2023-03-09 07:44:57,117 dumbo.py [line:217] run_bft INFO Node 54 Delivers ACS Block in Round 37 with having 3354 TXs 
2023-03-09 07:44:57,118 dumbo.py [line:219] run_bft INFO ACS Block Delay at Node 54: 5.171204090118408 
2023-03-09 07:44:57,118 dumbo.py [line:220] run_bft INFO Current Block's TPS at Node 54: 648.5916899719967 
2023-03-09 07:45:02,151 dumbo.py [line:217] run_bft INFO Node 54 Delivers ACS Block in Round 38 with having 3354 TXs 
2023-03-09 07:45:02,151 dumbo.py [line:219] run_bft INFO ACS Block Delay at Node 54: 5.0334765911102295 
2023-03-09 07:45:02,151 dumbo.py [line:220] run_bft INFO Current Block's TPS at Node 54: 666.3386506899819 
2023-03-09 07:45:07,307 dumbo.py [line:217] run_bft INFO Node 54 Delivers ACS Block in Round 39 with having 3354 TXs 
2023-03-09 07:45:07,307 dumbo.py [line:219] run_bft INFO ACS Block Delay at Node 54: 5.156043291091919 
2023-03-09 07:45:07,307 dumbo.py [line:220] run_bft INFO Current Block's TPS at Node 54: 650.4988051195567 
2023-03-09 07:45:12,568 dumbo.py [line:217] run_bft INFO Node 54 Delivers ACS Block in Round 40 with having 3354 TXs 
2023-03-09 07:45:12,569 dumbo.py [line:219] run_bft INFO ACS Block Delay at Node 54: 5.261190891265869 
2023-03-09 07:45:12,569 dumbo.py [line:220] run_bft INFO Current Block's TPS at Node 54: 637.4982526423805 
2023-03-09 07:45:17,651 dumbo.py [line:217] run_bft INFO Node 54 Delivers ACS Block in Round 41 with having 3354 TXs 
2023-03-09 07:45:17,651 dumbo.py [line:219] run_bft INFO ACS Block Delay at Node 54: 5.082496643066406 
2023-03-09 07:45:17,651 dumbo.py [line:220] run_bft INFO Current Block's TPS at Node 54: 659.9118967595505 
2023-03-09 07:45:22,921 dumbo.py [line:217] run_bft INFO Node 54 Delivers ACS Block in Round 42 with having 3354 TXs 
2023-03-09 07:45:22,921 dumbo.py [line:219] run_bft INFO ACS Block Delay at Node 54: 5.269680738449097 
2023-03-09 07:45:22,921 dumbo.py [line:220] run_bft INFO Current Block's TPS at Node 54: 636.4711955941196 
2023-03-09 07:45:28,117 dumbo.py [line:217] run_bft INFO Node 54 Delivers ACS Block in Round 43 with having 3354 TXs 
2023-03-09 07:45:28,117 dumbo.py [line:219] run_bft INFO ACS Block Delay at Node 54: 5.196324825286865 
2023-03-09 07:45:28,117 dumbo.py [line:220] run_bft INFO Current Block's TPS at Node 54: 645.4561854329114 
2023-03-09 07:45:33,308 dumbo.py [line:217] run_bft INFO Node 54 Delivers ACS Block in Round 44 with having 3354 TXs 
2023-03-09 07:45:33,309 dumbo.py [line:219] run_bft INFO ACS Block Delay at Node 54: 5.1912970542907715 
2023-03-09 07:45:33,309 dumbo.py [line:220] run_bft INFO Current Block's TPS at Node 54: 646.0813097235136 
2023-03-09 07:45:38,460 dumbo.py [line:217] run_bft INFO Node 54 Delivers ACS Block in Round 45 with having 3354 TXs 
2023-03-09 07:45:38,461 dumbo.py [line:219] run_bft INFO ACS Block Delay at Node 54: 5.151905298233032 
2023-03-09 07:45:38,461 dumbo.py [line:220] run_bft INFO Current Block's TPS at Node 54: 651.0212835531611 
2023-03-09 07:45:43,660 dumbo.py [line:217] run_bft INFO Node 54 Delivers ACS Block in Round 46 with having 3354 TXs 
2023-03-09 07:45:43,661 dumbo.py [line:219] run_bft INFO ACS Block Delay at Node 54: 5.199974298477173 
2023-03-09 07:45:43,661 dumbo.py [line:220] run_bft INFO Current Block's TPS at Node 54: 645.0031879931076 
2023-03-09 07:45:48,855 dumbo.py [line:217] run_bft INFO Node 54 Delivers ACS Block in Round 47 with having 3354 TXs 
2023-03-09 07:45:48,855 dumbo.py [line:219] run_bft INFO ACS Block Delay at Node 54: 5.194324016571045 
2023-03-09 07:45:48,855 dumbo.py [line:220] run_bft INFO Current Block's TPS at Node 54: 645.7048095767605 
2023-03-09 07:45:54,250 dumbo.py [line:217] run_bft INFO Node 54 Delivers ACS Block in Round 48 with having 3354 TXs 
2023-03-09 07:45:54,250 dumbo.py [line:219] run_bft INFO ACS Block Delay at Node 54: 5.395339488983154 
2023-03-09 07:45:54,251 dumbo.py [line:220] run_bft INFO Current Block's TPS at Node 54: 621.6476288190198 
2023-03-09 07:45:59,503 dumbo.py [line:217] run_bft INFO Node 54 Delivers ACS Block in Round 49 with having 3354 TXs 
2023-03-09 07:45:59,503 dumbo.py [line:219] run_bft INFO ACS Block Delay at Node 54: 5.2522337436676025 
2023-03-09 07:45:59,503 dumbo.py [line:220] run_bft INFO Current Block's TPS at Node 54: 638.585440726772 
2023-03-09 07:46:04,579 dumbo.py [line:217] run_bft INFO Node 54 Delivers ACS Block in Round 50 with having 3354 TXs 
2023-03-09 07:46:04,579 dumbo.py [line:219] run_bft INFO ACS Block Delay at Node 54: 5.075796842575073 
2023-03-09 07:46:04,579 dumbo.py [line:220] run_bft INFO Current Block's TPS at Node 54: 660.7829477860732 
2023-03-09 07:46:09,741 dumbo.py [line:217] run_bft INFO Node 54 Delivers ACS Block in Round 51 with having 3354 TXs 
2023-03-09 07:46:09,741 dumbo.py [line:219] run_bft INFO ACS Block Delay at Node 54: 5.162139177322388 
2023-03-09 07:46:09,741 dumbo.py [line:220] run_bft INFO Current Block's TPS at Node 54: 649.7306416561452 
2023-03-09 07:46:14,948 dumbo.py [line:217] run_bft INFO Node 54 Delivers ACS Block in Round 52 with having 3354 TXs 
2023-03-09 07:46:14,948 dumbo.py [line:219] run_bft INFO ACS Block Delay at Node 54: 5.207262992858887 
2023-03-09 07:46:14,948 dumbo.py [line:220] run_bft INFO Current Block's TPS at Node 54: 644.1003660847539 
2023-03-09 07:46:20,104 dumbo.py [line:217] run_bft INFO Node 54 Delivers ACS Block in Round 53 with having 3354 TXs 
2023-03-09 07:46:20,104 dumbo.py [line:219] run_bft INFO ACS Block Delay at Node 54: 5.15564489364624 
2023-03-09 07:46:20,104 dumbo.py [line:220] run_bft INFO Current Block's TPS at Node 54: 650.549071782161 
2023-03-09 07:46:25,379 dumbo.py [line:217] run_bft INFO Node 54 Delivers ACS Block in Round 54 with having 3354 TXs 
2023-03-09 07:46:25,379 dumbo.py [line:219] run_bft INFO ACS Block Delay at Node 54: 5.275406837463379 
2023-03-09 07:46:25,379 dumbo.py [line:220] run_bft INFO Current Block's TPS at Node 54: 635.7803489546095 
2023-03-09 07:46:30,444 dumbo.py [line:217] run_bft INFO Node 54 Delivers ACS Block in Round 55 with having 3354 TXs 
2023-03-09 07:46:30,444 dumbo.py [line:219] run_bft INFO ACS Block Delay at Node 54: 5.064392805099487 
2023-03-09 07:46:30,444 dumbo.py [line:220] run_bft INFO Current Block's TPS at Node 54: 662.2709037542976 
2023-03-09 07:46:35,746 dumbo.py [line:217] run_bft INFO Node 54 Delivers ACS Block in Round 56 with having 3354 TXs 
2023-03-09 07:46:35,747 dumbo.py [line:219] run_bft INFO ACS Block Delay at Node 54: 5.302751541137695 
2023-03-09 07:46:35,747 dumbo.py [line:220] run_bft INFO Current Block's TPS at Node 54: 632.5018198533974 
2023-03-09 07:46:40,905 dumbo.py [line:217] run_bft INFO Node 54 Delivers ACS Block in Round 57 with having 3354 TXs 
2023-03-09 07:46:40,905 dumbo.py [line:219] run_bft INFO ACS Block Delay at Node 54: 5.158709764480591 
2023-03-09 07:46:40,906 dumbo.py [line:220] run_bft INFO Current Block's TPS at Node 54: 650.1625703181425 
2023-03-09 07:46:46,220 dumbo.py [line:217] run_bft INFO Node 54 Delivers ACS Block in Round 58 with having 3354 TXs 
2023-03-09 07:46:46,220 dumbo.py [line:219] run_bft INFO ACS Block Delay at Node 54: 5.314687013626099 
2023-03-09 07:46:46,220 dumbo.py [line:220] run_bft INFO Current Block's TPS at Node 54: 631.0813772101392 
2023-03-09 07:46:51,293 dumbo.py [line:217] run_bft INFO Node 54 Delivers ACS Block in Round 59 with having 3354 TXs 
2023-03-09 07:46:51,293 dumbo.py [line:219] run_bft INFO ACS Block Delay at Node 54: 5.072493314743042 
2023-03-09 07:46:51,293 dumbo.py [line:220] run_bft INFO Current Block's TPS at Node 54: 661.2132913515538 
2023-03-09 07:46:56,545 dumbo.py [line:217] run_bft INFO Node 54 Delivers ACS Block in Round 60 with having 3354 TXs 
2023-03-09 07:46:56,545 dumbo.py [line:219] run_bft INFO ACS Block Delay at Node 54: 5.2519097328186035 
2023-03-09 07:46:56,545 dumbo.py [line:220] run_bft INFO Current Block's TPS at Node 54: 638.6248375597975 
2023-03-09 07:47:01,802 dumbo.py [line:217] run_bft INFO Node 54 Delivers ACS Block in Round 61 with having 3354 TXs 
2023-03-09 07:47:01,803 dumbo.py [line:219] run_bft INFO ACS Block Delay at Node 54: 5.257678508758545 
2023-03-09 07:47:01,803 dumbo.py [line:220] run_bft INFO Current Block's TPS at Node 54: 637.9241321835698 
2023-03-09 07:47:07,008 dumbo.py [line:217] run_bft INFO Node 54 Delivers ACS Block in Round 62 with having 3354 TXs 
2023-03-09 07:47:07,008 dumbo.py [line:219] run_bft INFO ACS Block Delay at Node 54: 5.205573558807373 
2023-03-09 07:47:07,008 dumbo.py [line:220] run_bft INFO Current Block's TPS at Node 54: 644.309404546849 
2023-03-09 07:47:12,191 dumbo.py [line:217] run_bft INFO Node 54 Delivers ACS Block in Round 63 with having 3354 TXs 
2023-03-09 07:47:12,191 dumbo.py [line:219] run_bft INFO ACS Block Delay at Node 54: 5.182658672332764 
2023-03-09 07:47:12,191 dumbo.py [line:220] run_bft INFO Current Block's TPS at Node 54: 647.1581888857698 
2023-03-09 07:47:17,484 dumbo.py [line:217] run_bft INFO Node 54 Delivers ACS Block in Round 64 with having 3354 TXs 
2023-03-09 07:47:17,484 dumbo.py [line:219] run_bft INFO ACS Block Delay at Node 54: 5.293007850646973 
2023-03-09 07:47:17,484 dumbo.py [line:220] run_bft INFO Current Block's TPS at Node 54: 633.6661676385073 
2023-03-09 07:47:22,636 dumbo.py [line:217] run_bft INFO Node 54 Delivers ACS Block in Round 65 with having 3354 TXs 
2023-03-09 07:47:22,636 dumbo.py [line:219] run_bft INFO ACS Block Delay at Node 54: 5.151957035064697 
2023-03-09 07:47:22,636 dumbo.py [line:220] run_bft INFO Current Block's TPS at Node 54: 651.0147458863428 
2023-03-09 07:47:27,804 dumbo.py [line:217] run_bft INFO Node 54 Delivers ACS Block in Round 66 with having 3354 TXs 
2023-03-09 07:47:27,805 dumbo.py [line:219] run_bft INFO ACS Block Delay at Node 54: 5.168462514877319 
2023-03-09 07:47:27,805 dumbo.py [line:220] run_bft INFO Current Block's TPS at Node 54: 648.9357309539492 
2023-03-09 07:47:33,110 dumbo.py [line:217] run_bft INFO Node 54 Delivers ACS Block in Round 67 with having 3354 TXs 
2023-03-09 07:47:33,110 dumbo.py [line:219] run_bft INFO ACS Block Delay at Node 54: 5.305513620376587 
2023-03-09 07:47:33,110 dumbo.py [line:220] run_bft INFO Current Block's TPS at Node 54: 632.1725359668254 
2023-03-09 07:47:38,309 dumbo.py [line:217] run_bft INFO Node 54 Delivers ACS Block in Round 68 with having 3354 TXs 
2023-03-09 07:47:38,309 dumbo.py [line:219] run_bft INFO ACS Block Delay at Node 54: 5.198454856872559 
2023-03-09 07:47:38,309 dumbo.py [line:220] run_bft INFO Current Block's TPS at Node 54: 645.1917141428827 
2023-03-09 07:47:43,437 dumbo.py [line:217] run_bft INFO Node 54 Delivers ACS Block in Round 69 with having 3354 TXs 
2023-03-09 07:47:43,437 dumbo.py [line:219] run_bft INFO ACS Block Delay at Node 54: 5.12849760055542 
2023-03-09 07:47:43,437 dumbo.py [line:220] run_bft INFO Current Block's TPS at Node 54: 653.9927014174209 
2023-03-09 07:47:48,877 dumbo.py [line:217] run_bft INFO Node 54 Delivers ACS Block in Round 70 with having 3354 TXs 
2023-03-09 07:47:48,877 dumbo.py [line:219] run_bft INFO ACS Block Delay at Node 54: 5.439717769622803 
2023-03-09 07:47:48,877 dumbo.py [line:220] run_bft INFO Current Block's TPS at Node 54: 616.5761059755441 
2023-03-09 07:47:53,923 dumbo.py [line:217] run_bft INFO Node 54 Delivers ACS Block in Round 71 with having 3354 TXs 
2023-03-09 07:47:53,923 dumbo.py [line:219] run_bft INFO ACS Block Delay at Node 54: 5.045710563659668 
2023-03-09 07:47:53,923 dumbo.py [line:220] run_bft INFO Current Block's TPS at Node 54: 664.72302715028 
2023-03-09 07:47:59,190 dumbo.py [line:217] run_bft INFO Node 54 Delivers ACS Block in Round 72 with having 3354 TXs 
2023-03-09 07:47:59,190 dumbo.py [line:219] run_bft INFO ACS Block Delay at Node 54: 5.26739239692688 
2023-03-09 07:47:59,190 dumbo.py [line:220] run_bft INFO Current Block's TPS at Node 54: 636.7477011883151 
2023-03-09 07:48:04,400 dumbo.py [line:217] run_bft INFO Node 54 Delivers ACS Block in Round 73 with having 3354 TXs 
2023-03-09 07:48:04,400 dumbo.py [line:219] run_bft INFO ACS Block Delay at Node 54: 5.209728002548218 
2023-03-09 07:48:04,400 dumbo.py [line:220] run_bft INFO Current Block's TPS at Node 54: 643.7956066726456 
2023-03-09 07:48:09,567 dumbo.py [line:217] run_bft INFO Node 54 Delivers ACS Block in Round 74 with having 3354 TXs 
2023-03-09 07:48:09,567 dumbo.py [line:219] run_bft INFO ACS Block Delay at Node 54: 5.166693925857544 
2023-03-09 07:48:09,567 dumbo.py [line:220] run_bft INFO Current Block's TPS at Node 54: 649.1578653835816 
2023-03-09 07:48:14,808 dumbo.py [line:217] run_bft INFO Node 54 Delivers ACS Block in Round 75 with having 3354 TXs 
2023-03-09 07:48:14,808 dumbo.py [line:219] run_bft INFO ACS Block Delay at Node 54: 5.240988492965698 
2023-03-09 07:48:14,808 dumbo.py [line:220] run_bft INFO Current Block's TPS at Node 54: 639.9556122860489 
2023-03-09 07:48:19,960 dumbo.py [line:217] run_bft INFO Node 54 Delivers ACS Block in Round 76 with having 3354 TXs 
2023-03-09 07:48:19,960 dumbo.py [line:219] run_bft INFO ACS Block Delay at Node 54: 5.151699066162109 
2023-03-09 07:48:19,960 dumbo.py [line:220] run_bft INFO Current Block's TPS at Node 54: 651.0473451429003 
2023-03-09 07:48:25,176 dumbo.py [line:217] run_bft INFO Node 54 Delivers ACS Block in Round 77 with having 3354 TXs 
2023-03-09 07:48:25,176 dumbo.py [line:219] run_bft INFO ACS Block Delay at Node 54: 5.215996742248535 
2023-03-09 07:48:25,176 dumbo.py [line:220] run_bft INFO Current Block's TPS at Node 54: 643.0218740041128 
2023-03-09 07:48:30,316 dumbo.py [line:217] run_bft INFO Node 54 Delivers ACS Block in Round 78 with having 3354 TXs 
2023-03-09 07:48:30,316 dumbo.py [line:219] run_bft INFO ACS Block Delay at Node 54: 5.1399924755096436 
2023-03-09 07:48:30,316 dumbo.py [line:220] run_bft INFO Current Block's TPS at Node 54: 652.5301381238777 
2023-03-09 07:48:35,551 dumbo.py [line:217] run_bft INFO Node 54 Delivers ACS Block in Round 79 with having 3354 TXs 
2023-03-09 07:48:35,551 dumbo.py [line:219] run_bft INFO ACS Block Delay at Node 54: 5.2354350090026855 
2023-03-09 07:48:35,551 dumbo.py [line:220] run_bft INFO Current Block's TPS at Node 54: 640.6344447467249 
2023-03-09 07:48:40,734 dumbo.py [line:217] run_bft INFO Node 54 Delivers ACS Block in Round 80 with having 3354 TXs 
2023-03-09 07:48:40,734 dumbo.py [line:219] run_bft INFO ACS Block Delay at Node 54: 5.182648181915283 
2023-03-09 07:48:40,734 dumbo.py [line:220] run_bft INFO Current Block's TPS at Node 54: 647.1594988260434 
2023-03-09 07:48:45,965 dumbo.py [line:217] run_bft INFO Node 54 Delivers ACS Block in Round 81 with having 3354 TXs 
2023-03-09 07:48:45,965 dumbo.py [line:219] run_bft INFO ACS Block Delay at Node 54: 5.231185436248779 
2023-03-09 07:48:45,965 dumbo.py [line:220] run_bft INFO Current Block's TPS at Node 54: 641.154866497165 
2023-03-09 07:48:51,135 dumbo.py [line:217] run_bft INFO Node 54 Delivers ACS Block in Round 82 with having 3354 TXs 
2023-03-09 07:48:51,135 dumbo.py [line:219] run_bft INFO ACS Block Delay at Node 54: 5.17012882232666 
2023-03-09 07:48:51,135 dumbo.py [line:220] run_bft INFO Current Block's TPS at Node 54: 648.7265821145697 
2023-03-09 07:48:56,398 dumbo.py [line:217] run_bft INFO Node 54 Delivers ACS Block in Round 83 with having 3354 TXs 
2023-03-09 07:48:56,398 dumbo.py [line:219] run_bft INFO ACS Block Delay at Node 54: 5.2623631954193115 
2023-03-09 07:48:56,398 dumbo.py [line:220] run_bft INFO Current Block's TPS at Node 54: 637.3562362475343 
2023-03-09 07:49:01,660 dumbo.py [line:217] run_bft INFO Node 54 Delivers ACS Block in Round 84 with having 3354 TXs 
2023-03-09 07:49:01,660 dumbo.py [line:219] run_bft INFO ACS Block Delay at Node 54: 5.261894702911377 
2023-03-09 07:49:01,660 dumbo.py [line:220] run_bft INFO Current Block's TPS at Node 54: 637.4129832252726 
2023-03-09 07:49:06,769 dumbo.py [line:217] run_bft INFO Node 54 Delivers ACS Block in Round 85 with having 3354 TXs 
2023-03-09 07:49:06,769 dumbo.py [line:219] run_bft INFO ACS Block Delay at Node 54: 5.108850717544556 
2023-03-09 07:49:06,769 dumbo.py [line:220] run_bft INFO Current Block's TPS at Node 54: 656.5077324498568 
2023-03-09 07:49:11,896 dumbo.py [line:217] run_bft INFO Node 54 Delivers ACS Block in Round 86 with having 3354 TXs 
2023-03-09 07:49:11,896 dumbo.py [line:219] run_bft INFO ACS Block Delay at Node 54: 5.1275315284729 
2023-03-09 07:49:11,896 dumbo.py [line:220] run_bft INFO Current Block's TPS at Node 54: 654.11591940009 
2023-03-09 07:49:19,944 dumbo.py [line:217] run_bft INFO Node 54 Delivers ACS Block in Round 87 with having 3354 TXs 
2023-03-09 07:49:19,944 dumbo.py [line:219] run_bft INFO ACS Block Delay at Node 54: 8.047514915466309 
2023-03-09 07:49:19,944 dumbo.py [line:220] run_bft INFO Current Block's TPS at Node 54: 416.77462362375184 
2023-03-09 07:49:25,200 dumbo.py [line:217] run_bft INFO Node 54 Delivers ACS Block in Round 88 with having 3354 TXs 
2023-03-09 07:49:25,201 dumbo.py [line:219] run_bft INFO ACS Block Delay at Node 54: 5.256554841995239 
2023-03-09 07:49:25,201 dumbo.py [line:220] run_bft INFO Current Block's TPS at Node 54: 638.06049795286 
2023-03-09 07:49:30,426 dumbo.py [line:217] run_bft INFO Node 54 Delivers ACS Block in Round 89 with having 3354 TXs 
2023-03-09 07:49:30,426 dumbo.py [line:219] run_bft INFO ACS Block Delay at Node 54: 5.225222587585449 
2023-03-09 07:49:30,426 dumbo.py [line:220] run_bft INFO Current Block's TPS at Node 54: 641.8865309142491 
2023-03-09 07:49:35,679 dumbo.py [line:217] run_bft INFO Node 54 Delivers ACS Block in Round 90 with having 3354 TXs 
2023-03-09 07:49:35,679 dumbo.py [line:219] run_bft INFO ACS Block Delay at Node 54: 5.25324559211731 
2023-03-09 07:49:35,679 dumbo.py [line:220] run_bft INFO Current Block's TPS at Node 54: 638.4624402546117 
2023-03-09 07:49:40,915 dumbo.py [line:217] run_bft INFO Node 54 Delivers ACS Block in Round 91 with having 3354 TXs 
2023-03-09 07:49:40,915 dumbo.py [line:219] run_bft INFO ACS Block Delay at Node 54: 5.236202716827393 
2023-03-09 07:49:40,916 dumbo.py [line:220] run_bft INFO Current Block's TPS at Node 54: 640.5405178873945 
2023-03-09 07:49:46,076 dumbo.py [line:217] run_bft INFO Node 54 Delivers ACS Block in Round 92 with having 3354 TXs 
2023-03-09 07:49:46,076 dumbo.py [line:219] run_bft INFO ACS Block Delay at Node 54: 5.160647869110107 
2023-03-09 07:49:46,076 dumbo.py [line:220] run_bft INFO Current Block's TPS at Node 54: 649.9183988266104 
2023-03-09 07:49:51,364 dumbo.py [line:217] run_bft INFO Node 54 Delivers ACS Block in Round 93 with having 3354 TXs 
2023-03-09 07:49:51,364 dumbo.py [line:219] run_bft INFO ACS Block Delay at Node 54: 5.287780523300171 
2023-03-09 07:49:51,364 dumbo.py [line:220] run_bft INFO Current Block's TPS at Node 54: 634.2925893427071 
2023-03-09 07:49:56,508 dumbo.py [line:217] run_bft INFO Node 54 Delivers ACS Block in Round 94 with having 3354 TXs 
2023-03-09 07:49:56,509 dumbo.py [line:219] run_bft INFO ACS Block Delay at Node 54: 5.144519329071045 
2023-03-09 07:49:56,509 dumbo.py [line:220] run_bft INFO Current Block's TPS at Node 54: 651.9559526284525 
2023-03-09 07:50:01,861 dumbo.py [line:217] run_bft INFO Node 54 Delivers ACS Block in Round 95 with having 3354 TXs 
2023-03-09 07:50:01,861 dumbo.py [line:219] run_bft INFO ACS Block Delay at Node 54: 5.352298021316528 
2023-03-09 07:50:01,861 dumbo.py [line:220] run_bft INFO Current Block's TPS at Node 54: 626.646720089589 
2023-03-09 07:50:07,111 dumbo.py [line:217] run_bft INFO Node 54 Delivers ACS Block in Round 96 with having 3354 TXs 
2023-03-09 07:50:07,111 dumbo.py [line:219] run_bft INFO ACS Block Delay at Node 54: 5.249712705612183 
2023-03-09 07:50:07,111 dumbo.py [line:220] run_bft INFO Current Block's TPS at Node 54: 638.8921047840239 
2023-03-09 07:50:12,216 dumbo.py [line:217] run_bft INFO Node 54 Delivers ACS Block in Round 97 with having 3354 TXs 
2023-03-09 07:50:12,217 dumbo.py [line:219] run_bft INFO ACS Block Delay at Node 54: 5.105694532394409 
2023-03-09 07:50:12,217 dumbo.py [line:220] run_bft INFO Current Block's TPS at Node 54: 656.9135655726509 
2023-03-09 07:50:17,435 dumbo.py [line:217] run_bft INFO Node 54 Delivers ACS Block in Round 98 with having 3354 TXs 
2023-03-09 07:50:17,435 dumbo.py [line:219] run_bft INFO ACS Block Delay at Node 54: 5.218541383743286 
2023-03-09 07:50:17,435 dumbo.py [line:220] run_bft INFO Current Block's TPS at Node 54: 642.7083265926233 
2023-03-09 07:50:22,614 dumbo.py [line:217] run_bft INFO Node 54 Delivers ACS Block in Round 99 with having 3354 TXs 
2023-03-09 07:50:22,614 dumbo.py [line:219] run_bft INFO ACS Block Delay at Node 54: 5.178622484207153 
2023-03-09 07:50:22,614 dumbo.py [line:220] run_bft INFO Current Block's TPS at Node 54: 647.6625801993553 
2023-03-09 07:50:22,614 dumbo.py [line:241] run_bft INFO node 54 breaks in 524.440841 seconds with total delivered Txs 335400 
