2023-03-10 09:54:16,314 dumbo_node.py [line:77] run INFO node 52's starts to run consensus on process id 3839370 
2023-03-10 09:54:16,315 dumbo_node.py [line:59] prepare_bootstrap INFO node id 52 is inserting dummy payload TXs 
2023-03-10 09:54:16,316 dumbo_node.py [line:68] prepare_bootstrap INFO node id 52 just inserts 50000 TXs 
2023-03-10 09:54:16,316 dumbo_node.py [line:68] prepare_bootstrap INFO node id 52 just inserts 50000 TXs 
2023-03-10 09:54:16,316 dumbo_node.py [line:68] prepare_bootstrap INFO node id 52 just inserts 50000 TXs 
2023-03-10 09:54:16,317 dumbo_node.py [line:68] prepare_bootstrap INFO node id 52 just inserts 50000 TXs 
2023-03-10 09:54:16,317 dumbo_node.py [line:68] prepare_bootstrap INFO node id 52 just inserts 50000 TXs 
2023-03-10 09:54:16,317 dumbo_node.py [line:68] prepare_bootstrap INFO node id 52 just inserts 50000 TXs 
2023-03-10 09:54:16,318 dumbo_node.py [line:68] prepare_bootstrap INFO node id 52 just inserts 50000 TXs 
2023-03-10 09:54:16,318 dumbo_node.py [line:68] prepare_bootstrap INFO node id 52 just inserts 50000 TXs 
2023-03-10 09:54:16,318 dumbo_node.py [line:68] prepare_bootstrap INFO node id 52 just inserts 50000 TXs 
2023-03-10 09:54:16,318 dumbo_node.py [line:68] prepare_bootstrap INFO node id 52 just inserts 50000 TXs 
2023-03-10 09:54:16,319 dumbo_node.py [line:68] prepare_bootstrap INFO node id 52 just inserts 50000 TXs 
2023-03-10 09:54:16,319 dumbo_node.py [line:68] prepare_bootstrap INFO node id 52 just inserts 50000 TXs 
2023-03-10 09:54:16,319 dumbo_node.py [line:68] prepare_bootstrap INFO node id 52 just inserts 50000 TXs 
2023-03-10 09:54:16,319 dumbo_node.py [line:68] prepare_bootstrap INFO node id 52 just inserts 50000 TXs 
2023-03-10 09:54:16,320 dumbo_node.py [line:68] prepare_bootstrap INFO node id 52 just inserts 50000 TXs 
2023-03-10 09:54:16,320 dumbo_node.py [line:68] prepare_bootstrap INFO node id 52 just inserts 50000 TXs 
2023-03-10 09:54:16,320 dumbo_node.py [line:68] prepare_bootstrap INFO node id 52 just inserts 50000 TXs 
2023-03-10 09:54:16,321 dumbo_node.py [line:68] prepare_bootstrap INFO node id 52 just inserts 50000 TXs 
2023-03-10 09:54:16,321 dumbo_node.py [line:68] prepare_bootstrap INFO node id 52 just inserts 50000 TXs 
2023-03-10 09:54:16,321 dumbo_node.py [line:68] prepare_bootstrap INFO node id 52 just inserts 50000 TXs 
2023-03-10 09:54:16,321 dumbo_node.py [line:68] prepare_bootstrap INFO node id 52 just inserts 50000 TXs 
2023-03-10 09:54:16,322 dumbo_node.py [line:68] prepare_bootstrap INFO node id 52 just inserts 50000 TXs 
2023-03-10 09:54:16,322 dumbo_node.py [line:68] prepare_bootstrap INFO node id 52 just inserts 50000 TXs 
2023-03-10 09:54:16,322 dumbo_node.py [line:68] prepare_bootstrap INFO node id 52 just inserts 50000 TXs 
2023-03-10 09:54:16,322 dumbo_node.py [line:68] prepare_bootstrap INFO node id 52 just inserts 50000 TXs 
2023-03-10 09:54:16,323 dumbo_node.py [line:68] prepare_bootstrap INFO node id 52 just inserts 50000 TXs 
2023-03-10 09:54:16,323 dumbo_node.py [line:68] prepare_bootstrap INFO node id 52 just inserts 50000 TXs 
2023-03-10 09:54:16,323 dumbo_node.py [line:68] prepare_bootstrap INFO node id 52 just inserts 50000 TXs 
2023-03-10 09:54:16,324 dumbo_node.py [line:68] prepare_bootstrap INFO node id 52 just inserts 50000 TXs 
2023-03-10 09:54:16,324 dumbo_node.py [line:68] prepare_bootstrap INFO node id 52 just inserts 50000 TXs 
2023-03-10 09:54:16,324 dumbo_node.py [line:68] prepare_bootstrap INFO node id 52 just inserts 50000 TXs 
2023-03-10 09:54:16,324 dumbo_node.py [line:68] prepare_bootstrap INFO node id 52 just inserts 50000 TXs 
2023-03-10 09:54:16,325 dumbo_node.py [line:68] prepare_bootstrap INFO node id 52 just inserts 50000 TXs 
2023-03-10 09:54:16,325 dumbo_node.py [line:68] prepare_bootstrap INFO node id 52 just inserts 50000 TXs 
2023-03-10 09:54:16,325 dumbo_node.py [line:68] prepare_bootstrap INFO node id 52 just inserts 50000 TXs 
2023-03-10 09:54:16,325 dumbo_node.py [line:68] prepare_bootstrap INFO node id 52 just inserts 50000 TXs 
2023-03-10 09:54:16,326 dumbo_node.py [line:68] prepare_bootstrap INFO node id 52 just inserts 50000 TXs 
2023-03-10 09:54:16,326 dumbo_node.py [line:68] prepare_bootstrap INFO node id 52 just inserts 50000 TXs 
2023-03-10 09:54:16,326 dumbo_node.py [line:68] prepare_bootstrap INFO node id 52 just inserts 50000 TXs 
2023-03-10 09:54:16,327 dumbo_node.py [line:68] prepare_bootstrap INFO node id 52 just inserts 50000 TXs 
2023-03-10 09:54:16,327 dumbo_node.py [line:68] prepare_bootstrap INFO node id 52 just inserts 50000 TXs 
2023-03-10 09:54:16,327 dumbo_node.py [line:68] prepare_bootstrap INFO node id 52 just inserts 50000 TXs 
2023-03-10 09:54:16,327 dumbo_node.py [line:68] prepare_bootstrap INFO node id 52 just inserts 50000 TXs 
2023-03-10 09:54:16,327 dumbo_node.py [line:68] prepare_bootstrap INFO node id 52 just inserts 50000 TXs 
2023-03-10 09:54:16,327 dumbo_node.py [line:68] prepare_bootstrap INFO node id 52 just inserts 50000 TXs 
2023-03-10 09:54:16,327 dumbo_node.py [line:68] prepare_bootstrap INFO node id 52 just inserts 50000 TXs 
2023-03-10 09:54:16,327 dumbo_node.py [line:68] prepare_bootstrap INFO node id 52 just inserts 50000 TXs 
2023-03-10 09:54:16,327 dumbo_node.py [line:68] prepare_bootstrap INFO node id 52 just inserts 50000 TXs 
2023-03-10 09:54:16,327 dumbo_node.py [line:68] prepare_bootstrap INFO node id 52 just inserts 50000 TXs 
2023-03-10 09:54:16,327 dumbo_node.py [line:68] prepare_bootstrap INFO node id 52 just inserts 50000 TXs 
2023-03-10 09:54:16,328 dumbo_node.py [line:68] prepare_bootstrap INFO node id 52 just inserts 50000 TXs 
2023-03-10 09:54:16,328 dumbo_node.py [line:68] prepare_bootstrap INFO node id 52 just inserts 50000 TXs 
2023-03-10 09:54:16,328 dumbo_node.py [line:68] prepare_bootstrap INFO node id 52 just inserts 50000 TXs 
2023-03-10 09:54:16,328 dumbo_node.py [line:68] prepare_bootstrap INFO node id 52 just inserts 50000 TXs 
2023-03-10 09:54:16,328 dumbo_node.py [line:68] prepare_bootstrap INFO node id 52 just inserts 50000 TXs 
2023-03-10 09:54:16,328 dumbo_node.py [line:68] prepare_bootstrap INFO node id 52 just inserts 50000 TXs 
2023-03-10 09:54:16,328 dumbo_node.py [line:68] prepare_bootstrap INFO node id 52 just inserts 50000 TXs 
2023-03-10 09:54:16,328 dumbo_node.py [line:68] prepare_bootstrap INFO node id 52 just inserts 50000 TXs 
2023-03-10 09:54:16,328 dumbo_node.py [line:68] prepare_bootstrap INFO node id 52 just inserts 50000 TXs 
2023-03-10 09:54:16,328 dumbo_node.py [line:68] prepare_bootstrap INFO node id 52 just inserts 50000 TXs 
2023-03-10 09:54:16,328 dumbo_node.py [line:68] prepare_bootstrap INFO node id 52 just inserts 50000 TXs 
2023-03-10 09:54:16,328 dumbo_node.py [line:68] prepare_bootstrap INFO node id 52 just inserts 50000 TXs 
2023-03-10 09:54:16,329 dumbo_node.py [line:68] prepare_bootstrap INFO node id 52 just inserts 50000 TXs 
2023-03-10 09:54:16,329 dumbo_node.py [line:68] prepare_bootstrap INFO node id 52 just inserts 50000 TXs 
2023-03-10 09:54:16,329 dumbo_node.py [line:68] prepare_bootstrap INFO node id 52 just inserts 50000 TXs 
2023-03-10 09:54:16,329 dumbo_node.py [line:68] prepare_bootstrap INFO node id 52 just inserts 50000 TXs 
2023-03-10 09:54:16,329 dumbo_node.py [line:68] prepare_bootstrap INFO node id 52 just inserts 50000 TXs 
2023-03-10 09:54:16,329 dumbo_node.py [line:68] prepare_bootstrap INFO node id 52 just inserts 50000 TXs 
2023-03-10 09:54:16,329 dumbo_node.py [line:68] prepare_bootstrap INFO node id 52 just inserts 50000 TXs 
2023-03-10 09:54:16,329 dumbo_node.py [line:68] prepare_bootstrap INFO node id 52 just inserts 50000 TXs 
2023-03-10 09:54:16,329 dumbo_node.py [line:68] prepare_bootstrap INFO node id 52 just inserts 50000 TXs 
2023-03-10 09:54:16,329 dumbo_node.py [line:68] prepare_bootstrap INFO node id 52 just inserts 50000 TXs 
2023-03-10 09:54:16,329 dumbo_node.py [line:68] prepare_bootstrap INFO node id 52 just inserts 50000 TXs 
2023-03-10 09:54:16,329 dumbo_node.py [line:68] prepare_bootstrap INFO node id 52 just inserts 50000 TXs 
2023-03-10 09:54:16,329 dumbo_node.py [line:68] prepare_bootstrap INFO node id 52 just inserts 50000 TXs 
2023-03-10 09:54:16,330 dumbo_node.py [line:68] prepare_bootstrap INFO node id 52 just inserts 50000 TXs 
2023-03-10 09:54:16,330 dumbo_node.py [line:68] prepare_bootstrap INFO node id 52 just inserts 50000 TXs 
2023-03-10 09:54:16,330 dumbo_node.py [line:68] prepare_bootstrap INFO node id 52 just inserts 50000 TXs 
2023-03-10 09:54:16,330 dumbo_node.py [line:68] prepare_bootstrap INFO node id 52 just inserts 50000 TXs 
2023-03-10 09:54:16,330 dumbo_node.py [line:68] prepare_bootstrap INFO node id 52 just inserts 50000 TXs 
2023-03-10 09:54:16,330 dumbo_node.py [line:68] prepare_bootstrap INFO node id 52 just inserts 50000 TXs 
2023-03-10 09:54:16,330 dumbo_node.py [line:68] prepare_bootstrap INFO node id 52 just inserts 50000 TXs 
2023-03-10 09:54:16,330 dumbo_node.py [line:68] prepare_bootstrap INFO node id 52 just inserts 50000 TXs 
2023-03-10 09:54:16,330 dumbo_node.py [line:68] prepare_bootstrap INFO node id 52 just inserts 50000 TXs 
2023-03-10 09:54:16,330 dumbo_node.py [line:68] prepare_bootstrap INFO node id 52 just inserts 50000 TXs 
2023-03-10 09:54:16,330 dumbo_node.py [line:68] prepare_bootstrap INFO node id 52 just inserts 50000 TXs 
2023-03-10 09:54:16,330 dumbo_node.py [line:68] prepare_bootstrap INFO node id 52 just inserts 50000 TXs 
2023-03-10 09:54:16,331 dumbo_node.py [line:68] prepare_bootstrap INFO node id 52 just inserts 50000 TXs 
2023-03-10 09:54:16,331 dumbo_node.py [line:68] prepare_bootstrap INFO node id 52 just inserts 50000 TXs 
2023-03-10 09:54:16,331 dumbo_node.py [line:68] prepare_bootstrap INFO node id 52 just inserts 50000 TXs 
2023-03-10 09:54:16,331 dumbo_node.py [line:68] prepare_bootstrap INFO node id 52 just inserts 50000 TXs 
2023-03-10 09:54:16,331 dumbo_node.py [line:68] prepare_bootstrap INFO node id 52 just inserts 50000 TXs 
2023-03-10 09:54:16,331 dumbo_node.py [line:68] prepare_bootstrap INFO node id 52 just inserts 50000 TXs 
2023-03-10 09:54:16,331 dumbo_node.py [line:68] prepare_bootstrap INFO node id 52 just inserts 50000 TXs 
2023-03-10 09:54:16,331 dumbo_node.py [line:68] prepare_bootstrap INFO node id 52 just inserts 50000 TXs 
2023-03-10 09:54:16,331 dumbo_node.py [line:68] prepare_bootstrap INFO node id 52 just inserts 50000 TXs 
2023-03-10 09:54:16,331 dumbo_node.py [line:68] prepare_bootstrap INFO node id 52 just inserts 50000 TXs 
2023-03-10 09:54:16,331 dumbo_node.py [line:68] prepare_bootstrap INFO node id 52 just inserts 50000 TXs 
2023-03-10 09:54:16,331 dumbo_node.py [line:68] prepare_bootstrap INFO node id 52 just inserts 50000 TXs 
2023-03-10 09:54:16,332 dumbo_node.py [line:68] prepare_bootstrap INFO node id 52 just inserts 50000 TXs 
2023-03-10 09:54:16,332 dumbo_node.py [line:72] prepare_bootstrap INFO node id 52 completed the loading of dummy TXs 
2023-03-10 09:54:16,332 dumbo.py [line:179] run_bft INFO Node 52 starts to run at time:1678442056.3322396 
2023-03-10 09:54:30,432 dumbo.py [line:217] run_bft INFO Node 52 Delivers ACS Block in Round 0 with having 3354 TXs 
2023-03-10 09:54:30,433 dumbo.py [line:219] run_bft INFO ACS Block Delay at Node 52: 14.100792646408081 
2023-03-10 09:54:30,433 dumbo.py [line:220] run_bft INFO Current Block's TPS at Node 52: 237.85896893210256 
2023-03-10 09:54:44,446 dumbo.py [line:217] run_bft INFO Node 52 Delivers ACS Block in Round 1 with having 3354 TXs 
2023-03-10 09:54:44,446 dumbo.py [line:219] run_bft INFO ACS Block Delay at Node 52: 14.013195276260376 
2023-03-10 09:54:44,446 dumbo.py [line:220] run_bft INFO Current Block's TPS at Node 52: 239.34584039387363 
2023-03-10 09:54:58,538 dumbo.py [line:217] run_bft INFO Node 52 Delivers ACS Block in Round 2 with having 3354 TXs 
2023-03-10 09:54:58,538 dumbo.py [line:219] run_bft INFO ACS Block Delay at Node 52: 14.092057943344116 
2023-03-10 09:54:58,538 dumbo.py [line:220] run_bft INFO Current Block's TPS at Node 52: 238.00640144146888 
2023-03-10 09:55:12,528 dumbo.py [line:217] run_bft INFO Node 52 Delivers ACS Block in Round 3 with having 3354 TXs 
2023-03-10 09:55:12,528 dumbo.py [line:219] run_bft INFO ACS Block Delay at Node 52: 13.990293979644775 
2023-03-10 09:55:12,528 dumbo.py [line:220] run_bft INFO Current Block's TPS at Node 52: 239.7376355979305 
2023-03-10 09:55:26,616 dumbo.py [line:217] run_bft INFO Node 52 Delivers ACS Block in Round 4 with having 3354 TXs 
2023-03-10 09:55:26,616 dumbo.py [line:219] run_bft INFO ACS Block Delay at Node 52: 14.087497234344482 
2023-03-10 09:55:26,616 dumbo.py [line:220] run_bft INFO Current Block's TPS at Node 52: 238.0834540164556 
2023-03-10 09:55:40,751 dumbo.py [line:217] run_bft INFO Node 52 Delivers ACS Block in Round 5 with having 3354 TXs 
2023-03-10 09:55:40,751 dumbo.py [line:219] run_bft INFO ACS Block Delay at Node 52: 14.134956121444702 
2023-03-10 09:55:40,751 dumbo.py [line:220] run_bft INFO Current Block's TPS at Node 52: 237.28407581764714 
2023-03-10 09:55:54,666 dumbo.py [line:217] run_bft INFO Node 52 Delivers ACS Block in Round 6 with having 3354 TXs 
2023-03-10 09:55:54,666 dumbo.py [line:219] run_bft INFO ACS Block Delay at Node 52: 13.9149751663208 
2023-03-10 09:55:54,666 dumbo.py [line:220] run_bft INFO Current Block's TPS at Node 52: 241.03528464196438 
2023-03-10 09:56:08,731 dumbo.py [line:217] run_bft INFO Node 52 Delivers ACS Block in Round 7 with having 3354 TXs 
2023-03-10 09:56:08,731 dumbo.py [line:219] run_bft INFO ACS Block Delay at Node 52: 14.065396785736084 
2023-03-10 09:56:08,732 dumbo.py [line:220] run_bft INFO Current Block's TPS at Node 52: 238.4575459258525 
2023-03-10 09:56:22,817 dumbo.py [line:217] run_bft INFO Node 52 Delivers ACS Block in Round 8 with having 3354 TXs 
2023-03-10 09:56:22,817 dumbo.py [line:219] run_bft INFO ACS Block Delay at Node 52: 14.085721969604492 
2023-03-10 09:56:22,817 dumbo.py [line:220] run_bft INFO Current Block's TPS at Node 52: 238.11346037054966 
2023-03-10 09:56:36,932 dumbo.py [line:217] run_bft INFO Node 52 Delivers ACS Block in Round 9 with having 3354 TXs 
2023-03-10 09:56:36,932 dumbo.py [line:219] run_bft INFO ACS Block Delay at Node 52: 14.114402055740356 
2023-03-10 09:56:36,932 dumbo.py [line:220] run_bft INFO Current Block's TPS at Node 52: 237.629620210225 
2023-03-10 09:56:50,978 dumbo.py [line:217] run_bft INFO Node 52 Delivers ACS Block in Round 10 with having 3354 TXs 
2023-03-10 09:56:50,979 dumbo.py [line:219] run_bft INFO ACS Block Delay at Node 52: 14.046694040298462 
2023-03-10 09:56:50,979 dumbo.py [line:220] run_bft INFO Current Block's TPS at Node 52: 238.77504488798098 
2023-03-10 09:57:05,050 dumbo.py [line:217] run_bft INFO Node 52 Delivers ACS Block in Round 11 with having 3354 TXs 
2023-03-10 09:57:05,050 dumbo.py [line:219] run_bft INFO ACS Block Delay at Node 52: 14.071237802505493 
2023-03-10 09:57:05,050 dumbo.py [line:220] run_bft INFO Current Block's TPS at Node 52: 238.35856141972062 
2023-03-10 09:57:19,122 dumbo.py [line:217] run_bft INFO Node 52 Delivers ACS Block in Round 12 with having 3354 TXs 
2023-03-10 09:57:19,122 dumbo.py [line:219] run_bft INFO ACS Block Delay at Node 52: 14.072070360183716 
2023-03-10 09:57:19,122 dumbo.py [line:220] run_bft INFO Current Block's TPS at Node 52: 238.34445921262522 
2023-03-10 09:57:33,283 dumbo.py [line:217] run_bft INFO Node 52 Delivers ACS Block in Round 13 with having 3354 TXs 
2023-03-10 09:57:33,283 dumbo.py [line:219] run_bft INFO ACS Block Delay at Node 52: 14.161218166351318 
2023-03-10 09:57:33,283 dumbo.py [line:220] run_bft INFO Current Block's TPS at Node 52: 236.8440313962177 
2023-03-10 09:57:47,169 dumbo.py [line:217] run_bft INFO Node 52 Delivers ACS Block in Round 14 with having 3354 TXs 
2023-03-10 09:57:47,169 dumbo.py [line:219] run_bft INFO ACS Block Delay at Node 52: 13.88581919670105 
2023-03-10 09:57:47,169 dumbo.py [line:220] run_bft INFO Current Block's TPS at Node 52: 241.5413849545753 
2023-03-10 09:58:01,287 dumbo.py [line:217] run_bft INFO Node 52 Delivers ACS Block in Round 15 with having 3354 TXs 
2023-03-10 09:58:01,288 dumbo.py [line:219] run_bft INFO ACS Block Delay at Node 52: 14.118301391601562 
2023-03-10 09:58:01,288 dumbo.py [line:220] run_bft INFO Current Block's TPS at Node 52: 237.5639892483926 
2023-03-10 09:58:15,161 dumbo.py [line:217] run_bft INFO Node 52 Delivers ACS Block in Round 16 with having 3354 TXs 
2023-03-10 09:58:15,161 dumbo.py [line:219] run_bft INFO ACS Block Delay at Node 52: 13.873580932617188 
2023-03-10 09:58:15,161 dumbo.py [line:220] run_bft INFO Current Block's TPS at Node 52: 241.7544551972627 
2023-03-10 09:58:29,250 dumbo.py [line:217] run_bft INFO Node 52 Delivers ACS Block in Round 17 with having 3354 TXs 
2023-03-10 09:58:29,251 dumbo.py [line:219] run_bft INFO ACS Block Delay at Node 52: 14.089292526245117 
2023-03-10 09:58:29,251 dumbo.py [line:220] run_bft INFO Current Block's TPS at Node 52: 238.05311684403372 
2023-03-10 09:58:43,251 dumbo.py [line:217] run_bft INFO Node 52 Delivers ACS Block in Round 18 with having 3354 TXs 
2023-03-10 09:58:43,251 dumbo.py [line:219] run_bft INFO ACS Block Delay at Node 52: 13.999995231628418 
2023-03-10 09:58:43,251 dumbo.py [line:220] run_bft INFO Current Block's TPS at Node 52: 239.57151016899863 
2023-03-10 09:58:57,385 dumbo.py [line:217] run_bft INFO Node 52 Delivers ACS Block in Round 19 with having 3354 TXs 
2023-03-10 09:58:57,385 dumbo.py [line:219] run_bft INFO ACS Block Delay at Node 52: 14.134555339813232 
2023-03-10 09:58:57,385 dumbo.py [line:220] run_bft INFO Current Block's TPS at Node 52: 237.29080394575172 
2023-03-10 09:59:11,492 dumbo.py [line:217] run_bft INFO Node 52 Delivers ACS Block in Round 20 with having 3354 TXs 
2023-03-10 09:59:11,493 dumbo.py [line:219] run_bft INFO ACS Block Delay at Node 52: 14.107229232788086 
2023-03-10 09:59:11,493 dumbo.py [line:220] run_bft INFO Current Block's TPS at Node 52: 237.75044302850188 
2023-03-10 09:59:25,492 dumbo.py [line:217] run_bft INFO Node 52 Delivers ACS Block in Round 21 with having 3354 TXs 
2023-03-10 09:59:25,493 dumbo.py [line:219] run_bft INFO ACS Block Delay at Node 52: 13.999786615371704 
2023-03-10 09:59:25,493 dumbo.py [line:220] run_bft INFO Current Block's TPS at Node 52: 239.5750801171014 
2023-03-10 09:59:39,693 dumbo.py [line:217] run_bft INFO Node 52 Delivers ACS Block in Round 22 with having 3354 TXs 
2023-03-10 09:59:39,693 dumbo.py [line:219] run_bft INFO ACS Block Delay at Node 52: 14.200583457946777 
2023-03-10 09:59:39,693 dumbo.py [line:220] run_bft INFO Current Block's TPS at Node 52: 236.18747848864413 
2023-03-10 09:59:53,755 dumbo.py [line:217] run_bft INFO Node 52 Delivers ACS Block in Round 23 with having 3354 TXs 
2023-03-10 09:59:53,755 dumbo.py [line:219] run_bft INFO ACS Block Delay at Node 52: 14.061715126037598 
2023-03-10 09:59:53,755 dumbo.py [line:220] run_bft INFO Current Block's TPS at Node 52: 238.51997924417574 
2023-03-10 10:00:07,773 dumbo.py [line:217] run_bft INFO Node 52 Delivers ACS Block in Round 24 with having 3354 TXs 
2023-03-10 10:00:07,773 dumbo.py [line:219] run_bft INFO ACS Block Delay at Node 52: 14.018354892730713 
2023-03-10 10:00:07,773 dumbo.py [line:220] run_bft INFO Current Block's TPS at Node 52: 239.25774640926184 
2023-03-10 10:00:21,866 dumbo.py [line:217] run_bft INFO Node 52 Delivers ACS Block in Round 25 with having 3354 TXs 
2023-03-10 10:00:21,866 dumbo.py [line:219] run_bft INFO ACS Block Delay at Node 52: 14.092686414718628 
2023-03-10 10:00:21,866 dumbo.py [line:220] run_bft INFO Current Block's TPS at Node 52: 237.99578741048467 
2023-03-10 10:00:35,915 dumbo.py [line:217] run_bft INFO Node 52 Delivers ACS Block in Round 26 with having 3354 TXs 
2023-03-10 10:00:35,915 dumbo.py [line:219] run_bft INFO ACS Block Delay at Node 52: 14.0488600730896 
2023-03-10 10:00:35,915 dumbo.py [line:220] run_bft INFO Current Block's TPS at Node 52: 238.73823089921305 
2023-03-10 10:00:50,074 dumbo.py [line:217] run_bft INFO Node 52 Delivers ACS Block in Round 27 with having 3354 TXs 
2023-03-10 10:00:50,075 dumbo.py [line:219] run_bft INFO ACS Block Delay at Node 52: 14.159466981887817 
2023-03-10 10:00:50,075 dumbo.py [line:220] run_bft INFO Current Block's TPS at Node 52: 236.87332328895522 
2023-03-10 10:01:04,059 dumbo.py [line:217] run_bft INFO Node 52 Delivers ACS Block in Round 28 with having 3354 TXs 
2023-03-10 10:01:04,060 dumbo.py [line:219] run_bft INFO ACS Block Delay at Node 52: 13.984914302825928 
2023-03-10 10:01:04,060 dumbo.py [line:220] run_bft INFO Current Block's TPS at Node 52: 239.8298571856288 
2023-03-10 10:01:18,150 dumbo.py [line:217] run_bft INFO Node 52 Delivers ACS Block in Round 29 with having 3354 TXs 
2023-03-10 10:01:18,150 dumbo.py [line:219] run_bft INFO ACS Block Delay at Node 52: 14.09073519706726 
2023-03-10 10:01:18,150 dumbo.py [line:220] run_bft INFO Current Block's TPS at Node 52: 238.0287439294208 
2023-03-10 10:01:32,199 dumbo.py [line:217] run_bft INFO Node 52 Delivers ACS Block in Round 30 with having 3354 TXs 
2023-03-10 10:01:32,199 dumbo.py [line:219] run_bft INFO ACS Block Delay at Node 52: 14.048789501190186 
2023-03-10 10:01:32,199 dumbo.py [line:220] run_bft INFO Current Block's TPS at Node 52: 238.73943016342125 
2023-03-10 10:01:46,385 dumbo.py [line:217] run_bft INFO Node 52 Delivers ACS Block in Round 31 with having 3354 TXs 
2023-03-10 10:01:46,386 dumbo.py [line:219] run_bft INFO ACS Block Delay at Node 52: 14.186245441436768 
2023-03-10 10:01:46,386 dumbo.py [line:220] run_bft INFO Current Block's TPS at Node 52: 236.42619281090842 
2023-03-10 10:02:00,529 dumbo.py [line:217] run_bft INFO Node 52 Delivers ACS Block in Round 32 with having 3354 TXs 
2023-03-10 10:02:00,529 dumbo.py [line:219] run_bft INFO ACS Block Delay at Node 52: 14.143767595291138 
2023-03-10 10:02:00,529 dumbo.py [line:220] run_bft INFO Current Block's TPS at Node 52: 237.13624940476552 
2023-03-10 10:02:14,673 dumbo.py [line:217] run_bft INFO Node 52 Delivers ACS Block in Round 33 with having 3354 TXs 
2023-03-10 10:02:14,673 dumbo.py [line:219] run_bft INFO ACS Block Delay at Node 52: 14.143893957138062 
2023-03-10 10:02:14,673 dumbo.py [line:220] run_bft INFO Current Block's TPS at Node 52: 237.13413082451189 
2023-03-10 10:02:28,746 dumbo.py [line:217] run_bft INFO Node 52 Delivers ACS Block in Round 34 with having 3354 TXs 
2023-03-10 10:02:28,747 dumbo.py [line:219] run_bft INFO ACS Block Delay at Node 52: 14.073145389556885 
2023-03-10 10:02:28,747 dumbo.py [line:220] run_bft INFO Current Block's TPS at Node 52: 238.3262523876765 
2023-03-10 10:02:42,923 dumbo.py [line:217] run_bft INFO Node 52 Delivers ACS Block in Round 35 with having 3354 TXs 
2023-03-10 10:02:42,923 dumbo.py [line:219] run_bft INFO ACS Block Delay at Node 52: 14.176376581192017 
2023-03-10 10:02:42,923 dumbo.py [line:220] run_bft INFO Current Block's TPS at Node 52: 236.59078049956682 
2023-03-10 10:02:56,992 dumbo.py [line:217] run_bft INFO Node 52 Delivers ACS Block in Round 36 with having 3354 TXs 
2023-03-10 10:02:56,992 dumbo.py [line:219] run_bft INFO ACS Block Delay at Node 52: 14.06862187385559 
2023-03-10 10:02:56,992 dumbo.py [line:220] run_bft INFO Current Block's TPS at Node 52: 238.40288196478593 
2023-03-10 10:03:11,084 dumbo.py [line:217] run_bft INFO Node 52 Delivers ACS Block in Round 37 with having 3354 TXs 
2023-03-10 10:03:11,085 dumbo.py [line:219] run_bft INFO ACS Block Delay at Node 52: 14.092711925506592 
2023-03-10 10:03:11,085 dumbo.py [line:220] run_bft INFO Current Block's TPS at Node 52: 237.9953565877941 
2023-03-10 10:03:25,208 dumbo.py [line:217] run_bft INFO Node 52 Delivers ACS Block in Round 38 with having 3354 TXs 
2023-03-10 10:03:25,208 dumbo.py [line:219] run_bft INFO ACS Block Delay at Node 52: 14.123292207717896 
2023-03-10 10:03:25,208 dumbo.py [line:220] run_bft INFO Current Block's TPS at Node 52: 237.48004011183411 
2023-03-10 10:03:39,249 dumbo.py [line:217] run_bft INFO Node 52 Delivers ACS Block in Round 39 with having 3354 TXs 
2023-03-10 10:03:39,250 dumbo.py [line:219] run_bft INFO ACS Block Delay at Node 52: 14.041749238967896 
2023-03-10 10:03:39,250 dumbo.py [line:220] run_bft INFO Current Block's TPS at Node 52: 238.85912950874828 
2023-03-10 10:03:53,341 dumbo.py [line:217] run_bft INFO Node 52 Delivers ACS Block in Round 40 with having 3354 TXs 
2023-03-10 10:03:53,341 dumbo.py [line:219] run_bft INFO ACS Block Delay at Node 52: 14.091410636901855 
2023-03-10 10:03:53,341 dumbo.py [line:220] run_bft INFO Current Block's TPS at Node 52: 238.0173345610069 
2023-03-10 10:04:07,158 dumbo.py [line:217] run_bft INFO Node 52 Delivers ACS Block in Round 41 with having 3354 TXs 
2023-03-10 10:04:07,158 dumbo.py [line:219] run_bft INFO ACS Block Delay at Node 52: 13.816535234451294 
2023-03-10 10:04:07,158 dumbo.py [line:220] run_bft INFO Current Block's TPS at Node 52: 242.75261077298586 
2023-03-10 10:04:21,184 dumbo.py [line:217] run_bft INFO Node 52 Delivers ACS Block in Round 42 with having 3354 TXs 
2023-03-10 10:04:21,184 dumbo.py [line:219] run_bft INFO ACS Block Delay at Node 52: 14.026319980621338 
2023-03-10 10:04:21,184 dumbo.py [line:220] run_bft INFO Current Block's TPS at Node 52: 239.12187976845402 
2023-03-10 10:04:35,004 dumbo.py [line:217] run_bft INFO Node 52 Delivers ACS Block in Round 43 with having 3354 TXs 
2023-03-10 10:04:35,004 dumbo.py [line:219] run_bft INFO ACS Block Delay at Node 52: 13.819658756256104 
2023-03-10 10:04:35,004 dumbo.py [line:220] run_bft INFO Current Block's TPS at Node 52: 242.69774378340983 
2023-03-10 10:04:49,014 dumbo.py [line:217] run_bft INFO Node 52 Delivers ACS Block in Round 44 with having 3354 TXs 
2023-03-10 10:04:49,015 dumbo.py [line:219] run_bft INFO ACS Block Delay at Node 52: 14.010602235794067 
2023-03-10 10:04:49,015 dumbo.py [line:220] run_bft INFO Current Block's TPS at Node 52: 239.39013780801324 
2023-03-10 10:05:02,995 dumbo.py [line:217] run_bft INFO Node 52 Delivers ACS Block in Round 45 with having 3354 TXs 
2023-03-10 10:05:02,995 dumbo.py [line:219] run_bft INFO ACS Block Delay at Node 52: 13.980068922042847 
2023-03-10 10:05:02,995 dumbo.py [line:220] run_bft INFO Current Block's TPS at Node 52: 239.91298030810384 
2023-03-10 10:05:17,057 dumbo.py [line:217] run_bft INFO Node 52 Delivers ACS Block in Round 46 with having 3354 TXs 
2023-03-10 10:05:17,057 dumbo.py [line:219] run_bft INFO ACS Block Delay at Node 52: 14.062038660049438 
2023-03-10 10:05:17,057 dumbo.py [line:220] run_bft INFO Current Block's TPS at Node 52: 238.51449146764102 
2023-03-10 10:05:31,084 dumbo.py [line:217] run_bft INFO Node 52 Delivers ACS Block in Round 47 with having 3354 TXs 
2023-03-10 10:05:31,084 dumbo.py [line:219] run_bft INFO ACS Block Delay at Node 52: 14.026732206344604 
2023-03-10 10:05:31,084 dumbo.py [line:220] run_bft INFO Current Block's TPS at Node 52: 239.114852316273 
2023-03-10 10:05:45,229 dumbo.py [line:217] run_bft INFO Node 52 Delivers ACS Block in Round 48 with having 3354 TXs 
2023-03-10 10:05:45,229 dumbo.py [line:219] run_bft INFO ACS Block Delay at Node 52: 14.145135879516602 
2023-03-10 10:05:45,229 dumbo.py [line:220] run_bft INFO Current Block's TPS at Node 52: 237.11331079236123 
2023-03-10 10:05:59,283 dumbo.py [line:217] run_bft INFO Node 52 Delivers ACS Block in Round 49 with having 3354 TXs 
2023-03-10 10:05:59,283 dumbo.py [line:219] run_bft INFO ACS Block Delay at Node 52: 14.054318189620972 
2023-03-10 10:05:59,283 dumbo.py [line:220] run_bft INFO Current Block's TPS at Node 52: 238.64551483379026 
2023-03-10 10:06:13,375 dumbo.py [line:217] run_bft INFO Node 52 Delivers ACS Block in Round 50 with having 3354 TXs 
2023-03-10 10:06:13,376 dumbo.py [line:219] run_bft INFO ACS Block Delay at Node 52: 14.09218430519104 
2023-03-10 10:06:13,376 dumbo.py [line:220] run_bft INFO Current Block's TPS at Node 52: 238.00426728484598 
2023-03-10 10:06:27,388 dumbo.py [line:217] run_bft INFO Node 52 Delivers ACS Block in Round 51 with having 3354 TXs 
2023-03-10 10:06:27,388 dumbo.py [line:219] run_bft INFO ACS Block Delay at Node 52: 14.012354135513306 
2023-03-10 10:06:27,388 dumbo.py [line:220] run_bft INFO Current Block's TPS at Node 52: 239.36020796816203 
2023-03-10 10:06:41,313 dumbo.py [line:217] run_bft INFO Node 52 Delivers ACS Block in Round 52 with having 3354 TXs 
2023-03-10 10:06:41,313 dumbo.py [line:219] run_bft INFO ACS Block Delay at Node 52: 13.92483639717102 
2023-03-10 10:06:41,313 dumbo.py [line:220] run_bft INFO Current Block's TPS at Node 52: 240.8645893090278 
2023-03-10 10:06:55,470 dumbo.py [line:217] run_bft INFO Node 52 Delivers ACS Block in Round 53 with having 3354 TXs 
2023-03-10 10:06:55,470 dumbo.py [line:219] run_bft INFO ACS Block Delay at Node 52: 14.157438039779663 
2023-03-10 10:06:55,470 dumbo.py [line:220] run_bft INFO Current Block's TPS at Node 52: 236.9072702685266 
2023-03-10 10:07:09,373 dumbo.py [line:217] run_bft INFO Node 52 Delivers ACS Block in Round 54 with having 3354 TXs 
2023-03-10 10:07:09,374 dumbo.py [line:219] run_bft INFO ACS Block Delay at Node 52: 13.90313982963562 
2023-03-10 10:07:09,374 dumbo.py [line:220] run_bft INFO Current Block's TPS at Node 52: 241.24047093669367 
2023-03-10 10:07:23,578 dumbo.py [line:217] run_bft INFO Node 52 Delivers ACS Block in Round 55 with having 3354 TXs 
2023-03-10 10:07:23,578 dumbo.py [line:219] run_bft INFO ACS Block Delay at Node 52: 14.204221487045288 
2023-03-10 10:07:23,578 dumbo.py [line:220] run_bft INFO Current Block's TPS at Node 52: 236.1269854218309 
2023-03-10 10:07:37,728 dumbo.py [line:217] run_bft INFO Node 52 Delivers ACS Block in Round 56 with having 3354 TXs 
2023-03-10 10:07:37,728 dumbo.py [line:219] run_bft INFO ACS Block Delay at Node 52: 14.149941205978394 
2023-03-10 10:07:37,728 dumbo.py [line:220] run_bft INFO Current Block's TPS at Node 52: 237.03278700429686 
2023-03-10 10:07:52,011 dumbo.py [line:217] run_bft INFO Node 52 Delivers ACS Block in Round 57 with having 3354 TXs 
2023-03-10 10:07:52,011 dumbo.py [line:219] run_bft INFO ACS Block Delay at Node 52: 14.282727479934692 
2023-03-10 10:07:52,011 dumbo.py [line:220] run_bft INFO Current Block's TPS at Node 52: 234.82909722333625 
2023-03-10 10:08:05,929 dumbo.py [line:217] run_bft INFO Node 52 Delivers ACS Block in Round 58 with having 3354 TXs 
2023-03-10 10:08:05,929 dumbo.py [line:219] run_bft INFO ACS Block Delay at Node 52: 13.917954683303833 
2023-03-10 10:08:05,929 dumbo.py [line:220] run_bft INFO Current Block's TPS at Node 52: 240.98368447940874 
2023-03-10 10:08:20,015 dumbo.py [line:217] run_bft INFO Node 52 Delivers ACS Block in Round 59 with having 3354 TXs 
2023-03-10 10:08:20,015 dumbo.py [line:219] run_bft INFO ACS Block Delay at Node 52: 14.086197853088379 
2023-03-10 10:08:20,015 dumbo.py [line:220] run_bft INFO Current Block's TPS at Node 52: 238.10541602357517 
2023-03-10 10:08:34,008 dumbo.py [line:217] run_bft INFO Node 52 Delivers ACS Block in Round 60 with having 3354 TXs 
2023-03-10 10:08:34,009 dumbo.py [line:219] run_bft INFO ACS Block Delay at Node 52: 13.993466138839722 
2023-03-10 10:08:34,009 dumbo.py [line:220] run_bft INFO Current Block's TPS at Node 52: 239.68328980986118 
2023-03-10 10:08:48,058 dumbo.py [line:217] run_bft INFO Node 52 Delivers ACS Block in Round 61 with having 3354 TXs 
2023-03-10 10:08:48,059 dumbo.py [line:219] run_bft INFO ACS Block Delay at Node 52: 14.049964904785156 
2023-03-10 10:08:48,059 dumbo.py [line:220] run_bft INFO Current Block's TPS at Node 52: 238.71945750253727 
2023-03-10 10:09:02,020 dumbo.py [line:217] run_bft INFO Node 52 Delivers ACS Block in Round 62 with having 3354 TXs 
2023-03-10 10:09:02,020 dumbo.py [line:219] run_bft INFO ACS Block Delay at Node 52: 13.96166706085205 
2023-03-10 10:09:02,020 dumbo.py [line:220] run_bft INFO Current Block's TPS at Node 52: 240.2291922147664 
2023-03-10 10:09:16,156 dumbo.py [line:217] run_bft INFO Node 52 Delivers ACS Block in Round 63 with having 3354 TXs 
2023-03-10 10:09:16,156 dumbo.py [line:219] run_bft INFO ACS Block Delay at Node 52: 14.135839462280273 
2023-03-10 10:09:16,156 dumbo.py [line:220] run_bft INFO Current Block's TPS at Node 52: 237.26924806621716 
2023-03-10 10:09:30,451 dumbo.py [line:217] run_bft INFO Node 52 Delivers ACS Block in Round 64 with having 3354 TXs 
2023-03-10 10:09:30,451 dumbo.py [line:219] run_bft INFO ACS Block Delay at Node 52: 14.294559955596924 
2023-03-10 10:09:30,451 dumbo.py [line:220] run_bft INFO Current Block's TPS at Node 52: 234.63471491382057 
2023-03-10 10:09:44,355 dumbo.py [line:217] run_bft INFO Node 52 Delivers ACS Block in Round 65 with having 3354 TXs 
2023-03-10 10:09:44,355 dumbo.py [line:219] run_bft INFO ACS Block Delay at Node 52: 13.904173374176025 
2023-03-10 10:09:44,355 dumbo.py [line:220] run_bft INFO Current Block's TPS at Node 52: 241.22253871124224 
2023-03-10 10:09:58,532 dumbo.py [line:217] run_bft INFO Node 52 Delivers ACS Block in Round 66 with having 3354 TXs 
2023-03-10 10:09:58,533 dumbo.py [line:219] run_bft INFO ACS Block Delay at Node 52: 14.177314758300781 
2023-03-10 10:09:58,533 dumbo.py [line:220] run_bft INFO Current Block's TPS at Node 52: 236.57512421639942 
2023-03-10 10:10:12,656 dumbo.py [line:217] run_bft INFO Node 52 Delivers ACS Block in Round 67 with having 3354 TXs 
2023-03-10 10:10:12,656 dumbo.py [line:219] run_bft INFO ACS Block Delay at Node 52: 14.123284339904785 
2023-03-10 10:10:12,656 dumbo.py [line:220] run_bft INFO Current Block's TPS at Node 52: 237.4801724074481 
2023-03-10 10:10:26,706 dumbo.py [line:217] run_bft INFO Node 52 Delivers ACS Block in Round 68 with having 3354 TXs 
2023-03-10 10:10:26,706 dumbo.py [line:219] run_bft INFO ACS Block Delay at Node 52: 14.049842119216919 
2023-03-10 10:10:26,706 dumbo.py [line:220] run_bft INFO Current Block's TPS at Node 52: 238.72154373980527 
2023-03-10 10:10:40,827 dumbo.py [line:217] run_bft INFO Node 52 Delivers ACS Block in Round 69 with having 3354 TXs 
2023-03-10 10:10:40,827 dumbo.py [line:219] run_bft INFO ACS Block Delay at Node 52: 14.121005058288574 
2023-03-10 10:10:40,827 dumbo.py [line:220] run_bft INFO Current Block's TPS at Node 52: 237.51850425344267 
2023-03-10 10:10:54,959 dumbo.py [line:217] run_bft INFO Node 52 Delivers ACS Block in Round 70 with having 3354 TXs 
2023-03-10 10:10:54,959 dumbo.py [line:219] run_bft INFO ACS Block Delay at Node 52: 14.131733417510986 
2023-03-10 10:10:54,959 dumbo.py [line:220] run_bft INFO Current Block's TPS at Node 52: 237.3381878152311 
2023-03-10 10:11:09,059 dumbo.py [line:217] run_bft INFO Node 52 Delivers ACS Block in Round 71 with having 3354 TXs 
2023-03-10 10:11:09,059 dumbo.py [line:219] run_bft INFO ACS Block Delay at Node 52: 14.099945306777954 
2023-03-10 10:11:09,059 dumbo.py [line:220] run_bft INFO Current Block's TPS at Node 52: 237.87326312448218 
2023-03-10 10:11:23,110 dumbo.py [line:217] run_bft INFO Node 52 Delivers ACS Block in Round 72 with having 3354 TXs 
2023-03-10 10:11:23,110 dumbo.py [line:219] run_bft INFO ACS Block Delay at Node 52: 14.050927639007568 
2023-03-10 10:11:23,110 dumbo.py [line:220] run_bft INFO Current Block's TPS at Node 52: 238.7031010457112 
2023-03-10 10:11:37,152 dumbo.py [line:217] run_bft INFO Node 52 Delivers ACS Block in Round 73 with having 3354 TXs 
2023-03-10 10:11:37,152 dumbo.py [line:219] run_bft INFO ACS Block Delay at Node 52: 14.042216539382935 
2023-03-10 10:11:37,152 dumbo.py [line:220] run_bft INFO Current Block's TPS at Node 52: 238.85118069453918 
2023-03-10 10:11:51,315 dumbo.py [line:217] run_bft INFO Node 52 Delivers ACS Block in Round 74 with having 3354 TXs 
2023-03-10 10:11:51,315 dumbo.py [line:219] run_bft INFO ACS Block Delay at Node 52: 14.16299557685852 
2023-03-10 10:11:51,315 dumbo.py [line:220] run_bft INFO Current Block's TPS at Node 52: 236.81430823012002 
2023-03-10 10:12:05,474 dumbo.py [line:217] run_bft INFO Node 52 Delivers ACS Block in Round 75 with having 3354 TXs 
2023-03-10 10:12:05,474 dumbo.py [line:219] run_bft INFO ACS Block Delay at Node 52: 14.159090280532837 
2023-03-10 10:12:05,474 dumbo.py [line:220] run_bft INFO Current Block's TPS at Node 52: 236.87962528294452 
2023-03-10 10:12:19,537 dumbo.py [line:217] run_bft INFO Node 52 Delivers ACS Block in Round 76 with having 3354 TXs 
2023-03-10 10:12:19,537 dumbo.py [line:219] run_bft INFO ACS Block Delay at Node 52: 14.062311887741089 
2023-03-10 10:12:19,537 dumbo.py [line:220] run_bft INFO Current Block's TPS at Node 52: 238.50985718243606 
2023-03-10 10:12:33,514 dumbo.py [line:217] run_bft INFO Node 52 Delivers ACS Block in Round 77 with having 3354 TXs 
2023-03-10 10:12:33,514 dumbo.py [line:219] run_bft INFO ACS Block Delay at Node 52: 13.977323293685913 
2023-03-10 10:12:33,514 dumbo.py [line:220] run_bft INFO Current Block's TPS at Node 52: 239.96010749176338 
2023-03-10 10:12:47,655 dumbo.py [line:217] run_bft INFO Node 52 Delivers ACS Block in Round 78 with having 3354 TXs 
2023-03-10 10:12:47,655 dumbo.py [line:219] run_bft INFO ACS Block Delay at Node 52: 14.140815258026123 
2023-03-10 10:12:47,655 dumbo.py [line:220] run_bft INFO Current Block's TPS at Node 52: 237.18575901034546 
2023-03-10 10:13:01,729 dumbo.py [line:217] run_bft INFO Node 52 Delivers ACS Block in Round 79 with having 3354 TXs 
2023-03-10 10:13:01,730 dumbo.py [line:219] run_bft INFO ACS Block Delay at Node 52: 14.074448823928833 
2023-03-10 10:13:01,730 dumbo.py [line:220] run_bft INFO Current Block's TPS at Node 52: 238.3041809990924 
2023-03-10 10:13:15,889 dumbo.py [line:217] run_bft INFO Node 52 Delivers ACS Block in Round 80 with having 3354 TXs 
2023-03-10 10:13:15,889 dumbo.py [line:219] run_bft INFO ACS Block Delay at Node 52: 14.159604549407959 
2023-03-10 10:13:15,889 dumbo.py [line:220] run_bft INFO Current Block's TPS at Node 52: 236.87102194815444 
2023-03-10 10:13:29,784 dumbo.py [line:217] run_bft INFO Node 52 Delivers ACS Block in Round 81 with having 3354 TXs 
2023-03-10 10:13:29,784 dumbo.py [line:219] run_bft INFO ACS Block Delay at Node 52: 13.894836664199829 
2023-03-10 10:13:29,784 dumbo.py [line:220] run_bft INFO Current Block's TPS at Node 52: 241.38462948914045 
2023-03-10 10:13:43,966 dumbo.py [line:217] run_bft INFO Node 52 Delivers ACS Block in Round 82 with having 3354 TXs 
2023-03-10 10:13:43,966 dumbo.py [line:219] run_bft INFO ACS Block Delay at Node 52: 14.181498289108276 
2023-03-10 10:13:43,966 dumbo.py [line:220] run_bft INFO Current Block's TPS at Node 52: 236.50533474138982 
2023-03-10 10:13:58,039 dumbo.py [line:217] run_bft INFO Node 52 Delivers ACS Block in Round 83 with having 3354 TXs 
2023-03-10 10:13:58,039 dumbo.py [line:219] run_bft INFO ACS Block Delay at Node 52: 14.073119163513184 
2023-03-10 10:13:58,039 dumbo.py [line:220] run_bft INFO Current Block's TPS at Node 52: 238.326696521961 
2023-03-10 10:14:12,202 dumbo.py [line:217] run_bft INFO Node 52 Delivers ACS Block in Round 84 with having 3354 TXs 
2023-03-10 10:14:12,202 dumbo.py [line:219] run_bft INFO ACS Block Delay at Node 52: 14.163202285766602 
2023-03-10 10:14:12,202 dumbo.py [line:220] run_bft INFO Current Block's TPS at Node 52: 236.81085197594214 
2023-03-10 10:14:26,391 dumbo.py [line:217] run_bft INFO Node 52 Delivers ACS Block in Round 85 with having 3354 TXs 
2023-03-10 10:14:26,391 dumbo.py [line:219] run_bft INFO ACS Block Delay at Node 52: 14.188651323318481 
2023-03-10 10:14:26,391 dumbo.py [line:220] run_bft INFO Current Block's TPS at Node 52: 236.38610348312915 
2023-03-10 10:14:40,415 dumbo.py [line:217] run_bft INFO Node 52 Delivers ACS Block in Round 86 with having 3354 TXs 
2023-03-10 10:14:40,415 dumbo.py [line:219] run_bft INFO ACS Block Delay at Node 52: 14.024269342422485 
2023-03-10 10:14:40,415 dumbo.py [line:220] run_bft INFO Current Block's TPS at Node 52: 239.15684433230132 
2023-03-10 10:14:54,586 dumbo.py [line:217] run_bft INFO Node 52 Delivers ACS Block in Round 87 with having 3354 TXs 
2023-03-10 10:14:54,586 dumbo.py [line:219] run_bft INFO ACS Block Delay at Node 52: 14.171006679534912 
2023-03-10 10:14:54,586 dumbo.py [line:220] run_bft INFO Current Block's TPS at Node 52: 236.68043321464847 
2023-03-10 10:15:08,610 dumbo.py [line:217] run_bft INFO Node 52 Delivers ACS Block in Round 88 with having 3354 TXs 
2023-03-10 10:15:08,611 dumbo.py [line:219] run_bft INFO ACS Block Delay at Node 52: 14.024148225784302 
2023-03-10 10:15:08,611 dumbo.py [line:220] run_bft INFO Current Block's TPS at Node 52: 239.15890976062664 
2023-03-10 10:15:22,817 dumbo.py [line:217] run_bft INFO Node 52 Delivers ACS Block in Round 89 with having 3354 TXs 
2023-03-10 10:15:22,817 dumbo.py [line:219] run_bft INFO ACS Block Delay at Node 52: 14.206712245941162 
2023-03-10 10:15:22,818 dumbo.py [line:220] run_bft INFO Current Block's TPS at Node 52: 236.0855870054124 
2023-03-10 10:15:36,879 dumbo.py [line:217] run_bft INFO Node 52 Delivers ACS Block in Round 90 with having 3354 TXs 
2023-03-10 10:15:36,880 dumbo.py [line:219] run_bft INFO ACS Block Delay at Node 52: 14.062004566192627 
2023-03-10 10:15:36,880 dumbo.py [line:220] run_bft INFO Current Block's TPS at Node 52: 238.51506975495997 
2023-03-10 10:15:51,011 dumbo.py [line:217] run_bft INFO Node 52 Delivers ACS Block in Round 91 with having 3354 TXs 
2023-03-10 10:15:51,011 dumbo.py [line:219] run_bft INFO ACS Block Delay at Node 52: 14.131428003311157 
2023-03-10 10:15:51,011 dumbo.py [line:220] run_bft INFO Current Block's TPS at Node 52: 237.34331726518502 
2023-03-10 10:16:04,939 dumbo.py [line:217] run_bft INFO Node 52 Delivers ACS Block in Round 92 with having 3354 TXs 
2023-03-10 10:16:04,940 dumbo.py [line:219] run_bft INFO ACS Block Delay at Node 52: 13.928389549255371 
2023-03-10 10:16:04,940 dumbo.py [line:220] run_bft INFO Current Block's TPS at Node 52: 240.80314440798426 
2023-03-10 10:16:19,048 dumbo.py [line:217] run_bft INFO Node 52 Delivers ACS Block in Round 93 with having 3354 TXs 
2023-03-10 10:16:19,048 dumbo.py [line:219] run_bft INFO ACS Block Delay at Node 52: 14.108418226242065 
2023-03-10 10:16:19,048 dumbo.py [line:220] run_bft INFO Current Block's TPS at Node 52: 237.73040650024558 
2023-03-10 10:16:33,059 dumbo.py [line:217] run_bft INFO Node 52 Delivers ACS Block in Round 94 with having 3354 TXs 
2023-03-10 10:16:33,059 dumbo.py [line:219] run_bft INFO ACS Block Delay at Node 52: 14.01138949394226 
2023-03-10 10:16:33,060 dumbo.py [line:220] run_bft INFO Current Block's TPS at Node 52: 239.3766871908087 
2023-03-10 10:16:47,241 dumbo.py [line:217] run_bft INFO Node 52 Delivers ACS Block in Round 95 with having 3354 TXs 
2023-03-10 10:16:47,241 dumbo.py [line:219] run_bft INFO ACS Block Delay at Node 52: 14.18116283416748 
2023-03-10 10:16:47,241 dumbo.py [line:220] run_bft INFO Current Block's TPS at Node 52: 236.51092926731067 
2023-03-10 10:17:01,324 dumbo.py [line:217] run_bft INFO Node 52 Delivers ACS Block in Round 96 with having 3354 TXs 
2023-03-10 10:17:01,325 dumbo.py [line:219] run_bft INFO ACS Block Delay at Node 52: 14.083755016326904 
2023-03-10 10:17:01,325 dumbo.py [line:220] run_bft INFO Current Block's TPS at Node 52: 238.14671556781565 
2023-03-10 10:17:15,520 dumbo.py [line:217] run_bft INFO Node 52 Delivers ACS Block in Round 97 with having 3354 TXs 
2023-03-10 10:17:15,520 dumbo.py [line:219] run_bft INFO ACS Block Delay at Node 52: 14.195455074310303 
2023-03-10 10:17:15,520 dumbo.py [line:220] run_bft INFO Current Block's TPS at Node 52: 236.27280579893326 
2023-03-10 10:17:29,701 dumbo.py [line:217] run_bft INFO Node 52 Delivers ACS Block in Round 98 with having 3354 TXs 
2023-03-10 10:17:29,701 dumbo.py [line:219] run_bft INFO ACS Block Delay at Node 52: 14.18114948272705 
2023-03-10 10:17:29,701 dumbo.py [line:220] run_bft INFO Current Block's TPS at Node 52: 236.51115194048586 
2023-03-10 10:17:43,904 dumbo.py [line:217] run_bft INFO Node 52 Delivers ACS Block in Round 99 with having 3354 TXs 
2023-03-10 10:17:43,904 dumbo.py [line:219] run_bft INFO ACS Block Delay at Node 52: 14.20278811454773 
2023-03-10 10:17:43,904 dumbo.py [line:220] run_bft INFO Current Block's TPS at Node 52: 236.1508158080977 
2023-03-10 10:17:43,904 dumbo.py [line:241] run_bft INFO node 52 breaks in 1407.572478 seconds with total delivered Txs 335400 
