2023-03-09 07:30:33,251 dumbo_node.py [line:77] run INFO node 40's starts to run consensus on process id 3962654 
2023-03-09 07:30:33,251 dumbo_node.py [line:59] prepare_bootstrap INFO node id 40 is inserting dummy payload TXs 
2023-03-09 07:30:33,252 dumbo_node.py [line:68] prepare_bootstrap INFO node id 40 just inserts 50000 TXs 
2023-03-09 07:30:33,252 dumbo_node.py [line:68] prepare_bootstrap INFO node id 40 just inserts 50000 TXs 
2023-03-09 07:30:33,252 dumbo_node.py [line:68] prepare_bootstrap INFO node id 40 just inserts 50000 TXs 
2023-03-09 07:30:33,252 dumbo_node.py [line:68] prepare_bootstrap INFO node id 40 just inserts 50000 TXs 
2023-03-09 07:30:33,252 dumbo_node.py [line:68] prepare_bootstrap INFO node id 40 just inserts 50000 TXs 
2023-03-09 07:30:33,253 dumbo_node.py [line:68] prepare_bootstrap INFO node id 40 just inserts 50000 TXs 
2023-03-09 07:30:33,253 dumbo_node.py [line:68] prepare_bootstrap INFO node id 40 just inserts 50000 TXs 
2023-03-09 07:30:33,253 dumbo_node.py [line:68] prepare_bootstrap INFO node id 40 just inserts 50000 TXs 
2023-03-09 07:30:33,253 dumbo_node.py [line:68] prepare_bootstrap INFO node id 40 just inserts 50000 TXs 
2023-03-09 07:30:33,253 dumbo_node.py [line:68] prepare_bootstrap INFO node id 40 just inserts 50000 TXs 
2023-03-09 07:30:33,253 dumbo_node.py [line:68] prepare_bootstrap INFO node id 40 just inserts 50000 TXs 
2023-03-09 07:30:33,253 dumbo_node.py [line:68] prepare_bootstrap INFO node id 40 just inserts 50000 TXs 
2023-03-09 07:30:33,254 dumbo_node.py [line:68] prepare_bootstrap INFO node id 40 just inserts 50000 TXs 
2023-03-09 07:30:33,254 dumbo_node.py [line:68] prepare_bootstrap INFO node id 40 just inserts 50000 TXs 
2023-03-09 07:30:33,254 dumbo_node.py [line:68] prepare_bootstrap INFO node id 40 just inserts 50000 TXs 
2023-03-09 07:30:33,254 dumbo_node.py [line:68] prepare_bootstrap INFO node id 40 just inserts 50000 TXs 
2023-03-09 07:30:33,254 dumbo_node.py [line:68] prepare_bootstrap INFO node id 40 just inserts 50000 TXs 
2023-03-09 07:30:33,254 dumbo_node.py [line:68] prepare_bootstrap INFO node id 40 just inserts 50000 TXs 
2023-03-09 07:30:33,254 dumbo_node.py [line:68] prepare_bootstrap INFO node id 40 just inserts 50000 TXs 
2023-03-09 07:30:33,255 dumbo_node.py [line:68] prepare_bootstrap INFO node id 40 just inserts 50000 TXs 
2023-03-09 07:30:33,255 dumbo_node.py [line:68] prepare_bootstrap INFO node id 40 just inserts 50000 TXs 
2023-03-09 07:30:33,255 dumbo_node.py [line:68] prepare_bootstrap INFO node id 40 just inserts 50000 TXs 
2023-03-09 07:30:33,255 dumbo_node.py [line:68] prepare_bootstrap INFO node id 40 just inserts 50000 TXs 
2023-03-09 07:30:33,255 dumbo_node.py [line:68] prepare_bootstrap INFO node id 40 just inserts 50000 TXs 
2023-03-09 07:30:33,255 dumbo_node.py [line:68] prepare_bootstrap INFO node id 40 just inserts 50000 TXs 
2023-03-09 07:30:33,255 dumbo_node.py [line:68] prepare_bootstrap INFO node id 40 just inserts 50000 TXs 
2023-03-09 07:30:33,256 dumbo_node.py [line:68] prepare_bootstrap INFO node id 40 just inserts 50000 TXs 
2023-03-09 07:30:33,256 dumbo_node.py [line:68] prepare_bootstrap INFO node id 40 just inserts 50000 TXs 
2023-03-09 07:30:33,256 dumbo_node.py [line:68] prepare_bootstrap INFO node id 40 just inserts 50000 TXs 
2023-03-09 07:30:33,256 dumbo_node.py [line:68] prepare_bootstrap INFO node id 40 just inserts 50000 TXs 
2023-03-09 07:30:33,256 dumbo_node.py [line:68] prepare_bootstrap INFO node id 40 just inserts 50000 TXs 
2023-03-09 07:30:33,256 dumbo_node.py [line:68] prepare_bootstrap INFO node id 40 just inserts 50000 TXs 
2023-03-09 07:30:33,256 dumbo_node.py [line:68] prepare_bootstrap INFO node id 40 just inserts 50000 TXs 
2023-03-09 07:30:33,257 dumbo_node.py [line:68] prepare_bootstrap INFO node id 40 just inserts 50000 TXs 
2023-03-09 07:30:33,257 dumbo_node.py [line:68] prepare_bootstrap INFO node id 40 just inserts 50000 TXs 
2023-03-09 07:30:33,257 dumbo_node.py [line:68] prepare_bootstrap INFO node id 40 just inserts 50000 TXs 
2023-03-09 07:30:33,257 dumbo_node.py [line:68] prepare_bootstrap INFO node id 40 just inserts 50000 TXs 
2023-03-09 07:30:33,257 dumbo_node.py [line:68] prepare_bootstrap INFO node id 40 just inserts 50000 TXs 
2023-03-09 07:30:33,257 dumbo_node.py [line:68] prepare_bootstrap INFO node id 40 just inserts 50000 TXs 
2023-03-09 07:30:33,257 dumbo_node.py [line:68] prepare_bootstrap INFO node id 40 just inserts 50000 TXs 
2023-03-09 07:30:33,258 dumbo_node.py [line:68] prepare_bootstrap INFO node id 40 just inserts 50000 TXs 
2023-03-09 07:30:33,258 dumbo_node.py [line:68] prepare_bootstrap INFO node id 40 just inserts 50000 TXs 
2023-03-09 07:30:33,258 dumbo_node.py [line:68] prepare_bootstrap INFO node id 40 just inserts 50000 TXs 
2023-03-09 07:30:33,258 dumbo_node.py [line:68] prepare_bootstrap INFO node id 40 just inserts 50000 TXs 
2023-03-09 07:30:33,258 dumbo_node.py [line:68] prepare_bootstrap INFO node id 40 just inserts 50000 TXs 
2023-03-09 07:30:33,258 dumbo_node.py [line:68] prepare_bootstrap INFO node id 40 just inserts 50000 TXs 
2023-03-09 07:30:33,259 dumbo_node.py [line:68] prepare_bootstrap INFO node id 40 just inserts 50000 TXs 
2023-03-09 07:30:33,259 dumbo_node.py [line:68] prepare_bootstrap INFO node id 40 just inserts 50000 TXs 
2023-03-09 07:30:33,259 dumbo_node.py [line:68] prepare_bootstrap INFO node id 40 just inserts 50000 TXs 
2023-03-09 07:30:33,259 dumbo_node.py [line:68] prepare_bootstrap INFO node id 40 just inserts 50000 TXs 
2023-03-09 07:30:33,259 dumbo_node.py [line:68] prepare_bootstrap INFO node id 40 just inserts 50000 TXs 
2023-03-09 07:30:33,259 dumbo_node.py [line:68] prepare_bootstrap INFO node id 40 just inserts 50000 TXs 
2023-03-09 07:30:33,259 dumbo_node.py [line:68] prepare_bootstrap INFO node id 40 just inserts 50000 TXs 
2023-03-09 07:30:33,259 dumbo_node.py [line:68] prepare_bootstrap INFO node id 40 just inserts 50000 TXs 
2023-03-09 07:30:33,259 dumbo_node.py [line:68] prepare_bootstrap INFO node id 40 just inserts 50000 TXs 
2023-03-09 07:30:33,259 dumbo_node.py [line:68] prepare_bootstrap INFO node id 40 just inserts 50000 TXs 
2023-03-09 07:30:33,260 dumbo_node.py [line:68] prepare_bootstrap INFO node id 40 just inserts 50000 TXs 
2023-03-09 07:30:33,260 dumbo_node.py [line:68] prepare_bootstrap INFO node id 40 just inserts 50000 TXs 
2023-03-09 07:30:33,260 dumbo_node.py [line:68] prepare_bootstrap INFO node id 40 just inserts 50000 TXs 
2023-03-09 07:30:33,260 dumbo_node.py [line:68] prepare_bootstrap INFO node id 40 just inserts 50000 TXs 
2023-03-09 07:30:33,260 dumbo_node.py [line:68] prepare_bootstrap INFO node id 40 just inserts 50000 TXs 
2023-03-09 07:30:33,260 dumbo_node.py [line:68] prepare_bootstrap INFO node id 40 just inserts 50000 TXs 
2023-03-09 07:30:33,260 dumbo_node.py [line:68] prepare_bootstrap INFO node id 40 just inserts 50000 TXs 
2023-03-09 07:30:33,260 dumbo_node.py [line:68] prepare_bootstrap INFO node id 40 just inserts 50000 TXs 
2023-03-09 07:30:33,260 dumbo_node.py [line:68] prepare_bootstrap INFO node id 40 just inserts 50000 TXs 
2023-03-09 07:30:33,260 dumbo_node.py [line:68] prepare_bootstrap INFO node id 40 just inserts 50000 TXs 
2023-03-09 07:30:33,260 dumbo_node.py [line:68] prepare_bootstrap INFO node id 40 just inserts 50000 TXs 
2023-03-09 07:30:33,261 dumbo_node.py [line:68] prepare_bootstrap INFO node id 40 just inserts 50000 TXs 
2023-03-09 07:30:33,261 dumbo_node.py [line:68] prepare_bootstrap INFO node id 40 just inserts 50000 TXs 
2023-03-09 07:30:33,261 dumbo_node.py [line:68] prepare_bootstrap INFO node id 40 just inserts 50000 TXs 
2023-03-09 07:30:33,261 dumbo_node.py [line:68] prepare_bootstrap INFO node id 40 just inserts 50000 TXs 
2023-03-09 07:30:33,261 dumbo_node.py [line:68] prepare_bootstrap INFO node id 40 just inserts 50000 TXs 
2023-03-09 07:30:33,261 dumbo_node.py [line:68] prepare_bootstrap INFO node id 40 just inserts 50000 TXs 
2023-03-09 07:30:33,261 dumbo_node.py [line:68] prepare_bootstrap INFO node id 40 just inserts 50000 TXs 
2023-03-09 07:30:33,261 dumbo_node.py [line:68] prepare_bootstrap INFO node id 40 just inserts 50000 TXs 
2023-03-09 07:30:33,261 dumbo_node.py [line:68] prepare_bootstrap INFO node id 40 just inserts 50000 TXs 
2023-03-09 07:30:33,261 dumbo_node.py [line:68] prepare_bootstrap INFO node id 40 just inserts 50000 TXs 
2023-03-09 07:30:33,262 dumbo_node.py [line:68] prepare_bootstrap INFO node id 40 just inserts 50000 TXs 
2023-03-09 07:30:33,262 dumbo_node.py [line:68] prepare_bootstrap INFO node id 40 just inserts 50000 TXs 
2023-03-09 07:30:33,262 dumbo_node.py [line:68] prepare_bootstrap INFO node id 40 just inserts 50000 TXs 
2023-03-09 07:30:33,262 dumbo_node.py [line:68] prepare_bootstrap INFO node id 40 just inserts 50000 TXs 
2023-03-09 07:30:33,262 dumbo_node.py [line:68] prepare_bootstrap INFO node id 40 just inserts 50000 TXs 
2023-03-09 07:30:33,262 dumbo_node.py [line:68] prepare_bootstrap INFO node id 40 just inserts 50000 TXs 
2023-03-09 07:30:33,262 dumbo_node.py [line:68] prepare_bootstrap INFO node id 40 just inserts 50000 TXs 
2023-03-09 07:30:33,262 dumbo_node.py [line:68] prepare_bootstrap INFO node id 40 just inserts 50000 TXs 
2023-03-09 07:30:33,262 dumbo_node.py [line:68] prepare_bootstrap INFO node id 40 just inserts 50000 TXs 
2023-03-09 07:30:33,263 dumbo_node.py [line:68] prepare_bootstrap INFO node id 40 just inserts 50000 TXs 
2023-03-09 07:30:33,263 dumbo_node.py [line:68] prepare_bootstrap INFO node id 40 just inserts 50000 TXs 
2023-03-09 07:30:33,263 dumbo_node.py [line:68] prepare_bootstrap INFO node id 40 just inserts 50000 TXs 
2023-03-09 07:30:33,263 dumbo_node.py [line:68] prepare_bootstrap INFO node id 40 just inserts 50000 TXs 
2023-03-09 07:30:33,263 dumbo_node.py [line:68] prepare_bootstrap INFO node id 40 just inserts 50000 TXs 
2023-03-09 07:30:33,263 dumbo_node.py [line:68] prepare_bootstrap INFO node id 40 just inserts 50000 TXs 
2023-03-09 07:30:33,263 dumbo_node.py [line:68] prepare_bootstrap INFO node id 40 just inserts 50000 TXs 
2023-03-09 07:30:33,263 dumbo_node.py [line:68] prepare_bootstrap INFO node id 40 just inserts 50000 TXs 
2023-03-09 07:30:33,263 dumbo_node.py [line:68] prepare_bootstrap INFO node id 40 just inserts 50000 TXs 
2023-03-09 07:30:33,263 dumbo_node.py [line:68] prepare_bootstrap INFO node id 40 just inserts 50000 TXs 
2023-03-09 07:30:33,263 dumbo_node.py [line:68] prepare_bootstrap INFO node id 40 just inserts 50000 TXs 
2023-03-09 07:30:33,264 dumbo_node.py [line:68] prepare_bootstrap INFO node id 40 just inserts 50000 TXs 
2023-03-09 07:30:33,264 dumbo_node.py [line:68] prepare_bootstrap INFO node id 40 just inserts 50000 TXs 
2023-03-09 07:30:33,264 dumbo_node.py [line:68] prepare_bootstrap INFO node id 40 just inserts 50000 TXs 
2023-03-09 07:30:33,264 dumbo_node.py [line:72] prepare_bootstrap INFO node id 40 completed the loading of dummy TXs 
2023-03-09 07:30:33,264 dumbo.py [line:179] run_bft INFO Node 40 starts to run at time:1678347033.2644439 
2023-03-09 07:30:36,412 dumbo.py [line:217] run_bft INFO Node 40 Delivers ACS Block in Round 0 with having 3366 TXs 
2023-03-09 07:30:36,412 dumbo.py [line:219] run_bft INFO ACS Block Delay at Node 40: 3.1484720706939697 
2023-03-09 07:30:36,413 dumbo.py [line:220] run_bft INFO Current Block's TPS at Node 40: 1069.0899980758234 
2023-03-09 07:30:39,548 dumbo.py [line:217] run_bft INFO Node 40 Delivers ACS Block in Round 1 with having 3366 TXs 
2023-03-09 07:30:39,548 dumbo.py [line:219] run_bft INFO ACS Block Delay at Node 40: 3.135579824447632 
2023-03-09 07:30:39,548 dumbo.py [line:220] run_bft INFO Current Block's TPS at Node 40: 1073.4856672299707 
2023-03-09 07:30:42,835 dumbo.py [line:217] run_bft INFO Node 40 Delivers ACS Block in Round 2 with having 3366 TXs 
2023-03-09 07:30:42,836 dumbo.py [line:219] run_bft INFO ACS Block Delay at Node 40: 3.2874672412872314 
2023-03-09 07:30:42,836 dumbo.py [line:220] run_bft INFO Current Block's TPS at Node 40: 1023.8885296639545 
2023-03-09 07:30:45,859 dumbo.py [line:217] run_bft INFO Node 40 Delivers ACS Block in Round 3 with having 3366 TXs 
2023-03-09 07:30:45,859 dumbo.py [line:219] run_bft INFO ACS Block Delay at Node 40: 3.0237555503845215 
2023-03-09 07:30:45,860 dumbo.py [line:220] run_bft INFO Current Block's TPS at Node 40: 1113.1852241071394 
2023-03-09 07:30:49,134 dumbo.py [line:217] run_bft INFO Node 40 Delivers ACS Block in Round 4 with having 3366 TXs 
2023-03-09 07:30:49,134 dumbo.py [line:219] run_bft INFO ACS Block Delay at Node 40: 3.2742319107055664 
2023-03-09 07:30:49,134 dumbo.py [line:220] run_bft INFO Current Block's TPS at Node 40: 1028.027363912246 
2023-03-09 07:30:52,192 dumbo.py [line:217] run_bft INFO Node 40 Delivers ACS Block in Round 5 with having 3366 TXs 
2023-03-09 07:30:52,192 dumbo.py [line:219] run_bft INFO ACS Block Delay at Node 40: 3.0581533908843994 
2023-03-09 07:30:52,192 dumbo.py [line:220] run_bft INFO Current Block's TPS at Node 40: 1100.6642145659584 
2023-03-09 07:30:55,342 dumbo.py [line:217] run_bft INFO Node 40 Delivers ACS Block in Round 6 with having 3366 TXs 
2023-03-09 07:30:55,342 dumbo.py [line:219] run_bft INFO ACS Block Delay at Node 40: 3.14994740486145 
2023-03-09 07:30:55,342 dumbo.py [line:220] run_bft INFO Current Block's TPS at Node 40: 1068.5892706669026 
2023-03-09 07:30:58,472 dumbo.py [line:217] run_bft INFO Node 40 Delivers ACS Block in Round 7 with having 3366 TXs 
2023-03-09 07:30:58,472 dumbo.py [line:219] run_bft INFO ACS Block Delay at Node 40: 3.129680871963501 
2023-03-09 07:30:58,472 dumbo.py [line:220] run_bft INFO Current Block's TPS at Node 40: 1075.509017597771 
2023-03-09 07:31:01,607 dumbo.py [line:217] run_bft INFO Node 40 Delivers ACS Block in Round 8 with having 3366 TXs 
2023-03-09 07:31:01,607 dumbo.py [line:219] run_bft INFO ACS Block Delay at Node 40: 3.135197877883911 
2023-03-09 07:31:01,607 dumbo.py [line:220] run_bft INFO Current Block's TPS at Node 40: 1073.6164449919404 
2023-03-09 07:31:04,737 dumbo.py [line:217] run_bft INFO Node 40 Delivers ACS Block in Round 9 with having 3366 TXs 
2023-03-09 07:31:04,737 dumbo.py [line:219] run_bft INFO ACS Block Delay at Node 40: 3.130337953567505 
2023-03-09 07:31:04,737 dumbo.py [line:220] run_bft INFO Current Block's TPS at Node 40: 1075.2832601233747 
2023-03-09 07:31:07,867 dumbo.py [line:217] run_bft INFO Node 40 Delivers ACS Block in Round 10 with having 3366 TXs 
2023-03-09 07:31:07,867 dumbo.py [line:219] run_bft INFO ACS Block Delay at Node 40: 3.129596710205078 
2023-03-09 07:31:07,867 dumbo.py [line:220] run_bft INFO Current Block's TPS at Node 40: 1075.5379404074818 
2023-03-09 07:31:11,039 dumbo.py [line:217] run_bft INFO Node 40 Delivers ACS Block in Round 11 with having 3366 TXs 
2023-03-09 07:31:11,039 dumbo.py [line:219] run_bft INFO ACS Block Delay at Node 40: 3.172243118286133 
2023-03-09 07:31:11,039 dumbo.py [line:220] run_bft INFO Current Block's TPS at Node 40: 1061.078824821771 
2023-03-09 07:31:14,101 dumbo.py [line:217] run_bft INFO Node 40 Delivers ACS Block in Round 12 with having 3366 TXs 
2023-03-09 07:31:14,101 dumbo.py [line:219] run_bft INFO ACS Block Delay at Node 40: 3.0615298748016357 
2023-03-09 07:31:14,101 dumbo.py [line:220] run_bft INFO Current Block's TPS at Node 40: 1099.4503198235464 
2023-03-09 07:31:17,269 dumbo.py [line:217] run_bft INFO Node 40 Delivers ACS Block in Round 13 with having 3366 TXs 
2023-03-09 07:31:17,269 dumbo.py [line:219] run_bft INFO ACS Block Delay at Node 40: 3.16804575920105 
2023-03-09 07:31:17,269 dumbo.py [line:220] run_bft INFO Current Block's TPS at Node 40: 1062.4846532674048 
2023-03-09 07:31:20,382 dumbo.py [line:217] run_bft INFO Node 40 Delivers ACS Block in Round 14 with having 3366 TXs 
2023-03-09 07:31:20,382 dumbo.py [line:219] run_bft INFO ACS Block Delay at Node 40: 3.1128101348876953 
2023-03-09 07:31:20,382 dumbo.py [line:220] run_bft INFO Current Block's TPS at Node 40: 1081.338036738768 
2023-03-09 07:31:23,526 dumbo.py [line:217] run_bft INFO Node 40 Delivers ACS Block in Round 15 with having 3366 TXs 
2023-03-09 07:31:23,526 dumbo.py [line:219] run_bft INFO ACS Block Delay at Node 40: 3.143690586090088 
2023-03-09 07:31:23,526 dumbo.py [line:220] run_bft INFO Current Block's TPS at Node 40: 1070.7160605733802 
2023-03-09 07:31:26,692 dumbo.py [line:217] run_bft INFO Node 40 Delivers ACS Block in Round 16 with having 3366 TXs 
2023-03-09 07:31:26,692 dumbo.py [line:219] run_bft INFO ACS Block Delay at Node 40: 3.166496753692627 
2023-03-09 07:31:26,692 dumbo.py [line:220] run_bft INFO Current Block's TPS at Node 40: 1063.00440576 
2023-03-09 07:31:29,827 dumbo.py [line:217] run_bft INFO Node 40 Delivers ACS Block in Round 17 with having 3366 TXs 
2023-03-09 07:31:29,827 dumbo.py [line:219] run_bft INFO ACS Block Delay at Node 40: 3.134526252746582 
2023-03-09 07:31:29,827 dumbo.py [line:220] run_bft INFO Current Block's TPS at Node 40: 1073.8464854300048 
2023-03-09 07:31:32,999 dumbo.py [line:217] run_bft INFO Node 40 Delivers ACS Block in Round 18 with having 3366 TXs 
2023-03-09 07:31:32,999 dumbo.py [line:219] run_bft INFO ACS Block Delay at Node 40: 3.172308921813965 
2023-03-09 07:31:32,999 dumbo.py [line:220] run_bft INFO Current Block's TPS at Node 40: 1061.0568147553802 
2023-03-09 07:31:36,287 dumbo.py [line:217] run_bft INFO Node 40 Delivers ACS Block in Round 19 with having 3366 TXs 
2023-03-09 07:31:36,287 dumbo.py [line:219] run_bft INFO ACS Block Delay at Node 40: 3.2879295349121094 
2023-03-09 07:31:36,287 dumbo.py [line:220] run_bft INFO Current Block's TPS at Node 40: 1023.744567594566 
2023-03-09 07:31:39,386 dumbo.py [line:217] run_bft INFO Node 40 Delivers ACS Block in Round 20 with having 3366 TXs 
2023-03-09 07:31:39,386 dumbo.py [line:219] run_bft INFO ACS Block Delay at Node 40: 3.098914384841919 
2023-03-09 07:31:39,386 dumbo.py [line:220] run_bft INFO Current Block's TPS at Node 40: 1086.186832545135 
2023-03-09 07:31:42,503 dumbo.py [line:217] run_bft INFO Node 40 Delivers ACS Block in Round 21 with having 3366 TXs 
2023-03-09 07:31:42,504 dumbo.py [line:219] run_bft INFO ACS Block Delay at Node 40: 3.1172118186950684 
2023-03-09 07:31:42,504 dumbo.py [line:220] run_bft INFO Current Block's TPS at Node 40: 1079.81112474066 
2023-03-09 07:31:45,627 dumbo.py [line:217] run_bft INFO Node 40 Delivers ACS Block in Round 22 with having 3366 TXs 
2023-03-09 07:31:45,627 dumbo.py [line:219] run_bft INFO ACS Block Delay at Node 40: 3.1236443519592285 
2023-03-09 07:31:45,627 dumbo.py [line:220] run_bft INFO Current Block's TPS at Node 40: 1077.587465387588 
2023-03-09 07:31:48,681 dumbo.py [line:217] run_bft INFO Node 40 Delivers ACS Block in Round 23 with having 3366 TXs 
2023-03-09 07:31:48,681 dumbo.py [line:219] run_bft INFO ACS Block Delay at Node 40: 3.053901433944702 
2023-03-09 07:31:48,681 dumbo.py [line:220] run_bft INFO Current Block's TPS at Node 40: 1102.1966729463702 
2023-03-09 07:31:51,872 dumbo.py [line:217] run_bft INFO Node 40 Delivers ACS Block in Round 24 with having 3366 TXs 
2023-03-09 07:31:51,872 dumbo.py [line:219] run_bft INFO ACS Block Delay at Node 40: 3.190711736679077 
2023-03-09 07:31:51,872 dumbo.py [line:220] run_bft INFO Current Block's TPS at Node 40: 1054.9370415715975 
2023-03-09 07:31:55,064 dumbo.py [line:217] run_bft INFO Node 40 Delivers ACS Block in Round 25 with having 3366 TXs 
2023-03-09 07:31:55,064 dumbo.py [line:219] run_bft INFO ACS Block Delay at Node 40: 3.1916592121124268 
2023-03-09 07:31:55,064 dumbo.py [line:220] run_bft INFO Current Block's TPS at Node 40: 1054.6238731334304 
2023-03-09 07:31:58,177 dumbo.py [line:217] run_bft INFO Node 40 Delivers ACS Block in Round 26 with having 3366 TXs 
2023-03-09 07:31:58,177 dumbo.py [line:219] run_bft INFO ACS Block Delay at Node 40: 3.112922191619873 
2023-03-09 07:31:58,177 dumbo.py [line:220] run_bft INFO Current Block's TPS at Node 40: 1081.2991115105362 
2023-03-09 07:32:01,344 dumbo.py [line:217] run_bft INFO Node 40 Delivers ACS Block in Round 27 with having 3366 TXs 
2023-03-09 07:32:01,344 dumbo.py [line:219] run_bft INFO ACS Block Delay at Node 40: 3.167186737060547 
2023-03-09 07:32:01,344 dumbo.py [line:220] run_bft INFO Current Block's TPS at Node 40: 1062.7728263108258 
2023-03-09 07:32:04,512 dumbo.py [line:217] run_bft INFO Node 40 Delivers ACS Block in Round 28 with having 3366 TXs 
2023-03-09 07:32:04,512 dumbo.py [line:219] run_bft INFO ACS Block Delay at Node 40: 3.1676924228668213 
2023-03-09 07:32:04,512 dumbo.py [line:220] run_bft INFO Current Block's TPS at Node 40: 1062.6031668042147 
2023-03-09 07:32:07,646 dumbo.py [line:217] run_bft INFO Node 40 Delivers ACS Block in Round 29 with having 3366 TXs 
2023-03-09 07:32:07,646 dumbo.py [line:219] run_bft INFO ACS Block Delay at Node 40: 3.134549140930176 
2023-03-09 07:32:07,646 dumbo.py [line:220] run_bft INFO Current Block's TPS at Node 40: 1073.8386443037678 
2023-03-09 07:32:10,785 dumbo.py [line:217] run_bft INFO Node 40 Delivers ACS Block in Round 30 with having 3366 TXs 
2023-03-09 07:32:10,785 dumbo.py [line:219] run_bft INFO ACS Block Delay at Node 40: 3.1387858390808105 
2023-03-09 07:32:10,785 dumbo.py [line:220] run_bft INFO Current Block's TPS at Node 40: 1072.3891888672879 
2023-03-09 07:32:13,938 dumbo.py [line:217] run_bft INFO Node 40 Delivers ACS Block in Round 31 with having 3366 TXs 
2023-03-09 07:32:13,939 dumbo.py [line:219] run_bft INFO ACS Block Delay at Node 40: 3.1532294750213623 
2023-03-09 07:32:13,939 dumbo.py [line:220] run_bft INFO Current Block's TPS at Node 40: 1067.4770189306303 
2023-03-09 07:32:17,076 dumbo.py [line:217] run_bft INFO Node 40 Delivers ACS Block in Round 32 with having 3366 TXs 
2023-03-09 07:32:17,076 dumbo.py [line:219] run_bft INFO ACS Block Delay at Node 40: 3.137299060821533 
2023-03-09 07:32:17,076 dumbo.py [line:220] run_bft INFO Current Block's TPS at Node 40: 1072.8973982858297 
2023-03-09 07:32:20,310 dumbo.py [line:217] run_bft INFO Node 40 Delivers ACS Block in Round 33 with having 3366 TXs 
2023-03-09 07:32:20,310 dumbo.py [line:219] run_bft INFO ACS Block Delay at Node 40: 3.233700752258301 
2023-03-09 07:32:20,310 dumbo.py [line:220] run_bft INFO Current Block's TPS at Node 40: 1040.9126440191803 
2023-03-09 07:32:23,389 dumbo.py [line:217] run_bft INFO Node 40 Delivers ACS Block in Round 34 with having 3366 TXs 
2023-03-09 07:32:23,389 dumbo.py [line:219] run_bft INFO ACS Block Delay at Node 40: 3.0795109272003174 
2023-03-09 07:32:23,389 dumbo.py [line:220] run_bft INFO Current Block's TPS at Node 40: 1093.0307050607348 
2023-03-09 07:32:26,550 dumbo.py [line:217] run_bft INFO Node 40 Delivers ACS Block in Round 35 with having 3366 TXs 
2023-03-09 07:32:26,550 dumbo.py [line:219] run_bft INFO ACS Block Delay at Node 40: 3.160569190979004 
2023-03-09 07:32:26,550 dumbo.py [line:220] run_bft INFO Current Block's TPS at Node 40: 1064.998042000581 
2023-03-09 07:32:29,723 dumbo.py [line:217] run_bft INFO Node 40 Delivers ACS Block in Round 36 with having 3366 TXs 
2023-03-09 07:32:29,723 dumbo.py [line:219] run_bft INFO ACS Block Delay at Node 40: 3.1728570461273193 
2023-03-09 07:32:29,723 dumbo.py [line:220] run_bft INFO Current Block's TPS at Node 40: 1060.8735127567202 
2023-03-09 07:32:32,795 dumbo.py [line:217] run_bft INFO Node 40 Delivers ACS Block in Round 37 with having 3366 TXs 
2023-03-09 07:32:32,795 dumbo.py [line:219] run_bft INFO ACS Block Delay at Node 40: 3.072394371032715 
2023-03-09 07:32:32,795 dumbo.py [line:220] run_bft INFO Current Block's TPS at Node 40: 1095.5624810849386 
2023-03-09 07:32:36,096 dumbo.py [line:217] run_bft INFO Node 40 Delivers ACS Block in Round 38 with having 3366 TXs 
2023-03-09 07:32:36,096 dumbo.py [line:219] run_bft INFO ACS Block Delay at Node 40: 3.3006138801574707 
2023-03-09 07:32:36,096 dumbo.py [line:220] run_bft INFO Current Block's TPS at Node 40: 1019.8102905146269 
2023-03-09 07:32:39,171 dumbo.py [line:217] run_bft INFO Node 40 Delivers ACS Block in Round 39 with having 3366 TXs 
2023-03-09 07:32:39,171 dumbo.py [line:219] run_bft INFO ACS Block Delay at Node 40: 3.075444221496582 
2023-03-09 07:32:39,171 dumbo.py [line:220] run_bft INFO Current Block's TPS at Node 40: 1094.476035843052 
2023-03-09 07:32:42,309 dumbo.py [line:217] run_bft INFO Node 40 Delivers ACS Block in Round 40 with having 3366 TXs 
2023-03-09 07:32:42,309 dumbo.py [line:219] run_bft INFO ACS Block Delay at Node 40: 3.1373651027679443 
2023-03-09 07:32:42,309 dumbo.py [line:220] run_bft INFO Current Block's TPS at Node 40: 1072.8748136550453 
2023-03-09 07:32:45,473 dumbo.py [line:217] run_bft INFO Node 40 Delivers ACS Block in Round 41 with having 3366 TXs 
2023-03-09 07:32:45,473 dumbo.py [line:219] run_bft INFO ACS Block Delay at Node 40: 3.1637961864471436 
2023-03-09 07:32:45,473 dumbo.py [line:220] run_bft INFO Current Block's TPS at Node 40: 1063.9117697970064 
2023-03-09 07:32:48,618 dumbo.py [line:217] run_bft INFO Node 40 Delivers ACS Block in Round 42 with having 3366 TXs 
2023-03-09 07:32:48,618 dumbo.py [line:219] run_bft INFO ACS Block Delay at Node 40: 3.1453537940979004 
2023-03-09 07:32:48,618 dumbo.py [line:220] run_bft INFO Current Block's TPS at Node 40: 1070.1498846699317 
2023-03-09 07:32:51,863 dumbo.py [line:217] run_bft INFO Node 40 Delivers ACS Block in Round 43 with having 3366 TXs 
2023-03-09 07:32:51,864 dumbo.py [line:219] run_bft INFO ACS Block Delay at Node 40: 3.2453629970550537 
2023-03-09 07:32:51,864 dumbo.py [line:220] run_bft INFO Current Block's TPS at Node 40: 1037.1721138912399 
2023-03-09 07:32:54,980 dumbo.py [line:217] run_bft INFO Node 40 Delivers ACS Block in Round 44 with having 3366 TXs 
2023-03-09 07:32:54,980 dumbo.py [line:219] run_bft INFO ACS Block Delay at Node 40: 3.116739273071289 
2023-03-09 07:32:54,980 dumbo.py [line:220] run_bft INFO Current Block's TPS at Node 40: 1079.9748407197003 
2023-03-09 07:32:58,139 dumbo.py [line:217] run_bft INFO Node 40 Delivers ACS Block in Round 45 with having 3366 TXs 
2023-03-09 07:32:58,139 dumbo.py [line:219] run_bft INFO ACS Block Delay at Node 40: 3.1584434509277344 
2023-03-09 07:32:58,139 dumbo.py [line:220] run_bft INFO Current Block's TPS at Node 40: 1065.714821967542 
2023-03-09 07:33:01,283 dumbo.py [line:217] run_bft INFO Node 40 Delivers ACS Block in Round 46 with having 3366 TXs 
2023-03-09 07:33:01,283 dumbo.py [line:219] run_bft INFO ACS Block Delay at Node 40: 3.1442344188690186 
2023-03-09 07:33:01,283 dumbo.py [line:220] run_bft INFO Current Block's TPS at Node 40: 1070.5308674824412 
2023-03-09 07:33:04,423 dumbo.py [line:217] run_bft INFO Node 40 Delivers ACS Block in Round 47 with having 3366 TXs 
2023-03-09 07:33:04,423 dumbo.py [line:219] run_bft INFO ACS Block Delay at Node 40: 3.1398568153381348 
2023-03-09 07:33:04,423 dumbo.py [line:220] run_bft INFO Current Block's TPS at Node 40: 1072.0234067863096 
2023-03-09 07:33:07,539 dumbo.py [line:217] run_bft INFO Node 40 Delivers ACS Block in Round 48 with having 3366 TXs 
2023-03-09 07:33:07,539 dumbo.py [line:219] run_bft INFO ACS Block Delay at Node 40: 3.115757703781128 
2023-03-09 07:33:07,539 dumbo.py [line:220] run_bft INFO Current Block's TPS at Node 40: 1080.3150694019598 
2023-03-09 07:33:10,663 dumbo.py [line:217] run_bft INFO Node 40 Delivers ACS Block in Round 49 with having 3366 TXs 
2023-03-09 07:33:10,663 dumbo.py [line:219] run_bft INFO ACS Block Delay at Node 40: 3.123850107192993 
2023-03-09 07:33:10,663 dumbo.py [line:220] run_bft INFO Current Block's TPS at Node 40: 1077.5164891072818 
2023-03-09 07:33:13,839 dumbo.py [line:217] run_bft INFO Node 40 Delivers ACS Block in Round 50 with having 3366 TXs 
2023-03-09 07:33:13,839 dumbo.py [line:219] run_bft INFO ACS Block Delay at Node 40: 3.176374912261963 
2023-03-09 07:33:13,839 dumbo.py [line:220] run_bft INFO Current Block's TPS at Node 40: 1059.6985850146389 
2023-03-09 07:33:16,982 dumbo.py [line:217] run_bft INFO Node 40 Delivers ACS Block in Round 51 with having 3366 TXs 
2023-03-09 07:33:16,982 dumbo.py [line:219] run_bft INFO ACS Block Delay at Node 40: 3.142516851425171 
2023-03-09 07:33:16,982 dumbo.py [line:220] run_bft INFO Current Block's TPS at Node 40: 1071.1159745964374 
2023-03-09 07:33:20,204 dumbo.py [line:217] run_bft INFO Node 40 Delivers ACS Block in Round 52 with having 3366 TXs 
2023-03-09 07:33:20,204 dumbo.py [line:219] run_bft INFO ACS Block Delay at Node 40: 3.2219977378845215 
2023-03-09 07:33:20,204 dumbo.py [line:220] run_bft INFO Current Block's TPS at Node 40: 1044.6934708930078 
2023-03-09 07:33:23,309 dumbo.py [line:217] run_bft INFO Node 40 Delivers ACS Block in Round 53 with having 3366 TXs 
2023-03-09 07:33:23,309 dumbo.py [line:219] run_bft INFO ACS Block Delay at Node 40: 3.105149507522583 
2023-03-09 07:33:23,309 dumbo.py [line:220] run_bft INFO Current Block's TPS at Node 40: 1084.0057755175642 
2023-03-09 07:33:26,490 dumbo.py [line:217] run_bft INFO Node 40 Delivers ACS Block in Round 54 with having 3366 TXs 
2023-03-09 07:33:26,490 dumbo.py [line:219] run_bft INFO ACS Block Delay at Node 40: 3.180704116821289 
2023-03-09 07:33:26,490 dumbo.py [line:220] run_bft INFO Current Block's TPS at Node 40: 1058.2562465332019 
2023-03-09 07:33:29,670 dumbo.py [line:217] run_bft INFO Node 40 Delivers ACS Block in Round 55 with having 3366 TXs 
2023-03-09 07:33:29,670 dumbo.py [line:219] run_bft INFO ACS Block Delay at Node 40: 3.1798460483551025 
2023-03-09 07:33:29,670 dumbo.py [line:220] run_bft INFO Current Block's TPS at Node 40: 1058.5418126582551 
2023-03-09 07:33:32,857 dumbo.py [line:217] run_bft INFO Node 40 Delivers ACS Block in Round 56 with having 3366 TXs 
2023-03-09 07:33:32,857 dumbo.py [line:219] run_bft INFO ACS Block Delay at Node 40: 3.1874537467956543 
2023-03-09 07:33:32,857 dumbo.py [line:220] run_bft INFO Current Block's TPS at Node 40: 1056.0153236368803 
2023-03-09 07:33:35,904 dumbo.py [line:217] run_bft INFO Node 40 Delivers ACS Block in Round 57 with having 3366 TXs 
2023-03-09 07:33:35,905 dumbo.py [line:219] run_bft INFO ACS Block Delay at Node 40: 3.0471959114074707 
2023-03-09 07:33:35,905 dumbo.py [line:220] run_bft INFO Current Block's TPS at Node 40: 1104.6221174684094 
2023-03-09 07:33:39,068 dumbo.py [line:217] run_bft INFO Node 40 Delivers ACS Block in Round 58 with having 3366 TXs 
2023-03-09 07:33:39,068 dumbo.py [line:219] run_bft INFO ACS Block Delay at Node 40: 3.1632745265960693 
2023-03-09 07:33:39,068 dumbo.py [line:220] run_bft INFO Current Block's TPS at Node 40: 1064.087220916004 
2023-03-09 07:33:42,221 dumbo.py [line:217] run_bft INFO Node 40 Delivers ACS Block in Round 59 with having 3366 TXs 
2023-03-09 07:33:42,221 dumbo.py [line:219] run_bft INFO ACS Block Delay at Node 40: 3.1529042720794678 
2023-03-09 07:33:42,221 dumbo.py [line:220] run_bft INFO Current Block's TPS at Node 40: 1067.5871227070231 
2023-03-09 07:33:45,382 dumbo.py [line:217] run_bft INFO Node 40 Delivers ACS Block in Round 60 with having 3366 TXs 
2023-03-09 07:33:45,382 dumbo.py [line:219] run_bft INFO ACS Block Delay at Node 40: 3.1611742973327637 
2023-03-09 07:33:45,382 dumbo.py [line:220] run_bft INFO Current Block's TPS at Node 40: 1064.794181972205 
2023-03-09 07:33:48,521 dumbo.py [line:217] run_bft INFO Node 40 Delivers ACS Block in Round 61 with having 3366 TXs 
2023-03-09 07:33:48,522 dumbo.py [line:219] run_bft INFO ACS Block Delay at Node 40: 3.1393814086914062 
2023-03-09 07:33:48,522 dumbo.py [line:220] run_bft INFO Current Block's TPS at Node 40: 1072.18574674654 
2023-03-09 07:33:51,661 dumbo.py [line:217] run_bft INFO Node 40 Delivers ACS Block in Round 62 with having 3366 TXs 
2023-03-09 07:33:51,661 dumbo.py [line:219] run_bft INFO ACS Block Delay at Node 40: 3.139500856399536 
2023-03-09 07:33:51,661 dumbo.py [line:220] run_bft INFO Current Block's TPS at Node 40: 1072.144953596292 
2023-03-09 07:33:54,801 dumbo.py [line:217] run_bft INFO Node 40 Delivers ACS Block in Round 63 with having 3366 TXs 
2023-03-09 07:33:54,801 dumbo.py [line:219] run_bft INFO ACS Block Delay at Node 40: 3.1396870613098145 
2023-03-09 07:33:54,801 dumbo.py [line:220] run_bft INFO Current Block's TPS at Node 40: 1072.0813680697759 
2023-03-09 07:33:58,016 dumbo.py [line:217] run_bft INFO Node 40 Delivers ACS Block in Round 64 with having 3366 TXs 
2023-03-09 07:33:58,017 dumbo.py [line:219] run_bft INFO ACS Block Delay at Node 40: 3.215611457824707 
2023-03-09 07:33:58,017 dumbo.py [line:220] run_bft INFO Current Block's TPS at Node 40: 1046.7682567212357 
2023-03-09 07:34:01,194 dumbo.py [line:217] run_bft INFO Node 40 Delivers ACS Block in Round 65 with having 3366 TXs 
2023-03-09 07:34:01,194 dumbo.py [line:219] run_bft INFO ACS Block Delay at Node 40: 3.1771552562713623 
2023-03-09 07:34:01,194 dumbo.py [line:220] run_bft INFO Current Block's TPS at Node 40: 1059.4383114756129 
2023-03-09 07:34:04,307 dumbo.py [line:217] run_bft INFO Node 40 Delivers ACS Block in Round 66 with having 3366 TXs 
2023-03-09 07:34:04,307 dumbo.py [line:219] run_bft INFO ACS Block Delay at Node 40: 3.1128954887390137 
2023-03-09 07:34:04,307 dumbo.py [line:220] run_bft INFO Current Block's TPS at Node 40: 1081.308387055267 
2023-03-09 07:34:07,473 dumbo.py [line:217] run_bft INFO Node 40 Delivers ACS Block in Round 67 with having 3366 TXs 
2023-03-09 07:34:07,473 dumbo.py [line:219] run_bft INFO ACS Block Delay at Node 40: 3.165742874145508 
2023-03-09 07:34:07,473 dumbo.py [line:220] run_bft INFO Current Block's TPS at Node 40: 1063.2575461165795 
2023-03-09 07:34:10,601 dumbo.py [line:217] run_bft INFO Node 40 Delivers ACS Block in Round 68 with having 3366 TXs 
2023-03-09 07:34:10,601 dumbo.py [line:219] run_bft INFO ACS Block Delay at Node 40: 3.1282262802124023 
2023-03-09 07:34:10,601 dumbo.py [line:220] run_bft INFO Current Block's TPS at Node 40: 1076.0091177839772 
2023-03-09 07:34:13,767 dumbo.py [line:217] run_bft INFO Node 40 Delivers ACS Block in Round 69 with having 3366 TXs 
2023-03-09 07:34:13,767 dumbo.py [line:219] run_bft INFO ACS Block Delay at Node 40: 3.1656572818756104 
2023-03-09 07:34:13,767 dumbo.py [line:220] run_bft INFO Current Block's TPS at Node 40: 1063.2862942149218 
2023-03-09 07:34:16,945 dumbo.py [line:217] run_bft INFO Node 40 Delivers ACS Block in Round 70 with having 3366 TXs 
2023-03-09 07:34:16,945 dumbo.py [line:219] run_bft INFO ACS Block Delay at Node 40: 3.178123712539673 
2023-03-09 07:34:16,945 dumbo.py [line:220] run_bft INFO Current Block's TPS at Node 40: 1059.1154732960956 
2023-03-09 07:34:20,107 dumbo.py [line:217] run_bft INFO Node 40 Delivers ACS Block in Round 71 with having 3366 TXs 
2023-03-09 07:34:20,107 dumbo.py [line:219] run_bft INFO ACS Block Delay at Node 40: 3.1624553203582764 
2023-03-09 07:34:20,107 dumbo.py [line:220] run_bft INFO Current Block's TPS at Node 40: 1064.362863352221 
2023-03-09 07:34:23,260 dumbo.py [line:217] run_bft INFO Node 40 Delivers ACS Block in Round 72 with having 3366 TXs 
2023-03-09 07:34:23,260 dumbo.py [line:219] run_bft INFO ACS Block Delay at Node 40: 3.152987003326416 
2023-03-09 07:34:23,261 dumbo.py [line:220] run_bft INFO Current Block's TPS at Node 40: 1067.5591102814108 
2023-03-09 07:34:26,353 dumbo.py [line:217] run_bft INFO Node 40 Delivers ACS Block in Round 73 with having 3366 TXs 
2023-03-09 07:34:26,353 dumbo.py [line:219] run_bft INFO ACS Block Delay at Node 40: 3.092437505722046 
2023-03-09 07:34:26,353 dumbo.py [line:220] run_bft INFO Current Block's TPS at Node 40: 1088.4617696466855 
2023-03-09 07:34:29,571 dumbo.py [line:217] run_bft INFO Node 40 Delivers ACS Block in Round 74 with having 3366 TXs 
2023-03-09 07:34:29,571 dumbo.py [line:219] run_bft INFO ACS Block Delay at Node 40: 3.218029022216797 
2023-03-09 07:34:29,571 dumbo.py [line:220] run_bft INFO Current Block's TPS at Node 40: 1045.9818655337267 
2023-03-09 07:34:32,699 dumbo.py [line:217] run_bft INFO Node 40 Delivers ACS Block in Round 75 with having 3366 TXs 
2023-03-09 07:34:32,699 dumbo.py [line:219] run_bft INFO ACS Block Delay at Node 40: 3.1283135414123535 
2023-03-09 07:34:32,699 dumbo.py [line:220] run_bft INFO Current Block's TPS at Node 40: 1075.9791035780695 
2023-03-09 07:34:35,854 dumbo.py [line:217] run_bft INFO Node 40 Delivers ACS Block in Round 76 with having 3366 TXs 
2023-03-09 07:34:35,854 dumbo.py [line:219] run_bft INFO ACS Block Delay at Node 40: 3.154294729232788 
2023-03-09 07:34:35,854 dumbo.py [line:220] run_bft INFO Current Block's TPS at Node 40: 1067.116515398897 
2023-03-09 07:34:39,033 dumbo.py [line:217] run_bft INFO Node 40 Delivers ACS Block in Round 77 with having 3366 TXs 
2023-03-09 07:34:39,033 dumbo.py [line:219] run_bft INFO ACS Block Delay at Node 40: 3.1795401573181152 
2023-03-09 07:34:39,033 dumbo.py [line:220] run_bft INFO Current Block's TPS at Node 40: 1058.6436507973406 
2023-03-09 07:34:42,168 dumbo.py [line:217] run_bft INFO Node 40 Delivers ACS Block in Round 78 with having 3366 TXs 
2023-03-09 07:34:42,168 dumbo.py [line:219] run_bft INFO ACS Block Delay at Node 40: 3.134568929672241 
2023-03-09 07:34:42,168 dumbo.py [line:220] run_bft INFO Current Block's TPS at Node 40: 1073.8318650890085 
2023-03-09 07:34:45,385 dumbo.py [line:217] run_bft INFO Node 40 Delivers ACS Block in Round 79 with having 3366 TXs 
2023-03-09 07:34:45,385 dumbo.py [line:219] run_bft INFO ACS Block Delay at Node 40: 3.2170257568359375 
2023-03-09 07:34:45,385 dumbo.py [line:220] run_bft INFO Current Block's TPS at Node 40: 1046.30806665054 
2023-03-09 07:34:48,494 dumbo.py [line:217] run_bft INFO Node 40 Delivers ACS Block in Round 80 with having 3366 TXs 
2023-03-09 07:34:48,494 dumbo.py [line:219] run_bft INFO ACS Block Delay at Node 40: 3.1092865467071533 
2023-03-09 07:34:48,495 dumbo.py [line:220] run_bft INFO Current Block's TPS at Node 40: 1082.5634593134284 
2023-03-09 07:34:51,680 dumbo.py [line:217] run_bft INFO Node 40 Delivers ACS Block in Round 81 with having 3366 TXs 
2023-03-09 07:34:51,681 dumbo.py [line:219] run_bft INFO ACS Block Delay at Node 40: 3.1860806941986084 
2023-03-09 07:34:51,681 dumbo.py [line:220] run_bft INFO Current Block's TPS at Node 40: 1056.4704171269104 
2023-03-09 07:34:54,822 dumbo.py [line:217] run_bft INFO Node 40 Delivers ACS Block in Round 82 with having 3366 TXs 
2023-03-09 07:34:54,822 dumbo.py [line:219] run_bft INFO ACS Block Delay at Node 40: 3.1415820121765137 
2023-03-09 07:34:54,822 dumbo.py [line:220] run_bft INFO Current Block's TPS at Node 40: 1071.4347061301155 
2023-03-09 07:34:57,971 dumbo.py [line:217] run_bft INFO Node 40 Delivers ACS Block in Round 83 with having 3366 TXs 
2023-03-09 07:34:57,971 dumbo.py [line:219] run_bft INFO ACS Block Delay at Node 40: 3.1483147144317627 
2023-03-09 07:34:57,971 dumbo.py [line:220] run_bft INFO Current Block's TPS at Node 40: 1069.143432379989 
2023-03-09 07:35:01,136 dumbo.py [line:217] run_bft INFO Node 40 Delivers ACS Block in Round 84 with having 3366 TXs 
2023-03-09 07:35:01,136 dumbo.py [line:219] run_bft INFO ACS Block Delay at Node 40: 3.165160894393921 
2023-03-09 07:35:01,136 dumbo.py [line:220] run_bft INFO Current Block's TPS at Node 40: 1063.453047825089 
2023-03-09 07:35:04,316 dumbo.py [line:217] run_bft INFO Node 40 Delivers ACS Block in Round 85 with having 3366 TXs 
2023-03-09 07:35:04,316 dumbo.py [line:219] run_bft INFO ACS Block Delay at Node 40: 3.179752826690674 
2023-03-09 07:35:04,316 dumbo.py [line:220] run_bft INFO Current Block's TPS at Node 40: 1058.5728462118116 
2023-03-09 07:35:07,586 dumbo.py [line:217] run_bft INFO Node 40 Delivers ACS Block in Round 86 with having 3366 TXs 
2023-03-09 07:35:07,586 dumbo.py [line:219] run_bft INFO ACS Block Delay at Node 40: 3.270575523376465 
2023-03-09 07:35:07,586 dumbo.py [line:220] run_bft INFO Current Block's TPS at Node 40: 1029.1766620099393 
2023-03-09 07:35:10,667 dumbo.py [line:217] run_bft INFO Node 40 Delivers ACS Block in Round 87 with having 3366 TXs 
2023-03-09 07:35:10,668 dumbo.py [line:219] run_bft INFO ACS Block Delay at Node 40: 3.0810890197753906 
2023-03-09 07:35:10,668 dumbo.py [line:220] run_bft INFO Current Block's TPS at Node 40: 1092.4708693568934 
2023-03-09 07:35:13,780 dumbo.py [line:217] run_bft INFO Node 40 Delivers ACS Block in Round 88 with having 3366 TXs 
2023-03-09 07:35:13,780 dumbo.py [line:219] run_bft INFO ACS Block Delay at Node 40: 3.112287998199463 
2023-03-09 07:35:13,780 dumbo.py [line:220] run_bft INFO Current Block's TPS at Node 40: 1081.51944869733 
2023-03-09 07:35:16,907 dumbo.py [line:217] run_bft INFO Node 40 Delivers ACS Block in Round 89 with having 3366 TXs 
2023-03-09 07:35:16,907 dumbo.py [line:219] run_bft INFO ACS Block Delay at Node 40: 3.1268036365509033 
2023-03-09 07:35:16,907 dumbo.py [line:220] run_bft INFO Current Block's TPS at Node 40: 1076.4986840404688 
2023-03-09 07:35:20,147 dumbo.py [line:217] run_bft INFO Node 40 Delivers ACS Block in Round 90 with having 3366 TXs 
2023-03-09 07:35:20,147 dumbo.py [line:219] run_bft INFO ACS Block Delay at Node 40: 3.2406070232391357 
2023-03-09 07:35:20,147 dumbo.py [line:220] run_bft INFO Current Block's TPS at Node 40: 1038.6942865523781 
2023-03-09 07:35:23,219 dumbo.py [line:217] run_bft INFO Node 40 Delivers ACS Block in Round 91 with having 3366 TXs 
2023-03-09 07:35:23,219 dumbo.py [line:219] run_bft INFO ACS Block Delay at Node 40: 3.071928024291992 
2023-03-09 07:35:23,219 dumbo.py [line:220] run_bft INFO Current Block's TPS at Node 40: 1095.7287974791611 
2023-03-09 07:35:26,437 dumbo.py [line:217] run_bft INFO Node 40 Delivers ACS Block in Round 92 with having 3366 TXs 
2023-03-09 07:35:26,437 dumbo.py [line:219] run_bft INFO ACS Block Delay at Node 40: 3.217729091644287 
2023-03-09 07:35:26,437 dumbo.py [line:220] run_bft INFO Current Block's TPS at Node 40: 1046.0793634680865 
2023-03-09 07:35:29,538 dumbo.py [line:217] run_bft INFO Node 40 Delivers ACS Block in Round 93 with having 3366 TXs 
2023-03-09 07:35:29,539 dumbo.py [line:219] run_bft INFO ACS Block Delay at Node 40: 3.101248025894165 
2023-03-09 07:35:29,539 dumbo.py [line:220] run_bft INFO Current Block's TPS at Node 40: 1085.3694937958085 
2023-03-09 07:35:32,688 dumbo.py [line:217] run_bft INFO Node 40 Delivers ACS Block in Round 94 with having 3366 TXs 
2023-03-09 07:35:32,688 dumbo.py [line:219] run_bft INFO ACS Block Delay at Node 40: 3.149826765060425 
2023-03-09 07:35:32,688 dumbo.py [line:220] run_bft INFO Current Block's TPS at Node 40: 1068.630198123111 
2023-03-09 07:35:35,844 dumbo.py [line:217] run_bft INFO Node 40 Delivers ACS Block in Round 95 with having 3366 TXs 
2023-03-09 07:35:35,844 dumbo.py [line:219] run_bft INFO ACS Block Delay at Node 40: 3.155817985534668 
2023-03-09 07:35:35,844 dumbo.py [line:220] run_bft INFO Current Block's TPS at Node 40: 1066.6014375444795 
2023-03-09 07:35:39,067 dumbo.py [line:217] run_bft INFO Node 40 Delivers ACS Block in Round 96 with having 3366 TXs 
2023-03-09 07:35:39,067 dumbo.py [line:219] run_bft INFO ACS Block Delay at Node 40: 3.222670316696167 
2023-03-09 07:35:39,067 dumbo.py [line:220] run_bft INFO Current Block's TPS at Node 40: 1044.475440928991 
2023-03-09 07:35:42,164 dumbo.py [line:217] run_bft INFO Node 40 Delivers ACS Block in Round 97 with having 3366 TXs 
2023-03-09 07:35:42,165 dumbo.py [line:219] run_bft INFO ACS Block Delay at Node 40: 3.0973961353302 
2023-03-09 07:35:42,165 dumbo.py [line:220] run_bft INFO Current Block's TPS at Node 40: 1086.7192483408858 
2023-03-09 07:35:45,341 dumbo.py [line:217] run_bft INFO Node 40 Delivers ACS Block in Round 98 with having 3366 TXs 
2023-03-09 07:35:45,341 dumbo.py [line:219] run_bft INFO ACS Block Delay at Node 40: 3.176713466644287 
2023-03-09 07:35:45,341 dumbo.py [line:220] run_bft INFO Current Block's TPS at Node 40: 1059.5856489240325 
2023-03-09 07:35:48,614 dumbo.py [line:217] run_bft INFO Node 40 Delivers ACS Block in Round 99 with having 3366 TXs 
2023-03-09 07:35:48,614 dumbo.py [line:219] run_bft INFO ACS Block Delay at Node 40: 3.273010015487671 
2023-03-09 07:35:48,614 dumbo.py [line:220] run_bft INFO Current Block's TPS at Node 40: 1028.4111518364766 
2023-03-09 07:35:48,614 dumbo.py [line:241] run_bft INFO node 40 breaks in 315.350504 seconds with total delivered Txs 336600 
2023-03-09 07:41:38,175 dumbo_node.py [line:77] run INFO node 40's starts to run consensus on process id 2906548 
2023-03-09 07:41:38,176 dumbo_node.py [line:59] prepare_bootstrap INFO node id 40 is inserting dummy payload TXs 
2023-03-09 07:41:38,176 dumbo_node.py [line:68] prepare_bootstrap INFO node id 40 just inserts 50000 TXs 
2023-03-09 07:41:38,176 dumbo_node.py [line:68] prepare_bootstrap INFO node id 40 just inserts 50000 TXs 
2023-03-09 07:41:38,176 dumbo_node.py [line:68] prepare_bootstrap INFO node id 40 just inserts 50000 TXs 
2023-03-09 07:41:38,177 dumbo_node.py [line:68] prepare_bootstrap INFO node id 40 just inserts 50000 TXs 
2023-03-09 07:41:38,177 dumbo_node.py [line:68] prepare_bootstrap INFO node id 40 just inserts 50000 TXs 
2023-03-09 07:41:38,177 dumbo_node.py [line:68] prepare_bootstrap INFO node id 40 just inserts 50000 TXs 
2023-03-09 07:41:38,177 dumbo_node.py [line:68] prepare_bootstrap INFO node id 40 just inserts 50000 TXs 
2023-03-09 07:41:38,177 dumbo_node.py [line:68] prepare_bootstrap INFO node id 40 just inserts 50000 TXs 
2023-03-09 07:41:38,178 dumbo_node.py [line:68] prepare_bootstrap INFO node id 40 just inserts 50000 TXs 
2023-03-09 07:41:38,178 dumbo_node.py [line:68] prepare_bootstrap INFO node id 40 just inserts 50000 TXs 
2023-03-09 07:41:38,178 dumbo_node.py [line:68] prepare_bootstrap INFO node id 40 just inserts 50000 TXs 
2023-03-09 07:41:38,178 dumbo_node.py [line:68] prepare_bootstrap INFO node id 40 just inserts 50000 TXs 
2023-03-09 07:41:38,178 dumbo_node.py [line:68] prepare_bootstrap INFO node id 40 just inserts 50000 TXs 
2023-03-09 07:41:38,179 dumbo_node.py [line:68] prepare_bootstrap INFO node id 40 just inserts 50000 TXs 
2023-03-09 07:41:38,179 dumbo_node.py [line:68] prepare_bootstrap INFO node id 40 just inserts 50000 TXs 
2023-03-09 07:41:38,179 dumbo_node.py [line:68] prepare_bootstrap INFO node id 40 just inserts 50000 TXs 
2023-03-09 07:41:38,179 dumbo_node.py [line:68] prepare_bootstrap INFO node id 40 just inserts 50000 TXs 
2023-03-09 07:41:38,179 dumbo_node.py [line:68] prepare_bootstrap INFO node id 40 just inserts 50000 TXs 
2023-03-09 07:41:38,179 dumbo_node.py [line:68] prepare_bootstrap INFO node id 40 just inserts 50000 TXs 
2023-03-09 07:41:38,180 dumbo_node.py [line:68] prepare_bootstrap INFO node id 40 just inserts 50000 TXs 
2023-03-09 07:41:38,180 dumbo_node.py [line:68] prepare_bootstrap INFO node id 40 just inserts 50000 TXs 
2023-03-09 07:41:38,180 dumbo_node.py [line:68] prepare_bootstrap INFO node id 40 just inserts 50000 TXs 
2023-03-09 07:41:38,180 dumbo_node.py [line:68] prepare_bootstrap INFO node id 40 just inserts 50000 TXs 
2023-03-09 07:41:38,180 dumbo_node.py [line:68] prepare_bootstrap INFO node id 40 just inserts 50000 TXs 
2023-03-09 07:41:38,181 dumbo_node.py [line:68] prepare_bootstrap INFO node id 40 just inserts 50000 TXs 
2023-03-09 07:41:38,181 dumbo_node.py [line:68] prepare_bootstrap INFO node id 40 just inserts 50000 TXs 
2023-03-09 07:41:38,181 dumbo_node.py [line:68] prepare_bootstrap INFO node id 40 just inserts 50000 TXs 
2023-03-09 07:41:38,181 dumbo_node.py [line:68] prepare_bootstrap INFO node id 40 just inserts 50000 TXs 
2023-03-09 07:41:38,181 dumbo_node.py [line:68] prepare_bootstrap INFO node id 40 just inserts 50000 TXs 
2023-03-09 07:41:38,182 dumbo_node.py [line:68] prepare_bootstrap INFO node id 40 just inserts 50000 TXs 
2023-03-09 07:41:38,182 dumbo_node.py [line:68] prepare_bootstrap INFO node id 40 just inserts 50000 TXs 
2023-03-09 07:41:38,182 dumbo_node.py [line:68] prepare_bootstrap INFO node id 40 just inserts 50000 TXs 
2023-03-09 07:41:38,182 dumbo_node.py [line:68] prepare_bootstrap INFO node id 40 just inserts 50000 TXs 
2023-03-09 07:41:38,182 dumbo_node.py [line:68] prepare_bootstrap INFO node id 40 just inserts 50000 TXs 
2023-03-09 07:41:38,183 dumbo_node.py [line:68] prepare_bootstrap INFO node id 40 just inserts 50000 TXs 
2023-03-09 07:41:38,183 dumbo_node.py [line:68] prepare_bootstrap INFO node id 40 just inserts 50000 TXs 
2023-03-09 07:41:38,183 dumbo_node.py [line:68] prepare_bootstrap INFO node id 40 just inserts 50000 TXs 
2023-03-09 07:41:38,183 dumbo_node.py [line:68] prepare_bootstrap INFO node id 40 just inserts 50000 TXs 
2023-03-09 07:41:38,183 dumbo_node.py [line:68] prepare_bootstrap INFO node id 40 just inserts 50000 TXs 
2023-03-09 07:41:38,183 dumbo_node.py [line:68] prepare_bootstrap INFO node id 40 just inserts 50000 TXs 
2023-03-09 07:41:38,184 dumbo_node.py [line:68] prepare_bootstrap INFO node id 40 just inserts 50000 TXs 
2023-03-09 07:41:38,184 dumbo_node.py [line:68] prepare_bootstrap INFO node id 40 just inserts 50000 TXs 
2023-03-09 07:41:38,184 dumbo_node.py [line:68] prepare_bootstrap INFO node id 40 just inserts 50000 TXs 
2023-03-09 07:41:38,184 dumbo_node.py [line:68] prepare_bootstrap INFO node id 40 just inserts 50000 TXs 
2023-03-09 07:41:38,184 dumbo_node.py [line:68] prepare_bootstrap INFO node id 40 just inserts 50000 TXs 
2023-03-09 07:41:38,185 dumbo_node.py [line:68] prepare_bootstrap INFO node id 40 just inserts 50000 TXs 
2023-03-09 07:41:38,185 dumbo_node.py [line:68] prepare_bootstrap INFO node id 40 just inserts 50000 TXs 
2023-03-09 07:41:38,185 dumbo_node.py [line:68] prepare_bootstrap INFO node id 40 just inserts 50000 TXs 
2023-03-09 07:41:38,185 dumbo_node.py [line:68] prepare_bootstrap INFO node id 40 just inserts 50000 TXs 
2023-03-09 07:41:38,185 dumbo_node.py [line:68] prepare_bootstrap INFO node id 40 just inserts 50000 TXs 
2023-03-09 07:41:38,185 dumbo_node.py [line:68] prepare_bootstrap INFO node id 40 just inserts 50000 TXs 
2023-03-09 07:41:38,186 dumbo_node.py [line:68] prepare_bootstrap INFO node id 40 just inserts 50000 TXs 
2023-03-09 07:41:38,186 dumbo_node.py [line:68] prepare_bootstrap INFO node id 40 just inserts 50000 TXs 
2023-03-09 07:41:38,186 dumbo_node.py [line:68] prepare_bootstrap INFO node id 40 just inserts 50000 TXs 
2023-03-09 07:41:38,186 dumbo_node.py [line:68] prepare_bootstrap INFO node id 40 just inserts 50000 TXs 
2023-03-09 07:41:38,186 dumbo_node.py [line:68] prepare_bootstrap INFO node id 40 just inserts 50000 TXs 
2023-03-09 07:41:38,187 dumbo_node.py [line:68] prepare_bootstrap INFO node id 40 just inserts 50000 TXs 
2023-03-09 07:41:38,187 dumbo_node.py [line:68] prepare_bootstrap INFO node id 40 just inserts 50000 TXs 
2023-03-09 07:41:38,187 dumbo_node.py [line:68] prepare_bootstrap INFO node id 40 just inserts 50000 TXs 
2023-03-09 07:41:38,187 dumbo_node.py [line:68] prepare_bootstrap INFO node id 40 just inserts 50000 TXs 
2023-03-09 07:41:38,187 dumbo_node.py [line:68] prepare_bootstrap INFO node id 40 just inserts 50000 TXs 
2023-03-09 07:41:38,187 dumbo_node.py [line:68] prepare_bootstrap INFO node id 40 just inserts 50000 TXs 
2023-03-09 07:41:38,188 dumbo_node.py [line:68] prepare_bootstrap INFO node id 40 just inserts 50000 TXs 
2023-03-09 07:41:38,188 dumbo_node.py [line:68] prepare_bootstrap INFO node id 40 just inserts 50000 TXs 
2023-03-09 07:41:38,188 dumbo_node.py [line:68] prepare_bootstrap INFO node id 40 just inserts 50000 TXs 
2023-03-09 07:41:38,188 dumbo_node.py [line:68] prepare_bootstrap INFO node id 40 just inserts 50000 TXs 
2023-03-09 07:41:38,188 dumbo_node.py [line:68] prepare_bootstrap INFO node id 40 just inserts 50000 TXs 
2023-03-09 07:41:38,188 dumbo_node.py [line:68] prepare_bootstrap INFO node id 40 just inserts 50000 TXs 
2023-03-09 07:41:38,188 dumbo_node.py [line:68] prepare_bootstrap INFO node id 40 just inserts 50000 TXs 
2023-03-09 07:41:38,189 dumbo_node.py [line:68] prepare_bootstrap INFO node id 40 just inserts 50000 TXs 
2023-03-09 07:41:38,189 dumbo_node.py [line:68] prepare_bootstrap INFO node id 40 just inserts 50000 TXs 
2023-03-09 07:41:38,189 dumbo_node.py [line:68] prepare_bootstrap INFO node id 40 just inserts 50000 TXs 
2023-03-09 07:41:38,189 dumbo_node.py [line:68] prepare_bootstrap INFO node id 40 just inserts 50000 TXs 
2023-03-09 07:41:38,189 dumbo_node.py [line:68] prepare_bootstrap INFO node id 40 just inserts 50000 TXs 
2023-03-09 07:41:38,189 dumbo_node.py [line:68] prepare_bootstrap INFO node id 40 just inserts 50000 TXs 
2023-03-09 07:41:38,189 dumbo_node.py [line:68] prepare_bootstrap INFO node id 40 just inserts 50000 TXs 
2023-03-09 07:41:38,190 dumbo_node.py [line:68] prepare_bootstrap INFO node id 40 just inserts 50000 TXs 
2023-03-09 07:41:38,190 dumbo_node.py [line:68] prepare_bootstrap INFO node id 40 just inserts 50000 TXs 
2023-03-09 07:41:38,190 dumbo_node.py [line:68] prepare_bootstrap INFO node id 40 just inserts 50000 TXs 
2023-03-09 07:41:38,190 dumbo_node.py [line:68] prepare_bootstrap INFO node id 40 just inserts 50000 TXs 
2023-03-09 07:41:38,190 dumbo_node.py [line:68] prepare_bootstrap INFO node id 40 just inserts 50000 TXs 
2023-03-09 07:41:38,190 dumbo_node.py [line:68] prepare_bootstrap INFO node id 40 just inserts 50000 TXs 
2023-03-09 07:41:38,191 dumbo_node.py [line:68] prepare_bootstrap INFO node id 40 just inserts 50000 TXs 
2023-03-09 07:41:38,191 dumbo_node.py [line:68] prepare_bootstrap INFO node id 40 just inserts 50000 TXs 
2023-03-09 07:41:38,191 dumbo_node.py [line:68] prepare_bootstrap INFO node id 40 just inserts 50000 TXs 
2023-03-09 07:41:38,191 dumbo_node.py [line:68] prepare_bootstrap INFO node id 40 just inserts 50000 TXs 
2023-03-09 07:41:38,191 dumbo_node.py [line:68] prepare_bootstrap INFO node id 40 just inserts 50000 TXs 
2023-03-09 07:41:38,191 dumbo_node.py [line:68] prepare_bootstrap INFO node id 40 just inserts 50000 TXs 
2023-03-09 07:41:38,191 dumbo_node.py [line:68] prepare_bootstrap INFO node id 40 just inserts 50000 TXs 
2023-03-09 07:41:38,192 dumbo_node.py [line:68] prepare_bootstrap INFO node id 40 just inserts 50000 TXs 
2023-03-09 07:41:38,192 dumbo_node.py [line:68] prepare_bootstrap INFO node id 40 just inserts 50000 TXs 
2023-03-09 07:41:38,192 dumbo_node.py [line:68] prepare_bootstrap INFO node id 40 just inserts 50000 TXs 
2023-03-09 07:41:38,192 dumbo_node.py [line:68] prepare_bootstrap INFO node id 40 just inserts 50000 TXs 
2023-03-09 07:41:38,192 dumbo_node.py [line:68] prepare_bootstrap INFO node id 40 just inserts 50000 TXs 
2023-03-09 07:41:38,192 dumbo_node.py [line:68] prepare_bootstrap INFO node id 40 just inserts 50000 TXs 
2023-03-09 07:41:38,192 dumbo_node.py [line:68] prepare_bootstrap INFO node id 40 just inserts 50000 TXs 
2023-03-09 07:41:38,193 dumbo_node.py [line:68] prepare_bootstrap INFO node id 40 just inserts 50000 TXs 
2023-03-09 07:41:38,193 dumbo_node.py [line:68] prepare_bootstrap INFO node id 40 just inserts 50000 TXs 
2023-03-09 07:41:38,193 dumbo_node.py [line:68] prepare_bootstrap INFO node id 40 just inserts 50000 TXs 
2023-03-09 07:41:38,193 dumbo_node.py [line:68] prepare_bootstrap INFO node id 40 just inserts 50000 TXs 
2023-03-09 07:41:38,193 dumbo_node.py [line:72] prepare_bootstrap INFO node id 40 completed the loading of dummy TXs 
2023-03-09 07:41:38,193 dumbo.py [line:179] run_bft INFO Node 40 starts to run at time:1678347698.1938083 
2023-03-09 07:41:43,241 dumbo.py [line:217] run_bft INFO Node 40 Delivers ACS Block in Round 0 with having 3354 TXs 
2023-03-09 07:41:43,242 dumbo.py [line:219] run_bft INFO ACS Block Delay at Node 40: 5.04815411567688 
2023-03-09 07:41:43,242 dumbo.py [line:220] run_bft INFO Current Block's TPS at Node 40: 664.4012688884163 
2023-03-09 07:41:48,415 dumbo.py [line:217] run_bft INFO Node 40 Delivers ACS Block in Round 1 with having 3354 TXs 
2023-03-09 07:41:48,415 dumbo.py [line:219] run_bft INFO ACS Block Delay at Node 40: 5.173441410064697 
2023-03-09 07:41:48,415 dumbo.py [line:220] run_bft INFO Current Block's TPS at Node 40: 648.3111983205114 
2023-03-09 07:41:53,600 dumbo.py [line:217] run_bft INFO Node 40 Delivers ACS Block in Round 2 with having 3354 TXs 
2023-03-09 07:41:53,600 dumbo.py [line:219] run_bft INFO ACS Block Delay at Node 40: 5.1848108768463135 
2023-03-09 07:41:53,600 dumbo.py [line:220] run_bft INFO Current Block's TPS at Node 40: 646.8895548298353 
2023-03-09 07:41:58,807 dumbo.py [line:217] run_bft INFO Node 40 Delivers ACS Block in Round 3 with having 3354 TXs 
2023-03-09 07:41:58,807 dumbo.py [line:219] run_bft INFO ACS Block Delay at Node 40: 5.206684589385986 
2023-03-09 07:41:58,807 dumbo.py [line:220] run_bft INFO Current Block's TPS at Node 40: 644.1719183138632 
2023-03-09 07:42:03,960 dumbo.py [line:217] run_bft INFO Node 40 Delivers ACS Block in Round 4 with having 3354 TXs 
2023-03-09 07:42:03,960 dumbo.py [line:219] run_bft INFO ACS Block Delay at Node 40: 5.153418779373169 
2023-03-09 07:42:03,960 dumbo.py [line:220] run_bft INFO Current Block's TPS at Node 40: 650.8300884501299 
2023-03-09 07:42:09,335 dumbo.py [line:217] run_bft INFO Node 40 Delivers ACS Block in Round 5 with having 3354 TXs 
2023-03-09 07:42:09,335 dumbo.py [line:219] run_bft INFO ACS Block Delay at Node 40: 5.374697923660278 
2023-03-09 07:42:09,335 dumbo.py [line:220] run_bft INFO Current Block's TPS at Node 40: 624.0350709265272 
2023-03-09 07:42:14,557 dumbo.py [line:217] run_bft INFO Node 40 Delivers ACS Block in Round 6 with having 3354 TXs 
2023-03-09 07:42:14,557 dumbo.py [line:219] run_bft INFO ACS Block Delay at Node 40: 5.221764326095581 
2023-03-09 07:42:14,557 dumbo.py [line:220] run_bft INFO Current Block's TPS at Node 40: 642.3116384702589 
2023-03-09 07:42:19,568 dumbo.py [line:217] run_bft INFO Node 40 Delivers ACS Block in Round 7 with having 3354 TXs 
2023-03-09 07:42:19,568 dumbo.py [line:219] run_bft INFO ACS Block Delay at Node 40: 5.011525630950928 
2023-03-09 07:42:19,568 dumbo.py [line:220] run_bft INFO Current Block's TPS at Node 40: 669.2572775216127 
2023-03-09 07:42:24,809 dumbo.py [line:217] run_bft INFO Node 40 Delivers ACS Block in Round 8 with having 3354 TXs 
2023-03-09 07:42:24,809 dumbo.py [line:219] run_bft INFO ACS Block Delay at Node 40: 5.240860939025879 
2023-03-09 07:42:24,809 dumbo.py [line:220] run_bft INFO Current Block's TPS at Node 40: 639.9711877536307 
2023-03-09 07:42:29,839 dumbo.py [line:217] run_bft INFO Node 40 Delivers ACS Block in Round 9 with having 3354 TXs 
2023-03-09 07:42:29,839 dumbo.py [line:219] run_bft INFO ACS Block Delay at Node 40: 5.029560804367065 
2023-03-09 07:42:29,839 dumbo.py [line:220] run_bft INFO Current Block's TPS at Node 40: 666.8574315848393 
2023-03-09 07:42:35,028 dumbo.py [line:217] run_bft INFO Node 40 Delivers ACS Block in Round 10 with having 3354 TXs 
2023-03-09 07:42:35,029 dumbo.py [line:219] run_bft INFO ACS Block Delay at Node 40: 5.189509630203247 
2023-03-09 07:42:35,029 dumbo.py [line:220] run_bft INFO Current Block's TPS at Node 40: 646.3038396690749 
2023-03-09 07:42:40,105 dumbo.py [line:217] run_bft INFO Node 40 Delivers ACS Block in Round 11 with having 3354 TXs 
2023-03-09 07:42:40,105 dumbo.py [line:219] run_bft INFO ACS Block Delay at Node 40: 5.076684236526489 
2023-03-09 07:42:40,105 dumbo.py [line:220] run_bft INFO Current Block's TPS at Node 40: 660.667444287383 
2023-03-09 07:42:45,277 dumbo.py [line:217] run_bft INFO Node 40 Delivers ACS Block in Round 12 with having 3354 TXs 
2023-03-09 07:42:45,278 dumbo.py [line:219] run_bft INFO ACS Block Delay at Node 40: 5.172150135040283 
2023-03-09 07:42:45,278 dumbo.py [line:220] run_bft INFO Current Block's TPS at Node 40: 648.4730551956179 
2023-03-09 07:42:50,587 dumbo.py [line:217] run_bft INFO Node 40 Delivers ACS Block in Round 13 with having 3354 TXs 
2023-03-09 07:42:50,587 dumbo.py [line:219] run_bft INFO ACS Block Delay at Node 40: 5.309490203857422 
2023-03-09 07:42:50,587 dumbo.py [line:220] run_bft INFO Current Block's TPS at Node 40: 631.6990654890502 
2023-03-09 07:42:55,765 dumbo.py [line:217] run_bft INFO Node 40 Delivers ACS Block in Round 14 with having 3354 TXs 
2023-03-09 07:42:55,765 dumbo.py [line:219] run_bft INFO ACS Block Delay at Node 40: 5.177922487258911 
2023-03-09 07:42:55,765 dumbo.py [line:220] run_bft INFO Current Block's TPS at Node 40: 647.7501369039499 
2023-03-09 07:43:00,871 dumbo.py [line:217] run_bft INFO Node 40 Delivers ACS Block in Round 15 with having 3354 TXs 
2023-03-09 07:43:00,871 dumbo.py [line:219] run_bft INFO ACS Block Delay at Node 40: 5.105527639389038 
2023-03-09 07:43:00,871 dumbo.py [line:220] run_bft INFO Current Block's TPS at Node 40: 656.9350392159198 
2023-03-09 07:43:05,942 dumbo.py [line:217] run_bft INFO Node 40 Delivers ACS Block in Round 16 with having 3354 TXs 
2023-03-09 07:43:05,942 dumbo.py [line:219] run_bft INFO ACS Block Delay at Node 40: 5.0710813999176025 
2023-03-09 07:43:05,942 dumbo.py [line:220] run_bft INFO Current Block's TPS at Node 40: 661.3973895300709 
2023-03-09 07:43:11,278 dumbo.py [line:217] run_bft INFO Node 40 Delivers ACS Block in Round 17 with having 3354 TXs 
2023-03-09 07:43:11,278 dumbo.py [line:219] run_bft INFO ACS Block Delay at Node 40: 5.336065053939819 
2023-03-09 07:43:11,278 dumbo.py [line:220] run_bft INFO Current Block's TPS at Node 40: 628.553056624303 
2023-03-09 07:43:16,485 dumbo.py [line:217] run_bft INFO Node 40 Delivers ACS Block in Round 18 with having 3354 TXs 
2023-03-09 07:43:16,485 dumbo.py [line:219] run_bft INFO ACS Block Delay at Node 40: 5.207119703292847 
2023-03-09 07:43:16,485 dumbo.py [line:220] run_bft INFO Current Block's TPS at Node 40: 644.1180904443233 
2023-03-09 07:43:21,609 dumbo.py [line:217] run_bft INFO Node 40 Delivers ACS Block in Round 19 with having 3354 TXs 
2023-03-09 07:43:21,609 dumbo.py [line:219] run_bft INFO ACS Block Delay at Node 40: 5.12398099899292 
2023-03-09 07:43:21,609 dumbo.py [line:220] run_bft INFO Current Block's TPS at Node 40: 654.5691720283903 
2023-03-09 07:43:26,755 dumbo.py [line:217] run_bft INFO Node 40 Delivers ACS Block in Round 20 with having 3354 TXs 
2023-03-09 07:43:26,755 dumbo.py [line:219] run_bft INFO ACS Block Delay at Node 40: 5.145710468292236 
2023-03-09 07:43:26,755 dumbo.py [line:220] run_bft INFO Current Block's TPS at Node 40: 651.8050365770247 
2023-03-09 07:43:31,920 dumbo.py [line:217] run_bft INFO Node 40 Delivers ACS Block in Round 21 with having 3354 TXs 
2023-03-09 07:43:31,920 dumbo.py [line:219] run_bft INFO ACS Block Delay at Node 40: 5.164742469787598 
2023-03-09 07:43:31,920 dumbo.py [line:220] run_bft INFO Current Block's TPS at Node 40: 649.4031444200808 
2023-03-09 07:43:37,119 dumbo.py [line:217] run_bft INFO Node 40 Delivers ACS Block in Round 22 with having 3354 TXs 
2023-03-09 07:43:37,119 dumbo.py [line:219] run_bft INFO ACS Block Delay at Node 40: 5.199118614196777 
2023-03-09 07:43:37,119 dumbo.py [line:220] run_bft INFO Current Block's TPS at Node 40: 645.1093442726093 
2023-03-09 07:43:42,342 dumbo.py [line:217] run_bft INFO Node 40 Delivers ACS Block in Round 23 with having 3354 TXs 
2023-03-09 07:43:42,342 dumbo.py [line:219] run_bft INFO ACS Block Delay at Node 40: 5.223252534866333 
2023-03-09 07:43:42,343 dumbo.py [line:220] run_bft INFO Current Block's TPS at Node 40: 642.1286310802186 
2023-03-09 07:43:47,443 dumbo.py [line:217] run_bft INFO Node 40 Delivers ACS Block in Round 24 with having 3354 TXs 
2023-03-09 07:43:47,443 dumbo.py [line:219] run_bft INFO ACS Block Delay at Node 40: 5.100110769271851 
2023-03-09 07:43:47,443 dumbo.py [line:220] run_bft INFO Current Block's TPS at Node 40: 657.6327753914362 
2023-03-09 07:43:54,666 dumbo.py [line:217] run_bft INFO Node 40 Delivers ACS Block in Round 25 with having 3354 TXs 
2023-03-09 07:43:54,667 dumbo.py [line:219] run_bft INFO ACS Block Delay at Node 40: 7.223824501037598 
2023-03-09 07:43:54,667 dumbo.py [line:220] run_bft INFO Current Block's TPS at Node 40: 464.2969938594503 
2023-03-09 07:43:59,773 dumbo.py [line:217] run_bft INFO Node 40 Delivers ACS Block in Round 26 with having 3354 TXs 
2023-03-09 07:43:59,773 dumbo.py [line:219] run_bft INFO ACS Block Delay at Node 40: 5.1067798137664795 
2023-03-09 07:43:59,773 dumbo.py [line:220] run_bft INFO Current Block's TPS at Node 40: 656.7739597776538 
2023-03-09 07:44:04,901 dumbo.py [line:217] run_bft INFO Node 40 Delivers ACS Block in Round 27 with having 3354 TXs 
2023-03-09 07:44:04,901 dumbo.py [line:219] run_bft INFO ACS Block Delay at Node 40: 5.127967119216919 
2023-03-09 07:44:04,901 dumbo.py [line:220] run_bft INFO Current Block's TPS at Node 40: 654.0603560874981 
2023-03-09 07:44:10,116 dumbo.py [line:217] run_bft INFO Node 40 Delivers ACS Block in Round 28 with having 3354 TXs 
2023-03-09 07:44:10,116 dumbo.py [line:219] run_bft INFO ACS Block Delay at Node 40: 5.214750051498413 
2023-03-09 07:44:10,116 dumbo.py [line:220] run_bft INFO Current Block's TPS at Node 40: 643.1756012996744 
2023-03-09 07:44:15,338 dumbo.py [line:217] run_bft INFO Node 40 Delivers ACS Block in Round 29 with having 3354 TXs 
2023-03-09 07:44:15,338 dumbo.py [line:219] run_bft INFO ACS Block Delay at Node 40: 5.222139596939087 
2023-03-09 07:44:15,339 dumbo.py [line:220] run_bft INFO Current Block's TPS at Node 40: 642.2654809852113 
2023-03-09 07:44:20,619 dumbo.py [line:217] run_bft INFO Node 40 Delivers ACS Block in Round 30 with having 3354 TXs 
2023-03-09 07:44:20,619 dumbo.py [line:219] run_bft INFO ACS Block Delay at Node 40: 5.280476093292236 
2023-03-09 07:44:20,619 dumbo.py [line:220] run_bft INFO Current Block's TPS at Node 40: 635.1699999665883 
2023-03-09 07:44:25,908 dumbo.py [line:217] run_bft INFO Node 40 Delivers ACS Block in Round 31 with having 3354 TXs 
2023-03-09 07:44:25,908 dumbo.py [line:219] run_bft INFO ACS Block Delay at Node 40: 5.288800239562988 
2023-03-09 07:44:25,908 dumbo.py [line:220] run_bft INFO Current Block's TPS at Node 40: 634.170293464731 
2023-03-09 07:44:31,035 dumbo.py [line:217] run_bft INFO Node 40 Delivers ACS Block in Round 32 with having 3354 TXs 
2023-03-09 07:44:31,035 dumbo.py [line:219] run_bft INFO ACS Block Delay at Node 40: 5.12662935256958 
2023-03-09 07:44:31,035 dumbo.py [line:220] run_bft INFO Current Block's TPS at Node 40: 654.2310296567277 
2023-03-09 07:44:36,144 dumbo.py [line:217] run_bft INFO Node 40 Delivers ACS Block in Round 33 with having 3354 TXs 
2023-03-09 07:44:36,144 dumbo.py [line:219] run_bft INFO ACS Block Delay at Node 40: 5.1092774868011475 
2023-03-09 07:44:36,144 dumbo.py [line:220] run_bft INFO Current Block's TPS at Node 40: 656.4528954758133 
2023-03-09 07:44:41,354 dumbo.py [line:217] run_bft INFO Node 40 Delivers ACS Block in Round 34 with having 3354 TXs 
2023-03-09 07:44:41,355 dumbo.py [line:219] run_bft INFO ACS Block Delay at Node 40: 5.210505485534668 
2023-03-09 07:44:41,355 dumbo.py [line:220] run_bft INFO Current Block's TPS at Node 40: 643.6995430311565 
2023-03-09 07:44:46,535 dumbo.py [line:217] run_bft INFO Node 40 Delivers ACS Block in Round 35 with having 3354 TXs 
2023-03-09 07:44:46,535 dumbo.py [line:219] run_bft INFO ACS Block Delay at Node 40: 5.180376768112183 
2023-03-09 07:44:46,535 dumbo.py [line:220] run_bft INFO Current Block's TPS at Node 40: 647.4432556036372 
2023-03-09 07:44:51,789 dumbo.py [line:217] run_bft INFO Node 40 Delivers ACS Block in Round 36 with having 3354 TXs 
2023-03-09 07:44:51,789 dumbo.py [line:219] run_bft INFO ACS Block Delay at Node 40: 5.253726482391357 
2023-03-09 07:44:51,789 dumbo.py [line:220] run_bft INFO Current Block's TPS at Node 40: 638.4039997593 
2023-03-09 07:44:57,051 dumbo.py [line:217] run_bft INFO Node 40 Delivers ACS Block in Round 37 with having 3354 TXs 
2023-03-09 07:44:57,052 dumbo.py [line:219] run_bft INFO ACS Block Delay at Node 40: 5.2628014087677 
2023-03-09 07:44:57,052 dumbo.py [line:220] run_bft INFO Current Block's TPS at Node 40: 637.3031660309881 
2023-03-09 07:45:02,370 dumbo.py [line:217] run_bft INFO Node 40 Delivers ACS Block in Round 38 with having 3354 TXs 
2023-03-09 07:45:02,370 dumbo.py [line:219] run_bft INFO ACS Block Delay at Node 40: 5.318337440490723 
2023-03-09 07:45:02,370 dumbo.py [line:220] run_bft INFO Current Block's TPS at Node 40: 630.6482124403386 
2023-03-09 07:45:07,412 dumbo.py [line:217] run_bft INFO Node 40 Delivers ACS Block in Round 39 with having 3354 TXs 
2023-03-09 07:45:07,412 dumbo.py [line:219] run_bft INFO ACS Block Delay at Node 40: 5.041544675827026 
2023-03-09 07:45:07,412 dumbo.py [line:220] run_bft INFO Current Block's TPS at Node 40: 665.2722956282843 
2023-03-09 07:45:12,611 dumbo.py [line:217] run_bft INFO Node 40 Delivers ACS Block in Round 40 with having 3354 TXs 
2023-03-09 07:45:12,611 dumbo.py [line:219] run_bft INFO ACS Block Delay at Node 40: 5.199261665344238 
2023-03-09 07:45:12,611 dumbo.py [line:220] run_bft INFO Current Block's TPS at Node 40: 645.091594900126 
2023-03-09 07:45:17,813 dumbo.py [line:217] run_bft INFO Node 40 Delivers ACS Block in Round 41 with having 3354 TXs 
2023-03-09 07:45:17,813 dumbo.py [line:219] run_bft INFO ACS Block Delay at Node 40: 5.202163457870483 
2023-03-09 07:45:17,813 dumbo.py [line:220] run_bft INFO Current Block's TPS at Node 40: 644.7317596154442 
2023-03-09 07:45:23,122 dumbo.py [line:217] run_bft INFO Node 40 Delivers ACS Block in Round 42 with having 3354 TXs 
2023-03-09 07:45:23,122 dumbo.py [line:219] run_bft INFO ACS Block Delay at Node 40: 5.308964490890503 
2023-03-09 07:45:23,122 dumbo.py [line:220] run_bft INFO Current Block's TPS at Node 40: 631.7616186273294 
2023-03-09 07:45:28,362 dumbo.py [line:217] run_bft INFO Node 40 Delivers ACS Block in Round 43 with having 3354 TXs 
2023-03-09 07:45:28,362 dumbo.py [line:219] run_bft INFO ACS Block Delay at Node 40: 5.2392942905426025 
2023-03-09 07:45:28,362 dumbo.py [line:220] run_bft INFO Current Block's TPS at Node 40: 640.1625512913583 
2023-03-09 07:45:33,410 dumbo.py [line:217] run_bft INFO Node 40 Delivers ACS Block in Round 44 with having 3354 TXs 
2023-03-09 07:45:33,410 dumbo.py [line:219] run_bft INFO ACS Block Delay at Node 40: 5.0485520362854 
2023-03-09 07:45:33,410 dumbo.py [line:220] run_bft INFO Current Block's TPS at Node 40: 664.3489016046252 
2023-03-09 07:45:38,553 dumbo.py [line:217] run_bft INFO Node 40 Delivers ACS Block in Round 45 with having 3354 TXs 
2023-03-09 07:45:38,553 dumbo.py [line:219] run_bft INFO ACS Block Delay at Node 40: 5.142430305480957 
2023-03-09 07:45:38,553 dumbo.py [line:220] run_bft INFO Current Block's TPS at Node 40: 652.2207984861177 
2023-03-09 07:45:43,761 dumbo.py [line:217] run_bft INFO Node 40 Delivers ACS Block in Round 46 with having 3354 TXs 
2023-03-09 07:45:43,761 dumbo.py [line:219] run_bft INFO ACS Block Delay at Node 40: 5.2079832553863525 
2023-03-09 07:45:43,761 dumbo.py [line:220] run_bft INFO Current Block's TPS at Node 40: 644.0112871966568 
2023-03-09 07:45:49,244 dumbo.py [line:217] run_bft INFO Node 40 Delivers ACS Block in Round 47 with having 3354 TXs 
2023-03-09 07:45:49,244 dumbo.py [line:219] run_bft INFO ACS Block Delay at Node 40: 5.483314514160156 
2023-03-09 07:45:49,244 dumbo.py [line:220] run_bft INFO Current Block's TPS at Node 40: 611.6738318290156 
2023-03-09 07:45:54,223 dumbo.py [line:217] run_bft INFO Node 40 Delivers ACS Block in Round 48 with having 3354 TXs 
2023-03-09 07:45:54,223 dumbo.py [line:219] run_bft INFO ACS Block Delay at Node 40: 4.9784746170043945 
2023-03-09 07:45:54,223 dumbo.py [line:220] run_bft INFO Current Block's TPS at Node 40: 673.700331532099 
2023-03-09 07:45:59,464 dumbo.py [line:217] run_bft INFO Node 40 Delivers ACS Block in Round 49 with having 3354 TXs 
2023-03-09 07:45:59,464 dumbo.py [line:219] run_bft INFO ACS Block Delay at Node 40: 5.240987300872803 
2023-03-09 07:45:59,464 dumbo.py [line:220] run_bft INFO Current Block's TPS at Node 40: 639.9557578476569 
2023-03-09 07:46:04,641 dumbo.py [line:217] run_bft INFO Node 40 Delivers ACS Block in Round 50 with having 3354 TXs 
2023-03-09 07:46:04,641 dumbo.py [line:219] run_bft INFO ACS Block Delay at Node 40: 5.176592111587524 
2023-03-09 07:46:04,641 dumbo.py [line:220] run_bft INFO Current Block's TPS at Node 40: 647.9166076253623 
2023-03-09 07:46:09,764 dumbo.py [line:217] run_bft INFO Node 40 Delivers ACS Block in Round 51 with having 3354 TXs 
2023-03-09 07:46:09,764 dumbo.py [line:219] run_bft INFO ACS Block Delay at Node 40: 5.123318672180176 
2023-03-09 07:46:09,764 dumbo.py [line:220] run_bft INFO Current Block's TPS at Node 40: 654.65379270908 
2023-03-09 07:46:14,940 dumbo.py [line:217] run_bft INFO Node 40 Delivers ACS Block in Round 52 with having 3354 TXs 
2023-03-09 07:46:14,940 dumbo.py [line:219] run_bft INFO ACS Block Delay at Node 40: 5.175938844680786 
2023-03-09 07:46:14,940 dumbo.py [line:220] run_bft INFO Current Block's TPS at Node 40: 647.9983826406376 
2023-03-09 07:46:20,162 dumbo.py [line:217] run_bft INFO Node 40 Delivers ACS Block in Round 53 with having 3354 TXs 
2023-03-09 07:46:20,162 dumbo.py [line:219] run_bft INFO ACS Block Delay at Node 40: 5.22238564491272 
2023-03-09 07:46:20,163 dumbo.py [line:220] run_bft INFO Current Block's TPS at Node 40: 642.2352212282964 
2023-03-09 07:46:25,377 dumbo.py [line:217] run_bft INFO Node 40 Delivers ACS Block in Round 54 with having 3354 TXs 
2023-03-09 07:46:25,377 dumbo.py [line:219] run_bft INFO ACS Block Delay at Node 40: 5.214301586151123 
2023-03-09 07:46:25,377 dumbo.py [line:220] run_bft INFO Current Block's TPS at Node 40: 643.2309187692606 
2023-03-09 07:46:30,621 dumbo.py [line:217] run_bft INFO Node 40 Delivers ACS Block in Round 55 with having 3354 TXs 
2023-03-09 07:46:30,621 dumbo.py [line:219] run_bft INFO ACS Block Delay at Node 40: 5.244048595428467 
2023-03-09 07:46:30,621 dumbo.py [line:220] run_bft INFO Current Block's TPS at Node 40: 639.5821737662521 
2023-03-09 07:46:35,730 dumbo.py [line:217] run_bft INFO Node 40 Delivers ACS Block in Round 56 with having 3354 TXs 
2023-03-09 07:46:35,730 dumbo.py [line:219] run_bft INFO ACS Block Delay at Node 40: 5.108938932418823 
2023-03-09 07:46:35,730 dumbo.py [line:220] run_bft INFO Current Block's TPS at Node 40: 656.4963966817375 
2023-03-09 07:46:40,953 dumbo.py [line:217] run_bft INFO Node 40 Delivers ACS Block in Round 57 with having 3354 TXs 
2023-03-09 07:46:40,953 dumbo.py [line:219] run_bft INFO ACS Block Delay at Node 40: 5.223068475723267 
2023-03-09 07:46:40,953 dumbo.py [line:220] run_bft INFO Current Block's TPS at Node 40: 642.1512594731114 
2023-03-09 07:46:46,155 dumbo.py [line:217] run_bft INFO Node 40 Delivers ACS Block in Round 58 with having 3354 TXs 
2023-03-09 07:46:46,155 dumbo.py [line:219] run_bft INFO ACS Block Delay at Node 40: 5.201575517654419 
2023-03-09 07:46:46,155 dumbo.py [line:220] run_bft INFO Current Block's TPS at Node 40: 644.8046344067002 
2023-03-09 07:46:51,410 dumbo.py [line:217] run_bft INFO Node 40 Delivers ACS Block in Round 59 with having 3354 TXs 
2023-03-09 07:46:51,410 dumbo.py [line:219] run_bft INFO ACS Block Delay at Node 40: 5.255256414413452 
2023-03-09 07:46:51,410 dumbo.py [line:220] run_bft INFO Current Block's TPS at Node 40: 638.2181449417146 
2023-03-09 07:46:56,604 dumbo.py [line:217] run_bft INFO Node 40 Delivers ACS Block in Round 60 with having 3354 TXs 
2023-03-09 07:46:56,604 dumbo.py [line:219] run_bft INFO ACS Block Delay at Node 40: 5.193612337112427 
2023-03-09 07:46:56,604 dumbo.py [line:220] run_bft INFO Current Block's TPS at Node 40: 645.7932903526595 
2023-03-09 07:47:01,690 dumbo.py [line:217] run_bft INFO Node 40 Delivers ACS Block in Round 61 with having 3354 TXs 
2023-03-09 07:47:01,690 dumbo.py [line:219] run_bft INFO ACS Block Delay at Node 40: 5.086262941360474 
2023-03-09 07:47:01,690 dumbo.py [line:220] run_bft INFO Current Block's TPS at Node 40: 659.4232423034881 
2023-03-09 07:47:07,034 dumbo.py [line:217] run_bft INFO Node 40 Delivers ACS Block in Round 62 with having 3354 TXs 
2023-03-09 07:47:07,034 dumbo.py [line:219] run_bft INFO ACS Block Delay at Node 40: 5.344115734100342 
2023-03-09 07:47:07,034 dumbo.py [line:220] run_bft INFO Current Block's TPS at Node 40: 627.6061685188469 
2023-03-09 07:47:12,284 dumbo.py [line:217] run_bft INFO Node 40 Delivers ACS Block in Round 63 with having 3354 TXs 
2023-03-09 07:47:12,284 dumbo.py [line:219] run_bft INFO ACS Block Delay at Node 40: 5.249951124191284 
2023-03-09 07:47:12,284 dumbo.py [line:220] run_bft INFO Current Block's TPS at Node 40: 638.8630904667058 
2023-03-09 07:47:17,511 dumbo.py [line:217] run_bft INFO Node 40 Delivers ACS Block in Round 64 with having 3354 TXs 
2023-03-09 07:47:17,511 dumbo.py [line:219] run_bft INFO ACS Block Delay at Node 40: 5.226758241653442 
2023-03-09 07:47:17,511 dumbo.py [line:220] run_bft INFO Current Block's TPS at Node 40: 641.6979406606321 
2023-03-09 07:47:22,655 dumbo.py [line:217] run_bft INFO Node 40 Delivers ACS Block in Round 65 with having 3354 TXs 
2023-03-09 07:47:22,655 dumbo.py [line:219] run_bft INFO ACS Block Delay at Node 40: 5.1438469886779785 
2023-03-09 07:47:22,655 dumbo.py [line:220] run_bft INFO Current Block's TPS at Node 40: 652.041168289497 
2023-03-09 07:47:27,886 dumbo.py [line:217] run_bft INFO Node 40 Delivers ACS Block in Round 66 with having 3354 TXs 
2023-03-09 07:47:27,887 dumbo.py [line:219] run_bft INFO ACS Block Delay at Node 40: 5.23134183883667 
2023-03-09 07:47:27,887 dumbo.py [line:220] run_bft INFO Current Block's TPS at Node 40: 641.1356977478368 
2023-03-09 07:47:33,129 dumbo.py [line:217] run_bft INFO Node 40 Delivers ACS Block in Round 67 with having 3354 TXs 
2023-03-09 07:47:33,129 dumbo.py [line:219] run_bft INFO ACS Block Delay at Node 40: 5.24282693862915 
2023-03-09 07:47:33,130 dumbo.py [line:220] run_bft INFO Current Block's TPS at Node 40: 639.7312059430624 
2023-03-09 07:47:38,356 dumbo.py [line:217] run_bft INFO Node 40 Delivers ACS Block in Round 68 with having 3354 TXs 
2023-03-09 07:47:38,357 dumbo.py [line:219] run_bft INFO ACS Block Delay at Node 40: 5.227049350738525 
2023-03-09 07:47:38,357 dumbo.py [line:220] run_bft INFO Current Block's TPS at Node 40: 641.6622026968458 
2023-03-09 07:47:43,430 dumbo.py [line:217] run_bft INFO Node 40 Delivers ACS Block in Round 69 with having 3354 TXs 
2023-03-09 07:47:43,430 dumbo.py [line:219] run_bft INFO ACS Block Delay at Node 40: 5.07312536239624 
2023-03-09 07:47:43,430 dumbo.py [line:220] run_bft INFO Current Block's TPS at Node 40: 661.1309124866119 
2023-03-09 07:47:48,871 dumbo.py [line:217] run_bft INFO Node 40 Delivers ACS Block in Round 70 with having 3354 TXs 
2023-03-09 07:47:48,872 dumbo.py [line:219] run_bft INFO ACS Block Delay at Node 40: 5.441742897033691 
2023-03-09 07:47:48,872 dumbo.py [line:220] run_bft INFO Current Block's TPS at Node 40: 616.3466491274835 
2023-03-09 07:47:53,920 dumbo.py [line:217] run_bft INFO Node 40 Delivers ACS Block in Round 71 with having 3354 TXs 
2023-03-09 07:47:53,920 dumbo.py [line:219] run_bft INFO ACS Block Delay at Node 40: 5.04814600944519 
2023-03-09 07:47:53,920 dumbo.py [line:220] run_bft INFO Current Block's TPS at Node 40: 664.4023357732905 
2023-03-09 07:47:59,126 dumbo.py [line:217] run_bft INFO Node 40 Delivers ACS Block in Round 72 with having 3354 TXs 
2023-03-09 07:47:59,126 dumbo.py [line:219] run_bft INFO ACS Block Delay at Node 40: 5.206148147583008 
2023-03-09 07:47:59,126 dumbo.py [line:220] run_bft INFO Current Block's TPS at Node 40: 644.2382938251803 
2023-03-09 07:48:04,410 dumbo.py [line:217] run_bft INFO Node 40 Delivers ACS Block in Round 73 with having 3354 TXs 
2023-03-09 07:48:04,410 dumbo.py [line:219] run_bft INFO ACS Block Delay at Node 40: 5.284332513809204 
2023-03-09 07:48:04,411 dumbo.py [line:220] run_bft INFO Current Block's TPS at Node 40: 634.7064631597669 
2023-03-09 07:48:09,627 dumbo.py [line:217] run_bft INFO Node 40 Delivers ACS Block in Round 74 with having 3354 TXs 
2023-03-09 07:48:09,627 dumbo.py [line:219] run_bft INFO ACS Block Delay at Node 40: 5.216804027557373 
2023-03-09 07:48:09,627 dumbo.py [line:220] run_bft INFO Current Block's TPS at Node 40: 642.9223682321108 
2023-03-09 07:48:14,779 dumbo.py [line:217] run_bft INFO Node 40 Delivers ACS Block in Round 75 with having 3354 TXs 
2023-03-09 07:48:14,779 dumbo.py [line:219] run_bft INFO ACS Block Delay at Node 40: 5.151943922042847 
2023-03-09 07:48:14,779 dumbo.py [line:220] run_bft INFO Current Block's TPS at Node 40: 651.0164028862475 
2023-03-09 07:48:20,018 dumbo.py [line:217] run_bft INFO Node 40 Delivers ACS Block in Round 76 with having 3354 TXs 
2023-03-09 07:48:20,018 dumbo.py [line:219] run_bft INFO ACS Block Delay at Node 40: 5.2386474609375 
2023-03-09 07:48:20,018 dumbo.py [line:220] run_bft INFO Current Block's TPS at Node 40: 640.2415938483048 
2023-03-09 07:48:25,143 dumbo.py [line:217] run_bft INFO Node 40 Delivers ACS Block in Round 77 with having 3354 TXs 
2023-03-09 07:48:25,143 dumbo.py [line:219] run_bft INFO ACS Block Delay at Node 40: 5.125109910964966 
2023-03-09 07:48:25,143 dumbo.py [line:220] run_bft INFO Current Block's TPS at Node 40: 654.4249895644681 
2023-03-09 07:48:30,428 dumbo.py [line:217] run_bft INFO Node 40 Delivers ACS Block in Round 78 with having 3354 TXs 
2023-03-09 07:48:30,429 dumbo.py [line:219] run_bft INFO ACS Block Delay at Node 40: 5.285326719284058 
2023-03-09 07:48:30,429 dumbo.py [line:220] run_bft INFO Current Block's TPS at Node 40: 634.5870706086317 
2023-03-09 07:48:35,543 dumbo.py [line:217] run_bft INFO Node 40 Delivers ACS Block in Round 79 with having 3354 TXs 
2023-03-09 07:48:35,543 dumbo.py [line:219] run_bft INFO ACS Block Delay at Node 40: 5.1141273975372314 
2023-03-09 07:48:35,543 dumbo.py [line:220] run_bft INFO Current Block's TPS at Node 40: 655.8303576119669 
2023-03-09 07:48:40,757 dumbo.py [line:217] run_bft INFO Node 40 Delivers ACS Block in Round 80 with having 3354 TXs 
2023-03-09 07:48:40,757 dumbo.py [line:219] run_bft INFO ACS Block Delay at Node 40: 5.214527606964111 
2023-03-09 07:48:40,757 dumbo.py [line:220] run_bft INFO Current Block's TPS at Node 40: 643.203038281102 
2023-03-09 07:48:45,933 dumbo.py [line:217] run_bft INFO Node 40 Delivers ACS Block in Round 81 with having 3354 TXs 
2023-03-09 07:48:45,933 dumbo.py [line:219] run_bft INFO ACS Block Delay at Node 40: 5.175567388534546 
2023-03-09 07:48:45,933 dumbo.py [line:220] run_bft INFO Current Block's TPS at Node 40: 648.0448901950593 
2023-03-09 07:48:51,184 dumbo.py [line:217] run_bft INFO Node 40 Delivers ACS Block in Round 82 with having 3354 TXs 
2023-03-09 07:48:51,184 dumbo.py [line:219] run_bft INFO ACS Block Delay at Node 40: 5.251091718673706 
2023-03-09 07:48:51,184 dumbo.py [line:220] run_bft INFO Current Block's TPS at Node 40: 638.724322424735 
2023-03-09 07:48:56,449 dumbo.py [line:217] run_bft INFO Node 40 Delivers ACS Block in Round 83 with having 3354 TXs 
2023-03-09 07:48:56,449 dumbo.py [line:219] run_bft INFO ACS Block Delay at Node 40: 5.26444411277771 
2023-03-09 07:48:56,449 dumbo.py [line:220] run_bft INFO Current Block's TPS at Node 40: 637.1043035406656 
2023-03-09 07:49:01,647 dumbo.py [line:217] run_bft INFO Node 40 Delivers ACS Block in Round 84 with having 3354 TXs 
2023-03-09 07:49:01,648 dumbo.py [line:219] run_bft INFO ACS Block Delay at Node 40: 5.198718070983887 
2023-03-09 07:49:01,648 dumbo.py [line:220] run_bft INFO Current Block's TPS at Node 40: 645.1590477121673 
2023-03-09 07:49:06,782 dumbo.py [line:217] run_bft INFO Node 40 Delivers ACS Block in Round 85 with having 3354 TXs 
2023-03-09 07:49:06,783 dumbo.py [line:219] run_bft INFO ACS Block Delay at Node 40: 5.134935140609741 
2023-03-09 07:49:06,783 dumbo.py [line:220] run_bft INFO Current Block's TPS at Node 40: 653.1728070866604 
2023-03-09 07:49:12,119 dumbo.py [line:217] run_bft INFO Node 40 Delivers ACS Block in Round 86 with having 3354 TXs 
2023-03-09 07:49:12,119 dumbo.py [line:219] run_bft INFO ACS Block Delay at Node 40: 5.336519241333008 
2023-03-09 07:49:12,119 dumbo.py [line:220] run_bft INFO Current Block's TPS at Node 40: 628.4995609164533 
2023-03-09 07:49:20,130 dumbo.py [line:217] run_bft INFO Node 40 Delivers ACS Block in Round 87 with having 3354 TXs 
2023-03-09 07:49:20,131 dumbo.py [line:219] run_bft INFO ACS Block Delay at Node 40: 8.011324644088745 
2023-03-09 07:49:20,131 dumbo.py [line:220] run_bft INFO Current Block's TPS at Node 40: 418.65735680488126 
2023-03-09 07:49:25,190 dumbo.py [line:217] run_bft INFO Node 40 Delivers ACS Block in Round 88 with having 3354 TXs 
2023-03-09 07:49:25,190 dumbo.py [line:219] run_bft INFO ACS Block Delay at Node 40: 5.059823274612427 
2023-03-09 07:49:25,190 dumbo.py [line:220] run_bft INFO Current Block's TPS at Node 40: 662.8690011425173 
2023-03-09 07:49:30,636 dumbo.py [line:217] run_bft INFO Node 40 Delivers ACS Block in Round 89 with having 3354 TXs 
2023-03-09 07:49:30,637 dumbo.py [line:219] run_bft INFO ACS Block Delay at Node 40: 5.446027040481567 
2023-03-09 07:49:30,637 dumbo.py [line:220] run_bft INFO Current Block's TPS at Node 40: 615.8617970621426 
2023-03-09 07:49:35,655 dumbo.py [line:217] run_bft INFO Node 40 Delivers ACS Block in Round 90 with having 3354 TXs 
2023-03-09 07:49:35,655 dumbo.py [line:219] run_bft INFO ACS Block Delay at Node 40: 5.01815938949585 
2023-03-09 07:49:35,655 dumbo.py [line:220] run_bft INFO Current Block's TPS at Node 40: 668.3725524981701 
2023-03-09 07:49:40,895 dumbo.py [line:217] run_bft INFO Node 40 Delivers ACS Block in Round 91 with having 3354 TXs 
2023-03-09 07:49:40,895 dumbo.py [line:219] run_bft INFO ACS Block Delay at Node 40: 5.240118026733398 
2023-03-09 07:49:40,895 dumbo.py [line:220] run_bft INFO Current Block's TPS at Node 40: 640.061919004299 
2023-03-09 07:49:46,114 dumbo.py [line:217] run_bft INFO Node 40 Delivers ACS Block in Round 92 with having 3354 TXs 
2023-03-09 07:49:46,114 dumbo.py [line:219] run_bft INFO ACS Block Delay at Node 40: 5.219260931015015 
2023-03-09 07:49:46,114 dumbo.py [line:220] run_bft INFO Current Block's TPS at Node 40: 642.6197203648394 
2023-03-09 07:49:51,326 dumbo.py [line:217] run_bft INFO Node 40 Delivers ACS Block in Round 93 with having 3354 TXs 
2023-03-09 07:49:51,326 dumbo.py [line:219] run_bft INFO ACS Block Delay at Node 40: 5.211775779724121 
2023-03-09 07:49:51,326 dumbo.py [line:220] run_bft INFO Current Block's TPS at Node 40: 643.5426506735752 
2023-03-09 07:49:56,505 dumbo.py [line:217] run_bft INFO Node 40 Delivers ACS Block in Round 94 with having 3354 TXs 
2023-03-09 07:49:56,505 dumbo.py [line:219] run_bft INFO ACS Block Delay at Node 40: 5.179287433624268 
2023-03-09 07:49:56,505 dumbo.py [line:220] run_bft INFO Current Block's TPS at Node 40: 647.5794292136821 
2023-03-09 07:50:01,808 dumbo.py [line:217] run_bft INFO Node 40 Delivers ACS Block in Round 95 with having 3354 TXs 
2023-03-09 07:50:01,808 dumbo.py [line:219] run_bft INFO ACS Block Delay at Node 40: 5.302168846130371 
2023-03-09 07:50:01,808 dumbo.py [line:220] run_bft INFO Current Block's TPS at Node 40: 632.5713302109978 
2023-03-09 07:50:07,047 dumbo.py [line:217] run_bft INFO Node 40 Delivers ACS Block in Round 96 with having 3354 TXs 
2023-03-09 07:50:07,047 dumbo.py [line:219] run_bft INFO ACS Block Delay at Node 40: 5.2393763065338135 
2023-03-09 07:50:07,047 dumbo.py [line:220] run_bft INFO Current Block's TPS at Node 40: 640.152530334071 
2023-03-09 07:50:12,218 dumbo.py [line:217] run_bft INFO Node 40 Delivers ACS Block in Round 97 with having 3354 TXs 
2023-03-09 07:50:12,218 dumbo.py [line:219] run_bft INFO ACS Block Delay at Node 40: 5.170814752578735 
2023-03-09 07:50:12,218 dumbo.py [line:220] run_bft INFO Current Block's TPS at Node 40: 648.6405258141045 
2023-03-09 07:50:17,458 dumbo.py [line:217] run_bft INFO Node 40 Delivers ACS Block in Round 98 with having 3354 TXs 
2023-03-09 07:50:17,458 dumbo.py [line:219] run_bft INFO ACS Block Delay at Node 40: 5.240148544311523 
2023-03-09 07:50:17,458 dumbo.py [line:220] run_bft INFO Current Block's TPS at Node 40: 640.058191411569 
2023-03-09 07:50:22,689 dumbo.py [line:217] run_bft INFO Node 40 Delivers ACS Block in Round 99 with having 3354 TXs 
2023-03-09 07:50:22,690 dumbo.py [line:219] run_bft INFO ACS Block Delay at Node 40: 5.23133111000061 
2023-03-09 07:50:22,690 dumbo.py [line:220] run_bft INFO Current Block's TPS at Node 40: 641.1370126406716 
2023-03-09 07:50:22,690 dumbo.py [line:241] run_bft INFO node 40 breaks in 524.496372 seconds with total delivered Txs 335400 
