2023-03-09 07:41:38,202 dumbo_node.py [line:77] run INFO node 55's starts to run consensus on process id 2906579 
2023-03-09 07:41:38,203 dumbo_node.py [line:59] prepare_bootstrap INFO node id 55 is inserting dummy payload TXs 
2023-03-09 07:41:38,203 dumbo_node.py [line:68] prepare_bootstrap INFO node id 55 just inserts 50000 TXs 
2023-03-09 07:41:38,203 dumbo_node.py [line:68] prepare_bootstrap INFO node id 55 just inserts 50000 TXs 
2023-03-09 07:41:38,203 dumbo_node.py [line:68] prepare_bootstrap INFO node id 55 just inserts 50000 TXs 
2023-03-09 07:41:38,203 dumbo_node.py [line:68] prepare_bootstrap INFO node id 55 just inserts 50000 TXs 
2023-03-09 07:41:38,204 dumbo_node.py [line:68] prepare_bootstrap INFO node id 55 just inserts 50000 TXs 
2023-03-09 07:41:38,204 dumbo_node.py [line:68] prepare_bootstrap INFO node id 55 just inserts 50000 TXs 
2023-03-09 07:41:38,204 dumbo_node.py [line:68] prepare_bootstrap INFO node id 55 just inserts 50000 TXs 
2023-03-09 07:41:38,204 dumbo_node.py [line:68] prepare_bootstrap INFO node id 55 just inserts 50000 TXs 
2023-03-09 07:41:38,204 dumbo_node.py [line:68] prepare_bootstrap INFO node id 55 just inserts 50000 TXs 
2023-03-09 07:41:38,204 dumbo_node.py [line:68] prepare_bootstrap INFO node id 55 just inserts 50000 TXs 
2023-03-09 07:41:38,204 dumbo_node.py [line:68] prepare_bootstrap INFO node id 55 just inserts 50000 TXs 
2023-03-09 07:41:38,204 dumbo_node.py [line:68] prepare_bootstrap INFO node id 55 just inserts 50000 TXs 
2023-03-09 07:41:38,205 dumbo_node.py [line:68] prepare_bootstrap INFO node id 55 just inserts 50000 TXs 
2023-03-09 07:41:38,205 dumbo_node.py [line:68] prepare_bootstrap INFO node id 55 just inserts 50000 TXs 
2023-03-09 07:41:38,205 dumbo_node.py [line:68] prepare_bootstrap INFO node id 55 just inserts 50000 TXs 
2023-03-09 07:41:38,205 dumbo_node.py [line:68] prepare_bootstrap INFO node id 55 just inserts 50000 TXs 
2023-03-09 07:41:38,205 dumbo_node.py [line:68] prepare_bootstrap INFO node id 55 just inserts 50000 TXs 
2023-03-09 07:41:38,205 dumbo_node.py [line:68] prepare_bootstrap INFO node id 55 just inserts 50000 TXs 
2023-03-09 07:41:38,205 dumbo_node.py [line:68] prepare_bootstrap INFO node id 55 just inserts 50000 TXs 
2023-03-09 07:41:38,205 dumbo_node.py [line:68] prepare_bootstrap INFO node id 55 just inserts 50000 TXs 
2023-03-09 07:41:38,205 dumbo_node.py [line:68] prepare_bootstrap INFO node id 55 just inserts 50000 TXs 
2023-03-09 07:41:38,206 dumbo_node.py [line:68] prepare_bootstrap INFO node id 55 just inserts 50000 TXs 
2023-03-09 07:41:38,206 dumbo_node.py [line:68] prepare_bootstrap INFO node id 55 just inserts 50000 TXs 
2023-03-09 07:41:38,206 dumbo_node.py [line:68] prepare_bootstrap INFO node id 55 just inserts 50000 TXs 
2023-03-09 07:41:38,206 dumbo_node.py [line:68] prepare_bootstrap INFO node id 55 just inserts 50000 TXs 
2023-03-09 07:41:38,206 dumbo_node.py [line:68] prepare_bootstrap INFO node id 55 just inserts 50000 TXs 
2023-03-09 07:41:38,206 dumbo_node.py [line:68] prepare_bootstrap INFO node id 55 just inserts 50000 TXs 
2023-03-09 07:41:38,206 dumbo_node.py [line:68] prepare_bootstrap INFO node id 55 just inserts 50000 TXs 
2023-03-09 07:41:38,206 dumbo_node.py [line:68] prepare_bootstrap INFO node id 55 just inserts 50000 TXs 
2023-03-09 07:41:38,207 dumbo_node.py [line:68] prepare_bootstrap INFO node id 55 just inserts 50000 TXs 
2023-03-09 07:41:38,207 dumbo_node.py [line:68] prepare_bootstrap INFO node id 55 just inserts 50000 TXs 
2023-03-09 07:41:38,207 dumbo_node.py [line:68] prepare_bootstrap INFO node id 55 just inserts 50000 TXs 
2023-03-09 07:41:38,207 dumbo_node.py [line:68] prepare_bootstrap INFO node id 55 just inserts 50000 TXs 
2023-03-09 07:41:38,207 dumbo_node.py [line:68] prepare_bootstrap INFO node id 55 just inserts 50000 TXs 
2023-03-09 07:41:38,207 dumbo_node.py [line:68] prepare_bootstrap INFO node id 55 just inserts 50000 TXs 
2023-03-09 07:41:38,207 dumbo_node.py [line:68] prepare_bootstrap INFO node id 55 just inserts 50000 TXs 
2023-03-09 07:41:38,207 dumbo_node.py [line:68] prepare_bootstrap INFO node id 55 just inserts 50000 TXs 
2023-03-09 07:41:38,207 dumbo_node.py [line:68] prepare_bootstrap INFO node id 55 just inserts 50000 TXs 
2023-03-09 07:41:38,208 dumbo_node.py [line:68] prepare_bootstrap INFO node id 55 just inserts 50000 TXs 
2023-03-09 07:41:38,208 dumbo_node.py [line:68] prepare_bootstrap INFO node id 55 just inserts 50000 TXs 
2023-03-09 07:41:38,208 dumbo_node.py [line:68] prepare_bootstrap INFO node id 55 just inserts 50000 TXs 
2023-03-09 07:41:38,208 dumbo_node.py [line:68] prepare_bootstrap INFO node id 55 just inserts 50000 TXs 
2023-03-09 07:41:38,208 dumbo_node.py [line:68] prepare_bootstrap INFO node id 55 just inserts 50000 TXs 
2023-03-09 07:41:38,208 dumbo_node.py [line:68] prepare_bootstrap INFO node id 55 just inserts 50000 TXs 
2023-03-09 07:41:38,208 dumbo_node.py [line:68] prepare_bootstrap INFO node id 55 just inserts 50000 TXs 
2023-03-09 07:41:38,208 dumbo_node.py [line:68] prepare_bootstrap INFO node id 55 just inserts 50000 TXs 
2023-03-09 07:41:38,209 dumbo_node.py [line:68] prepare_bootstrap INFO node id 55 just inserts 50000 TXs 
2023-03-09 07:41:38,209 dumbo_node.py [line:68] prepare_bootstrap INFO node id 55 just inserts 50000 TXs 
2023-03-09 07:41:38,209 dumbo_node.py [line:68] prepare_bootstrap INFO node id 55 just inserts 50000 TXs 
2023-03-09 07:41:38,209 dumbo_node.py [line:68] prepare_bootstrap INFO node id 55 just inserts 50000 TXs 
2023-03-09 07:41:38,209 dumbo_node.py [line:68] prepare_bootstrap INFO node id 55 just inserts 50000 TXs 
2023-03-09 07:41:38,209 dumbo_node.py [line:68] prepare_bootstrap INFO node id 55 just inserts 50000 TXs 
2023-03-09 07:41:38,209 dumbo_node.py [line:68] prepare_bootstrap INFO node id 55 just inserts 50000 TXs 
2023-03-09 07:41:38,209 dumbo_node.py [line:68] prepare_bootstrap INFO node id 55 just inserts 50000 TXs 
2023-03-09 07:41:38,209 dumbo_node.py [line:68] prepare_bootstrap INFO node id 55 just inserts 50000 TXs 
2023-03-09 07:41:38,210 dumbo_node.py [line:68] prepare_bootstrap INFO node id 55 just inserts 50000 TXs 
2023-03-09 07:41:38,210 dumbo_node.py [line:68] prepare_bootstrap INFO node id 55 just inserts 50000 TXs 
2023-03-09 07:41:38,210 dumbo_node.py [line:68] prepare_bootstrap INFO node id 55 just inserts 50000 TXs 
2023-03-09 07:41:38,210 dumbo_node.py [line:68] prepare_bootstrap INFO node id 55 just inserts 50000 TXs 
2023-03-09 07:41:38,210 dumbo_node.py [line:68] prepare_bootstrap INFO node id 55 just inserts 50000 TXs 
2023-03-09 07:41:38,210 dumbo_node.py [line:68] prepare_bootstrap INFO node id 55 just inserts 50000 TXs 
2023-03-09 07:41:38,210 dumbo_node.py [line:68] prepare_bootstrap INFO node id 55 just inserts 50000 TXs 
2023-03-09 07:41:38,210 dumbo_node.py [line:68] prepare_bootstrap INFO node id 55 just inserts 50000 TXs 
2023-03-09 07:41:38,210 dumbo_node.py [line:68] prepare_bootstrap INFO node id 55 just inserts 50000 TXs 
2023-03-09 07:41:38,211 dumbo_node.py [line:68] prepare_bootstrap INFO node id 55 just inserts 50000 TXs 
2023-03-09 07:41:38,211 dumbo_node.py [line:68] prepare_bootstrap INFO node id 55 just inserts 50000 TXs 
2023-03-09 07:41:38,211 dumbo_node.py [line:68] prepare_bootstrap INFO node id 55 just inserts 50000 TXs 
2023-03-09 07:41:38,211 dumbo_node.py [line:68] prepare_bootstrap INFO node id 55 just inserts 50000 TXs 
2023-03-09 07:41:38,211 dumbo_node.py [line:68] prepare_bootstrap INFO node id 55 just inserts 50000 TXs 
2023-03-09 07:41:38,211 dumbo_node.py [line:68] prepare_bootstrap INFO node id 55 just inserts 50000 TXs 
2023-03-09 07:41:38,211 dumbo_node.py [line:68] prepare_bootstrap INFO node id 55 just inserts 50000 TXs 
2023-03-09 07:41:38,211 dumbo_node.py [line:68] prepare_bootstrap INFO node id 55 just inserts 50000 TXs 
2023-03-09 07:41:38,212 dumbo_node.py [line:68] prepare_bootstrap INFO node id 55 just inserts 50000 TXs 
2023-03-09 07:41:38,212 dumbo_node.py [line:68] prepare_bootstrap INFO node id 55 just inserts 50000 TXs 
2023-03-09 07:41:38,212 dumbo_node.py [line:68] prepare_bootstrap INFO node id 55 just inserts 50000 TXs 
2023-03-09 07:41:38,212 dumbo_node.py [line:68] prepare_bootstrap INFO node id 55 just inserts 50000 TXs 
2023-03-09 07:41:38,212 dumbo_node.py [line:68] prepare_bootstrap INFO node id 55 just inserts 50000 TXs 
2023-03-09 07:41:38,212 dumbo_node.py [line:68] prepare_bootstrap INFO node id 55 just inserts 50000 TXs 
2023-03-09 07:41:38,212 dumbo_node.py [line:68] prepare_bootstrap INFO node id 55 just inserts 50000 TXs 
2023-03-09 07:41:38,212 dumbo_node.py [line:68] prepare_bootstrap INFO node id 55 just inserts 50000 TXs 
2023-03-09 07:41:38,212 dumbo_node.py [line:68] prepare_bootstrap INFO node id 55 just inserts 50000 TXs 
2023-03-09 07:41:38,213 dumbo_node.py [line:68] prepare_bootstrap INFO node id 55 just inserts 50000 TXs 
2023-03-09 07:41:38,213 dumbo_node.py [line:68] prepare_bootstrap INFO node id 55 just inserts 50000 TXs 
2023-03-09 07:41:38,213 dumbo_node.py [line:68] prepare_bootstrap INFO node id 55 just inserts 50000 TXs 
2023-03-09 07:41:38,213 dumbo_node.py [line:68] prepare_bootstrap INFO node id 55 just inserts 50000 TXs 
2023-03-09 07:41:38,213 dumbo_node.py [line:68] prepare_bootstrap INFO node id 55 just inserts 50000 TXs 
2023-03-09 07:41:38,213 dumbo_node.py [line:68] prepare_bootstrap INFO node id 55 just inserts 50000 TXs 
2023-03-09 07:41:38,213 dumbo_node.py [line:68] prepare_bootstrap INFO node id 55 just inserts 50000 TXs 
2023-03-09 07:41:38,213 dumbo_node.py [line:68] prepare_bootstrap INFO node id 55 just inserts 50000 TXs 
2023-03-09 07:41:38,213 dumbo_node.py [line:68] prepare_bootstrap INFO node id 55 just inserts 50000 TXs 
2023-03-09 07:41:38,213 dumbo_node.py [line:68] prepare_bootstrap INFO node id 55 just inserts 50000 TXs 
2023-03-09 07:41:38,214 dumbo_node.py [line:68] prepare_bootstrap INFO node id 55 just inserts 50000 TXs 
2023-03-09 07:41:38,214 dumbo_node.py [line:68] prepare_bootstrap INFO node id 55 just inserts 50000 TXs 
2023-03-09 07:41:38,214 dumbo_node.py [line:68] prepare_bootstrap INFO node id 55 just inserts 50000 TXs 
2023-03-09 07:41:38,214 dumbo_node.py [line:68] prepare_bootstrap INFO node id 55 just inserts 50000 TXs 
2023-03-09 07:41:38,214 dumbo_node.py [line:68] prepare_bootstrap INFO node id 55 just inserts 50000 TXs 
2023-03-09 07:41:38,214 dumbo_node.py [line:68] prepare_bootstrap INFO node id 55 just inserts 50000 TXs 
2023-03-09 07:41:38,214 dumbo_node.py [line:68] prepare_bootstrap INFO node id 55 just inserts 50000 TXs 
2023-03-09 07:41:38,214 dumbo_node.py [line:68] prepare_bootstrap INFO node id 55 just inserts 50000 TXs 
2023-03-09 07:41:38,214 dumbo_node.py [line:68] prepare_bootstrap INFO node id 55 just inserts 50000 TXs 
2023-03-09 07:41:38,214 dumbo_node.py [line:72] prepare_bootstrap INFO node id 55 completed the loading of dummy TXs 
2023-03-09 07:41:38,215 dumbo.py [line:179] run_bft INFO Node 55 starts to run at time:1678347698.21505 
2023-03-09 07:41:43,327 dumbo.py [line:217] run_bft INFO Node 55 Delivers ACS Block in Round 0 with having 3354 TXs 
2023-03-09 07:41:43,328 dumbo.py [line:219] run_bft INFO ACS Block Delay at Node 55: 5.113060474395752 
2023-03-09 07:41:43,328 dumbo.py [line:220] run_bft INFO Current Block's TPS at Node 55: 655.9672072715641 
2023-03-09 07:41:48,591 dumbo.py [line:217] run_bft INFO Node 55 Delivers ACS Block in Round 1 with having 3354 TXs 
2023-03-09 07:41:48,591 dumbo.py [line:219] run_bft INFO ACS Block Delay at Node 55: 5.263323545455933 
2023-03-09 07:41:48,591 dumbo.py [line:220] run_bft INFO Current Block's TPS at Node 55: 637.2399437415663 
2023-03-09 07:41:53,588 dumbo.py [line:217] run_bft INFO Node 55 Delivers ACS Block in Round 2 with having 3354 TXs 
2023-03-09 07:41:53,588 dumbo.py [line:219] run_bft INFO ACS Block Delay at Node 55: 4.997003793716431 
2023-03-09 07:41:53,588 dumbo.py [line:220] run_bft INFO Current Block's TPS at Node 55: 671.2022120570622 
2023-03-09 07:41:58,731 dumbo.py [line:217] run_bft INFO Node 55 Delivers ACS Block in Round 3 with having 3354 TXs 
2023-03-09 07:41:58,732 dumbo.py [line:219] run_bft INFO ACS Block Delay at Node 55: 5.143249034881592 
2023-03-09 07:41:58,732 dumbo.py [line:220] run_bft INFO Current Block's TPS at Node 55: 652.1169745530738 
2023-03-09 07:42:03,979 dumbo.py [line:217] run_bft INFO Node 55 Delivers ACS Block in Round 4 with having 3354 TXs 
2023-03-09 07:42:03,980 dumbo.py [line:219] run_bft INFO ACS Block Delay at Node 55: 5.247926950454712 
2023-03-09 07:42:03,980 dumbo.py [line:220] run_bft INFO Current Block's TPS at Node 55: 639.1095058419952 
2023-03-09 07:42:09,111 dumbo.py [line:217] run_bft INFO Node 55 Delivers ACS Block in Round 5 with having 3354 TXs 
2023-03-09 07:42:09,112 dumbo.py [line:219] run_bft INFO ACS Block Delay at Node 55: 5.131874322891235 
2023-03-09 07:42:09,112 dumbo.py [line:220] run_bft INFO Current Block's TPS at Node 55: 653.5623807151999 
2023-03-09 07:42:14,341 dumbo.py [line:217] run_bft INFO Node 55 Delivers ACS Block in Round 6 with having 3354 TXs 
2023-03-09 07:42:14,341 dumbo.py [line:219] run_bft INFO ACS Block Delay at Node 55: 5.22914981842041 
2023-03-09 07:42:14,341 dumbo.py [line:220] run_bft INFO Current Block's TPS at Node 55: 641.404457027616 
2023-03-09 07:42:19,420 dumbo.py [line:217] run_bft INFO Node 55 Delivers ACS Block in Round 7 with having 3354 TXs 
2023-03-09 07:42:19,421 dumbo.py [line:219] run_bft INFO ACS Block Delay at Node 55: 5.07980751991272 
2023-03-09 07:42:19,421 dumbo.py [line:220] run_bft INFO Current Block's TPS at Node 55: 660.2612376261114 
2023-03-09 07:42:24,602 dumbo.py [line:217] run_bft INFO Node 55 Delivers ACS Block in Round 8 with having 3354 TXs 
2023-03-09 07:42:24,602 dumbo.py [line:219] run_bft INFO ACS Block Delay at Node 55: 5.1813390254974365 
2023-03-09 07:42:24,602 dumbo.py [line:220] run_bft INFO Current Block's TPS at Node 55: 647.3230150536227 
2023-03-09 07:42:29,866 dumbo.py [line:217] run_bft INFO Node 55 Delivers ACS Block in Round 9 with having 3354 TXs 
2023-03-09 07:42:29,867 dumbo.py [line:219] run_bft INFO ACS Block Delay at Node 55: 5.264496326446533 
2023-03-09 07:42:29,867 dumbo.py [line:220] run_bft INFO Current Block's TPS at Node 55: 637.0979846924704 
2023-03-09 07:42:34,950 dumbo.py [line:217] run_bft INFO Node 55 Delivers ACS Block in Round 10 with having 3354 TXs 
2023-03-09 07:42:34,950 dumbo.py [line:219] run_bft INFO ACS Block Delay at Node 55: 5.083441734313965 
2023-03-09 07:42:34,950 dumbo.py [line:220] run_bft INFO Current Block's TPS at Node 55: 659.7892088267711 
2023-03-09 07:42:40,129 dumbo.py [line:217] run_bft INFO Node 55 Delivers ACS Block in Round 11 with having 3354 TXs 
2023-03-09 07:42:40,129 dumbo.py [line:219] run_bft INFO ACS Block Delay at Node 55: 5.178603410720825 
2023-03-09 07:42:40,129 dumbo.py [line:220] run_bft INFO Current Block's TPS at Node 55: 647.6649656269288 
2023-03-09 07:42:45,312 dumbo.py [line:217] run_bft INFO Node 55 Delivers ACS Block in Round 12 with having 3354 TXs 
2023-03-09 07:42:45,313 dumbo.py [line:219] run_bft INFO ACS Block Delay at Node 55: 5.183636426925659 
2023-03-09 07:42:45,313 dumbo.py [line:220] run_bft INFO Current Block's TPS at Node 55: 647.0361197745517 
2023-03-09 07:42:50,509 dumbo.py [line:217] run_bft INFO Node 55 Delivers ACS Block in Round 13 with having 3354 TXs 
2023-03-09 07:42:50,509 dumbo.py [line:219] run_bft INFO ACS Block Delay at Node 55: 5.19641637802124 
2023-03-09 07:42:50,509 dumbo.py [line:220] run_bft INFO Current Block's TPS at Node 55: 645.4448135037978 
2023-03-09 07:42:55,642 dumbo.py [line:217] run_bft INFO Node 55 Delivers ACS Block in Round 14 with having 3354 TXs 
2023-03-09 07:42:55,643 dumbo.py [line:219] run_bft INFO ACS Block Delay at Node 55: 5.1335062980651855 
2023-03-09 07:42:55,643 dumbo.py [line:220] run_bft INFO Current Block's TPS at Node 55: 653.3546089666082 
2023-03-09 07:43:00,955 dumbo.py [line:217] run_bft INFO Node 55 Delivers ACS Block in Round 15 with having 3354 TXs 
2023-03-09 07:43:00,956 dumbo.py [line:219] run_bft INFO ACS Block Delay at Node 55: 5.312995910644531 
2023-03-09 07:43:00,956 dumbo.py [line:220] run_bft INFO Current Block's TPS at Node 55: 631.2822476072862 
2023-03-09 07:43:06,028 dumbo.py [line:217] run_bft INFO Node 55 Delivers ACS Block in Round 16 with having 3354 TXs 
2023-03-09 07:43:06,029 dumbo.py [line:219] run_bft INFO ACS Block Delay at Node 55: 5.072775602340698 
2023-03-09 07:43:06,029 dumbo.py [line:220] run_bft INFO Current Block's TPS at Node 55: 661.1764964435614 
2023-03-09 07:43:11,135 dumbo.py [line:217] run_bft INFO Node 55 Delivers ACS Block in Round 17 with having 3354 TXs 
2023-03-09 07:43:11,135 dumbo.py [line:219] run_bft INFO ACS Block Delay at Node 55: 5.106417894363403 
2023-03-09 07:43:11,135 dumbo.py [line:220] run_bft INFO Current Block's TPS at Node 55: 656.8205088937653 
2023-03-09 07:43:16,371 dumbo.py [line:217] run_bft INFO Node 55 Delivers ACS Block in Round 18 with having 3354 TXs 
2023-03-09 07:43:16,371 dumbo.py [line:219] run_bft INFO ACS Block Delay at Node 55: 5.235887765884399 
2023-03-09 07:43:16,371 dumbo.py [line:220] run_bft INFO Current Block's TPS at Node 55: 640.5790479035359 
2023-03-09 07:43:21,637 dumbo.py [line:217] run_bft INFO Node 55 Delivers ACS Block in Round 19 with having 3354 TXs 
2023-03-09 07:43:21,637 dumbo.py [line:219] run_bft INFO ACS Block Delay at Node 55: 5.265807390213013 
2023-03-09 07:43:21,637 dumbo.py [line:220] run_bft INFO Current Block's TPS at Node 55: 636.9393620878951 
2023-03-09 07:43:26,717 dumbo.py [line:217] run_bft INFO Node 55 Delivers ACS Block in Round 20 with having 3354 TXs 
2023-03-09 07:43:26,717 dumbo.py [line:219] run_bft INFO ACS Block Delay at Node 55: 5.080469369888306 
2023-03-09 07:43:26,717 dumbo.py [line:220] run_bft INFO Current Block's TPS at Node 55: 660.1752231553633 
2023-03-09 07:43:31,891 dumbo.py [line:217] run_bft INFO Node 55 Delivers ACS Block in Round 21 with having 3354 TXs 
2023-03-09 07:43:31,892 dumbo.py [line:219] run_bft INFO ACS Block Delay at Node 55: 5.174095630645752 
2023-03-09 07:43:31,892 dumbo.py [line:220] run_bft INFO Current Block's TPS at Node 55: 648.229224859032 
2023-03-09 07:43:37,162 dumbo.py [line:217] run_bft INFO Node 55 Delivers ACS Block in Round 22 with having 3354 TXs 
2023-03-09 07:43:37,163 dumbo.py [line:219] run_bft INFO ACS Block Delay at Node 55: 5.270959377288818 
2023-03-09 07:43:37,163 dumbo.py [line:220] run_bft INFO Current Block's TPS at Node 55: 636.3167992626743 
2023-03-09 07:43:42,243 dumbo.py [line:217] run_bft INFO Node 55 Delivers ACS Block in Round 23 with having 3354 TXs 
2023-03-09 07:43:42,243 dumbo.py [line:219] run_bft INFO ACS Block Delay at Node 55: 5.080596446990967 
2023-03-09 07:43:42,243 dumbo.py [line:220] run_bft INFO Current Block's TPS at Node 55: 660.1587106935918 
2023-03-09 07:43:47,446 dumbo.py [line:217] run_bft INFO Node 55 Delivers ACS Block in Round 24 with having 3354 TXs 
2023-03-09 07:43:47,446 dumbo.py [line:219] run_bft INFO ACS Block Delay at Node 55: 5.202809810638428 
2023-03-09 07:43:47,446 dumbo.py [line:220] run_bft INFO Current Block's TPS at Node 55: 644.6516636341232 
2023-03-09 07:43:54,653 dumbo.py [line:217] run_bft INFO Node 55 Delivers ACS Block in Round 25 with having 3354 TXs 
2023-03-09 07:43:54,653 dumbo.py [line:219] run_bft INFO ACS Block Delay at Node 55: 7.2072389125823975 
2023-03-09 07:43:54,653 dumbo.py [line:220] run_bft INFO Current Block's TPS at Node 55: 465.3654528011534 
2023-03-09 07:43:59,798 dumbo.py [line:217] run_bft INFO Node 55 Delivers ACS Block in Round 26 with having 3354 TXs 
2023-03-09 07:43:59,798 dumbo.py [line:219] run_bft INFO ACS Block Delay at Node 55: 5.144968748092651 
2023-03-09 07:43:59,799 dumbo.py [line:220] run_bft INFO Current Block's TPS at Node 55: 651.8990035155022 
2023-03-09 07:44:04,928 dumbo.py [line:217] run_bft INFO Node 55 Delivers ACS Block in Round 27 with having 3354 TXs 
2023-03-09 07:44:04,929 dumbo.py [line:219] run_bft INFO ACS Block Delay at Node 55: 5.130015850067139 
2023-03-09 07:44:04,929 dumbo.py [line:220] run_bft INFO Current Block's TPS at Node 55: 653.7991495593732 
2023-03-09 07:44:10,101 dumbo.py [line:217] run_bft INFO Node 55 Delivers ACS Block in Round 28 with having 3354 TXs 
2023-03-09 07:44:10,102 dumbo.py [line:219] run_bft INFO ACS Block Delay at Node 55: 5.172938585281372 
2023-03-09 07:44:10,102 dumbo.py [line:220] run_bft INFO Current Block's TPS at Node 55: 648.3742160680544 
2023-03-09 07:44:15,313 dumbo.py [line:217] run_bft INFO Node 55 Delivers ACS Block in Round 29 with having 3354 TXs 
2023-03-09 07:44:15,313 dumbo.py [line:219] run_bft INFO ACS Block Delay at Node 55: 5.211662530899048 
2023-03-09 07:44:15,313 dumbo.py [line:220] run_bft INFO Current Block's TPS at Node 55: 643.5566347810728 
2023-03-09 07:44:20,574 dumbo.py [line:217] run_bft INFO Node 55 Delivers ACS Block in Round 30 with having 3354 TXs 
2023-03-09 07:44:20,574 dumbo.py [line:219] run_bft INFO ACS Block Delay at Node 55: 5.260725259780884 
2023-03-09 07:44:20,574 dumbo.py [line:220] run_bft INFO Current Block's TPS at Node 55: 637.5546781813309 
2023-03-09 07:44:25,916 dumbo.py [line:217] run_bft INFO Node 55 Delivers ACS Block in Round 31 with having 3354 TXs 
2023-03-09 07:44:25,916 dumbo.py [line:219] run_bft INFO ACS Block Delay at Node 55: 5.341606378555298 
2023-03-09 07:44:25,916 dumbo.py [line:220] run_bft INFO Current Block's TPS at Node 55: 627.9010024896537 
2023-03-09 07:44:30,927 dumbo.py [line:217] run_bft INFO Node 55 Delivers ACS Block in Round 32 with having 3354 TXs 
2023-03-09 07:44:30,927 dumbo.py [line:219] run_bft INFO ACS Block Delay at Node 55: 5.011493921279907 
2023-03-09 07:44:30,927 dumbo.py [line:220] run_bft INFO Current Block's TPS at Node 55: 669.2615121726831 
2023-03-09 07:44:36,207 dumbo.py [line:217] run_bft INFO Node 55 Delivers ACS Block in Round 33 with having 3354 TXs 
2023-03-09 07:44:36,207 dumbo.py [line:219] run_bft INFO ACS Block Delay at Node 55: 5.279361724853516 
2023-03-09 07:44:36,207 dumbo.py [line:220] run_bft INFO Current Block's TPS at Node 55: 635.3040717423207 
2023-03-09 07:44:41,408 dumbo.py [line:217] run_bft INFO Node 55 Delivers ACS Block in Round 34 with having 3354 TXs 
2023-03-09 07:44:41,408 dumbo.py [line:219] run_bft INFO ACS Block Delay at Node 55: 5.2011377811431885 
2023-03-09 07:44:41,408 dumbo.py [line:220] run_bft INFO Current Block's TPS at Node 55: 644.8589022501928 
2023-03-09 07:44:46,724 dumbo.py [line:217] run_bft INFO Node 55 Delivers ACS Block in Round 35 with having 3354 TXs 
2023-03-09 07:44:46,724 dumbo.py [line:219] run_bft INFO ACS Block Delay at Node 55: 5.316153526306152 
2023-03-09 07:44:46,724 dumbo.py [line:220] run_bft INFO Current Block's TPS at Node 55: 630.9072872713808 
2023-03-09 07:44:51,710 dumbo.py [line:217] run_bft INFO Node 55 Delivers ACS Block in Round 36 with having 3354 TXs 
2023-03-09 07:44:51,710 dumbo.py [line:219] run_bft INFO ACS Block Delay at Node 55: 4.986089468002319 
2023-03-09 07:44:51,711 dumbo.py [line:220] run_bft INFO Current Block's TPS at Node 55: 672.671443527824 
2023-03-09 07:44:56,959 dumbo.py [line:217] run_bft INFO Node 55 Delivers ACS Block in Round 37 with having 3354 TXs 
2023-03-09 07:44:56,959 dumbo.py [line:219] run_bft INFO ACS Block Delay at Node 55: 5.248596668243408 
2023-03-09 07:44:56,959 dumbo.py [line:220] run_bft INFO Current Block's TPS at Node 55: 639.0279558521519 
2023-03-09 07:45:02,136 dumbo.py [line:217] run_bft INFO Node 55 Delivers ACS Block in Round 38 with having 3354 TXs 
2023-03-09 07:45:02,136 dumbo.py [line:219] run_bft INFO ACS Block Delay at Node 55: 5.176997900009155 
2023-03-09 07:45:02,136 dumbo.py [line:220] run_bft INFO Current Block's TPS at Node 55: 647.8658220035338 
2023-03-09 07:45:07,337 dumbo.py [line:217] run_bft INFO Node 55 Delivers ACS Block in Round 39 with having 3354 TXs 
2023-03-09 07:45:07,337 dumbo.py [line:219] run_bft INFO ACS Block Delay at Node 55: 5.20114541053772 
2023-03-09 07:45:07,337 dumbo.py [line:220] run_bft INFO Current Block's TPS at Node 55: 644.8579563272096 
2023-03-09 07:45:12,573 dumbo.py [line:217] run_bft INFO Node 55 Delivers ACS Block in Round 40 with having 3354 TXs 
2023-03-09 07:45:12,573 dumbo.py [line:219] run_bft INFO ACS Block Delay at Node 55: 5.235481023788452 
2023-03-09 07:45:12,573 dumbo.py [line:220] run_bft INFO Current Block's TPS at Node 55: 640.628814193086 
2023-03-09 07:45:17,746 dumbo.py [line:217] run_bft INFO Node 55 Delivers ACS Block in Round 41 with having 3354 TXs 
2023-03-09 07:45:17,746 dumbo.py [line:219] run_bft INFO ACS Block Delay at Node 55: 5.17303204536438 
2023-03-09 07:45:17,746 dumbo.py [line:220] run_bft INFO Current Block's TPS at Node 55: 648.3625020273289 
2023-03-09 07:45:22,945 dumbo.py [line:217] run_bft INFO Node 55 Delivers ACS Block in Round 42 with having 3354 TXs 
2023-03-09 07:45:22,945 dumbo.py [line:219] run_bft INFO ACS Block Delay at Node 55: 5.198827505111694 
2023-03-09 07:45:22,945 dumbo.py [line:220] run_bft INFO Current Block's TPS at Node 55: 645.1454672620343 
2023-03-09 07:45:28,282 dumbo.py [line:217] run_bft INFO Node 55 Delivers ACS Block in Round 43 with having 3354 TXs 
2023-03-09 07:45:28,283 dumbo.py [line:219] run_bft INFO ACS Block Delay at Node 55: 5.337640047073364 
2023-03-09 07:45:28,283 dumbo.py [line:220] run_bft INFO Current Block's TPS at Node 55: 628.3675876268583 
2023-03-09 07:45:33,356 dumbo.py [line:217] run_bft INFO Node 55 Delivers ACS Block in Round 44 with having 3354 TXs 
2023-03-09 07:45:33,356 dumbo.py [line:219] run_bft INFO ACS Block Delay at Node 55: 5.073275327682495 
2023-03-09 07:45:33,356 dumbo.py [line:220] run_bft INFO Current Block's TPS at Node 55: 661.1113695522866 
2023-03-09 07:45:38,499 dumbo.py [line:217] run_bft INFO Node 55 Delivers ACS Block in Round 45 with having 3354 TXs 
2023-03-09 07:45:38,500 dumbo.py [line:219] run_bft INFO ACS Block Delay at Node 55: 5.143369913101196 
2023-03-09 07:45:38,500 dumbo.py [line:220] run_bft INFO Current Block's TPS at Node 55: 652.1016486597023 
2023-03-09 07:45:43,738 dumbo.py [line:217] run_bft INFO Node 55 Delivers ACS Block in Round 46 with having 3354 TXs 
2023-03-09 07:45:43,738 dumbo.py [line:219] run_bft INFO ACS Block Delay at Node 55: 5.238680124282837 
2023-03-09 07:45:43,738 dumbo.py [line:220] run_bft INFO Current Block's TPS at Node 55: 640.2376019206088 
2023-03-09 07:45:49,011 dumbo.py [line:217] run_bft INFO Node 55 Delivers ACS Block in Round 47 with having 3354 TXs 
2023-03-09 07:45:49,011 dumbo.py [line:219] run_bft INFO ACS Block Delay at Node 55: 5.2730653285980225 
2023-03-09 07:45:49,011 dumbo.py [line:220] run_bft INFO Current Block's TPS at Node 55: 636.0626677257089 
2023-03-09 07:45:54,128 dumbo.py [line:217] run_bft INFO Node 55 Delivers ACS Block in Round 48 with having 3354 TXs 
2023-03-09 07:45:54,128 dumbo.py [line:219] run_bft INFO ACS Block Delay at Node 55: 5.116727590560913 
2023-03-09 07:45:54,128 dumbo.py [line:220] run_bft INFO Current Block's TPS at Node 55: 655.4970810225062 
2023-03-09 07:45:59,376 dumbo.py [line:217] run_bft INFO Node 55 Delivers ACS Block in Round 49 with having 3354 TXs 
2023-03-09 07:45:59,377 dumbo.py [line:219] run_bft INFO ACS Block Delay at Node 55: 5.248296022415161 
2023-03-09 07:45:59,377 dumbo.py [line:220] run_bft INFO Current Block's TPS at Node 55: 639.0645622265331 
2023-03-09 07:46:04,601 dumbo.py [line:217] run_bft INFO Node 55 Delivers ACS Block in Round 50 with having 3354 TXs 
2023-03-09 07:46:04,602 dumbo.py [line:219] run_bft INFO ACS Block Delay at Node 55: 5.225035667419434 
2023-03-09 07:46:04,602 dumbo.py [line:220] run_bft INFO Current Block's TPS at Node 55: 641.9094937310715 
2023-03-09 07:46:09,886 dumbo.py [line:217] run_bft INFO Node 55 Delivers ACS Block in Round 51 with having 3354 TXs 
2023-03-09 07:46:09,886 dumbo.py [line:219] run_bft INFO ACS Block Delay at Node 55: 5.284337759017944 
2023-03-09 07:46:09,886 dumbo.py [line:220] run_bft INFO Current Block's TPS at Node 55: 634.7058331531247 
2023-03-09 07:46:14,960 dumbo.py [line:217] run_bft INFO Node 55 Delivers ACS Block in Round 52 with having 3354 TXs 
2023-03-09 07:46:14,960 dumbo.py [line:219] run_bft INFO ACS Block Delay at Node 55: 5.074228048324585 
2023-03-09 07:46:14,960 dumbo.py [line:220] run_bft INFO Current Block's TPS at Node 55: 660.9872414203827 
2023-03-09 07:46:20,117 dumbo.py [line:217] run_bft INFO Node 55 Delivers ACS Block in Round 53 with having 3354 TXs 
2023-03-09 07:46:20,117 dumbo.py [line:219] run_bft INFO ACS Block Delay at Node 55: 5.156715393066406 
2023-03-09 07:46:20,117 dumbo.py [line:220] run_bft INFO Current Block's TPS at Node 55: 650.4140221718861 
2023-03-09 07:46:25,308 dumbo.py [line:217] run_bft INFO Node 55 Delivers ACS Block in Round 54 with having 3354 TXs 
2023-03-09 07:46:25,308 dumbo.py [line:219] run_bft INFO ACS Block Delay at Node 55: 5.190957546234131 
2023-03-09 07:46:25,308 dumbo.py [line:220] run_bft INFO Current Block's TPS at Node 55: 646.1235658598705 
2023-03-09 07:46:30,538 dumbo.py [line:217] run_bft INFO Node 55 Delivers ACS Block in Round 55 with having 3354 TXs 
2023-03-09 07:46:30,538 dumbo.py [line:219] run_bft INFO ACS Block Delay at Node 55: 5.229828357696533 
2023-03-09 07:46:30,538 dumbo.py [line:220] run_bft INFO Current Block's TPS at Node 55: 641.3212385955363 
2023-03-09 07:46:35,767 dumbo.py [line:217] run_bft INFO Node 55 Delivers ACS Block in Round 56 with having 3354 TXs 
2023-03-09 07:46:35,767 dumbo.py [line:219] run_bft INFO ACS Block Delay at Node 55: 5.229067087173462 
2023-03-09 07:46:35,767 dumbo.py [line:220] run_bft INFO Current Block's TPS at Node 55: 641.4146049545107 
2023-03-09 07:46:40,948 dumbo.py [line:217] run_bft INFO Node 55 Delivers ACS Block in Round 57 with having 3354 TXs 
2023-03-09 07:46:40,948 dumbo.py [line:219] run_bft INFO ACS Block Delay at Node 55: 5.180631637573242 
2023-03-09 07:46:40,948 dumbo.py [line:220] run_bft INFO Current Block's TPS at Node 55: 647.4114035969387 
2023-03-09 07:46:46,128 dumbo.py [line:217] run_bft INFO Node 55 Delivers ACS Block in Round 58 with having 3354 TXs 
2023-03-09 07:46:46,129 dumbo.py [line:219] run_bft INFO ACS Block Delay at Node 55: 5.180633783340454 
2023-03-09 07:46:46,129 dumbo.py [line:220] run_bft INFO Current Block's TPS at Node 55: 647.4111354455464 
2023-03-09 07:46:51,336 dumbo.py [line:217] run_bft INFO Node 55 Delivers ACS Block in Round 59 with having 3354 TXs 
2023-03-09 07:46:51,337 dumbo.py [line:219] run_bft INFO ACS Block Delay at Node 55: 5.207720518112183 
2023-03-09 07:46:51,337 dumbo.py [line:220] run_bft INFO Current Block's TPS at Node 55: 644.0437785274693 
2023-03-09 07:46:56,777 dumbo.py [line:217] run_bft INFO Node 55 Delivers ACS Block in Round 60 with having 3354 TXs 
2023-03-09 07:46:56,777 dumbo.py [line:219] run_bft INFO ACS Block Delay at Node 55: 5.440666198730469 
2023-03-09 07:46:56,777 dumbo.py [line:220] run_bft INFO Current Block's TPS at Node 55: 616.468623048888 
2023-03-09 07:47:01,796 dumbo.py [line:217] run_bft INFO Node 55 Delivers ACS Block in Round 61 with having 3354 TXs 
2023-03-09 07:47:01,797 dumbo.py [line:219] run_bft INFO ACS Block Delay at Node 55: 5.019232511520386 
2023-03-09 07:47:01,797 dumbo.py [line:220] run_bft INFO Current Block's TPS at Node 55: 668.2296530996994 
2023-03-09 07:47:06,939 dumbo.py [line:217] run_bft INFO Node 55 Delivers ACS Block in Round 62 with having 3354 TXs 
2023-03-09 07:47:06,940 dumbo.py [line:219] run_bft INFO ACS Block Delay at Node 55: 5.142887115478516 
2023-03-09 07:47:06,940 dumbo.py [line:220] run_bft INFO Current Block's TPS at Node 55: 652.162865855151 
2023-03-09 07:47:12,180 dumbo.py [line:217] run_bft INFO Node 55 Delivers ACS Block in Round 63 with having 3354 TXs 
2023-03-09 07:47:12,180 dumbo.py [line:219] run_bft INFO ACS Block Delay at Node 55: 5.240304708480835 
2023-03-09 07:47:12,180 dumbo.py [line:220] run_bft INFO Current Block's TPS at Node 55: 640.0391173001703 
2023-03-09 07:47:17,406 dumbo.py [line:217] run_bft INFO Node 55 Delivers ACS Block in Round 64 with having 3354 TXs 
2023-03-09 07:47:17,407 dumbo.py [line:219] run_bft INFO ACS Block Delay at Node 55: 5.226614952087402 
2023-03-09 07:47:17,407 dumbo.py [line:220] run_bft INFO Current Block's TPS at Node 55: 641.7155330450508 
2023-03-09 07:47:22,587 dumbo.py [line:217] run_bft INFO Node 55 Delivers ACS Block in Round 65 with having 3354 TXs 
2023-03-09 07:47:22,587 dumbo.py [line:219] run_bft INFO ACS Block Delay at Node 55: 5.180043935775757 
2023-03-09 07:47:22,587 dumbo.py [line:220] run_bft INFO Current Block's TPS at Node 55: 647.4848556468294 
2023-03-09 07:47:27,957 dumbo.py [line:217] run_bft INFO Node 55 Delivers ACS Block in Round 66 with having 3354 TXs 
2023-03-09 07:47:27,957 dumbo.py [line:219] run_bft INFO ACS Block Delay at Node 55: 5.370491981506348 
2023-03-09 07:47:27,957 dumbo.py [line:220] run_bft INFO Current Block's TPS at Node 55: 624.5237887980702 
2023-03-09 07:47:33,045 dumbo.py [line:217] run_bft INFO Node 55 Delivers ACS Block in Round 67 with having 3354 TXs 
2023-03-09 07:47:33,045 dumbo.py [line:219] run_bft INFO ACS Block Delay at Node 55: 5.0876853466033936 
2023-03-09 07:47:33,045 dumbo.py [line:220] run_bft INFO Current Block's TPS at Node 55: 659.2388820270056 
2023-03-09 07:47:38,274 dumbo.py [line:217] run_bft INFO Node 55 Delivers ACS Block in Round 68 with having 3354 TXs 
2023-03-09 07:47:38,275 dumbo.py [line:219] run_bft INFO ACS Block Delay at Node 55: 5.229396343231201 
2023-03-09 07:47:38,275 dumbo.py [line:220] run_bft INFO Current Block's TPS at Node 55: 641.374219864083 
2023-03-09 07:47:43,528 dumbo.py [line:217] run_bft INFO Node 55 Delivers ACS Block in Round 69 with having 3354 TXs 
2023-03-09 07:47:43,528 dumbo.py [line:219] run_bft INFO ACS Block Delay at Node 55: 5.253479480743408 
2023-03-09 07:47:43,528 dumbo.py [line:220] run_bft INFO Current Block's TPS at Node 55: 638.4340154547216 
2023-03-09 07:47:48,659 dumbo.py [line:217] run_bft INFO Node 55 Delivers ACS Block in Round 70 with having 3354 TXs 
2023-03-09 07:47:48,659 dumbo.py [line:219] run_bft INFO ACS Block Delay at Node 55: 5.130748748779297 
2023-03-09 07:47:48,659 dumbo.py [line:220] run_bft INFO Current Block's TPS at Node 55: 653.7057580139704 
2023-03-09 07:47:53,957 dumbo.py [line:217] run_bft INFO Node 55 Delivers ACS Block in Round 71 with having 3354 TXs 
2023-03-09 07:47:53,958 dumbo.py [line:219] run_bft INFO ACS Block Delay at Node 55: 5.2986533641815186 
2023-03-09 07:47:53,958 dumbo.py [line:220] run_bft INFO Current Block's TPS at Node 55: 632.991020449229 
2023-03-09 07:47:59,132 dumbo.py [line:217] run_bft INFO Node 55 Delivers ACS Block in Round 72 with having 3354 TXs 
2023-03-09 07:47:59,133 dumbo.py [line:219] run_bft INFO ACS Block Delay at Node 55: 5.1749372482299805 
2023-03-09 07:47:59,133 dumbo.py [line:220] run_bft INFO Current Block's TPS at Node 55: 648.123801143133 
2023-03-09 07:48:04,341 dumbo.py [line:217] run_bft INFO Node 55 Delivers ACS Block in Round 73 with having 3354 TXs 
2023-03-09 07:48:04,342 dumbo.py [line:219] run_bft INFO ACS Block Delay at Node 55: 5.208992958068848 
2023-03-09 07:48:04,342 dumbo.py [line:220] run_bft INFO Current Block's TPS at Node 55: 643.886453101185 
2023-03-09 07:48:09,564 dumbo.py [line:217] run_bft INFO Node 55 Delivers ACS Block in Round 74 with having 3354 TXs 
2023-03-09 07:48:09,564 dumbo.py [line:219] run_bft INFO ACS Block Delay at Node 55: 5.222666025161743 
2023-03-09 07:48:09,564 dumbo.py [line:220] run_bft INFO Current Block's TPS at Node 55: 642.2007426554005 
2023-03-09 07:48:14,757 dumbo.py [line:217] run_bft INFO Node 55 Delivers ACS Block in Round 75 with having 3354 TXs 
2023-03-09 07:48:14,757 dumbo.py [line:219] run_bft INFO ACS Block Delay at Node 55: 5.19285249710083 
2023-03-09 07:48:14,757 dumbo.py [line:220] run_bft INFO Current Block's TPS at Node 55: 645.8877855422503 
2023-03-09 07:48:19,972 dumbo.py [line:217] run_bft INFO Node 55 Delivers ACS Block in Round 76 with having 3354 TXs 
2023-03-09 07:48:19,972 dumbo.py [line:219] run_bft INFO ACS Block Delay at Node 55: 5.214965581893921 
2023-03-09 07:48:19,972 dumbo.py [line:220] run_bft INFO Current Block's TPS at Node 55: 643.1490193616822 
2023-03-09 07:48:25,128 dumbo.py [line:217] run_bft INFO Node 55 Delivers ACS Block in Round 77 with having 3354 TXs 
2023-03-09 07:48:25,128 dumbo.py [line:219] run_bft INFO ACS Block Delay at Node 55: 5.155834913253784 
2023-03-09 07:48:25,128 dumbo.py [line:220] run_bft INFO Current Block's TPS at Node 55: 650.5250956305991 
2023-03-09 07:48:30,337 dumbo.py [line:217] run_bft INFO Node 55 Delivers ACS Block in Round 78 with having 3354 TXs 
2023-03-09 07:48:30,337 dumbo.py [line:219] run_bft INFO ACS Block Delay at Node 55: 5.20888614654541 
2023-03-09 07:48:30,337 dumbo.py [line:220] run_bft INFO Current Block's TPS at Node 55: 643.8996564024363 
2023-03-09 07:48:35,562 dumbo.py [line:217] run_bft INFO Node 55 Delivers ACS Block in Round 79 with having 3354 TXs 
2023-03-09 07:48:35,562 dumbo.py [line:219] run_bft INFO ACS Block Delay at Node 55: 5.2251646518707275 
2023-03-09 07:48:35,563 dumbo.py [line:220] run_bft INFO Current Block's TPS at Node 55: 641.8936480401994 
2023-03-09 07:48:40,748 dumbo.py [line:217] run_bft INFO Node 55 Delivers ACS Block in Round 80 with having 3354 TXs 
2023-03-09 07:48:40,748 dumbo.py [line:219] run_bft INFO ACS Block Delay at Node 55: 5.185882091522217 
2023-03-09 07:48:40,748 dumbo.py [line:220] run_bft INFO Current Block's TPS at Node 55: 646.7559309694018 
2023-03-09 07:48:45,882 dumbo.py [line:217] run_bft INFO Node 55 Delivers ACS Block in Round 81 with having 3354 TXs 
2023-03-09 07:48:45,882 dumbo.py [line:219] run_bft INFO ACS Block Delay at Node 55: 5.1333534717559814 
2023-03-09 07:48:45,882 dumbo.py [line:220] run_bft INFO Current Block's TPS at Node 55: 653.3740601448759 
2023-03-09 07:48:51,108 dumbo.py [line:217] run_bft INFO Node 55 Delivers ACS Block in Round 82 with having 3354 TXs 
2023-03-09 07:48:51,108 dumbo.py [line:219] run_bft INFO ACS Block Delay at Node 55: 5.2265191078186035 
2023-03-09 07:48:51,108 dumbo.py [line:220] run_bft INFO Current Block's TPS at Node 55: 641.7273008688686 
2023-03-09 07:48:56,399 dumbo.py [line:217] run_bft INFO Node 55 Delivers ACS Block in Round 83 with having 3354 TXs 
2023-03-09 07:48:56,399 dumbo.py [line:219] run_bft INFO ACS Block Delay at Node 55: 5.29053258895874 
2023-03-09 07:48:56,399 dumbo.py [line:220] run_bft INFO Current Block's TPS at Node 55: 633.962638657542 
2023-03-09 07:49:01,582 dumbo.py [line:217] run_bft INFO Node 55 Delivers ACS Block in Round 84 with having 3354 TXs 
2023-03-09 07:49:01,583 dumbo.py [line:219] run_bft INFO ACS Block Delay at Node 55: 5.183416843414307 
2023-03-09 07:49:01,583 dumbo.py [line:220] run_bft INFO Current Block's TPS at Node 55: 647.0635299689166 
2023-03-09 07:49:06,888 dumbo.py [line:217] run_bft INFO Node 55 Delivers ACS Block in Round 85 with having 3354 TXs 
2023-03-09 07:49:06,888 dumbo.py [line:219] run_bft INFO ACS Block Delay at Node 55: 5.305644512176514 
2023-03-09 07:49:06,888 dumbo.py [line:220] run_bft INFO Current Block's TPS at Node 55: 632.1569400857016 
2023-03-09 07:49:11,967 dumbo.py [line:217] run_bft INFO Node 55 Delivers ACS Block in Round 86 with having 3354 TXs 
2023-03-09 07:49:11,967 dumbo.py [line:219] run_bft INFO ACS Block Delay at Node 55: 5.079099893569946 
2023-03-09 07:49:11,967 dumbo.py [line:220] run_bft INFO Current Block's TPS at Node 55: 660.3532260206393 
2023-03-09 07:49:19,980 dumbo.py [line:217] run_bft INFO Node 55 Delivers ACS Block in Round 87 with having 3354 TXs 
2023-03-09 07:49:19,981 dumbo.py [line:219] run_bft INFO ACS Block Delay at Node 55: 8.01305079460144 
2023-03-09 07:49:19,981 dumbo.py [line:220] run_bft INFO Current Block's TPS at Node 55: 418.56717072848954 
2023-03-09 07:49:25,192 dumbo.py [line:217] run_bft INFO Node 55 Delivers ACS Block in Round 88 with having 3354 TXs 
2023-03-09 07:49:25,193 dumbo.py [line:219] run_bft INFO ACS Block Delay at Node 55: 5.211841583251953 
2023-03-09 07:49:25,193 dumbo.py [line:220] run_bft INFO Current Block's TPS at Node 55: 643.5345254502644 
2023-03-09 07:49:30,433 dumbo.py [line:217] run_bft INFO Node 55 Delivers ACS Block in Round 89 with having 3354 TXs 
2023-03-09 07:49:30,433 dumbo.py [line:219] run_bft INFO ACS Block Delay at Node 55: 5.24024772644043 
2023-03-09 07:49:30,433 dumbo.py [line:220] run_bft INFO Current Block's TPS at Node 55: 640.0460770350429 
2023-03-09 07:49:35,662 dumbo.py [line:217] run_bft INFO Node 55 Delivers ACS Block in Round 90 with having 3354 TXs 
2023-03-09 07:49:35,662 dumbo.py [line:219] run_bft INFO ACS Block Delay at Node 55: 5.229169130325317 
2023-03-09 07:49:35,662 dumbo.py [line:220] run_bft INFO Current Block's TPS at Node 55: 641.4020882494082 
2023-03-09 07:49:40,879 dumbo.py [line:217] run_bft INFO Node 55 Delivers ACS Block in Round 91 with having 3354 TXs 
2023-03-09 07:49:40,879 dumbo.py [line:219] run_bft INFO ACS Block Delay at Node 55: 5.217024087905884 
2023-03-09 07:49:40,879 dumbo.py [line:220] run_bft INFO Current Block's TPS at Node 55: 642.8952489936264 
2023-03-09 07:49:46,097 dumbo.py [line:217] run_bft INFO Node 55 Delivers ACS Block in Round 92 with having 3354 TXs 
2023-03-09 07:49:46,097 dumbo.py [line:219] run_bft INFO ACS Block Delay at Node 55: 5.217488527297974 
2023-03-09 07:49:46,097 dumbo.py [line:220] run_bft INFO Current Block's TPS at Node 55: 642.838021099965 
2023-03-09 07:49:51,444 dumbo.py [line:217] run_bft INFO Node 55 Delivers ACS Block in Round 93 with having 3354 TXs 
2023-03-09 07:49:51,445 dumbo.py [line:219] run_bft INFO ACS Block Delay at Node 55: 5.347703456878662 
2023-03-09 07:49:51,445 dumbo.py [line:220] run_bft INFO Current Block's TPS at Node 55: 627.1851135810093 
2023-03-09 07:49:56,495 dumbo.py [line:217] run_bft INFO Node 55 Delivers ACS Block in Round 94 with having 3354 TXs 
2023-03-09 07:49:56,496 dumbo.py [line:219] run_bft INFO ACS Block Delay at Node 55: 5.050990343093872 
2023-03-09 07:49:56,496 dumbo.py [line:220] run_bft INFO Current Block's TPS at Node 55: 664.0281949035725 
2023-03-09 07:50:01,889 dumbo.py [line:217] run_bft INFO Node 55 Delivers ACS Block in Round 95 with having 3354 TXs 
2023-03-09 07:50:01,890 dumbo.py [line:219] run_bft INFO ACS Block Delay at Node 55: 5.394057512283325 
2023-03-09 07:50:01,890 dumbo.py [line:220] run_bft INFO Current Block's TPS at Node 55: 621.7953724746696 
2023-03-09 07:50:07,208 dumbo.py [line:217] run_bft INFO Node 55 Delivers ACS Block in Round 96 with having 3354 TXs 
2023-03-09 07:50:07,209 dumbo.py [line:219] run_bft INFO ACS Block Delay at Node 55: 5.318860054016113 
2023-03-09 07:50:07,209 dumbo.py [line:220] run_bft INFO Current Block's TPS at Node 55: 630.5862470413175 
2023-03-09 07:50:12,361 dumbo.py [line:217] run_bft INFO Node 55 Delivers ACS Block in Round 97 with having 3354 TXs 
2023-03-09 07:50:12,362 dumbo.py [line:219] run_bft INFO ACS Block Delay at Node 55: 5.15281867980957 
2023-03-09 07:50:12,362 dumbo.py [line:220] run_bft INFO Current Block's TPS at Node 55: 650.9058844127525 
2023-03-09 07:50:17,471 dumbo.py [line:217] run_bft INFO Node 55 Delivers ACS Block in Round 98 with having 3354 TXs 
2023-03-09 07:50:17,471 dumbo.py [line:219] run_bft INFO ACS Block Delay at Node 55: 5.109434127807617 
2023-03-09 07:50:17,471 dumbo.py [line:220] run_bft INFO Current Block's TPS at Node 55: 656.4327704600728 
2023-03-09 07:50:22,649 dumbo.py [line:217] run_bft INFO Node 55 Delivers ACS Block in Round 99 with having 3354 TXs 
2023-03-09 07:50:22,649 dumbo.py [line:219] run_bft INFO ACS Block Delay at Node 55: 5.178335666656494 
2023-03-09 07:50:22,650 dumbo.py [line:220] run_bft INFO Current Block's TPS at Node 55: 647.6984529211842 
2023-03-09 07:50:22,650 dumbo.py [line:241] run_bft INFO node 55 breaks in 524.434983 seconds with total delivered Txs 335400 
