2023-03-10 09:54:16,318 dumbo_node.py [line:77] run INFO node 50's starts to run consensus on process id 3839365 
2023-03-10 09:54:16,318 dumbo_node.py [line:59] prepare_bootstrap INFO node id 50 is inserting dummy payload TXs 
2023-03-10 09:54:16,319 dumbo_node.py [line:68] prepare_bootstrap INFO node id 50 just inserts 50000 TXs 
2023-03-10 09:54:16,319 dumbo_node.py [line:68] prepare_bootstrap INFO node id 50 just inserts 50000 TXs 
2023-03-10 09:54:16,319 dumbo_node.py [line:68] prepare_bootstrap INFO node id 50 just inserts 50000 TXs 
2023-03-10 09:54:16,319 dumbo_node.py [line:68] prepare_bootstrap INFO node id 50 just inserts 50000 TXs 
2023-03-10 09:54:16,320 dumbo_node.py [line:68] prepare_bootstrap INFO node id 50 just inserts 50000 TXs 
2023-03-10 09:54:16,320 dumbo_node.py [line:68] prepare_bootstrap INFO node id 50 just inserts 50000 TXs 
2023-03-10 09:54:16,320 dumbo_node.py [line:68] prepare_bootstrap INFO node id 50 just inserts 50000 TXs 
2023-03-10 09:54:16,320 dumbo_node.py [line:68] prepare_bootstrap INFO node id 50 just inserts 50000 TXs 
2023-03-10 09:54:16,320 dumbo_node.py [line:68] prepare_bootstrap INFO node id 50 just inserts 50000 TXs 
2023-03-10 09:54:16,320 dumbo_node.py [line:68] prepare_bootstrap INFO node id 50 just inserts 50000 TXs 
2023-03-10 09:54:16,320 dumbo_node.py [line:68] prepare_bootstrap INFO node id 50 just inserts 50000 TXs 
2023-03-10 09:54:16,321 dumbo_node.py [line:68] prepare_bootstrap INFO node id 50 just inserts 50000 TXs 
2023-03-10 09:54:16,321 dumbo_node.py [line:68] prepare_bootstrap INFO node id 50 just inserts 50000 TXs 
2023-03-10 09:54:16,321 dumbo_node.py [line:68] prepare_bootstrap INFO node id 50 just inserts 50000 TXs 
2023-03-10 09:54:16,321 dumbo_node.py [line:68] prepare_bootstrap INFO node id 50 just inserts 50000 TXs 
2023-03-10 09:54:16,321 dumbo_node.py [line:68] prepare_bootstrap INFO node id 50 just inserts 50000 TXs 
2023-03-10 09:54:16,321 dumbo_node.py [line:68] prepare_bootstrap INFO node id 50 just inserts 50000 TXs 
2023-03-10 09:54:16,321 dumbo_node.py [line:68] prepare_bootstrap INFO node id 50 just inserts 50000 TXs 
2023-03-10 09:54:16,322 dumbo_node.py [line:68] prepare_bootstrap INFO node id 50 just inserts 50000 TXs 
2023-03-10 09:54:16,322 dumbo_node.py [line:68] prepare_bootstrap INFO node id 50 just inserts 50000 TXs 
2023-03-10 09:54:16,322 dumbo_node.py [line:68] prepare_bootstrap INFO node id 50 just inserts 50000 TXs 
2023-03-10 09:54:16,322 dumbo_node.py [line:68] prepare_bootstrap INFO node id 50 just inserts 50000 TXs 
2023-03-10 09:54:16,322 dumbo_node.py [line:68] prepare_bootstrap INFO node id 50 just inserts 50000 TXs 
2023-03-10 09:54:16,322 dumbo_node.py [line:68] prepare_bootstrap INFO node id 50 just inserts 50000 TXs 
2023-03-10 09:54:16,323 dumbo_node.py [line:68] prepare_bootstrap INFO node id 50 just inserts 50000 TXs 
2023-03-10 09:54:16,323 dumbo_node.py [line:68] prepare_bootstrap INFO node id 50 just inserts 50000 TXs 
2023-03-10 09:54:16,323 dumbo_node.py [line:68] prepare_bootstrap INFO node id 50 just inserts 50000 TXs 
2023-03-10 09:54:16,323 dumbo_node.py [line:68] prepare_bootstrap INFO node id 50 just inserts 50000 TXs 
2023-03-10 09:54:16,323 dumbo_node.py [line:68] prepare_bootstrap INFO node id 50 just inserts 50000 TXs 
2023-03-10 09:54:16,323 dumbo_node.py [line:68] prepare_bootstrap INFO node id 50 just inserts 50000 TXs 
2023-03-10 09:54:16,323 dumbo_node.py [line:68] prepare_bootstrap INFO node id 50 just inserts 50000 TXs 
2023-03-10 09:54:16,324 dumbo_node.py [line:68] prepare_bootstrap INFO node id 50 just inserts 50000 TXs 
2023-03-10 09:54:16,324 dumbo_node.py [line:68] prepare_bootstrap INFO node id 50 just inserts 50000 TXs 
2023-03-10 09:54:16,324 dumbo_node.py [line:68] prepare_bootstrap INFO node id 50 just inserts 50000 TXs 
2023-03-10 09:54:16,324 dumbo_node.py [line:68] prepare_bootstrap INFO node id 50 just inserts 50000 TXs 
2023-03-10 09:54:16,324 dumbo_node.py [line:68] prepare_bootstrap INFO node id 50 just inserts 50000 TXs 
2023-03-10 09:54:16,324 dumbo_node.py [line:68] prepare_bootstrap INFO node id 50 just inserts 50000 TXs 
2023-03-10 09:54:16,324 dumbo_node.py [line:68] prepare_bootstrap INFO node id 50 just inserts 50000 TXs 
2023-03-10 09:54:16,325 dumbo_node.py [line:68] prepare_bootstrap INFO node id 50 just inserts 50000 TXs 
2023-03-10 09:54:16,325 dumbo_node.py [line:68] prepare_bootstrap INFO node id 50 just inserts 50000 TXs 
2023-03-10 09:54:16,325 dumbo_node.py [line:68] prepare_bootstrap INFO node id 50 just inserts 50000 TXs 
2023-03-10 09:54:16,325 dumbo_node.py [line:68] prepare_bootstrap INFO node id 50 just inserts 50000 TXs 
2023-03-10 09:54:16,325 dumbo_node.py [line:68] prepare_bootstrap INFO node id 50 just inserts 50000 TXs 
2023-03-10 09:54:16,325 dumbo_node.py [line:68] prepare_bootstrap INFO node id 50 just inserts 50000 TXs 
2023-03-10 09:54:16,325 dumbo_node.py [line:68] prepare_bootstrap INFO node id 50 just inserts 50000 TXs 
2023-03-10 09:54:16,326 dumbo_node.py [line:68] prepare_bootstrap INFO node id 50 just inserts 50000 TXs 
2023-03-10 09:54:16,326 dumbo_node.py [line:68] prepare_bootstrap INFO node id 50 just inserts 50000 TXs 
2023-03-10 09:54:16,326 dumbo_node.py [line:68] prepare_bootstrap INFO node id 50 just inserts 50000 TXs 
2023-03-10 09:54:16,326 dumbo_node.py [line:68] prepare_bootstrap INFO node id 50 just inserts 50000 TXs 
2023-03-10 09:54:16,326 dumbo_node.py [line:68] prepare_bootstrap INFO node id 50 just inserts 50000 TXs 
2023-03-10 09:54:16,326 dumbo_node.py [line:68] prepare_bootstrap INFO node id 50 just inserts 50000 TXs 
2023-03-10 09:54:16,326 dumbo_node.py [line:68] prepare_bootstrap INFO node id 50 just inserts 50000 TXs 
2023-03-10 09:54:16,327 dumbo_node.py [line:68] prepare_bootstrap INFO node id 50 just inserts 50000 TXs 
2023-03-10 09:54:16,327 dumbo_node.py [line:68] prepare_bootstrap INFO node id 50 just inserts 50000 TXs 
2023-03-10 09:54:16,327 dumbo_node.py [line:68] prepare_bootstrap INFO node id 50 just inserts 50000 TXs 
2023-03-10 09:54:16,327 dumbo_node.py [line:68] prepare_bootstrap INFO node id 50 just inserts 50000 TXs 
2023-03-10 09:54:16,327 dumbo_node.py [line:68] prepare_bootstrap INFO node id 50 just inserts 50000 TXs 
2023-03-10 09:54:16,327 dumbo_node.py [line:68] prepare_bootstrap INFO node id 50 just inserts 50000 TXs 
2023-03-10 09:54:16,327 dumbo_node.py [line:68] prepare_bootstrap INFO node id 50 just inserts 50000 TXs 
2023-03-10 09:54:16,328 dumbo_node.py [line:68] prepare_bootstrap INFO node id 50 just inserts 50000 TXs 
2023-03-10 09:54:16,328 dumbo_node.py [line:68] prepare_bootstrap INFO node id 50 just inserts 50000 TXs 
2023-03-10 09:54:16,328 dumbo_node.py [line:68] prepare_bootstrap INFO node id 50 just inserts 50000 TXs 
2023-03-10 09:54:16,328 dumbo_node.py [line:68] prepare_bootstrap INFO node id 50 just inserts 50000 TXs 
2023-03-10 09:54:16,328 dumbo_node.py [line:68] prepare_bootstrap INFO node id 50 just inserts 50000 TXs 
2023-03-10 09:54:16,328 dumbo_node.py [line:68] prepare_bootstrap INFO node id 50 just inserts 50000 TXs 
2023-03-10 09:54:16,328 dumbo_node.py [line:68] prepare_bootstrap INFO node id 50 just inserts 50000 TXs 
2023-03-10 09:54:16,329 dumbo_node.py [line:68] prepare_bootstrap INFO node id 50 just inserts 50000 TXs 
2023-03-10 09:54:16,329 dumbo_node.py [line:68] prepare_bootstrap INFO node id 50 just inserts 50000 TXs 
2023-03-10 09:54:16,329 dumbo_node.py [line:68] prepare_bootstrap INFO node id 50 just inserts 50000 TXs 
2023-03-10 09:54:16,329 dumbo_node.py [line:68] prepare_bootstrap INFO node id 50 just inserts 50000 TXs 
2023-03-10 09:54:16,329 dumbo_node.py [line:68] prepare_bootstrap INFO node id 50 just inserts 50000 TXs 
2023-03-10 09:54:16,329 dumbo_node.py [line:68] prepare_bootstrap INFO node id 50 just inserts 50000 TXs 
2023-03-10 09:54:16,329 dumbo_node.py [line:68] prepare_bootstrap INFO node id 50 just inserts 50000 TXs 
2023-03-10 09:54:16,330 dumbo_node.py [line:68] prepare_bootstrap INFO node id 50 just inserts 50000 TXs 
2023-03-10 09:54:16,330 dumbo_node.py [line:68] prepare_bootstrap INFO node id 50 just inserts 50000 TXs 
2023-03-10 09:54:16,330 dumbo_node.py [line:68] prepare_bootstrap INFO node id 50 just inserts 50000 TXs 
2023-03-10 09:54:16,330 dumbo_node.py [line:68] prepare_bootstrap INFO node id 50 just inserts 50000 TXs 
2023-03-10 09:54:16,330 dumbo_node.py [line:68] prepare_bootstrap INFO node id 50 just inserts 50000 TXs 
2023-03-10 09:54:16,330 dumbo_node.py [line:68] prepare_bootstrap INFO node id 50 just inserts 50000 TXs 
2023-03-10 09:54:16,331 dumbo_node.py [line:68] prepare_bootstrap INFO node id 50 just inserts 50000 TXs 
2023-03-10 09:54:16,331 dumbo_node.py [line:68] prepare_bootstrap INFO node id 50 just inserts 50000 TXs 
2023-03-10 09:54:16,331 dumbo_node.py [line:68] prepare_bootstrap INFO node id 50 just inserts 50000 TXs 
2023-03-10 09:54:16,331 dumbo_node.py [line:68] prepare_bootstrap INFO node id 50 just inserts 50000 TXs 
2023-03-10 09:54:16,331 dumbo_node.py [line:68] prepare_bootstrap INFO node id 50 just inserts 50000 TXs 
2023-03-10 09:54:16,331 dumbo_node.py [line:68] prepare_bootstrap INFO node id 50 just inserts 50000 TXs 
2023-03-10 09:54:16,331 dumbo_node.py [line:68] prepare_bootstrap INFO node id 50 just inserts 50000 TXs 
2023-03-10 09:54:16,331 dumbo_node.py [line:68] prepare_bootstrap INFO node id 50 just inserts 50000 TXs 
2023-03-10 09:54:16,331 dumbo_node.py [line:68] prepare_bootstrap INFO node id 50 just inserts 50000 TXs 
2023-03-10 09:54:16,331 dumbo_node.py [line:68] prepare_bootstrap INFO node id 50 just inserts 50000 TXs 
2023-03-10 09:54:16,331 dumbo_node.py [line:68] prepare_bootstrap INFO node id 50 just inserts 50000 TXs 
2023-03-10 09:54:16,332 dumbo_node.py [line:68] prepare_bootstrap INFO node id 50 just inserts 50000 TXs 
2023-03-10 09:54:16,332 dumbo_node.py [line:68] prepare_bootstrap INFO node id 50 just inserts 50000 TXs 
2023-03-10 09:54:16,332 dumbo_node.py [line:68] prepare_bootstrap INFO node id 50 just inserts 50000 TXs 
2023-03-10 09:54:16,332 dumbo_node.py [line:68] prepare_bootstrap INFO node id 50 just inserts 50000 TXs 
2023-03-10 09:54:16,332 dumbo_node.py [line:68] prepare_bootstrap INFO node id 50 just inserts 50000 TXs 
2023-03-10 09:54:16,332 dumbo_node.py [line:68] prepare_bootstrap INFO node id 50 just inserts 50000 TXs 
2023-03-10 09:54:16,332 dumbo_node.py [line:68] prepare_bootstrap INFO node id 50 just inserts 50000 TXs 
2023-03-10 09:54:16,332 dumbo_node.py [line:68] prepare_bootstrap INFO node id 50 just inserts 50000 TXs 
2023-03-10 09:54:16,332 dumbo_node.py [line:68] prepare_bootstrap INFO node id 50 just inserts 50000 TXs 
2023-03-10 09:54:16,332 dumbo_node.py [line:68] prepare_bootstrap INFO node id 50 just inserts 50000 TXs 
2023-03-10 09:54:16,332 dumbo_node.py [line:72] prepare_bootstrap INFO node id 50 completed the loading of dummy TXs 
2023-03-10 09:54:16,332 dumbo.py [line:179] run_bft INFO Node 50 starts to run at time:1678442056.3329473 
2023-03-10 09:54:30,458 dumbo.py [line:217] run_bft INFO Node 50 Delivers ACS Block in Round 0 with having 3354 TXs 
2023-03-10 09:54:30,458 dumbo.py [line:219] run_bft INFO ACS Block Delay at Node 50: 14.125861644744873 
2023-03-10 09:54:30,458 dumbo.py [line:220] run_bft INFO Current Block's TPS at Node 50: 237.43684345427246 
2023-03-10 09:54:44,516 dumbo.py [line:217] run_bft INFO Node 50 Delivers ACS Block in Round 1 with having 3354 TXs 
2023-03-10 09:54:44,516 dumbo.py [line:219] run_bft INFO ACS Block Delay at Node 50: 14.058040857315063 
2023-03-10 09:54:44,517 dumbo.py [line:220] run_bft INFO Current Block's TPS at Node 50: 238.58231982977594 
2023-03-10 09:54:58,510 dumbo.py [line:217] run_bft INFO Node 50 Delivers ACS Block in Round 2 with having 3354 TXs 
2023-03-10 09:54:58,510 dumbo.py [line:219] run_bft INFO ACS Block Delay at Node 50: 13.993644952774048 
2023-03-10 09:54:58,510 dumbo.py [line:220] run_bft INFO Current Block's TPS at Node 50: 239.68022708301712 
2023-03-10 09:55:12,741 dumbo.py [line:217] run_bft INFO Node 50 Delivers ACS Block in Round 3 with having 3354 TXs 
2023-03-10 09:55:12,741 dumbo.py [line:219] run_bft INFO ACS Block Delay at Node 50: 14.23073673248291 
2023-03-10 09:55:12,741 dumbo.py [line:220] run_bft INFO Current Block's TPS at Node 50: 235.68702471631 
2023-03-10 09:55:26,540 dumbo.py [line:217] run_bft INFO Node 50 Delivers ACS Block in Round 4 with having 3354 TXs 
2023-03-10 09:55:26,540 dumbo.py [line:219] run_bft INFO ACS Block Delay at Node 50: 13.798653364181519 
2023-03-10 09:55:26,540 dumbo.py [line:220] run_bft INFO Current Block's TPS at Node 50: 243.0671973184208 
2023-03-10 09:55:40,606 dumbo.py [line:217] run_bft INFO Node 50 Delivers ACS Block in Round 5 with having 3354 TXs 
2023-03-10 09:55:40,606 dumbo.py [line:219] run_bft INFO ACS Block Delay at Node 50: 14.06624960899353 
2023-03-10 09:55:40,606 dumbo.py [line:220] run_bft INFO Current Block's TPS at Node 50: 238.4430884729612 
2023-03-10 09:55:54,769 dumbo.py [line:217] run_bft INFO Node 50 Delivers ACS Block in Round 6 with having 3354 TXs 
2023-03-10 09:55:54,769 dumbo.py [line:219] run_bft INFO ACS Block Delay at Node 50: 14.163288116455078 
2023-03-10 09:55:54,769 dumbo.py [line:220] run_bft INFO Current Block's TPS at Node 50: 236.80941688274225 
2023-03-10 09:56:08,732 dumbo.py [line:217] run_bft INFO Node 50 Delivers ACS Block in Round 7 with having 3354 TXs 
2023-03-10 09:56:08,732 dumbo.py [line:219] run_bft INFO ACS Block Delay at Node 50: 13.962527513504028 
2023-03-10 09:56:08,732 dumbo.py [line:220] run_bft INFO Current Block's TPS at Node 50: 240.21438788615728 
2023-03-10 09:56:22,879 dumbo.py [line:217] run_bft INFO Node 50 Delivers ACS Block in Round 8 with having 3354 TXs 
2023-03-10 09:56:22,879 dumbo.py [line:219] run_bft INFO ACS Block Delay at Node 50: 14.146919012069702 
2023-03-10 09:56:22,879 dumbo.py [line:220] run_bft INFO Current Block's TPS at Node 50: 237.08342411082396 
2023-03-10 09:56:36,888 dumbo.py [line:217] run_bft INFO Node 50 Delivers ACS Block in Round 9 with having 3354 TXs 
2023-03-10 09:56:36,888 dumbo.py [line:219] run_bft INFO ACS Block Delay at Node 50: 14.009177684783936 
2023-03-10 09:56:36,888 dumbo.py [line:220] run_bft INFO Current Block's TPS at Node 50: 239.41448066883655 
2023-03-10 09:56:50,985 dumbo.py [line:217] run_bft INFO Node 50 Delivers ACS Block in Round 10 with having 3354 TXs 
2023-03-10 09:56:50,985 dumbo.py [line:219] run_bft INFO ACS Block Delay at Node 50: 14.096389770507812 
2023-03-10 09:56:50,985 dumbo.py [line:220] run_bft INFO Current Block's TPS at Node 50: 237.93326196308593 
2023-03-10 09:57:05,056 dumbo.py [line:217] run_bft INFO Node 50 Delivers ACS Block in Round 11 with having 3354 TXs 
2023-03-10 09:57:05,057 dumbo.py [line:219] run_bft INFO ACS Block Delay at Node 50: 14.07179307937622 
2023-03-10 09:57:05,057 dumbo.py [line:220] run_bft INFO Current Block's TPS at Node 50: 238.34915572455796 
2023-03-10 09:57:19,092 dumbo.py [line:217] run_bft INFO Node 50 Delivers ACS Block in Round 12 with having 3354 TXs 
2023-03-10 09:57:19,092 dumbo.py [line:219] run_bft INFO ACS Block Delay at Node 50: 14.03521728515625 
2023-03-10 09:57:19,092 dumbo.py [line:220] run_bft INFO Current Block's TPS at Node 50: 238.9702939296291 
2023-03-10 09:57:33,052 dumbo.py [line:217] run_bft INFO Node 50 Delivers ACS Block in Round 13 with having 3354 TXs 
2023-03-10 09:57:33,052 dumbo.py [line:219] run_bft INFO ACS Block Delay at Node 50: 13.960453510284424 
2023-03-10 09:57:33,052 dumbo.py [line:220] run_bft INFO Current Block's TPS at Node 50: 240.250074793714 
2023-03-10 09:57:47,205 dumbo.py [line:217] run_bft INFO Node 50 Delivers ACS Block in Round 14 with having 3354 TXs 
2023-03-10 09:57:47,205 dumbo.py [line:219] run_bft INFO ACS Block Delay at Node 50: 14.152432918548584 
2023-03-10 09:57:47,205 dumbo.py [line:220] run_bft INFO Current Block's TPS at Node 50: 236.9910544217561 
2023-03-10 09:58:01,232 dumbo.py [line:217] run_bft INFO Node 50 Delivers ACS Block in Round 15 with having 3354 TXs 
2023-03-10 09:58:01,232 dumbo.py [line:219] run_bft INFO ACS Block Delay at Node 50: 14.027224779129028 
2023-03-10 09:58:01,232 dumbo.py [line:220] run_bft INFO Current Block's TPS at Node 50: 239.10645568255126 
2023-03-10 09:58:15,146 dumbo.py [line:217] run_bft INFO Node 50 Delivers ACS Block in Round 16 with having 3354 TXs 
2023-03-10 09:58:15,146 dumbo.py [line:219] run_bft INFO ACS Block Delay at Node 50: 13.913658618927002 
2023-03-10 09:58:15,146 dumbo.py [line:220] run_bft INFO Current Block's TPS at Node 50: 241.05809204183672 
2023-03-10 09:58:29,161 dumbo.py [line:217] run_bft INFO Node 50 Delivers ACS Block in Round 17 with having 3354 TXs 
2023-03-10 09:58:29,161 dumbo.py [line:219] run_bft INFO ACS Block Delay at Node 50: 14.01507306098938 
2023-03-10 09:58:29,161 dumbo.py [line:220] run_bft INFO Current Block's TPS at Node 50: 239.3137720655755 
2023-03-10 09:58:43,340 dumbo.py [line:217] run_bft INFO Node 50 Delivers ACS Block in Round 18 with having 3354 TXs 
2023-03-10 09:58:43,340 dumbo.py [line:219] run_bft INFO ACS Block Delay at Node 50: 14.1785888671875 
2023-03-10 09:58:43,340 dumbo.py [line:220] run_bft INFO Current Block's TPS at Node 50: 236.5538652271612 
2023-03-10 09:58:57,407 dumbo.py [line:217] run_bft INFO Node 50 Delivers ACS Block in Round 19 with having 3354 TXs 
2023-03-10 09:58:57,408 dumbo.py [line:219] run_bft INFO ACS Block Delay at Node 50: 14.067759275436401 
2023-03-10 09:58:57,408 dumbo.py [line:220] run_bft INFO Current Block's TPS at Node 50: 238.4175002096028 
2023-03-10 09:59:11,469 dumbo.py [line:217] run_bft INFO Node 50 Delivers ACS Block in Round 20 with having 3354 TXs 
2023-03-10 09:59:11,469 dumbo.py [line:219] run_bft INFO ACS Block Delay at Node 50: 14.06127667427063 
2023-03-10 09:59:11,469 dumbo.py [line:220] run_bft INFO Current Block's TPS at Node 50: 238.52741665606794 
2023-03-10 09:59:25,574 dumbo.py [line:217] run_bft INFO Node 50 Delivers ACS Block in Round 21 with having 3354 TXs 
2023-03-10 09:59:25,574 dumbo.py [line:219] run_bft INFO ACS Block Delay at Node 50: 14.104945659637451 
2023-03-10 09:59:25,574 dumbo.py [line:220] run_bft INFO Current Block's TPS at Node 50: 237.78893452938053 
2023-03-10 09:59:39,543 dumbo.py [line:217] run_bft INFO Node 50 Delivers ACS Block in Round 22 with having 3354 TXs 
2023-03-10 09:59:39,543 dumbo.py [line:219] run_bft INFO ACS Block Delay at Node 50: 13.969375371932983 
2023-03-10 09:59:39,544 dumbo.py [line:220] run_bft INFO Current Block's TPS at Node 50: 240.096633578821 
2023-03-10 09:59:53,714 dumbo.py [line:217] run_bft INFO Node 50 Delivers ACS Block in Round 23 with having 3354 TXs 
2023-03-10 09:59:53,714 dumbo.py [line:219] run_bft INFO ACS Block Delay at Node 50: 14.170191764831543 
2023-03-10 09:59:53,714 dumbo.py [line:220] run_bft INFO Current Block's TPS at Node 50: 236.69404448880957 
2023-03-10 10:00:07,799 dumbo.py [line:217] run_bft INFO Node 50 Delivers ACS Block in Round 24 with having 3354 TXs 
2023-03-10 10:00:07,799 dumbo.py [line:219] run_bft INFO ACS Block Delay at Node 50: 14.085446119308472 
2023-03-10 10:00:07,799 dumbo.py [line:220] run_bft INFO Current Block's TPS at Node 50: 238.1181236000969 
2023-03-10 10:00:21,877 dumbo.py [line:217] run_bft INFO Node 50 Delivers ACS Block in Round 25 with having 3354 TXs 
2023-03-10 10:00:21,878 dumbo.py [line:219] run_bft INFO ACS Block Delay at Node 50: 14.07821774482727 
2023-03-10 10:00:21,878 dumbo.py [line:220] run_bft INFO Current Block's TPS at Node 50: 238.24038388895875 
2023-03-10 10:00:35,927 dumbo.py [line:217] run_bft INFO Node 50 Delivers ACS Block in Round 26 with having 3354 TXs 
2023-03-10 10:00:35,927 dumbo.py [line:219] run_bft INFO ACS Block Delay at Node 50: 14.049512147903442 
2023-03-10 10:00:35,927 dumbo.py [line:220] run_bft INFO Current Block's TPS at Node 50: 238.7271504299532 
2023-03-10 10:00:49,976 dumbo.py [line:217] run_bft INFO Node 50 Delivers ACS Block in Round 27 with having 3354 TXs 
2023-03-10 10:00:49,976 dumbo.py [line:219] run_bft INFO ACS Block Delay at Node 50: 14.048974514007568 
2023-03-10 10:00:49,976 dumbo.py [line:220] run_bft INFO Current Block's TPS at Node 50: 238.7362861720537 
2023-03-10 10:01:04,106 dumbo.py [line:217] run_bft INFO Node 50 Delivers ACS Block in Round 28 with having 3354 TXs 
2023-03-10 10:01:04,107 dumbo.py [line:219] run_bft INFO ACS Block Delay at Node 50: 14.130266427993774 
2023-03-10 10:01:04,107 dumbo.py [line:220] run_bft INFO Current Block's TPS at Node 50: 237.3628280182544 
2023-03-10 10:01:18,112 dumbo.py [line:217] run_bft INFO Node 50 Delivers ACS Block in Round 29 with having 3354 TXs 
2023-03-10 10:01:18,112 dumbo.py [line:219] run_bft INFO ACS Block Delay at Node 50: 14.005346059799194 
2023-03-10 10:01:18,112 dumbo.py [line:220] run_bft INFO Current Block's TPS at Node 50: 239.47998040743084 
2023-03-10 10:01:32,234 dumbo.py [line:217] run_bft INFO Node 50 Delivers ACS Block in Round 30 with having 3354 TXs 
2023-03-10 10:01:32,235 dumbo.py [line:219] run_bft INFO ACS Block Delay at Node 50: 14.122599363327026 
2023-03-10 10:01:32,235 dumbo.py [line:220] run_bft INFO Current Block's TPS at Node 50: 237.4916907088313 
2023-03-10 10:01:46,397 dumbo.py [line:217] run_bft INFO Node 50 Delivers ACS Block in Round 31 with having 3354 TXs 
2023-03-10 10:01:46,397 dumbo.py [line:219] run_bft INFO ACS Block Delay at Node 50: 14.162364482879639 
2023-03-10 10:01:46,397 dumbo.py [line:220] run_bft INFO Current Block's TPS at Node 50: 236.82486099369405 
2023-03-10 10:02:00,536 dumbo.py [line:217] run_bft INFO Node 50 Delivers ACS Block in Round 32 with having 3354 TXs 
2023-03-10 10:02:00,536 dumbo.py [line:219] run_bft INFO ACS Block Delay at Node 50: 14.13857126235962 
2023-03-10 10:02:00,536 dumbo.py [line:220] run_bft INFO Current Block's TPS at Node 50: 237.22340381939293 
2023-03-10 10:02:14,667 dumbo.py [line:217] run_bft INFO Node 50 Delivers ACS Block in Round 33 with having 3354 TXs 
2023-03-10 10:02:14,667 dumbo.py [line:219] run_bft INFO ACS Block Delay at Node 50: 14.131389617919922 
2023-03-10 10:02:14,667 dumbo.py [line:220] run_bft INFO Current Block's TPS at Node 50: 237.34396196583631 
2023-03-10 10:02:28,821 dumbo.py [line:217] run_bft INFO Node 50 Delivers ACS Block in Round 34 with having 3354 TXs 
2023-03-10 10:02:28,821 dumbo.py [line:219] run_bft INFO ACS Block Delay at Node 50: 14.15365743637085 
2023-03-10 10:02:28,821 dumbo.py [line:220] run_bft INFO Current Block's TPS at Node 50: 236.97055090376708 
2023-03-10 10:02:42,906 dumbo.py [line:217] run_bft INFO Node 50 Delivers ACS Block in Round 35 with having 3354 TXs 
2023-03-10 10:02:42,906 dumbo.py [line:219] run_bft INFO ACS Block Delay at Node 50: 14.084994077682495 
2023-03-10 10:02:42,906 dumbo.py [line:220] run_bft INFO Current Block's TPS at Node 50: 238.12576572640333 
2023-03-10 10:02:56,994 dumbo.py [line:217] run_bft INFO Node 50 Delivers ACS Block in Round 36 with having 3354 TXs 
2023-03-10 10:02:56,995 dumbo.py [line:219] run_bft INFO ACS Block Delay at Node 50: 14.08860158920288 
2023-03-10 10:02:56,995 dumbo.py [line:220] run_bft INFO Current Block's TPS at Node 50: 238.0647915099263 
2023-03-10 10:03:11,075 dumbo.py [line:217] run_bft INFO Node 50 Delivers ACS Block in Round 37 with having 3354 TXs 
2023-03-10 10:03:11,075 dumbo.py [line:219] run_bft INFO ACS Block Delay at Node 50: 14.080459594726562 
2023-03-10 10:03:11,075 dumbo.py [line:220] run_bft INFO Current Block's TPS at Node 50: 238.20245194667834 
2023-03-10 10:03:24,954 dumbo.py [line:217] run_bft INFO Node 50 Delivers ACS Block in Round 38 with having 3354 TXs 
2023-03-10 10:03:24,954 dumbo.py [line:219] run_bft INFO ACS Block Delay at Node 50: 13.8790283203125 
2023-03-10 10:03:24,954 dumbo.py [line:220] run_bft INFO Current Block's TPS at Node 50: 241.65956885405947 
2023-03-10 10:03:39,205 dumbo.py [line:217] run_bft INFO Node 50 Delivers ACS Block in Round 39 with having 3354 TXs 
2023-03-10 10:03:39,206 dumbo.py [line:219] run_bft INFO ACS Block Delay at Node 50: 14.251400470733643 
2023-03-10 10:03:39,206 dumbo.py [line:220] run_bft INFO Current Block's TPS at Node 50: 235.34529163556238 
2023-03-10 10:03:53,179 dumbo.py [line:217] run_bft INFO Node 50 Delivers ACS Block in Round 40 with having 3354 TXs 
2023-03-10 10:03:53,179 dumbo.py [line:219] run_bft INFO ACS Block Delay at Node 50: 13.97330355644226 
2023-03-10 10:03:53,179 dumbo.py [line:220] run_bft INFO Current Block's TPS at Node 50: 240.0291374514418 
2023-03-10 10:04:07,328 dumbo.py [line:217] run_bft INFO Node 50 Delivers ACS Block in Round 41 with having 3354 TXs 
2023-03-10 10:04:07,328 dumbo.py [line:219] run_bft INFO ACS Block Delay at Node 50: 14.148631811141968 
2023-03-10 10:04:07,328 dumbo.py [line:220] run_bft INFO Current Block's TPS at Node 50: 237.05472336616631 
2023-03-10 10:04:21,201 dumbo.py [line:217] run_bft INFO Node 50 Delivers ACS Block in Round 42 with having 3354 TXs 
2023-03-10 10:04:21,202 dumbo.py [line:219] run_bft INFO ACS Block Delay at Node 50: 13.873722791671753 
2023-03-10 10:04:21,202 dumbo.py [line:220] run_bft INFO Current Block's TPS at Node 50: 241.7519832537933 
2023-03-10 10:04:35,004 dumbo.py [line:217] run_bft INFO Node 50 Delivers ACS Block in Round 43 with having 3354 TXs 
2023-03-10 10:04:35,004 dumbo.py [line:219] run_bft INFO ACS Block Delay at Node 50: 13.80202579498291 
2023-03-10 10:04:35,004 dumbo.py [line:220] run_bft INFO Current Block's TPS at Node 50: 243.00780550773874 
2023-03-10 10:04:48,991 dumbo.py [line:217] run_bft INFO Node 50 Delivers ACS Block in Round 44 with having 3354 TXs 
2023-03-10 10:04:48,991 dumbo.py [line:219] run_bft INFO ACS Block Delay at Node 50: 13.987542390823364 
2023-03-10 10:04:48,991 dumbo.py [line:220] run_bft INFO Current Block's TPS at Node 50: 239.78479609115735 
2023-03-10 10:05:02,947 dumbo.py [line:217] run_bft INFO Node 50 Delivers ACS Block in Round 45 with having 3354 TXs 
2023-03-10 10:05:02,947 dumbo.py [line:219] run_bft INFO ACS Block Delay at Node 50: 13.955991744995117 
2023-03-10 10:05:02,947 dumbo.py [line:220] run_bft INFO Current Block's TPS at Node 50: 240.32688334046972 
2023-03-10 10:05:17,066 dumbo.py [line:217] run_bft INFO Node 50 Delivers ACS Block in Round 46 with having 3354 TXs 
2023-03-10 10:05:17,067 dumbo.py [line:219] run_bft INFO ACS Block Delay at Node 50: 14.119019031524658 
2023-03-10 10:05:17,067 dumbo.py [line:220] run_bft INFO Current Block's TPS at Node 50: 237.5519143724686 
2023-03-10 10:05:31,079 dumbo.py [line:217] run_bft INFO Node 50 Delivers ACS Block in Round 47 with having 3354 TXs 
2023-03-10 10:05:31,079 dumbo.py [line:219] run_bft INFO ACS Block Delay at Node 50: 14.012132406234741 
2023-03-10 10:05:31,079 dumbo.py [line:220] run_bft INFO Current Block's TPS at Node 50: 239.36399562622086 
2023-03-10 10:05:45,134 dumbo.py [line:217] run_bft INFO Node 50 Delivers ACS Block in Round 48 with having 3354 TXs 
2023-03-10 10:05:45,134 dumbo.py [line:219] run_bft INFO ACS Block Delay at Node 50: 14.055552005767822 
2023-03-10 10:05:45,134 dumbo.py [line:220] run_bft INFO Current Block's TPS at Node 50: 238.62456619445868 
2023-03-10 10:05:59,202 dumbo.py [line:217] run_bft INFO Node 50 Delivers ACS Block in Round 49 with having 3354 TXs 
2023-03-10 10:05:59,202 dumbo.py [line:219] run_bft INFO ACS Block Delay at Node 50: 14.067704439163208 
2023-03-10 10:05:59,202 dumbo.py [line:220] run_bft INFO Current Block's TPS at Node 50: 238.41842956714171 
2023-03-10 10:06:13,350 dumbo.py [line:217] run_bft INFO Node 50 Delivers ACS Block in Round 50 with having 3354 TXs 
2023-03-10 10:06:13,350 dumbo.py [line:219] run_bft INFO ACS Block Delay at Node 50: 14.147600173950195 
2023-03-10 10:06:13,350 dumbo.py [line:220] run_bft INFO Current Block's TPS at Node 50: 237.07200929919404 
2023-03-10 10:06:27,270 dumbo.py [line:217] run_bft INFO Node 50 Delivers ACS Block in Round 51 with having 3354 TXs 
2023-03-10 10:06:27,270 dumbo.py [line:219] run_bft INFO ACS Block Delay at Node 50: 13.920015096664429 
2023-03-10 10:06:27,270 dumbo.py [line:220] run_bft INFO Current Block's TPS at Node 50: 240.94801454660055 
2023-03-10 10:06:41,394 dumbo.py [line:217] run_bft INFO Node 50 Delivers ACS Block in Round 52 with having 3354 TXs 
2023-03-10 10:06:41,394 dumbo.py [line:219] run_bft INFO ACS Block Delay at Node 50: 14.124079465866089 
2023-03-10 10:06:41,394 dumbo.py [line:220] run_bft INFO Current Block's TPS at Node 50: 237.46680327774075 
2023-03-10 10:06:55,479 dumbo.py [line:217] run_bft INFO Node 50 Delivers ACS Block in Round 53 with having 3354 TXs 
2023-03-10 10:06:55,480 dumbo.py [line:219] run_bft INFO ACS Block Delay at Node 50: 14.08550477027893 
2023-03-10 10:06:55,480 dumbo.py [line:220] run_bft INFO Current Block's TPS at Node 50: 238.11713209434254 
2023-03-10 10:07:09,406 dumbo.py [line:217] run_bft INFO Node 50 Delivers ACS Block in Round 54 with having 3354 TXs 
2023-03-10 10:07:09,406 dumbo.py [line:219] run_bft INFO ACS Block Delay at Node 50: 13.926417827606201 
2023-03-10 10:07:09,406 dumbo.py [line:220] run_bft INFO Current Block's TPS at Node 50: 240.83723765284412 
2023-03-10 10:07:23,531 dumbo.py [line:217] run_bft INFO Node 50 Delivers ACS Block in Round 55 with having 3354 TXs 
2023-03-10 10:07:23,531 dumbo.py [line:219] run_bft INFO ACS Block Delay at Node 50: 14.124528169631958 
2023-03-10 10:07:23,531 dumbo.py [line:220] run_bft INFO Current Block's TPS at Node 50: 237.45925950370312 
2023-03-10 10:07:37,649 dumbo.py [line:217] run_bft INFO Node 50 Delivers ACS Block in Round 56 with having 3354 TXs 
2023-03-10 10:07:37,649 dumbo.py [line:219] run_bft INFO ACS Block Delay at Node 50: 14.118548393249512 
2023-03-10 10:07:37,649 dumbo.py [line:220] run_bft INFO Current Block's TPS at Node 50: 237.55983310604685 
2023-03-10 10:07:51,766 dumbo.py [line:217] run_bft INFO Node 50 Delivers ACS Block in Round 57 with having 3354 TXs 
2023-03-10 10:07:51,766 dumbo.py [line:219] run_bft INFO ACS Block Delay at Node 50: 14.116793632507324 
2023-03-10 10:07:51,766 dumbo.py [line:220] run_bft INFO Current Block's TPS at Node 50: 237.5893625218552 
2023-03-10 10:08:05,971 dumbo.py [line:217] run_bft INFO Node 50 Delivers ACS Block in Round 58 with having 3354 TXs 
2023-03-10 10:08:05,971 dumbo.py [line:219] run_bft INFO ACS Block Delay at Node 50: 14.204477071762085 
2023-03-10 10:08:05,971 dumbo.py [line:220] run_bft INFO Current Block's TPS at Node 50: 236.12273672978878 
2023-03-10 10:08:20,031 dumbo.py [line:217] run_bft INFO Node 50 Delivers ACS Block in Round 59 with having 3354 TXs 
2023-03-10 10:08:20,032 dumbo.py [line:219] run_bft INFO ACS Block Delay at Node 50: 14.060609817504883 
2023-03-10 10:08:20,032 dumbo.py [line:220] run_bft INFO Current Block's TPS at Node 50: 238.53872936751347 
2023-03-10 10:08:33,932 dumbo.py [line:217] run_bft INFO Node 50 Delivers ACS Block in Round 60 with having 3354 TXs 
2023-03-10 10:08:33,932 dumbo.py [line:219] run_bft INFO ACS Block Delay at Node 50: 13.900338172912598 
2023-03-10 10:08:33,932 dumbo.py [line:220] run_bft INFO Current Block's TPS at Node 50: 241.28909370966923 
2023-03-10 10:08:48,054 dumbo.py [line:217] run_bft INFO Node 50 Delivers ACS Block in Round 61 with having 3354 TXs 
2023-03-10 10:08:48,054 dumbo.py [line:219] run_bft INFO ACS Block Delay at Node 50: 14.122212648391724 
2023-03-10 10:08:48,054 dumbo.py [line:220] run_bft INFO Current Block's TPS at Node 50: 237.49819405119655 
2023-03-10 10:09:01,989 dumbo.py [line:217] run_bft INFO Node 50 Delivers ACS Block in Round 62 with having 3354 TXs 
2023-03-10 10:09:01,990 dumbo.py [line:219] run_bft INFO ACS Block Delay at Node 50: 13.93538212776184 
2023-03-10 10:09:01,990 dumbo.py [line:220] run_bft INFO Current Block's TPS at Node 50: 240.68231278123446 
2023-03-10 10:09:16,139 dumbo.py [line:217] run_bft INFO Node 50 Delivers ACS Block in Round 63 with having 3354 TXs 
2023-03-10 10:09:16,139 dumbo.py [line:219] run_bft INFO ACS Block Delay at Node 50: 14.148963689804077 
2023-03-10 10:09:16,139 dumbo.py [line:220] run_bft INFO Current Block's TPS at Node 50: 237.0491630010285 
2023-03-10 10:09:30,261 dumbo.py [line:217] run_bft INFO Node 50 Delivers ACS Block in Round 64 with having 3354 TXs 
2023-03-10 10:09:30,261 dumbo.py [line:219] run_bft INFO ACS Block Delay at Node 50: 14.1222825050354 
2023-03-10 10:09:30,261 dumbo.py [line:220] run_bft INFO Current Block's TPS at Node 50: 237.49701925337547 
2023-03-10 10:09:44,532 dumbo.py [line:217] run_bft INFO Node 50 Delivers ACS Block in Round 65 with having 3354 TXs 
2023-03-10 10:09:44,532 dumbo.py [line:219] run_bft INFO ACS Block Delay at Node 50: 14.2709801197052 
2023-03-10 10:09:44,532 dumbo.py [line:220] run_bft INFO Current Block's TPS at Node 50: 235.02240013416014 
2023-03-10 10:09:58,547 dumbo.py [line:217] run_bft INFO Node 50 Delivers ACS Block in Round 66 with having 3354 TXs 
2023-03-10 10:09:58,547 dumbo.py [line:219] run_bft INFO ACS Block Delay at Node 50: 14.014612436294556 
2023-03-10 10:09:58,547 dumbo.py [line:220] run_bft INFO Current Block's TPS at Node 50: 239.3216377010846 
2023-03-10 10:10:12,713 dumbo.py [line:217] run_bft INFO Node 50 Delivers ACS Block in Round 67 with having 3354 TXs 
2023-03-10 10:10:12,713 dumbo.py [line:219] run_bft INFO ACS Block Delay at Node 50: 14.16656756401062 
2023-03-10 10:10:12,714 dumbo.py [line:220] run_bft INFO Current Block's TPS at Node 50: 236.75459738890112 
2023-03-10 10:10:26,725 dumbo.py [line:217] run_bft INFO Node 50 Delivers ACS Block in Round 68 with having 3354 TXs 
2023-03-10 10:10:26,725 dumbo.py [line:219] run_bft INFO ACS Block Delay at Node 50: 14.011588335037231 
2023-03-10 10:10:26,725 dumbo.py [line:220] run_bft INFO Current Block's TPS at Node 50: 239.37329015105465 
2023-03-10 10:10:40,951 dumbo.py [line:217] run_bft INFO Node 50 Delivers ACS Block in Round 69 with having 3354 TXs 
2023-03-10 10:10:40,951 dumbo.py [line:219] run_bft INFO ACS Block Delay at Node 50: 14.22608995437622 
2023-03-10 10:10:40,951 dumbo.py [line:220] run_bft INFO Current Block's TPS at Node 50: 235.7640089973032 
2023-03-10 10:10:54,960 dumbo.py [line:217] run_bft INFO Node 50 Delivers ACS Block in Round 70 with having 3354 TXs 
2023-03-10 10:10:54,960 dumbo.py [line:219] run_bft INFO ACS Block Delay at Node 50: 14.008432388305664 
2023-03-10 10:10:54,960 dumbo.py [line:220] run_bft INFO Current Block's TPS at Node 50: 239.427218337431 
2023-03-10 10:11:08,993 dumbo.py [line:217] run_bft INFO Node 50 Delivers ACS Block in Round 71 with having 3354 TXs 
2023-03-10 10:11:08,993 dumbo.py [line:219] run_bft INFO ACS Block Delay at Node 50: 14.0327889919281 
2023-03-10 10:11:08,993 dumbo.py [line:220] run_bft INFO Current Block's TPS at Node 50: 239.01164636119577 
2023-03-10 10:11:23,036 dumbo.py [line:217] run_bft INFO Node 50 Delivers ACS Block in Round 72 with having 3354 TXs 
2023-03-10 10:11:23,036 dumbo.py [line:219] run_bft INFO ACS Block Delay at Node 50: 14.043666124343872 
2023-03-10 10:11:23,036 dumbo.py [line:220] run_bft INFO Current Block's TPS at Node 50: 238.82652651404447 
2023-03-10 10:11:37,283 dumbo.py [line:217] run_bft INFO Node 50 Delivers ACS Block in Round 73 with having 3354 TXs 
2023-03-10 10:11:37,283 dumbo.py [line:219] run_bft INFO ACS Block Delay at Node 50: 14.246297597885132 
2023-03-10 10:11:37,283 dumbo.py [line:220] run_bft INFO Current Block's TPS at Node 50: 235.42958982535242 
2023-03-10 10:11:51,485 dumbo.py [line:217] run_bft INFO Node 50 Delivers ACS Block in Round 74 with having 3354 TXs 
2023-03-10 10:11:51,485 dumbo.py [line:219] run_bft INFO ACS Block Delay at Node 50: 14.202080011367798 
2023-03-10 10:11:51,485 dumbo.py [line:220] run_bft INFO Current Block's TPS at Node 50: 236.16259007943566 
2023-03-10 10:12:05,405 dumbo.py [line:217] run_bft INFO Node 50 Delivers ACS Block in Round 75 with having 3354 TXs 
2023-03-10 10:12:05,405 dumbo.py [line:219] run_bft INFO ACS Block Delay at Node 50: 13.920140504837036 
2023-03-10 10:12:05,405 dumbo.py [line:220] run_bft INFO Current Block's TPS at Node 50: 240.94584381777872 
2023-03-10 10:12:19,677 dumbo.py [line:217] run_bft INFO Node 50 Delivers ACS Block in Round 76 with having 3354 TXs 
2023-03-10 10:12:19,677 dumbo.py [line:219] run_bft INFO ACS Block Delay at Node 50: 14.271746635437012 
2023-03-10 10:12:19,677 dumbo.py [line:220] run_bft INFO Current Block's TPS at Node 50: 235.00977740677905 
2023-03-10 10:12:33,459 dumbo.py [line:217] run_bft INFO Node 50 Delivers ACS Block in Round 77 with having 3354 TXs 
2023-03-10 10:12:33,459 dumbo.py [line:219] run_bft INFO ACS Block Delay at Node 50: 13.781866788864136 
2023-03-10 10:12:33,459 dumbo.py [line:220] run_bft INFO Current Block's TPS at Node 50: 243.363257777971 
2023-03-10 10:12:47,653 dumbo.py [line:217] run_bft INFO Node 50 Delivers ACS Block in Round 78 with having 3354 TXs 
2023-03-10 10:12:47,653 dumbo.py [line:219] run_bft INFO ACS Block Delay at Node 50: 14.193962812423706 
2023-03-10 10:12:47,653 dumbo.py [line:220] run_bft INFO Current Block's TPS at Node 50: 236.2976460008975 
2023-03-10 10:13:01,760 dumbo.py [line:217] run_bft INFO Node 50 Delivers ACS Block in Round 79 with having 3354 TXs 
2023-03-10 10:13:01,760 dumbo.py [line:219] run_bft INFO ACS Block Delay at Node 50: 14.106796503067017 
2023-03-10 10:13:01,760 dumbo.py [line:220] run_bft INFO Current Block's TPS at Node 50: 237.75773608634626 
2023-03-10 10:13:15,858 dumbo.py [line:217] run_bft INFO Node 50 Delivers ACS Block in Round 80 with having 3354 TXs 
2023-03-10 10:13:15,858 dumbo.py [line:219] run_bft INFO ACS Block Delay at Node 50: 14.09797716140747 
2023-03-10 10:13:15,858 dumbo.py [line:220] run_bft INFO Current Block's TPS at Node 50: 237.90647137529862 
2023-03-10 10:13:29,837 dumbo.py [line:217] run_bft INFO Node 50 Delivers ACS Block in Round 81 with having 3354 TXs 
2023-03-10 10:13:29,837 dumbo.py [line:219] run_bft INFO ACS Block Delay at Node 50: 13.979191064834595 
2023-03-10 10:13:29,837 dumbo.py [line:220] run_bft INFO Current Block's TPS at Node 50: 239.92804622559078 
2023-03-10 10:13:43,937 dumbo.py [line:217] run_bft INFO Node 50 Delivers ACS Block in Round 82 with having 3354 TXs 
2023-03-10 10:13:43,937 dumbo.py [line:219] run_bft INFO ACS Block Delay at Node 50: 14.099403619766235 
2023-03-10 10:13:43,937 dumbo.py [line:220] run_bft INFO Current Block's TPS at Node 50: 237.88240201152624 
2023-03-10 10:13:58,075 dumbo.py [line:217] run_bft INFO Node 50 Delivers ACS Block in Round 83 with having 3354 TXs 
2023-03-10 10:13:58,076 dumbo.py [line:219] run_bft INFO ACS Block Delay at Node 50: 14.13879680633545 
2023-03-10 10:13:58,076 dumbo.py [line:220] run_bft INFO Current Block's TPS at Node 50: 237.21961959995826 
2023-03-10 10:14:12,157 dumbo.py [line:217] run_bft INFO Node 50 Delivers ACS Block in Round 84 with having 3354 TXs 
2023-03-10 10:14:12,157 dumbo.py [line:219] run_bft INFO ACS Block Delay at Node 50: 14.081725835800171 
2023-03-10 10:14:12,157 dumbo.py [line:220] run_bft INFO Current Block's TPS at Node 50: 238.18103257436516 
2023-03-10 10:14:26,246 dumbo.py [line:217] run_bft INFO Node 50 Delivers ACS Block in Round 85 with having 3354 TXs 
2023-03-10 10:14:26,246 dumbo.py [line:219] run_bft INFO ACS Block Delay at Node 50: 14.088361740112305 
2023-03-10 10:14:26,246 dumbo.py [line:220] run_bft INFO Current Block's TPS at Node 50: 238.06884447398238 
2023-03-10 10:14:40,374 dumbo.py [line:217] run_bft INFO Node 50 Delivers ACS Block in Round 86 with having 3354 TXs 
2023-03-10 10:14:40,374 dumbo.py [line:219] run_bft INFO ACS Block Delay at Node 50: 14.127765655517578 
2023-03-10 10:14:40,374 dumbo.py [line:220] run_bft INFO Current Block's TPS at Node 50: 237.40484389264344 
2023-03-10 10:14:54,601 dumbo.py [line:217] run_bft INFO Node 50 Delivers ACS Block in Round 87 with having 3354 TXs 
2023-03-10 10:14:54,601 dumbo.py [line:219] run_bft INFO ACS Block Delay at Node 50: 14.227202892303467 
2023-03-10 10:14:54,601 dumbo.py [line:220] run_bft INFO Current Block's TPS at Node 50: 235.745566109444 
2023-03-10 10:15:08,602 dumbo.py [line:217] run_bft INFO Node 50 Delivers ACS Block in Round 88 with having 3354 TXs 
2023-03-10 10:15:08,602 dumbo.py [line:219] run_bft INFO ACS Block Delay at Node 50: 14.00127363204956 
2023-03-10 10:15:08,602 dumbo.py [line:220] run_bft INFO Current Block's TPS at Node 50: 239.54963585045144 
2023-03-10 10:15:22,763 dumbo.py [line:217] run_bft INFO Node 50 Delivers ACS Block in Round 89 with having 3354 TXs 
2023-03-10 10:15:22,763 dumbo.py [line:219] run_bft INFO ACS Block Delay at Node 50: 14.161096572875977 
2023-03-10 10:15:22,764 dumbo.py [line:220] run_bft INFO Current Block's TPS at Node 50: 236.84606504444142 
2023-03-10 10:15:36,867 dumbo.py [line:217] run_bft INFO Node 50 Delivers ACS Block in Round 90 with having 3354 TXs 
2023-03-10 10:15:36,867 dumbo.py [line:219] run_bft INFO ACS Block Delay at Node 50: 14.103559255599976 
2023-03-10 10:15:36,867 dumbo.py [line:220] run_bft INFO Current Block's TPS at Node 50: 237.81230958903205 
2023-03-10 10:15:51,088 dumbo.py [line:217] run_bft INFO Node 50 Delivers ACS Block in Round 91 with having 3354 TXs 
2023-03-10 10:15:51,088 dumbo.py [line:219] run_bft INFO ACS Block Delay at Node 50: 14.220993757247925 
2023-03-10 10:15:51,088 dumbo.py [line:220] run_bft INFO Current Block's TPS at Node 50: 235.84849675435572 
2023-03-10 10:16:04,923 dumbo.py [line:217] run_bft INFO Node 50 Delivers ACS Block in Round 92 with having 3354 TXs 
2023-03-10 10:16:04,923 dumbo.py [line:219] run_bft INFO ACS Block Delay at Node 50: 13.835214138031006 
2023-03-10 10:16:04,923 dumbo.py [line:220] run_bft INFO Current Block's TPS at Node 50: 242.42487080704723 
2023-03-10 10:16:19,036 dumbo.py [line:217] run_bft INFO Node 50 Delivers ACS Block in Round 93 with having 3354 TXs 
2023-03-10 10:16:19,036 dumbo.py [line:219] run_bft INFO ACS Block Delay at Node 50: 14.1126549243927 
2023-03-10 10:16:19,036 dumbo.py [line:220] run_bft INFO Current Block's TPS at Node 50: 237.6590384990463 
2023-03-10 10:16:33,162 dumbo.py [line:217] run_bft INFO Node 50 Delivers ACS Block in Round 94 with having 3354 TXs 
2023-03-10 10:16:33,162 dumbo.py [line:219] run_bft INFO ACS Block Delay at Node 50: 14.125845193862915 
2023-03-10 10:16:33,162 dumbo.py [line:220] run_bft INFO Current Block's TPS at Node 50: 237.4371199719201 
2023-03-10 10:16:47,249 dumbo.py [line:217] run_bft INFO Node 50 Delivers ACS Block in Round 95 with having 3354 TXs 
2023-03-10 10:16:47,249 dumbo.py [line:219] run_bft INFO ACS Block Delay at Node 50: 14.086985349655151 
2023-03-10 10:16:47,249 dumbo.py [line:220] run_bft INFO Current Block's TPS at Node 50: 238.09210535468512 
2023-03-10 10:17:01,308 dumbo.py [line:217] run_bft INFO Node 50 Delivers ACS Block in Round 96 with having 3354 TXs 
2023-03-10 10:17:01,308 dumbo.py [line:219] run_bft INFO ACS Block Delay at Node 50: 14.05919361114502 
2023-03-10 10:17:01,308 dumbo.py [line:220] run_bft INFO Current Block's TPS at Node 50: 238.56275777731756 
2023-03-10 10:17:15,483 dumbo.py [line:217] run_bft INFO Node 50 Delivers ACS Block in Round 97 with having 3354 TXs 
2023-03-10 10:17:15,483 dumbo.py [line:219] run_bft INFO ACS Block Delay at Node 50: 14.174880981445312 
2023-03-10 10:17:15,483 dumbo.py [line:220] run_bft INFO Current Block's TPS at Node 50: 236.6157433272513 
2023-03-10 10:17:29,678 dumbo.py [line:217] run_bft INFO Node 50 Delivers ACS Block in Round 98 with having 3354 TXs 
2023-03-10 10:17:29,679 dumbo.py [line:219] run_bft INFO ACS Block Delay at Node 50: 14.195201396942139 
2023-03-10 10:17:29,679 dumbo.py [line:220] run_bft INFO Current Block's TPS at Node 50: 236.27702814575792 
2023-03-10 10:17:43,705 dumbo.py [line:217] run_bft INFO Node 50 Delivers ACS Block in Round 99 with having 3354 TXs 
2023-03-10 10:17:43,705 dumbo.py [line:219] run_bft INFO ACS Block Delay at Node 50: 14.026105642318726 
2023-03-10 10:17:43,705 dumbo.py [line:220] run_bft INFO Current Block's TPS at Node 50: 239.12553388165793 
2023-03-10 10:17:43,705 dumbo.py [line:241] run_bft INFO node 50 breaks in 1407.372494 seconds with total delivered Txs 335400 
