2023-03-10 09:54:16,273 dumbo_node.py [line:77] run INFO node 56's starts to run consensus on process id 3839380 
2023-03-10 09:54:16,273 dumbo_node.py [line:59] prepare_bootstrap INFO node id 56 is inserting dummy payload TXs 
2023-03-10 09:54:16,274 dumbo_node.py [line:68] prepare_bootstrap INFO node id 56 just inserts 50000 TXs 
2023-03-10 09:54:16,274 dumbo_node.py [line:68] prepare_bootstrap INFO node id 56 just inserts 50000 TXs 
2023-03-10 09:54:16,275 dumbo_node.py [line:68] prepare_bootstrap INFO node id 56 just inserts 50000 TXs 
2023-03-10 09:54:16,275 dumbo_node.py [line:68] prepare_bootstrap INFO node id 56 just inserts 50000 TXs 
2023-03-10 09:54:16,275 dumbo_node.py [line:68] prepare_bootstrap INFO node id 56 just inserts 50000 TXs 
2023-03-10 09:54:16,276 dumbo_node.py [line:68] prepare_bootstrap INFO node id 56 just inserts 50000 TXs 
2023-03-10 09:54:16,276 dumbo_node.py [line:68] prepare_bootstrap INFO node id 56 just inserts 50000 TXs 
2023-03-10 09:54:16,276 dumbo_node.py [line:68] prepare_bootstrap INFO node id 56 just inserts 50000 TXs 
2023-03-10 09:54:16,276 dumbo_node.py [line:68] prepare_bootstrap INFO node id 56 just inserts 50000 TXs 
2023-03-10 09:54:16,277 dumbo_node.py [line:68] prepare_bootstrap INFO node id 56 just inserts 50000 TXs 
2023-03-10 09:54:16,277 dumbo_node.py [line:68] prepare_bootstrap INFO node id 56 just inserts 50000 TXs 
2023-03-10 09:54:16,277 dumbo_node.py [line:68] prepare_bootstrap INFO node id 56 just inserts 50000 TXs 
2023-03-10 09:54:16,277 dumbo_node.py [line:68] prepare_bootstrap INFO node id 56 just inserts 50000 TXs 
2023-03-10 09:54:16,278 dumbo_node.py [line:68] prepare_bootstrap INFO node id 56 just inserts 50000 TXs 
2023-03-10 09:54:16,278 dumbo_node.py [line:68] prepare_bootstrap INFO node id 56 just inserts 50000 TXs 
2023-03-10 09:54:16,278 dumbo_node.py [line:68] prepare_bootstrap INFO node id 56 just inserts 50000 TXs 
2023-03-10 09:54:16,279 dumbo_node.py [line:68] prepare_bootstrap INFO node id 56 just inserts 50000 TXs 
2023-03-10 09:54:16,279 dumbo_node.py [line:68] prepare_bootstrap INFO node id 56 just inserts 50000 TXs 
2023-03-10 09:54:16,279 dumbo_node.py [line:68] prepare_bootstrap INFO node id 56 just inserts 50000 TXs 
2023-03-10 09:54:16,279 dumbo_node.py [line:68] prepare_bootstrap INFO node id 56 just inserts 50000 TXs 
2023-03-10 09:54:16,279 dumbo_node.py [line:68] prepare_bootstrap INFO node id 56 just inserts 50000 TXs 
2023-03-10 09:54:16,279 dumbo_node.py [line:68] prepare_bootstrap INFO node id 56 just inserts 50000 TXs 
2023-03-10 09:54:16,279 dumbo_node.py [line:68] prepare_bootstrap INFO node id 56 just inserts 50000 TXs 
2023-03-10 09:54:16,279 dumbo_node.py [line:68] prepare_bootstrap INFO node id 56 just inserts 50000 TXs 
2023-03-10 09:54:16,279 dumbo_node.py [line:68] prepare_bootstrap INFO node id 56 just inserts 50000 TXs 
2023-03-10 09:54:16,279 dumbo_node.py [line:68] prepare_bootstrap INFO node id 56 just inserts 50000 TXs 
2023-03-10 09:54:16,279 dumbo_node.py [line:68] prepare_bootstrap INFO node id 56 just inserts 50000 TXs 
2023-03-10 09:54:16,280 dumbo_node.py [line:68] prepare_bootstrap INFO node id 56 just inserts 50000 TXs 
2023-03-10 09:54:16,280 dumbo_node.py [line:68] prepare_bootstrap INFO node id 56 just inserts 50000 TXs 
2023-03-10 09:54:16,280 dumbo_node.py [line:68] prepare_bootstrap INFO node id 56 just inserts 50000 TXs 
2023-03-10 09:54:16,280 dumbo_node.py [line:68] prepare_bootstrap INFO node id 56 just inserts 50000 TXs 
2023-03-10 09:54:16,280 dumbo_node.py [line:68] prepare_bootstrap INFO node id 56 just inserts 50000 TXs 
2023-03-10 09:54:16,280 dumbo_node.py [line:68] prepare_bootstrap INFO node id 56 just inserts 50000 TXs 
2023-03-10 09:54:16,280 dumbo_node.py [line:68] prepare_bootstrap INFO node id 56 just inserts 50000 TXs 
2023-03-10 09:54:16,280 dumbo_node.py [line:68] prepare_bootstrap INFO node id 56 just inserts 50000 TXs 
2023-03-10 09:54:16,280 dumbo_node.py [line:68] prepare_bootstrap INFO node id 56 just inserts 50000 TXs 
2023-03-10 09:54:16,280 dumbo_node.py [line:68] prepare_bootstrap INFO node id 56 just inserts 50000 TXs 
2023-03-10 09:54:16,280 dumbo_node.py [line:68] prepare_bootstrap INFO node id 56 just inserts 50000 TXs 
2023-03-10 09:54:16,280 dumbo_node.py [line:68] prepare_bootstrap INFO node id 56 just inserts 50000 TXs 
2023-03-10 09:54:16,281 dumbo_node.py [line:68] prepare_bootstrap INFO node id 56 just inserts 50000 TXs 
2023-03-10 09:54:16,281 dumbo_node.py [line:68] prepare_bootstrap INFO node id 56 just inserts 50000 TXs 
2023-03-10 09:54:16,281 dumbo_node.py [line:68] prepare_bootstrap INFO node id 56 just inserts 50000 TXs 
2023-03-10 09:54:16,281 dumbo_node.py [line:68] prepare_bootstrap INFO node id 56 just inserts 50000 TXs 
2023-03-10 09:54:16,281 dumbo_node.py [line:68] prepare_bootstrap INFO node id 56 just inserts 50000 TXs 
2023-03-10 09:54:16,281 dumbo_node.py [line:68] prepare_bootstrap INFO node id 56 just inserts 50000 TXs 
2023-03-10 09:54:16,281 dumbo_node.py [line:68] prepare_bootstrap INFO node id 56 just inserts 50000 TXs 
2023-03-10 09:54:16,281 dumbo_node.py [line:68] prepare_bootstrap INFO node id 56 just inserts 50000 TXs 
2023-03-10 09:54:16,281 dumbo_node.py [line:68] prepare_bootstrap INFO node id 56 just inserts 50000 TXs 
2023-03-10 09:54:16,281 dumbo_node.py [line:68] prepare_bootstrap INFO node id 56 just inserts 50000 TXs 
2023-03-10 09:54:16,281 dumbo_node.py [line:68] prepare_bootstrap INFO node id 56 just inserts 50000 TXs 
2023-03-10 09:54:16,281 dumbo_node.py [line:68] prepare_bootstrap INFO node id 56 just inserts 50000 TXs 
2023-03-10 09:54:16,281 dumbo_node.py [line:68] prepare_bootstrap INFO node id 56 just inserts 50000 TXs 
2023-03-10 09:54:16,282 dumbo_node.py [line:68] prepare_bootstrap INFO node id 56 just inserts 50000 TXs 
2023-03-10 09:54:16,282 dumbo_node.py [line:68] prepare_bootstrap INFO node id 56 just inserts 50000 TXs 
2023-03-10 09:54:16,282 dumbo_node.py [line:68] prepare_bootstrap INFO node id 56 just inserts 50000 TXs 
2023-03-10 09:54:16,282 dumbo_node.py [line:68] prepare_bootstrap INFO node id 56 just inserts 50000 TXs 
2023-03-10 09:54:16,282 dumbo_node.py [line:68] prepare_bootstrap INFO node id 56 just inserts 50000 TXs 
2023-03-10 09:54:16,282 dumbo_node.py [line:68] prepare_bootstrap INFO node id 56 just inserts 50000 TXs 
2023-03-10 09:54:16,282 dumbo_node.py [line:68] prepare_bootstrap INFO node id 56 just inserts 50000 TXs 
2023-03-10 09:54:16,282 dumbo_node.py [line:68] prepare_bootstrap INFO node id 56 just inserts 50000 TXs 
2023-03-10 09:54:16,282 dumbo_node.py [line:68] prepare_bootstrap INFO node id 56 just inserts 50000 TXs 
2023-03-10 09:54:16,282 dumbo_node.py [line:68] prepare_bootstrap INFO node id 56 just inserts 50000 TXs 
2023-03-10 09:54:16,282 dumbo_node.py [line:68] prepare_bootstrap INFO node id 56 just inserts 50000 TXs 
2023-03-10 09:54:16,282 dumbo_node.py [line:68] prepare_bootstrap INFO node id 56 just inserts 50000 TXs 
2023-03-10 09:54:16,283 dumbo_node.py [line:68] prepare_bootstrap INFO node id 56 just inserts 50000 TXs 
2023-03-10 09:54:16,283 dumbo_node.py [line:68] prepare_bootstrap INFO node id 56 just inserts 50000 TXs 
2023-03-10 09:54:16,283 dumbo_node.py [line:68] prepare_bootstrap INFO node id 56 just inserts 50000 TXs 
2023-03-10 09:54:16,283 dumbo_node.py [line:68] prepare_bootstrap INFO node id 56 just inserts 50000 TXs 
2023-03-10 09:54:16,283 dumbo_node.py [line:68] prepare_bootstrap INFO node id 56 just inserts 50000 TXs 
2023-03-10 09:54:16,283 dumbo_node.py [line:68] prepare_bootstrap INFO node id 56 just inserts 50000 TXs 
2023-03-10 09:54:16,283 dumbo_node.py [line:68] prepare_bootstrap INFO node id 56 just inserts 50000 TXs 
2023-03-10 09:54:16,283 dumbo_node.py [line:68] prepare_bootstrap INFO node id 56 just inserts 50000 TXs 
2023-03-10 09:54:16,283 dumbo_node.py [line:68] prepare_bootstrap INFO node id 56 just inserts 50000 TXs 
2023-03-10 09:54:16,283 dumbo_node.py [line:68] prepare_bootstrap INFO node id 56 just inserts 50000 TXs 
2023-03-10 09:54:16,283 dumbo_node.py [line:68] prepare_bootstrap INFO node id 56 just inserts 50000 TXs 
2023-03-10 09:54:16,283 dumbo_node.py [line:68] prepare_bootstrap INFO node id 56 just inserts 50000 TXs 
2023-03-10 09:54:16,284 dumbo_node.py [line:68] prepare_bootstrap INFO node id 56 just inserts 50000 TXs 
2023-03-10 09:54:16,284 dumbo_node.py [line:68] prepare_bootstrap INFO node id 56 just inserts 50000 TXs 
2023-03-10 09:54:16,284 dumbo_node.py [line:68] prepare_bootstrap INFO node id 56 just inserts 50000 TXs 
2023-03-10 09:54:16,284 dumbo_node.py [line:68] prepare_bootstrap INFO node id 56 just inserts 50000 TXs 
2023-03-10 09:54:16,284 dumbo_node.py [line:68] prepare_bootstrap INFO node id 56 just inserts 50000 TXs 
2023-03-10 09:54:16,284 dumbo_node.py [line:68] prepare_bootstrap INFO node id 56 just inserts 50000 TXs 
2023-03-10 09:54:16,284 dumbo_node.py [line:68] prepare_bootstrap INFO node id 56 just inserts 50000 TXs 
2023-03-10 09:54:16,284 dumbo_node.py [line:68] prepare_bootstrap INFO node id 56 just inserts 50000 TXs 
2023-03-10 09:54:16,284 dumbo_node.py [line:68] prepare_bootstrap INFO node id 56 just inserts 50000 TXs 
2023-03-10 09:54:16,284 dumbo_node.py [line:68] prepare_bootstrap INFO node id 56 just inserts 50000 TXs 
2023-03-10 09:54:16,284 dumbo_node.py [line:68] prepare_bootstrap INFO node id 56 just inserts 50000 TXs 
2023-03-10 09:54:16,284 dumbo_node.py [line:68] prepare_bootstrap INFO node id 56 just inserts 50000 TXs 
2023-03-10 09:54:16,284 dumbo_node.py [line:68] prepare_bootstrap INFO node id 56 just inserts 50000 TXs 
2023-03-10 09:54:16,285 dumbo_node.py [line:68] prepare_bootstrap INFO node id 56 just inserts 50000 TXs 
2023-03-10 09:54:16,285 dumbo_node.py [line:68] prepare_bootstrap INFO node id 56 just inserts 50000 TXs 
2023-03-10 09:54:16,285 dumbo_node.py [line:68] prepare_bootstrap INFO node id 56 just inserts 50000 TXs 
2023-03-10 09:54:16,285 dumbo_node.py [line:68] prepare_bootstrap INFO node id 56 just inserts 50000 TXs 
2023-03-10 09:54:16,285 dumbo_node.py [line:68] prepare_bootstrap INFO node id 56 just inserts 50000 TXs 
2023-03-10 09:54:16,285 dumbo_node.py [line:68] prepare_bootstrap INFO node id 56 just inserts 50000 TXs 
2023-03-10 09:54:16,285 dumbo_node.py [line:68] prepare_bootstrap INFO node id 56 just inserts 50000 TXs 
2023-03-10 09:54:16,285 dumbo_node.py [line:68] prepare_bootstrap INFO node id 56 just inserts 50000 TXs 
2023-03-10 09:54:16,285 dumbo_node.py [line:68] prepare_bootstrap INFO node id 56 just inserts 50000 TXs 
2023-03-10 09:54:16,285 dumbo_node.py [line:68] prepare_bootstrap INFO node id 56 just inserts 50000 TXs 
2023-03-10 09:54:16,285 dumbo_node.py [line:68] prepare_bootstrap INFO node id 56 just inserts 50000 TXs 
2023-03-10 09:54:16,285 dumbo_node.py [line:72] prepare_bootstrap INFO node id 56 completed the loading of dummy TXs 
2023-03-10 09:54:16,285 dumbo.py [line:179] run_bft INFO Node 56 starts to run at time:1678442056.2859266 
2023-03-10 09:54:30,435 dumbo.py [line:217] run_bft INFO Node 56 Delivers ACS Block in Round 0 with having 3354 TXs 
2023-03-10 09:54:30,436 dumbo.py [line:219] run_bft INFO ACS Block Delay at Node 56: 14.150043725967407 
2023-03-10 09:54:30,436 dumbo.py [line:220] run_bft INFO Current Block's TPS at Node 56: 237.0310696528038 
2023-03-10 09:54:44,675 dumbo.py [line:217] run_bft INFO Node 56 Delivers ACS Block in Round 1 with having 3354 TXs 
2023-03-10 09:54:44,676 dumbo.py [line:219] run_bft INFO ACS Block Delay at Node 56: 14.239918947219849 
2023-03-10 09:54:44,676 dumbo.py [line:220] run_bft INFO Current Block's TPS at Node 56: 235.53504850916465 
2023-03-10 09:54:58,660 dumbo.py [line:217] run_bft INFO Node 56 Delivers ACS Block in Round 2 with having 3354 TXs 
2023-03-10 09:54:58,660 dumbo.py [line:219] run_bft INFO ACS Block Delay at Node 56: 13.984622240066528 
2023-03-10 09:54:58,660 dumbo.py [line:220] run_bft INFO Current Block's TPS at Node 56: 239.8348659279941 
2023-03-10 09:55:12,554 dumbo.py [line:217] run_bft INFO Node 56 Delivers ACS Block in Round 3 with having 3354 TXs 
2023-03-10 09:55:12,554 dumbo.py [line:219] run_bft INFO ACS Block Delay at Node 56: 13.894150257110596 
2023-03-10 09:55:12,555 dumbo.py [line:220] run_bft INFO Current Block's TPS at Node 56: 241.3965545164251 
2023-03-10 09:55:26,555 dumbo.py [line:217] run_bft INFO Node 56 Delivers ACS Block in Round 4 with having 3354 TXs 
2023-03-10 09:55:26,556 dumbo.py [line:219] run_bft INFO ACS Block Delay at Node 56: 14.001079559326172 
2023-03-10 09:55:26,556 dumbo.py [line:220] run_bft INFO Current Block's TPS at Node 56: 239.55295631227864 
2023-03-10 09:55:40,812 dumbo.py [line:217] run_bft INFO Node 56 Delivers ACS Block in Round 5 with having 3354 TXs 
2023-03-10 09:55:40,812 dumbo.py [line:219] run_bft INFO ACS Block Delay at Node 56: 14.256142377853394 
2023-03-10 09:55:40,812 dumbo.py [line:220] run_bft INFO Current Block's TPS at Node 56: 235.26701060522277 
2023-03-10 09:55:54,665 dumbo.py [line:217] run_bft INFO Node 56 Delivers ACS Block in Round 6 with having 3354 TXs 
2023-03-10 09:55:54,666 dumbo.py [line:219] run_bft INFO ACS Block Delay at Node 56: 13.853620767593384 
2023-03-10 09:55:54,666 dumbo.py [line:220] run_bft INFO Current Block's TPS at Node 56: 242.10277271669884 
2023-03-10 09:56:08,770 dumbo.py [line:217] run_bft INFO Node 56 Delivers ACS Block in Round 7 with having 3354 TXs 
2023-03-10 09:56:08,770 dumbo.py [line:219] run_bft INFO ACS Block Delay at Node 56: 14.104551315307617 
2023-03-10 09:56:08,770 dumbo.py [line:220] run_bft INFO Current Block's TPS at Node 56: 237.79558278893396 
2023-03-10 09:56:22,924 dumbo.py [line:217] run_bft INFO Node 56 Delivers ACS Block in Round 8 with having 3354 TXs 
2023-03-10 09:56:22,924 dumbo.py [line:219] run_bft INFO ACS Block Delay at Node 56: 14.15392255783081 
2023-03-10 09:56:22,924 dumbo.py [line:220] run_bft INFO Current Block's TPS at Node 56: 236.9661121357742 
2023-03-10 09:56:36,983 dumbo.py [line:217] run_bft INFO Node 56 Delivers ACS Block in Round 9 with having 3354 TXs 
2023-03-10 09:56:36,984 dumbo.py [line:219] run_bft INFO ACS Block Delay at Node 56: 14.05942153930664 
2023-03-10 09:56:36,984 dumbo.py [line:220] run_bft INFO Current Block's TPS at Node 56: 238.55889025185363 
2023-03-10 09:56:51,136 dumbo.py [line:217] run_bft INFO Node 56 Delivers ACS Block in Round 10 with having 3354 TXs 
2023-03-10 09:56:51,136 dumbo.py [line:219] run_bft INFO ACS Block Delay at Node 56: 14.152323961257935 
2023-03-10 09:56:51,136 dumbo.py [line:220] run_bft INFO Current Block's TPS at Node 56: 236.9928789915772 
2023-03-10 09:57:05,024 dumbo.py [line:217] run_bft INFO Node 56 Delivers ACS Block in Round 11 with having 3354 TXs 
2023-03-10 09:57:05,024 dumbo.py [line:219] run_bft INFO ACS Block Delay at Node 56: 13.88766860961914 
2023-03-10 09:57:05,024 dumbo.py [line:220] run_bft INFO Current Block's TPS at Node 56: 241.509219025927 
2023-03-10 09:57:19,122 dumbo.py [line:217] run_bft INFO Node 56 Delivers ACS Block in Round 12 with having 3354 TXs 
2023-03-10 09:57:19,122 dumbo.py [line:219] run_bft INFO ACS Block Delay at Node 56: 14.098403453826904 
2023-03-10 09:57:19,122 dumbo.py [line:220] run_bft INFO Current Block's TPS at Node 56: 237.89927781429623 
2023-03-10 09:57:33,232 dumbo.py [line:217] run_bft INFO Node 56 Delivers ACS Block in Round 13 with having 3354 TXs 
2023-03-10 09:57:33,232 dumbo.py [line:219] run_bft INFO ACS Block Delay at Node 56: 14.10933256149292 
2023-03-10 09:57:33,232 dumbo.py [line:220] run_bft INFO Current Block's TPS at Node 56: 237.71500071900712 
2023-03-10 09:57:47,302 dumbo.py [line:217] run_bft INFO Node 56 Delivers ACS Block in Round 14 with having 3354 TXs 
2023-03-10 09:57:47,302 dumbo.py [line:219] run_bft INFO ACS Block Delay at Node 56: 14.0699143409729 
2023-03-10 09:57:47,302 dumbo.py [line:220] run_bft INFO Current Block's TPS at Node 56: 238.38098219495478 
2023-03-10 09:58:01,332 dumbo.py [line:217] run_bft INFO Node 56 Delivers ACS Block in Round 15 with having 3354 TXs 
2023-03-10 09:58:01,333 dumbo.py [line:219] run_bft INFO ACS Block Delay at Node 56: 14.030764102935791 
2023-03-10 09:58:01,333 dumbo.py [line:220] run_bft INFO Current Block's TPS at Node 56: 239.0461399959116 
2023-03-10 09:58:15,184 dumbo.py [line:217] run_bft INFO Node 56 Delivers ACS Block in Round 16 with having 3354 TXs 
2023-03-10 09:58:15,184 dumbo.py [line:219] run_bft INFO ACS Block Delay at Node 56: 13.851498126983643 
2023-03-10 09:58:15,184 dumbo.py [line:220] run_bft INFO Current Block's TPS at Node 56: 242.13987319293528 
2023-03-10 09:58:29,283 dumbo.py [line:217] run_bft INFO Node 56 Delivers ACS Block in Round 17 with having 3354 TXs 
2023-03-10 09:58:29,284 dumbo.py [line:219] run_bft INFO ACS Block Delay at Node 56: 14.099263906478882 
2023-03-10 09:58:29,284 dumbo.py [line:220] run_bft INFO Current Block's TPS at Node 56: 237.88475925035866 
2023-03-10 09:58:43,268 dumbo.py [line:217] run_bft INFO Node 56 Delivers ACS Block in Round 18 with having 3354 TXs 
2023-03-10 09:58:43,268 dumbo.py [line:219] run_bft INFO ACS Block Delay at Node 56: 13.984177589416504 
2023-03-10 09:58:43,268 dumbo.py [line:220] run_bft INFO Current Block's TPS at Node 56: 239.842491884426 
2023-03-10 09:58:57,361 dumbo.py [line:217] run_bft INFO Node 56 Delivers ACS Block in Round 19 with having 3354 TXs 
2023-03-10 09:58:57,362 dumbo.py [line:219] run_bft INFO ACS Block Delay at Node 56: 14.093682289123535 
2023-03-10 09:58:57,362 dumbo.py [line:220] run_bft INFO Current Block's TPS at Node 56: 237.97897037798063 
2023-03-10 09:59:11,562 dumbo.py [line:217] run_bft INFO Node 56 Delivers ACS Block in Round 20 with having 3354 TXs 
2023-03-10 09:59:11,563 dumbo.py [line:219] run_bft INFO ACS Block Delay at Node 56: 14.200939655303955 
2023-03-10 09:59:11,563 dumbo.py [line:220] run_bft INFO Current Block's TPS at Node 56: 236.18155427815677 
2023-03-10 09:59:25,529 dumbo.py [line:217] run_bft INFO Node 56 Delivers ACS Block in Round 21 with having 3354 TXs 
2023-03-10 09:59:25,529 dumbo.py [line:219] run_bft INFO ACS Block Delay at Node 56: 13.96637511253357 
2023-03-10 09:59:25,529 dumbo.py [line:220] run_bft INFO Current Block's TPS at Node 56: 240.14821118402338 
2023-03-10 09:59:39,610 dumbo.py [line:217] run_bft INFO Node 56 Delivers ACS Block in Round 22 with having 3354 TXs 
2023-03-10 09:59:39,611 dumbo.py [line:219] run_bft INFO ACS Block Delay at Node 56: 14.081587553024292 
2023-03-10 09:59:39,611 dumbo.py [line:220] run_bft INFO Current Block's TPS at Node 56: 238.18337153893305 
2023-03-10 09:59:53,703 dumbo.py [line:217] run_bft INFO Node 56 Delivers ACS Block in Round 23 with having 3354 TXs 
2023-03-10 09:59:53,703 dumbo.py [line:219] run_bft INFO ACS Block Delay at Node 56: 14.09274935722351 
2023-03-10 09:59:53,704 dumbo.py [line:220] run_bft INFO Current Block's TPS at Node 56: 237.99472444891262 
2023-03-10 10:00:07,915 dumbo.py [line:217] run_bft INFO Node 56 Delivers ACS Block in Round 24 with having 3354 TXs 
2023-03-10 10:00:07,915 dumbo.py [line:219] run_bft INFO ACS Block Delay at Node 56: 14.211468935012817 
2023-03-10 10:00:07,915 dumbo.py [line:220] run_bft INFO Current Block's TPS at Node 56: 236.00656732512326 
2023-03-10 10:00:21,847 dumbo.py [line:217] run_bft INFO Node 56 Delivers ACS Block in Round 25 with having 3354 TXs 
2023-03-10 10:00:21,847 dumbo.py [line:219] run_bft INFO ACS Block Delay at Node 56: 13.932149410247803 
2023-03-10 10:00:21,847 dumbo.py [line:220] run_bft INFO Current Block's TPS at Node 56: 240.73815900459428 
2023-03-10 10:00:35,994 dumbo.py [line:217] run_bft INFO Node 56 Delivers ACS Block in Round 26 with having 3354 TXs 
2023-03-10 10:00:35,994 dumbo.py [line:219] run_bft INFO ACS Block Delay at Node 56: 14.146785259246826 
2023-03-10 10:00:35,994 dumbo.py [line:220] run_bft INFO Current Block's TPS at Node 56: 237.08566565027274 
2023-03-10 10:00:50,033 dumbo.py [line:217] run_bft INFO Node 56 Delivers ACS Block in Round 27 with having 3354 TXs 
2023-03-10 10:00:50,033 dumbo.py [line:219] run_bft INFO ACS Block Delay at Node 56: 14.038793325424194 
2023-03-10 10:00:50,033 dumbo.py [line:220] run_bft INFO Current Block's TPS at Node 56: 238.9094220744685 
2023-03-10 10:01:04,258 dumbo.py [line:217] run_bft INFO Node 56 Delivers ACS Block in Round 28 with having 3354 TXs 
2023-03-10 10:01:04,258 dumbo.py [line:219] run_bft INFO ACS Block Delay at Node 56: 14.225300073623657 
2023-03-10 10:01:04,259 dumbo.py [line:220] run_bft INFO Current Block's TPS at Node 56: 235.77710014138384 
2023-03-10 10:01:18,240 dumbo.py [line:217] run_bft INFO Node 56 Delivers ACS Block in Round 29 with having 3354 TXs 
2023-03-10 10:01:18,241 dumbo.py [line:219] run_bft INFO ACS Block Delay at Node 56: 13.982116460800171 
2023-03-10 10:01:18,241 dumbo.py [line:220] run_bft INFO Current Block's TPS at Node 56: 239.8778474920568 
2023-03-10 10:01:32,336 dumbo.py [line:217] run_bft INFO Node 56 Delivers ACS Block in Round 30 with having 3354 TXs 
2023-03-10 10:01:32,336 dumbo.py [line:219] run_bft INFO ACS Block Delay at Node 56: 14.095140218734741 
2023-03-10 10:01:32,336 dumbo.py [line:220] run_bft INFO Current Block's TPS at Node 56: 237.9543550437325 
2023-03-10 10:01:46,405 dumbo.py [line:217] run_bft INFO Node 56 Delivers ACS Block in Round 31 with having 3354 TXs 
2023-03-10 10:01:46,405 dumbo.py [line:219] run_bft INFO ACS Block Delay at Node 56: 14.068809509277344 
2023-03-10 10:01:46,405 dumbo.py [line:220] run_bft INFO Current Block's TPS at Node 56: 238.39970239047477 
2023-03-10 10:02:00,603 dumbo.py [line:217] run_bft INFO Node 56 Delivers ACS Block in Round 32 with having 3354 TXs 
2023-03-10 10:02:00,603 dumbo.py [line:219] run_bft INFO ACS Block Delay at Node 56: 14.198014974594116 
2023-03-10 10:02:00,603 dumbo.py [line:220] run_bft INFO Current Block's TPS at Node 56: 236.23020584227 
2023-03-10 10:02:14,718 dumbo.py [line:217] run_bft INFO Node 56 Delivers ACS Block in Round 33 with having 3354 TXs 
2023-03-10 10:02:14,718 dumbo.py [line:219] run_bft INFO ACS Block Delay at Node 56: 14.115135669708252 
2023-03-10 10:02:14,718 dumbo.py [line:220] run_bft INFO Current Block's TPS at Node 56: 237.6172697509272 
2023-03-10 10:02:29,035 dumbo.py [line:217] run_bft INFO Node 56 Delivers ACS Block in Round 34 with having 3354 TXs 
2023-03-10 10:02:29,035 dumbo.py [line:219] run_bft INFO ACS Block Delay at Node 56: 14.316865682601929 
2023-03-10 10:02:29,035 dumbo.py [line:220] run_bft INFO Current Block's TPS at Node 56: 234.2691532041005 
2023-03-10 10:02:42,880 dumbo.py [line:217] run_bft INFO Node 56 Delivers ACS Block in Round 35 with having 3354 TXs 
2023-03-10 10:02:42,880 dumbo.py [line:219] run_bft INFO ACS Block Delay at Node 56: 13.844969511032104 
2023-03-10 10:02:42,880 dumbo.py [line:220] run_bft INFO Current Block's TPS at Node 56: 242.2540546100465 
2023-03-10 10:02:57,026 dumbo.py [line:217] run_bft INFO Node 56 Delivers ACS Block in Round 36 with having 3354 TXs 
2023-03-10 10:02:57,026 dumbo.py [line:219] run_bft INFO ACS Block Delay at Node 56: 14.145867109298706 
2023-03-10 10:02:57,026 dumbo.py [line:220] run_bft INFO Current Block's TPS at Node 56: 237.10105390395384 
2023-03-10 10:03:11,101 dumbo.py [line:217] run_bft INFO Node 56 Delivers ACS Block in Round 37 with having 3354 TXs 
2023-03-10 10:03:11,101 dumbo.py [line:219] run_bft INFO ACS Block Delay at Node 56: 14.074779748916626 
2023-03-10 10:03:11,101 dumbo.py [line:220] run_bft INFO Current Block's TPS at Node 56: 238.2985780120763 
2023-03-10 10:03:25,172 dumbo.py [line:217] run_bft INFO Node 56 Delivers ACS Block in Round 38 with having 3354 TXs 
2023-03-10 10:03:25,173 dumbo.py [line:219] run_bft INFO ACS Block Delay at Node 56: 14.071608543395996 
2023-03-10 10:03:25,173 dumbo.py [line:220] run_bft INFO Current Block's TPS at Node 56: 238.35228145072864 
2023-03-10 10:03:39,148 dumbo.py [line:217] run_bft INFO Node 56 Delivers ACS Block in Round 39 with having 3354 TXs 
2023-03-10 10:03:39,148 dumbo.py [line:219] run_bft INFO ACS Block Delay at Node 56: 13.975086688995361 
2023-03-10 10:03:39,148 dumbo.py [line:220] run_bft INFO Current Block's TPS at Node 56: 239.9985112536795 
2023-03-10 10:03:53,410 dumbo.py [line:217] run_bft INFO Node 56 Delivers ACS Block in Round 40 with having 3354 TXs 
2023-03-10 10:03:53,410 dumbo.py [line:219] run_bft INFO ACS Block Delay at Node 56: 14.262500047683716 
2023-03-10 10:03:53,410 dumbo.py [line:220] run_bft INFO Current Block's TPS at Node 56: 235.16213768880598 
2023-03-10 10:04:07,509 dumbo.py [line:217] run_bft INFO Node 56 Delivers ACS Block in Round 41 with having 3354 TXs 
2023-03-10 10:04:07,510 dumbo.py [line:219] run_bft INFO ACS Block Delay at Node 56: 14.099146127700806 
2023-03-10 10:04:07,510 dumbo.py [line:220] run_bft INFO Current Block's TPS at Node 56: 237.88674644703096 
2023-03-10 10:04:21,227 dumbo.py [line:217] run_bft INFO Node 56 Delivers ACS Block in Round 42 with having 3354 TXs 
2023-03-10 10:04:21,227 dumbo.py [line:219] run_bft INFO ACS Block Delay at Node 56: 13.71725606918335 
2023-03-10 10:04:21,227 dumbo.py [line:220] run_bft INFO Current Block's TPS at Node 56: 244.50954207488806 
2023-03-10 10:04:35,079 dumbo.py [line:217] run_bft INFO Node 56 Delivers ACS Block in Round 43 with having 3354 TXs 
2023-03-10 10:04:35,079 dumbo.py [line:219] run_bft INFO ACS Block Delay at Node 56: 13.85231328010559 
2023-03-10 10:04:35,079 dumbo.py [line:220] run_bft INFO Current Block's TPS at Node 56: 242.1256242317986 
2023-03-10 10:04:49,001 dumbo.py [line:217] run_bft INFO Node 56 Delivers ACS Block in Round 44 with having 3354 TXs 
2023-03-10 10:04:49,001 dumbo.py [line:219] run_bft INFO ACS Block Delay at Node 56: 13.921621561050415 
2023-03-10 10:04:49,001 dumbo.py [line:220] run_bft INFO Current Block's TPS at Node 56: 240.92021071623884 
2023-03-10 10:05:03,126 dumbo.py [line:217] run_bft INFO Node 56 Delivers ACS Block in Round 45 with having 3354 TXs 
2023-03-10 10:05:03,126 dumbo.py [line:219] run_bft INFO ACS Block Delay at Node 56: 14.125160455703735 
2023-03-10 10:05:03,126 dumbo.py [line:220] run_bft INFO Current Block's TPS at Node 56: 237.44863008941294 
2023-03-10 10:05:17,113 dumbo.py [line:217] run_bft INFO Node 56 Delivers ACS Block in Round 46 with having 3354 TXs 
2023-03-10 10:05:17,113 dumbo.py [line:219] run_bft INFO ACS Block Delay at Node 56: 13.986670017242432 
2023-03-10 10:05:17,113 dumbo.py [line:220] run_bft INFO Current Block's TPS at Node 56: 239.79975189700403 
2023-03-10 10:05:31,173 dumbo.py [line:217] run_bft INFO Node 56 Delivers ACS Block in Round 47 with having 3354 TXs 
2023-03-10 10:05:31,173 dumbo.py [line:219] run_bft INFO ACS Block Delay at Node 56: 14.059674501419067 
2023-03-10 10:05:31,173 dumbo.py [line:220] run_bft INFO Current Block's TPS at Node 56: 238.5545980926852 
2023-03-10 10:05:45,175 dumbo.py [line:217] run_bft INFO Node 56 Delivers ACS Block in Round 48 with having 3354 TXs 
2023-03-10 10:05:45,175 dumbo.py [line:219] run_bft INFO ACS Block Delay at Node 56: 14.001885890960693 
2023-03-10 10:05:45,175 dumbo.py [line:220] run_bft INFO Current Block's TPS at Node 56: 239.53916109009774 
2023-03-10 10:05:59,281 dumbo.py [line:217] run_bft INFO Node 56 Delivers ACS Block in Round 49 with having 3354 TXs 
2023-03-10 10:05:59,281 dumbo.py [line:219] run_bft INFO ACS Block Delay at Node 56: 14.106700420379639 
2023-03-10 10:05:59,282 dumbo.py [line:220] run_bft INFO Current Block's TPS at Node 56: 237.75935548716623 
2023-03-10 10:06:13,372 dumbo.py [line:217] run_bft INFO Node 56 Delivers ACS Block in Round 50 with having 3354 TXs 
2023-03-10 10:06:13,372 dumbo.py [line:219] run_bft INFO ACS Block Delay at Node 56: 14.090724229812622 
2023-03-10 10:06:13,372 dumbo.py [line:220] run_bft INFO Current Block's TPS at Node 56: 238.02892919469204 
2023-03-10 10:06:27,332 dumbo.py [line:217] run_bft INFO Node 56 Delivers ACS Block in Round 51 with having 3354 TXs 
2023-03-10 10:06:27,332 dumbo.py [line:219] run_bft INFO ACS Block Delay at Node 56: 13.959491491317749 
2023-03-10 10:06:27,332 dumbo.py [line:220] run_bft INFO Current Block's TPS at Node 56: 240.2666316381263 
2023-03-10 10:06:41,314 dumbo.py [line:217] run_bft INFO Node 56 Delivers ACS Block in Round 52 with having 3354 TXs 
2023-03-10 10:06:41,314 dumbo.py [line:219] run_bft INFO ACS Block Delay at Node 56: 13.982518434524536 
2023-03-10 10:06:41,314 dumbo.py [line:220] run_bft INFO Current Block's TPS at Node 56: 239.87095141019566 
2023-03-10 10:06:55,478 dumbo.py [line:217] run_bft INFO Node 56 Delivers ACS Block in Round 53 with having 3354 TXs 
2023-03-10 10:06:55,478 dumbo.py [line:219] run_bft INFO ACS Block Delay at Node 56: 14.163736820220947 
2023-03-10 10:06:55,478 dumbo.py [line:220] run_bft INFO Current Block's TPS at Node 56: 236.8019148175389 
2023-03-10 10:07:09,377 dumbo.py [line:217] run_bft INFO Node 56 Delivers ACS Block in Round 54 with having 3354 TXs 
2023-03-10 10:07:09,377 dumbo.py [line:219] run_bft INFO ACS Block Delay at Node 56: 13.898773431777954 
2023-03-10 10:07:09,377 dumbo.py [line:220] run_bft INFO Current Block's TPS at Node 56: 241.3162583348156 
2023-03-10 10:07:23,535 dumbo.py [line:217] run_bft INFO Node 56 Delivers ACS Block in Round 55 with having 3354 TXs 
2023-03-10 10:07:23,535 dumbo.py [line:219] run_bft INFO ACS Block Delay at Node 56: 14.157723188400269 
2023-03-10 10:07:23,535 dumbo.py [line:220] run_bft INFO Current Block's TPS at Node 56: 236.90249875403734 
2023-03-10 10:07:37,831 dumbo.py [line:217] run_bft INFO Node 56 Delivers ACS Block in Round 56 with having 3354 TXs 
2023-03-10 10:07:37,832 dumbo.py [line:219] run_bft INFO ACS Block Delay at Node 56: 14.296809673309326 
2023-03-10 10:07:37,832 dumbo.py [line:220] run_bft INFO Current Block's TPS at Node 56: 234.59779325883963 
2023-03-10 10:07:51,994 dumbo.py [line:217] run_bft INFO Node 56 Delivers ACS Block in Round 57 with having 3354 TXs 
2023-03-10 10:07:51,994 dumbo.py [line:219] run_bft INFO ACS Block Delay at Node 56: 14.162374258041382 
2023-03-10 10:07:51,994 dumbo.py [line:220] run_bft INFO Current Block's TPS at Node 56: 236.82469753230833 
2023-03-10 10:08:05,909 dumbo.py [line:217] run_bft INFO Node 56 Delivers ACS Block in Round 58 with having 3354 TXs 
2023-03-10 10:08:05,910 dumbo.py [line:219] run_bft INFO ACS Block Delay at Node 56: 13.915189027786255 
2023-03-10 10:08:05,910 dumbo.py [line:220] run_bft INFO Current Block's TPS at Node 56: 241.03158018929065 
2023-03-10 10:08:19,982 dumbo.py [line:217] run_bft INFO Node 56 Delivers ACS Block in Round 59 with having 3354 TXs 
2023-03-10 10:08:19,982 dumbo.py [line:219] run_bft INFO ACS Block Delay at Node 56: 14.072853088378906 
2023-03-10 10:08:19,982 dumbo.py [line:220] run_bft INFO Current Block's TPS at Node 56: 238.3312025597474 
2023-03-10 10:08:34,058 dumbo.py [line:217] run_bft INFO Node 56 Delivers ACS Block in Round 60 with having 3354 TXs 
2023-03-10 10:08:34,058 dumbo.py [line:219] run_bft INFO ACS Block Delay at Node 56: 14.075500249862671 
2023-03-10 10:08:34,058 dumbo.py [line:220] run_bft INFO Current Block's TPS at Node 56: 238.28637991269431 
2023-03-10 10:08:48,098 dumbo.py [line:217] run_bft INFO Node 56 Delivers ACS Block in Round 61 with having 3354 TXs 
2023-03-10 10:08:48,098 dumbo.py [line:219] run_bft INFO ACS Block Delay at Node 56: 14.039647340774536 
2023-03-10 10:08:48,098 dumbo.py [line:220] run_bft INFO Current Block's TPS at Node 56: 238.8948894933544 
2023-03-10 10:09:01,977 dumbo.py [line:217] run_bft INFO Node 56 Delivers ACS Block in Round 62 with having 3354 TXs 
2023-03-10 10:09:01,977 dumbo.py [line:219] run_bft INFO ACS Block Delay at Node 56: 13.879480600357056 
2023-03-10 10:09:01,977 dumbo.py [line:220] run_bft INFO Current Block's TPS at Node 56: 241.65169407807068 
2023-03-10 10:09:16,446 dumbo.py [line:217] run_bft INFO Node 56 Delivers ACS Block in Round 63 with having 3354 TXs 
2023-03-10 10:09:16,446 dumbo.py [line:219] run_bft INFO ACS Block Delay at Node 56: 14.468266725540161 
2023-03-10 10:09:16,446 dumbo.py [line:220] run_bft INFO Current Block's TPS at Node 56: 231.81767820739296 
2023-03-10 10:09:30,396 dumbo.py [line:217] run_bft INFO Node 56 Delivers ACS Block in Round 64 with having 3354 TXs 
2023-03-10 10:09:30,396 dumbo.py [line:219] run_bft INFO ACS Block Delay at Node 56: 13.950053215026855 
2023-03-10 10:09:30,396 dumbo.py [line:220] run_bft INFO Current Block's TPS at Node 56: 240.42919036230666 
2023-03-10 10:09:44,500 dumbo.py [line:217] run_bft INFO Node 56 Delivers ACS Block in Round 65 with having 3354 TXs 
2023-03-10 10:09:44,500 dumbo.py [line:219] run_bft INFO ACS Block Delay at Node 56: 14.103770971298218 
2023-03-10 10:09:44,500 dumbo.py [line:220] run_bft INFO Current Block's TPS at Node 56: 237.80873972113804 
2023-03-10 10:09:58,723 dumbo.py [line:217] run_bft INFO Node 56 Delivers ACS Block in Round 66 with having 3354 TXs 
2023-03-10 10:09:58,723 dumbo.py [line:219] run_bft INFO ACS Block Delay at Node 56: 14.223013401031494 
2023-03-10 10:09:58,723 dumbo.py [line:220] run_bft INFO Current Block's TPS at Node 56: 235.81500666776833 
2023-03-10 10:10:12,672 dumbo.py [line:217] run_bft INFO Node 56 Delivers ACS Block in Round 67 with having 3354 TXs 
2023-03-10 10:10:12,672 dumbo.py [line:219] run_bft INFO ACS Block Delay at Node 56: 13.94882321357727 
2023-03-10 10:10:12,672 dumbo.py [line:220] run_bft INFO Current Block's TPS at Node 56: 240.4503913086618 
2023-03-10 10:10:26,718 dumbo.py [line:217] run_bft INFO Node 56 Delivers ACS Block in Round 68 with having 3354 TXs 
2023-03-10 10:10:26,718 dumbo.py [line:219] run_bft INFO ACS Block Delay at Node 56: 14.046223640441895 
2023-03-10 10:10:26,718 dumbo.py [line:220] run_bft INFO Current Block's TPS at Node 56: 238.78304132529695 
2023-03-10 10:10:40,900 dumbo.py [line:217] run_bft INFO Node 56 Delivers ACS Block in Round 69 with having 3354 TXs 
2023-03-10 10:10:40,900 dumbo.py [line:219] run_bft INFO ACS Block Delay at Node 56: 14.182377576828003 
2023-03-10 10:10:40,900 dumbo.py [line:220] run_bft INFO Current Block's TPS at Node 56: 236.49067173898692 
2023-03-10 10:10:55,285 dumbo.py [line:217] run_bft INFO Node 56 Delivers ACS Block in Round 70 with having 3354 TXs 
2023-03-10 10:10:55,285 dumbo.py [line:219] run_bft INFO ACS Block Delay at Node 56: 14.3846914768219 
2023-03-10 10:10:55,285 dumbo.py [line:220] run_bft INFO Current Block's TPS at Node 56: 233.16454199968842 
2023-03-10 10:11:08,965 dumbo.py [line:217] run_bft INFO Node 56 Delivers ACS Block in Round 71 with having 3354 TXs 
2023-03-10 10:11:08,966 dumbo.py [line:219] run_bft INFO ACS Block Delay at Node 56: 13.68022108078003 
2023-03-10 10:11:08,966 dumbo.py [line:220] run_bft INFO Current Block's TPS at Node 56: 245.17147641072765 
2023-03-10 10:11:23,178 dumbo.py [line:217] run_bft INFO Node 56 Delivers ACS Block in Round 72 with having 3354 TXs 
2023-03-10 10:11:23,179 dumbo.py [line:219] run_bft INFO ACS Block Delay at Node 56: 14.21300745010376 
2023-03-10 10:11:23,179 dumbo.py [line:220] run_bft INFO Current Block's TPS at Node 56: 235.98102032765166 
2023-03-10 10:11:37,186 dumbo.py [line:217] run_bft INFO Node 56 Delivers ACS Block in Round 73 with having 3354 TXs 
2023-03-10 10:11:37,186 dumbo.py [line:219] run_bft INFO ACS Block Delay at Node 56: 14.00717806816101 
2023-03-10 10:11:37,186 dumbo.py [line:220] run_bft INFO Current Block's TPS at Node 56: 239.44865865764947 
2023-03-10 10:11:51,399 dumbo.py [line:217] run_bft INFO Node 56 Delivers ACS Block in Round 74 with having 3354 TXs 
2023-03-10 10:11:51,399 dumbo.py [line:219] run_bft INFO ACS Block Delay at Node 56: 14.213233709335327 
2023-03-10 10:11:51,399 dumbo.py [line:220] run_bft INFO Current Block's TPS at Node 56: 235.9772637663078 
2023-03-10 10:12:05,460 dumbo.py [line:217] run_bft INFO Node 56 Delivers ACS Block in Round 75 with having 3354 TXs 
2023-03-10 10:12:05,460 dumbo.py [line:219] run_bft INFO ACS Block Delay at Node 56: 14.06065821647644 
2023-03-10 10:12:05,460 dumbo.py [line:220] run_bft INFO Current Block's TPS at Node 56: 238.53790828012194 
2023-03-10 10:12:19,619 dumbo.py [line:217] run_bft INFO Node 56 Delivers ACS Block in Round 76 with having 3354 TXs 
2023-03-10 10:12:19,619 dumbo.py [line:219] run_bft INFO ACS Block Delay at Node 56: 14.158747911453247 
2023-03-10 10:12:19,619 dumbo.py [line:220] run_bft INFO Current Block's TPS at Node 56: 236.88535320887334 
2023-03-10 10:12:33,502 dumbo.py [line:217] run_bft INFO Node 56 Delivers ACS Block in Round 77 with having 3354 TXs 
2023-03-10 10:12:33,502 dumbo.py [line:219] run_bft INFO ACS Block Delay at Node 56: 13.88341498374939 
2023-03-10 10:12:33,502 dumbo.py [line:220] run_bft INFO Current Block's TPS at Node 56: 241.58321305859363 
2023-03-10 10:12:47,602 dumbo.py [line:217] run_bft INFO Node 56 Delivers ACS Block in Round 78 with having 3354 TXs 
2023-03-10 10:12:47,602 dumbo.py [line:219] run_bft INFO ACS Block Delay at Node 56: 14.100040435791016 
2023-03-10 10:12:47,602 dumbo.py [line:220] run_bft INFO Current Block's TPS at Node 56: 237.87165826037858 
2023-03-10 10:13:01,763 dumbo.py [line:217] run_bft INFO Node 56 Delivers ACS Block in Round 79 with having 3354 TXs 
2023-03-10 10:13:01,763 dumbo.py [line:219] run_bft INFO ACS Block Delay at Node 56: 14.16075873374939 
2023-03-10 10:13:01,763 dumbo.py [line:220] run_bft INFO Current Block's TPS at Node 56: 236.85171557978734 
2023-03-10 10:13:15,851 dumbo.py [line:217] run_bft INFO Node 56 Delivers ACS Block in Round 80 with having 3354 TXs 
2023-03-10 10:13:15,851 dumbo.py [line:219] run_bft INFO ACS Block Delay at Node 56: 14.087844133377075 
2023-03-10 10:13:15,851 dumbo.py [line:220] run_bft INFO Current Block's TPS at Node 56: 238.07759145018267 
2023-03-10 10:13:29,825 dumbo.py [line:217] run_bft INFO Node 56 Delivers ACS Block in Round 81 with having 3354 TXs 
2023-03-10 10:13:29,825 dumbo.py [line:219] run_bft INFO ACS Block Delay at Node 56: 13.973856687545776 
2023-03-10 10:13:29,825 dumbo.py [line:220] run_bft INFO Current Block's TPS at Node 56: 240.01963631051535 
2023-03-10 10:13:43,919 dumbo.py [line:217] run_bft INFO Node 56 Delivers ACS Block in Round 82 with having 3354 TXs 
2023-03-10 10:13:43,919 dumbo.py [line:219] run_bft INFO ACS Block Delay at Node 56: 14.094381332397461 
2023-03-10 10:13:43,919 dumbo.py [line:220] run_bft INFO Current Block's TPS at Node 56: 237.96716726334543 
2023-03-10 10:13:58,102 dumbo.py [line:217] run_bft INFO Node 56 Delivers ACS Block in Round 83 with having 3354 TXs 
2023-03-10 10:13:58,102 dumbo.py [line:219] run_bft INFO ACS Block Delay at Node 56: 14.182811498641968 
2023-03-10 10:13:58,102 dumbo.py [line:220] run_bft INFO Current Block's TPS at Node 56: 236.48343632862583 
2023-03-10 10:14:12,255 dumbo.py [line:217] run_bft INFO Node 56 Delivers ACS Block in Round 84 with having 3354 TXs 
2023-03-10 10:14:12,256 dumbo.py [line:219] run_bft INFO ACS Block Delay at Node 56: 14.153234243392944 
2023-03-10 10:14:12,256 dumbo.py [line:220] run_bft INFO Current Block's TPS at Node 56: 236.9776365120025 
2023-03-10 10:14:26,310 dumbo.py [line:217] run_bft INFO Node 56 Delivers ACS Block in Round 85 with having 3354 TXs 
2023-03-10 10:14:26,310 dumbo.py [line:219] run_bft INFO ACS Block Delay at Node 56: 14.054265260696411 
2023-03-10 10:14:26,310 dumbo.py [line:220] run_bft INFO Current Block's TPS at Node 56: 238.64641358233507 
2023-03-10 10:14:40,523 dumbo.py [line:217] run_bft INFO Node 56 Delivers ACS Block in Round 86 with having 3354 TXs 
2023-03-10 10:14:40,523 dumbo.py [line:219] run_bft INFO ACS Block Delay at Node 56: 14.212825298309326 
2023-03-10 10:14:40,523 dumbo.py [line:220] run_bft INFO Current Block's TPS at Node 56: 235.98404466415076 
2023-03-10 10:14:54,557 dumbo.py [line:217] run_bft INFO Node 56 Delivers ACS Block in Round 87 with having 3354 TXs 
2023-03-10 10:14:54,558 dumbo.py [line:219] run_bft INFO ACS Block Delay at Node 56: 14.034549951553345 
2023-03-10 10:14:54,558 dumbo.py [line:220] run_bft INFO Current Block's TPS at Node 56: 238.9816568096492 
2023-03-10 10:15:08,665 dumbo.py [line:217] run_bft INFO Node 56 Delivers ACS Block in Round 88 with having 3354 TXs 
2023-03-10 10:15:08,665 dumbo.py [line:219] run_bft INFO ACS Block Delay at Node 56: 14.107748746871948 
2023-03-10 10:15:08,665 dumbo.py [line:220] run_bft INFO Current Block's TPS at Node 56: 237.7416879318657 
2023-03-10 10:15:22,818 dumbo.py [line:217] run_bft INFO Node 56 Delivers ACS Block in Round 89 with having 3354 TXs 
2023-03-10 10:15:22,818 dumbo.py [line:219] run_bft INFO ACS Block Delay at Node 56: 14.152816772460938 
2023-03-10 10:15:22,818 dumbo.py [line:220] run_bft INFO Current Block's TPS at Node 56: 236.98462673001848 
2023-03-10 10:15:36,948 dumbo.py [line:217] run_bft INFO Node 56 Delivers ACS Block in Round 90 with having 3354 TXs 
2023-03-10 10:15:36,948 dumbo.py [line:219] run_bft INFO ACS Block Delay at Node 56: 14.129496097564697 
2023-03-10 10:15:36,948 dumbo.py [line:220] run_bft INFO Current Block's TPS at Node 56: 237.37576887671753 
2023-03-10 10:15:51,033 dumbo.py [line:217] run_bft INFO Node 56 Delivers ACS Block in Round 91 with having 3354 TXs 
2023-03-10 10:15:51,033 dumbo.py [line:219] run_bft INFO ACS Block Delay at Node 56: 14.085003137588501 
2023-03-10 10:15:51,033 dumbo.py [line:220] run_bft INFO Current Block's TPS at Node 56: 238.12561255660748 
2023-03-10 10:16:04,931 dumbo.py [line:217] run_bft INFO Node 56 Delivers ACS Block in Round 92 with having 3354 TXs 
2023-03-10 10:16:04,931 dumbo.py [line:219] run_bft INFO ACS Block Delay at Node 56: 13.898304224014282 
2023-03-10 10:16:04,931 dumbo.py [line:220] run_bft INFO Current Block's TPS at Node 56: 241.3244051892869 
2023-03-10 10:16:18,964 dumbo.py [line:217] run_bft INFO Node 56 Delivers ACS Block in Round 93 with having 3354 TXs 
2023-03-10 10:16:18,964 dumbo.py [line:219] run_bft INFO ACS Block Delay at Node 56: 14.03290319442749 
2023-03-10 10:16:18,964 dumbo.py [line:220] run_bft INFO Current Block's TPS at Node 56: 239.0097012378653 
2023-03-10 10:16:33,124 dumbo.py [line:217] run_bft INFO Node 56 Delivers ACS Block in Round 94 with having 3354 TXs 
2023-03-10 10:16:33,124 dumbo.py [line:219] run_bft INFO ACS Block Delay at Node 56: 14.159828662872314 
2023-03-10 10:16:33,124 dumbo.py [line:220] run_bft INFO Current Block's TPS at Node 56: 236.86727289252684 
2023-03-10 10:16:47,222 dumbo.py [line:217] run_bft INFO Node 56 Delivers ACS Block in Round 95 with having 3354 TXs 
2023-03-10 10:16:47,222 dumbo.py [line:219] run_bft INFO ACS Block Delay at Node 56: 14.097508907318115 
2023-03-10 10:16:47,222 dumbo.py [line:220] run_bft INFO Current Block's TPS at Node 56: 237.91437352871012 
2023-03-10 10:17:01,404 dumbo.py [line:217] run_bft INFO Node 56 Delivers ACS Block in Round 96 with having 3354 TXs 
2023-03-10 10:17:01,404 dumbo.py [line:219] run_bft INFO ACS Block Delay at Node 56: 14.182276248931885 
2023-03-10 10:17:01,404 dumbo.py [line:220] run_bft INFO Current Block's TPS at Node 56: 236.49236139033755 
2023-03-10 10:17:15,817 dumbo.py [line:217] run_bft INFO Node 56 Delivers ACS Block in Round 97 with having 3354 TXs 
2023-03-10 10:17:15,817 dumbo.py [line:219] run_bft INFO ACS Block Delay at Node 56: 14.413212060928345 
2023-03-10 10:17:15,818 dumbo.py [line:220] run_bft INFO Current Block's TPS at Node 56: 232.7031605322798 
2023-03-10 10:17:29,692 dumbo.py [line:217] run_bft INFO Node 56 Delivers ACS Block in Round 98 with having 3354 TXs 
2023-03-10 10:17:29,692 dumbo.py [line:219] run_bft INFO ACS Block Delay at Node 56: 13.874285697937012 
2023-03-10 10:17:29,692 dumbo.py [line:220] run_bft INFO Current Block's TPS at Node 56: 241.74217491418037 
2023-03-10 10:17:43,898 dumbo.py [line:217] run_bft INFO Node 56 Delivers ACS Block in Round 99 with having 3354 TXs 
2023-03-10 10:17:43,898 dumbo.py [line:219] run_bft INFO ACS Block Delay at Node 56: 14.20651888847351 
2023-03-10 10:17:43,898 dumbo.py [line:220] run_bft INFO Current Block's TPS at Node 56: 236.08880024235037 
2023-03-10 10:17:43,899 dumbo.py [line:241] run_bft INFO node 56 breaks in 1407.613078 seconds with total delivered Txs 335400 
