2023-03-09 02:18:38,311 dumbo_node.py [line:77] run INFO node 63's starts to run consensus on process id 4152735 
2023-03-09 02:18:38,312 dumbo_node.py [line:59] prepare_bootstrap INFO node id 63 is inserting dummy payload TXs 
2023-03-09 02:18:38,312 dumbo_node.py [line:68] prepare_bootstrap INFO node id 63 just inserts 50000 TXs 
2023-03-09 02:18:38,312 dumbo_node.py [line:68] prepare_bootstrap INFO node id 63 just inserts 50000 TXs 
2023-03-09 02:18:38,312 dumbo_node.py [line:68] prepare_bootstrap INFO node id 63 just inserts 50000 TXs 
2023-03-09 02:18:38,313 dumbo_node.py [line:68] prepare_bootstrap INFO node id 63 just inserts 50000 TXs 
2023-03-09 02:18:38,313 dumbo_node.py [line:68] prepare_bootstrap INFO node id 63 just inserts 50000 TXs 
2023-03-09 02:18:38,313 dumbo_node.py [line:68] prepare_bootstrap INFO node id 63 just inserts 50000 TXs 
2023-03-09 02:18:38,313 dumbo_node.py [line:68] prepare_bootstrap INFO node id 63 just inserts 50000 TXs 
2023-03-09 02:18:38,313 dumbo_node.py [line:68] prepare_bootstrap INFO node id 63 just inserts 50000 TXs 
2023-03-09 02:18:38,313 dumbo_node.py [line:68] prepare_bootstrap INFO node id 63 just inserts 50000 TXs 
2023-03-09 02:18:38,313 dumbo_node.py [line:68] prepare_bootstrap INFO node id 63 just inserts 50000 TXs 
2023-03-09 02:18:38,314 dumbo_node.py [line:68] prepare_bootstrap INFO node id 63 just inserts 50000 TXs 
2023-03-09 02:18:38,314 dumbo_node.py [line:68] prepare_bootstrap INFO node id 63 just inserts 50000 TXs 
2023-03-09 02:18:38,314 dumbo_node.py [line:68] prepare_bootstrap INFO node id 63 just inserts 50000 TXs 
2023-03-09 02:18:38,314 dumbo_node.py [line:68] prepare_bootstrap INFO node id 63 just inserts 50000 TXs 
2023-03-09 02:18:38,314 dumbo_node.py [line:68] prepare_bootstrap INFO node id 63 just inserts 50000 TXs 
2023-03-09 02:18:38,314 dumbo_node.py [line:68] prepare_bootstrap INFO node id 63 just inserts 50000 TXs 
2023-03-09 02:18:38,314 dumbo_node.py [line:68] prepare_bootstrap INFO node id 63 just inserts 50000 TXs 
2023-03-09 02:18:38,315 dumbo_node.py [line:68] prepare_bootstrap INFO node id 63 just inserts 50000 TXs 
2023-03-09 02:18:38,315 dumbo_node.py [line:68] prepare_bootstrap INFO node id 63 just inserts 50000 TXs 
2023-03-09 02:18:38,315 dumbo_node.py [line:68] prepare_bootstrap INFO node id 63 just inserts 50000 TXs 
2023-03-09 02:18:38,315 dumbo_node.py [line:68] prepare_bootstrap INFO node id 63 just inserts 50000 TXs 
2023-03-09 02:18:38,315 dumbo_node.py [line:68] prepare_bootstrap INFO node id 63 just inserts 50000 TXs 
2023-03-09 02:18:38,315 dumbo_node.py [line:68] prepare_bootstrap INFO node id 63 just inserts 50000 TXs 
2023-03-09 02:18:38,316 dumbo_node.py [line:68] prepare_bootstrap INFO node id 63 just inserts 50000 TXs 
2023-03-09 02:18:38,316 dumbo_node.py [line:68] prepare_bootstrap INFO node id 63 just inserts 50000 TXs 
2023-03-09 02:18:38,316 dumbo_node.py [line:68] prepare_bootstrap INFO node id 63 just inserts 50000 TXs 
2023-03-09 02:18:38,316 dumbo_node.py [line:68] prepare_bootstrap INFO node id 63 just inserts 50000 TXs 
2023-03-09 02:18:38,316 dumbo_node.py [line:68] prepare_bootstrap INFO node id 63 just inserts 50000 TXs 
2023-03-09 02:18:38,316 dumbo_node.py [line:68] prepare_bootstrap INFO node id 63 just inserts 50000 TXs 
2023-03-09 02:18:38,316 dumbo_node.py [line:68] prepare_bootstrap INFO node id 63 just inserts 50000 TXs 
2023-03-09 02:18:38,317 dumbo_node.py [line:68] prepare_bootstrap INFO node id 63 just inserts 50000 TXs 
2023-03-09 02:18:38,317 dumbo_node.py [line:68] prepare_bootstrap INFO node id 63 just inserts 50000 TXs 
2023-03-09 02:18:38,317 dumbo_node.py [line:68] prepare_bootstrap INFO node id 63 just inserts 50000 TXs 
2023-03-09 02:18:38,317 dumbo_node.py [line:68] prepare_bootstrap INFO node id 63 just inserts 50000 TXs 
2023-03-09 02:18:38,317 dumbo_node.py [line:68] prepare_bootstrap INFO node id 63 just inserts 50000 TXs 
2023-03-09 02:18:38,317 dumbo_node.py [line:68] prepare_bootstrap INFO node id 63 just inserts 50000 TXs 
2023-03-09 02:18:38,317 dumbo_node.py [line:68] prepare_bootstrap INFO node id 63 just inserts 50000 TXs 
2023-03-09 02:18:38,318 dumbo_node.py [line:68] prepare_bootstrap INFO node id 63 just inserts 50000 TXs 
2023-03-09 02:18:38,318 dumbo_node.py [line:68] prepare_bootstrap INFO node id 63 just inserts 50000 TXs 
2023-03-09 02:18:38,318 dumbo_node.py [line:68] prepare_bootstrap INFO node id 63 just inserts 50000 TXs 
2023-03-09 02:18:38,318 dumbo_node.py [line:68] prepare_bootstrap INFO node id 63 just inserts 50000 TXs 
2023-03-09 02:18:38,318 dumbo_node.py [line:68] prepare_bootstrap INFO node id 63 just inserts 50000 TXs 
2023-03-09 02:18:38,318 dumbo_node.py [line:68] prepare_bootstrap INFO node id 63 just inserts 50000 TXs 
2023-03-09 02:18:38,319 dumbo_node.py [line:68] prepare_bootstrap INFO node id 63 just inserts 50000 TXs 
2023-03-09 02:18:38,319 dumbo_node.py [line:68] prepare_bootstrap INFO node id 63 just inserts 50000 TXs 
2023-03-09 02:18:38,319 dumbo_node.py [line:68] prepare_bootstrap INFO node id 63 just inserts 50000 TXs 
2023-03-09 02:18:38,319 dumbo_node.py [line:68] prepare_bootstrap INFO node id 63 just inserts 50000 TXs 
2023-03-09 02:18:38,319 dumbo_node.py [line:68] prepare_bootstrap INFO node id 63 just inserts 50000 TXs 
2023-03-09 02:18:38,319 dumbo_node.py [line:68] prepare_bootstrap INFO node id 63 just inserts 50000 TXs 
2023-03-09 02:18:38,319 dumbo_node.py [line:68] prepare_bootstrap INFO node id 63 just inserts 50000 TXs 
2023-03-09 02:18:38,320 dumbo_node.py [line:68] prepare_bootstrap INFO node id 63 just inserts 50000 TXs 
2023-03-09 02:18:38,320 dumbo_node.py [line:68] prepare_bootstrap INFO node id 63 just inserts 50000 TXs 
2023-03-09 02:18:38,320 dumbo_node.py [line:68] prepare_bootstrap INFO node id 63 just inserts 50000 TXs 
2023-03-09 02:18:38,320 dumbo_node.py [line:68] prepare_bootstrap INFO node id 63 just inserts 50000 TXs 
2023-03-09 02:18:38,320 dumbo_node.py [line:68] prepare_bootstrap INFO node id 63 just inserts 50000 TXs 
2023-03-09 02:18:38,320 dumbo_node.py [line:68] prepare_bootstrap INFO node id 63 just inserts 50000 TXs 
2023-03-09 02:18:38,320 dumbo_node.py [line:68] prepare_bootstrap INFO node id 63 just inserts 50000 TXs 
2023-03-09 02:18:38,321 dumbo_node.py [line:68] prepare_bootstrap INFO node id 63 just inserts 50000 TXs 
2023-03-09 02:18:38,321 dumbo_node.py [line:68] prepare_bootstrap INFO node id 63 just inserts 50000 TXs 
2023-03-09 02:18:38,321 dumbo_node.py [line:68] prepare_bootstrap INFO node id 63 just inserts 50000 TXs 
2023-03-09 02:18:38,321 dumbo_node.py [line:68] prepare_bootstrap INFO node id 63 just inserts 50000 TXs 
2023-03-09 02:18:38,321 dumbo_node.py [line:68] prepare_bootstrap INFO node id 63 just inserts 50000 TXs 
2023-03-09 02:18:38,321 dumbo_node.py [line:68] prepare_bootstrap INFO node id 63 just inserts 50000 TXs 
2023-03-09 02:18:38,321 dumbo_node.py [line:68] prepare_bootstrap INFO node id 63 just inserts 50000 TXs 
2023-03-09 02:18:38,322 dumbo_node.py [line:68] prepare_bootstrap INFO node id 63 just inserts 50000 TXs 
2023-03-09 02:18:38,322 dumbo_node.py [line:68] prepare_bootstrap INFO node id 63 just inserts 50000 TXs 
2023-03-09 02:18:38,322 dumbo_node.py [line:68] prepare_bootstrap INFO node id 63 just inserts 50000 TXs 
2023-03-09 02:18:38,322 dumbo_node.py [line:68] prepare_bootstrap INFO node id 63 just inserts 50000 TXs 
2023-03-09 02:18:38,322 dumbo_node.py [line:68] prepare_bootstrap INFO node id 63 just inserts 50000 TXs 
2023-03-09 02:18:38,322 dumbo_node.py [line:68] prepare_bootstrap INFO node id 63 just inserts 50000 TXs 
2023-03-09 02:18:38,322 dumbo_node.py [line:68] prepare_bootstrap INFO node id 63 just inserts 50000 TXs 
2023-03-09 02:18:38,323 dumbo_node.py [line:68] prepare_bootstrap INFO node id 63 just inserts 50000 TXs 
2023-03-09 02:18:38,323 dumbo_node.py [line:68] prepare_bootstrap INFO node id 63 just inserts 50000 TXs 
2023-03-09 02:18:38,323 dumbo_node.py [line:68] prepare_bootstrap INFO node id 63 just inserts 50000 TXs 
2023-03-09 02:18:38,323 dumbo_node.py [line:68] prepare_bootstrap INFO node id 63 just inserts 50000 TXs 
2023-03-09 02:18:38,323 dumbo_node.py [line:68] prepare_bootstrap INFO node id 63 just inserts 50000 TXs 
2023-03-09 02:18:38,323 dumbo_node.py [line:68] prepare_bootstrap INFO node id 63 just inserts 50000 TXs 
2023-03-09 02:18:38,323 dumbo_node.py [line:68] prepare_bootstrap INFO node id 63 just inserts 50000 TXs 
2023-03-09 02:18:38,324 dumbo_node.py [line:68] prepare_bootstrap INFO node id 63 just inserts 50000 TXs 
2023-03-09 02:18:38,324 dumbo_node.py [line:68] prepare_bootstrap INFO node id 63 just inserts 50000 TXs 
2023-03-09 02:18:38,324 dumbo_node.py [line:68] prepare_bootstrap INFO node id 63 just inserts 50000 TXs 
2023-03-09 02:18:38,324 dumbo_node.py [line:68] prepare_bootstrap INFO node id 63 just inserts 50000 TXs 
2023-03-09 02:18:38,324 dumbo_node.py [line:68] prepare_bootstrap INFO node id 63 just inserts 50000 TXs 
2023-03-09 02:18:38,324 dumbo_node.py [line:68] prepare_bootstrap INFO node id 63 just inserts 50000 TXs 
2023-03-09 02:18:38,324 dumbo_node.py [line:68] prepare_bootstrap INFO node id 63 just inserts 50000 TXs 
2023-03-09 02:18:38,325 dumbo_node.py [line:68] prepare_bootstrap INFO node id 63 just inserts 50000 TXs 
2023-03-09 02:18:38,325 dumbo_node.py [line:68] prepare_bootstrap INFO node id 63 just inserts 50000 TXs 
2023-03-09 02:18:38,325 dumbo_node.py [line:68] prepare_bootstrap INFO node id 63 just inserts 50000 TXs 
2023-03-09 02:18:38,325 dumbo_node.py [line:68] prepare_bootstrap INFO node id 63 just inserts 50000 TXs 
2023-03-09 02:18:38,325 dumbo_node.py [line:68] prepare_bootstrap INFO node id 63 just inserts 50000 TXs 
2023-03-09 02:18:38,325 dumbo_node.py [line:68] prepare_bootstrap INFO node id 63 just inserts 50000 TXs 
2023-03-09 02:18:38,325 dumbo_node.py [line:68] prepare_bootstrap INFO node id 63 just inserts 50000 TXs 
2023-03-09 02:18:38,326 dumbo_node.py [line:68] prepare_bootstrap INFO node id 63 just inserts 50000 TXs 
2023-03-09 02:18:38,326 dumbo_node.py [line:68] prepare_bootstrap INFO node id 63 just inserts 50000 TXs 
2023-03-09 02:18:38,326 dumbo_node.py [line:68] prepare_bootstrap INFO node id 63 just inserts 50000 TXs 
2023-03-09 02:18:38,326 dumbo_node.py [line:68] prepare_bootstrap INFO node id 63 just inserts 50000 TXs 
2023-03-09 02:18:38,326 dumbo_node.py [line:68] prepare_bootstrap INFO node id 63 just inserts 50000 TXs 
2023-03-09 02:18:38,326 dumbo_node.py [line:68] prepare_bootstrap INFO node id 63 just inserts 50000 TXs 
2023-03-09 02:18:38,326 dumbo_node.py [line:68] prepare_bootstrap INFO node id 63 just inserts 50000 TXs 
2023-03-09 02:18:38,327 dumbo_node.py [line:68] prepare_bootstrap INFO node id 63 just inserts 50000 TXs 
2023-03-09 02:18:38,327 dumbo_node.py [line:72] prepare_bootstrap INFO node id 63 completed the loading of dummy TXs 
2023-03-09 02:18:38,327 dumbo.py [line:179] run_bft INFO Node 63 starts to run at time:1678328318.327474 
2023-03-09 02:18:53,062 dumbo.py [line:217] run_bft INFO Node 63 Delivers ACS Block in Round 0 with having 3354 TXs 
2023-03-09 02:18:53,062 dumbo.py [line:219] run_bft INFO ACS Block Delay at Node 63: 14.734814405441284 
2023-03-09 02:18:53,062 dumbo.py [line:220] run_bft INFO Current Block's TPS at Node 63: 227.62417684483574 
2023-03-09 02:19:07,739 dumbo.py [line:217] run_bft INFO Node 63 Delivers ACS Block in Round 1 with having 3354 TXs 
2023-03-09 02:19:07,740 dumbo.py [line:219] run_bft INFO ACS Block Delay at Node 63: 14.677711963653564 
2023-03-09 02:19:07,740 dumbo.py [line:220] run_bft INFO Current Block's TPS at Node 63: 228.5097301476902 
2023-03-09 02:19:22,617 dumbo.py [line:217] run_bft INFO Node 63 Delivers ACS Block in Round 2 with having 3354 TXs 
2023-03-09 02:19:22,617 dumbo.py [line:219] run_bft INFO ACS Block Delay at Node 63: 14.877128839492798 
2023-03-09 02:19:22,617 dumbo.py [line:220] run_bft INFO Current Block's TPS at Node 63: 225.44672672972206 
2023-03-09 02:19:37,139 dumbo.py [line:217] run_bft INFO Node 63 Delivers ACS Block in Round 3 with having 3354 TXs 
2023-03-09 02:19:37,140 dumbo.py [line:219] run_bft INFO ACS Block Delay at Node 63: 14.522641658782959 
2023-03-09 02:19:37,140 dumbo.py [line:220] run_bft INFO Current Block's TPS at Node 63: 230.94971829533355 
2023-03-09 02:19:51,944 dumbo.py [line:217] run_bft INFO Node 63 Delivers ACS Block in Round 4 with having 3354 TXs 
2023-03-09 02:19:51,944 dumbo.py [line:219] run_bft INFO ACS Block Delay at Node 63: 14.804028034210205 
2023-03-09 02:19:51,944 dumbo.py [line:220] run_bft INFO Current Block's TPS at Node 63: 226.55996004934178 
2023-03-09 02:20:06,749 dumbo.py [line:217] run_bft INFO Node 63 Delivers ACS Block in Round 5 with having 3354 TXs 
2023-03-09 02:20:06,750 dumbo.py [line:219] run_bft INFO ACS Block Delay at Node 63: 14.805891752243042 
2023-03-09 02:20:06,750 dumbo.py [line:220] run_bft INFO Current Block's TPS at Node 63: 226.531441410267 
2023-03-09 02:20:21,487 dumbo.py [line:217] run_bft INFO Node 63 Delivers ACS Block in Round 6 with having 3354 TXs 
2023-03-09 02:20:21,487 dumbo.py [line:219] run_bft INFO ACS Block Delay at Node 63: 14.73763632774353 
2023-03-09 02:20:21,487 dumbo.py [line:220] run_bft INFO Current Block's TPS at Node 63: 227.58059198991842 
2023-03-09 02:20:36,095 dumbo.py [line:217] run_bft INFO Node 63 Delivers ACS Block in Round 7 with having 3354 TXs 
2023-03-09 02:20:36,096 dumbo.py [line:219] run_bft INFO ACS Block Delay at Node 63: 14.608057022094727 
2023-03-09 02:20:36,096 dumbo.py [line:220] run_bft INFO Current Block's TPS at Node 63: 229.5993228207602 
2023-03-09 02:20:50,711 dumbo.py [line:217] run_bft INFO Node 63 Delivers ACS Block in Round 8 with having 3354 TXs 
2023-03-09 02:20:50,712 dumbo.py [line:219] run_bft INFO ACS Block Delay at Node 63: 14.616016149520874 
2023-03-09 02:20:50,712 dumbo.py [line:220] run_bft INFO Current Block's TPS at Node 63: 229.47429488916836 
2023-03-09 02:21:05,629 dumbo.py [line:217] run_bft INFO Node 63 Delivers ACS Block in Round 9 with having 3354 TXs 
2023-03-09 02:21:05,630 dumbo.py [line:219] run_bft INFO ACS Block Delay at Node 63: 14.917869806289673 
2023-03-09 02:21:05,630 dumbo.py [line:220] run_bft INFO Current Block's TPS at Node 63: 224.83102772393727 
2023-03-09 02:21:20,339 dumbo.py [line:217] run_bft INFO Node 63 Delivers ACS Block in Round 10 with having 3354 TXs 
2023-03-09 02:21:20,339 dumbo.py [line:219] run_bft INFO ACS Block Delay at Node 63: 14.70911717414856 
2023-03-09 02:21:20,339 dumbo.py [line:220] run_bft INFO Current Block's TPS at Node 63: 228.02184252734713 
2023-03-09 02:21:35,014 dumbo.py [line:217] run_bft INFO Node 63 Delivers ACS Block in Round 11 with having 3354 TXs 
2023-03-09 02:21:35,014 dumbo.py [line:219] run_bft INFO ACS Block Delay at Node 63: 14.675057411193848 
2023-03-09 02:21:35,014 dumbo.py [line:220] run_bft INFO Current Block's TPS at Node 63: 228.55106498197645 
2023-03-09 02:21:49,916 dumbo.py [line:217] run_bft INFO Node 63 Delivers ACS Block in Round 12 with having 3354 TXs 
2023-03-09 02:21:49,917 dumbo.py [line:219] run_bft INFO ACS Block Delay at Node 63: 14.90272068977356 
2023-03-09 02:21:49,917 dumbo.py [line:220] run_bft INFO Current Block's TPS at Node 63: 225.05957602101194 
2023-03-09 02:22:04,428 dumbo.py [line:217] run_bft INFO Node 63 Delivers ACS Block in Round 13 with having 3354 TXs 
2023-03-09 02:22:04,429 dumbo.py [line:219] run_bft INFO ACS Block Delay at Node 63: 14.511720895767212 
2023-03-09 02:22:04,429 dumbo.py [line:220] run_bft INFO Current Block's TPS at Node 63: 231.12351898790286 
2023-03-09 02:22:19,214 dumbo.py [line:217] run_bft INFO Node 63 Delivers ACS Block in Round 14 with having 3354 TXs 
2023-03-09 02:22:19,214 dumbo.py [line:219] run_bft INFO ACS Block Delay at Node 63: 14.785401105880737 
2023-03-09 02:22:19,214 dumbo.py [line:220] run_bft INFO Current Block's TPS at Node 63: 226.84538457776313 
2023-03-09 02:22:33,983 dumbo.py [line:217] run_bft INFO Node 63 Delivers ACS Block in Round 15 with having 3354 TXs 
2023-03-09 02:22:33,983 dumbo.py [line:219] run_bft INFO ACS Block Delay at Node 63: 14.769012451171875 
2023-03-09 02:22:33,983 dumbo.py [line:220] run_bft INFO Current Block's TPS at Node 63: 227.09710693851238 
2023-03-09 02:22:48,735 dumbo.py [line:217] run_bft INFO Node 63 Delivers ACS Block in Round 16 with having 3354 TXs 
2023-03-09 02:22:48,735 dumbo.py [line:219] run_bft INFO ACS Block Delay at Node 63: 14.75198245048523 
2023-03-09 02:22:48,735 dumbo.py [line:220] run_bft INFO Current Block's TPS at Node 63: 227.3592726440424 
2023-03-09 02:23:03,506 dumbo.py [line:217] run_bft INFO Node 63 Delivers ACS Block in Round 17 with having 3354 TXs 
2023-03-09 02:23:03,507 dumbo.py [line:219] run_bft INFO ACS Block Delay at Node 63: 14.77133321762085 
2023-03-09 02:23:03,507 dumbo.py [line:220] run_bft INFO Current Block's TPS at Node 63: 227.06142706191102 
2023-03-09 02:23:18,189 dumbo.py [line:217] run_bft INFO Node 63 Delivers ACS Block in Round 18 with having 3354 TXs 
2023-03-09 02:23:18,189 dumbo.py [line:219] run_bft INFO ACS Block Delay at Node 63: 14.68268895149231 
2023-03-09 02:23:18,189 dumbo.py [line:220] run_bft INFO Current Block's TPS at Node 63: 228.4322722548112 
2023-03-09 02:23:32,966 dumbo.py [line:217] run_bft INFO Node 63 Delivers ACS Block in Round 19 with having 3354 TXs 
2023-03-09 02:23:32,966 dumbo.py [line:219] run_bft INFO ACS Block Delay at Node 63: 14.776397228240967 
2023-03-09 02:23:32,966 dumbo.py [line:220] run_bft INFO Current Block's TPS at Node 63: 226.9836109704579 
2023-03-09 02:23:47,691 dumbo.py [line:217] run_bft INFO Node 63 Delivers ACS Block in Round 20 with having 3354 TXs 
2023-03-09 02:23:47,691 dumbo.py [line:219] run_bft INFO ACS Block Delay at Node 63: 14.724966049194336 
2023-03-09 02:23:47,691 dumbo.py [line:220] run_bft INFO Current Block's TPS at Node 63: 227.7764165156436 
2023-03-09 02:24:02,405 dumbo.py [line:217] run_bft INFO Node 63 Delivers ACS Block in Round 21 with having 3354 TXs 
2023-03-09 02:24:02,406 dumbo.py [line:219] run_bft INFO ACS Block Delay at Node 63: 14.714568614959717 
2023-03-09 02:24:02,406 dumbo.py [line:220] run_bft INFO Current Block's TPS at Node 63: 227.93736518990585 
2023-03-09 02:24:17,190 dumbo.py [line:217] run_bft INFO Node 63 Delivers ACS Block in Round 22 with having 3354 TXs 
2023-03-09 02:24:17,190 dumbo.py [line:219] run_bft INFO ACS Block Delay at Node 63: 14.784299612045288 
2023-03-09 02:24:17,190 dumbo.py [line:220] run_bft INFO Current Block's TPS at Node 63: 226.86228553345728 
2023-03-09 02:24:31,930 dumbo.py [line:217] run_bft INFO Node 63 Delivers ACS Block in Round 23 with having 3354 TXs 
2023-03-09 02:24:31,931 dumbo.py [line:219] run_bft INFO ACS Block Delay at Node 63: 14.740551948547363 
2023-03-09 02:24:31,931 dumbo.py [line:220] run_bft INFO Current Block's TPS at Node 63: 227.53557748090475 
2023-03-09 02:24:46,640 dumbo.py [line:217] run_bft INFO Node 63 Delivers ACS Block in Round 24 with having 3354 TXs 
2023-03-09 02:24:46,641 dumbo.py [line:219] run_bft INFO ACS Block Delay at Node 63: 14.709808588027954 
2023-03-09 02:24:46,641 dumbo.py [line:220] run_bft INFO Current Block's TPS at Node 63: 228.0111246811029 
2023-03-09 02:25:01,399 dumbo.py [line:217] run_bft INFO Node 63 Delivers ACS Block in Round 25 with having 3354 TXs 
2023-03-09 02:25:01,399 dumbo.py [line:219] run_bft INFO ACS Block Delay at Node 63: 14.75839638710022 
2023-03-09 02:25:01,399 dumbo.py [line:220] run_bft INFO Current Block's TPS at Node 63: 227.2604632662943 
2023-03-09 02:25:16,225 dumbo.py [line:217] run_bft INFO Node 63 Delivers ACS Block in Round 26 with having 3354 TXs 
2023-03-09 02:25:16,225 dumbo.py [line:219] run_bft INFO ACS Block Delay at Node 63: 14.826241254806519 
2023-03-09 02:25:16,225 dumbo.py [line:220] run_bft INFO Current Block's TPS at Node 63: 226.22051957455278 
2023-03-09 02:25:30,927 dumbo.py [line:217] run_bft INFO Node 63 Delivers ACS Block in Round 27 with having 3354 TXs 
2023-03-09 02:25:30,927 dumbo.py [line:219] run_bft INFO ACS Block Delay at Node 63: 14.701420545578003 
2023-03-09 02:25:30,927 dumbo.py [line:220] run_bft INFO Current Block's TPS at Node 63: 228.14121870752413 
2023-03-09 02:25:45,639 dumbo.py [line:217] run_bft INFO Node 63 Delivers ACS Block in Round 28 with having 3354 TXs 
2023-03-09 02:25:45,639 dumbo.py [line:219] run_bft INFO ACS Block Delay at Node 63: 14.7123384475708 
2023-03-09 02:25:45,639 dumbo.py [line:220] run_bft INFO Current Block's TPS at Node 63: 227.97191703768814 
2023-03-09 02:26:00,376 dumbo.py [line:217] run_bft INFO Node 63 Delivers ACS Block in Round 29 with having 3354 TXs 
2023-03-09 02:26:00,376 dumbo.py [line:219] run_bft INFO ACS Block Delay at Node 63: 14.736490488052368 
2023-03-09 02:26:00,376 dumbo.py [line:220] run_bft INFO Current Block's TPS at Node 63: 227.59828757866472 
2023-03-09 02:26:15,091 dumbo.py [line:217] run_bft INFO Node 63 Delivers ACS Block in Round 30 with having 3354 TXs 
2023-03-09 02:26:15,091 dumbo.py [line:219] run_bft INFO ACS Block Delay at Node 63: 14.715210676193237 
2023-03-09 02:26:15,091 dumbo.py [line:220] run_bft INFO Current Block's TPS at Node 63: 227.92741971586 
2023-03-09 02:26:29,792 dumbo.py [line:217] run_bft INFO Node 63 Delivers ACS Block in Round 31 with having 3354 TXs 
2023-03-09 02:26:29,792 dumbo.py [line:219] run_bft INFO ACS Block Delay at Node 63: 14.701300621032715 
2023-03-09 02:26:29,792 dumbo.py [line:220] run_bft INFO Current Block's TPS at Node 63: 228.1430797491163 
2023-03-09 02:26:44,899 dumbo.py [line:217] run_bft INFO Node 63 Delivers ACS Block in Round 32 with having 3354 TXs 
2023-03-09 02:26:44,899 dumbo.py [line:219] run_bft INFO ACS Block Delay at Node 63: 15.106814622879028 
2023-03-09 02:26:44,899 dumbo.py [line:220] run_bft INFO Current Block's TPS at Node 63: 222.019008224303 
2023-03-09 02:26:59,659 dumbo.py [line:217] run_bft INFO Node 63 Delivers ACS Block in Round 33 with having 3354 TXs 
2023-03-09 02:26:59,659 dumbo.py [line:219] run_bft INFO ACS Block Delay at Node 63: 14.759911060333252 
2023-03-09 02:26:59,659 dumbo.py [line:220] run_bft INFO Current Block's TPS at Node 63: 227.23714162572148 
2023-03-09 02:27:14,152 dumbo.py [line:217] run_bft INFO Node 63 Delivers ACS Block in Round 34 with having 3354 TXs 
2023-03-09 02:27:14,152 dumbo.py [line:219] run_bft INFO ACS Block Delay at Node 63: 14.492905616760254 
2023-03-09 02:27:14,152 dumbo.py [line:220] run_bft INFO Current Block's TPS at Node 63: 231.42357293221326 
2023-03-09 02:27:28,811 dumbo.py [line:217] run_bft INFO Node 63 Delivers ACS Block in Round 35 with having 3354 TXs 
2023-03-09 02:27:28,811 dumbo.py [line:219] run_bft INFO ACS Block Delay at Node 63: 14.65893840789795 
2023-03-09 02:27:28,811 dumbo.py [line:220] run_bft INFO Current Block's TPS at Node 63: 228.80238027283957 
2023-03-09 02:27:43,563 dumbo.py [line:217] run_bft INFO Node 63 Delivers ACS Block in Round 36 with having 3354 TXs 
2023-03-09 02:27:43,563 dumbo.py [line:219] run_bft INFO ACS Block Delay at Node 63: 14.751467227935791 
2023-03-09 02:27:43,563 dumbo.py [line:220] run_bft INFO Current Block's TPS at Node 63: 227.36721359135836 
2023-03-09 02:27:58,324 dumbo.py [line:217] run_bft INFO Node 63 Delivers ACS Block in Round 37 with having 3354 TXs 
2023-03-09 02:27:58,324 dumbo.py [line:219] run_bft INFO ACS Block Delay at Node 63: 14.760901689529419 
2023-03-09 02:27:58,324 dumbo.py [line:220] run_bft INFO Current Block's TPS at Node 63: 227.22189135499394 
2023-03-09 02:28:13,048 dumbo.py [line:217] run_bft INFO Node 63 Delivers ACS Block in Round 38 with having 3354 TXs 
2023-03-09 02:28:13,048 dumbo.py [line:219] run_bft INFO ACS Block Delay at Node 63: 14.724133253097534 
2023-03-09 02:28:13,048 dumbo.py [line:220] run_bft INFO Current Block's TPS at Node 63: 227.78929953614858 
2023-03-09 02:28:27,851 dumbo.py [line:217] run_bft INFO Node 63 Delivers ACS Block in Round 39 with having 3354 TXs 
2023-03-09 02:28:27,852 dumbo.py [line:219] run_bft INFO ACS Block Delay at Node 63: 14.80337929725647 
2023-03-09 02:28:27,852 dumbo.py [line:220] run_bft INFO Current Block's TPS at Node 63: 226.56988871599077 
2023-03-09 02:28:42,550 dumbo.py [line:217] run_bft INFO Node 63 Delivers ACS Block in Round 40 with having 3354 TXs 
2023-03-09 02:28:42,550 dumbo.py [line:219] run_bft INFO ACS Block Delay at Node 63: 14.69850468635559 
2023-03-09 02:28:42,550 dumbo.py [line:220] run_bft INFO Current Block's TPS at Node 63: 228.18647689471908 
2023-03-09 02:28:57,377 dumbo.py [line:217] run_bft INFO Node 63 Delivers ACS Block in Round 41 with having 3354 TXs 
2023-03-09 02:28:57,377 dumbo.py [line:219] run_bft INFO ACS Block Delay at Node 63: 14.826962947845459 
2023-03-09 02:28:57,377 dumbo.py [line:220] run_bft INFO Current Block's TPS at Node 63: 226.2095084339155 
2023-03-09 02:29:12,063 dumbo.py [line:217] run_bft INFO Node 63 Delivers ACS Block in Round 42 with having 3354 TXs 
2023-03-09 02:29:12,063 dumbo.py [line:219] run_bft INFO ACS Block Delay at Node 63: 14.686145067214966 
2023-03-09 02:29:12,063 dumbo.py [line:220] run_bft INFO Current Block's TPS at Node 63: 228.37851489615184 
2023-03-09 02:29:26,736 dumbo.py [line:217] run_bft INFO Node 63 Delivers ACS Block in Round 43 with having 3354 TXs 
2023-03-09 02:29:26,737 dumbo.py [line:219] run_bft INFO ACS Block Delay at Node 63: 14.673298597335815 
2023-03-09 02:29:26,737 dumbo.py [line:220] run_bft INFO Current Block's TPS at Node 63: 228.57846023858434 
2023-03-09 02:29:41,609 dumbo.py [line:217] run_bft INFO Node 63 Delivers ACS Block in Round 44 with having 3354 TXs 
2023-03-09 02:29:41,609 dumbo.py [line:219] run_bft INFO ACS Block Delay at Node 63: 14.87253451347351 
2023-03-09 02:29:41,609 dumbo.py [line:220] run_bft INFO Current Block's TPS at Node 63: 225.51637025696613 
2023-03-09 02:29:56,215 dumbo.py [line:217] run_bft INFO Node 63 Delivers ACS Block in Round 45 with having 3354 TXs 
2023-03-09 02:29:56,215 dumbo.py [line:219] run_bft INFO ACS Block Delay at Node 63: 14.605609655380249 
2023-03-09 02:29:56,215 dumbo.py [line:220] run_bft INFO Current Block's TPS at Node 63: 229.63779528124604 
2023-03-09 02:30:11,041 dumbo.py [line:217] run_bft INFO Node 63 Delivers ACS Block in Round 46 with having 3354 TXs 
2023-03-09 02:30:11,041 dumbo.py [line:219] run_bft INFO ACS Block Delay at Node 63: 14.825942754745483 
2023-03-09 02:30:11,041 dumbo.py [line:220] run_bft INFO Current Block's TPS at Node 63: 226.2250742150244 
2023-03-09 02:30:25,807 dumbo.py [line:217] run_bft INFO Node 63 Delivers ACS Block in Round 47 with having 3354 TXs 
2023-03-09 02:30:25,807 dumbo.py [line:219] run_bft INFO ACS Block Delay at Node 63: 14.766083240509033 
2023-03-09 02:30:25,807 dumbo.py [line:220] run_bft INFO Current Block's TPS at Node 63: 227.14215715638733 
2023-03-09 02:30:40,511 dumbo.py [line:217] run_bft INFO Node 63 Delivers ACS Block in Round 48 with having 3354 TXs 
2023-03-09 02:30:40,511 dumbo.py [line:219] run_bft INFO ACS Block Delay at Node 63: 14.703728437423706 
2023-03-09 02:30:40,511 dumbo.py [line:220] run_bft INFO Current Block's TPS at Node 63: 228.10540974515348 
2023-03-09 02:30:55,235 dumbo.py [line:217] run_bft INFO Node 63 Delivers ACS Block in Round 49 with having 3354 TXs 
2023-03-09 02:30:55,235 dumbo.py [line:219] run_bft INFO ACS Block Delay at Node 63: 14.723929166793823 
2023-03-09 02:30:55,235 dumbo.py [line:220] run_bft INFO Current Block's TPS at Node 63: 227.7924568914741 
2023-03-09 02:31:10,079 dumbo.py [line:217] run_bft INFO Node 63 Delivers ACS Block in Round 50 with having 3354 TXs 
2023-03-09 02:31:10,079 dumbo.py [line:219] run_bft INFO ACS Block Delay at Node 63: 14.844204425811768 
2023-03-09 02:31:10,079 dumbo.py [line:220] run_bft INFO Current Block's TPS at Node 63: 225.9467670876261 
2023-03-09 02:31:24,789 dumbo.py [line:217] run_bft INFO Node 63 Delivers ACS Block in Round 51 with having 3354 TXs 
2023-03-09 02:31:24,789 dumbo.py [line:219] run_bft INFO ACS Block Delay at Node 63: 14.710051536560059 
2023-03-09 02:31:24,789 dumbo.py [line:220] run_bft INFO Current Block's TPS at Node 63: 228.00735889089427 
2023-03-09 02:31:39,495 dumbo.py [line:217] run_bft INFO Node 63 Delivers ACS Block in Round 52 with having 3354 TXs 
2023-03-09 02:31:39,495 dumbo.py [line:219] run_bft INFO ACS Block Delay at Node 63: 14.705420017242432 
2023-03-09 02:31:39,495 dumbo.py [line:220] run_bft INFO Current Block's TPS at Node 63: 228.07917054170235 
2023-03-09 02:31:54,265 dumbo.py [line:217] run_bft INFO Node 63 Delivers ACS Block in Round 53 with having 3354 TXs 
2023-03-09 02:31:54,266 dumbo.py [line:219] run_bft INFO ACS Block Delay at Node 63: 14.770673036575317 
2023-03-09 02:31:54,266 dumbo.py [line:220] run_bft INFO Current Block's TPS at Node 63: 227.07157566177148 
2023-03-09 02:32:09,166 dumbo.py [line:217] run_bft INFO Node 63 Delivers ACS Block in Round 54 with having 3354 TXs 
2023-03-09 02:32:09,166 dumbo.py [line:219] run_bft INFO ACS Block Delay at Node 63: 14.900527000427246 
2023-03-09 02:32:09,166 dumbo.py [line:220] run_bft INFO Current Block's TPS at Node 63: 225.09270980172917 
2023-03-09 02:32:23,968 dumbo.py [line:217] run_bft INFO Node 63 Delivers ACS Block in Round 55 with having 3354 TXs 
2023-03-09 02:32:23,969 dumbo.py [line:219] run_bft INFO ACS Block Delay at Node 63: 14.802309513092041 
2023-03-09 02:32:23,969 dumbo.py [line:220] run_bft INFO Current Block's TPS at Node 63: 226.58626324719958 
2023-03-09 02:32:38,713 dumbo.py [line:217] run_bft INFO Node 63 Delivers ACS Block in Round 56 with having 3354 TXs 
2023-03-09 02:32:38,713 dumbo.py [line:219] run_bft INFO ACS Block Delay at Node 63: 14.744242429733276 
2023-03-09 02:32:38,713 dumbo.py [line:220] run_bft INFO Current Block's TPS at Node 63: 227.47862536743938 
2023-03-09 02:32:53,359 dumbo.py [line:217] run_bft INFO Node 63 Delivers ACS Block in Round 57 with having 3354 TXs 
2023-03-09 02:32:53,359 dumbo.py [line:219] run_bft INFO ACS Block Delay at Node 63: 14.646199464797974 
2023-03-09 02:32:53,359 dumbo.py [line:220] run_bft INFO Current Block's TPS at Node 63: 229.00138756551232 
2023-03-09 02:33:08,224 dumbo.py [line:217] run_bft INFO Node 63 Delivers ACS Block in Round 58 with having 3354 TXs 
2023-03-09 02:33:08,224 dumbo.py [line:219] run_bft INFO ACS Block Delay at Node 63: 14.864567041397095 
2023-03-09 02:33:08,224 dumbo.py [line:220] run_bft INFO Current Block's TPS at Node 63: 225.6372480045516 
2023-03-09 02:33:23,108 dumbo.py [line:217] run_bft INFO Node 63 Delivers ACS Block in Round 59 with having 3354 TXs 
2023-03-09 02:33:23,108 dumbo.py [line:219] run_bft INFO ACS Block Delay at Node 63: 14.88429594039917 
2023-03-09 02:33:23,108 dumbo.py [line:220] run_bft INFO Current Block's TPS at Node 63: 225.33816939883096 
2023-03-09 02:33:37,668 dumbo.py [line:217] run_bft INFO Node 63 Delivers ACS Block in Round 60 with having 3354 TXs 
2023-03-09 02:33:37,668 dumbo.py [line:219] run_bft INFO ACS Block Delay at Node 63: 14.55946946144104 
2023-03-09 02:33:37,668 dumbo.py [line:220] run_bft INFO Current Block's TPS at Node 63: 230.3655369368132 
2023-03-09 02:33:52,609 dumbo.py [line:217] run_bft INFO Node 63 Delivers ACS Block in Round 61 with having 3354 TXs 
2023-03-09 02:33:52,609 dumbo.py [line:219] run_bft INFO ACS Block Delay at Node 63: 14.941556930541992 
2023-03-09 02:33:52,609 dumbo.py [line:220] run_bft INFO Current Block's TPS at Node 63: 224.47459897195174 
2023-03-09 02:34:07,325 dumbo.py [line:217] run_bft INFO Node 63 Delivers ACS Block in Round 62 with having 3354 TXs 
2023-03-09 02:34:07,325 dumbo.py [line:219] run_bft INFO ACS Block Delay at Node 63: 14.71561336517334 
2023-03-09 02:34:07,325 dumbo.py [line:220] run_bft INFO Current Block's TPS at Node 63: 227.92118254056155 
2023-03-09 02:34:22,093 dumbo.py [line:217] run_bft INFO Node 63 Delivers ACS Block in Round 63 with having 3354 TXs 
2023-03-09 02:34:22,093 dumbo.py [line:219] run_bft INFO ACS Block Delay at Node 63: 14.768147945404053 
2023-03-09 02:34:22,093 dumbo.py [line:220] run_bft INFO Current Block's TPS at Node 63: 227.11040087080028 
2023-03-09 02:34:36,907 dumbo.py [line:217] run_bft INFO Node 63 Delivers ACS Block in Round 64 with having 3354 TXs 
2023-03-09 02:34:36,908 dumbo.py [line:219] run_bft INFO ACS Block Delay at Node 63: 14.814318180084229 
2023-03-09 02:34:36,908 dumbo.py [line:220] run_bft INFO Current Block's TPS at Node 63: 226.40258965876555 
2023-03-09 02:34:51,648 dumbo.py [line:217] run_bft INFO Node 63 Delivers ACS Block in Round 65 with having 3354 TXs 
2023-03-09 02:34:51,648 dumbo.py [line:219] run_bft INFO ACS Block Delay at Node 63: 14.740437507629395 
2023-03-09 02:34:51,648 dumbo.py [line:220] run_bft INFO Current Block's TPS at Node 63: 227.53734400787138 
2023-03-09 02:35:06,390 dumbo.py [line:217] run_bft INFO Node 63 Delivers ACS Block in Round 66 with having 3354 TXs 
2023-03-09 02:35:06,390 dumbo.py [line:219] run_bft INFO ACS Block Delay at Node 63: 14.741639852523804 
2023-03-09 02:35:06,390 dumbo.py [line:220] run_bft INFO Current Block's TPS at Node 63: 227.518785803588 
2023-03-09 02:35:21,102 dumbo.py [line:217] run_bft INFO Node 63 Delivers ACS Block in Round 67 with having 3354 TXs 
2023-03-09 02:35:21,103 dumbo.py [line:219] run_bft INFO ACS Block Delay at Node 63: 14.712649822235107 
2023-03-09 02:35:21,103 dumbo.py [line:220] run_bft INFO Current Block's TPS at Node 63: 227.96709229979274 
2023-03-09 02:35:35,928 dumbo.py [line:217] run_bft INFO Node 63 Delivers ACS Block in Round 68 with having 3354 TXs 
2023-03-09 02:35:35,928 dumbo.py [line:219] run_bft INFO ACS Block Delay at Node 63: 14.825793027877808 
2023-03-09 02:35:35,929 dumbo.py [line:220] run_bft INFO Current Block's TPS at Node 63: 226.22735888011368 
2023-03-09 02:35:50,668 dumbo.py [line:217] run_bft INFO Node 63 Delivers ACS Block in Round 69 with having 3354 TXs 
2023-03-09 02:35:50,669 dumbo.py [line:219] run_bft INFO ACS Block Delay at Node 63: 14.739980936050415 
2023-03-09 02:35:50,669 dumbo.py [line:220] run_bft INFO Current Block's TPS at Node 63: 227.5443919874367 
2023-03-09 02:36:05,331 dumbo.py [line:217] run_bft INFO Node 63 Delivers ACS Block in Round 70 with having 3354 TXs 
2023-03-09 02:36:05,332 dumbo.py [line:219] run_bft INFO ACS Block Delay at Node 63: 14.662959814071655 
2023-03-09 02:36:05,332 dumbo.py [line:220] run_bft INFO Current Block's TPS at Node 63: 228.7396298243452 
2023-03-09 02:36:20,072 dumbo.py [line:217] run_bft INFO Node 63 Delivers ACS Block in Round 71 with having 3354 TXs 
2023-03-09 02:36:20,072 dumbo.py [line:219] run_bft INFO ACS Block Delay at Node 63: 14.740195035934448 
2023-03-09 02:36:20,072 dumbo.py [line:220] run_bft INFO Current Block's TPS at Node 63: 227.5410869275092 
2023-03-09 02:36:34,836 dumbo.py [line:217] run_bft INFO Node 63 Delivers ACS Block in Round 72 with having 3354 TXs 
2023-03-09 02:36:34,836 dumbo.py [line:219] run_bft INFO ACS Block Delay at Node 63: 14.764105796813965 
2023-03-09 02:36:34,836 dumbo.py [line:220] run_bft INFO Current Block's TPS at Node 63: 227.17257964405673 
2023-03-09 02:36:49,653 dumbo.py [line:217] run_bft INFO Node 63 Delivers ACS Block in Round 73 with having 3354 TXs 
2023-03-09 02:36:49,653 dumbo.py [line:219] run_bft INFO ACS Block Delay at Node 63: 14.816736459732056 
2023-03-09 02:36:49,653 dumbo.py [line:220] run_bft INFO Current Block's TPS at Node 63: 226.36563787952082 
2023-03-09 02:37:04,293 dumbo.py [line:217] run_bft INFO Node 63 Delivers ACS Block in Round 74 with having 3354 TXs 
2023-03-09 02:37:04,293 dumbo.py [line:219] run_bft INFO ACS Block Delay at Node 63: 14.639917373657227 
2023-03-09 02:37:04,293 dumbo.py [line:220] run_bft INFO Current Block's TPS at Node 63: 229.09965366574542 
2023-03-09 02:37:19,137 dumbo.py [line:217] run_bft INFO Node 63 Delivers ACS Block in Round 75 with having 3354 TXs 
2023-03-09 02:37:19,138 dumbo.py [line:219] run_bft INFO ACS Block Delay at Node 63: 14.844645738601685 
2023-03-09 02:37:19,138 dumbo.py [line:220] run_bft INFO Current Block's TPS at Node 63: 225.94004997224914 
2023-03-09 02:37:34,107 dumbo.py [line:217] run_bft INFO Node 63 Delivers ACS Block in Round 76 with having 3354 TXs 
2023-03-09 02:37:34,107 dumbo.py [line:219] run_bft INFO ACS Block Delay at Node 63: 14.969620704650879 
2023-03-09 02:37:34,107 dumbo.py [line:220] run_bft INFO Current Block's TPS at Node 63: 224.05377304970412 
2023-03-09 02:37:48,618 dumbo.py [line:217] run_bft INFO Node 63 Delivers ACS Block in Round 77 with having 3354 TXs 
2023-03-09 02:37:48,618 dumbo.py [line:219] run_bft INFO ACS Block Delay at Node 63: 14.510736465454102 
2023-03-09 02:37:48,618 dumbo.py [line:220] run_bft INFO Current Block's TPS at Node 63: 231.13919875706594 
2023-03-09 02:38:03,488 dumbo.py [line:217] run_bft INFO Node 63 Delivers ACS Block in Round 78 with having 3354 TXs 
2023-03-09 02:38:03,488 dumbo.py [line:219] run_bft INFO ACS Block Delay at Node 63: 14.870241165161133 
2023-03-09 02:38:03,489 dumbo.py [line:220] run_bft INFO Current Block's TPS at Node 63: 225.55115029727605 
2023-03-09 02:38:18,221 dumbo.py [line:217] run_bft INFO Node 63 Delivers ACS Block in Round 79 with having 3354 TXs 
2023-03-09 02:38:18,222 dumbo.py [line:219] run_bft INFO ACS Block Delay at Node 63: 14.733013391494751 
2023-03-09 02:38:18,222 dumbo.py [line:220] run_bft INFO Current Block's TPS at Node 63: 227.6520024027289 
2023-03-09 02:38:33,013 dumbo.py [line:217] run_bft INFO Node 63 Delivers ACS Block in Round 80 with having 3354 TXs 
2023-03-09 02:38:33,013 dumbo.py [line:219] run_bft INFO ACS Block Delay at Node 63: 14.79112434387207 
2023-03-09 02:38:33,013 dumbo.py [line:220] run_bft INFO Current Block's TPS at Node 63: 226.75760963293874 
2023-03-09 02:38:47,832 dumbo.py [line:217] run_bft INFO Node 63 Delivers ACS Block in Round 81 with having 3354 TXs 
2023-03-09 02:38:47,832 dumbo.py [line:219] run_bft INFO ACS Block Delay at Node 63: 14.818889856338501 
2023-03-09 02:38:47,832 dumbo.py [line:220] run_bft INFO Current Block's TPS at Node 63: 226.33274371530536 
2023-03-09 02:39:02,492 dumbo.py [line:217] run_bft INFO Node 63 Delivers ACS Block in Round 82 with having 3354 TXs 
2023-03-09 02:39:02,492 dumbo.py [line:219] run_bft INFO ACS Block Delay at Node 63: 14.660460233688354 
2023-03-09 02:39:02,492 dumbo.py [line:220] run_bft INFO Current Block's TPS at Node 63: 228.77862949301036 
2023-03-09 02:39:17,312 dumbo.py [line:217] run_bft INFO Node 63 Delivers ACS Block in Round 83 with having 3354 TXs 
2023-03-09 02:39:17,313 dumbo.py [line:219] run_bft INFO ACS Block Delay at Node 63: 14.820127964019775 
2023-03-09 02:39:17,313 dumbo.py [line:220] run_bft INFO Current Block's TPS at Node 63: 226.31383535572854 
2023-03-09 02:39:32,109 dumbo.py [line:217] run_bft INFO Node 63 Delivers ACS Block in Round 84 with having 3354 TXs 
2023-03-09 02:39:32,110 dumbo.py [line:219] run_bft INFO ACS Block Delay at Node 63: 14.796999216079712 
2023-03-09 02:39:32,110 dumbo.py [line:220] run_bft INFO Current Block's TPS at Node 63: 226.66757975868856 
2023-03-09 02:39:46,985 dumbo.py [line:217] run_bft INFO Node 63 Delivers ACS Block in Round 85 with having 3354 TXs 
2023-03-09 02:39:46,986 dumbo.py [line:219] run_bft INFO ACS Block Delay at Node 63: 14.87594985961914 
2023-03-09 02:39:46,986 dumbo.py [line:220] run_bft INFO Current Block's TPS at Node 63: 225.46459430496296 
2023-03-09 02:40:01,752 dumbo.py [line:217] run_bft INFO Node 63 Delivers ACS Block in Round 86 with having 3354 TXs 
2023-03-09 02:40:01,753 dumbo.py [line:219] run_bft INFO ACS Block Delay at Node 63: 14.766971349716187 
2023-03-09 02:40:01,753 dumbo.py [line:220] run_bft INFO Current Block's TPS at Node 63: 227.12849646481249 
2023-03-09 02:40:16,682 dumbo.py [line:217] run_bft INFO Node 63 Delivers ACS Block in Round 87 with having 3354 TXs 
2023-03-09 02:40:16,682 dumbo.py [line:219] run_bft INFO ACS Block Delay at Node 63: 14.929373979568481 
2023-03-09 02:40:16,682 dumbo.py [line:220] run_bft INFO Current Block's TPS at Node 63: 224.65777899261548 
2023-03-09 02:40:31,229 dumbo.py [line:217] run_bft INFO Node 63 Delivers ACS Block in Round 88 with having 3354 TXs 
2023-03-09 02:40:31,229 dumbo.py [line:219] run_bft INFO ACS Block Delay at Node 63: 14.546812057495117 
2023-03-09 02:40:31,229 dumbo.py [line:220] run_bft INFO Current Block's TPS at Node 63: 230.56598151839606 
2023-03-09 02:40:45,916 dumbo.py [line:217] run_bft INFO Node 63 Delivers ACS Block in Round 89 with having 3354 TXs 
2023-03-09 02:40:45,916 dumbo.py [line:219] run_bft INFO ACS Block Delay at Node 63: 14.686972379684448 
2023-03-09 02:40:45,916 dumbo.py [line:220] run_bft INFO Current Block's TPS at Node 63: 228.36565040725304 
2023-03-09 02:41:00,659 dumbo.py [line:217] run_bft INFO Node 63 Delivers ACS Block in Round 90 with having 3354 TXs 
2023-03-09 02:41:00,659 dumbo.py [line:219] run_bft INFO ACS Block Delay at Node 63: 14.743252038955688 
2023-03-09 02:41:00,659 dumbo.py [line:220] run_bft INFO Current Block's TPS at Node 63: 227.49390644193141 
2023-03-09 02:41:15,484 dumbo.py [line:217] run_bft INFO Node 63 Delivers ACS Block in Round 91 with having 3354 TXs 
2023-03-09 02:41:15,484 dumbo.py [line:219] run_bft INFO ACS Block Delay at Node 63: 14.824853420257568 
2023-03-09 02:41:15,484 dumbo.py [line:220] run_bft INFO Current Block's TPS at Node 63: 226.24169729846324 
2023-03-09 02:41:30,312 dumbo.py [line:217] run_bft INFO Node 63 Delivers ACS Block in Round 92 with having 3354 TXs 
2023-03-09 02:41:30,312 dumbo.py [line:219] run_bft INFO ACS Block Delay at Node 63: 14.828059196472168 
2023-03-09 02:41:30,313 dumbo.py [line:220] run_bft INFO Current Block's TPS at Node 63: 226.1927846091935 
2023-03-09 02:41:45,122 dumbo.py [line:217] run_bft INFO Node 63 Delivers ACS Block in Round 93 with having 3354 TXs 
2023-03-09 02:41:45,123 dumbo.py [line:219] run_bft INFO ACS Block Delay at Node 63: 14.809948682785034 
2023-03-09 02:41:45,123 dumbo.py [line:220] run_bft INFO Current Block's TPS at Node 63: 226.4693870208114 
2023-03-09 02:41:59,755 dumbo.py [line:217] run_bft INFO Node 63 Delivers ACS Block in Round 94 with having 3354 TXs 
2023-03-09 02:41:59,755 dumbo.py [line:219] run_bft INFO ACS Block Delay at Node 63: 14.632799863815308 
2023-03-09 02:41:59,755 dumbo.py [line:220] run_bft INFO Current Block's TPS at Node 63: 229.21108955326676 
2023-03-09 02:42:14,502 dumbo.py [line:217] run_bft INFO Node 63 Delivers ACS Block in Round 95 with having 3354 TXs 
2023-03-09 02:42:14,503 dumbo.py [line:219] run_bft INFO ACS Block Delay at Node 63: 14.747056722640991 
2023-03-09 02:42:14,503 dumbo.py [line:220] run_bft INFO Current Block's TPS at Node 63: 227.43521389258925 
2023-03-09 02:42:29,281 dumbo.py [line:217] run_bft INFO Node 63 Delivers ACS Block in Round 96 with having 3354 TXs 
2023-03-09 02:42:29,282 dumbo.py [line:219] run_bft INFO ACS Block Delay at Node 63: 14.779022216796875 
2023-03-09 02:42:29,282 dumbo.py [line:220] run_bft INFO Current Block's TPS at Node 63: 226.94329508403214 
2023-03-09 02:42:44,058 dumbo.py [line:217] run_bft INFO Node 63 Delivers ACS Block in Round 97 with having 3354 TXs 
2023-03-09 02:42:44,058 dumbo.py [line:219] run_bft INFO ACS Block Delay at Node 63: 14.776753664016724 
2023-03-09 02:42:44,059 dumbo.py [line:220] run_bft INFO Current Block's TPS at Node 63: 226.97813581121116 
2023-03-09 02:42:58,803 dumbo.py [line:217] run_bft INFO Node 63 Delivers ACS Block in Round 98 with having 3354 TXs 
2023-03-09 02:42:58,804 dumbo.py [line:219] run_bft INFO ACS Block Delay at Node 63: 14.74495816230774 
2023-03-09 02:42:58,804 dumbo.py [line:220] run_bft INFO Current Block's TPS at Node 63: 227.46758336512391 
2023-03-09 02:43:13,506 dumbo.py [line:217] run_bft INFO Node 63 Delivers ACS Block in Round 99 with having 3354 TXs 
2023-03-09 02:43:13,506 dumbo.py [line:219] run_bft INFO ACS Block Delay at Node 63: 14.702407598495483 
2023-03-09 02:43:13,506 dumbo.py [line:220] run_bft INFO Current Block's TPS at Node 63: 228.12590234154706 
2023-03-09 02:43:13,506 dumbo.py [line:241] run_bft INFO node 63 breaks in 1475.179119 seconds with total delivered Txs 335400 
