2023-03-09 07:41:37,964 dumbo_node.py [line:77] run INFO node 61's starts to run consensus on process id 2906591 
2023-03-09 07:41:37,964 dumbo_node.py [line:59] prepare_bootstrap INFO node id 61 is inserting dummy payload TXs 
2023-03-09 07:41:37,965 dumbo_node.py [line:68] prepare_bootstrap INFO node id 61 just inserts 50000 TXs 
2023-03-09 07:41:37,965 dumbo_node.py [line:68] prepare_bootstrap INFO node id 61 just inserts 50000 TXs 
2023-03-09 07:41:37,965 dumbo_node.py [line:68] prepare_bootstrap INFO node id 61 just inserts 50000 TXs 
2023-03-09 07:41:37,965 dumbo_node.py [line:68] prepare_bootstrap INFO node id 61 just inserts 50000 TXs 
2023-03-09 07:41:37,965 dumbo_node.py [line:68] prepare_bootstrap INFO node id 61 just inserts 50000 TXs 
2023-03-09 07:41:37,965 dumbo_node.py [line:68] prepare_bootstrap INFO node id 61 just inserts 50000 TXs 
2023-03-09 07:41:37,965 dumbo_node.py [line:68] prepare_bootstrap INFO node id 61 just inserts 50000 TXs 
2023-03-09 07:41:37,966 dumbo_node.py [line:68] prepare_bootstrap INFO node id 61 just inserts 50000 TXs 
2023-03-09 07:41:37,966 dumbo_node.py [line:68] prepare_bootstrap INFO node id 61 just inserts 50000 TXs 
2023-03-09 07:41:37,966 dumbo_node.py [line:68] prepare_bootstrap INFO node id 61 just inserts 50000 TXs 
2023-03-09 07:41:37,966 dumbo_node.py [line:68] prepare_bootstrap INFO node id 61 just inserts 50000 TXs 
2023-03-09 07:41:37,966 dumbo_node.py [line:68] prepare_bootstrap INFO node id 61 just inserts 50000 TXs 
2023-03-09 07:41:37,966 dumbo_node.py [line:68] prepare_bootstrap INFO node id 61 just inserts 50000 TXs 
2023-03-09 07:41:37,966 dumbo_node.py [line:68] prepare_bootstrap INFO node id 61 just inserts 50000 TXs 
2023-03-09 07:41:37,966 dumbo_node.py [line:68] prepare_bootstrap INFO node id 61 just inserts 50000 TXs 
2023-03-09 07:41:37,966 dumbo_node.py [line:68] prepare_bootstrap INFO node id 61 just inserts 50000 TXs 
2023-03-09 07:41:37,966 dumbo_node.py [line:68] prepare_bootstrap INFO node id 61 just inserts 50000 TXs 
2023-03-09 07:41:37,967 dumbo_node.py [line:68] prepare_bootstrap INFO node id 61 just inserts 50000 TXs 
2023-03-09 07:41:37,967 dumbo_node.py [line:68] prepare_bootstrap INFO node id 61 just inserts 50000 TXs 
2023-03-09 07:41:37,967 dumbo_node.py [line:68] prepare_bootstrap INFO node id 61 just inserts 50000 TXs 
2023-03-09 07:41:37,967 dumbo_node.py [line:68] prepare_bootstrap INFO node id 61 just inserts 50000 TXs 
2023-03-09 07:41:37,967 dumbo_node.py [line:68] prepare_bootstrap INFO node id 61 just inserts 50000 TXs 
2023-03-09 07:41:37,967 dumbo_node.py [line:68] prepare_bootstrap INFO node id 61 just inserts 50000 TXs 
2023-03-09 07:41:37,967 dumbo_node.py [line:68] prepare_bootstrap INFO node id 61 just inserts 50000 TXs 
2023-03-09 07:41:37,967 dumbo_node.py [line:68] prepare_bootstrap INFO node id 61 just inserts 50000 TXs 
2023-03-09 07:41:37,967 dumbo_node.py [line:68] prepare_bootstrap INFO node id 61 just inserts 50000 TXs 
2023-03-09 07:41:37,968 dumbo_node.py [line:68] prepare_bootstrap INFO node id 61 just inserts 50000 TXs 
2023-03-09 07:41:37,968 dumbo_node.py [line:68] prepare_bootstrap INFO node id 61 just inserts 50000 TXs 
2023-03-09 07:41:37,968 dumbo_node.py [line:68] prepare_bootstrap INFO node id 61 just inserts 50000 TXs 
2023-03-09 07:41:37,968 dumbo_node.py [line:68] prepare_bootstrap INFO node id 61 just inserts 50000 TXs 
2023-03-09 07:41:37,968 dumbo_node.py [line:68] prepare_bootstrap INFO node id 61 just inserts 50000 TXs 
2023-03-09 07:41:37,968 dumbo_node.py [line:68] prepare_bootstrap INFO node id 61 just inserts 50000 TXs 
2023-03-09 07:41:37,968 dumbo_node.py [line:68] prepare_bootstrap INFO node id 61 just inserts 50000 TXs 
2023-03-09 07:41:37,968 dumbo_node.py [line:68] prepare_bootstrap INFO node id 61 just inserts 50000 TXs 
2023-03-09 07:41:37,968 dumbo_node.py [line:68] prepare_bootstrap INFO node id 61 just inserts 50000 TXs 
2023-03-09 07:41:37,968 dumbo_node.py [line:68] prepare_bootstrap INFO node id 61 just inserts 50000 TXs 
2023-03-09 07:41:37,969 dumbo_node.py [line:68] prepare_bootstrap INFO node id 61 just inserts 50000 TXs 
2023-03-09 07:41:37,969 dumbo_node.py [line:68] prepare_bootstrap INFO node id 61 just inserts 50000 TXs 
2023-03-09 07:41:37,969 dumbo_node.py [line:68] prepare_bootstrap INFO node id 61 just inserts 50000 TXs 
2023-03-09 07:41:37,969 dumbo_node.py [line:68] prepare_bootstrap INFO node id 61 just inserts 50000 TXs 
2023-03-09 07:41:37,969 dumbo_node.py [line:68] prepare_bootstrap INFO node id 61 just inserts 50000 TXs 
2023-03-09 07:41:37,969 dumbo_node.py [line:68] prepare_bootstrap INFO node id 61 just inserts 50000 TXs 
2023-03-09 07:41:37,969 dumbo_node.py [line:68] prepare_bootstrap INFO node id 61 just inserts 50000 TXs 
2023-03-09 07:41:37,969 dumbo_node.py [line:68] prepare_bootstrap INFO node id 61 just inserts 50000 TXs 
2023-03-09 07:41:37,969 dumbo_node.py [line:68] prepare_bootstrap INFO node id 61 just inserts 50000 TXs 
2023-03-09 07:41:37,969 dumbo_node.py [line:68] prepare_bootstrap INFO node id 61 just inserts 50000 TXs 
2023-03-09 07:41:37,970 dumbo_node.py [line:68] prepare_bootstrap INFO node id 61 just inserts 50000 TXs 
2023-03-09 07:41:37,970 dumbo_node.py [line:68] prepare_bootstrap INFO node id 61 just inserts 50000 TXs 
2023-03-09 07:41:37,970 dumbo_node.py [line:68] prepare_bootstrap INFO node id 61 just inserts 50000 TXs 
2023-03-09 07:41:37,970 dumbo_node.py [line:68] prepare_bootstrap INFO node id 61 just inserts 50000 TXs 
2023-03-09 07:41:37,970 dumbo_node.py [line:68] prepare_bootstrap INFO node id 61 just inserts 50000 TXs 
2023-03-09 07:41:37,970 dumbo_node.py [line:68] prepare_bootstrap INFO node id 61 just inserts 50000 TXs 
2023-03-09 07:41:37,970 dumbo_node.py [line:68] prepare_bootstrap INFO node id 61 just inserts 50000 TXs 
2023-03-09 07:41:37,970 dumbo_node.py [line:68] prepare_bootstrap INFO node id 61 just inserts 50000 TXs 
2023-03-09 07:41:37,970 dumbo_node.py [line:68] prepare_bootstrap INFO node id 61 just inserts 50000 TXs 
2023-03-09 07:41:37,971 dumbo_node.py [line:68] prepare_bootstrap INFO node id 61 just inserts 50000 TXs 
2023-03-09 07:41:37,971 dumbo_node.py [line:68] prepare_bootstrap INFO node id 61 just inserts 50000 TXs 
2023-03-09 07:41:37,971 dumbo_node.py [line:68] prepare_bootstrap INFO node id 61 just inserts 50000 TXs 
2023-03-09 07:41:37,971 dumbo_node.py [line:68] prepare_bootstrap INFO node id 61 just inserts 50000 TXs 
2023-03-09 07:41:37,971 dumbo_node.py [line:68] prepare_bootstrap INFO node id 61 just inserts 50000 TXs 
2023-03-09 07:41:37,971 dumbo_node.py [line:68] prepare_bootstrap INFO node id 61 just inserts 50000 TXs 
2023-03-09 07:41:37,971 dumbo_node.py [line:68] prepare_bootstrap INFO node id 61 just inserts 50000 TXs 
2023-03-09 07:41:37,971 dumbo_node.py [line:68] prepare_bootstrap INFO node id 61 just inserts 50000 TXs 
2023-03-09 07:41:37,971 dumbo_node.py [line:68] prepare_bootstrap INFO node id 61 just inserts 50000 TXs 
2023-03-09 07:41:37,971 dumbo_node.py [line:68] prepare_bootstrap INFO node id 61 just inserts 50000 TXs 
2023-03-09 07:41:37,972 dumbo_node.py [line:68] prepare_bootstrap INFO node id 61 just inserts 50000 TXs 
2023-03-09 07:41:37,972 dumbo_node.py [line:68] prepare_bootstrap INFO node id 61 just inserts 50000 TXs 
2023-03-09 07:41:37,972 dumbo_node.py [line:68] prepare_bootstrap INFO node id 61 just inserts 50000 TXs 
2023-03-09 07:41:37,972 dumbo_node.py [line:68] prepare_bootstrap INFO node id 61 just inserts 50000 TXs 
2023-03-09 07:41:37,972 dumbo_node.py [line:68] prepare_bootstrap INFO node id 61 just inserts 50000 TXs 
2023-03-09 07:41:37,972 dumbo_node.py [line:68] prepare_bootstrap INFO node id 61 just inserts 50000 TXs 
2023-03-09 07:41:37,972 dumbo_node.py [line:68] prepare_bootstrap INFO node id 61 just inserts 50000 TXs 
2023-03-09 07:41:37,972 dumbo_node.py [line:68] prepare_bootstrap INFO node id 61 just inserts 50000 TXs 
2023-03-09 07:41:37,973 dumbo_node.py [line:68] prepare_bootstrap INFO node id 61 just inserts 50000 TXs 
2023-03-09 07:41:37,973 dumbo_node.py [line:68] prepare_bootstrap INFO node id 61 just inserts 50000 TXs 
2023-03-09 07:41:37,973 dumbo_node.py [line:68] prepare_bootstrap INFO node id 61 just inserts 50000 TXs 
2023-03-09 07:41:37,973 dumbo_node.py [line:68] prepare_bootstrap INFO node id 61 just inserts 50000 TXs 
2023-03-09 07:41:37,973 dumbo_node.py [line:68] prepare_bootstrap INFO node id 61 just inserts 50000 TXs 
2023-03-09 07:41:37,973 dumbo_node.py [line:68] prepare_bootstrap INFO node id 61 just inserts 50000 TXs 
2023-03-09 07:41:37,974 dumbo_node.py [line:68] prepare_bootstrap INFO node id 61 just inserts 50000 TXs 
2023-03-09 07:41:37,974 dumbo_node.py [line:68] prepare_bootstrap INFO node id 61 just inserts 50000 TXs 
2023-03-09 07:41:37,974 dumbo_node.py [line:68] prepare_bootstrap INFO node id 61 just inserts 50000 TXs 
2023-03-09 07:41:37,974 dumbo_node.py [line:68] prepare_bootstrap INFO node id 61 just inserts 50000 TXs 
2023-03-09 07:41:37,974 dumbo_node.py [line:68] prepare_bootstrap INFO node id 61 just inserts 50000 TXs 
2023-03-09 07:41:37,975 dumbo_node.py [line:68] prepare_bootstrap INFO node id 61 just inserts 50000 TXs 
2023-03-09 07:41:37,975 dumbo_node.py [line:68] prepare_bootstrap INFO node id 61 just inserts 50000 TXs 
2023-03-09 07:41:37,975 dumbo_node.py [line:68] prepare_bootstrap INFO node id 61 just inserts 50000 TXs 
2023-03-09 07:41:37,975 dumbo_node.py [line:68] prepare_bootstrap INFO node id 61 just inserts 50000 TXs 
2023-03-09 07:41:37,975 dumbo_node.py [line:68] prepare_bootstrap INFO node id 61 just inserts 50000 TXs 
2023-03-09 07:41:37,975 dumbo_node.py [line:68] prepare_bootstrap INFO node id 61 just inserts 50000 TXs 
2023-03-09 07:41:37,975 dumbo_node.py [line:68] prepare_bootstrap INFO node id 61 just inserts 50000 TXs 
2023-03-09 07:41:37,975 dumbo_node.py [line:68] prepare_bootstrap INFO node id 61 just inserts 50000 TXs 
2023-03-09 07:41:37,975 dumbo_node.py [line:68] prepare_bootstrap INFO node id 61 just inserts 50000 TXs 
2023-03-09 07:41:37,976 dumbo_node.py [line:68] prepare_bootstrap INFO node id 61 just inserts 50000 TXs 
2023-03-09 07:41:37,976 dumbo_node.py [line:68] prepare_bootstrap INFO node id 61 just inserts 50000 TXs 
2023-03-09 07:41:37,976 dumbo_node.py [line:68] prepare_bootstrap INFO node id 61 just inserts 50000 TXs 
2023-03-09 07:41:37,976 dumbo_node.py [line:68] prepare_bootstrap INFO node id 61 just inserts 50000 TXs 
2023-03-09 07:41:37,976 dumbo_node.py [line:68] prepare_bootstrap INFO node id 61 just inserts 50000 TXs 
2023-03-09 07:41:37,976 dumbo_node.py [line:68] prepare_bootstrap INFO node id 61 just inserts 50000 TXs 
2023-03-09 07:41:37,976 dumbo_node.py [line:68] prepare_bootstrap INFO node id 61 just inserts 50000 TXs 
2023-03-09 07:41:37,976 dumbo_node.py [line:72] prepare_bootstrap INFO node id 61 completed the loading of dummy TXs 
2023-03-09 07:41:37,976 dumbo.py [line:179] run_bft INFO Node 61 starts to run at time:1678347697.9766307 
2023-03-09 07:41:43,435 dumbo.py [line:217] run_bft INFO Node 61 Delivers ACS Block in Round 0 with having 3354 TXs 
2023-03-09 07:41:43,436 dumbo.py [line:219] run_bft INFO ACS Block Delay at Node 61: 5.4595489501953125 
2023-03-09 07:41:43,436 dumbo.py [line:220] run_bft INFO Current Block's TPS at Node 61: 614.3364645315639 
2023-03-09 07:41:48,517 dumbo.py [line:217] run_bft INFO Node 61 Delivers ACS Block in Round 1 with having 3354 TXs 
2023-03-09 07:41:48,517 dumbo.py [line:219] run_bft INFO ACS Block Delay at Node 61: 5.081270456314087 
2023-03-09 07:41:48,517 dumbo.py [line:220] run_bft INFO Current Block's TPS at Node 61: 660.0711433953005 
2023-03-09 07:41:53,615 dumbo.py [line:217] run_bft INFO Node 61 Delivers ACS Block in Round 2 with having 3354 TXs 
2023-03-09 07:41:53,615 dumbo.py [line:219] run_bft INFO ACS Block Delay at Node 61: 5.098029613494873 
2023-03-09 07:41:53,615 dumbo.py [line:220] run_bft INFO Current Block's TPS at Node 61: 657.9012391614411 
2023-03-09 07:41:58,738 dumbo.py [line:217] run_bft INFO Node 61 Delivers ACS Block in Round 3 with having 3354 TXs 
2023-03-09 07:41:58,739 dumbo.py [line:219] run_bft INFO ACS Block Delay at Node 61: 5.123189210891724 
2023-03-09 07:41:58,739 dumbo.py [line:220] run_bft INFO Current Block's TPS at Node 61: 654.6703355928202 
2023-03-09 07:42:03,938 dumbo.py [line:217] run_bft INFO Node 61 Delivers ACS Block in Round 4 with having 3354 TXs 
2023-03-09 07:42:03,938 dumbo.py [line:219] run_bft INFO ACS Block Delay at Node 61: 5.199615001678467 
2023-03-09 07:42:03,938 dumbo.py [line:220] run_bft INFO Current Block's TPS at Node 61: 645.0477581354213 
2023-03-09 07:42:09,177 dumbo.py [line:217] run_bft INFO Node 61 Delivers ACS Block in Round 5 with having 3354 TXs 
2023-03-09 07:42:09,177 dumbo.py [line:219] run_bft INFO ACS Block Delay at Node 61: 5.238532304763794 
2023-03-09 07:42:09,177 dumbo.py [line:220] run_bft INFO Current Block's TPS at Node 61: 640.2556679759241 
2023-03-09 07:42:14,354 dumbo.py [line:217] run_bft INFO Node 61 Delivers ACS Block in Round 6 with having 3354 TXs 
2023-03-09 07:42:14,355 dumbo.py [line:219] run_bft INFO ACS Block Delay at Node 61: 5.177837610244751 
2023-03-09 07:42:14,355 dumbo.py [line:220] run_bft INFO Current Block's TPS at Node 61: 647.7607550618916 
2023-03-09 07:42:19,546 dumbo.py [line:217] run_bft INFO Node 61 Delivers ACS Block in Round 7 with having 3354 TXs 
2023-03-09 07:42:19,547 dumbo.py [line:219] run_bft INFO ACS Block Delay at Node 61: 5.1916303634643555 
2023-03-09 07:42:19,547 dumbo.py [line:220] run_bft INFO Current Block's TPS at Node 61: 646.039830493997 
2023-03-09 07:42:24,599 dumbo.py [line:217] run_bft INFO Node 61 Delivers ACS Block in Round 8 with having 3354 TXs 
2023-03-09 07:42:24,599 dumbo.py [line:219] run_bft INFO ACS Block Delay at Node 61: 5.052229404449463 
2023-03-09 07:42:24,599 dumbo.py [line:220] run_bft INFO Current Block's TPS at Node 61: 663.8653417135326 
2023-03-09 07:42:29,763 dumbo.py [line:217] run_bft INFO Node 61 Delivers ACS Block in Round 9 with having 3354 TXs 
2023-03-09 07:42:29,763 dumbo.py [line:219] run_bft INFO ACS Block Delay at Node 61: 5.164538383483887 
2023-03-09 07:42:29,763 dumbo.py [line:220] run_bft INFO Current Block's TPS at Node 61: 649.428806788626 
2023-03-09 07:42:35,066 dumbo.py [line:217] run_bft INFO Node 61 Delivers ACS Block in Round 10 with having 3354 TXs 
2023-03-09 07:42:35,066 dumbo.py [line:219] run_bft INFO ACS Block Delay at Node 61: 5.302292346954346 
2023-03-09 07:42:35,066 dumbo.py [line:220] run_bft INFO Current Block's TPS at Node 61: 632.5565963797807 
2023-03-09 07:42:40,309 dumbo.py [line:217] run_bft INFO Node 61 Delivers ACS Block in Round 11 with having 3354 TXs 
2023-03-09 07:42:40,309 dumbo.py [line:219] run_bft INFO ACS Block Delay at Node 61: 5.242951154708862 
2023-03-09 07:42:40,309 dumbo.py [line:220] run_bft INFO Current Block's TPS at Node 61: 639.7160494214532 
2023-03-09 07:42:45,489 dumbo.py [line:217] run_bft INFO Node 61 Delivers ACS Block in Round 12 with having 3354 TXs 
2023-03-09 07:42:45,489 dumbo.py [line:219] run_bft INFO ACS Block Delay at Node 61: 5.179912090301514 
2023-03-09 07:42:45,489 dumbo.py [line:220] run_bft INFO Current Block's TPS at Node 61: 647.5013362253353 
2023-03-09 07:42:50,591 dumbo.py [line:217] run_bft INFO Node 61 Delivers ACS Block in Round 13 with having 3354 TXs 
2023-03-09 07:42:50,591 dumbo.py [line:219] run_bft INFO ACS Block Delay at Node 61: 5.102150201797485 
2023-03-09 07:42:50,591 dumbo.py [line:220] run_bft INFO Current Block's TPS at Node 61: 657.3699062835091 
2023-03-09 07:42:55,608 dumbo.py [line:217] run_bft INFO Node 61 Delivers ACS Block in Round 14 with having 3354 TXs 
2023-03-09 07:42:55,608 dumbo.py [line:219] run_bft INFO ACS Block Delay at Node 61: 5.016705513000488 
2023-03-09 07:42:55,608 dumbo.py [line:220] run_bft INFO Current Block's TPS at Node 61: 668.5662515585801 
2023-03-09 07:43:00,862 dumbo.py [line:217] run_bft INFO Node 61 Delivers ACS Block in Round 15 with having 3354 TXs 
2023-03-09 07:43:00,862 dumbo.py [line:219] run_bft INFO ACS Block Delay at Node 61: 5.254531383514404 
2023-03-09 07:43:00,863 dumbo.py [line:220] run_bft INFO Current Block's TPS at Node 61: 638.3062075759711 
2023-03-09 07:43:06,226 dumbo.py [line:217] run_bft INFO Node 61 Delivers ACS Block in Round 16 with having 3354 TXs 
2023-03-09 07:43:06,226 dumbo.py [line:219] run_bft INFO ACS Block Delay at Node 61: 5.363487243652344 
2023-03-09 07:43:06,226 dumbo.py [line:220] run_bft INFO Current Block's TPS at Node 61: 625.3394196041837 
2023-03-09 07:43:11,316 dumbo.py [line:217] run_bft INFO Node 61 Delivers ACS Block in Round 17 with having 3354 TXs 
2023-03-09 07:43:11,316 dumbo.py [line:219] run_bft INFO ACS Block Delay at Node 61: 5.089818477630615 
2023-03-09 07:43:11,316 dumbo.py [line:220] run_bft INFO Current Block's TPS at Node 61: 658.9625965524287 
2023-03-09 07:43:16,448 dumbo.py [line:217] run_bft INFO Node 61 Delivers ACS Block in Round 18 with having 3354 TXs 
2023-03-09 07:43:16,448 dumbo.py [line:219] run_bft INFO ACS Block Delay at Node 61: 5.131747007369995 
2023-03-09 07:43:16,448 dumbo.py [line:220] run_bft INFO Current Block's TPS at Node 61: 653.5785952002561 
2023-03-09 07:43:21,554 dumbo.py [line:217] run_bft INFO Node 61 Delivers ACS Block in Round 19 with having 3354 TXs 
2023-03-09 07:43:21,554 dumbo.py [line:219] run_bft INFO ACS Block Delay at Node 61: 5.1063737869262695 
2023-03-09 07:43:21,554 dumbo.py [line:220] run_bft INFO Current Block's TPS at Node 61: 656.8261823267165 
2023-03-09 07:43:26,771 dumbo.py [line:217] run_bft INFO Node 61 Delivers ACS Block in Round 20 with having 3354 TXs 
2023-03-09 07:43:26,771 dumbo.py [line:219] run_bft INFO ACS Block Delay at Node 61: 5.216962814331055 
2023-03-09 07:43:26,772 dumbo.py [line:220] run_bft INFO Current Block's TPS at Node 61: 642.9027998410348 
2023-03-09 07:43:31,905 dumbo.py [line:217] run_bft INFO Node 61 Delivers ACS Block in Round 21 with having 3354 TXs 
2023-03-09 07:43:31,905 dumbo.py [line:219] run_bft INFO ACS Block Delay at Node 61: 5.133815765380859 
2023-03-09 07:43:31,905 dumbo.py [line:220] run_bft INFO Current Block's TPS at Node 61: 653.3152246360712 
2023-03-09 07:43:37,082 dumbo.py [line:217] run_bft INFO Node 61 Delivers ACS Block in Round 22 with having 3354 TXs 
2023-03-09 07:43:37,082 dumbo.py [line:219] run_bft INFO ACS Block Delay at Node 61: 5.176600456237793 
2023-03-09 07:43:37,082 dumbo.py [line:220] run_bft INFO Current Block's TPS at Node 61: 647.9155631875041 
2023-03-09 07:43:42,497 dumbo.py [line:217] run_bft INFO Node 61 Delivers ACS Block in Round 23 with having 3354 TXs 
2023-03-09 07:43:42,497 dumbo.py [line:219] run_bft INFO ACS Block Delay at Node 61: 5.414790153503418 
2023-03-09 07:43:42,497 dumbo.py [line:220] run_bft INFO Current Block's TPS at Node 61: 619.4145857766864 
2023-03-09 07:43:47,620 dumbo.py [line:217] run_bft INFO Node 61 Delivers ACS Block in Round 24 with having 3354 TXs 
2023-03-09 07:43:47,620 dumbo.py [line:219] run_bft INFO ACS Block Delay at Node 61: 5.1227052211761475 
2023-03-09 07:43:47,620 dumbo.py [line:220] run_bft INFO Current Block's TPS at Node 61: 654.7321884021932 
2023-03-09 07:43:54,649 dumbo.py [line:217] run_bft INFO Node 61 Delivers ACS Block in Round 25 with having 3354 TXs 
2023-03-09 07:43:54,649 dumbo.py [line:219] run_bft INFO ACS Block Delay at Node 61: 7.029487609863281 
2023-03-09 07:43:54,649 dumbo.py [line:220] run_bft INFO Current Block's TPS at Node 61: 477.1329271985491 
2023-03-09 07:44:00,076 dumbo.py [line:217] run_bft INFO Node 61 Delivers ACS Block in Round 26 with having 3354 TXs 
2023-03-09 07:44:00,076 dumbo.py [line:219] run_bft INFO ACS Block Delay at Node 61: 5.426739454269409 
2023-03-09 07:44:00,076 dumbo.py [line:220] run_bft INFO Current Block's TPS at Node 61: 618.0506781767989 
2023-03-09 07:44:05,348 dumbo.py [line:217] run_bft INFO Node 61 Delivers ACS Block in Round 27 with having 3354 TXs 
2023-03-09 07:44:05,349 dumbo.py [line:219] run_bft INFO ACS Block Delay at Node 61: 5.27230167388916 
2023-03-09 07:44:05,349 dumbo.py [line:220] run_bft INFO Current Block's TPS at Node 61: 636.1547967959679 
2023-03-09 07:44:10,361 dumbo.py [line:217] run_bft INFO Node 61 Delivers ACS Block in Round 28 with having 3354 TXs 
2023-03-09 07:44:10,361 dumbo.py [line:219] run_bft INFO ACS Block Delay at Node 61: 5.012333631515503 
2023-03-09 07:44:10,361 dumbo.py [line:220] run_bft INFO Current Block's TPS at Node 61: 669.1493915950488 
2023-03-09 07:44:15,449 dumbo.py [line:217] run_bft INFO Node 61 Delivers ACS Block in Round 29 with having 3354 TXs 
2023-03-09 07:44:15,449 dumbo.py [line:219] run_bft INFO ACS Block Delay at Node 61: 5.088261365890503 
2023-03-09 07:44:15,449 dumbo.py [line:220] run_bft INFO Current Block's TPS at Node 61: 659.16425254484 
2023-03-09 07:44:20,657 dumbo.py [line:217] run_bft INFO Node 61 Delivers ACS Block in Round 30 with having 3354 TXs 
2023-03-09 07:44:20,657 dumbo.py [line:219] run_bft INFO ACS Block Delay at Node 61: 5.207431793212891 
2023-03-09 07:44:20,657 dumbo.py [line:220] run_bft INFO Current Block's TPS at Node 61: 644.0794873917384 
2023-03-09 07:44:25,923 dumbo.py [line:217] run_bft INFO Node 61 Delivers ACS Block in Round 31 with having 3354 TXs 
2023-03-09 07:44:25,923 dumbo.py [line:219] run_bft INFO ACS Block Delay at Node 61: 5.265960216522217 
2023-03-09 07:44:25,923 dumbo.py [line:220] run_bft INFO Current Block's TPS at Node 61: 636.920877122591 
2023-03-09 07:44:30,942 dumbo.py [line:217] run_bft INFO Node 61 Delivers ACS Block in Round 32 with having 3354 TXs 
2023-03-09 07:44:30,942 dumbo.py [line:219] run_bft INFO ACS Block Delay at Node 61: 5.019107341766357 
2023-03-09 07:44:30,942 dumbo.py [line:220] run_bft INFO Current Block's TPS at Node 61: 668.2463178441683 
2023-03-09 07:44:36,145 dumbo.py [line:217] run_bft INFO Node 61 Delivers ACS Block in Round 33 with having 3354 TXs 
2023-03-09 07:44:36,145 dumbo.py [line:219] run_bft INFO ACS Block Delay at Node 61: 5.202875137329102 
2023-03-09 07:44:36,145 dumbo.py [line:220] run_bft INFO Current Block's TPS at Node 61: 644.6435694633598 
2023-03-09 07:44:41,438 dumbo.py [line:217] run_bft INFO Node 61 Delivers ACS Block in Round 34 with having 3354 TXs 
2023-03-09 07:44:41,438 dumbo.py [line:219] run_bft INFO ACS Block Delay at Node 61: 5.293311834335327 
2023-03-09 07:44:41,438 dumbo.py [line:220] run_bft INFO Current Block's TPS at Node 61: 633.6297775324919 
2023-03-09 07:44:46,616 dumbo.py [line:217] run_bft INFO Node 61 Delivers ACS Block in Round 35 with having 3354 TXs 
2023-03-09 07:44:46,616 dumbo.py [line:219] run_bft INFO ACS Block Delay at Node 61: 5.177579879760742 
2023-03-09 07:44:46,616 dumbo.py [line:220] run_bft INFO Current Block's TPS at Node 61: 647.7929994109505 
2023-03-09 07:44:51,824 dumbo.py [line:217] run_bft INFO Node 61 Delivers ACS Block in Round 36 with having 3354 TXs 
2023-03-09 07:44:51,824 dumbo.py [line:219] run_bft INFO ACS Block Delay at Node 61: 5.208020925521851 
2023-03-09 07:44:51,824 dumbo.py [line:220] run_bft INFO Current Block's TPS at Node 61: 644.0066289986968 
2023-03-09 07:44:57,092 dumbo.py [line:217] run_bft INFO Node 61 Delivers ACS Block in Round 37 with having 3354 TXs 
2023-03-09 07:44:57,092 dumbo.py [line:219] run_bft INFO ACS Block Delay at Node 61: 5.267798185348511 
2023-03-09 07:44:57,092 dumbo.py [line:220] run_bft INFO Current Block's TPS at Node 61: 636.6986513129116 
2023-03-09 07:45:02,174 dumbo.py [line:217] run_bft INFO Node 61 Delivers ACS Block in Round 38 with having 3354 TXs 
2023-03-09 07:45:02,175 dumbo.py [line:219] run_bft INFO ACS Block Delay at Node 61: 5.082369565963745 
2023-03-09 07:45:02,175 dumbo.py [line:220] run_bft INFO Current Block's TPS at Node 61: 659.9283968764277 
2023-03-09 07:45:07,404 dumbo.py [line:217] run_bft INFO Node 61 Delivers ACS Block in Round 39 with having 3354 TXs 
2023-03-09 07:45:07,404 dumbo.py [line:219] run_bft INFO ACS Block Delay at Node 61: 5.229072093963623 
2023-03-09 07:45:07,404 dumbo.py [line:220] run_bft INFO Current Block's TPS at Node 61: 641.4139908057142 
2023-03-09 07:45:12,523 dumbo.py [line:217] run_bft INFO Node 61 Delivers ACS Block in Round 40 with having 3354 TXs 
2023-03-09 07:45:12,523 dumbo.py [line:219] run_bft INFO ACS Block Delay at Node 61: 5.118961334228516 
2023-03-09 07:45:12,523 dumbo.py [line:220] run_bft INFO Current Block's TPS at Node 61: 655.2110440008794 
2023-03-09 07:45:17,850 dumbo.py [line:217] run_bft INFO Node 61 Delivers ACS Block in Round 41 with having 3354 TXs 
2023-03-09 07:45:17,850 dumbo.py [line:219] run_bft INFO ACS Block Delay at Node 61: 5.327153921127319 
2023-03-09 07:45:17,850 dumbo.py [line:220] run_bft INFO Current Block's TPS at Node 61: 629.6044848071961 
2023-03-09 07:45:23,036 dumbo.py [line:217] run_bft INFO Node 61 Delivers ACS Block in Round 42 with having 3354 TXs 
2023-03-09 07:45:23,036 dumbo.py [line:219] run_bft INFO ACS Block Delay at Node 61: 5.186009168624878 
2023-03-09 07:45:23,036 dumbo.py [line:220] run_bft INFO Current Block's TPS at Node 61: 646.7400829700705 
2023-03-09 07:45:28,199 dumbo.py [line:217] run_bft INFO Node 61 Delivers ACS Block in Round 43 with having 3354 TXs 
2023-03-09 07:45:28,199 dumbo.py [line:219] run_bft INFO ACS Block Delay at Node 61: 5.163049936294556 
2023-03-09 07:45:28,199 dumbo.py [line:220] run_bft INFO Current Block's TPS at Node 61: 649.6160295530893 
2023-03-09 07:45:33,342 dumbo.py [line:217] run_bft INFO Node 61 Delivers ACS Block in Round 44 with having 3354 TXs 
2023-03-09 07:45:33,342 dumbo.py [line:219] run_bft INFO ACS Block Delay at Node 61: 5.1430888175964355 
2023-03-09 07:45:33,342 dumbo.py [line:220] run_bft INFO Current Block's TPS at Node 61: 652.1372892734631 
2023-03-09 07:45:38,570 dumbo.py [line:217] run_bft INFO Node 61 Delivers ACS Block in Round 45 with having 3354 TXs 
2023-03-09 07:45:38,571 dumbo.py [line:219] run_bft INFO ACS Block Delay at Node 61: 5.228014945983887 
2023-03-09 07:45:38,571 dumbo.py [line:220] run_bft INFO Current Block's TPS at Node 61: 641.5436900341136 
2023-03-09 07:45:43,783 dumbo.py [line:217] run_bft INFO Node 61 Delivers ACS Block in Round 46 with having 3354 TXs 
2023-03-09 07:45:43,784 dumbo.py [line:219] run_bft INFO ACS Block Delay at Node 61: 5.2129576206207275 
2023-03-09 07:45:43,784 dumbo.py [line:220] run_bft INFO Current Block's TPS at Node 61: 643.3967517274053 
2023-03-09 07:45:49,066 dumbo.py [line:217] run_bft INFO Node 61 Delivers ACS Block in Round 47 with having 3354 TXs 
2023-03-09 07:45:49,066 dumbo.py [line:219] run_bft INFO ACS Block Delay at Node 61: 5.282469987869263 
2023-03-09 07:45:49,066 dumbo.py [line:220] run_bft INFO Current Block's TPS at Node 61: 634.9302518901521 
2023-03-09 07:45:54,225 dumbo.py [line:217] run_bft INFO Node 61 Delivers ACS Block in Round 48 with having 3354 TXs 
2023-03-09 07:45:54,225 dumbo.py [line:219] run_bft INFO ACS Block Delay at Node 61: 5.159201383590698 
2023-03-09 07:45:54,225 dumbo.py [line:220] run_bft INFO Current Block's TPS at Node 61: 650.1006164767472 
2023-03-09 07:45:59,336 dumbo.py [line:217] run_bft INFO Node 61 Delivers ACS Block in Round 49 with having 3354 TXs 
2023-03-09 07:45:59,337 dumbo.py [line:219] run_bft INFO ACS Block Delay at Node 61: 5.111114501953125 
2023-03-09 07:45:59,337 dumbo.py [line:220] run_bft INFO Current Block's TPS at Node 61: 656.2169559532126 
2023-03-09 07:46:04,596 dumbo.py [line:217] run_bft INFO Node 61 Delivers ACS Block in Round 50 with having 3354 TXs 
2023-03-09 07:46:04,596 dumbo.py [line:219] run_bft INFO ACS Block Delay at Node 61: 5.259740114212036 
2023-03-09 07:46:04,596 dumbo.py [line:220] run_bft INFO Current Block's TPS at Node 61: 637.6740917174506 
2023-03-09 07:46:09,822 dumbo.py [line:217] run_bft INFO Node 61 Delivers ACS Block in Round 51 with having 3354 TXs 
2023-03-09 07:46:09,823 dumbo.py [line:219] run_bft INFO ACS Block Delay at Node 61: 5.226104974746704 
2023-03-09 07:46:09,823 dumbo.py [line:220] run_bft INFO Current Block's TPS at Node 61: 641.7781533679506 
2023-03-09 07:46:15,094 dumbo.py [line:217] run_bft INFO Node 61 Delivers ACS Block in Round 52 with having 3354 TXs 
2023-03-09 07:46:15,095 dumbo.py [line:219] run_bft INFO ACS Block Delay at Node 61: 5.272039890289307 
2023-03-09 07:46:15,095 dumbo.py [line:220] run_bft INFO Current Block's TPS at Node 61: 636.1863851178006 
2023-03-09 07:46:20,322 dumbo.py [line:217] run_bft INFO Node 61 Delivers ACS Block in Round 53 with having 3354 TXs 
2023-03-09 07:46:20,323 dumbo.py [line:219] run_bft INFO ACS Block Delay at Node 61: 5.227788686752319 
2023-03-09 07:46:20,323 dumbo.py [line:220] run_bft INFO Current Block's TPS at Node 61: 641.571456110943 
2023-03-09 07:46:25,510 dumbo.py [line:217] run_bft INFO Node 61 Delivers ACS Block in Round 54 with having 3354 TXs 
2023-03-09 07:46:25,510 dumbo.py [line:219] run_bft INFO ACS Block Delay at Node 61: 5.187053442001343 
2023-03-09 07:46:25,510 dumbo.py [line:220] run_bft INFO Current Block's TPS at Node 61: 646.6098792893702 
2023-03-09 07:46:30,707 dumbo.py [line:217] run_bft INFO Node 61 Delivers ACS Block in Round 55 with having 3354 TXs 
2023-03-09 07:46:30,708 dumbo.py [line:219] run_bft INFO ACS Block Delay at Node 61: 5.197797775268555 
2023-03-09 07:46:30,708 dumbo.py [line:220] run_bft INFO Current Block's TPS at Node 61: 645.2732763014639 
2023-03-09 07:46:35,718 dumbo.py [line:217] run_bft INFO Node 61 Delivers ACS Block in Round 56 with having 3354 TXs 
2023-03-09 07:46:35,718 dumbo.py [line:219] run_bft INFO ACS Block Delay at Node 61: 5.010378837585449 
2023-03-09 07:46:35,718 dumbo.py [line:220] run_bft INFO Current Block's TPS at Node 61: 669.4104595125436 
2023-03-09 07:46:40,958 dumbo.py [line:217] run_bft INFO Node 61 Delivers ACS Block in Round 57 with having 3354 TXs 
2023-03-09 07:46:40,958 dumbo.py [line:219] run_bft INFO ACS Block Delay at Node 61: 5.240143775939941 
2023-03-09 07:46:40,958 dumbo.py [line:220] run_bft INFO Current Block's TPS at Node 61: 640.0587738450711 
2023-03-09 07:46:46,138 dumbo.py [line:217] run_bft INFO Node 61 Delivers ACS Block in Round 58 with having 3354 TXs 
2023-03-09 07:46:46,138 dumbo.py [line:219] run_bft INFO ACS Block Delay at Node 61: 5.179645776748657 
2023-03-09 07:46:46,138 dumbo.py [line:220] run_bft INFO Current Block's TPS at Node 61: 647.5346277647112 
2023-03-09 07:46:51,331 dumbo.py [line:217] run_bft INFO Node 61 Delivers ACS Block in Round 59 with having 3354 TXs 
2023-03-09 07:46:51,331 dumbo.py [line:219] run_bft INFO ACS Block Delay at Node 61: 5.1933276653289795 
2023-03-09 07:46:51,331 dumbo.py [line:220] run_bft INFO Current Block's TPS at Node 61: 645.8286894531111 
2023-03-09 07:46:56,538 dumbo.py [line:217] run_bft INFO Node 61 Delivers ACS Block in Round 60 with having 3354 TXs 
2023-03-09 07:46:56,538 dumbo.py [line:219] run_bft INFO ACS Block Delay at Node 61: 5.207045316696167 
2023-03-09 07:46:56,538 dumbo.py [line:220] run_bft INFO Current Block's TPS at Node 61: 644.1272921604011 
2023-03-09 07:47:01,817 dumbo.py [line:217] run_bft INFO Node 61 Delivers ACS Block in Round 61 with having 3354 TXs 
2023-03-09 07:47:01,817 dumbo.py [line:219] run_bft INFO ACS Block Delay at Node 61: 5.278712511062622 
2023-03-09 07:47:01,817 dumbo.py [line:220] run_bft INFO Current Block's TPS at Node 61: 635.3822059775006 
2023-03-09 07:47:07,038 dumbo.py [line:217] run_bft INFO Node 61 Delivers ACS Block in Round 62 with having 3354 TXs 
2023-03-09 07:47:07,038 dumbo.py [line:219] run_bft INFO ACS Block Delay at Node 61: 5.2210893630981445 
2023-03-09 07:47:07,038 dumbo.py [line:220] run_bft INFO Current Block's TPS at Node 61: 642.3946741278852 
2023-03-09 07:47:12,385 dumbo.py [line:217] run_bft INFO Node 61 Delivers ACS Block in Round 63 with having 3354 TXs 
2023-03-09 07:47:12,386 dumbo.py [line:219] run_bft INFO ACS Block Delay at Node 61: 5.3470869064331055 
2023-03-09 07:47:12,386 dumbo.py [line:220] run_bft INFO Current Block's TPS at Node 61: 627.2574316988914 
2023-03-09 07:47:17,440 dumbo.py [line:217] run_bft INFO Node 61 Delivers ACS Block in Round 64 with having 3354 TXs 
2023-03-09 07:47:17,441 dumbo.py [line:219] run_bft INFO ACS Block Delay at Node 61: 5.054795265197754 
2023-03-09 07:47:17,441 dumbo.py [line:220] run_bft INFO Current Block's TPS at Node 61: 663.5283575365114 
2023-03-09 07:47:22,716 dumbo.py [line:217] run_bft INFO Node 61 Delivers ACS Block in Round 65 with having 3354 TXs 
2023-03-09 07:47:22,716 dumbo.py [line:219] run_bft INFO ACS Block Delay at Node 61: 5.27513861656189 
2023-03-09 07:47:22,716 dumbo.py [line:220] run_bft INFO Current Block's TPS at Node 61: 635.8126759872699 
2023-03-09 07:47:27,839 dumbo.py [line:217] run_bft INFO Node 61 Delivers ACS Block in Round 66 with having 3354 TXs 
2023-03-09 07:47:27,839 dumbo.py [line:219] run_bft INFO ACS Block Delay at Node 61: 5.123556852340698 
2023-03-09 07:47:27,839 dumbo.py [line:220] run_bft INFO Current Block's TPS at Node 61: 654.6233596427693 
2023-03-09 07:47:33,032 dumbo.py [line:217] run_bft INFO Node 61 Delivers ACS Block in Round 67 with having 3354 TXs 
2023-03-09 07:47:33,032 dumbo.py [line:219] run_bft INFO ACS Block Delay at Node 61: 5.192943334579468 
2023-03-09 07:47:33,032 dumbo.py [line:220] run_bft INFO Current Block's TPS at Node 61: 645.8764873604406 
2023-03-09 07:47:38,329 dumbo.py [line:217] run_bft INFO Node 61 Delivers ACS Block in Round 68 with having 3354 TXs 
2023-03-09 07:47:38,329 dumbo.py [line:219] run_bft INFO ACS Block Delay at Node 61: 5.296365737915039 
2023-03-09 07:47:38,329 dumbo.py [line:220] run_bft INFO Current Block's TPS at Node 61: 633.2644243183122 
2023-03-09 07:47:43,489 dumbo.py [line:217] run_bft INFO Node 61 Delivers ACS Block in Round 69 with having 3354 TXs 
2023-03-09 07:47:43,489 dumbo.py [line:219] run_bft INFO ACS Block Delay at Node 61: 5.160527229309082 
2023-03-09 07:47:43,489 dumbo.py [line:220] run_bft INFO Current Block's TPS at Node 61: 649.9335922405453 
2023-03-09 07:47:48,755 dumbo.py [line:217] run_bft INFO Node 61 Delivers ACS Block in Round 70 with having 3354 TXs 
2023-03-09 07:47:48,755 dumbo.py [line:219] run_bft INFO ACS Block Delay at Node 61: 5.265271186828613 
2023-03-09 07:47:48,755 dumbo.py [line:220] run_bft INFO Current Block's TPS at Node 61: 637.0042265610609 
2023-03-09 07:47:53,995 dumbo.py [line:217] run_bft INFO Node 61 Delivers ACS Block in Round 71 with having 3354 TXs 
2023-03-09 07:47:53,995 dumbo.py [line:219] run_bft INFO ACS Block Delay at Node 61: 5.239952802658081 
2023-03-09 07:47:53,995 dumbo.py [line:220] run_bft INFO Current Block's TPS at Node 61: 640.0821011782033 
2023-03-09 07:47:59,230 dumbo.py [line:217] run_bft INFO Node 61 Delivers ACS Block in Round 72 with having 3354 TXs 
2023-03-09 07:47:59,230 dumbo.py [line:219] run_bft INFO ACS Block Delay at Node 61: 5.235060691833496 
2023-03-09 07:47:59,230 dumbo.py [line:220] run_bft INFO Current Block's TPS at Node 61: 640.6802513736121 
2023-03-09 07:48:04,348 dumbo.py [line:217] run_bft INFO Node 61 Delivers ACS Block in Round 73 with having 3354 TXs 
2023-03-09 07:48:04,348 dumbo.py [line:219] run_bft INFO ACS Block Delay at Node 61: 5.117864608764648 
2023-03-09 07:48:04,348 dumbo.py [line:220] run_bft INFO Current Block's TPS at Node 61: 655.3514515128194 
2023-03-09 07:48:09,588 dumbo.py [line:217] run_bft INFO Node 61 Delivers ACS Block in Round 74 with having 3354 TXs 
2023-03-09 07:48:09,589 dumbo.py [line:219] run_bft INFO ACS Block Delay at Node 61: 5.24061393737793 
2023-03-09 07:48:09,589 dumbo.py [line:220] run_bft INFO Current Block's TPS at Node 61: 640.0013510016593 
2023-03-09 07:48:14,768 dumbo.py [line:217] run_bft INFO Node 61 Delivers ACS Block in Round 75 with having 3354 TXs 
2023-03-09 07:48:14,768 dumbo.py [line:219] run_bft INFO ACS Block Delay at Node 61: 5.179728269577026 
2023-03-09 07:48:14,768 dumbo.py [line:220] run_bft INFO Current Block's TPS at Node 61: 647.5243150687296 
2023-03-09 07:48:20,054 dumbo.py [line:217] run_bft INFO Node 61 Delivers ACS Block in Round 76 with having 3354 TXs 
2023-03-09 07:48:20,055 dumbo.py [line:219] run_bft INFO ACS Block Delay at Node 61: 5.286195993423462 
2023-03-09 07:48:20,055 dumbo.py [line:220] run_bft INFO Current Block's TPS at Node 61: 634.4827176617553 
2023-03-09 07:48:25,125 dumbo.py [line:217] run_bft INFO Node 61 Delivers ACS Block in Round 77 with having 3354 TXs 
2023-03-09 07:48:25,125 dumbo.py [line:219] run_bft INFO ACS Block Delay at Node 61: 5.070161819458008 
2023-03-09 07:48:25,125 dumbo.py [line:220] run_bft INFO Current Block's TPS at Node 61: 661.5173478543013 
2023-03-09 07:48:30,321 dumbo.py [line:217] run_bft INFO Node 61 Delivers ACS Block in Round 78 with having 3354 TXs 
2023-03-09 07:48:30,321 dumbo.py [line:219] run_bft INFO ACS Block Delay at Node 61: 5.195952653884888 
2023-03-09 07:48:30,321 dumbo.py [line:220] run_bft INFO Current Block's TPS at Node 61: 645.5024176350598 
2023-03-09 07:48:35,581 dumbo.py [line:217] run_bft INFO Node 61 Delivers ACS Block in Round 79 with having 3354 TXs 
2023-03-09 07:48:35,581 dumbo.py [line:219] run_bft INFO ACS Block Delay at Node 61: 5.260033369064331 
2023-03-09 07:48:35,581 dumbo.py [line:220] run_bft INFO Current Block's TPS at Node 61: 637.6385404179705 
2023-03-09 07:48:40,767 dumbo.py [line:217] run_bft INFO Node 61 Delivers ACS Block in Round 80 with having 3354 TXs 
2023-03-09 07:48:40,767 dumbo.py [line:219] run_bft INFO ACS Block Delay at Node 61: 5.186220407485962 
2023-03-09 07:48:40,767 dumbo.py [line:220] run_bft INFO Current Block's TPS at Node 61: 646.7137407347219 
2023-03-09 07:48:45,944 dumbo.py [line:217] run_bft INFO Node 61 Delivers ACS Block in Round 81 with having 3354 TXs 
2023-03-09 07:48:45,944 dumbo.py [line:219] run_bft INFO ACS Block Delay at Node 61: 5.176819324493408 
2023-03-09 07:48:45,944 dumbo.py [line:220] run_bft INFO Current Block's TPS at Node 61: 647.8881702768746 
2023-03-09 07:48:51,122 dumbo.py [line:217] run_bft INFO Node 61 Delivers ACS Block in Round 82 with having 3354 TXs 
2023-03-09 07:48:51,122 dumbo.py [line:219] run_bft INFO ACS Block Delay at Node 61: 5.178214073181152 
2023-03-09 07:48:51,122 dumbo.py [line:220] run_bft INFO Current Block's TPS at Node 61: 647.7136620077054 
2023-03-09 07:48:56,489 dumbo.py [line:217] run_bft INFO Node 61 Delivers ACS Block in Round 83 with having 3354 TXs 
2023-03-09 07:48:56,489 dumbo.py [line:219] run_bft INFO ACS Block Delay at Node 61: 5.36680006980896 
2023-03-09 07:48:56,489 dumbo.py [line:220] run_bft INFO Current Block's TPS at Node 61: 624.9534091772849 
2023-03-09 07:49:01,594 dumbo.py [line:217] run_bft INFO Node 61 Delivers ACS Block in Round 84 with having 3354 TXs 
2023-03-09 07:49:01,594 dumbo.py [line:219] run_bft INFO ACS Block Delay at Node 61: 5.104651689529419 
2023-03-09 07:49:01,594 dumbo.py [line:220] run_bft INFO Current Block's TPS at Node 61: 657.0477681914463 
2023-03-09 07:49:06,791 dumbo.py [line:217] run_bft INFO Node 61 Delivers ACS Block in Round 85 with having 3354 TXs 
2023-03-09 07:49:06,791 dumbo.py [line:219] run_bft INFO ACS Block Delay at Node 61: 5.1969218254089355 
2023-03-09 07:49:06,791 dumbo.py [line:220] run_bft INFO Current Block's TPS at Node 61: 645.3820381906708 
2023-03-09 07:49:12,045 dumbo.py [line:217] run_bft INFO Node 61 Delivers ACS Block in Round 86 with having 3354 TXs 
2023-03-09 07:49:12,045 dumbo.py [line:219] run_bft INFO ACS Block Delay at Node 61: 5.253726005554199 
2023-03-09 07:49:12,045 dumbo.py [line:220] run_bft INFO Current Block's TPS at Node 61: 638.4040577019389 
2023-03-09 07:49:20,032 dumbo.py [line:217] run_bft INFO Node 61 Delivers ACS Block in Round 87 with having 3354 TXs 
2023-03-09 07:49:20,032 dumbo.py [line:219] run_bft INFO ACS Block Delay at Node 61: 7.987351655960083 
2023-03-09 07:49:20,032 dumbo.py [line:220] run_bft INFO Current Block's TPS at Node 61: 419.91390193735594 
2023-03-09 07:49:25,341 dumbo.py [line:217] run_bft INFO Node 61 Delivers ACS Block in Round 88 with having 3354 TXs 
2023-03-09 07:49:25,341 dumbo.py [line:219] run_bft INFO ACS Block Delay at Node 61: 5.308584928512573 
2023-03-09 07:49:25,341 dumbo.py [line:220] run_bft INFO Current Block's TPS at Node 61: 631.8067894111598 
2023-03-09 07:49:30,509 dumbo.py [line:217] run_bft INFO Node 61 Delivers ACS Block in Round 89 with having 3354 TXs 
2023-03-09 07:49:30,510 dumbo.py [line:219] run_bft INFO ACS Block Delay at Node 61: 5.168570041656494 
2023-03-09 07:49:30,510 dumbo.py [line:220] run_bft INFO Current Block's TPS at Node 61: 648.9222305140831 
2023-03-09 07:49:35,599 dumbo.py [line:217] run_bft INFO Node 61 Delivers ACS Block in Round 90 with having 3354 TXs 
2023-03-09 07:49:35,599 dumbo.py [line:219] run_bft INFO ACS Block Delay at Node 61: 5.089335918426514 
2023-03-09 07:49:35,599 dumbo.py [line:220] run_bft INFO Current Block's TPS at Node 61: 659.0250778802919 
2023-03-09 07:49:40,887 dumbo.py [line:217] run_bft INFO Node 61 Delivers ACS Block in Round 91 with having 3354 TXs 
2023-03-09 07:49:40,888 dumbo.py [line:219] run_bft INFO ACS Block Delay at Node 61: 5.288463830947876 
2023-03-09 07:49:40,888 dumbo.py [line:220] run_bft INFO Current Block's TPS at Node 61: 634.2106341680031 
2023-03-09 07:49:46,144 dumbo.py [line:217] run_bft INFO Node 61 Delivers ACS Block in Round 92 with having 3354 TXs 
2023-03-09 07:49:46,144 dumbo.py [line:219] run_bft INFO ACS Block Delay at Node 61: 5.256779909133911 
2023-03-09 07:49:46,144 dumbo.py [line:220] run_bft INFO Current Block's TPS at Node 61: 638.0331796224266 
2023-03-09 07:49:51,478 dumbo.py [line:217] run_bft INFO Node 61 Delivers ACS Block in Round 93 with having 3354 TXs 
2023-03-09 07:49:51,478 dumbo.py [line:219] run_bft INFO ACS Block Delay at Node 61: 5.3332436084747314 
2023-03-09 07:49:51,478 dumbo.py [line:220] run_bft INFO Current Block's TPS at Node 61: 628.8855800005767 
2023-03-09 07:49:56,812 dumbo.py [line:217] run_bft INFO Node 61 Delivers ACS Block in Round 94 with having 3354 TXs 
2023-03-09 07:49:56,812 dumbo.py [line:219] run_bft INFO ACS Block Delay at Node 61: 5.333792448043823 
2023-03-09 07:49:56,812 dumbo.py [line:220] run_bft INFO Current Block's TPS at Node 61: 628.8208685791823 
2023-03-09 07:50:01,902 dumbo.py [line:217] run_bft INFO Node 61 Delivers ACS Block in Round 95 with having 3354 TXs 
2023-03-09 07:50:01,902 dumbo.py [line:219] run_bft INFO ACS Block Delay at Node 61: 5.089966058731079 
2023-03-09 07:50:01,902 dumbo.py [line:220] run_bft INFO Current Block's TPS at Node 61: 658.943490251121 
2023-03-09 07:50:07,059 dumbo.py [line:217] run_bft INFO Node 61 Delivers ACS Block in Round 96 with having 3354 TXs 
2023-03-09 07:50:07,059 dumbo.py [line:219] run_bft INFO ACS Block Delay at Node 61: 5.157569646835327 
2023-03-09 07:50:07,059 dumbo.py [line:220] run_bft INFO Current Block's TPS at Node 61: 650.3062934027477 
2023-03-09 07:50:12,271 dumbo.py [line:217] run_bft INFO Node 61 Delivers ACS Block in Round 97 with having 3354 TXs 
2023-03-09 07:50:12,271 dumbo.py [line:219] run_bft INFO ACS Block Delay at Node 61: 5.2114012241363525 
2023-03-09 07:50:12,271 dumbo.py [line:220] run_bft INFO Current Block's TPS at Node 61: 643.5889035881772 
2023-03-09 07:50:17,501 dumbo.py [line:217] run_bft INFO Node 61 Delivers ACS Block in Round 98 with having 3354 TXs 
2023-03-09 07:50:17,501 dumbo.py [line:219] run_bft INFO ACS Block Delay at Node 61: 5.229902029037476 
2023-03-09 07:50:17,501 dumbo.py [line:220] run_bft INFO Current Block's TPS at Node 61: 641.3122045839315 
2023-03-09 07:50:22,688 dumbo.py [line:217] run_bft INFO Node 61 Delivers ACS Block in Round 99 with having 3354 TXs 
2023-03-09 07:50:22,688 dumbo.py [line:219] run_bft INFO ACS Block Delay at Node 61: 5.1869776248931885 
2023-03-09 07:50:22,688 dumbo.py [line:220] run_bft INFO Current Block's TPS at Node 61: 646.6193306683227 
2023-03-09 07:50:22,688 dumbo.py [line:241] run_bft INFO node 61 breaks in 524.711819 seconds with total delivered Txs 335400 
