2023-03-10 11:08:17,627 dumbo_node.py [line:77] run INFO node 51's starts to run consensus on process id 2442367 
2023-03-10 11:08:17,627 dumbo_node.py [line:59] prepare_bootstrap INFO node id 51 is inserting dummy payload TXs 
2023-03-10 11:08:17,627 dumbo_node.py [line:68] prepare_bootstrap INFO node id 51 just inserts 50000 TXs 
2023-03-10 11:08:17,628 dumbo_node.py [line:68] prepare_bootstrap INFO node id 51 just inserts 50000 TXs 
2023-03-10 11:08:17,628 dumbo_node.py [line:68] prepare_bootstrap INFO node id 51 just inserts 50000 TXs 
2023-03-10 11:08:17,628 dumbo_node.py [line:68] prepare_bootstrap INFO node id 51 just inserts 50000 TXs 
2023-03-10 11:08:17,628 dumbo_node.py [line:68] prepare_bootstrap INFO node id 51 just inserts 50000 TXs 
2023-03-10 11:08:17,628 dumbo_node.py [line:68] prepare_bootstrap INFO node id 51 just inserts 50000 TXs 
2023-03-10 11:08:17,628 dumbo_node.py [line:68] prepare_bootstrap INFO node id 51 just inserts 50000 TXs 
2023-03-10 11:08:17,628 dumbo_node.py [line:68] prepare_bootstrap INFO node id 51 just inserts 50000 TXs 
2023-03-10 11:08:17,628 dumbo_node.py [line:68] prepare_bootstrap INFO node id 51 just inserts 50000 TXs 
2023-03-10 11:08:17,628 dumbo_node.py [line:68] prepare_bootstrap INFO node id 51 just inserts 50000 TXs 
2023-03-10 11:08:17,629 dumbo_node.py [line:68] prepare_bootstrap INFO node id 51 just inserts 50000 TXs 
2023-03-10 11:08:17,629 dumbo_node.py [line:68] prepare_bootstrap INFO node id 51 just inserts 50000 TXs 
2023-03-10 11:08:17,629 dumbo_node.py [line:68] prepare_bootstrap INFO node id 51 just inserts 50000 TXs 
2023-03-10 11:08:17,629 dumbo_node.py [line:68] prepare_bootstrap INFO node id 51 just inserts 50000 TXs 
2023-03-10 11:08:17,629 dumbo_node.py [line:68] prepare_bootstrap INFO node id 51 just inserts 50000 TXs 
2023-03-10 11:08:17,629 dumbo_node.py [line:68] prepare_bootstrap INFO node id 51 just inserts 50000 TXs 
2023-03-10 11:08:17,629 dumbo_node.py [line:68] prepare_bootstrap INFO node id 51 just inserts 50000 TXs 
2023-03-10 11:08:17,630 dumbo_node.py [line:68] prepare_bootstrap INFO node id 51 just inserts 50000 TXs 
2023-03-10 11:08:17,630 dumbo_node.py [line:68] prepare_bootstrap INFO node id 51 just inserts 50000 TXs 
2023-03-10 11:08:17,630 dumbo_node.py [line:68] prepare_bootstrap INFO node id 51 just inserts 50000 TXs 
2023-03-10 11:08:17,630 dumbo_node.py [line:68] prepare_bootstrap INFO node id 51 just inserts 50000 TXs 
2023-03-10 11:08:17,630 dumbo_node.py [line:68] prepare_bootstrap INFO node id 51 just inserts 50000 TXs 
2023-03-10 11:08:17,630 dumbo_node.py [line:68] prepare_bootstrap INFO node id 51 just inserts 50000 TXs 
2023-03-10 11:08:17,630 dumbo_node.py [line:68] prepare_bootstrap INFO node id 51 just inserts 50000 TXs 
2023-03-10 11:08:17,630 dumbo_node.py [line:68] prepare_bootstrap INFO node id 51 just inserts 50000 TXs 
2023-03-10 11:08:17,630 dumbo_node.py [line:68] prepare_bootstrap INFO node id 51 just inserts 50000 TXs 
2023-03-10 11:08:17,631 dumbo_node.py [line:68] prepare_bootstrap INFO node id 51 just inserts 50000 TXs 
2023-03-10 11:08:17,631 dumbo_node.py [line:68] prepare_bootstrap INFO node id 51 just inserts 50000 TXs 
2023-03-10 11:08:17,631 dumbo_node.py [line:68] prepare_bootstrap INFO node id 51 just inserts 50000 TXs 
2023-03-10 11:08:17,631 dumbo_node.py [line:68] prepare_bootstrap INFO node id 51 just inserts 50000 TXs 
2023-03-10 11:08:17,631 dumbo_node.py [line:68] prepare_bootstrap INFO node id 51 just inserts 50000 TXs 
2023-03-10 11:08:17,631 dumbo_node.py [line:68] prepare_bootstrap INFO node id 51 just inserts 50000 TXs 
2023-03-10 11:08:17,631 dumbo_node.py [line:68] prepare_bootstrap INFO node id 51 just inserts 50000 TXs 
2023-03-10 11:08:17,631 dumbo_node.py [line:68] prepare_bootstrap INFO node id 51 just inserts 50000 TXs 
2023-03-10 11:08:17,631 dumbo_node.py [line:68] prepare_bootstrap INFO node id 51 just inserts 50000 TXs 
2023-03-10 11:08:17,632 dumbo_node.py [line:68] prepare_bootstrap INFO node id 51 just inserts 50000 TXs 
2023-03-10 11:08:17,632 dumbo_node.py [line:68] prepare_bootstrap INFO node id 51 just inserts 50000 TXs 
2023-03-10 11:08:17,632 dumbo_node.py [line:68] prepare_bootstrap INFO node id 51 just inserts 50000 TXs 
2023-03-10 11:08:17,632 dumbo_node.py [line:68] prepare_bootstrap INFO node id 51 just inserts 50000 TXs 
2023-03-10 11:08:17,632 dumbo_node.py [line:68] prepare_bootstrap INFO node id 51 just inserts 50000 TXs 
2023-03-10 11:08:17,632 dumbo_node.py [line:68] prepare_bootstrap INFO node id 51 just inserts 50000 TXs 
2023-03-10 11:08:17,632 dumbo_node.py [line:68] prepare_bootstrap INFO node id 51 just inserts 50000 TXs 
2023-03-10 11:08:17,632 dumbo_node.py [line:68] prepare_bootstrap INFO node id 51 just inserts 50000 TXs 
2023-03-10 11:08:17,632 dumbo_node.py [line:68] prepare_bootstrap INFO node id 51 just inserts 50000 TXs 
2023-03-10 11:08:17,633 dumbo_node.py [line:68] prepare_bootstrap INFO node id 51 just inserts 50000 TXs 
2023-03-10 11:08:17,633 dumbo_node.py [line:68] prepare_bootstrap INFO node id 51 just inserts 50000 TXs 
2023-03-10 11:08:17,633 dumbo_node.py [line:68] prepare_bootstrap INFO node id 51 just inserts 50000 TXs 
2023-03-10 11:08:17,633 dumbo_node.py [line:68] prepare_bootstrap INFO node id 51 just inserts 50000 TXs 
2023-03-10 11:08:17,633 dumbo_node.py [line:68] prepare_bootstrap INFO node id 51 just inserts 50000 TXs 
2023-03-10 11:08:17,633 dumbo_node.py [line:68] prepare_bootstrap INFO node id 51 just inserts 50000 TXs 
2023-03-10 11:08:17,633 dumbo_node.py [line:68] prepare_bootstrap INFO node id 51 just inserts 50000 TXs 
2023-03-10 11:08:17,633 dumbo_node.py [line:68] prepare_bootstrap INFO node id 51 just inserts 50000 TXs 
2023-03-10 11:08:17,633 dumbo_node.py [line:68] prepare_bootstrap INFO node id 51 just inserts 50000 TXs 
2023-03-10 11:08:17,634 dumbo_node.py [line:68] prepare_bootstrap INFO node id 51 just inserts 50000 TXs 
2023-03-10 11:08:17,634 dumbo_node.py [line:68] prepare_bootstrap INFO node id 51 just inserts 50000 TXs 
2023-03-10 11:08:17,634 dumbo_node.py [line:68] prepare_bootstrap INFO node id 51 just inserts 50000 TXs 
2023-03-10 11:08:17,634 dumbo_node.py [line:68] prepare_bootstrap INFO node id 51 just inserts 50000 TXs 
2023-03-10 11:08:17,634 dumbo_node.py [line:68] prepare_bootstrap INFO node id 51 just inserts 50000 TXs 
2023-03-10 11:08:17,634 dumbo_node.py [line:68] prepare_bootstrap INFO node id 51 just inserts 50000 TXs 
2023-03-10 11:08:17,634 dumbo_node.py [line:68] prepare_bootstrap INFO node id 51 just inserts 50000 TXs 
2023-03-10 11:08:17,634 dumbo_node.py [line:68] prepare_bootstrap INFO node id 51 just inserts 50000 TXs 
2023-03-10 11:08:17,634 dumbo_node.py [line:68] prepare_bootstrap INFO node id 51 just inserts 50000 TXs 
2023-03-10 11:08:17,635 dumbo_node.py [line:68] prepare_bootstrap INFO node id 51 just inserts 50000 TXs 
2023-03-10 11:08:17,635 dumbo_node.py [line:68] prepare_bootstrap INFO node id 51 just inserts 50000 TXs 
2023-03-10 11:08:17,635 dumbo_node.py [line:68] prepare_bootstrap INFO node id 51 just inserts 50000 TXs 
2023-03-10 11:08:17,635 dumbo_node.py [line:68] prepare_bootstrap INFO node id 51 just inserts 50000 TXs 
2023-03-10 11:08:17,635 dumbo_node.py [line:68] prepare_bootstrap INFO node id 51 just inserts 50000 TXs 
2023-03-10 11:08:17,635 dumbo_node.py [line:68] prepare_bootstrap INFO node id 51 just inserts 50000 TXs 
2023-03-10 11:08:17,635 dumbo_node.py [line:68] prepare_bootstrap INFO node id 51 just inserts 50000 TXs 
2023-03-10 11:08:17,635 dumbo_node.py [line:68] prepare_bootstrap INFO node id 51 just inserts 50000 TXs 
2023-03-10 11:08:17,635 dumbo_node.py [line:68] prepare_bootstrap INFO node id 51 just inserts 50000 TXs 
2023-03-10 11:08:17,636 dumbo_node.py [line:68] prepare_bootstrap INFO node id 51 just inserts 50000 TXs 
2023-03-10 11:08:17,636 dumbo_node.py [line:68] prepare_bootstrap INFO node id 51 just inserts 50000 TXs 
2023-03-10 11:08:17,636 dumbo_node.py [line:68] prepare_bootstrap INFO node id 51 just inserts 50000 TXs 
2023-03-10 11:08:17,636 dumbo_node.py [line:68] prepare_bootstrap INFO node id 51 just inserts 50000 TXs 
2023-03-10 11:08:17,636 dumbo_node.py [line:68] prepare_bootstrap INFO node id 51 just inserts 50000 TXs 
2023-03-10 11:08:17,636 dumbo_node.py [line:68] prepare_bootstrap INFO node id 51 just inserts 50000 TXs 
2023-03-10 11:08:17,636 dumbo_node.py [line:68] prepare_bootstrap INFO node id 51 just inserts 50000 TXs 
2023-03-10 11:08:17,636 dumbo_node.py [line:68] prepare_bootstrap INFO node id 51 just inserts 50000 TXs 
2023-03-10 11:08:17,636 dumbo_node.py [line:68] prepare_bootstrap INFO node id 51 just inserts 50000 TXs 
2023-03-10 11:08:17,637 dumbo_node.py [line:68] prepare_bootstrap INFO node id 51 just inserts 50000 TXs 
2023-03-10 11:08:17,637 dumbo_node.py [line:68] prepare_bootstrap INFO node id 51 just inserts 50000 TXs 
2023-03-10 11:08:17,637 dumbo_node.py [line:68] prepare_bootstrap INFO node id 51 just inserts 50000 TXs 
2023-03-10 11:08:17,637 dumbo_node.py [line:68] prepare_bootstrap INFO node id 51 just inserts 50000 TXs 
2023-03-10 11:08:17,637 dumbo_node.py [line:68] prepare_bootstrap INFO node id 51 just inserts 50000 TXs 
2023-03-10 11:08:17,637 dumbo_node.py [line:68] prepare_bootstrap INFO node id 51 just inserts 50000 TXs 
2023-03-10 11:08:17,637 dumbo_node.py [line:68] prepare_bootstrap INFO node id 51 just inserts 50000 TXs 
2023-03-10 11:08:17,637 dumbo_node.py [line:68] prepare_bootstrap INFO node id 51 just inserts 50000 TXs 
2023-03-10 11:08:17,637 dumbo_node.py [line:68] prepare_bootstrap INFO node id 51 just inserts 50000 TXs 
2023-03-10 11:08:17,638 dumbo_node.py [line:68] prepare_bootstrap INFO node id 51 just inserts 50000 TXs 
2023-03-10 11:08:17,638 dumbo_node.py [line:68] prepare_bootstrap INFO node id 51 just inserts 50000 TXs 
2023-03-10 11:08:17,638 dumbo_node.py [line:68] prepare_bootstrap INFO node id 51 just inserts 50000 TXs 
2023-03-10 11:08:17,638 dumbo_node.py [line:68] prepare_bootstrap INFO node id 51 just inserts 50000 TXs 
2023-03-10 11:08:17,638 dumbo_node.py [line:68] prepare_bootstrap INFO node id 51 just inserts 50000 TXs 
2023-03-10 11:08:17,638 dumbo_node.py [line:68] prepare_bootstrap INFO node id 51 just inserts 50000 TXs 
2023-03-10 11:08:17,638 dumbo_node.py [line:68] prepare_bootstrap INFO node id 51 just inserts 50000 TXs 
2023-03-10 11:08:17,638 dumbo_node.py [line:68] prepare_bootstrap INFO node id 51 just inserts 50000 TXs 
2023-03-10 11:08:17,638 dumbo_node.py [line:68] prepare_bootstrap INFO node id 51 just inserts 50000 TXs 
2023-03-10 11:08:17,638 dumbo_node.py [line:68] prepare_bootstrap INFO node id 51 just inserts 50000 TXs 
2023-03-10 11:08:17,639 dumbo_node.py [line:68] prepare_bootstrap INFO node id 51 just inserts 50000 TXs 
2023-03-10 11:08:17,639 dumbo_node.py [line:72] prepare_bootstrap INFO node id 51 completed the loading of dummy TXs 
2023-03-10 11:08:17,639 dumbo.py [line:179] run_bft INFO Node 51 starts to run at time:1678446497.6392994 
2023-03-10 11:08:22,191 dumbo.py [line:217] run_bft INFO Node 51 Delivers ACS Block in Round 0 with having 3354 TXs 
2023-03-10 11:08:22,192 dumbo.py [line:219] run_bft INFO ACS Block Delay at Node 51: 4.552656888961792 
2023-03-10 11:08:22,192 dumbo.py [line:220] run_bft INFO Current Block's TPS at Node 51: 736.7126673068616 
2023-03-10 11:08:26,834 dumbo.py [line:217] run_bft INFO Node 51 Delivers ACS Block in Round 1 with having 3354 TXs 
2023-03-10 11:08:26,834 dumbo.py [line:219] run_bft INFO ACS Block Delay at Node 51: 4.64281153678894 
2023-03-10 11:08:26,834 dumbo.py [line:220] run_bft INFO Current Block's TPS at Node 51: 722.4070960932634 
2023-03-10 11:08:31,453 dumbo.py [line:217] run_bft INFO Node 51 Delivers ACS Block in Round 2 with having 3354 TXs 
2023-03-10 11:08:31,453 dumbo.py [line:219] run_bft INFO ACS Block Delay at Node 51: 4.618789434432983 
2023-03-10 11:08:31,453 dumbo.py [line:220] run_bft INFO Current Block's TPS at Node 51: 726.1643007572496 
2023-03-10 11:08:36,031 dumbo.py [line:217] run_bft INFO Node 51 Delivers ACS Block in Round 3 with having 3354 TXs 
2023-03-10 11:08:36,032 dumbo.py [line:219] run_bft INFO ACS Block Delay at Node 51: 4.578181266784668 
2023-03-10 11:08:36,032 dumbo.py [line:220] run_bft INFO Current Block's TPS at Node 51: 732.6053304908937 
2023-03-10 11:08:40,670 dumbo.py [line:217] run_bft INFO Node 51 Delivers ACS Block in Round 4 with having 3354 TXs 
2023-03-10 11:08:40,670 dumbo.py [line:219] run_bft INFO ACS Block Delay at Node 51: 4.6383466720581055 
2023-03-10 11:08:40,670 dumbo.py [line:220] run_bft INFO Current Block's TPS at Node 51: 723.1024839529251 
2023-03-10 11:08:45,336 dumbo.py [line:217] run_bft INFO Node 51 Delivers ACS Block in Round 5 with having 3354 TXs 
2023-03-10 11:08:45,336 dumbo.py [line:219] run_bft INFO ACS Block Delay at Node 51: 4.6659016609191895 
2023-03-10 11:08:45,336 dumbo.py [line:220] run_bft INFO Current Block's TPS at Node 51: 718.8321237227398 
2023-03-10 11:08:49,874 dumbo.py [line:217] run_bft INFO Node 51 Delivers ACS Block in Round 6 with having 3354 TXs 
2023-03-10 11:08:49,874 dumbo.py [line:219] run_bft INFO ACS Block Delay at Node 51: 4.538147926330566 
2023-03-10 11:08:49,874 dumbo.py [line:220] run_bft INFO Current Block's TPS at Node 51: 739.0680194755047 
2023-03-10 11:08:54,558 dumbo.py [line:217] run_bft INFO Node 51 Delivers ACS Block in Round 7 with having 3354 TXs 
2023-03-10 11:08:54,558 dumbo.py [line:219] run_bft INFO ACS Block Delay at Node 51: 4.683884620666504 
2023-03-10 11:08:54,558 dumbo.py [line:220] run_bft INFO Current Block's TPS at Node 51: 716.0722929000618 
2023-03-10 11:08:59,332 dumbo.py [line:217] run_bft INFO Node 51 Delivers ACS Block in Round 8 with having 3354 TXs 
2023-03-10 11:08:59,332 dumbo.py [line:219] run_bft INFO ACS Block Delay at Node 51: 4.773749589920044 
2023-03-10 11:08:59,332 dumbo.py [line:220] run_bft INFO Current Block's TPS at Node 51: 702.5923620045132 
2023-03-10 11:09:03,803 dumbo.py [line:217] run_bft INFO Node 51 Delivers ACS Block in Round 9 with having 3354 TXs 
2023-03-10 11:09:03,804 dumbo.py [line:219] run_bft INFO ACS Block Delay at Node 51: 4.471611022949219 
2023-03-10 11:09:03,804 dumbo.py [line:220] run_bft INFO Current Block's TPS at Node 51: 750.0652410924359 
2023-03-10 11:09:08,574 dumbo.py [line:217] run_bft INFO Node 51 Delivers ACS Block in Round 10 with having 3354 TXs 
2023-03-10 11:09:08,574 dumbo.py [line:219] run_bft INFO ACS Block Delay at Node 51: 4.77044939994812 
2023-03-10 11:09:08,574 dumbo.py [line:220] run_bft INFO Current Block's TPS at Node 51: 703.0784143809335 
2023-03-10 11:09:13,100 dumbo.py [line:217] run_bft INFO Node 51 Delivers ACS Block in Round 11 with having 3354 TXs 
2023-03-10 11:09:13,100 dumbo.py [line:219] run_bft INFO ACS Block Delay at Node 51: 4.5260937213897705 
2023-03-10 11:09:13,100 dumbo.py [line:220] run_bft INFO Current Block's TPS at Node 51: 741.0363563947875 
2023-03-10 11:09:17,690 dumbo.py [line:217] run_bft INFO Node 51 Delivers ACS Block in Round 12 with having 3354 TXs 
2023-03-10 11:09:17,690 dumbo.py [line:219] run_bft INFO ACS Block Delay at Node 51: 4.589807987213135 
2023-03-10 11:09:17,690 dumbo.py [line:220] run_bft INFO Current Block's TPS at Node 51: 730.7495235844278 
2023-03-10 11:09:22,347 dumbo.py [line:217] run_bft INFO Node 51 Delivers ACS Block in Round 13 with having 3354 TXs 
2023-03-10 11:09:22,347 dumbo.py [line:219] run_bft INFO ACS Block Delay at Node 51: 4.657152414321899 
2023-03-10 11:09:22,347 dumbo.py [line:220] run_bft INFO Current Block's TPS at Node 51: 720.1825711534838 
2023-03-10 11:09:26,915 dumbo.py [line:217] run_bft INFO Node 51 Delivers ACS Block in Round 14 with having 3354 TXs 
2023-03-10 11:09:26,916 dumbo.py [line:219] run_bft INFO ACS Block Delay at Node 51: 4.568088054656982 
2023-03-10 11:09:26,916 dumbo.py [line:220] run_bft INFO Current Block's TPS at Node 51: 734.2240254280413 
2023-03-10 11:09:31,660 dumbo.py [line:217] run_bft INFO Node 51 Delivers ACS Block in Round 15 with having 3354 TXs 
2023-03-10 11:09:31,660 dumbo.py [line:219] run_bft INFO ACS Block Delay at Node 51: 4.744033098220825 
2023-03-10 11:09:31,660 dumbo.py [line:220] run_bft INFO Current Block's TPS at Node 51: 706.9933810659678 
2023-03-10 11:09:36,212 dumbo.py [line:217] run_bft INFO Node 51 Delivers ACS Block in Round 16 with having 3354 TXs 
2023-03-10 11:09:36,212 dumbo.py [line:219] run_bft INFO ACS Block Delay at Node 51: 4.552318334579468 
2023-03-10 11:09:36,212 dumbo.py [line:220] run_bft INFO Current Block's TPS at Node 51: 736.7674563799666 
2023-03-10 11:09:40,975 dumbo.py [line:217] run_bft INFO Node 51 Delivers ACS Block in Round 17 with having 3354 TXs 
2023-03-10 11:09:40,975 dumbo.py [line:219] run_bft INFO ACS Block Delay at Node 51: 4.763169527053833 
2023-03-10 11:09:40,975 dumbo.py [line:220] run_bft INFO Current Block's TPS at Node 51: 704.1529764897015 
2023-03-10 11:09:45,562 dumbo.py [line:217] run_bft INFO Node 51 Delivers ACS Block in Round 18 with having 3354 TXs 
2023-03-10 11:09:45,562 dumbo.py [line:219] run_bft INFO ACS Block Delay at Node 51: 4.586763858795166 
2023-03-10 11:09:45,562 dumbo.py [line:220] run_bft INFO Current Block's TPS at Node 51: 731.2345050353249 
2023-03-10 11:09:50,319 dumbo.py [line:217] run_bft INFO Node 51 Delivers ACS Block in Round 19 with having 3354 TXs 
2023-03-10 11:09:50,319 dumbo.py [line:219] run_bft INFO ACS Block Delay at Node 51: 4.756727457046509 
2023-03-10 11:09:50,319 dumbo.py [line:220] run_bft INFO Current Block's TPS at Node 51: 705.1066159006987 
2023-03-10 11:09:54,868 dumbo.py [line:217] run_bft INFO Node 51 Delivers ACS Block in Round 20 with having 3354 TXs 
2023-03-10 11:09:54,868 dumbo.py [line:219] run_bft INFO ACS Block Delay at Node 51: 4.549193859100342 
2023-03-10 11:09:54,868 dumbo.py [line:220] run_bft INFO Current Block's TPS at Node 51: 737.2734827051961 
2023-03-10 11:09:59,600 dumbo.py [line:217] run_bft INFO Node 51 Delivers ACS Block in Round 21 with having 3354 TXs 
2023-03-10 11:09:59,600 dumbo.py [line:219] run_bft INFO ACS Block Delay at Node 51: 4.731741905212402 
2023-03-10 11:09:59,600 dumbo.py [line:220] run_bft INFO Current Block's TPS at Node 51: 708.8298700961043 
2023-03-10 11:10:04,326 dumbo.py [line:217] run_bft INFO Node 51 Delivers ACS Block in Round 22 with having 3354 TXs 
2023-03-10 11:10:04,326 dumbo.py [line:219] run_bft INFO ACS Block Delay at Node 51: 4.725621223449707 
2023-03-10 11:10:04,326 dumbo.py [line:220] run_bft INFO Current Block's TPS at Node 51: 709.7479551168042 
2023-03-10 11:10:08,906 dumbo.py [line:217] run_bft INFO Node 51 Delivers ACS Block in Round 23 with having 3354 TXs 
2023-03-10 11:10:08,906 dumbo.py [line:219] run_bft INFO ACS Block Delay at Node 51: 4.580229759216309 
2023-03-10 11:10:08,906 dumbo.py [line:220] run_bft INFO Current Block's TPS at Node 51: 732.2776752085641 
2023-03-10 11:10:13,506 dumbo.py [line:217] run_bft INFO Node 51 Delivers ACS Block in Round 24 with having 3354 TXs 
2023-03-10 11:10:13,507 dumbo.py [line:219] run_bft INFO ACS Block Delay at Node 51: 4.600365877151489 
2023-03-10 11:10:13,507 dumbo.py [line:220] run_bft INFO Current Block's TPS at Node 51: 729.0724454457459 
2023-03-10 11:10:18,147 dumbo.py [line:217] run_bft INFO Node 51 Delivers ACS Block in Round 25 with having 3354 TXs 
2023-03-10 11:10:18,147 dumbo.py [line:219] run_bft INFO ACS Block Delay at Node 51: 4.6405603885650635 
2023-03-10 11:10:18,147 dumbo.py [line:220] run_bft INFO Current Block's TPS at Node 51: 722.7575377027065 
2023-03-10 11:10:22,813 dumbo.py [line:217] run_bft INFO Node 51 Delivers ACS Block in Round 26 with having 3354 TXs 
2023-03-10 11:10:22,814 dumbo.py [line:219] run_bft INFO ACS Block Delay at Node 51: 4.666502237319946 
2023-03-10 11:10:22,814 dumbo.py [line:220] run_bft INFO Current Block's TPS at Node 51: 718.739610403843 
2023-03-10 11:10:27,395 dumbo.py [line:217] run_bft INFO Node 51 Delivers ACS Block in Round 27 with having 3354 TXs 
2023-03-10 11:10:27,395 dumbo.py [line:219] run_bft INFO ACS Block Delay at Node 51: 4.581291675567627 
2023-03-10 11:10:27,395 dumbo.py [line:220] run_bft INFO Current Block's TPS at Node 51: 732.1079375685975 
2023-03-10 11:10:32,133 dumbo.py [line:217] run_bft INFO Node 51 Delivers ACS Block in Round 28 with having 3354 TXs 
2023-03-10 11:10:32,133 dumbo.py [line:219] run_bft INFO ACS Block Delay at Node 51: 4.737761735916138 
2023-03-10 11:10:32,133 dumbo.py [line:220] run_bft INFO Current Block's TPS at Node 51: 707.9292262787122 
2023-03-10 11:10:36,798 dumbo.py [line:217] run_bft INFO Node 51 Delivers ACS Block in Round 29 with having 3354 TXs 
2023-03-10 11:10:36,798 dumbo.py [line:219] run_bft INFO ACS Block Delay at Node 51: 4.664868593215942 
2023-03-10 11:10:36,798 dumbo.py [line:220] run_bft INFO Current Block's TPS at Node 51: 718.9913141128302 
2023-03-10 11:10:41,381 dumbo.py [line:217] run_bft INFO Node 51 Delivers ACS Block in Round 30 with having 3354 TXs 
2023-03-10 11:10:41,381 dumbo.py [line:219] run_bft INFO ACS Block Delay at Node 51: 4.583365201950073 
2023-03-10 11:10:41,381 dumbo.py [line:220] run_bft INFO Current Block's TPS at Node 51: 731.7767300264403 
2023-03-10 11:10:46,075 dumbo.py [line:217] run_bft INFO Node 51 Delivers ACS Block in Round 31 with having 3354 TXs 
2023-03-10 11:10:46,075 dumbo.py [line:219] run_bft INFO ACS Block Delay at Node 51: 4.6937854290008545 
2023-03-10 11:10:46,075 dumbo.py [line:220] run_bft INFO Current Block's TPS at Node 51: 714.5618500745892 
2023-03-10 11:10:50,732 dumbo.py [line:217] run_bft INFO Node 51 Delivers ACS Block in Round 32 with having 3354 TXs 
2023-03-10 11:10:50,733 dumbo.py [line:219] run_bft INFO ACS Block Delay at Node 51: 4.657253980636597 
2023-03-10 11:10:50,733 dumbo.py [line:220] run_bft INFO Current Block's TPS at Node 51: 720.1668652697236 
2023-03-10 11:10:55,279 dumbo.py [line:217] run_bft INFO Node 51 Delivers ACS Block in Round 33 with having 3354 TXs 
2023-03-10 11:10:55,279 dumbo.py [line:219] run_bft INFO ACS Block Delay at Node 51: 4.546612977981567 
2023-03-10 11:10:55,279 dumbo.py [line:220] run_bft INFO Current Block's TPS at Node 51: 737.6919953914753 
2023-03-10 11:11:00,025 dumbo.py [line:217] run_bft INFO Node 51 Delivers ACS Block in Round 34 with having 3354 TXs 
2023-03-10 11:11:00,025 dumbo.py [line:219] run_bft INFO ACS Block Delay at Node 51: 4.74561882019043 
2023-03-10 11:11:00,025 dumbo.py [line:220] run_bft INFO Current Block's TPS at Node 51: 706.7571431844187 
2023-03-10 11:11:04,589 dumbo.py [line:217] run_bft INFO Node 51 Delivers ACS Block in Round 35 with having 3354 TXs 
2023-03-10 11:11:04,589 dumbo.py [line:219] run_bft INFO ACS Block Delay at Node 51: 4.56384801864624 
2023-03-10 11:11:04,589 dumbo.py [line:220] run_bft INFO Current Block's TPS at Node 51: 734.9061551341682 
2023-03-10 11:11:09,314 dumbo.py [line:217] run_bft INFO Node 51 Delivers ACS Block in Round 36 with having 3354 TXs 
2023-03-10 11:11:09,314 dumbo.py [line:219] run_bft INFO ACS Block Delay at Node 51: 4.7254602909088135 
2023-03-10 11:11:09,314 dumbo.py [line:220] run_bft INFO Current Block's TPS at Node 51: 709.7721266333929 
2023-03-10 11:11:13,910 dumbo.py [line:217] run_bft INFO Node 51 Delivers ACS Block in Round 37 with having 3354 TXs 
2023-03-10 11:11:13,910 dumbo.py [line:219] run_bft INFO ACS Block Delay at Node 51: 4.595780611038208 
2023-03-10 11:11:13,910 dumbo.py [line:220] run_bft INFO Current Block's TPS at Node 51: 729.7998498762795 
2023-03-10 11:11:18,598 dumbo.py [line:217] run_bft INFO Node 51 Delivers ACS Block in Round 38 with having 3354 TXs 
2023-03-10 11:11:18,598 dumbo.py [line:219] run_bft INFO ACS Block Delay at Node 51: 4.688068151473999 
2023-03-10 11:11:18,598 dumbo.py [line:220] run_bft INFO Current Block's TPS at Node 51: 715.4332854451897 
2023-03-10 11:11:23,295 dumbo.py [line:217] run_bft INFO Node 51 Delivers ACS Block in Round 39 with having 3354 TXs 
2023-03-10 11:11:23,295 dumbo.py [line:219] run_bft INFO ACS Block Delay at Node 51: 4.696349620819092 
2023-03-10 11:11:23,295 dumbo.py [line:220] run_bft INFO Current Block's TPS at Node 51: 714.171701598108 
2023-03-10 11:11:27,970 dumbo.py [line:217] run_bft INFO Node 51 Delivers ACS Block in Round 40 with having 3354 TXs 
2023-03-10 11:11:27,970 dumbo.py [line:219] run_bft INFO ACS Block Delay at Node 51: 4.675408840179443 
2023-03-10 11:11:27,970 dumbo.py [line:220] run_bft INFO Current Block's TPS at Node 51: 717.3704192832199 
2023-03-10 11:11:32,612 dumbo.py [line:217] run_bft INFO Node 51 Delivers ACS Block in Round 41 with having 3354 TXs 
2023-03-10 11:11:32,612 dumbo.py [line:219] run_bft INFO ACS Block Delay at Node 51: 4.641870498657227 
2023-03-10 11:11:32,612 dumbo.py [line:220] run_bft INFO Current Block's TPS at Node 51: 722.55354839611 
2023-03-10 11:11:37,303 dumbo.py [line:217] run_bft INFO Node 51 Delivers ACS Block in Round 42 with having 3354 TXs 
2023-03-10 11:11:37,303 dumbo.py [line:219] run_bft INFO ACS Block Delay at Node 51: 4.69051718711853 
2023-03-10 11:11:37,303 dumbo.py [line:220] run_bft INFO Current Block's TPS at Node 51: 715.0597399389177 
2023-03-10 11:11:41,984 dumbo.py [line:217] run_bft INFO Node 51 Delivers ACS Block in Round 43 with having 3354 TXs 
2023-03-10 11:11:41,985 dumbo.py [line:219] run_bft INFO ACS Block Delay at Node 51: 4.681734323501587 
2023-03-10 11:11:41,985 dumbo.py [line:220] run_bft INFO Current Block's TPS at Node 51: 716.4011813236465 
2023-03-10 11:11:46,595 dumbo.py [line:217] run_bft INFO Node 51 Delivers ACS Block in Round 44 with having 3354 TXs 
2023-03-10 11:11:46,595 dumbo.py [line:219] run_bft INFO ACS Block Delay at Node 51: 4.610758543014526 
2023-03-10 11:11:46,595 dumbo.py [line:220] run_bft INFO Current Block's TPS at Node 51: 727.4291136067918 
2023-03-10 11:11:51,350 dumbo.py [line:217] run_bft INFO Node 51 Delivers ACS Block in Round 45 with having 3354 TXs 
2023-03-10 11:11:51,351 dumbo.py [line:219] run_bft INFO ACS Block Delay at Node 51: 4.755122184753418 
2023-03-10 11:11:51,351 dumbo.py [line:220] run_bft INFO Current Block's TPS at Node 51: 705.3446514485148 
2023-03-10 11:11:55,937 dumbo.py [line:217] run_bft INFO Node 51 Delivers ACS Block in Round 46 with having 3354 TXs 
2023-03-10 11:11:55,937 dumbo.py [line:219] run_bft INFO ACS Block Delay at Node 51: 4.586562633514404 
2023-03-10 11:11:55,937 dumbo.py [line:220] run_bft INFO Current Block's TPS at Node 51: 731.2665863302587 
2023-03-10 11:12:00,616 dumbo.py [line:217] run_bft INFO Node 51 Delivers ACS Block in Round 47 with having 3354 TXs 
2023-03-10 11:12:00,616 dumbo.py [line:219] run_bft INFO ACS Block Delay at Node 51: 4.67863130569458 
2023-03-10 11:12:00,616 dumbo.py [line:220] run_bft INFO Current Block's TPS at Node 51: 716.8763214826718 
2023-03-10 11:12:05,315 dumbo.py [line:217] run_bft INFO Node 51 Delivers ACS Block in Round 48 with having 3354 TXs 
2023-03-10 11:12:05,315 dumbo.py [line:219] run_bft INFO ACS Block Delay at Node 51: 4.6988818645477295 
2023-03-10 11:12:05,315 dumbo.py [line:220] run_bft INFO Current Block's TPS at Node 51: 713.7868319919604 
2023-03-10 11:12:10,048 dumbo.py [line:217] run_bft INFO Node 51 Delivers ACS Block in Round 49 with having 3354 TXs 
2023-03-10 11:12:10,048 dumbo.py [line:219] run_bft INFO ACS Block Delay at Node 51: 4.733592748641968 
2023-03-10 11:12:10,049 dumbo.py [line:220] run_bft INFO Current Block's TPS at Node 51: 708.5527163193829 
2023-03-10 11:12:14,591 dumbo.py [line:217] run_bft INFO Node 51 Delivers ACS Block in Round 50 with having 3354 TXs 
2023-03-10 11:12:14,591 dumbo.py [line:219] run_bft INFO ACS Block Delay at Node 51: 4.542558193206787 
2023-03-10 11:12:14,591 dumbo.py [line:220] run_bft INFO Current Block's TPS at Node 51: 738.3504750727843 
2023-03-10 11:12:19,301 dumbo.py [line:217] run_bft INFO Node 51 Delivers ACS Block in Round 51 with having 3354 TXs 
2023-03-10 11:12:19,301 dumbo.py [line:219] run_bft INFO ACS Block Delay at Node 51: 4.710047483444214 
2023-03-10 11:12:19,301 dumbo.py [line:220] run_bft INFO Current Block's TPS at Node 51: 712.0947319086035 
2023-03-10 11:12:24,038 dumbo.py [line:217] run_bft INFO Node 51 Delivers ACS Block in Round 52 with having 3354 TXs 
2023-03-10 11:12:24,038 dumbo.py [line:219] run_bft INFO ACS Block Delay at Node 51: 4.736551523208618 
2023-03-10 11:12:24,038 dumbo.py [line:220] run_bft INFO Current Block's TPS at Node 51: 708.1101057522003 
2023-03-10 11:12:28,658 dumbo.py [line:217] run_bft INFO Node 51 Delivers ACS Block in Round 53 with having 3354 TXs 
2023-03-10 11:12:28,658 dumbo.py [line:219] run_bft INFO ACS Block Delay at Node 51: 4.619988441467285 
2023-03-10 11:12:28,658 dumbo.py [line:220] run_bft INFO Current Block's TPS at Node 51: 725.9758422544422 
2023-03-10 11:12:33,366 dumbo.py [line:217] run_bft INFO Node 51 Delivers ACS Block in Round 54 with having 3354 TXs 
2023-03-10 11:12:33,366 dumbo.py [line:219] run_bft INFO ACS Block Delay at Node 51: 4.707886219024658 
2023-03-10 11:12:33,366 dumbo.py [line:220] run_bft INFO Current Block's TPS at Node 51: 712.4216355200816 
2023-03-10 11:12:38,002 dumbo.py [line:217] run_bft INFO Node 51 Delivers ACS Block in Round 55 with having 3354 TXs 
2023-03-10 11:12:38,002 dumbo.py [line:219] run_bft INFO ACS Block Delay at Node 51: 4.636478900909424 
2023-03-10 11:12:38,002 dumbo.py [line:220] run_bft INFO Current Block's TPS at Node 51: 723.3937804272394 
2023-03-10 11:12:42,712 dumbo.py [line:217] run_bft INFO Node 51 Delivers ACS Block in Round 56 with having 3354 TXs 
2023-03-10 11:12:42,712 dumbo.py [line:219] run_bft INFO ACS Block Delay at Node 51: 4.709653615951538 
2023-03-10 11:12:42,712 dumbo.py [line:220] run_bft INFO Current Block's TPS at Node 51: 712.1542842641429 
2023-03-10 11:12:47,284 dumbo.py [line:217] run_bft INFO Node 51 Delivers ACS Block in Round 57 with having 3354 TXs 
2023-03-10 11:12:47,284 dumbo.py [line:219] run_bft INFO ACS Block Delay at Node 51: 4.572015047073364 
2023-03-10 11:12:47,284 dumbo.py [line:220] run_bft INFO Current Block's TPS at Node 51: 733.5933861694004 
2023-03-10 11:12:52,056 dumbo.py [line:217] run_bft INFO Node 51 Delivers ACS Block in Round 58 with having 3354 TXs 
2023-03-10 11:12:52,056 dumbo.py [line:219] run_bft INFO ACS Block Delay at Node 51: 4.771868705749512 
2023-03-10 11:12:52,056 dumbo.py [line:220] run_bft INFO Current Block's TPS at Node 51: 702.8692964579777 
2023-03-10 11:12:56,646 dumbo.py [line:217] run_bft INFO Node 51 Delivers ACS Block in Round 59 with having 3354 TXs 
2023-03-10 11:12:56,646 dumbo.py [line:219] run_bft INFO ACS Block Delay at Node 51: 4.5898661613464355 
2023-03-10 11:12:56,646 dumbo.py [line:220] run_bft INFO Current Block's TPS at Node 51: 730.7402617195498 
2023-03-10 11:13:01,318 dumbo.py [line:217] run_bft INFO Node 51 Delivers ACS Block in Round 60 with having 3354 TXs 
2023-03-10 11:13:01,318 dumbo.py [line:219] run_bft INFO ACS Block Delay at Node 51: 4.671975135803223 
2023-03-10 11:13:01,318 dumbo.py [line:220] run_bft INFO Current Block's TPS at Node 51: 717.8976562389963 
2023-03-10 11:13:06,051 dumbo.py [line:217] run_bft INFO Node 51 Delivers ACS Block in Round 61 with having 3354 TXs 
2023-03-10 11:13:06,051 dumbo.py [line:219] run_bft INFO ACS Block Delay at Node 51: 4.7324676513671875 
2023-03-10 11:13:06,051 dumbo.py [line:220] run_bft INFO Current Block's TPS at Node 51: 708.7211677043466 
2023-03-10 11:13:10,769 dumbo.py [line:217] run_bft INFO Node 51 Delivers ACS Block in Round 62 with having 3354 TXs 
2023-03-10 11:13:10,769 dumbo.py [line:219] run_bft INFO ACS Block Delay at Node 51: 4.7181336879730225 
2023-03-10 11:13:10,769 dumbo.py [line:220] run_bft INFO Current Block's TPS at Node 51: 710.8743036573273 
2023-03-10 11:13:15,443 dumbo.py [line:217] run_bft INFO Node 51 Delivers ACS Block in Round 63 with having 3354 TXs 
2023-03-10 11:13:15,444 dumbo.py [line:219] run_bft INFO ACS Block Delay at Node 51: 4.674582481384277 
2023-03-10 11:13:15,444 dumbo.py [line:220] run_bft INFO Current Block's TPS at Node 51: 717.4972338934502 
2023-03-10 11:13:21,565 dumbo.py [line:217] run_bft INFO Node 51 Delivers ACS Block in Round 64 with having 3354 TXs 
2023-03-10 11:13:21,565 dumbo.py [line:219] run_bft INFO ACS Block Delay at Node 51: 6.121240615844727 
2023-03-10 11:13:21,565 dumbo.py [line:220] run_bft INFO Current Block's TPS at Node 51: 547.9281424288777 
2023-03-10 11:13:26,174 dumbo.py [line:217] run_bft INFO Node 51 Delivers ACS Block in Round 65 with having 3354 TXs 
2023-03-10 11:13:26,175 dumbo.py [line:219] run_bft INFO ACS Block Delay at Node 51: 4.609532117843628 
2023-03-10 11:13:26,175 dumbo.py [line:220] run_bft INFO Current Block's TPS at Node 51: 727.622655457063 
2023-03-10 11:13:30,877 dumbo.py [line:217] run_bft INFO Node 51 Delivers ACS Block in Round 66 with having 3354 TXs 
2023-03-10 11:13:30,877 dumbo.py [line:219] run_bft INFO ACS Block Delay at Node 51: 4.702460527420044 
2023-03-10 11:13:30,877 dumbo.py [line:220] run_bft INFO Current Block's TPS at Node 51: 713.24362648933 
2023-03-10 11:13:35,568 dumbo.py [line:217] run_bft INFO Node 51 Delivers ACS Block in Round 67 with having 3354 TXs 
2023-03-10 11:13:35,569 dumbo.py [line:219] run_bft INFO ACS Block Delay at Node 51: 4.6915061473846436 
2023-03-10 11:13:35,569 dumbo.py [line:220] run_bft INFO Current Block's TPS at Node 51: 714.9090067524993 
2023-03-10 11:13:41,529 dumbo.py [line:217] run_bft INFO Node 51 Delivers ACS Block in Round 68 with having 3354 TXs 
2023-03-10 11:13:41,529 dumbo.py [line:219] run_bft INFO ACS Block Delay at Node 51: 5.959975719451904 
2023-03-10 11:13:41,529 dumbo.py [line:220] run_bft INFO Current Block's TPS at Node 51: 562.7539704655782 
2023-03-10 11:13:46,090 dumbo.py [line:217] run_bft INFO Node 51 Delivers ACS Block in Round 69 with having 3354 TXs 
2023-03-10 11:13:46,090 dumbo.py [line:219] run_bft INFO ACS Block Delay at Node 51: 4.561177492141724 
2023-03-10 11:13:46,090 dumbo.py [line:220] run_bft INFO Current Block's TPS at Node 51: 735.336435773104 
2023-03-10 11:13:50,844 dumbo.py [line:217] run_bft INFO Node 51 Delivers ACS Block in Round 70 with having 3354 TXs 
2023-03-10 11:13:50,844 dumbo.py [line:219] run_bft INFO ACS Block Delay at Node 51: 4.7543625831604 
2023-03-10 11:13:50,845 dumbo.py [line:220] run_bft INFO Current Block's TPS at Node 51: 705.457343930734 
2023-03-10 11:13:55,432 dumbo.py [line:217] run_bft INFO Node 51 Delivers ACS Block in Round 71 with having 3354 TXs 
2023-03-10 11:13:55,432 dumbo.py [line:219] run_bft INFO ACS Block Delay at Node 51: 4.587172508239746 
2023-03-10 11:13:55,432 dumbo.py [line:220] run_bft INFO Current Block's TPS at Node 51: 731.1693628210734 
2023-03-10 11:14:00,138 dumbo.py [line:217] run_bft INFO Node 51 Delivers ACS Block in Round 72 with having 3354 TXs 
2023-03-10 11:14:00,138 dumbo.py [line:219] run_bft INFO ACS Block Delay at Node 51: 4.7063307762146 
2023-03-10 11:14:00,138 dumbo.py [line:220] run_bft INFO Current Block's TPS at Node 51: 712.6570909445708 
2023-03-10 11:14:04,945 dumbo.py [line:217] run_bft INFO Node 51 Delivers ACS Block in Round 73 with having 3354 TXs 
2023-03-10 11:14:04,945 dumbo.py [line:219] run_bft INFO ACS Block Delay at Node 51: 4.807218074798584 
2023-03-10 11:14:04,945 dumbo.py [line:220] run_bft INFO Current Block's TPS at Node 51: 697.7008215173446 
2023-03-10 11:14:09,528 dumbo.py [line:217] run_bft INFO Node 51 Delivers ACS Block in Round 74 with having 3354 TXs 
2023-03-10 11:14:09,528 dumbo.py [line:219] run_bft INFO ACS Block Delay at Node 51: 4.5823259353637695 
2023-03-10 11:14:09,528 dumbo.py [line:220] run_bft INFO Current Block's TPS at Node 51: 731.9426962005796 
2023-03-10 11:14:14,144 dumbo.py [line:217] run_bft INFO Node 51 Delivers ACS Block in Round 75 with having 3354 TXs 
2023-03-10 11:14:14,144 dumbo.py [line:219] run_bft INFO ACS Block Delay at Node 51: 4.616389036178589 
2023-03-10 11:14:14,144 dumbo.py [line:220] run_bft INFO Current Block's TPS at Node 51: 726.541886681287 
2023-03-10 11:14:18,900 dumbo.py [line:217] run_bft INFO Node 51 Delivers ACS Block in Round 76 with having 3354 TXs 
2023-03-10 11:14:18,900 dumbo.py [line:219] run_bft INFO ACS Block Delay at Node 51: 4.755786418914795 
2023-03-10 11:14:18,900 dumbo.py [line:220] run_bft INFO Current Block's TPS at Node 51: 705.2461369291972 
2023-03-10 11:14:23,715 dumbo.py [line:217] run_bft INFO Node 51 Delivers ACS Block in Round 77 with having 3354 TXs 
2023-03-10 11:14:23,715 dumbo.py [line:219] run_bft INFO ACS Block Delay at Node 51: 4.814507722854614 
2023-03-10 11:14:23,715 dumbo.py [line:220] run_bft INFO Current Block's TPS at Node 51: 696.6444324262811 
2023-03-10 11:14:28,373 dumbo.py [line:217] run_bft INFO Node 51 Delivers ACS Block in Round 78 with having 3354 TXs 
2023-03-10 11:14:28,373 dumbo.py [line:219] run_bft INFO ACS Block Delay at Node 51: 4.658427953720093 
2023-03-10 11:14:28,373 dumbo.py [line:220] run_bft INFO Current Block's TPS at Node 51: 719.9853756075776 
2023-03-10 11:14:33,022 dumbo.py [line:217] run_bft INFO Node 51 Delivers ACS Block in Round 79 with having 3354 TXs 
2023-03-10 11:14:33,022 dumbo.py [line:219] run_bft INFO ACS Block Delay at Node 51: 4.648437261581421 
2023-03-10 11:14:33,022 dumbo.py [line:220] run_bft INFO Current Block's TPS at Node 51: 721.5328101166956 
2023-03-10 11:14:37,830 dumbo.py [line:217] run_bft INFO Node 51 Delivers ACS Block in Round 80 with having 3354 TXs 
2023-03-10 11:14:37,831 dumbo.py [line:219] run_bft INFO ACS Block Delay at Node 51: 4.808844089508057 
2023-03-10 11:14:37,831 dumbo.py [line:220] run_bft INFO Current Block's TPS at Node 51: 697.464907901207 
2023-03-10 11:14:42,434 dumbo.py [line:217] run_bft INFO Node 51 Delivers ACS Block in Round 81 with having 3354 TXs 
2023-03-10 11:14:42,434 dumbo.py [line:219] run_bft INFO ACS Block Delay at Node 51: 4.603495836257935 
2023-03-10 11:14:42,434 dumbo.py [line:220] run_bft INFO Current Block's TPS at Node 51: 728.5767423928816 
2023-03-10 11:14:47,188 dumbo.py [line:217] run_bft INFO Node 51 Delivers ACS Block in Round 82 with having 3354 TXs 
2023-03-10 11:14:47,188 dumbo.py [line:219] run_bft INFO ACS Block Delay at Node 51: 4.753817319869995 
2023-03-10 11:14:47,188 dumbo.py [line:220] run_bft INFO Current Block's TPS at Node 51: 705.5382599539445 
2023-03-10 11:14:51,824 dumbo.py [line:217] run_bft INFO Node 51 Delivers ACS Block in Round 83 with having 3354 TXs 
2023-03-10 11:14:51,824 dumbo.py [line:219] run_bft INFO ACS Block Delay at Node 51: 4.635837554931641 
2023-03-10 11:14:51,824 dumbo.py [line:220] run_bft INFO Current Block's TPS at Node 51: 723.4938585007122 
2023-03-10 11:14:56,542 dumbo.py [line:217] run_bft INFO Node 51 Delivers ACS Block in Round 84 with having 3354 TXs 
2023-03-10 11:14:56,542 dumbo.py [line:219] run_bft INFO ACS Block Delay at Node 51: 4.718111991882324 
2023-03-10 11:14:56,542 dumbo.py [line:220] run_bft INFO Current Block's TPS at Node 51: 710.8775725906196 
2023-03-10 11:15:01,290 dumbo.py [line:217] run_bft INFO Node 51 Delivers ACS Block in Round 85 with having 3354 TXs 
2023-03-10 11:15:01,290 dumbo.py [line:219] run_bft INFO ACS Block Delay at Node 51: 4.747457265853882 
2023-03-10 11:15:01,290 dumbo.py [line:220] run_bft INFO Current Block's TPS at Node 51: 706.483452547044 
2023-03-10 11:15:06,117 dumbo.py [line:217] run_bft INFO Node 51 Delivers ACS Block in Round 86 with having 3354 TXs 
2023-03-10 11:15:06,117 dumbo.py [line:219] run_bft INFO ACS Block Delay at Node 51: 4.8270103931427 
2023-03-10 11:15:06,117 dumbo.py [line:220] run_bft INFO Current Block's TPS at Node 51: 694.8400203912397 
2023-03-10 11:15:10,805 dumbo.py [line:217] run_bft INFO Node 51 Delivers ACS Block in Round 87 with having 3354 TXs 
2023-03-10 11:15:10,806 dumbo.py [line:219] run_bft INFO ACS Block Delay at Node 51: 4.688539505004883 
2023-03-10 11:15:10,806 dumbo.py [line:220] run_bft INFO Current Block's TPS at Node 51: 715.3613607008537 
2023-03-10 11:15:15,494 dumbo.py [line:217] run_bft INFO Node 51 Delivers ACS Block in Round 88 with having 3354 TXs 
2023-03-10 11:15:15,494 dumbo.py [line:219] run_bft INFO ACS Block Delay at Node 51: 4.688696384429932 
2023-03-10 11:15:15,494 dumbo.py [line:220] run_bft INFO Current Block's TPS at Node 51: 715.337425374322 
2023-03-10 11:15:20,445 dumbo.py [line:217] run_bft INFO Node 51 Delivers ACS Block in Round 89 with having 3354 TXs 
2023-03-10 11:15:20,445 dumbo.py [line:219] run_bft INFO ACS Block Delay at Node 51: 4.950523853302002 
2023-03-10 11:15:20,445 dumbo.py [line:220] run_bft INFO Current Block's TPS at Node 51: 677.5040580327434 
2023-03-10 11:15:25,069 dumbo.py [line:217] run_bft INFO Node 51 Delivers ACS Block in Round 90 with having 3354 TXs 
2023-03-10 11:15:25,069 dumbo.py [line:219] run_bft INFO ACS Block Delay at Node 51: 4.624113321304321 
2023-03-10 11:15:25,069 dumbo.py [line:220] run_bft INFO Current Block's TPS at Node 51: 725.3282449950727 
2023-03-10 11:15:29,548 dumbo.py [line:217] run_bft INFO Node 51 Delivers ACS Block in Round 91 with having 3354 TXs 
2023-03-10 11:15:29,548 dumbo.py [line:219] run_bft INFO ACS Block Delay at Node 51: 4.478564739227295 
2023-03-10 11:15:29,548 dumbo.py [line:220] run_bft INFO Current Block's TPS at Node 51: 748.9006401141539 
2023-03-10 11:15:34,174 dumbo.py [line:217] run_bft INFO Node 51 Delivers ACS Block in Round 92 with having 3354 TXs 
2023-03-10 11:15:34,174 dumbo.py [line:219] run_bft INFO ACS Block Delay at Node 51: 4.625782489776611 
2023-03-10 11:15:34,174 dumbo.py [line:220] run_bft INFO Current Block's TPS at Node 51: 725.0665173757385 
2023-03-10 11:15:40,280 dumbo.py [line:217] run_bft INFO Node 51 Delivers ACS Block in Round 93 with having 3354 TXs 
2023-03-10 11:15:40,280 dumbo.py [line:219] run_bft INFO ACS Block Delay at Node 51: 6.106730699539185 
2023-03-10 11:15:40,280 dumbo.py [line:220] run_bft INFO Current Block's TPS at Node 51: 549.2300487809449 
2023-03-10 11:15:44,967 dumbo.py [line:217] run_bft INFO Node 51 Delivers ACS Block in Round 94 with having 3354 TXs 
2023-03-10 11:15:44,967 dumbo.py [line:219] run_bft INFO ACS Block Delay at Node 51: 4.68645715713501 
2023-03-10 11:15:44,967 dumbo.py [line:220] run_bft INFO Current Block's TPS at Node 51: 715.679219406417 
2023-03-10 11:15:49,673 dumbo.py [line:217] run_bft INFO Node 51 Delivers ACS Block in Round 95 with having 3354 TXs 
2023-03-10 11:15:49,673 dumbo.py [line:219] run_bft INFO ACS Block Delay at Node 51: 4.706013441085815 
2023-03-10 11:15:49,673 dumbo.py [line:220] run_bft INFO Current Block's TPS at Node 51: 712.7051467209864 
2023-03-10 11:15:54,339 dumbo.py [line:217] run_bft INFO Node 51 Delivers ACS Block in Round 96 with having 3354 TXs 
2023-03-10 11:15:54,339 dumbo.py [line:219] run_bft INFO ACS Block Delay at Node 51: 4.666159629821777 
2023-03-10 11:15:54,339 dumbo.py [line:220] run_bft INFO Current Block's TPS at Node 51: 718.792383047578 
2023-03-10 11:15:58,960 dumbo.py [line:217] run_bft INFO Node 51 Delivers ACS Block in Round 97 with having 3354 TXs 
2023-03-10 11:15:58,961 dumbo.py [line:219] run_bft INFO ACS Block Delay at Node 51: 4.621210336685181 
2023-03-10 11:15:58,961 dumbo.py [line:220] run_bft INFO Current Block's TPS at Node 51: 725.7838868260307 
2023-03-10 11:16:03,681 dumbo.py [line:217] run_bft INFO Node 51 Delivers ACS Block in Round 98 with having 3354 TXs 
2023-03-10 11:16:03,682 dumbo.py [line:219] run_bft INFO ACS Block Delay at Node 51: 4.720945835113525 
2023-03-10 11:16:03,682 dumbo.py [line:220] run_bft INFO Current Block's TPS at Node 51: 710.4508539482842 
2023-03-10 11:16:08,409 dumbo.py [line:217] run_bft INFO Node 51 Delivers ACS Block in Round 99 with having 3354 TXs 
2023-03-10 11:16:08,409 dumbo.py [line:219] run_bft INFO ACS Block Delay at Node 51: 4.727407932281494 
2023-03-10 11:16:08,409 dumbo.py [line:220] run_bft INFO Current Block's TPS at Node 51: 709.4797081286206 
2023-03-10 11:16:08,409 dumbo.py [line:241] run_bft INFO node 51 breaks in 470.770290 seconds with total delivered Txs 335400 
