2023-03-05 23:43:00,720 socket_client.py [line:240] run INFO node id 13 is running on pid 1275 
2023-03-05 23:43:00,720 socket_client.py [line:53] _connect_and_send_forever INFO node 13's socket client starts to make outgoing connections on process id 1275 
2023-03-05 23:44:40,481 socket_client.py [line:240] run INFO node id 13 is running on pid 1919 
2023-03-05 23:44:40,481 socket_client.py [line:53] _connect_and_send_forever INFO node 13's socket client starts to make outgoing connections on process id 1919 
2023-03-05 23:45:57,940 socket_client.py [line:240] run INFO node id 13 is running on pid 2410 
2023-03-05 23:45:57,940 socket_client.py [line:53] _connect_and_send_forever INFO node 13's socket client starts to make outgoing connections on process id 2410 
2023-03-05 23:47:50,105 socket_client.py [line:240] run INFO node id 13 is running on pid 2896 
2023-03-05 23:47:50,105 socket_client.py [line:53] _connect_and_send_forever INFO node 13's socket client starts to make outgoing connections on process id 2896 
2023-03-05 23:50:07,749 socket_client.py [line:240] run INFO node id 13 is running on pid 3425 
2023-03-05 23:50:07,750 socket_client.py [line:53] _connect_and_send_forever INFO node 13's socket client starts to make outgoing connections on process id 3425 
2023-03-06 17:08:06,248 socket_client.py [line:240] run INFO node id 13 is running on pid 4813 
2023-03-06 17:08:06,248 socket_client.py [line:53] _connect_and_send_forever INFO node 13's socket client starts to make outgoing connections on process id 4813 
2023-03-06 17:08:57,009 socket_client.py [line:240] run INFO node id 13 is running on pid 5316 
2023-03-06 17:08:57,009 socket_client.py [line:53] _connect_and_send_forever INFO node 13's socket client starts to make outgoing connections on process id 5316 
2023-03-06 17:12:44,704 socket_client.py [line:240] run INFO node id 13 is running on pid 5839 
2023-03-06 17:12:44,705 socket_client.py [line:53] _connect_and_send_forever INFO node 13's socket client starts to make outgoing connections on process id 5839 
2023-03-06 17:13:22,098 socket_client.py [line:240] run INFO node id 13 is running on pid 6300 
2023-03-06 17:13:22,098 socket_client.py [line:53] _connect_and_send_forever INFO node 13's socket client starts to make outgoing connections on process id 6300 
2023-03-07 12:23:01,908 socket_client.py [line:240] run INFO node id 13 is running on pid 705 
2023-03-07 12:23:01,909 socket_client.py [line:53] _connect_and_send_forever INFO node 13's socket client starts to make outgoing connections on process id 705 
2023-03-07 12:23:37,681 socket_client.py [line:240] run INFO node id 13 is running on pid 1190 
2023-03-07 12:23:37,681 socket_client.py [line:53] _connect_and_send_forever INFO node 13's socket client starts to make outgoing connections on process id 1190 
2023-03-07 16:52:22,358 socket_client.py [line:240] run INFO node id 13 is running on pid 2265 
2023-03-07 16:52:22,358 socket_client.py [line:53] _connect_and_send_forever INFO node 13's socket client starts to make outgoing connections on process id 2265 
2023-03-07 16:53:58,887 socket_client.py [line:240] run INFO node id 13 is running on pid 2720 
2023-03-07 16:53:58,887 socket_client.py [line:53] _connect_and_send_forever INFO node 13's socket client starts to make outgoing connections on process id 2720 
2023-03-07 16:55:25,878 socket_client.py [line:240] run INFO node id 13 is running on pid 3167 
2023-03-07 16:55:25,879 socket_client.py [line:53] _connect_and_send_forever INFO node 13's socket client starts to make outgoing connections on process id 3167 
2023-03-07 16:57:29,383 socket_client.py [line:240] run INFO node id 13 is running on pid 4263 
2023-03-07 16:57:29,383 socket_client.py [line:53] _connect_and_send_forever INFO node 13's socket client starts to make outgoing connections on process id 4263 
2023-03-07 16:59:48,934 socket_client.py [line:240] run INFO node id 13 is running on pid 4769 
2023-03-07 16:59:48,934 socket_client.py [line:53] _connect_and_send_forever INFO node 13's socket client starts to make outgoing connections on process id 4769 
2023-03-07 17:10:53,153 socket_client.py [line:240] run INFO node id 13 is running on pid 5374 
2023-03-07 17:10:53,153 socket_client.py [line:53] _connect_and_send_forever INFO node 13's socket client starts to make outgoing connections on process id 5374 
2023-03-07 17:13:03,527 socket_client.py [line:240] run INFO node id 13 is running on pid 5860 
2023-03-07 17:13:03,527 socket_client.py [line:53] _connect_and_send_forever INFO node 13's socket client starts to make outgoing connections on process id 5860 
2023-03-07 18:03:08,768 socket_client.py [line:240] run INFO node id 13 is running on pid 6972 
2023-03-07 18:03:08,769 socket_client.py [line:53] _connect_and_send_forever INFO node 13's socket client starts to make outgoing connections on process id 6972 
2023-03-07 18:03:10,616 socket_client.py [line:166] _send ERROR fail to send msg 
2023-03-07 18:03:10,620 socket_client.py [line:168] _send ERROR (BrokenPipeError(32, 'Broken pipe'), None) 
2023-03-07 18:03:10,621 socket_client.py [line:166] _send ERROR fail to send msg 
2023-03-07 18:03:10,622 socket_client.py [line:168] _send ERROR (ConnectionResetError(104, 'Connection reset by peer'), None) 
2023-03-07 18:03:10,623 socket_client.py [line:166] _send ERROR fail to send msg 
2023-03-07 18:03:10,623 socket_client.py [line:168] _send ERROR (BrokenPipeError(32, 'Broken pipe'), None) 
2023-03-07 18:03:10,623 socket_client.py [line:166] _send ERROR fail to send msg 
2023-03-07 18:03:10,624 socket_client.py [line:168] _send ERROR (BrokenPipeError(32, 'Broken pipe'), None) 
2023-03-07 18:03:10,624 socket_client.py [line:166] _send ERROR fail to send msg 
2023-03-07 18:03:10,625 socket_client.py [line:168] _send ERROR (BrokenPipeError(32, 'Broken pipe'), None) 
2023-03-07 18:03:56,479 socket_client.py [line:240] run INFO node id 13 is running on pid 7467 
2023-03-07 18:03:56,482 socket_client.py [line:53] _connect_and_send_forever INFO node 13's socket client starts to make outgoing connections on process id 7467 
2023-03-07 18:04:14,946 socket_client.py [line:240] run INFO node id 13 is running on pid 7792 
2023-03-07 18:04:14,950 socket_client.py [line:53] _connect_and_send_forever INFO node 13's socket client starts to make outgoing connections on process id 7792 
2023-03-07 18:04:39,182 socket_client.py [line:240] run INFO node id 13 is running on pid 8160 
2023-03-07 18:04:39,183 socket_client.py [line:53] _connect_and_send_forever INFO node 13's socket client starts to make outgoing connections on process id 8160 
2023-03-07 18:04:41,120 socket_client.py [line:166] _send ERROR fail to send msg 
2023-03-07 18:04:41,121 socket_client.py [line:168] _send ERROR (BrokenPipeError(32, 'Broken pipe'), None) 
2023-03-07 18:04:41,123 socket_client.py [line:166] _send ERROR fail to send msg 
2023-03-07 18:04:41,123 socket_client.py [line:168] _send ERROR (BrokenPipeError(32, 'Broken pipe'), None) 
2023-03-07 18:04:41,124 socket_client.py [line:166] _send ERROR fail to send msg 
2023-03-07 18:04:41,124 socket_client.py [line:168] _send ERROR (ConnectionResetError(104, 'Connection reset by peer'), None) 
2023-03-07 18:05:17,866 socket_client.py [line:240] run INFO node id 13 is running on pid 8653 
2023-03-07 18:05:17,866 socket_client.py [line:53] _connect_and_send_forever INFO node 13's socket client starts to make outgoing connections on process id 8653 
2023-03-07 18:05:27,837 socket_client.py [line:240] run INFO node id 13 is running on pid 9015 
2023-03-07 18:05:27,838 socket_client.py [line:53] _connect_and_send_forever INFO node 13's socket client starts to make outgoing connections on process id 9015 
2023-03-07 18:10:50,172 socket_client.py [line:240] run INFO node id 13 is running on pid 9576 
2023-03-07 18:10:50,172 socket_client.py [line:53] _connect_and_send_forever INFO node 13's socket client starts to make outgoing connections on process id 9576 
2023-03-07 18:15:14,975 socket_client.py [line:240] run INFO node id 13 is running on pid 10115 
2023-03-07 18:15:14,976 socket_client.py [line:53] _connect_and_send_forever INFO node 13's socket client starts to make outgoing connections on process id 10115 
2023-03-07 18:49:21,897 socket_client.py [line:240] run INFO node id 13 is running on pid 11388 
2023-03-07 18:49:21,898 socket_client.py [line:53] _connect_and_send_forever INFO node 13's socket client starts to make outgoing connections on process id 11388 
2023-03-07 18:50:32,611 socket_client.py [line:240] run INFO node id 13 is running on pid 11855 
2023-03-07 18:50:32,613 socket_client.py [line:53] _connect_and_send_forever INFO node 13's socket client starts to make outgoing connections on process id 11855 
2023-03-07 19:13:21,867 socket_client.py [line:240] run INFO node id 13 is running on pid 15741 
2023-03-07 19:13:21,867 socket_client.py [line:53] _connect_and_send_forever INFO node 13's socket client starts to make outgoing connections on process id 15741 
2023-03-07 19:15:32,827 socket_client.py [line:240] run INFO node id 13 is running on pid 16257 
2023-03-07 19:15:32,827 socket_client.py [line:53] _connect_and_send_forever INFO node 13's socket client starts to make outgoing connections on process id 16257 
