2023-03-05 23:43:00,698 socket_client.py [line:240] run INFO node id 4 is running on pid 1266 
2023-03-05 23:43:00,698 socket_client.py [line:53] _connect_and_send_forever INFO node 4's socket client starts to make outgoing connections on process id 1266 
2023-03-05 23:44:40,473 socket_client.py [line:240] run INFO node id 4 is running on pid 1910 
2023-03-05 23:44:40,473 socket_client.py [line:53] _connect_and_send_forever INFO node 4's socket client starts to make outgoing connections on process id 1910 
2023-03-05 23:45:57,937 socket_client.py [line:240] run INFO node id 4 is running on pid 2406 
2023-03-05 23:45:57,937 socket_client.py [line:53] _connect_and_send_forever INFO node 4's socket client starts to make outgoing connections on process id 2406 
2023-03-05 23:47:50,156 socket_client.py [line:240] run INFO node id 4 is running on pid 2900 
2023-03-05 23:47:50,156 socket_client.py [line:53] _connect_and_send_forever INFO node 4's socket client starts to make outgoing connections on process id 2900 
2023-03-05 23:50:07,702 socket_client.py [line:240] run INFO node id 4 is running on pid 3414 
2023-03-05 23:50:07,702 socket_client.py [line:53] _connect_and_send_forever INFO node 4's socket client starts to make outgoing connections on process id 3414 
2023-03-06 00:07:49,326 socket_client.py [line:240] run INFO node id 4 is running on pid 4270 
2023-03-06 00:07:49,326 socket_client.py [line:53] _connect_and_send_forever INFO node 4's socket client starts to make outgoing connections on process id 4270 
2023-03-06 00:13:13,640 socket_client.py [line:240] run INFO node id 4 is running on pid 4644 
2023-03-06 00:13:13,640 socket_client.py [line:53] _connect_and_send_forever INFO node 4's socket client starts to make outgoing connections on process id 4644 
2023-03-06 11:20:39,719 socket_client.py [line:240] run INFO node id 4 is running on pid 2304 
2023-03-06 11:20:39,720 socket_client.py [line:53] _connect_and_send_forever INFO node 4's socket client starts to make outgoing connections on process id 2304 
2023-03-06 11:22:50,857 socket_client.py [line:240] run INFO node id 4 is running on pid 2660 
2023-03-06 11:22:50,858 socket_client.py [line:53] _connect_and_send_forever INFO node 4's socket client starts to make outgoing connections on process id 2660 
2023-03-06 11:23:01,802 socket_client.py [line:240] run INFO node id 4 is running on pid 2888 
2023-03-06 11:23:01,803 socket_client.py [line:53] _connect_and_send_forever INFO node 4's socket client starts to make outgoing connections on process id 2888 
2023-03-06 11:24:05,181 socket_client.py [line:240] run INFO node id 4 is running on pid 3219 
2023-03-06 11:24:05,181 socket_client.py [line:53] _connect_and_send_forever INFO node 4's socket client starts to make outgoing connections on process id 3219 
2023-03-06 11:24:34,848 socket_client.py [line:240] run INFO node id 4 is running on pid 3544 
2023-03-06 11:24:34,848 socket_client.py [line:53] _connect_and_send_forever INFO node 4's socket client starts to make outgoing connections on process id 3544 
2023-03-06 17:05:48,284 socket_client.py [line:240] run INFO node id 4 is running on pid 4035 
2023-03-06 17:05:48,284 socket_client.py [line:53] _connect_and_send_forever INFO node 4's socket client starts to make outgoing connections on process id 4035 
2023-03-06 17:06:39,786 socket_client.py [line:240] run INFO node id 4 is running on pid 4364 
2023-03-06 17:06:39,786 socket_client.py [line:53] _connect_and_send_forever INFO node 4's socket client starts to make outgoing connections on process id 4364 
2023-03-06 17:08:06,212 socket_client.py [line:240] run INFO node id 4 is running on pid 4811 
2023-03-06 17:08:06,212 socket_client.py [line:53] _connect_and_send_forever INFO node 4's socket client starts to make outgoing connections on process id 4811 
2023-03-06 17:08:57,009 socket_client.py [line:240] run INFO node id 4 is running on pid 5317 
2023-03-06 17:08:57,009 socket_client.py [line:53] _connect_and_send_forever INFO node 4's socket client starts to make outgoing connections on process id 5317 
2023-03-06 17:12:44,632 socket_client.py [line:240] run INFO node id 4 is running on pid 5815 
2023-03-06 17:12:44,632 socket_client.py [line:53] _connect_and_send_forever INFO node 4's socket client starts to make outgoing connections on process id 5815 
2023-03-06 17:13:22,104 socket_client.py [line:240] run INFO node id 4 is running on pid 6306 
2023-03-06 17:13:22,104 socket_client.py [line:53] _connect_and_send_forever INFO node 4's socket client starts to make outgoing connections on process id 6306 
2023-03-07 12:23:01,907 socket_client.py [line:240] run INFO node id 4 is running on pid 695 
2023-03-07 12:23:01,908 socket_client.py [line:53] _connect_and_send_forever INFO node 4's socket client starts to make outgoing connections on process id 695 
2023-03-07 12:23:37,677 socket_client.py [line:240] run INFO node id 4 is running on pid 1188 
2023-03-07 12:23:37,677 socket_client.py [line:53] _connect_and_send_forever INFO node 4's socket client starts to make outgoing connections on process id 1188 
2023-03-07 16:52:22,324 socket_client.py [line:240] run INFO node id 4 is running on pid 2249 
2023-03-07 16:52:22,326 socket_client.py [line:53] _connect_and_send_forever INFO node 4's socket client starts to make outgoing connections on process id 2249 
2023-03-07 16:53:58,940 socket_client.py [line:240] run INFO node id 4 is running on pid 2742 
2023-03-07 16:53:58,941 socket_client.py [line:53] _connect_and_send_forever INFO node 4's socket client starts to make outgoing connections on process id 2742 
2023-03-07 16:55:25,850 socket_client.py [line:240] run INFO node id 4 is running on pid 3161 
2023-03-07 16:55:25,850 socket_client.py [line:53] _connect_and_send_forever INFO node 4's socket client starts to make outgoing connections on process id 3161 
2023-03-07 16:56:11,096 socket_client.py [line:240] run INFO node id 4 is running on pid 3484 
2023-03-07 16:56:11,096 socket_client.py [line:53] _connect_and_send_forever INFO node 4's socket client starts to make outgoing connections on process id 3484 
2023-03-07 16:56:41,401 socket_client.py [line:240] run INFO node id 4 is running on pid 3824 
2023-03-07 16:56:41,401 socket_client.py [line:53] _connect_and_send_forever INFO node 4's socket client starts to make outgoing connections on process id 3824 
2023-03-07 16:57:29,402 socket_client.py [line:240] run INFO node id 4 is running on pid 4267 
2023-03-07 16:57:29,402 socket_client.py [line:53] _connect_and_send_forever INFO node 4's socket client starts to make outgoing connections on process id 4267 
2023-03-07 16:59:49,019 socket_client.py [line:240] run INFO node id 4 is running on pid 4795 
2023-03-07 16:59:49,020 socket_client.py [line:53] _connect_and_send_forever INFO node 4's socket client starts to make outgoing connections on process id 4795 
2023-03-07 17:10:53,136 socket_client.py [line:240] run INFO node id 4 is running on pid 5362 
2023-03-07 17:10:53,136 socket_client.py [line:53] _connect_and_send_forever INFO node 4's socket client starts to make outgoing connections on process id 5362 
2023-03-07 17:13:03,575 socket_client.py [line:240] run INFO node id 4 is running on pid 5875 
2023-03-07 17:13:03,575 socket_client.py [line:53] _connect_and_send_forever INFO node 4's socket client starts to make outgoing connections on process id 5875 
2023-03-07 18:03:08,850 socket_client.py [line:240] run INFO node id 4 is running on pid 6989 
2023-03-07 18:03:08,851 socket_client.py [line:53] _connect_and_send_forever INFO node 4's socket client starts to make outgoing connections on process id 6989 
2023-03-07 18:03:55,562 socket_client.py [line:240] run INFO node id 4 is running on pid 7440 
2023-03-07 18:03:55,562 socket_client.py [line:53] _connect_and_send_forever INFO node 4's socket client starts to make outgoing connections on process id 7440 
2023-03-07 18:04:16,715 socket_client.py [line:240] run INFO node id 4 is running on pid 7809 
2023-03-07 18:04:16,716 socket_client.py [line:53] _connect_and_send_forever INFO node 4's socket client starts to make outgoing connections on process id 7809 
2023-03-07 18:04:39,310 socket_client.py [line:240] run INFO node id 4 is running on pid 8180 
2023-03-07 18:04:39,311 socket_client.py [line:53] _connect_and_send_forever INFO node 4's socket client starts to make outgoing connections on process id 8180 
2023-03-07 18:05:17,623 socket_client.py [line:240] run INFO node id 4 is running on pid 8647 
2023-03-07 18:05:17,624 socket_client.py [line:53] _connect_and_send_forever INFO node 4's socket client starts to make outgoing connections on process id 8647 
2023-03-07 18:05:27,572 socket_client.py [line:240] run INFO node id 4 is running on pid 8995 
2023-03-07 18:05:27,573 socket_client.py [line:53] _connect_and_send_forever INFO node 4's socket client starts to make outgoing connections on process id 8995 
2023-03-07 18:10:50,205 socket_client.py [line:240] run INFO node id 4 is running on pid 9582 
2023-03-07 18:10:50,205 socket_client.py [line:53] _connect_and_send_forever INFO node 4's socket client starts to make outgoing connections on process id 9582 
2023-03-07 18:15:14,995 socket_client.py [line:240] run INFO node id 4 is running on pid 10121 
2023-03-07 18:15:14,995 socket_client.py [line:53] _connect_and_send_forever INFO node 4's socket client starts to make outgoing connections on process id 10121 
2023-03-07 18:49:21,812 socket_client.py [line:240] run INFO node id 4 is running on pid 11368 
2023-03-07 18:49:21,813 socket_client.py [line:53] _connect_and_send_forever INFO node 4's socket client starts to make outgoing connections on process id 11368 
2023-03-07 18:50:32,576 socket_client.py [line:240] run INFO node id 4 is running on pid 11849 
2023-03-07 18:50:32,577 socket_client.py [line:53] _connect_and_send_forever INFO node 4's socket client starts to make outgoing connections on process id 11849 
2023-03-07 19:09:25,639 socket_client.py [line:240] run INFO node id 4 is running on pid 14904 
2023-03-07 19:09:25,640 socket_client.py [line:53] _connect_and_send_forever INFO node 4's socket client starts to make outgoing connections on process id 14904 
2023-03-07 19:10:25,427 socket_client.py [line:240] run INFO node id 4 is running on pid 15251 
2023-03-07 19:10:25,427 socket_client.py [line:53] _connect_and_send_forever INFO node 4's socket client starts to make outgoing connections on process id 15251 
2023-03-07 19:13:21,923 socket_client.py [line:240] run INFO node id 4 is running on pid 15751 
2023-03-07 19:13:21,923 socket_client.py [line:53] _connect_and_send_forever INFO node 4's socket client starts to make outgoing connections on process id 15751 
2023-03-07 19:15:32,923 socket_client.py [line:240] run INFO node id 4 is running on pid 16279 
2023-03-07 19:15:32,923 socket_client.py [line:53] _connect_and_send_forever INFO node 4's socket client starts to make outgoing connections on process id 16279 
2023-03-07 21:31:02,140 socket_client.py [line:240] run INFO node id 4 is running on pid 16888 
2023-03-07 21:31:02,140 socket_client.py [line:53] _connect_and_send_forever INFO node 4's socket client starts to make outgoing connections on process id 16888 
2023-03-07 21:35:48,081 socket_client.py [line:240] run INFO node id 4 is running on pid 17282 
2023-03-07 21:35:48,082 socket_client.py [line:53] _connect_and_send_forever INFO node 4's socket client starts to make outgoing connections on process id 17282 
2023-03-07 21:42:18,218 socket_client.py [line:240] run INFO node id 4 is running on pid 17667 
2023-03-07 21:42:18,219 socket_client.py [line:53] _connect_and_send_forever INFO node 4's socket client starts to make outgoing connections on process id 17667 
2023-03-07 21:48:54,753 socket_client.py [line:240] run INFO node id 4 is running on pid 18072 
2023-03-07 21:48:54,754 socket_client.py [line:53] _connect_and_send_forever INFO node 4's socket client starts to make outgoing connections on process id 18072 
2023-03-07 21:54:26,477 socket_client.py [line:240] run INFO node id 4 is running on pid 18486 
2023-03-07 21:54:26,478 socket_client.py [line:53] _connect_and_send_forever INFO node 4's socket client starts to make outgoing connections on process id 18486 
2023-03-07 22:00:11,930 socket_client.py [line:240] run INFO node id 4 is running on pid 18828 
2023-03-07 22:00:11,930 socket_client.py [line:53] _connect_and_send_forever INFO node 4's socket client starts to make outgoing connections on process id 18828 
2023-03-07 22:07:27,800 socket_client.py [line:240] run INFO node id 4 is running on pid 19338 
2023-03-07 22:07:27,801 socket_client.py [line:53] _connect_and_send_forever INFO node 4's socket client starts to make outgoing connections on process id 19338 
2023-03-07 22:14:48,629 socket_client.py [line:240] run INFO node id 4 is running on pid 19985 
2023-03-07 22:14:48,630 socket_client.py [line:53] _connect_and_send_forever INFO node 4's socket client starts to make outgoing connections on process id 19985 
2023-03-07 22:20:16,566 socket_client.py [line:240] run INFO node id 4 is running on pid 20378 
2023-03-07 22:20:16,567 socket_client.py [line:53] _connect_and_send_forever INFO node 4's socket client starts to make outgoing connections on process id 20378 
2023-03-07 22:25:02,604 socket_client.py [line:240] run INFO node id 4 is running on pid 20740 
2023-03-07 22:25:02,604 socket_client.py [line:53] _connect_and_send_forever INFO node 4's socket client starts to make outgoing connections on process id 20740 
2023-03-07 22:30:42,247 socket_client.py [line:240] run INFO node id 4 is running on pid 21122 
2023-03-07 22:30:42,247 socket_client.py [line:53] _connect_and_send_forever INFO node 4's socket client starts to make outgoing connections on process id 21122 
2023-03-07 22:36:04,908 socket_client.py [line:240] run INFO node id 4 is running on pid 21543 
2023-03-07 22:36:04,908 socket_client.py [line:53] _connect_and_send_forever INFO node 4's socket client starts to make outgoing connections on process id 21543 
2023-03-07 22:44:17,108 socket_client.py [line:240] run INFO node id 4 is running on pid 22063 
2023-03-07 22:44:17,109 socket_client.py [line:53] _connect_and_send_forever INFO node 4's socket client starts to make outgoing connections on process id 22063 
2023-03-07 22:49:08,001 socket_client.py [line:240] run INFO node id 4 is running on pid 22459 
2023-03-07 22:49:08,002 socket_client.py [line:53] _connect_and_send_forever INFO node 4's socket client starts to make outgoing connections on process id 22459 
2023-03-07 22:54:27,913 socket_client.py [line:240] run INFO node id 4 is running on pid 22911 
2023-03-07 22:54:27,914 socket_client.py [line:53] _connect_and_send_forever INFO node 4's socket client starts to make outgoing connections on process id 22911 
2023-03-07 22:59:16,259 socket_client.py [line:240] run INFO node id 4 is running on pid 23382 
2023-03-07 22:59:16,259 socket_client.py [line:53] _connect_and_send_forever INFO node 4's socket client starts to make outgoing connections on process id 23382 
2023-03-07 23:05:12,166 socket_client.py [line:240] run INFO node id 4 is running on pid 23842 
2023-03-07 23:05:12,166 socket_client.py [line:53] _connect_and_send_forever INFO node 4's socket client starts to make outgoing connections on process id 23842 
2023-03-07 23:13:19,636 socket_client.py [line:240] run INFO node id 4 is running on pid 24562 
2023-03-07 23:13:19,636 socket_client.py [line:53] _connect_and_send_forever INFO node 4's socket client starts to make outgoing connections on process id 24562 
2023-03-07 23:18:38,201 socket_client.py [line:240] run INFO node id 4 is running on pid 24929 
2023-03-07 23:18:38,201 socket_client.py [line:53] _connect_and_send_forever INFO node 4's socket client starts to make outgoing connections on process id 24929 
2023-03-07 23:22:40,254 socket_client.py [line:240] run INFO node id 4 is running on pid 25309 
2023-03-07 23:22:40,254 socket_client.py [line:53] _connect_and_send_forever INFO node 4's socket client starts to make outgoing connections on process id 25309 
2023-03-07 23:27:25,466 socket_client.py [line:240] run INFO node id 4 is running on pid 25705 
2023-03-07 23:27:25,467 socket_client.py [line:53] _connect_and_send_forever INFO node 4's socket client starts to make outgoing connections on process id 25705 
2023-03-07 23:32:07,009 socket_client.py [line:240] run INFO node id 4 is running on pid 26088 
2023-03-07 23:32:07,009 socket_client.py [line:53] _connect_and_send_forever INFO node 4's socket client starts to make outgoing connections on process id 26088 
2023-03-07 23:36:11,940 socket_client.py [line:240] run INFO node id 4 is running on pid 26512 
2023-03-07 23:36:11,940 socket_client.py [line:53] _connect_and_send_forever INFO node 4's socket client starts to make outgoing connections on process id 26512 
2023-03-07 23:41:13,243 socket_client.py [line:240] run INFO node id 4 is running on pid 26809 
2023-03-07 23:41:13,243 socket_client.py [line:53] _connect_and_send_forever INFO node 4's socket client starts to make outgoing connections on process id 26809 
2023-03-07 23:47:55,611 socket_client.py [line:240] run INFO node id 4 is running on pid 27443 
2023-03-07 23:47:55,612 socket_client.py [line:53] _connect_and_send_forever INFO node 4's socket client starts to make outgoing connections on process id 27443 
2023-03-07 23:50:52,145 socket_client.py [line:166] _send ERROR fail to send msg 
2023-03-07 23:50:52,146 socket_client.py [line:168] _send ERROR (BrokenPipeError(32, 'Broken pipe'), None) 
2023-03-07 23:50:52,146 socket_client.py [line:166] _send ERROR fail to send msg 
2023-03-07 23:50:52,147 socket_client.py [line:168] _send ERROR (BrokenPipeError(32, 'Broken pipe'), None) 
2023-03-07 23:50:52,147 socket_client.py [line:166] _send ERROR fail to send msg 
2023-03-07 23:50:52,147 socket_client.py [line:168] _send ERROR (BrokenPipeError(32, 'Broken pipe'), None) 
2023-03-07 23:50:52,147 socket_client.py [line:166] _send ERROR fail to send msg 
2023-03-07 23:50:52,147 socket_client.py [line:168] _send ERROR (BrokenPipeError(32, 'Broken pipe'), None) 
2023-03-07 23:50:52,148 socket_client.py [line:166] _send ERROR fail to send msg 
2023-03-07 23:50:52,148 socket_client.py [line:168] _send ERROR (BrokenPipeError(32, 'Broken pipe'), None) 
2023-03-07 23:50:52,148 socket_client.py [line:166] _send ERROR fail to send msg 
2023-03-07 23:50:52,148 socket_client.py [line:168] _send ERROR (BrokenPipeError(32, 'Broken pipe'), None) 
2023-03-07 23:50:52,148 socket_client.py [line:166] _send ERROR fail to send msg 
2023-03-07 23:50:52,149 socket_client.py [line:168] _send ERROR (BrokenPipeError(32, 'Broken pipe'), None) 
2023-03-07 23:50:52,149 socket_client.py [line:166] _send ERROR fail to send msg 
2023-03-07 23:50:52,149 socket_client.py [line:168] _send ERROR (BrokenPipeError(32, 'Broken pipe'), None) 
2023-03-07 23:50:52,236 socket_client.py [line:166] _send ERROR fail to send msg 
2023-03-07 23:50:52,237 socket_client.py [line:168] _send ERROR (BrokenPipeError(32, 'Broken pipe'), None) 
2023-03-07 23:50:52,237 socket_client.py [line:166] _send ERROR fail to send msg 
2023-03-07 23:50:52,237 socket_client.py [line:168] _send ERROR (ConnectionResetError(104, 'Connection reset by peer'), None) 
2023-03-07 23:50:52,237 socket_client.py [line:166] _send ERROR fail to send msg 
2023-03-07 23:50:52,237 socket_client.py [line:168] _send ERROR (ConnectionResetError(104, 'Connection reset by peer'), None) 
2023-03-07 23:50:52,238 socket_client.py [line:166] _send ERROR fail to send msg 
2023-03-07 23:50:52,238 socket_client.py [line:168] _send ERROR (ConnectionResetError(104, 'Connection reset by peer'), None) 
2023-03-07 23:50:52,242 socket_client.py [line:166] _send ERROR fail to send msg 
2023-03-07 23:50:52,242 socket_client.py [line:168] _send ERROR (ConnectionResetError(104, 'Connection reset by peer'), None) 
2023-03-07 23:50:52,247 socket_client.py [line:166] _send ERROR fail to send msg 
2023-03-07 23:50:52,247 socket_client.py [line:168] _send ERROR (ConnectionResetError(104, 'Connection reset by peer'), None) 
2023-03-07 23:50:52,248 socket_client.py [line:166] _send ERROR fail to send msg 
2023-03-07 23:50:52,248 socket_client.py [line:168] _send ERROR (ConnectionResetError(104, 'Connection reset by peer'), None) 
2023-03-07 23:50:52,258 socket_client.py [line:166] _send ERROR fail to send msg 
2023-03-07 23:50:52,258 socket_client.py [line:168] _send ERROR (ConnectionResetError(104, 'Connection reset by peer'), None) 
2023-03-07 23:50:52,258 socket_client.py [line:166] _send ERROR fail to send msg 
2023-03-07 23:50:52,259 socket_client.py [line:168] _send ERROR (ConnectionResetError(104, 'Connection reset by peer'), None) 
2023-03-07 23:50:52,311 socket_client.py [line:166] _send ERROR fail to send msg 
2023-03-07 23:50:52,312 socket_client.py [line:168] _send ERROR (ConnectionResetError(104, 'Connection reset by peer'), None) 
2023-03-07 23:50:52,312 socket_client.py [line:166] _send ERROR fail to send msg 
2023-03-07 23:50:52,312 socket_client.py [line:168] _send ERROR (BrokenPipeError(32, 'Broken pipe'), None) 
2023-03-07 23:50:52,312 socket_client.py [line:166] _send ERROR fail to send msg 
2023-03-07 23:50:52,313 socket_client.py [line:168] _send ERROR (ConnectionResetError(104, 'Connection reset by peer'), None) 
2023-03-07 23:50:52,313 socket_client.py [line:166] _send ERROR fail to send msg 
2023-03-07 23:50:52,313 socket_client.py [line:168] _send ERROR (ConnectionResetError(104, 'Connection reset by peer'), None) 
2023-03-07 23:50:52,313 socket_client.py [line:166] _send ERROR fail to send msg 
2023-03-07 23:50:52,313 socket_client.py [line:168] _send ERROR (ConnectionResetError(104, 'Connection reset by peer'), None) 
2023-03-07 23:50:52,313 socket_client.py [line:166] _send ERROR fail to send msg 
2023-03-07 23:50:52,313 socket_client.py [line:168] _send ERROR (ConnectionResetError(104, 'Connection reset by peer'), None) 
2023-03-07 23:50:52,314 socket_client.py [line:166] _send ERROR fail to send msg 
2023-03-07 23:50:52,314 socket_client.py [line:168] _send ERROR (ConnectionResetError(104, 'Connection reset by peer'), None) 
2023-03-07 23:50:52,314 socket_client.py [line:166] _send ERROR fail to send msg 
2023-03-07 23:50:52,314 socket_client.py [line:168] _send ERROR (ConnectionResetError(104, 'Connection reset by peer'), None) 
2023-03-07 23:50:52,314 socket_client.py [line:166] _send ERROR fail to send msg 
2023-03-07 23:50:52,314 socket_client.py [line:168] _send ERROR (ConnectionResetError(104, 'Connection reset by peer'), None) 
2023-03-07 23:50:52,317 socket_client.py [line:166] _send ERROR fail to send msg 
2023-03-07 23:50:52,317 socket_client.py [line:168] _send ERROR (BrokenPipeError(32, 'Broken pipe'), None) 
2023-03-07 23:50:52,317 socket_client.py [line:166] _send ERROR fail to send msg 
2023-03-07 23:50:52,317 socket_client.py [line:168] _send ERROR (BrokenPipeError(32, 'Broken pipe'), None) 
2023-03-07 23:50:52,317 socket_client.py [line:166] _send ERROR fail to send msg 
2023-03-07 23:50:52,318 socket_client.py [line:168] _send ERROR (BrokenPipeError(32, 'Broken pipe'), None) 
2023-03-07 23:50:52,318 socket_client.py [line:166] _send ERROR fail to send msg 
2023-03-07 23:50:52,318 socket_client.py [line:168] _send ERROR (BrokenPipeError(32, 'Broken pipe'), None) 
2023-03-07 23:50:52,318 socket_client.py [line:166] _send ERROR fail to send msg 
2023-03-07 23:50:52,318 socket_client.py [line:168] _send ERROR (BrokenPipeError(32, 'Broken pipe'), None) 
2023-03-07 23:50:52,319 socket_client.py [line:166] _send ERROR fail to send msg 
2023-03-07 23:50:52,319 socket_client.py [line:168] _send ERROR (BrokenPipeError(32, 'Broken pipe'), None) 
2023-03-07 23:50:52,319 socket_client.py [line:166] _send ERROR fail to send msg 
2023-03-07 23:50:52,319 socket_client.py [line:168] _send ERROR (BrokenPipeError(32, 'Broken pipe'), None) 
2023-03-07 23:50:52,319 socket_client.py [line:166] _send ERROR fail to send msg 
2023-03-07 23:50:52,319 socket_client.py [line:168] _send ERROR (ConnectionResetError(104, 'Connection reset by peer'), None) 
2023-03-07 23:50:52,338 socket_client.py [line:166] _send ERROR fail to send msg 
2023-03-07 23:50:52,339 socket_client.py [line:168] _send ERROR (BrokenPipeError(32, 'Broken pipe'), None) 
2023-03-07 23:50:52,339 socket_client.py [line:166] _send ERROR fail to send msg 
2023-03-07 23:50:52,339 socket_client.py [line:168] _send ERROR (BrokenPipeError(32, 'Broken pipe'), None) 
2023-03-07 23:50:52,339 socket_client.py [line:166] _send ERROR fail to send msg 
2023-03-07 23:50:52,340 socket_client.py [line:168] _send ERROR (BrokenPipeError(32, 'Broken pipe'), None) 
2023-03-07 23:50:52,340 socket_client.py [line:166] _send ERROR fail to send msg 
2023-03-07 23:50:52,340 socket_client.py [line:168] _send ERROR (BrokenPipeError(32, 'Broken pipe'), None) 
2023-03-07 23:50:52,340 socket_client.py [line:166] _send ERROR fail to send msg 
2023-03-07 23:50:52,340 socket_client.py [line:168] _send ERROR (ConnectionResetError(104, 'Connection reset by peer'), None) 
2023-03-07 23:50:52,341 socket_client.py [line:166] _send ERROR fail to send msg 
2023-03-07 23:50:52,341 socket_client.py [line:168] _send ERROR (BrokenPipeError(32, 'Broken pipe'), None) 
2023-03-07 23:50:52,341 socket_client.py [line:166] _send ERROR fail to send msg 
2023-03-07 23:50:52,341 socket_client.py [line:168] _send ERROR (BrokenPipeError(32, 'Broken pipe'), None) 
2023-03-07 23:50:52,341 socket_client.py [line:166] _send ERROR fail to send msg 
2023-03-07 23:50:52,341 socket_client.py [line:168] _send ERROR (BrokenPipeError(32, 'Broken pipe'), None) 
2023-03-07 23:50:52,342 socket_client.py [line:166] _send ERROR fail to send msg 
2023-03-07 23:50:52,342 socket_client.py [line:168] _send ERROR (ConnectionResetError(104, 'Connection reset by peer'), None) 
2023-03-07 23:50:52,360 socket_client.py [line:166] _send ERROR fail to send msg 
2023-03-07 23:50:52,360 socket_client.py [line:168] _send ERROR (BrokenPipeError(32, 'Broken pipe'), None) 
2023-03-07 23:50:52,361 socket_client.py [line:166] _send ERROR fail to send msg 
2023-03-07 23:50:52,361 socket_client.py [line:168] _send ERROR (ConnectionResetError(104, 'Connection reset by peer'), None) 
2023-03-07 23:50:52,361 socket_client.py [line:166] _send ERROR fail to send msg 
2023-03-07 23:50:52,361 socket_client.py [line:168] _send ERROR (BrokenPipeError(32, 'Broken pipe'), None) 
2023-03-07 23:50:52,361 socket_client.py [line:166] _send ERROR fail to send msg 
2023-03-07 23:50:52,361 socket_client.py [line:168] _send ERROR (BrokenPipeError(32, 'Broken pipe'), None) 
2023-03-07 23:50:52,361 socket_client.py [line:166] _send ERROR fail to send msg 
2023-03-07 23:50:52,362 socket_client.py [line:168] _send ERROR (BrokenPipeError(32, 'Broken pipe'), None) 
2023-03-07 23:50:52,362 socket_client.py [line:166] _send ERROR fail to send msg 
2023-03-07 23:50:52,362 socket_client.py [line:168] _send ERROR (BrokenPipeError(32, 'Broken pipe'), None) 
2023-03-07 23:50:52,362 socket_client.py [line:166] _send ERROR fail to send msg 
2023-03-07 23:50:52,362 socket_client.py [line:168] _send ERROR (BrokenPipeError(32, 'Broken pipe'), None) 
2023-03-07 23:50:52,362 socket_client.py [line:166] _send ERROR fail to send msg 
2023-03-07 23:50:52,363 socket_client.py [line:168] _send ERROR (BrokenPipeError(32, 'Broken pipe'), None) 
2023-03-07 23:50:52,363 socket_client.py [line:166] _send ERROR fail to send msg 
2023-03-07 23:50:52,363 socket_client.py [line:168] _send ERROR (ConnectionResetError(104, 'Connection reset by peer'), None) 
2023-03-07 23:50:52,365 socket_client.py [line:166] _send ERROR fail to send msg 
2023-03-07 23:50:52,365 socket_client.py [line:168] _send ERROR (BrokenPipeError(32, 'Broken pipe'), None) 
2023-03-07 23:50:52,366 socket_client.py [line:166] _send ERROR fail to send msg 
2023-03-07 23:50:52,366 socket_client.py [line:168] _send ERROR (BrokenPipeError(32, 'Broken pipe'), None) 
2023-03-07 23:50:52,366 socket_client.py [line:166] _send ERROR fail to send msg 
2023-03-07 23:50:52,366 socket_client.py [line:168] _send ERROR (BrokenPipeError(32, 'Broken pipe'), None) 
2023-03-07 23:50:52,367 socket_client.py [line:166] _send ERROR fail to send msg 
2023-03-07 23:50:52,367 socket_client.py [line:168] _send ERROR (BrokenPipeError(32, 'Broken pipe'), None) 
2023-03-07 23:50:52,367 socket_client.py [line:166] _send ERROR fail to send msg 
2023-03-07 23:50:52,367 socket_client.py [line:168] _send ERROR (BrokenPipeError(32, 'Broken pipe'), None) 
2023-03-07 23:50:52,367 socket_client.py [line:166] _send ERROR fail to send msg 
2023-03-07 23:50:52,367 socket_client.py [line:168] _send ERROR (BrokenPipeError(32, 'Broken pipe'), None) 
2023-03-07 23:50:52,368 socket_client.py [line:166] _send ERROR fail to send msg 
2023-03-07 23:50:52,368 socket_client.py [line:168] _send ERROR (ConnectionResetError(104, 'Connection reset by peer'), None) 
2023-03-07 23:50:52,372 socket_client.py [line:166] _send ERROR fail to send msg 
2023-03-07 23:50:52,373 socket_client.py [line:168] _send ERROR (BrokenPipeError(32, 'Broken pipe'), None) 
2023-03-07 23:50:52,373 socket_client.py [line:166] _send ERROR fail to send msg 
2023-03-07 23:50:52,373 socket_client.py [line:168] _send ERROR (BrokenPipeError(32, 'Broken pipe'), None) 
2023-03-07 23:50:52,392 socket_client.py [line:166] _send ERROR fail to send msg 
2023-03-07 23:50:52,392 socket_client.py [line:168] _send ERROR (BrokenPipeError(32, 'Broken pipe'), None) 
2023-03-07 23:50:52,392 socket_client.py [line:166] _send ERROR fail to send msg 
2023-03-07 23:50:52,392 socket_client.py [line:168] _send ERROR (BrokenPipeError(32, 'Broken pipe'), None) 
2023-03-07 23:50:52,393 socket_client.py [line:166] _send ERROR fail to send msg 
2023-03-07 23:50:52,393 socket_client.py [line:168] _send ERROR (ConnectionResetError(104, 'Connection reset by peer'), None) 
2023-03-07 23:50:52,393 socket_client.py [line:166] _send ERROR fail to send msg 
2023-03-07 23:50:52,393 socket_client.py [line:168] _send ERROR (BrokenPipeError(32, 'Broken pipe'), None) 
2023-03-07 23:50:52,393 socket_client.py [line:166] _send ERROR fail to send msg 
2023-03-07 23:50:52,394 socket_client.py [line:168] _send ERROR (BrokenPipeError(32, 'Broken pipe'), None) 
2023-03-07 23:50:52,394 socket_client.py [line:166] _send ERROR fail to send msg 
2023-03-07 23:50:52,394 socket_client.py [line:168] _send ERROR (ConnectionResetError(104, 'Connection reset by peer'), None) 
2023-03-07 23:50:52,394 socket_client.py [line:166] _send ERROR fail to send msg 
2023-03-07 23:50:52,394 socket_client.py [line:168] _send ERROR (BrokenPipeError(32, 'Broken pipe'), None) 
2023-03-07 23:50:52,395 socket_client.py [line:166] _send ERROR fail to send msg 
2023-03-07 23:50:52,395 socket_client.py [line:168] _send ERROR (BrokenPipeError(32, 'Broken pipe'), None) 
2023-03-07 23:50:52,395 socket_client.py [line:166] _send ERROR fail to send msg 
2023-03-07 23:50:52,395 socket_client.py [line:168] _send ERROR (ConnectionResetError(104, 'Connection reset by peer'), None) 
2023-03-07 23:50:52,397 socket_client.py [line:166] _send ERROR fail to send msg 
2023-03-07 23:50:52,398 socket_client.py [line:168] _send ERROR (BrokenPipeError(32, 'Broken pipe'), None) 
2023-03-07 23:50:52,398 socket_client.py [line:166] _send ERROR fail to send msg 
2023-03-07 23:50:52,398 socket_client.py [line:168] _send ERROR (BrokenPipeError(32, 'Broken pipe'), None) 
2023-03-07 23:50:52,398 socket_client.py [line:166] _send ERROR fail to send msg 
2023-03-07 23:50:52,398 socket_client.py [line:168] _send ERROR (BrokenPipeError(32, 'Broken pipe'), None) 
2023-03-07 23:50:52,398 socket_client.py [line:166] _send ERROR fail to send msg 
2023-03-07 23:50:52,399 socket_client.py [line:168] _send ERROR (BrokenPipeError(32, 'Broken pipe'), None) 
2023-03-07 23:50:52,399 socket_client.py [line:166] _send ERROR fail to send msg 
2023-03-07 23:50:52,399 socket_client.py [line:168] _send ERROR (BrokenPipeError(32, 'Broken pipe'), None) 
2023-03-07 23:50:52,399 socket_client.py [line:166] _send ERROR fail to send msg 
2023-03-07 23:50:52,399 socket_client.py [line:168] _send ERROR (BrokenPipeError(32, 'Broken pipe'), None) 
2023-03-07 23:50:52,399 socket_client.py [line:166] _send ERROR fail to send msg 
2023-03-07 23:50:52,399 socket_client.py [line:168] _send ERROR (BrokenPipeError(32, 'Broken pipe'), None) 
2023-03-07 23:50:52,400 socket_client.py [line:166] _send ERROR fail to send msg 
2023-03-07 23:50:52,400 socket_client.py [line:168] _send ERROR (BrokenPipeError(32, 'Broken pipe'), None) 
2023-03-07 23:50:52,400 socket_client.py [line:166] _send ERROR fail to send msg 
2023-03-07 23:50:52,400 socket_client.py [line:168] _send ERROR (ConnectionResetError(104, 'Connection reset by peer'), None) 
2023-03-07 23:50:52,403 socket_client.py [line:166] _send ERROR fail to send msg 
2023-03-07 23:50:52,403 socket_client.py [line:168] _send ERROR (BrokenPipeError(32, 'Broken pipe'), None) 
2023-03-07 23:50:52,403 socket_client.py [line:166] _send ERROR fail to send msg 
2023-03-07 23:50:52,403 socket_client.py [line:168] _send ERROR (BrokenPipeError(32, 'Broken pipe'), None) 
2023-03-07 23:50:52,403 socket_client.py [line:166] _send ERROR fail to send msg 
2023-03-07 23:50:52,404 socket_client.py [line:168] _send ERROR (BrokenPipeError(32, 'Broken pipe'), None) 
2023-03-07 23:50:52,404 socket_client.py [line:166] _send ERROR fail to send msg 
2023-03-07 23:50:52,404 socket_client.py [line:168] _send ERROR (BrokenPipeError(32, 'Broken pipe'), None) 
2023-03-07 23:50:52,404 socket_client.py [line:166] _send ERROR fail to send msg 
2023-03-07 23:50:52,404 socket_client.py [line:168] _send ERROR (BrokenPipeError(32, 'Broken pipe'), None) 
2023-03-07 23:50:52,405 socket_client.py [line:166] _send ERROR fail to send msg 
2023-03-07 23:50:52,405 socket_client.py [line:168] _send ERROR (BrokenPipeError(32, 'Broken pipe'), None) 
2023-03-07 23:50:52,405 socket_client.py [line:166] _send ERROR fail to send msg 
2023-03-07 23:50:52,405 socket_client.py [line:168] _send ERROR (ConnectionResetError(104, 'Connection reset by peer'), None) 
2023-03-07 23:50:52,419 socket_client.py [line:166] _send ERROR fail to send msg 
2023-03-07 23:50:52,419 socket_client.py [line:168] _send ERROR (BrokenPipeError(32, 'Broken pipe'), None) 
2023-03-07 23:50:52,419 socket_client.py [line:166] _send ERROR fail to send msg 
2023-03-07 23:50:52,420 socket_client.py [line:168] _send ERROR (ConnectionResetError(104, 'Connection reset by peer'), None) 
2023-03-07 23:50:52,420 socket_client.py [line:166] _send ERROR fail to send msg 
2023-03-07 23:50:52,420 socket_client.py [line:168] _send ERROR (ConnectionResetError(104, 'Connection reset by peer'), None) 
2023-03-07 23:50:52,420 socket_client.py [line:166] _send ERROR fail to send msg 
2023-03-07 23:50:52,420 socket_client.py [line:168] _send ERROR (BrokenPipeError(32, 'Broken pipe'), None) 
2023-03-07 23:50:52,420 socket_client.py [line:166] _send ERROR fail to send msg 
2023-03-07 23:50:52,420 socket_client.py [line:168] _send ERROR (BrokenPipeError(32, 'Broken pipe'), None) 
2023-03-07 23:50:52,421 socket_client.py [line:166] _send ERROR fail to send msg 
2023-03-07 23:50:52,421 socket_client.py [line:168] _send ERROR (BrokenPipeError(32, 'Broken pipe'), None) 
2023-03-07 23:50:52,421 socket_client.py [line:166] _send ERROR fail to send msg 
2023-03-07 23:50:52,421 socket_client.py [line:168] _send ERROR (BrokenPipeError(32, 'Broken pipe'), None) 
2023-03-07 23:50:52,421 socket_client.py [line:166] _send ERROR fail to send msg 
2023-03-07 23:50:52,421 socket_client.py [line:168] _send ERROR (ConnectionResetError(104, 'Connection reset by peer'), None) 
2023-03-07 23:50:52,422 socket_client.py [line:166] _send ERROR fail to send msg 
2023-03-07 23:50:52,422 socket_client.py [line:168] _send ERROR (ConnectionResetError(104, 'Connection reset by peer'), None) 
2023-03-07 23:50:52,424 socket_client.py [line:166] _send ERROR fail to send msg 
2023-03-07 23:50:52,424 socket_client.py [line:168] _send ERROR (BrokenPipeError(32, 'Broken pipe'), None) 
2023-03-07 23:50:52,425 socket_client.py [line:166] _send ERROR fail to send msg 
2023-03-07 23:50:52,425 socket_client.py [line:168] _send ERROR (BrokenPipeError(32, 'Broken pipe'), None) 
2023-03-07 23:50:52,425 socket_client.py [line:166] _send ERROR fail to send msg 
2023-03-07 23:50:52,425 socket_client.py [line:168] _send ERROR (BrokenPipeError(32, 'Broken pipe'), None) 
2023-03-07 23:50:52,425 socket_client.py [line:166] _send ERROR fail to send msg 
2023-03-07 23:50:52,426 socket_client.py [line:168] _send ERROR (BrokenPipeError(32, 'Broken pipe'), None) 
2023-03-07 23:50:52,426 socket_client.py [line:166] _send ERROR fail to send msg 
2023-03-07 23:50:52,426 socket_client.py [line:168] _send ERROR (BrokenPipeError(32, 'Broken pipe'), None) 
2023-03-07 23:50:52,426 socket_client.py [line:166] _send ERROR fail to send msg 
2023-03-07 23:50:52,426 socket_client.py [line:168] _send ERROR (ConnectionResetError(104, 'Connection reset by peer'), None) 
2023-03-07 23:50:52,430 socket_client.py [line:166] _send ERROR fail to send msg 
2023-03-07 23:50:52,430 socket_client.py [line:168] _send ERROR (BrokenPipeError(32, 'Broken pipe'), None) 
2023-03-07 23:50:52,430 socket_client.py [line:166] _send ERROR fail to send msg 
2023-03-07 23:50:52,430 socket_client.py [line:168] _send ERROR (BrokenPipeError(32, 'Broken pipe'), None) 
2023-03-07 23:50:52,431 socket_client.py [line:166] _send ERROR fail to send msg 
2023-03-07 23:50:52,431 socket_client.py [line:168] _send ERROR (BrokenPipeError(32, 'Broken pipe'), None) 
2023-03-07 23:50:52,431 socket_client.py [line:166] _send ERROR fail to send msg 
2023-03-07 23:50:52,431 socket_client.py [line:168] _send ERROR (BrokenPipeError(32, 'Broken pipe'), None) 
2023-03-07 23:50:52,431 socket_client.py [line:166] _send ERROR fail to send msg 
2023-03-07 23:50:52,431 socket_client.py [line:168] _send ERROR (BrokenPipeError(32, 'Broken pipe'), None) 
2023-03-07 23:50:52,431 socket_client.py [line:166] _send ERROR fail to send msg 
2023-03-07 23:50:52,431 socket_client.py [line:168] _send ERROR (ConnectionResetError(104, 'Connection reset by peer'), None) 
2023-03-07 23:50:52,432 socket_client.py [line:166] _send ERROR fail to send msg 
2023-03-07 23:50:52,432 socket_client.py [line:168] _send ERROR (BrokenPipeError(32, 'Broken pipe'), None) 
2023-03-07 23:50:52,441 socket_client.py [line:166] _send ERROR fail to send msg 
2023-03-07 23:50:52,441 socket_client.py [line:168] _send ERROR (ConnectionResetError(104, 'Connection reset by peer'), None) 
2023-03-07 23:50:52,442 socket_client.py [line:166] _send ERROR fail to send msg 
2023-03-07 23:50:52,442 socket_client.py [line:168] _send ERROR (BrokenPipeError(32, 'Broken pipe'), None) 
2023-03-07 23:50:52,734 socket_client.py [line:166] _send ERROR fail to send msg 
2023-03-07 23:50:52,735 socket_client.py [line:168] _send ERROR (BrokenPipeError(32, 'Broken pipe'), None) 
2023-03-07 23:50:52,735 socket_client.py [line:166] _send ERROR fail to send msg 
2023-03-07 23:50:52,735 socket_client.py [line:168] _send ERROR (BrokenPipeError(32, 'Broken pipe'), None) 
2023-03-07 23:50:52,735 socket_client.py [line:166] _send ERROR fail to send msg 
2023-03-07 23:50:52,735 socket_client.py [line:168] _send ERROR (ConnectionResetError(104, 'Connection reset by peer'), None) 
2023-03-07 23:50:52,735 socket_client.py [line:166] _send ERROR fail to send msg 
2023-03-07 23:50:52,736 socket_client.py [line:168] _send ERROR (BrokenPipeError(32, 'Broken pipe'), None) 
2023-03-07 23:50:52,736 socket_client.py [line:166] _send ERROR fail to send msg 
2023-03-07 23:50:52,736 socket_client.py [line:168] _send ERROR (BrokenPipeError(32, 'Broken pipe'), None) 
2023-03-07 23:50:52,736 socket_client.py [line:166] _send ERROR fail to send msg 
2023-03-07 23:50:52,736 socket_client.py [line:168] _send ERROR (ConnectionResetError(104, 'Connection reset by peer'), None) 
2023-03-07 23:50:52,736 socket_client.py [line:166] _send ERROR fail to send msg 
2023-03-07 23:50:52,737 socket_client.py [line:168] _send ERROR (BrokenPipeError(32, 'Broken pipe'), None) 
2023-03-07 23:50:52,737 socket_client.py [line:166] _send ERROR fail to send msg 
2023-03-07 23:50:52,737 socket_client.py [line:168] _send ERROR (BrokenPipeError(32, 'Broken pipe'), None) 
2023-03-07 23:50:52,737 socket_client.py [line:166] _send ERROR fail to send msg 
2023-03-07 23:50:52,737 socket_client.py [line:168] _send ERROR (BrokenPipeError(32, 'Broken pipe'), None) 
2023-03-07 23:50:52,740 socket_client.py [line:166] _send ERROR fail to send msg 
2023-03-07 23:50:52,740 socket_client.py [line:168] _send ERROR (BrokenPipeError(32, 'Broken pipe'), None) 
2023-03-07 23:50:52,740 socket_client.py [line:166] _send ERROR fail to send msg 
2023-03-07 23:50:52,740 socket_client.py [line:168] _send ERROR (BrokenPipeError(32, 'Broken pipe'), None) 
2023-03-07 23:50:52,740 socket_client.py [line:166] _send ERROR fail to send msg 
2023-03-07 23:50:52,740 socket_client.py [line:168] _send ERROR (BrokenPipeError(32, 'Broken pipe'), None) 
2023-03-07 23:50:52,741 socket_client.py [line:166] _send ERROR fail to send msg 
2023-03-07 23:50:52,741 socket_client.py [line:168] _send ERROR (BrokenPipeError(32, 'Broken pipe'), None) 
2023-03-07 23:50:52,741 socket_client.py [line:166] _send ERROR fail to send msg 
2023-03-07 23:50:52,741 socket_client.py [line:168] _send ERROR (BrokenPipeError(32, 'Broken pipe'), None) 
2023-03-07 23:50:52,741 socket_client.py [line:166] _send ERROR fail to send msg 
2023-03-07 23:50:52,741 socket_client.py [line:168] _send ERROR (BrokenPipeError(32, 'Broken pipe'), None) 
2023-03-07 23:50:52,741 socket_client.py [line:166] _send ERROR fail to send msg 
2023-03-07 23:50:52,742 socket_client.py [line:168] _send ERROR (BrokenPipeError(32, 'Broken pipe'), None) 
2023-03-07 23:50:52,742 socket_client.py [line:166] _send ERROR fail to send msg 
2023-03-07 23:50:52,742 socket_client.py [line:168] _send ERROR (BrokenPipeError(32, 'Broken pipe'), None) 
2023-03-07 23:50:52,742 socket_client.py [line:166] _send ERROR fail to send msg 
2023-03-07 23:50:52,742 socket_client.py [line:168] _send ERROR (ConnectionResetError(104, 'Connection reset by peer'), None) 
2023-03-07 23:50:52,745 socket_client.py [line:166] _send ERROR fail to send msg 
2023-03-07 23:50:52,745 socket_client.py [line:168] _send ERROR (BrokenPipeError(32, 'Broken pipe'), None) 
2023-03-07 23:50:52,745 socket_client.py [line:166] _send ERROR fail to send msg 
2023-03-07 23:50:52,745 socket_client.py [line:168] _send ERROR (BrokenPipeError(32, 'Broken pipe'), None) 
2023-03-07 23:50:52,746 socket_client.py [line:166] _send ERROR fail to send msg 
2023-03-07 23:50:52,746 socket_client.py [line:168] _send ERROR (BrokenPipeError(32, 'Broken pipe'), None) 
2023-03-07 23:50:52,746 socket_client.py [line:166] _send ERROR fail to send msg 
2023-03-07 23:50:52,746 socket_client.py [line:168] _send ERROR (BrokenPipeError(32, 'Broken pipe'), None) 
2023-03-07 23:50:52,746 socket_client.py [line:166] _send ERROR fail to send msg 
2023-03-07 23:50:52,746 socket_client.py [line:168] _send ERROR (BrokenPipeError(32, 'Broken pipe'), None) 
2023-03-07 23:50:52,746 socket_client.py [line:166] _send ERROR fail to send msg 
2023-03-07 23:50:52,747 socket_client.py [line:168] _send ERROR (BrokenPipeError(32, 'Broken pipe'), None) 
2023-03-07 23:50:52,747 socket_client.py [line:166] _send ERROR fail to send msg 
2023-03-07 23:50:52,747 socket_client.py [line:168] _send ERROR (BrokenPipeError(32, 'Broken pipe'), None) 
2023-03-07 23:50:52,747 socket_client.py [line:166] _send ERROR fail to send msg 
2023-03-07 23:50:52,747 socket_client.py [line:168] _send ERROR (ConnectionResetError(104, 'Connection reset by peer'), None) 
2023-03-07 23:50:52,750 socket_client.py [line:166] _send ERROR fail to send msg 
2023-03-07 23:50:52,750 socket_client.py [line:168] _send ERROR (BrokenPipeError(32, 'Broken pipe'), None) 
2023-03-07 23:50:52,751 socket_client.py [line:166] _send ERROR fail to send msg 
2023-03-07 23:50:52,751 socket_client.py [line:168] _send ERROR (BrokenPipeError(32, 'Broken pipe'), None) 
2023-03-07 23:50:52,751 socket_client.py [line:166] _send ERROR fail to send msg 
2023-03-07 23:50:52,751 socket_client.py [line:168] _send ERROR (BrokenPipeError(32, 'Broken pipe'), None) 
2023-03-07 23:50:52,751 socket_client.py [line:166] _send ERROR fail to send msg 
2023-03-07 23:50:52,751 socket_client.py [line:168] _send ERROR (BrokenPipeError(32, 'Broken pipe'), None) 
2023-03-07 23:50:52,751 socket_client.py [line:166] _send ERROR fail to send msg 
2023-03-07 23:50:52,752 socket_client.py [line:168] _send ERROR (BrokenPipeError(32, 'Broken pipe'), None) 
2023-03-07 23:50:52,752 socket_client.py [line:166] _send ERROR fail to send msg 
2023-03-07 23:50:52,752 socket_client.py [line:168] _send ERROR (BrokenPipeError(32, 'Broken pipe'), None) 
2023-03-07 23:50:52,752 socket_client.py [line:166] _send ERROR fail to send msg 
2023-03-07 23:50:52,752 socket_client.py [line:168] _send ERROR (ConnectionResetError(104, 'Connection reset by peer'), None) 
2023-03-07 23:50:52,753 socket_client.py [line:166] _send ERROR fail to send msg 
2023-03-07 23:50:52,753 socket_client.py [line:168] _send ERROR (BrokenPipeError(32, 'Broken pipe'), None) 
2023-03-07 23:50:52,756 socket_client.py [line:166] _send ERROR fail to send msg 
2023-03-07 23:50:52,756 socket_client.py [line:168] _send ERROR (BrokenPipeError(32, 'Broken pipe'), None) 
2023-03-07 23:50:52,756 socket_client.py [line:166] _send ERROR fail to send msg 
2023-03-07 23:50:52,756 socket_client.py [line:168] _send ERROR (BrokenPipeError(32, 'Broken pipe'), None) 
2023-03-07 23:50:52,756 socket_client.py [line:166] _send ERROR fail to send msg 
2023-03-07 23:50:52,757 socket_client.py [line:168] _send ERROR (BrokenPipeError(32, 'Broken pipe'), None) 
2023-03-07 23:50:52,757 socket_client.py [line:166] _send ERROR fail to send msg 
2023-03-07 23:50:52,757 socket_client.py [line:168] _send ERROR (BrokenPipeError(32, 'Broken pipe'), None) 
2023-03-07 23:50:52,757 socket_client.py [line:166] _send ERROR fail to send msg 
2023-03-07 23:50:52,757 socket_client.py [line:168] _send ERROR (BrokenPipeError(32, 'Broken pipe'), None) 
2023-03-07 23:50:52,757 socket_client.py [line:166] _send ERROR fail to send msg 
2023-03-07 23:50:52,757 socket_client.py [line:168] _send ERROR (BrokenPipeError(32, 'Broken pipe'), None) 
2023-03-07 23:50:52,757 socket_client.py [line:166] _send ERROR fail to send msg 
2023-03-07 23:50:52,758 socket_client.py [line:168] _send ERROR (BrokenPipeError(32, 'Broken pipe'), None) 
2023-03-07 23:50:52,761 socket_client.py [line:166] _send ERROR fail to send msg 
2023-03-07 23:50:52,761 socket_client.py [line:168] _send ERROR (BrokenPipeError(32, 'Broken pipe'), None) 
2023-03-07 23:50:52,762 socket_client.py [line:166] _send ERROR fail to send msg 
2023-03-07 23:50:52,762 socket_client.py [line:168] _send ERROR (BrokenPipeError(32, 'Broken pipe'), None) 
2023-03-07 23:50:52,762 socket_client.py [line:166] _send ERROR fail to send msg 
2023-03-07 23:50:52,762 socket_client.py [line:168] _send ERROR (BrokenPipeError(32, 'Broken pipe'), None) 
2023-03-07 23:50:52,762 socket_client.py [line:166] _send ERROR fail to send msg 
2023-03-07 23:50:52,762 socket_client.py [line:168] _send ERROR (BrokenPipeError(32, 'Broken pipe'), None) 
2023-03-07 23:50:52,763 socket_client.py [line:166] _send ERROR fail to send msg 
2023-03-07 23:50:52,763 socket_client.py [line:168] _send ERROR (BrokenPipeError(32, 'Broken pipe'), None) 
2023-03-07 23:50:52,763 socket_client.py [line:166] _send ERROR fail to send msg 
2023-03-07 23:50:52,763 socket_client.py [line:168] _send ERROR (BrokenPipeError(32, 'Broken pipe'), None) 
2023-03-07 23:50:52,763 socket_client.py [line:166] _send ERROR fail to send msg 
2023-03-07 23:50:52,763 socket_client.py [line:168] _send ERROR (ConnectionResetError(104, 'Connection reset by peer'), None) 
2023-03-07 23:50:52,764 socket_client.py [line:166] _send ERROR fail to send msg 
2023-03-07 23:50:52,764 socket_client.py [line:168] _send ERROR (BrokenPipeError(32, 'Broken pipe'), None) 
2023-03-07 23:50:52,767 socket_client.py [line:166] _send ERROR fail to send msg 
2023-03-07 23:50:52,767 socket_client.py [line:168] _send ERROR (BrokenPipeError(32, 'Broken pipe'), None) 
2023-03-07 23:50:52,767 socket_client.py [line:166] _send ERROR fail to send msg 
2023-03-07 23:50:52,768 socket_client.py [line:168] _send ERROR (BrokenPipeError(32, 'Broken pipe'), None) 
2023-03-07 23:50:52,768 socket_client.py [line:166] _send ERROR fail to send msg 
2023-03-07 23:50:52,768 socket_client.py [line:168] _send ERROR (ConnectionResetError(104, 'Connection reset by peer'), None) 
2023-03-07 23:50:52,768 socket_client.py [line:166] _send ERROR fail to send msg 
2023-03-07 23:50:52,768 socket_client.py [line:168] _send ERROR (BrokenPipeError(32, 'Broken pipe'), None) 
2023-03-07 23:50:52,768 socket_client.py [line:166] _send ERROR fail to send msg 
2023-03-07 23:50:52,769 socket_client.py [line:168] _send ERROR (BrokenPipeError(32, 'Broken pipe'), None) 
2023-03-07 23:50:52,769 socket_client.py [line:166] _send ERROR fail to send msg 
2023-03-07 23:50:52,769 socket_client.py [line:168] _send ERROR (BrokenPipeError(32, 'Broken pipe'), None) 
2023-03-07 23:50:52,769 socket_client.py [line:166] _send ERROR fail to send msg 
2023-03-07 23:50:52,769 socket_client.py [line:168] _send ERROR (BrokenPipeError(32, 'Broken pipe'), None) 
2023-03-07 23:50:52,770 socket_client.py [line:166] _send ERROR fail to send msg 
2023-03-07 23:50:52,770 socket_client.py [line:168] _send ERROR (ConnectionResetError(104, 'Connection reset by peer'), None) 
2023-03-07 23:50:52,771 socket_client.py [line:166] _send ERROR fail to send msg 
2023-03-07 23:50:52,771 socket_client.py [line:168] _send ERROR (BrokenPipeError(32, 'Broken pipe'), None) 
2023-03-07 23:50:52,771 socket_client.py [line:166] _send ERROR fail to send msg 
2023-03-07 23:50:52,771 socket_client.py [line:168] _send ERROR (ConnectionResetError(104, 'Connection reset by peer'), None) 
2023-03-07 23:50:53,279 socket_client.py [line:166] _send ERROR fail to send msg 
2023-03-07 23:50:53,279 socket_client.py [line:168] _send ERROR (BrokenPipeError(32, 'Broken pipe'), None) 
2023-03-07 23:50:53,279 socket_client.py [line:166] _send ERROR fail to send msg 
2023-03-07 23:50:53,280 socket_client.py [line:168] _send ERROR (BrokenPipeError(32, 'Broken pipe'), None) 
2023-03-07 23:50:53,280 socket_client.py [line:166] _send ERROR fail to send msg 
2023-03-07 23:50:53,280 socket_client.py [line:168] _send ERROR (BrokenPipeError(32, 'Broken pipe'), None) 
2023-03-07 23:50:53,280 socket_client.py [line:166] _send ERROR fail to send msg 
2023-03-07 23:50:53,280 socket_client.py [line:168] _send ERROR (BrokenPipeError(32, 'Broken pipe'), None) 
2023-03-07 23:50:53,281 socket_client.py [line:166] _send ERROR fail to send msg 
2023-03-07 23:50:53,281 socket_client.py [line:168] _send ERROR (ConnectionResetError(104, 'Connection reset by peer'), None) 
2023-03-07 23:50:53,281 socket_client.py [line:166] _send ERROR fail to send msg 
2023-03-07 23:50:53,281 socket_client.py [line:168] _send ERROR (BrokenPipeError(32, 'Broken pipe'), None) 
2023-03-07 23:50:53,281 socket_client.py [line:166] _send ERROR fail to send msg 
2023-03-07 23:50:53,282 socket_client.py [line:168] _send ERROR (BrokenPipeError(32, 'Broken pipe'), None) 
2023-03-07 23:50:53,282 socket_client.py [line:166] _send ERROR fail to send msg 
2023-03-07 23:50:53,282 socket_client.py [line:168] _send ERROR (BrokenPipeError(32, 'Broken pipe'), None) 
2023-03-07 23:50:53,282 socket_client.py [line:166] _send ERROR fail to send msg 
2023-03-07 23:50:53,282 socket_client.py [line:168] _send ERROR (ConnectionResetError(104, 'Connection reset by peer'), None) 
2023-03-07 23:53:36,337 socket_client.py [line:240] run INFO node id 4 is running on pid 27964 
2023-03-07 23:53:36,338 socket_client.py [line:53] _connect_and_send_forever INFO node 4's socket client starts to make outgoing connections on process id 27964 
2023-03-07 23:57:12,096 socket_client.py [line:240] run INFO node id 4 is running on pid 28318 
2023-03-07 23:57:12,096 socket_client.py [line:53] _connect_and_send_forever INFO node 4's socket client starts to make outgoing connections on process id 28318 
2023-03-08 00:01:01,283 socket_client.py [line:240] run INFO node id 4 is running on pid 28751 
2023-03-08 00:01:01,283 socket_client.py [line:53] _connect_and_send_forever INFO node 4's socket client starts to make outgoing connections on process id 28751 
2023-03-08 00:05:40,892 socket_client.py [line:240] run INFO node id 4 is running on pid 29241 
2023-03-08 00:05:40,892 socket_client.py [line:53] _connect_and_send_forever INFO node 4's socket client starts to make outgoing connections on process id 29241 
2023-03-08 00:08:32,080 socket_client.py [line:240] run INFO node id 4 is running on pid 29705 
2023-03-08 00:08:32,080 socket_client.py [line:53] _connect_and_send_forever INFO node 4's socket client starts to make outgoing connections on process id 29705 
2023-03-08 00:09:35,554 socket_client.py [line:240] run INFO node id 4 is running on pid 30045 
2023-03-08 00:09:35,554 socket_client.py [line:53] _connect_and_send_forever INFO node 4's socket client starts to make outgoing connections on process id 30045 
2023-03-08 00:10:51,869 socket_client.py [line:240] run INFO node id 4 is running on pid 30427 
2023-03-08 00:10:51,869 socket_client.py [line:53] _connect_and_send_forever INFO node 4's socket client starts to make outgoing connections on process id 30427 
2023-03-08 00:11:52,896 socket_client.py [line:240] run INFO node id 4 is running on pid 30778 
2023-03-08 00:11:52,896 socket_client.py [line:53] _connect_and_send_forever INFO node 4's socket client starts to make outgoing connections on process id 30778 
2023-03-08 00:13:10,108 socket_client.py [line:240] run INFO node id 4 is running on pid 31130 
2023-03-08 00:13:10,108 socket_client.py [line:53] _connect_and_send_forever INFO node 4's socket client starts to make outgoing connections on process id 31130 
2023-03-08 00:15:49,863 socket_client.py [line:240] run INFO node id 4 is running on pid 31527 
2023-03-08 00:15:49,864 socket_client.py [line:53] _connect_and_send_forever INFO node 4's socket client starts to make outgoing connections on process id 31527 
2023-03-08 00:17:25,011 socket_client.py [line:240] run INFO node id 4 is running on pid 31894 
2023-03-08 00:17:25,011 socket_client.py [line:53] _connect_and_send_forever INFO node 4's socket client starts to make outgoing connections on process id 31894 
2023-03-08 00:18:34,798 socket_client.py [line:240] run INFO node id 4 is running on pid 32234 
2023-03-08 00:18:34,799 socket_client.py [line:53] _connect_and_send_forever INFO node 4's socket client starts to make outgoing connections on process id 32234 
2023-03-08 00:19:40,717 socket_client.py [line:240] run INFO node id 4 is running on pid 32544 
2023-03-08 00:19:40,717 socket_client.py [line:53] _connect_and_send_forever INFO node 4's socket client starts to make outgoing connections on process id 32544 
2023-03-08 00:20:45,065 socket_client.py [line:240] run INFO node id 4 is running on pid 420 
2023-03-08 00:20:45,065 socket_client.py [line:53] _connect_and_send_forever INFO node 4's socket client starts to make outgoing connections on process id 420 
2023-03-08 00:22:02,263 socket_client.py [line:240] run INFO node id 4 is running on pid 812 
2023-03-08 00:22:02,263 socket_client.py [line:53] _connect_and_send_forever INFO node 4's socket client starts to make outgoing connections on process id 812 
2023-03-08 00:23:57,865 socket_client.py [line:240] run INFO node id 4 is running on pid 1160 
2023-03-08 00:23:57,865 socket_client.py [line:53] _connect_and_send_forever INFO node 4's socket client starts to make outgoing connections on process id 1160 
2023-03-08 00:24:55,817 socket_client.py [line:240] run INFO node id 4 is running on pid 1598 
2023-03-08 00:24:55,817 socket_client.py [line:53] _connect_and_send_forever INFO node 4's socket client starts to make outgoing connections on process id 1598 
2023-03-08 00:26:03,609 socket_client.py [line:240] run INFO node id 4 is running on pid 1967 
2023-03-08 00:26:03,609 socket_client.py [line:53] _connect_and_send_forever INFO node 4's socket client starts to make outgoing connections on process id 1967 
2023-03-08 00:27:09,271 socket_client.py [line:240] run INFO node id 4 is running on pid 2365 
2023-03-08 00:27:09,271 socket_client.py [line:53] _connect_and_send_forever INFO node 4's socket client starts to make outgoing connections on process id 2365 
2023-03-08 00:27:58,696 socket_client.py [line:240] run INFO node id 4 is running on pid 2656 
2023-03-08 00:27:58,696 socket_client.py [line:53] _connect_and_send_forever INFO node 4's socket client starts to make outgoing connections on process id 2656 
2023-03-08 00:29:08,393 socket_client.py [line:240] run INFO node id 4 is running on pid 3012 
2023-03-08 00:29:08,393 socket_client.py [line:53] _connect_and_send_forever INFO node 4's socket client starts to make outgoing connections on process id 3012 
2023-03-08 00:30:12,164 socket_client.py [line:240] run INFO node id 4 is running on pid 3391 
2023-03-08 00:30:12,164 socket_client.py [line:53] _connect_and_send_forever INFO node 4's socket client starts to make outgoing connections on process id 3391 
2023-03-08 00:30:49,268 socket_client.py [line:166] _send ERROR fail to send msg 
2023-03-08 00:30:49,269 socket_client.py [line:168] _send ERROR (BrokenPipeError(32, 'Broken pipe'), None) 
2023-03-08 00:33:13,010 socket_client.py [line:240] run INFO node id 4 is running on pid 3812 
2023-03-08 00:33:13,010 socket_client.py [line:53] _connect_and_send_forever INFO node 4's socket client starts to make outgoing connections on process id 3812 
2023-03-08 00:35:43,364 socket_client.py [line:240] run INFO node id 4 is running on pid 4166 
2023-03-08 00:35:43,364 socket_client.py [line:53] _connect_and_send_forever INFO node 4's socket client starts to make outgoing connections on process id 4166 
2023-03-08 00:36:52,852 socket_client.py [line:240] run INFO node id 4 is running on pid 4549 
2023-03-08 00:36:52,852 socket_client.py [line:53] _connect_and_send_forever INFO node 4's socket client starts to make outgoing connections on process id 4549 
2023-03-08 00:37:55,138 socket_client.py [line:240] run INFO node id 4 is running on pid 4934 
2023-03-08 00:37:55,138 socket_client.py [line:53] _connect_and_send_forever INFO node 4's socket client starts to make outgoing connections on process id 4934 
2023-03-08 00:39:27,850 socket_client.py [line:240] run INFO node id 4 is running on pid 5369 
2023-03-08 00:39:27,851 socket_client.py [line:53] _connect_and_send_forever INFO node 4's socket client starts to make outgoing connections on process id 5369 
2023-03-08 00:40:36,384 socket_client.py [line:240] run INFO node id 4 is running on pid 5730 
2023-03-08 00:40:36,384 socket_client.py [line:53] _connect_and_send_forever INFO node 4's socket client starts to make outgoing connections on process id 5730 
2023-03-08 00:43:12,508 socket_client.py [line:240] run INFO node id 4 is running on pid 6112 
2023-03-08 00:43:12,509 socket_client.py [line:53] _connect_and_send_forever INFO node 4's socket client starts to make outgoing connections on process id 6112 
2023-03-08 00:44:03,805 socket_client.py [line:240] run INFO node id 4 is running on pid 6492 
2023-03-08 00:44:03,805 socket_client.py [line:53] _connect_and_send_forever INFO node 4's socket client starts to make outgoing connections on process id 6492 
2023-03-08 00:45:04,879 socket_client.py [line:240] run INFO node id 4 is running on pid 6908 
2023-03-08 00:45:04,880 socket_client.py [line:53] _connect_and_send_forever INFO node 4's socket client starts to make outgoing connections on process id 6908 
2023-03-08 00:46:50,330 socket_client.py [line:240] run INFO node id 4 is running on pid 7311 
2023-03-08 00:46:50,330 socket_client.py [line:53] _connect_and_send_forever INFO node 4's socket client starts to make outgoing connections on process id 7311 
2023-03-08 00:48:13,542 socket_client.py [line:240] run INFO node id 4 is running on pid 7699 
2023-03-08 00:48:13,542 socket_client.py [line:53] _connect_and_send_forever INFO node 4's socket client starts to make outgoing connections on process id 7699 
2023-03-08 14:07:33,539 socket_client.py [line:240] run INFO node id 4 is running on pid 267 
2023-03-08 14:07:33,539 socket_client.py [line:53] _connect_and_send_forever INFO node 4's socket client starts to make outgoing connections on process id 267 
2023-03-08 14:10:17,921 socket_client.py [line:240] run INFO node id 4 is running on pid 504 
2023-03-08 14:10:17,921 socket_client.py [line:53] _connect_and_send_forever INFO node 4's socket client starts to make outgoing connections on process id 504 
2023-03-08 14:14:45,376 socket_client.py [line:240] run INFO node id 4 is running on pid 756 
2023-03-08 14:14:45,376 socket_client.py [line:53] _connect_and_send_forever INFO node 4's socket client starts to make outgoing connections on process id 756 
2023-03-08 14:18:17,984 socket_client.py [line:240] run INFO node id 4 is running on pid 1005 
2023-03-08 14:18:17,984 socket_client.py [line:53] _connect_and_send_forever INFO node 4's socket client starts to make outgoing connections on process id 1005 
2023-03-08 14:21:30,186 socket_client.py [line:240] run INFO node id 4 is running on pid 1759 
2023-03-08 14:21:30,186 socket_client.py [line:53] _connect_and_send_forever INFO node 4's socket client starts to make outgoing connections on process id 1759 
2023-03-08 14:25:01,933 socket_client.py [line:240] run INFO node id 4 is running on pid 2110 
2023-03-08 14:25:01,933 socket_client.py [line:53] _connect_and_send_forever INFO node 4's socket client starts to make outgoing connections on process id 2110 
2023-03-08 14:26:45,105 socket_client.py [line:240] run INFO node id 4 is running on pid 2359 
2023-03-08 14:26:45,106 socket_client.py [line:53] _connect_and_send_forever INFO node 4's socket client starts to make outgoing connections on process id 2359 
2023-03-08 14:29:23,274 socket_client.py [line:240] run INFO node id 4 is running on pid 2738 
2023-03-08 14:29:23,275 socket_client.py [line:53] _connect_and_send_forever INFO node 4's socket client starts to make outgoing connections on process id 2738 
