2022-11-07 00:03:35,876 socket_client.py [line:240] run INFO node id 3 is running on pid 369 
2022-11-07 00:03:35,876 socket_client.py [line:53] _connect_and_send_forever INFO node 3's socket client starts to make outgoing connections on process id 369 
2022-11-12 13:24:54,396 socket_client.py [line:240] run INFO node id 3 is running on pid 131 
2022-11-12 13:24:54,396 socket_client.py [line:53] _connect_and_send_forever INFO node 3's socket client starts to make outgoing connections on process id 131 
2022-11-12 13:39:20,126 socket_client.py [line:240] run INFO node id 3 is running on pid 1167 
2022-11-12 13:39:20,126 socket_client.py [line:53] _connect_and_send_forever INFO node 3's socket client starts to make outgoing connections on process id 1167 
2022-11-12 13:40:36,080 socket_client.py [line:240] run INFO node id 3 is running on pid 1346 
2022-11-12 13:40:36,080 socket_client.py [line:53] _connect_and_send_forever INFO node 3's socket client starts to make outgoing connections on process id 1346 
2022-11-12 13:42:51,752 socket_client.py [line:240] run INFO node id 3 is running on pid 1559 
2022-11-12 13:42:51,752 socket_client.py [line:53] _connect_and_send_forever INFO node 3's socket client starts to make outgoing connections on process id 1559 
2022-11-12 13:43:21,460 socket_client.py [line:240] run INFO node id 3 is running on pid 1766 
2022-11-12 13:43:21,460 socket_client.py [line:53] _connect_and_send_forever INFO node 3's socket client starts to make outgoing connections on process id 1766 
2022-11-12 13:45:03,204 socket_client.py [line:240] run INFO node id 3 is running on pid 1937 
2022-11-12 13:45:03,204 socket_client.py [line:53] _connect_and_send_forever INFO node 3's socket client starts to make outgoing connections on process id 1937 
2022-11-12 13:50:45,805 socket_client.py [line:240] run INFO node id 3 is running on pid 2153 
2022-11-12 13:50:45,806 socket_client.py [line:53] _connect_and_send_forever INFO node 3's socket client starts to make outgoing connections on process id 2153 
2022-11-12 13:53:41,498 socket_client.py [line:240] run INFO node id 3 is running on pid 2326 
2022-11-12 13:53:41,498 socket_client.py [line:53] _connect_and_send_forever INFO node 3's socket client starts to make outgoing connections on process id 2326 
2022-11-12 13:58:53,906 socket_client.py [line:240] run INFO node id 3 is running on pid 2433 
2022-11-12 13:58:53,906 socket_client.py [line:53] _connect_and_send_forever INFO node 3's socket client starts to make outgoing connections on process id 2433 
2022-11-12 14:02:55,586 socket_client.py [line:240] run INFO node id 3 is running on pid 2716 
2022-11-12 14:02:55,586 socket_client.py [line:53] _connect_and_send_forever INFO node 3's socket client starts to make outgoing connections on process id 2716 
2022-11-12 14:04:25,596 socket_client.py [line:240] run INFO node id 3 is running on pid 2928 
2022-11-12 14:04:25,596 socket_client.py [line:53] _connect_and_send_forever INFO node 3's socket client starts to make outgoing connections on process id 2928 
2022-11-12 14:10:47,770 socket_client.py [line:240] run INFO node id 3 is running on pid 3223 
2022-11-12 14:10:47,770 socket_client.py [line:53] _connect_and_send_forever INFO node 3's socket client starts to make outgoing connections on process id 3223 
2022-11-12 14:33:37,137 socket_client.py [line:240] run INFO node id 3 is running on pid 3986 
2022-11-12 14:33:37,137 socket_client.py [line:53] _connect_and_send_forever INFO node 3's socket client starts to make outgoing connections on process id 3986 
2022-11-13 10:45:54,918 socket_client.py [line:240] run INFO node id 3 is running on pid 991 
2022-11-13 10:45:54,918 socket_client.py [line:53] _connect_and_send_forever INFO node 3's socket client starts to make outgoing connections on process id 991 
2022-11-13 10:49:50,236 socket_client.py [line:240] run INFO node id 3 is running on pid 1203 
2022-11-13 10:49:50,236 socket_client.py [line:53] _connect_and_send_forever INFO node 3's socket client starts to make outgoing connections on process id 1203 
2022-11-13 10:54:57,912 socket_client.py [line:240] run INFO node id 3 is running on pid 1426 
2022-11-13 10:54:57,912 socket_client.py [line:53] _connect_and_send_forever INFO node 3's socket client starts to make outgoing connections on process id 1426 
2022-11-13 11:13:27,598 socket_client.py [line:240] run INFO node id 3 is running on pid 1922 
2022-11-13 11:13:27,598 socket_client.py [line:53] _connect_and_send_forever INFO node 3's socket client starts to make outgoing connections on process id 1922 
2022-11-13 11:16:33,022 socket_client.py [line:240] run INFO node id 3 is running on pid 2118 
2022-11-13 11:16:33,022 socket_client.py [line:53] _connect_and_send_forever INFO node 3's socket client starts to make outgoing connections on process id 2118 
2022-11-13 11:17:52,009 socket_client.py [line:240] run INFO node id 3 is running on pid 2308 
2022-11-13 11:17:52,009 socket_client.py [line:53] _connect_and_send_forever INFO node 3's socket client starts to make outgoing connections on process id 2308 
2022-11-13 11:19:52,720 socket_client.py [line:240] run INFO node id 3 is running on pid 2528 
2022-11-13 11:19:52,720 socket_client.py [line:53] _connect_and_send_forever INFO node 3's socket client starts to make outgoing connections on process id 2528 
2022-11-13 11:36:11,244 socket_client.py [line:240] run INFO node id 3 is running on pid 2943 
2022-11-13 11:36:11,245 socket_client.py [line:53] _connect_and_send_forever INFO node 3's socket client starts to make outgoing connections on process id 2943 
2022-11-13 11:36:45,080 socket_client.py [line:240] run INFO node id 3 is running on pid 3101 
2022-11-13 11:36:45,080 socket_client.py [line:53] _connect_and_send_forever INFO node 3's socket client starts to make outgoing connections on process id 3101 
2022-11-13 11:37:05,177 socket_client.py [line:240] run INFO node id 3 is running on pid 3254 
2022-11-13 11:37:05,177 socket_client.py [line:53] _connect_and_send_forever INFO node 3's socket client starts to make outgoing connections on process id 3254 
2022-11-13 11:38:56,797 socket_client.py [line:240] run INFO node id 3 is running on pid 3480 
2022-11-13 11:38:56,797 socket_client.py [line:53] _connect_and_send_forever INFO node 3's socket client starts to make outgoing connections on process id 3480 
2022-11-13 11:42:11,590 socket_client.py [line:240] run INFO node id 3 is running on pid 3705 
2022-11-13 11:42:11,590 socket_client.py [line:53] _connect_and_send_forever INFO node 3's socket client starts to make outgoing connections on process id 3705 
2022-11-13 11:42:59,164 socket_client.py [line:240] run INFO node id 3 is running on pid 3907 
2022-11-13 11:42:59,164 socket_client.py [line:53] _connect_and_send_forever INFO node 3's socket client starts to make outgoing connections on process id 3907 
2022-11-13 11:43:31,102 socket_client.py [line:240] run INFO node id 3 is running on pid 4085 
2022-11-13 11:43:31,102 socket_client.py [line:53] _connect_and_send_forever INFO node 3's socket client starts to make outgoing connections on process id 4085 
2022-11-13 11:43:41,919 socket_client.py [line:240] run INFO node id 3 is running on pid 4244 
2022-11-13 11:43:41,919 socket_client.py [line:53] _connect_and_send_forever INFO node 3's socket client starts to make outgoing connections on process id 4244 
2022-11-13 11:44:32,858 socket_client.py [line:240] run INFO node id 3 is running on pid 4476 
2022-11-13 11:44:32,858 socket_client.py [line:53] _connect_and_send_forever INFO node 3's socket client starts to make outgoing connections on process id 4476 
2022-11-13 11:44:44,127 socket_client.py [line:240] run INFO node id 3 is running on pid 4567 
2022-11-13 11:44:44,127 socket_client.py [line:53] _connect_and_send_forever INFO node 3's socket client starts to make outgoing connections on process id 4567 
2022-11-13 11:45:06,796 socket_client.py [line:240] run INFO node id 3 is running on pid 4758 
2022-11-13 11:45:06,796 socket_client.py [line:53] _connect_and_send_forever INFO node 3's socket client starts to make outgoing connections on process id 4758 
2022-11-13 11:45:18,512 socket_client.py [line:240] run INFO node id 3 is running on pid 4917 
2022-11-13 11:45:18,512 socket_client.py [line:53] _connect_and_send_forever INFO node 3's socket client starts to make outgoing connections on process id 4917 
2022-11-13 11:45:44,067 socket_client.py [line:240] run INFO node id 3 is running on pid 5108 
2022-11-13 11:45:44,067 socket_client.py [line:53] _connect_and_send_forever INFO node 3's socket client starts to make outgoing connections on process id 5108 
2022-11-13 11:46:44,367 socket_client.py [line:240] run INFO node id 3 is running on pid 5390 
2022-11-13 11:46:44,367 socket_client.py [line:53] _connect_and_send_forever INFO node 3's socket client starts to make outgoing connections on process id 5390 
2022-11-13 11:47:03,496 socket_client.py [line:240] run INFO node id 3 is running on pid 5547 
2022-11-13 11:47:03,496 socket_client.py [line:53] _connect_and_send_forever INFO node 3's socket client starts to make outgoing connections on process id 5547 
2022-11-13 11:47:20,078 socket_client.py [line:240] run INFO node id 3 is running on pid 5704 
2022-11-13 11:47:20,078 socket_client.py [line:53] _connect_and_send_forever INFO node 3's socket client starts to make outgoing connections on process id 5704 
2022-11-13 11:48:34,269 socket_client.py [line:240] run INFO node id 3 is running on pid 5959 
2022-11-13 11:48:34,269 socket_client.py [line:53] _connect_and_send_forever INFO node 3's socket client starts to make outgoing connections on process id 5959 
2022-11-13 11:48:45,900 socket_client.py [line:240] run INFO node id 3 is running on pid 6136 
2022-11-13 11:48:45,900 socket_client.py [line:53] _connect_and_send_forever INFO node 3's socket client starts to make outgoing connections on process id 6136 
2022-11-13 13:18:12,163 socket_client.py [line:240] run INFO node id 3 is running on pid 7093 
2022-11-13 13:18:12,163 socket_client.py [line:53] _connect_and_send_forever INFO node 3's socket client starts to make outgoing connections on process id 7093 
2022-11-13 13:19:45,650 socket_client.py [line:240] run INFO node id 3 is running on pid 7321 
2022-11-13 13:19:45,651 socket_client.py [line:53] _connect_and_send_forever INFO node 3's socket client starts to make outgoing connections on process id 7321 
2022-11-13 13:20:40,621 socket_client.py [line:240] run INFO node id 3 is running on pid 7579 
2022-11-13 13:20:40,622 socket_client.py [line:53] _connect_and_send_forever INFO node 3's socket client starts to make outgoing connections on process id 7579 
2022-11-13 13:22:36,991 socket_client.py [line:240] run INFO node id 3 is running on pid 7796 
2022-11-13 13:22:36,991 socket_client.py [line:53] _connect_and_send_forever INFO node 3's socket client starts to make outgoing connections on process id 7796 
2022-11-13 13:23:18,256 socket_client.py [line:240] run INFO node id 3 is running on pid 8122 
2022-11-13 13:23:18,256 socket_client.py [line:53] _connect_and_send_forever INFO node 3's socket client starts to make outgoing connections on process id 8122 
2022-11-13 13:23:29,946 socket_client.py [line:240] run INFO node id 3 is running on pid 8304 
2022-11-13 13:23:29,946 socket_client.py [line:53] _connect_and_send_forever INFO node 3's socket client starts to make outgoing connections on process id 8304 
2022-11-13 13:31:44,822 socket_client.py [line:240] run INFO node id 3 is running on pid 8609 
2022-11-13 13:31:44,822 socket_client.py [line:53] _connect_and_send_forever INFO node 3's socket client starts to make outgoing connections on process id 8609 
2022-11-13 13:34:22,708 socket_client.py [line:240] run INFO node id 3 is running on pid 8816 
2022-11-13 13:34:22,708 socket_client.py [line:53] _connect_and_send_forever INFO node 3's socket client starts to make outgoing connections on process id 8816 
2022-11-13 13:36:45,161 socket_client.py [line:240] run INFO node id 3 is running on pid 9057 
2022-11-13 13:36:45,161 socket_client.py [line:53] _connect_and_send_forever INFO node 3's socket client starts to make outgoing connections on process id 9057 
2022-11-13 13:39:03,675 socket_client.py [line:240] run INFO node id 3 is running on pid 9251 
2022-11-13 13:39:03,675 socket_client.py [line:53] _connect_and_send_forever INFO node 3's socket client starts to make outgoing connections on process id 9251 
2022-11-13 13:46:34,218 socket_client.py [line:240] run INFO node id 3 is running on pid 9599 
2022-11-13 13:46:34,218 socket_client.py [line:53] _connect_and_send_forever INFO node 3's socket client starts to make outgoing connections on process id 9599 
2022-11-13 13:47:59,574 socket_client.py [line:240] run INFO node id 3 is running on pid 9840 
2022-11-13 13:47:59,575 socket_client.py [line:53] _connect_and_send_forever INFO node 3's socket client starts to make outgoing connections on process id 9840 
2022-11-13 13:52:06,039 socket_client.py [line:240] run INFO node id 3 is running on pid 10062 
2022-11-13 13:52:06,039 socket_client.py [line:53] _connect_and_send_forever INFO node 3's socket client starts to make outgoing connections on process id 10062 
2022-11-13 13:52:19,108 socket_client.py [line:240] run INFO node id 3 is running on pid 10225 
2022-11-13 13:52:19,108 socket_client.py [line:53] _connect_and_send_forever INFO node 3's socket client starts to make outgoing connections on process id 10225 
2022-11-13 14:33:44,910 socket_client.py [line:240] run INFO node id 3 is running on pid 10618 
2022-11-13 14:33:44,911 socket_client.py [line:53] _connect_and_send_forever INFO node 3's socket client starts to make outgoing connections on process id 10618 
2022-11-13 15:23:59,701 socket_client.py [line:240] run INFO node id 3 is running on pid 11108 
2022-11-13 15:23:59,702 socket_client.py [line:53] _connect_and_send_forever INFO node 3's socket client starts to make outgoing connections on process id 11108 
2022-11-13 15:25:15,010 socket_client.py [line:240] run INFO node id 3 is running on pid 11305 
2022-11-13 15:25:15,010 socket_client.py [line:53] _connect_and_send_forever INFO node 3's socket client starts to make outgoing connections on process id 11305 
2022-11-13 15:29:05,829 socket_client.py [line:240] run INFO node id 3 is running on pid 11535 
2022-11-13 15:29:05,829 socket_client.py [line:53] _connect_and_send_forever INFO node 3's socket client starts to make outgoing connections on process id 11535 
2022-11-13 15:30:20,858 socket_client.py [line:240] run INFO node id 3 is running on pid 11735 
2022-11-13 15:30:20,858 socket_client.py [line:53] _connect_and_send_forever INFO node 3's socket client starts to make outgoing connections on process id 11735 
2022-11-13 15:32:07,951 socket_client.py [line:240] run INFO node id 3 is running on pid 11935 
2022-11-13 15:32:07,951 socket_client.py [line:53] _connect_and_send_forever INFO node 3's socket client starts to make outgoing connections on process id 11935 
2022-11-13 15:35:02,428 socket_client.py [line:240] run INFO node id 3 is running on pid 12208 
2022-11-13 15:35:02,428 socket_client.py [line:53] _connect_and_send_forever INFO node 3's socket client starts to make outgoing connections on process id 12208 
2022-11-13 15:40:26,490 socket_client.py [line:240] run INFO node id 3 is running on pid 12497 
2022-11-13 15:40:26,491 socket_client.py [line:53] _connect_and_send_forever INFO node 3's socket client starts to make outgoing connections on process id 12497 
2023-02-28 11:18:02,188 socket_client.py [line:240] run INFO node id 3 is running on pid 502 
2023-02-28 11:18:02,188 socket_client.py [line:53] _connect_and_send_forever INFO node 3's socket client starts to make outgoing connections on process id 502 
2023-03-05 11:32:53,282 socket_client.py [line:240] run INFO node id 3 is running on pid 744 
2023-03-05 11:32:53,282 socket_client.py [line:53] _connect_and_send_forever INFO node 3's socket client starts to make outgoing connections on process id 744 
2023-03-05 11:34:36,857 socket_client.py [line:240] run INFO node id 3 is running on pid 959 
2023-03-05 11:34:36,857 socket_client.py [line:53] _connect_and_send_forever INFO node 3's socket client starts to make outgoing connections on process id 959 
2023-03-05 11:37:12,883 socket_client.py [line:240] run INFO node id 3 is running on pid 1245 
2023-03-05 11:37:12,883 socket_client.py [line:53] _connect_and_send_forever INFO node 3's socket client starts to make outgoing connections on process id 1245 
2023-03-05 11:39:02,360 socket_client.py [line:240] run INFO node id 3 is running on pid 1468 
2023-03-05 11:39:02,360 socket_client.py [line:53] _connect_and_send_forever INFO node 3's socket client starts to make outgoing connections on process id 1468 
2023-03-05 11:40:14,076 socket_client.py [line:240] run INFO node id 3 is running on pid 1699 
2023-03-05 11:40:14,076 socket_client.py [line:53] _connect_and_send_forever INFO node 3's socket client starts to make outgoing connections on process id 1699 
2023-03-05 11:41:11,364 socket_client.py [line:240] run INFO node id 3 is running on pid 1933 
2023-03-05 11:41:11,364 socket_client.py [line:53] _connect_and_send_forever INFO node 3's socket client starts to make outgoing connections on process id 1933 
2023-03-05 11:42:04,839 socket_client.py [line:240] run INFO node id 3 is running on pid 2139 
2023-03-05 11:42:04,839 socket_client.py [line:53] _connect_and_send_forever INFO node 3's socket client starts to make outgoing connections on process id 2139 
2023-03-05 11:43:59,945 socket_client.py [line:240] run INFO node id 3 is running on pid 2384 
2023-03-05 11:43:59,945 socket_client.py [line:53] _connect_and_send_forever INFO node 3's socket client starts to make outgoing connections on process id 2384 
2023-03-05 11:44:58,300 socket_client.py [line:240] run INFO node id 3 is running on pid 2682 
2023-03-05 11:44:58,300 socket_client.py [line:53] _connect_and_send_forever INFO node 3's socket client starts to make outgoing connections on process id 2682 
2023-03-05 11:45:50,952 socket_client.py [line:240] run INFO node id 3 is running on pid 2908 
2023-03-05 11:45:50,952 socket_client.py [line:53] _connect_and_send_forever INFO node 3's socket client starts to make outgoing connections on process id 2908 
2023-03-05 11:47:06,511 socket_client.py [line:240] run INFO node id 3 is running on pid 3133 
2023-03-05 11:47:06,512 socket_client.py [line:53] _connect_and_send_forever INFO node 3's socket client starts to make outgoing connections on process id 3133 
2023-03-05 11:50:30,934 socket_client.py [line:240] run INFO node id 3 is running on pid 3537 
2023-03-05 11:50:30,934 socket_client.py [line:53] _connect_and_send_forever INFO node 3's socket client starts to make outgoing connections on process id 3537 
2023-03-05 11:52:03,885 socket_client.py [line:240] run INFO node id 3 is running on pid 3790 
2023-03-05 11:52:03,885 socket_client.py [line:53] _connect_and_send_forever INFO node 3's socket client starts to make outgoing connections on process id 3790 
2023-03-05 11:53:37,818 socket_client.py [line:240] run INFO node id 3 is running on pid 4070 
2023-03-05 11:53:37,818 socket_client.py [line:53] _connect_and_send_forever INFO node 3's socket client starts to make outgoing connections on process id 4070 
2023-03-05 14:10:27,962 socket_client.py [line:240] run INFO node id 3 is running on pid 5978 
2023-03-05 14:10:27,963 socket_client.py [line:53] _connect_and_send_forever INFO node 3's socket client starts to make outgoing connections on process id 5978 
2023-03-05 14:12:24,502 socket_client.py [line:240] run INFO node id 3 is running on pid 6196 
2023-03-05 14:12:24,503 socket_client.py [line:53] _connect_and_send_forever INFO node 3's socket client starts to make outgoing connections on process id 6196 
2023-03-05 14:13:37,179 socket_client.py [line:240] run INFO node id 3 is running on pid 6456 
2023-03-05 14:13:37,179 socket_client.py [line:53] _connect_and_send_forever INFO node 3's socket client starts to make outgoing connections on process id 6456 
2023-03-05 14:17:38,651 socket_client.py [line:240] run INFO node id 3 is running on pid 6715 
2023-03-05 14:17:38,651 socket_client.py [line:53] _connect_and_send_forever INFO node 3's socket client starts to make outgoing connections on process id 6715 
2023-03-05 14:18:44,464 socket_client.py [line:240] run INFO node id 3 is running on pid 7004 
2023-03-05 14:18:44,464 socket_client.py [line:53] _connect_and_send_forever INFO node 3's socket client starts to make outgoing connections on process id 7004 
2023-03-05 14:19:24,239 socket_client.py [line:240] run INFO node id 3 is running on pid 7214 
2023-03-05 14:19:24,240 socket_client.py [line:53] _connect_and_send_forever INFO node 3's socket client starts to make outgoing connections on process id 7214 
2023-03-05 14:19:57,014 socket_client.py [line:240] run INFO node id 3 is running on pid 7394 
2023-03-05 14:19:57,014 socket_client.py [line:53] _connect_and_send_forever INFO node 3's socket client starts to make outgoing connections on process id 7394 
2023-03-05 14:21:04,523 socket_client.py [line:240] run INFO node id 3 is running on pid 7672 
2023-03-05 14:21:04,523 socket_client.py [line:53] _connect_and_send_forever INFO node 3's socket client starts to make outgoing connections on process id 7672 
2023-03-05 14:22:00,639 socket_client.py [line:240] run INFO node id 3 is running on pid 7875 
2023-03-05 14:22:00,639 socket_client.py [line:53] _connect_and_send_forever INFO node 3's socket client starts to make outgoing connections on process id 7875 
2023-03-05 14:23:21,624 socket_client.py [line:240] run INFO node id 3 is running on pid 8116 
2023-03-05 14:23:21,625 socket_client.py [line:53] _connect_and_send_forever INFO node 3's socket client starts to make outgoing connections on process id 8116 
2023-03-05 14:24:29,551 socket_client.py [line:240] run INFO node id 3 is running on pid 8326 
2023-03-05 14:24:29,551 socket_client.py [line:53] _connect_and_send_forever INFO node 3's socket client starts to make outgoing connections on process id 8326 
2023-03-05 14:25:30,506 socket_client.py [line:240] run INFO node id 3 is running on pid 8563 
2023-03-05 14:25:30,506 socket_client.py [line:53] _connect_and_send_forever INFO node 3's socket client starts to make outgoing connections on process id 8563 
2023-03-05 14:26:40,784 socket_client.py [line:240] run INFO node id 3 is running on pid 8799 
2023-03-05 14:26:40,784 socket_client.py [line:53] _connect_and_send_forever INFO node 3's socket client starts to make outgoing connections on process id 8799 
2023-03-05 14:30:20,902 socket_client.py [line:240] run INFO node id 3 is running on pid 9133 
2023-03-05 14:30:20,902 socket_client.py [line:53] _connect_and_send_forever INFO node 3's socket client starts to make outgoing connections on process id 9133 
2023-03-05 14:32:53,336 socket_client.py [line:240] run INFO node id 3 is running on pid 9355 
2023-03-05 14:32:53,336 socket_client.py [line:53] _connect_and_send_forever INFO node 3's socket client starts to make outgoing connections on process id 9355 
2023-03-05 14:34:10,886 socket_client.py [line:240] run INFO node id 3 is running on pid 9573 
2023-03-05 14:34:10,886 socket_client.py [line:53] _connect_and_send_forever INFO node 3's socket client starts to make outgoing connections on process id 9573 
2023-03-05 14:35:55,061 socket_client.py [line:240] run INFO node id 3 is running on pid 9840 
2023-03-05 14:35:55,062 socket_client.py [line:53] _connect_and_send_forever INFO node 3's socket client starts to make outgoing connections on process id 9840 
2023-03-05 14:39:13,066 socket_client.py [line:240] run INFO node id 3 is running on pid 10056 
2023-03-05 14:39:13,066 socket_client.py [line:53] _connect_and_send_forever INFO node 3's socket client starts to make outgoing connections on process id 10056 
2023-03-05 14:40:29,133 socket_client.py [line:240] run INFO node id 3 is running on pid 10283 
2023-03-05 14:40:29,134 socket_client.py [line:53] _connect_and_send_forever INFO node 3's socket client starts to make outgoing connections on process id 10283 
2023-03-05 14:41:19,646 socket_client.py [line:240] run INFO node id 3 is running on pid 10510 
2023-03-05 14:41:19,647 socket_client.py [line:53] _connect_and_send_forever INFO node 3's socket client starts to make outgoing connections on process id 10510 
2023-03-05 14:41:57,956 socket_client.py [line:240] run INFO node id 3 is running on pid 10716 
2023-03-05 14:41:57,956 socket_client.py [line:53] _connect_and_send_forever INFO node 3's socket client starts to make outgoing connections on process id 10716 
2023-03-05 14:42:52,726 socket_client.py [line:240] run INFO node id 3 is running on pid 10916 
2023-03-05 14:42:52,726 socket_client.py [line:53] _connect_and_send_forever INFO node 3's socket client starts to make outgoing connections on process id 10916 
2023-03-05 14:45:09,120 socket_client.py [line:240] run INFO node id 3 is running on pid 11133 
2023-03-05 14:45:09,120 socket_client.py [line:53] _connect_and_send_forever INFO node 3's socket client starts to make outgoing connections on process id 11133 
2023-03-05 14:46:08,997 socket_client.py [line:240] run INFO node id 3 is running on pid 11372 
2023-03-05 14:46:08,997 socket_client.py [line:53] _connect_and_send_forever INFO node 3's socket client starts to make outgoing connections on process id 11372 
2023-03-05 14:47:05,035 socket_client.py [line:240] run INFO node id 3 is running on pid 11612 
2023-03-05 14:47:05,035 socket_client.py [line:53] _connect_and_send_forever INFO node 3's socket client starts to make outgoing connections on process id 11612 
2023-03-05 14:49:15,445 socket_client.py [line:240] run INFO node id 3 is running on pid 11794 
2023-03-05 14:49:15,445 socket_client.py [line:53] _connect_and_send_forever INFO node 3's socket client starts to make outgoing connections on process id 11794 
2023-03-05 14:52:43,209 socket_client.py [line:240] run INFO node id 3 is running on pid 12122 
2023-03-05 14:52:43,209 socket_client.py [line:53] _connect_and_send_forever INFO node 3's socket client starts to make outgoing connections on process id 12122 
2023-03-05 14:53:43,838 socket_client.py [line:240] run INFO node id 3 is running on pid 12356 
2023-03-05 14:53:43,839 socket_client.py [line:53] _connect_and_send_forever INFO node 3's socket client starts to make outgoing connections on process id 12356 
2023-03-05 14:54:33,366 socket_client.py [line:240] run INFO node id 3 is running on pid 12545 
2023-03-05 14:54:33,366 socket_client.py [line:53] _connect_and_send_forever INFO node 3's socket client starts to make outgoing connections on process id 12545 
2023-03-05 14:55:24,620 socket_client.py [line:240] run INFO node id 3 is running on pid 12766 
2023-03-05 14:55:24,620 socket_client.py [line:53] _connect_and_send_forever INFO node 3's socket client starts to make outgoing connections on process id 12766 
2023-03-05 14:56:11,914 socket_client.py [line:240] run INFO node id 3 is running on pid 12964 
2023-03-05 14:56:11,914 socket_client.py [line:53] _connect_and_send_forever INFO node 3's socket client starts to make outgoing connections on process id 12964 
2023-03-05 14:58:17,346 socket_client.py [line:240] run INFO node id 3 is running on pid 13203 
2023-03-05 14:58:17,347 socket_client.py [line:53] _connect_and_send_forever INFO node 3's socket client starts to make outgoing connections on process id 13203 
2023-03-05 14:59:10,693 socket_client.py [line:240] run INFO node id 3 is running on pid 13435 
2023-03-05 14:59:10,694 socket_client.py [line:53] _connect_and_send_forever INFO node 3's socket client starts to make outgoing connections on process id 13435 
2023-03-05 15:00:17,858 socket_client.py [line:240] run INFO node id 3 is running on pid 13650 
2023-03-05 15:00:17,859 socket_client.py [line:53] _connect_and_send_forever INFO node 3's socket client starts to make outgoing connections on process id 13650 
2023-03-05 15:01:31,713 socket_client.py [line:240] run INFO node id 3 is running on pid 13813 
2023-03-05 15:01:31,714 socket_client.py [line:53] _connect_and_send_forever INFO node 3's socket client starts to make outgoing connections on process id 13813 
2023-03-05 15:07:21,098 socket_client.py [line:240] run INFO node id 3 is running on pid 517 
2023-03-05 15:07:21,098 socket_client.py [line:53] _connect_and_send_forever INFO node 3's socket client starts to make outgoing connections on process id 517 
2023-03-05 15:07:44,041 socket_client.py [line:240] run INFO node id 3 is running on pid 729 
2023-03-05 15:07:44,041 socket_client.py [line:53] _connect_and_send_forever INFO node 3's socket client starts to make outgoing connections on process id 729 
2023-03-05 15:10:07,123 socket_client.py [line:240] run INFO node id 3 is running on pid 925 
2023-03-05 15:10:07,123 socket_client.py [line:53] _connect_and_send_forever INFO node 3's socket client starts to make outgoing connections on process id 925 
2023-03-05 15:10:19,401 socket_client.py [line:240] run INFO node id 3 is running on pid 1104 
2023-03-05 15:10:19,401 socket_client.py [line:53] _connect_and_send_forever INFO node 3's socket client starts to make outgoing connections on process id 1104 
2023-03-05 15:10:55,892 socket_client.py [line:240] run INFO node id 3 is running on pid 1266 
2023-03-05 15:10:55,893 socket_client.py [line:53] _connect_and_send_forever INFO node 3's socket client starts to make outgoing connections on process id 1266 
2023-03-05 15:14:21,301 socket_client.py [line:240] run INFO node id 3 is running on pid 1503 
2023-03-05 15:14:21,301 socket_client.py [line:53] _connect_and_send_forever INFO node 3's socket client starts to make outgoing connections on process id 1503 
2023-03-05 15:14:33,103 socket_client.py [line:240] run INFO node id 3 is running on pid 1659 
2023-03-05 15:14:33,104 socket_client.py [line:53] _connect_and_send_forever INFO node 3's socket client starts to make outgoing connections on process id 1659 
2023-03-05 15:15:12,364 socket_client.py [line:240] run INFO node id 3 is running on pid 1852 
2023-03-05 15:15:12,365 socket_client.py [line:53] _connect_and_send_forever INFO node 3's socket client starts to make outgoing connections on process id 1852 
2023-03-05 15:15:25,500 socket_client.py [line:240] run INFO node id 3 is running on pid 2007 
2023-03-05 15:15:25,500 socket_client.py [line:53] _connect_and_send_forever INFO node 3's socket client starts to make outgoing connections on process id 2007 
2023-03-05 15:15:46,670 socket_client.py [line:240] run INFO node id 3 is running on pid 2200 
2023-03-05 15:15:46,671 socket_client.py [line:53] _connect_and_send_forever INFO node 3's socket client starts to make outgoing connections on process id 2200 
2023-03-05 15:15:57,973 socket_client.py [line:240] run INFO node id 3 is running on pid 2356 
2023-03-05 15:15:57,973 socket_client.py [line:53] _connect_and_send_forever INFO node 3's socket client starts to make outgoing connections on process id 2356 
2023-03-05 15:18:13,307 socket_client.py [line:240] run INFO node id 3 is running on pid 2540 
2023-03-05 15:18:13,307 socket_client.py [line:53] _connect_and_send_forever INFO node 3's socket client starts to make outgoing connections on process id 2540 
2023-03-05 15:18:53,352 socket_client.py [line:240] run INFO node id 3 is running on pid 2694 
2023-03-05 15:18:53,352 socket_client.py [line:53] _connect_and_send_forever INFO node 3's socket client starts to make outgoing connections on process id 2694 
2023-03-05 15:19:32,024 socket_client.py [line:240] run INFO node id 3 is running on pid 2913 
2023-03-05 15:19:32,024 socket_client.py [line:53] _connect_and_send_forever INFO node 3's socket client starts to make outgoing connections on process id 2913 
2023-03-05 15:20:21,951 socket_client.py [line:240] run INFO node id 3 is running on pid 3117 
2023-03-05 15:20:21,952 socket_client.py [line:53] _connect_and_send_forever INFO node 3's socket client starts to make outgoing connections on process id 3117 
2023-03-05 15:20:49,193 socket_client.py [line:240] run INFO node id 3 is running on pid 3304 
2023-03-05 15:20:49,193 socket_client.py [line:53] _connect_and_send_forever INFO node 3's socket client starts to make outgoing connections on process id 3304 
2023-03-05 15:28:50,168 socket_client.py [line:240] run INFO node id 3 is running on pid 3712 
2023-03-05 15:28:50,168 socket_client.py [line:53] _connect_and_send_forever INFO node 3's socket client starts to make outgoing connections on process id 3712 
2023-03-05 15:29:53,366 socket_client.py [line:240] run INFO node id 3 is running on pid 3904 
2023-03-05 15:29:53,366 socket_client.py [line:53] _connect_and_send_forever INFO node 3's socket client starts to make outgoing connections on process id 3904 
2023-03-05 15:32:29,582 socket_client.py [line:240] run INFO node id 3 is running on pid 4283 
2023-03-05 15:32:29,582 socket_client.py [line:53] _connect_and_send_forever INFO node 3's socket client starts to make outgoing connections on process id 4283 
2023-03-05 15:37:08,672 socket_client.py [line:240] run INFO node id 3 is running on pid 4517 
2023-03-05 15:37:08,672 socket_client.py [line:53] _connect_and_send_forever INFO node 3's socket client starts to make outgoing connections on process id 4517 
2023-03-05 15:37:17,012 socket_client.py [line:240] run INFO node id 3 is running on pid 4617 
2023-03-05 15:37:17,012 socket_client.py [line:53] _connect_and_send_forever INFO node 3's socket client starts to make outgoing connections on process id 4617 
2023-03-05 15:39:40,929 socket_client.py [line:240] run INFO node id 3 is running on pid 4816 
2023-03-05 15:39:40,929 socket_client.py [line:53] _connect_and_send_forever INFO node 3's socket client starts to make outgoing connections on process id 4816 
2023-03-05 15:46:29,222 socket_client.py [line:240] run INFO node id 3 is running on pid 5067 
2023-03-05 15:46:29,223 socket_client.py [line:53] _connect_and_send_forever INFO node 3's socket client starts to make outgoing connections on process id 5067 
2023-03-05 15:46:42,583 socket_client.py [line:240] run INFO node id 3 is running on pid 5219 
2023-03-05 15:46:42,583 socket_client.py [line:53] _connect_and_send_forever INFO node 3's socket client starts to make outgoing connections on process id 5219 
2023-03-05 15:50:41,977 socket_client.py [line:240] run INFO node id 3 is running on pid 5470 
2023-03-05 15:50:41,977 socket_client.py [line:53] _connect_and_send_forever INFO node 3's socket client starts to make outgoing connections on process id 5470 
2023-03-05 15:51:22,689 socket_client.py [line:240] run INFO node id 3 is running on pid 5667 
2023-03-05 15:51:22,689 socket_client.py [line:53] _connect_and_send_forever INFO node 3's socket client starts to make outgoing connections on process id 5667 
2023-03-05 15:52:14,464 socket_client.py [line:240] run INFO node id 3 is running on pid 5901 
2023-03-05 15:52:14,464 socket_client.py [line:53] _connect_and_send_forever INFO node 3's socket client starts to make outgoing connections on process id 5901 
2023-03-05 15:53:11,490 socket_client.py [line:240] run INFO node id 3 is running on pid 6106 
2023-03-05 15:53:11,491 socket_client.py [line:53] _connect_and_send_forever INFO node 3's socket client starts to make outgoing connections on process id 6106 
2023-03-05 15:53:47,484 socket_client.py [line:240] run INFO node id 3 is running on pid 6319 
2023-03-05 15:53:47,484 socket_client.py [line:53] _connect_and_send_forever INFO node 3's socket client starts to make outgoing connections on process id 6319 
2023-03-05 16:08:11,547 socket_client.py [line:240] run INFO node id 3 is running on pid 6664 
2023-03-05 16:08:11,547 socket_client.py [line:53] _connect_and_send_forever INFO node 3's socket client starts to make outgoing connections on process id 6664 
2023-03-05 16:08:28,859 socket_client.py [line:240] run INFO node id 3 is running on pid 6817 
2023-03-05 16:08:28,859 socket_client.py [line:53] _connect_and_send_forever INFO node 3's socket client starts to make outgoing connections on process id 6817 
2023-03-05 16:09:09,312 socket_client.py [line:240] run INFO node id 3 is running on pid 6977 
2023-03-05 16:09:09,312 socket_client.py [line:53] _connect_and_send_forever INFO node 3's socket client starts to make outgoing connections on process id 6977 
2023-03-05 16:13:53,551 socket_client.py [line:240] run INFO node id 3 is running on pid 7313 
2023-03-05 16:13:53,551 socket_client.py [line:53] _connect_and_send_forever INFO node 3's socket client starts to make outgoing connections on process id 7313 
2023-03-05 16:17:22,102 socket_client.py [line:240] run INFO node id 3 is running on pid 7539 
2023-03-05 16:17:22,102 socket_client.py [line:53] _connect_and_send_forever INFO node 3's socket client starts to make outgoing connections on process id 7539 
2023-03-05 16:20:36,213 socket_client.py [line:240] run INFO node id 3 is running on pid 7810 
2023-03-05 16:20:36,213 socket_client.py [line:53] _connect_and_send_forever INFO node 3's socket client starts to make outgoing connections on process id 7810 
2023-03-05 16:23:38,103 socket_client.py [line:240] run INFO node id 3 is running on pid 8174 
2023-03-05 16:23:38,103 socket_client.py [line:53] _connect_and_send_forever INFO node 3's socket client starts to make outgoing connections on process id 8174 
2023-03-05 16:26:52,374 socket_client.py [line:240] run INFO node id 3 is running on pid 8495 
2023-03-05 16:26:52,375 socket_client.py [line:53] _connect_and_send_forever INFO node 3's socket client starts to make outgoing connections on process id 8495 
2023-03-05 16:33:59,386 socket_client.py [line:240] run INFO node id 3 is running on pid 8815 
2023-03-05 16:33:59,386 socket_client.py [line:53] _connect_and_send_forever INFO node 3's socket client starts to make outgoing connections on process id 8815 
2023-03-05 16:34:45,889 socket_client.py [line:240] run INFO node id 3 is running on pid 9102 
2023-03-05 16:34:45,889 socket_client.py [line:53] _connect_and_send_forever INFO node 3's socket client starts to make outgoing connections on process id 9102 
2023-03-05 16:35:11,405 socket_client.py [line:240] run INFO node id 3 is running on pid 9298 
2023-03-05 16:35:11,405 socket_client.py [line:53] _connect_and_send_forever INFO node 3's socket client starts to make outgoing connections on process id 9298 
2023-03-05 16:37:24,214 socket_client.py [line:240] run INFO node id 3 is running on pid 9525 
2023-03-05 16:37:24,214 socket_client.py [line:53] _connect_and_send_forever INFO node 3's socket client starts to make outgoing connections on process id 9525 
2023-03-05 16:39:14,515 socket_client.py [line:166] _send ERROR fail to send msg 
2023-03-05 16:39:14,515 socket_client.py [line:168] _send ERROR (BrokenPipeError(32, 'Broken pipe'), None) 
2023-03-05 16:39:14,516 socket_client.py [line:166] _send ERROR fail to send msg 
2023-03-05 16:39:14,516 socket_client.py [line:168] _send ERROR (BrokenPipeError(32, 'Broken pipe'), None) 
2023-03-05 16:39:14,516 socket_client.py [line:166] _send ERROR fail to send msg 
2023-03-05 16:39:14,516 socket_client.py [line:168] _send ERROR (BrokenPipeError(32, 'Broken pipe'), None) 
2023-03-05 16:39:14,527 socket_client.py [line:166] _send ERROR fail to send msg 
2023-03-05 16:39:14,527 socket_client.py [line:168] _send ERROR (ConnectionResetError(104, 'Connection reset by peer'), None) 
2023-03-05 16:39:14,528 socket_client.py [line:166] _send ERROR fail to send msg 
2023-03-05 16:39:14,528 socket_client.py [line:168] _send ERROR (ConnectionResetError(104, 'Connection reset by peer'), None) 
2023-03-05 16:39:14,529 socket_client.py [line:166] _send ERROR fail to send msg 
2023-03-05 16:39:14,529 socket_client.py [line:168] _send ERROR (ConnectionResetError(104, 'Connection reset by peer'), None) 
2023-03-05 16:39:14,529 socket_client.py [line:166] _send ERROR fail to send msg 
2023-03-05 16:39:14,529 socket_client.py [line:168] _send ERROR (ConnectionResetError(104, 'Connection reset by peer'), None) 
2023-03-05 16:39:14,530 socket_client.py [line:166] _send ERROR fail to send msg 
2023-03-05 16:39:14,530 socket_client.py [line:168] _send ERROR (ConnectionResetError(104, 'Connection reset by peer'), None) 
2023-03-05 16:39:14,530 socket_client.py [line:166] _send ERROR fail to send msg 
2023-03-05 16:39:14,530 socket_client.py [line:168] _send ERROR (ConnectionResetError(104, 'Connection reset by peer'), None) 
2023-03-05 16:39:14,531 socket_client.py [line:166] _send ERROR fail to send msg 
2023-03-05 16:39:14,531 socket_client.py [line:168] _send ERROR (ConnectionResetError(104, 'Connection reset by peer'), None) 
2023-03-05 16:39:14,531 socket_client.py [line:166] _send ERROR fail to send msg 
2023-03-05 16:39:14,531 socket_client.py [line:168] _send ERROR (ConnectionResetError(104, 'Connection reset by peer'), None) 
2023-03-05 16:39:14,531 socket_client.py [line:166] _send ERROR fail to send msg 
2023-03-05 16:39:14,531 socket_client.py [line:168] _send ERROR (ConnectionResetError(104, 'Connection reset by peer'), None) 
2023-03-05 16:39:14,532 socket_client.py [line:166] _send ERROR fail to send msg 
2023-03-05 16:39:14,532 socket_client.py [line:168] _send ERROR (BrokenPipeError(32, 'Broken pipe'), None) 
2023-03-05 16:39:14,532 socket_client.py [line:166] _send ERROR fail to send msg 
2023-03-05 16:39:14,532 socket_client.py [line:168] _send ERROR (BrokenPipeError(32, 'Broken pipe'), None) 
2023-03-05 16:39:14,533 socket_client.py [line:166] _send ERROR fail to send msg 
2023-03-05 16:39:14,533 socket_client.py [line:168] _send ERROR (ConnectionResetError(104, 'Connection reset by peer'), None) 
2023-03-05 16:39:14,554 socket_client.py [line:166] _send ERROR fail to send msg 
2023-03-05 16:39:14,554 socket_client.py [line:168] _send ERROR (ConnectionResetError(104, 'Connection reset by peer'), None) 
2023-03-05 16:39:14,555 socket_client.py [line:166] _send ERROR fail to send msg 
2023-03-05 16:39:14,555 socket_client.py [line:168] _send ERROR (ConnectionResetError(104, 'Connection reset by peer'), None) 
2023-03-05 16:39:14,555 socket_client.py [line:166] _send ERROR fail to send msg 
2023-03-05 16:39:14,556 socket_client.py [line:168] _send ERROR (ConnectionResetError(104, 'Connection reset by peer'), None) 
2023-03-05 16:39:14,556 socket_client.py [line:166] _send ERROR fail to send msg 
2023-03-05 16:39:14,556 socket_client.py [line:168] _send ERROR (ConnectionResetError(104, 'Connection reset by peer'), None) 
2023-03-05 16:39:14,556 socket_client.py [line:166] _send ERROR fail to send msg 
2023-03-05 16:39:14,557 socket_client.py [line:168] _send ERROR (ConnectionResetError(104, 'Connection reset by peer'), None) 
2023-03-05 16:39:14,557 socket_client.py [line:166] _send ERROR fail to send msg 
2023-03-05 16:39:14,557 socket_client.py [line:168] _send ERROR (ConnectionResetError(104, 'Connection reset by peer'), None) 
2023-03-05 16:39:14,558 socket_client.py [line:166] _send ERROR fail to send msg 
2023-03-05 16:39:14,558 socket_client.py [line:168] _send ERROR (BrokenPipeError(32, 'Broken pipe'), None) 
2023-03-05 16:39:14,558 socket_client.py [line:166] _send ERROR fail to send msg 
2023-03-05 16:39:14,558 socket_client.py [line:168] _send ERROR (BrokenPipeError(32, 'Broken pipe'), None) 
2023-03-05 16:39:14,558 socket_client.py [line:166] _send ERROR fail to send msg 
2023-03-05 16:39:14,559 socket_client.py [line:168] _send ERROR (BrokenPipeError(32, 'Broken pipe'), None) 
2023-03-05 16:39:14,559 socket_client.py [line:166] _send ERROR fail to send msg 
2023-03-05 16:39:14,559 socket_client.py [line:168] _send ERROR (BrokenPipeError(32, 'Broken pipe'), None) 
2023-03-05 16:39:14,559 socket_client.py [line:166] _send ERROR fail to send msg 
2023-03-05 16:39:14,560 socket_client.py [line:168] _send ERROR (BrokenPipeError(32, 'Broken pipe'), None) 
2023-03-05 16:39:14,560 socket_client.py [line:166] _send ERROR fail to send msg 
2023-03-05 16:39:14,560 socket_client.py [line:168] _send ERROR (BrokenPipeError(32, 'Broken pipe'), None) 
2023-03-05 16:39:14,560 socket_client.py [line:166] _send ERROR fail to send msg 
2023-03-05 16:39:14,560 socket_client.py [line:168] _send ERROR (BrokenPipeError(32, 'Broken pipe'), None) 
2023-03-05 16:39:14,561 socket_client.py [line:166] _send ERROR fail to send msg 
2023-03-05 16:39:14,561 socket_client.py [line:168] _send ERROR (BrokenPipeError(32, 'Broken pipe'), None) 
2023-03-05 16:39:14,561 socket_client.py [line:166] _send ERROR fail to send msg 
2023-03-05 16:39:14,561 socket_client.py [line:168] _send ERROR (BrokenPipeError(32, 'Broken pipe'), None) 
2023-03-05 16:39:14,561 socket_client.py [line:166] _send ERROR fail to send msg 
2023-03-05 16:39:14,562 socket_client.py [line:168] _send ERROR (BrokenPipeError(32, 'Broken pipe'), None) 
2023-03-05 16:39:14,562 socket_client.py [line:166] _send ERROR fail to send msg 
2023-03-05 16:39:14,562 socket_client.py [line:168] _send ERROR (BrokenPipeError(32, 'Broken pipe'), None) 
2023-03-05 16:39:14,562 socket_client.py [line:166] _send ERROR fail to send msg 
2023-03-05 16:39:14,562 socket_client.py [line:168] _send ERROR (BrokenPipeError(32, 'Broken pipe'), None) 
2023-03-05 16:39:14,563 socket_client.py [line:166] _send ERROR fail to send msg 
2023-03-05 16:39:14,563 socket_client.py [line:168] _send ERROR (BrokenPipeError(32, 'Broken pipe'), None) 
2023-03-05 16:39:14,563 socket_client.py [line:166] _send ERROR fail to send msg 
2023-03-05 16:39:14,563 socket_client.py [line:168] _send ERROR (BrokenPipeError(32, 'Broken pipe'), None) 
2023-03-05 16:39:14,563 socket_client.py [line:166] _send ERROR fail to send msg 
2023-03-05 16:39:14,564 socket_client.py [line:168] _send ERROR (BrokenPipeError(32, 'Broken pipe'), None) 
2023-03-05 16:39:14,564 socket_client.py [line:166] _send ERROR fail to send msg 
2023-03-05 16:39:14,564 socket_client.py [line:168] _send ERROR (BrokenPipeError(32, 'Broken pipe'), None) 
2023-03-05 16:39:14,564 socket_client.py [line:166] _send ERROR fail to send msg 
2023-03-05 16:39:14,565 socket_client.py [line:168] _send ERROR (BrokenPipeError(32, 'Broken pipe'), None) 
2023-03-05 16:39:14,565 socket_client.py [line:166] _send ERROR fail to send msg 
2023-03-05 16:39:14,565 socket_client.py [line:168] _send ERROR (BrokenPipeError(32, 'Broken pipe'), None) 
2023-03-05 16:39:14,565 socket_client.py [line:166] _send ERROR fail to send msg 
2023-03-05 16:39:14,566 socket_client.py [line:168] _send ERROR (BrokenPipeError(32, 'Broken pipe'), None) 
2023-03-05 16:39:14,566 socket_client.py [line:166] _send ERROR fail to send msg 
2023-03-05 16:39:14,566 socket_client.py [line:168] _send ERROR (ConnectionResetError(104, 'Connection reset by peer'), None) 
2023-03-05 16:39:14,566 socket_client.py [line:166] _send ERROR fail to send msg 
2023-03-05 16:39:14,566 socket_client.py [line:168] _send ERROR (BrokenPipeError(32, 'Broken pipe'), None) 
2023-03-05 16:39:14,566 socket_client.py [line:166] _send ERROR fail to send msg 
2023-03-05 16:39:14,567 socket_client.py [line:168] _send ERROR (ConnectionResetError(104, 'Connection reset by peer'), None) 
2023-03-05 16:39:14,567 socket_client.py [line:166] _send ERROR fail to send msg 
2023-03-05 16:39:14,567 socket_client.py [line:168] _send ERROR (ConnectionResetError(104, 'Connection reset by peer'), None) 
2023-03-05 16:39:14,567 socket_client.py [line:166] _send ERROR fail to send msg 
2023-03-05 16:39:14,567 socket_client.py [line:168] _send ERROR (ConnectionResetError(104, 'Connection reset by peer'), None) 
2023-03-05 16:39:14,567 socket_client.py [line:166] _send ERROR fail to send msg 
2023-03-05 16:39:14,568 socket_client.py [line:168] _send ERROR (BrokenPipeError(32, 'Broken pipe'), None) 
2023-03-05 16:39:14,568 socket_client.py [line:166] _send ERROR fail to send msg 
2023-03-05 16:39:14,568 socket_client.py [line:168] _send ERROR (BrokenPipeError(32, 'Broken pipe'), None) 
2023-03-05 16:39:14,568 socket_client.py [line:166] _send ERROR fail to send msg 
2023-03-05 16:39:14,568 socket_client.py [line:168] _send ERROR (BrokenPipeError(32, 'Broken pipe'), None) 
2023-03-05 16:39:14,577 socket_client.py [line:166] _send ERROR fail to send msg 
2023-03-05 16:39:14,577 socket_client.py [line:168] _send ERROR (ConnectionResetError(104, 'Connection reset by peer'), None) 
2023-03-05 16:39:14,577 socket_client.py [line:166] _send ERROR fail to send msg 
2023-03-05 16:39:14,577 socket_client.py [line:168] _send ERROR (ConnectionResetError(104, 'Connection reset by peer'), None) 
2023-03-05 16:39:14,577 socket_client.py [line:166] _send ERROR fail to send msg 
2023-03-05 16:39:14,577 socket_client.py [line:168] _send ERROR (ConnectionResetError(104, 'Connection reset by peer'), None) 
2023-03-05 16:39:14,602 socket_client.py [line:166] _send ERROR fail to send msg 
2023-03-05 16:39:14,603 socket_client.py [line:168] _send ERROR (BrokenPipeError(32, 'Broken pipe'), None) 
2023-03-05 16:39:14,603 socket_client.py [line:166] _send ERROR fail to send msg 
2023-03-05 16:39:14,603 socket_client.py [line:168] _send ERROR (BrokenPipeError(32, 'Broken pipe'), None) 
2023-03-05 16:39:14,603 socket_client.py [line:166] _send ERROR fail to send msg 
2023-03-05 16:39:14,603 socket_client.py [line:168] _send ERROR (ConnectionResetError(104, 'Connection reset by peer'), None) 
2023-03-05 16:39:14,604 socket_client.py [line:166] _send ERROR fail to send msg 
2023-03-05 16:39:14,604 socket_client.py [line:168] _send ERROR (BrokenPipeError(32, 'Broken pipe'), None) 
2023-03-05 16:39:14,604 socket_client.py [line:166] _send ERROR fail to send msg 
2023-03-05 16:39:14,605 socket_client.py [line:168] _send ERROR (BrokenPipeError(32, 'Broken pipe'), None) 
2023-03-05 16:39:14,605 socket_client.py [line:166] _send ERROR fail to send msg 
2023-03-05 16:39:14,605 socket_client.py [line:168] _send ERROR (ConnectionResetError(104, 'Connection reset by peer'), None) 
2023-03-05 16:39:14,605 socket_client.py [line:166] _send ERROR fail to send msg 
2023-03-05 16:39:14,605 socket_client.py [line:168] _send ERROR (ConnectionResetError(104, 'Connection reset by peer'), None) 
2023-03-05 16:39:14,606 socket_client.py [line:166] _send ERROR fail to send msg 
2023-03-05 16:39:14,606 socket_client.py [line:168] _send ERROR (ConnectionResetError(104, 'Connection reset by peer'), None) 
2023-03-05 16:39:14,606 socket_client.py [line:166] _send ERROR fail to send msg 
2023-03-05 16:39:14,606 socket_client.py [line:168] _send ERROR (ConnectionResetError(104, 'Connection reset by peer'), None) 
2023-03-05 16:39:14,607 socket_client.py [line:166] _send ERROR fail to send msg 
2023-03-05 16:39:14,607 socket_client.py [line:168] _send ERROR (ConnectionResetError(104, 'Connection reset by peer'), None) 
2023-03-05 16:39:14,607 socket_client.py [line:166] _send ERROR fail to send msg 
2023-03-05 16:39:14,607 socket_client.py [line:168] _send ERROR (ConnectionResetError(104, 'Connection reset by peer'), None) 
2023-03-05 16:39:14,607 socket_client.py [line:166] _send ERROR fail to send msg 
2023-03-05 16:39:14,608 socket_client.py [line:168] _send ERROR (ConnectionResetError(104, 'Connection reset by peer'), None) 
2023-03-05 16:39:14,612 socket_client.py [line:166] _send ERROR fail to send msg 
2023-03-05 16:39:14,612 socket_client.py [line:168] _send ERROR (ConnectionResetError(104, 'Connection reset by peer'), None) 
2023-03-05 16:39:14,619 socket_client.py [line:166] _send ERROR fail to send msg 
2023-03-05 16:39:14,619 socket_client.py [line:168] _send ERROR (ConnectionResetError(104, 'Connection reset by peer'), None) 
2023-03-05 16:39:14,620 socket_client.py [line:166] _send ERROR fail to send msg 
2023-03-05 16:39:14,620 socket_client.py [line:168] _send ERROR (ConnectionResetError(104, 'Connection reset by peer'), None) 
2023-03-05 16:39:14,620 socket_client.py [line:166] _send ERROR fail to send msg 
2023-03-05 16:39:14,620 socket_client.py [line:168] _send ERROR (ConnectionResetError(104, 'Connection reset by peer'), None) 
2023-03-05 16:39:14,620 socket_client.py [line:166] _send ERROR fail to send msg 
2023-03-05 16:39:14,620 socket_client.py [line:168] _send ERROR (ConnectionResetError(104, 'Connection reset by peer'), None) 
2023-03-05 16:40:07,633 socket_client.py [line:240] run INFO node id 3 is running on pid 9721 
2023-03-05 16:40:07,633 socket_client.py [line:53] _connect_and_send_forever INFO node 3's socket client starts to make outgoing connections on process id 9721 
2023-03-05 16:42:47,688 socket_client.py [line:240] run INFO node id 3 is running on pid 9878 
2023-03-05 16:42:47,689 socket_client.py [line:53] _connect_and_send_forever INFO node 3's socket client starts to make outgoing connections on process id 9878 
2023-03-05 16:50:24,633 socket_client.py [line:240] run INFO node id 3 is running on pid 10305 
2023-03-05 16:50:24,634 socket_client.py [line:53] _connect_and_send_forever INFO node 3's socket client starts to make outgoing connections on process id 10305 
2023-03-05 16:53:34,639 socket_client.py [line:240] run INFO node id 3 is running on pid 10520 
2023-03-05 16:53:34,639 socket_client.py [line:53] _connect_and_send_forever INFO node 3's socket client starts to make outgoing connections on process id 10520 
2023-03-05 16:54:09,441 socket_client.py [line:240] run INFO node id 3 is running on pid 10711 
2023-03-05 16:54:09,441 socket_client.py [line:53] _connect_and_send_forever INFO node 3's socket client starts to make outgoing connections on process id 10711 
2023-03-05 16:54:58,244 socket_client.py [line:240] run INFO node id 3 is running on pid 10972 
2023-03-05 16:54:58,244 socket_client.py [line:53] _connect_and_send_forever INFO node 3's socket client starts to make outgoing connections on process id 10972 
2023-03-05 16:57:36,827 socket_client.py [line:240] run INFO node id 3 is running on pid 11248 
2023-03-05 16:57:36,827 socket_client.py [line:53] _connect_and_send_forever INFO node 3's socket client starts to make outgoing connections on process id 11248 
2023-03-05 17:01:15,130 socket_client.py [line:240] run INFO node id 3 is running on pid 11526 
2023-03-05 17:01:15,130 socket_client.py [line:53] _connect_and_send_forever INFO node 3's socket client starts to make outgoing connections on process id 11526 
2023-03-05 17:04:01,542 socket_client.py [line:240] run INFO node id 3 is running on pid 11923 
2023-03-05 17:04:01,542 socket_client.py [line:53] _connect_and_send_forever INFO node 3's socket client starts to make outgoing connections on process id 11923 
2023-03-05 17:06:50,382 socket_client.py [line:240] run INFO node id 3 is running on pid 12344 
2023-03-05 17:06:50,382 socket_client.py [line:53] _connect_and_send_forever INFO node 3's socket client starts to make outgoing connections on process id 12344 
2023-03-05 17:22:00,531 socket_client.py [line:240] run INFO node id 3 is running on pid 12892 
2023-03-05 17:22:00,531 socket_client.py [line:53] _connect_and_send_forever INFO node 3's socket client starts to make outgoing connections on process id 12892 
2023-03-05 17:23:49,278 socket_client.py [line:240] run INFO node id 3 is running on pid 13108 
2023-03-05 17:23:49,278 socket_client.py [line:53] _connect_and_send_forever INFO node 3's socket client starts to make outgoing connections on process id 13108 
2023-03-05 17:26:44,438 socket_client.py [line:240] run INFO node id 3 is running on pid 13355 
2023-03-05 17:26:44,438 socket_client.py [line:53] _connect_and_send_forever INFO node 3's socket client starts to make outgoing connections on process id 13355 
2023-03-05 17:29:01,577 socket_client.py [line:240] run INFO node id 3 is running on pid 13642 
2023-03-05 17:29:01,577 socket_client.py [line:53] _connect_and_send_forever INFO node 3's socket client starts to make outgoing connections on process id 13642 
2023-03-05 17:31:14,710 socket_client.py [line:240] run INFO node id 3 is running on pid 13934 
2023-03-05 17:31:14,710 socket_client.py [line:53] _connect_and_send_forever INFO node 3's socket client starts to make outgoing connections on process id 13934 
2023-03-05 17:37:28,933 socket_client.py [line:240] run INFO node id 3 is running on pid 14509 
2023-03-05 17:37:28,933 socket_client.py [line:53] _connect_and_send_forever INFO node 3's socket client starts to make outgoing connections on process id 14509 
2023-03-05 17:38:33,199 socket_client.py [line:166] _send ERROR fail to send msg 
2023-03-05 17:38:33,200 socket_client.py [line:168] _send ERROR (BrokenPipeError(32, 'Broken pipe'), None) 
2023-03-05 17:39:03,759 socket_client.py [line:240] run INFO node id 3 is running on pid 14760 
2023-03-05 17:39:03,759 socket_client.py [line:53] _connect_and_send_forever INFO node 3's socket client starts to make outgoing connections on process id 14760 
2023-03-05 17:40:39,320 socket_client.py [line:240] run INFO node id 3 is running on pid 15003 
2023-03-05 17:40:39,320 socket_client.py [line:53] _connect_and_send_forever INFO node 3's socket client starts to make outgoing connections on process id 15003 
2023-03-05 17:40:51,137 socket_client.py [line:240] run INFO node id 3 is running on pid 15094 
2023-03-05 17:40:51,138 socket_client.py [line:53] _connect_and_send_forever INFO node 3's socket client starts to make outgoing connections on process id 15094 
2023-03-05 17:42:37,164 socket_client.py [line:240] run INFO node id 3 is running on pid 15367 
2023-03-05 17:42:37,164 socket_client.py [line:53] _connect_and_send_forever INFO node 3's socket client starts to make outgoing connections on process id 15367 
2023-03-05 17:44:41,736 socket_client.py [line:240] run INFO node id 3 is running on pid 15641 
2023-03-05 17:44:41,736 socket_client.py [line:53] _connect_and_send_forever INFO node 3's socket client starts to make outgoing connections on process id 15641 
2023-03-05 17:46:50,362 socket_client.py [line:240] run INFO node id 3 is running on pid 15935 
2023-03-05 17:46:50,362 socket_client.py [line:53] _connect_and_send_forever INFO node 3's socket client starts to make outgoing connections on process id 15935 
2023-03-05 18:03:12,082 socket_client.py [line:240] run INFO node id 3 is running on pid 16779 
2023-03-05 18:03:12,082 socket_client.py [line:53] _connect_and_send_forever INFO node 3's socket client starts to make outgoing connections on process id 16779 
2023-03-05 18:05:23,429 socket_client.py [line:240] run INFO node id 3 is running on pid 17114 
2023-03-05 18:05:23,429 socket_client.py [line:53] _connect_and_send_forever INFO node 3's socket client starts to make outgoing connections on process id 17114 
2023-03-05 18:07:33,266 socket_client.py [line:240] run INFO node id 3 is running on pid 17303 
2023-03-05 18:07:33,266 socket_client.py [line:53] _connect_and_send_forever INFO node 3's socket client starts to make outgoing connections on process id 17303 
2023-03-05 23:43:00,639 socket_client.py [line:240] run INFO node id 3 is running on pid 1249 
2023-03-05 23:43:00,639 socket_client.py [line:53] _connect_and_send_forever INFO node 3's socket client starts to make outgoing connections on process id 1249 
2023-03-05 23:44:40,479 socket_client.py [line:240] run INFO node id 3 is running on pid 1908 
2023-03-05 23:44:40,480 socket_client.py [line:53] _connect_and_send_forever INFO node 3's socket client starts to make outgoing connections on process id 1908 
2023-03-05 23:45:57,959 socket_client.py [line:240] run INFO node id 3 is running on pid 2413 
2023-03-05 23:45:57,959 socket_client.py [line:53] _connect_and_send_forever INFO node 3's socket client starts to make outgoing connections on process id 2413 
2023-03-05 23:47:50,059 socket_client.py [line:240] run INFO node id 3 is running on pid 2878 
2023-03-05 23:47:50,059 socket_client.py [line:53] _connect_and_send_forever INFO node 3's socket client starts to make outgoing connections on process id 2878 
2023-03-05 23:50:07,688 socket_client.py [line:240] run INFO node id 3 is running on pid 3408 
2023-03-05 23:50:07,688 socket_client.py [line:53] _connect_and_send_forever INFO node 3's socket client starts to make outgoing connections on process id 3408 
2023-03-06 00:07:49,323 socket_client.py [line:240] run INFO node id 3 is running on pid 4268 
2023-03-06 00:07:49,323 socket_client.py [line:53] _connect_and_send_forever INFO node 3's socket client starts to make outgoing connections on process id 4268 
2023-03-06 00:13:13,579 socket_client.py [line:240] run INFO node id 3 is running on pid 4638 
2023-03-06 00:13:13,580 socket_client.py [line:53] _connect_and_send_forever INFO node 3's socket client starts to make outgoing connections on process id 4638 
2023-03-06 11:09:59,412 socket_client.py [line:240] run INFO node id 3 is running on pid 617 
2023-03-06 11:09:59,412 socket_client.py [line:53] _connect_and_send_forever INFO node 3's socket client starts to make outgoing connections on process id 617 
2023-03-06 11:11:59,612 socket_client.py [line:240] run INFO node id 3 is running on pid 862 
2023-03-06 11:11:59,613 socket_client.py [line:53] _connect_and_send_forever INFO node 3's socket client starts to make outgoing connections on process id 862 
2023-03-06 11:13:14,783 socket_client.py [line:240] run INFO node id 3 is running on pid 1072 
2023-03-06 11:13:14,784 socket_client.py [line:53] _connect_and_send_forever INFO node 3's socket client starts to make outgoing connections on process id 1072 
2023-03-06 11:13:52,864 socket_client.py [line:240] run INFO node id 3 is running on pid 1284 
2023-03-06 11:13:52,864 socket_client.py [line:53] _connect_and_send_forever INFO node 3's socket client starts to make outgoing connections on process id 1284 
2023-03-06 11:16:07,115 socket_client.py [line:240] run INFO node id 3 is running on pid 1521 
2023-03-06 11:16:07,115 socket_client.py [line:53] _connect_and_send_forever INFO node 3's socket client starts to make outgoing connections on process id 1521 
2023-03-06 11:17:21,968 socket_client.py [line:240] run INFO node id 3 is running on pid 1718 
2023-03-06 11:17:21,968 socket_client.py [line:53] _connect_and_send_forever INFO node 3's socket client starts to make outgoing connections on process id 1718 
2023-03-06 11:18:34,737 socket_client.py [line:240] run INFO node id 3 is running on pid 1927 
2023-03-06 11:18:34,738 socket_client.py [line:53] _connect_and_send_forever INFO node 3's socket client starts to make outgoing connections on process id 1927 
2023-03-06 11:20:39,578 socket_client.py [line:240] run INFO node id 3 is running on pid 2286 
2023-03-06 11:20:39,578 socket_client.py [line:53] _connect_and_send_forever INFO node 3's socket client starts to make outgoing connections on process id 2286 
2023-03-06 11:22:50,832 socket_client.py [line:240] run INFO node id 3 is running on pid 2656 
2023-03-06 11:22:50,832 socket_client.py [line:53] _connect_and_send_forever INFO node 3's socket client starts to make outgoing connections on process id 2656 
2023-03-06 11:23:01,675 socket_client.py [line:240] run INFO node id 3 is running on pid 2874 
2023-03-06 11:23:01,675 socket_client.py [line:53] _connect_and_send_forever INFO node 3's socket client starts to make outgoing connections on process id 2874 
2023-03-06 11:24:05,060 socket_client.py [line:240] run INFO node id 3 is running on pid 3203 
2023-03-06 11:24:05,060 socket_client.py [line:53] _connect_and_send_forever INFO node 3's socket client starts to make outgoing connections on process id 3203 
2023-03-06 11:24:34,937 socket_client.py [line:240] run INFO node id 3 is running on pid 3557 
2023-03-06 11:24:34,937 socket_client.py [line:53] _connect_and_send_forever INFO node 3's socket client starts to make outgoing connections on process id 3557 
2023-03-06 17:05:48,362 socket_client.py [line:240] run INFO node id 3 is running on pid 4038 
2023-03-06 17:05:48,362 socket_client.py [line:53] _connect_and_send_forever INFO node 3's socket client starts to make outgoing connections on process id 4038 
2023-03-06 17:06:39,824 socket_client.py [line:240] run INFO node id 3 is running on pid 4370 
2023-03-06 17:06:39,824 socket_client.py [line:53] _connect_and_send_forever INFO node 3's socket client starts to make outgoing connections on process id 4370 
2023-03-06 17:08:06,282 socket_client.py [line:240] run INFO node id 3 is running on pid 4833 
2023-03-06 17:08:06,283 socket_client.py [line:53] _connect_and_send_forever INFO node 3's socket client starts to make outgoing connections on process id 4833 
2023-03-06 17:08:57,081 socket_client.py [line:240] run INFO node id 3 is running on pid 5339 
2023-03-06 17:08:57,081 socket_client.py [line:53] _connect_and_send_forever INFO node 3's socket client starts to make outgoing connections on process id 5339 
2023-03-06 17:12:44,673 socket_client.py [line:240] run INFO node id 3 is running on pid 5833 
2023-03-06 17:12:44,674 socket_client.py [line:53] _connect_and_send_forever INFO node 3's socket client starts to make outgoing connections on process id 5833 
2023-03-06 17:13:22,087 socket_client.py [line:240] run INFO node id 3 is running on pid 6296 
2023-03-06 17:13:22,087 socket_client.py [line:53] _connect_and_send_forever INFO node 3's socket client starts to make outgoing connections on process id 6296 
2023-03-07 12:23:01,909 socket_client.py [line:240] run INFO node id 3 is running on pid 699 
2023-03-07 12:23:01,909 socket_client.py [line:53] _connect_and_send_forever INFO node 3's socket client starts to make outgoing connections on process id 699 
2023-03-07 12:23:37,657 socket_client.py [line:240] run INFO node id 3 is running on pid 1182 
2023-03-07 12:23:37,658 socket_client.py [line:53] _connect_and_send_forever INFO node 3's socket client starts to make outgoing connections on process id 1182 
2023-03-07 16:52:22,344 socket_client.py [line:240] run INFO node id 3 is running on pid 2258 
2023-03-07 16:52:22,345 socket_client.py [line:53] _connect_and_send_forever INFO node 3's socket client starts to make outgoing connections on process id 2258 
2023-03-07 16:53:58,889 socket_client.py [line:240] run INFO node id 3 is running on pid 2728 
2023-03-07 16:53:58,889 socket_client.py [line:53] _connect_and_send_forever INFO node 3's socket client starts to make outgoing connections on process id 2728 
2023-03-07 16:55:25,886 socket_client.py [line:240] run INFO node id 3 is running on pid 3177 
2023-03-07 16:55:25,887 socket_client.py [line:53] _connect_and_send_forever INFO node 3's socket client starts to make outgoing connections on process id 3177 
2023-03-07 16:56:11,163 socket_client.py [line:240] run INFO node id 3 is running on pid 3493 
2023-03-07 16:56:11,163 socket_client.py [line:53] _connect_and_send_forever INFO node 3's socket client starts to make outgoing connections on process id 3493 
2023-03-07 16:56:41,312 socket_client.py [line:240] run INFO node id 3 is running on pid 3812 
2023-03-07 16:56:41,313 socket_client.py [line:53] _connect_and_send_forever INFO node 3's socket client starts to make outgoing connections on process id 3812 
2023-03-07 16:57:29,402 socket_client.py [line:240] run INFO node id 3 is running on pid 4269 
2023-03-07 16:57:29,402 socket_client.py [line:53] _connect_and_send_forever INFO node 3's socket client starts to make outgoing connections on process id 4269 
2023-03-07 16:59:49,012 socket_client.py [line:240] run INFO node id 3 is running on pid 4790 
2023-03-07 16:59:49,012 socket_client.py [line:53] _connect_and_send_forever INFO node 3's socket client starts to make outgoing connections on process id 4790 
2023-03-07 17:10:53,048 socket_client.py [line:240] run INFO node id 3 is running on pid 5346 
2023-03-07 17:10:53,048 socket_client.py [line:53] _connect_and_send_forever INFO node 3's socket client starts to make outgoing connections on process id 5346 
2023-03-07 17:13:03,583 socket_client.py [line:240] run INFO node id 3 is running on pid 5878 
2023-03-07 17:13:03,583 socket_client.py [line:53] _connect_and_send_forever INFO node 3's socket client starts to make outgoing connections on process id 5878 
2023-03-07 18:03:08,756 socket_client.py [line:240] run INFO node id 3 is running on pid 6975 
2023-03-07 18:03:08,756 socket_client.py [line:53] _connect_and_send_forever INFO node 3's socket client starts to make outgoing connections on process id 6975 
2023-03-07 18:03:10,640 socket_client.py [line:166] _send ERROR fail to send msg 
2023-03-07 18:03:10,645 socket_client.py [line:168] _send ERROR (BrokenPipeError(32, 'Broken pipe'), None) 
2023-03-07 18:03:10,675 socket_client.py [line:166] _send ERROR fail to send msg 
2023-03-07 18:03:10,678 socket_client.py [line:168] _send ERROR (BrokenPipeError(32, 'Broken pipe'), None) 
2023-03-07 18:03:55,040 socket_client.py [line:240] run INFO node id 3 is running on pid 7436 
2023-03-07 18:03:55,040 socket_client.py [line:53] _connect_and_send_forever INFO node 3's socket client starts to make outgoing connections on process id 7436 
2023-03-07 18:04:19,262 socket_client.py [line:240] run INFO node id 3 is running on pid 7830 
2023-03-07 18:04:19,264 socket_client.py [line:53] _connect_and_send_forever INFO node 3's socket client starts to make outgoing connections on process id 7830 
2023-03-07 18:04:39,207 socket_client.py [line:240] run INFO node id 3 is running on pid 8162 
2023-03-07 18:04:39,207 socket_client.py [line:53] _connect_and_send_forever INFO node 3's socket client starts to make outgoing connections on process id 8162 
2023-03-07 18:04:40,936 socket_client.py [line:166] _send ERROR fail to send msg 
2023-03-07 18:04:40,938 socket_client.py [line:168] _send ERROR (BrokenPipeError(32, 'Broken pipe'), None) 
2023-03-07 18:04:40,944 socket_client.py [line:166] _send ERROR fail to send msg 
2023-03-07 18:04:40,944 socket_client.py [line:168] _send ERROR (ConnectionResetError(104, 'Connection reset by peer'), None) 
2023-03-07 18:04:40,955 socket_client.py [line:166] _send ERROR fail to send msg 
2023-03-07 18:04:40,956 socket_client.py [line:168] _send ERROR (ConnectionResetError(104, 'Connection reset by peer'), None) 
2023-03-07 18:05:17,157 socket_client.py [line:240] run INFO node id 3 is running on pid 8640 
2023-03-07 18:05:17,157 socket_client.py [line:53] _connect_and_send_forever INFO node 3's socket client starts to make outgoing connections on process id 8640 
2023-03-07 18:05:27,580 socket_client.py [line:240] run INFO node id 3 is running on pid 8998 
2023-03-07 18:05:27,580 socket_client.py [line:53] _connect_and_send_forever INFO node 3's socket client starts to make outgoing connections on process id 8998 
2023-03-07 18:10:50,122 socket_client.py [line:240] run INFO node id 3 is running on pid 9563 
2023-03-07 18:10:50,122 socket_client.py [line:53] _connect_and_send_forever INFO node 3's socket client starts to make outgoing connections on process id 9563 
2023-03-07 18:15:15,004 socket_client.py [line:240] run INFO node id 3 is running on pid 10125 
2023-03-07 18:15:15,005 socket_client.py [line:53] _connect_and_send_forever INFO node 3's socket client starts to make outgoing connections on process id 10125 
2023-03-07 18:49:21,863 socket_client.py [line:240] run INFO node id 3 is running on pid 11380 
2023-03-07 18:49:21,863 socket_client.py [line:53] _connect_and_send_forever INFO node 3's socket client starts to make outgoing connections on process id 11380 
2023-03-07 18:50:32,627 socket_client.py [line:240] run INFO node id 3 is running on pid 11861 
2023-03-07 18:50:32,628 socket_client.py [line:53] _connect_and_send_forever INFO node 3's socket client starts to make outgoing connections on process id 11861 
2023-03-07 18:52:42,160 socket_client.py [line:240] run INFO node id 3 is running on pid 12082 
2023-03-07 18:52:42,160 socket_client.py [line:53] _connect_and_send_forever INFO node 3's socket client starts to make outgoing connections on process id 12082 
2023-03-07 18:54:29,550 socket_client.py [line:240] run INFO node id 3 is running on pid 12303 
2023-03-07 18:54:29,551 socket_client.py [line:53] _connect_and_send_forever INFO node 3's socket client starts to make outgoing connections on process id 12303 
2023-03-07 18:55:06,553 socket_client.py [line:240] run INFO node id 3 is running on pid 12469 
2023-03-07 18:55:06,553 socket_client.py [line:53] _connect_and_send_forever INFO node 3's socket client starts to make outgoing connections on process id 12469 
2023-03-07 18:55:28,600 socket_client.py [line:240] run INFO node id 3 is running on pid 12676 
2023-03-07 18:55:28,600 socket_client.py [line:53] _connect_and_send_forever INFO node 3's socket client starts to make outgoing connections on process id 12676 
2023-03-07 18:56:05,505 socket_client.py [line:240] run INFO node id 3 is running on pid 12889 
2023-03-07 18:56:05,505 socket_client.py [line:53] _connect_and_send_forever INFO node 3's socket client starts to make outgoing connections on process id 12889 
2023-03-07 19:00:41,093 socket_client.py [line:240] run INFO node id 3 is running on pid 13146 
2023-03-07 19:00:41,093 socket_client.py [line:53] _connect_and_send_forever INFO node 3's socket client starts to make outgoing connections on process id 13146 
2023-03-07 19:02:31,102 socket_client.py [line:240] run INFO node id 3 is running on pid 13317 
2023-03-07 19:02:31,102 socket_client.py [line:53] _connect_and_send_forever INFO node 3's socket client starts to make outgoing connections on process id 13317 
2023-03-07 19:02:40,347 socket_client.py [line:240] run INFO node id 3 is running on pid 13411 
2023-03-07 19:02:40,347 socket_client.py [line:53] _connect_and_send_forever INFO node 3's socket client starts to make outgoing connections on process id 13411 
2023-03-07 19:03:10,915 socket_client.py [line:240] run INFO node id 3 is running on pid 13598 
2023-03-07 19:03:10,916 socket_client.py [line:53] _connect_and_send_forever INFO node 3's socket client starts to make outgoing connections on process id 13598 
2023-03-07 19:05:40,821 socket_client.py [line:240] run INFO node id 3 is running on pid 13804 
2023-03-07 19:05:40,822 socket_client.py [line:53] _connect_and_send_forever INFO node 3's socket client starts to make outgoing connections on process id 13804 
2023-03-07 19:07:11,129 socket_client.py [line:240] run INFO node id 3 is running on pid 14149 
2023-03-07 19:07:11,129 socket_client.py [line:53] _connect_and_send_forever INFO node 3's socket client starts to make outgoing connections on process id 14149 
2023-03-07 19:07:54,905 socket_client.py [line:240] run INFO node id 3 is running on pid 14364 
2023-03-07 19:07:54,906 socket_client.py [line:53] _connect_and_send_forever INFO node 3's socket client starts to make outgoing connections on process id 14364 
2023-03-07 19:08:41,421 socket_client.py [line:240] run INFO node id 3 is running on pid 14590 
2023-03-07 19:08:41,421 socket_client.py [line:53] _connect_and_send_forever INFO node 3's socket client starts to make outgoing connections on process id 14590 
2023-03-07 19:09:25,611 socket_client.py [line:240] run INFO node id 3 is running on pid 14902 
2023-03-07 19:09:25,611 socket_client.py [line:53] _connect_and_send_forever INFO node 3's socket client starts to make outgoing connections on process id 14902 
2023-03-07 19:10:25,550 socket_client.py [line:240] run INFO node id 3 is running on pid 15265 
2023-03-07 19:10:25,550 socket_client.py [line:53] _connect_and_send_forever INFO node 3's socket client starts to make outgoing connections on process id 15265 
2023-03-07 19:13:21,961 socket_client.py [line:240] run INFO node id 3 is running on pid 15762 
2023-03-07 19:13:21,962 socket_client.py [line:53] _connect_and_send_forever INFO node 3's socket client starts to make outgoing connections on process id 15762 
2023-03-07 19:15:32,858 socket_client.py [line:240] run INFO node id 3 is running on pid 16266 
2023-03-07 19:15:32,858 socket_client.py [line:53] _connect_and_send_forever INFO node 3's socket client starts to make outgoing connections on process id 16266 
2023-03-07 21:31:02,151 socket_client.py [line:240] run INFO node id 3 is running on pid 16890 
2023-03-07 21:31:02,151 socket_client.py [line:53] _connect_and_send_forever INFO node 3's socket client starts to make outgoing connections on process id 16890 
2023-03-07 21:35:48,011 socket_client.py [line:240] run INFO node id 3 is running on pid 17272 
2023-03-07 21:35:48,011 socket_client.py [line:53] _connect_and_send_forever INFO node 3's socket client starts to make outgoing connections on process id 17272 
2023-03-07 21:42:18,315 socket_client.py [line:240] run INFO node id 3 is running on pid 17677 
2023-03-07 21:42:18,316 socket_client.py [line:53] _connect_and_send_forever INFO node 3's socket client starts to make outgoing connections on process id 17677 
2023-03-07 21:48:54,732 socket_client.py [line:240] run INFO node id 3 is running on pid 18066 
2023-03-07 21:48:54,732 socket_client.py [line:53] _connect_and_send_forever INFO node 3's socket client starts to make outgoing connections on process id 18066 
2023-03-07 21:54:26,435 socket_client.py [line:240] run INFO node id 3 is running on pid 18480 
2023-03-07 21:54:26,435 socket_client.py [line:53] _connect_and_send_forever INFO node 3's socket client starts to make outgoing connections on process id 18480 
2023-03-07 22:00:11,871 socket_client.py [line:240] run INFO node id 3 is running on pid 18822 
2023-03-07 22:00:11,872 socket_client.py [line:53] _connect_and_send_forever INFO node 3's socket client starts to make outgoing connections on process id 18822 
2023-03-07 22:07:27,819 socket_client.py [line:240] run INFO node id 3 is running on pid 19344 
2023-03-07 22:07:27,819 socket_client.py [line:53] _connect_and_send_forever INFO node 3's socket client starts to make outgoing connections on process id 19344 
2023-03-07 22:14:48,656 socket_client.py [line:240] run INFO node id 3 is running on pid 19987 
2023-03-07 22:14:48,656 socket_client.py [line:53] _connect_and_send_forever INFO node 3's socket client starts to make outgoing connections on process id 19987 
2023-03-07 22:20:16,502 socket_client.py [line:240] run INFO node id 3 is running on pid 20368 
2023-03-07 22:20:16,502 socket_client.py [line:53] _connect_and_send_forever INFO node 3's socket client starts to make outgoing connections on process id 20368 
2023-03-07 22:25:02,467 socket_client.py [line:240] run INFO node id 3 is running on pid 20730 
2023-03-07 22:25:02,467 socket_client.py [line:53] _connect_and_send_forever INFO node 3's socket client starts to make outgoing connections on process id 20730 
2023-03-07 22:30:42,302 socket_client.py [line:240] run INFO node id 3 is running on pid 21136 
2023-03-07 22:30:42,303 socket_client.py [line:53] _connect_and_send_forever INFO node 3's socket client starts to make outgoing connections on process id 21136 
2023-03-07 22:36:05,073 socket_client.py [line:240] run INFO node id 3 is running on pid 21557 
2023-03-07 22:36:05,074 socket_client.py [line:53] _connect_and_send_forever INFO node 3's socket client starts to make outgoing connections on process id 21557 
2023-03-07 22:44:17,104 socket_client.py [line:240] run INFO node id 3 is running on pid 22061 
2023-03-07 22:44:17,104 socket_client.py [line:53] _connect_and_send_forever INFO node 3's socket client starts to make outgoing connections on process id 22061 
2023-03-07 22:49:08,150 socket_client.py [line:240] run INFO node id 3 is running on pid 22477 
2023-03-07 22:49:08,151 socket_client.py [line:53] _connect_and_send_forever INFO node 3's socket client starts to make outgoing connections on process id 22477 
2023-03-07 22:54:27,936 socket_client.py [line:240] run INFO node id 3 is running on pid 22913 
2023-03-07 22:54:27,937 socket_client.py [line:53] _connect_and_send_forever INFO node 3's socket client starts to make outgoing connections on process id 22913 
2023-03-07 22:59:16,271 socket_client.py [line:240] run INFO node id 3 is running on pid 23384 
2023-03-07 22:59:16,271 socket_client.py [line:53] _connect_and_send_forever INFO node 3's socket client starts to make outgoing connections on process id 23384 
2023-03-07 23:05:12,174 socket_client.py [line:240] run INFO node id 3 is running on pid 23846 
2023-03-07 23:05:12,175 socket_client.py [line:53] _connect_and_send_forever INFO node 3's socket client starts to make outgoing connections on process id 23846 
2023-03-07 23:13:19,531 socket_client.py [line:240] run INFO node id 3 is running on pid 24552 
2023-03-07 23:13:19,531 socket_client.py [line:53] _connect_and_send_forever INFO node 3's socket client starts to make outgoing connections on process id 24552 
2023-03-07 23:18:38,325 socket_client.py [line:240] run INFO node id 3 is running on pid 24943 
2023-03-07 23:18:38,325 socket_client.py [line:53] _connect_and_send_forever INFO node 3's socket client starts to make outgoing connections on process id 24943 
2023-03-07 23:22:40,222 socket_client.py [line:240] run INFO node id 3 is running on pid 25301 
2023-03-07 23:22:40,222 socket_client.py [line:53] _connect_and_send_forever INFO node 3's socket client starts to make outgoing connections on process id 25301 
2023-03-07 23:27:25,408 socket_client.py [line:240] run INFO node id 3 is running on pid 25697 
2023-03-07 23:27:25,408 socket_client.py [line:53] _connect_and_send_forever INFO node 3's socket client starts to make outgoing connections on process id 25697 
2023-03-07 23:32:07,010 socket_client.py [line:240] run INFO node id 3 is running on pid 26089 
2023-03-07 23:32:07,010 socket_client.py [line:53] _connect_and_send_forever INFO node 3's socket client starts to make outgoing connections on process id 26089 
2023-03-07 23:36:11,935 socket_client.py [line:240] run INFO node id 3 is running on pid 26510 
2023-03-07 23:36:11,935 socket_client.py [line:53] _connect_and_send_forever INFO node 3's socket client starts to make outgoing connections on process id 26510 
2023-03-07 23:41:13,364 socket_client.py [line:240] run INFO node id 3 is running on pid 26821 
2023-03-07 23:41:13,364 socket_client.py [line:53] _connect_and_send_forever INFO node 3's socket client starts to make outgoing connections on process id 26821 
2023-03-07 23:47:55,652 socket_client.py [line:240] run INFO node id 3 is running on pid 27449 
2023-03-07 23:47:55,652 socket_client.py [line:53] _connect_and_send_forever INFO node 3's socket client starts to make outgoing connections on process id 27449 
2023-03-07 23:53:36,385 socket_client.py [line:240] run INFO node id 3 is running on pid 27968 
2023-03-07 23:53:36,386 socket_client.py [line:53] _connect_and_send_forever INFO node 3's socket client starts to make outgoing connections on process id 27968 
2023-03-07 23:57:12,095 socket_client.py [line:240] run INFO node id 3 is running on pid 28316 
2023-03-07 23:57:12,095 socket_client.py [line:53] _connect_and_send_forever INFO node 3's socket client starts to make outgoing connections on process id 28316 
2023-03-08 00:01:01,297 socket_client.py [line:240] run INFO node id 3 is running on pid 28757 
2023-03-08 00:01:01,297 socket_client.py [line:53] _connect_and_send_forever INFO node 3's socket client starts to make outgoing connections on process id 28757 
2023-03-08 00:05:40,879 socket_client.py [line:240] run INFO node id 3 is running on pid 29238 
2023-03-08 00:05:40,879 socket_client.py [line:53] _connect_and_send_forever INFO node 3's socket client starts to make outgoing connections on process id 29238 
2023-03-08 00:08:32,073 socket_client.py [line:240] run INFO node id 3 is running on pid 29703 
2023-03-08 00:08:32,074 socket_client.py [line:53] _connect_and_send_forever INFO node 3's socket client starts to make outgoing connections on process id 29703 
2023-03-08 00:09:35,594 socket_client.py [line:240] run INFO node id 3 is running on pid 30055 
2023-03-08 00:09:35,595 socket_client.py [line:53] _connect_and_send_forever INFO node 3's socket client starts to make outgoing connections on process id 30055 
2023-03-08 00:10:51,817 socket_client.py [line:240] run INFO node id 3 is running on pid 30419 
2023-03-08 00:10:51,817 socket_client.py [line:53] _connect_and_send_forever INFO node 3's socket client starts to make outgoing connections on process id 30419 
2023-03-08 00:11:52,938 socket_client.py [line:240] run INFO node id 3 is running on pid 30783 
2023-03-08 00:11:52,938 socket_client.py [line:53] _connect_and_send_forever INFO node 3's socket client starts to make outgoing connections on process id 30783 
2023-03-08 00:13:10,103 socket_client.py [line:240] run INFO node id 3 is running on pid 31128 
2023-03-08 00:13:10,103 socket_client.py [line:53] _connect_and_send_forever INFO node 3's socket client starts to make outgoing connections on process id 31128 
2023-03-08 00:15:49,806 socket_client.py [line:240] run INFO node id 3 is running on pid 31516 
2023-03-08 00:15:49,806 socket_client.py [line:53] _connect_and_send_forever INFO node 3's socket client starts to make outgoing connections on process id 31516 
2023-03-08 00:17:24,981 socket_client.py [line:240] run INFO node id 3 is running on pid 31888 
2023-03-08 00:17:24,981 socket_client.py [line:53] _connect_and_send_forever INFO node 3's socket client starts to make outgoing connections on process id 31888 
2023-03-08 00:18:34,870 socket_client.py [line:240] run INFO node id 3 is running on pid 32244 
2023-03-08 00:18:34,870 socket_client.py [line:53] _connect_and_send_forever INFO node 3's socket client starts to make outgoing connections on process id 32244 
2023-03-08 00:19:40,645 socket_client.py [line:240] run INFO node id 3 is running on pid 32540 
2023-03-08 00:19:40,645 socket_client.py [line:53] _connect_and_send_forever INFO node 3's socket client starts to make outgoing connections on process id 32540 
2023-03-08 00:20:45,167 socket_client.py [line:240] run INFO node id 3 is running on pid 434 
2023-03-08 00:20:45,167 socket_client.py [line:53] _connect_and_send_forever INFO node 3's socket client starts to make outgoing connections on process id 434 
2023-03-08 00:22:02,242 socket_client.py [line:240] run INFO node id 3 is running on pid 806 
2023-03-08 00:22:02,242 socket_client.py [line:53] _connect_and_send_forever INFO node 3's socket client starts to make outgoing connections on process id 806 
2023-03-08 00:23:57,916 socket_client.py [line:240] run INFO node id 3 is running on pid 1172 
2023-03-08 00:23:57,916 socket_client.py [line:53] _connect_and_send_forever INFO node 3's socket client starts to make outgoing connections on process id 1172 
2023-03-08 00:24:55,814 socket_client.py [line:240] run INFO node id 3 is running on pid 1596 
2023-03-08 00:24:55,814 socket_client.py [line:53] _connect_and_send_forever INFO node 3's socket client starts to make outgoing connections on process id 1596 
2023-03-08 00:26:03,597 socket_client.py [line:240] run INFO node id 3 is running on pid 1964 
2023-03-08 00:26:03,597 socket_client.py [line:53] _connect_and_send_forever INFO node 3's socket client starts to make outgoing connections on process id 1964 
2023-03-08 00:27:09,148 socket_client.py [line:240] run INFO node id 3 is running on pid 2353 
2023-03-08 00:27:09,148 socket_client.py [line:53] _connect_and_send_forever INFO node 3's socket client starts to make outgoing connections on process id 2353 
2023-03-08 00:27:58,696 socket_client.py [line:240] run INFO node id 3 is running on pid 2657 
2023-03-08 00:27:58,696 socket_client.py [line:53] _connect_and_send_forever INFO node 3's socket client starts to make outgoing connections on process id 2657 
2023-03-08 00:29:08,423 socket_client.py [line:240] run INFO node id 3 is running on pid 3014 
2023-03-08 00:29:08,424 socket_client.py [line:53] _connect_and_send_forever INFO node 3's socket client starts to make outgoing connections on process id 3014 
2023-03-08 00:30:12,268 socket_client.py [line:240] run INFO node id 3 is running on pid 3399 
2023-03-08 00:30:12,268 socket_client.py [line:53] _connect_and_send_forever INFO node 3's socket client starts to make outgoing connections on process id 3399 
2023-03-08 00:33:13,036 socket_client.py [line:240] run INFO node id 3 is running on pid 3818 
2023-03-08 00:33:13,037 socket_client.py [line:53] _connect_and_send_forever INFO node 3's socket client starts to make outgoing connections on process id 3818 
2023-03-08 00:35:43,431 socket_client.py [line:240] run INFO node id 3 is running on pid 4176 
2023-03-08 00:35:43,431 socket_client.py [line:53] _connect_and_send_forever INFO node 3's socket client starts to make outgoing connections on process id 4176 
2023-03-08 00:36:52,866 socket_client.py [line:240] run INFO node id 3 is running on pid 4553 
2023-03-08 00:36:52,866 socket_client.py [line:53] _connect_and_send_forever INFO node 3's socket client starts to make outgoing connections on process id 4553 
2023-03-08 00:37:55,128 socket_client.py [line:240] run INFO node id 3 is running on pid 4932 
2023-03-08 00:37:55,128 socket_client.py [line:53] _connect_and_send_forever INFO node 3's socket client starts to make outgoing connections on process id 4932 
2023-03-08 00:39:27,776 socket_client.py [line:240] run INFO node id 3 is running on pid 5362 
2023-03-08 00:39:27,776 socket_client.py [line:53] _connect_and_send_forever INFO node 3's socket client starts to make outgoing connections on process id 5362 
2023-03-08 00:40:36,328 socket_client.py [line:240] run INFO node id 3 is running on pid 5724 
2023-03-08 00:40:36,328 socket_client.py [line:53] _connect_and_send_forever INFO node 3's socket client starts to make outgoing connections on process id 5724 
2023-03-08 00:43:12,594 socket_client.py [line:240] run INFO node id 3 is running on pid 6120 
2023-03-08 00:43:12,595 socket_client.py [line:53] _connect_and_send_forever INFO node 3's socket client starts to make outgoing connections on process id 6120 
2023-03-08 00:44:03,819 socket_client.py [line:240] run INFO node id 3 is running on pid 6494 
2023-03-08 00:44:03,819 socket_client.py [line:53] _connect_and_send_forever INFO node 3's socket client starts to make outgoing connections on process id 6494 
2023-03-08 00:45:04,808 socket_client.py [line:240] run INFO node id 3 is running on pid 6902 
2023-03-08 00:45:04,808 socket_client.py [line:53] _connect_and_send_forever INFO node 3's socket client starts to make outgoing connections on process id 6902 
2023-03-08 00:46:50,298 socket_client.py [line:240] run INFO node id 3 is running on pid 7306 
2023-03-08 00:46:50,298 socket_client.py [line:53] _connect_and_send_forever INFO node 3's socket client starts to make outgoing connections on process id 7306 
2023-03-08 00:48:13,568 socket_client.py [line:240] run INFO node id 3 is running on pid 7704 
2023-03-08 00:48:13,568 socket_client.py [line:53] _connect_and_send_forever INFO node 3's socket client starts to make outgoing connections on process id 7704 
2023-03-08 14:07:33,505 socket_client.py [line:240] run INFO node id 3 is running on pid 259 
2023-03-08 14:07:33,505 socket_client.py [line:53] _connect_and_send_forever INFO node 3's socket client starts to make outgoing connections on process id 259 
2023-03-08 14:10:17,854 socket_client.py [line:240] run INFO node id 3 is running on pid 496 
2023-03-08 14:10:17,855 socket_client.py [line:53] _connect_and_send_forever INFO node 3's socket client starts to make outgoing connections on process id 496 
2023-03-08 14:14:45,251 socket_client.py [line:240] run INFO node id 3 is running on pid 744 
2023-03-08 14:14:45,251 socket_client.py [line:53] _connect_and_send_forever INFO node 3's socket client starts to make outgoing connections on process id 744 
2023-03-08 14:18:18,028 socket_client.py [line:240] run INFO node id 3 is running on pid 1007 
2023-03-08 14:18:18,029 socket_client.py [line:53] _connect_and_send_forever INFO node 3's socket client starts to make outgoing connections on process id 1007 
2023-03-08 14:21:30,267 socket_client.py [line:240] run INFO node id 3 is running on pid 1771 
2023-03-08 14:21:30,268 socket_client.py [line:53] _connect_and_send_forever INFO node 3's socket client starts to make outgoing connections on process id 1771 
2023-03-08 14:25:01,963 socket_client.py [line:240] run INFO node id 3 is running on pid 2114 
2023-03-08 14:25:01,963 socket_client.py [line:53] _connect_and_send_forever INFO node 3's socket client starts to make outgoing connections on process id 2114 
2023-03-08 14:26:45,205 socket_client.py [line:240] run INFO node id 3 is running on pid 2377 
2023-03-08 14:26:45,205 socket_client.py [line:53] _connect_and_send_forever INFO node 3's socket client starts to make outgoing connections on process id 2377 
2023-03-08 14:29:23,212 socket_client.py [line:240] run INFO node id 3 is running on pid 2728 
2023-03-08 14:29:23,212 socket_client.py [line:53] _connect_and_send_forever INFO node 3's socket client starts to make outgoing connections on process id 2728 
