2023-03-05 23:43:00,713 socket_client.py [line:240] run INFO node id 6 is running on pid 1274 
2023-03-05 23:43:00,713 socket_client.py [line:53] _connect_and_send_forever INFO node 6's socket client starts to make outgoing connections on process id 1274 
2023-03-05 23:44:40,450 socket_client.py [line:240] run INFO node id 6 is running on pid 1903 
2023-03-05 23:44:40,450 socket_client.py [line:53] _connect_and_send_forever INFO node 6's socket client starts to make outgoing connections on process id 1903 
2023-03-05 23:45:57,920 socket_client.py [line:240] run INFO node id 6 is running on pid 2397 
2023-03-05 23:45:57,920 socket_client.py [line:53] _connect_and_send_forever INFO node 6's socket client starts to make outgoing connections on process id 2397 
2023-03-05 23:47:50,109 socket_client.py [line:240] run INFO node id 6 is running on pid 2892 
2023-03-05 23:47:50,109 socket_client.py [line:53] _connect_and_send_forever INFO node 6's socket client starts to make outgoing connections on process id 2892 
2023-03-05 23:50:07,708 socket_client.py [line:240] run INFO node id 6 is running on pid 3415 
2023-03-05 23:50:07,708 socket_client.py [line:53] _connect_and_send_forever INFO node 6's socket client starts to make outgoing connections on process id 3415 
2023-03-06 00:07:49,289 socket_client.py [line:240] run INFO node id 6 is running on pid 4264 
2023-03-06 00:07:49,289 socket_client.py [line:53] _connect_and_send_forever INFO node 6's socket client starts to make outgoing connections on process id 4264 
2023-03-06 00:13:13,548 socket_client.py [line:240] run INFO node id 6 is running on pid 4632 
2023-03-06 00:13:13,548 socket_client.py [line:53] _connect_and_send_forever INFO node 6's socket client starts to make outgoing connections on process id 4632 
2023-03-06 11:20:39,654 socket_client.py [line:240] run INFO node id 6 is running on pid 2292 
2023-03-06 11:20:39,654 socket_client.py [line:53] _connect_and_send_forever INFO node 6's socket client starts to make outgoing connections on process id 2292 
2023-03-06 11:22:50,828 socket_client.py [line:240] run INFO node id 6 is running on pid 2654 
2023-03-06 11:22:50,828 socket_client.py [line:53] _connect_and_send_forever INFO node 6's socket client starts to make outgoing connections on process id 2654 
2023-03-06 11:23:01,731 socket_client.py [line:240] run INFO node id 6 is running on pid 2880 
2023-03-06 11:23:01,731 socket_client.py [line:53] _connect_and_send_forever INFO node 6's socket client starts to make outgoing connections on process id 2880 
2023-03-06 11:24:05,085 socket_client.py [line:240] run INFO node id 6 is running on pid 3209 
2023-03-06 11:24:05,085 socket_client.py [line:53] _connect_and_send_forever INFO node 6's socket client starts to make outgoing connections on process id 3209 
2023-03-06 11:24:34,920 socket_client.py [line:240] run INFO node id 6 is running on pid 3555 
2023-03-06 11:24:34,921 socket_client.py [line:53] _connect_and_send_forever INFO node 6's socket client starts to make outgoing connections on process id 3555 
2023-03-06 17:05:48,243 socket_client.py [line:240] run INFO node id 6 is running on pid 4031 
2023-03-06 17:05:48,243 socket_client.py [line:53] _connect_and_send_forever INFO node 6's socket client starts to make outgoing connections on process id 4031 
2023-03-06 17:06:39,889 socket_client.py [line:240] run INFO node id 6 is running on pid 4375 
2023-03-06 17:06:39,889 socket_client.py [line:53] _connect_and_send_forever INFO node 6's socket client starts to make outgoing connections on process id 4375 
2023-03-06 17:08:06,291 socket_client.py [line:240] run INFO node id 6 is running on pid 4827 
2023-03-06 17:08:06,291 socket_client.py [line:53] _connect_and_send_forever INFO node 6's socket client starts to make outgoing connections on process id 4827 
2023-03-06 17:08:57,040 socket_client.py [line:240] run INFO node id 6 is running on pid 5326 
2023-03-06 17:08:57,041 socket_client.py [line:53] _connect_and_send_forever INFO node 6's socket client starts to make outgoing connections on process id 5326 
2023-03-06 17:12:44,673 socket_client.py [line:240] run INFO node id 6 is running on pid 5829 
2023-03-06 17:12:44,674 socket_client.py [line:53] _connect_and_send_forever INFO node 6's socket client starts to make outgoing connections on process id 5829 
2023-03-06 17:13:22,108 socket_client.py [line:240] run INFO node id 6 is running on pid 6308 
2023-03-06 17:13:22,108 socket_client.py [line:53] _connect_and_send_forever INFO node 6's socket client starts to make outgoing connections on process id 6308 
2023-03-07 12:23:01,906 socket_client.py [line:240] run INFO node id 6 is running on pid 700 
2023-03-07 12:23:01,906 socket_client.py [line:53] _connect_and_send_forever INFO node 6's socket client starts to make outgoing connections on process id 700 
2023-03-07 12:23:37,725 socket_client.py [line:240] run INFO node id 6 is running on pid 1192 
2023-03-07 12:23:37,726 socket_client.py [line:53] _connect_and_send_forever INFO node 6's socket client starts to make outgoing connections on process id 1192 
2023-03-07 16:52:22,324 socket_client.py [line:240] run INFO node id 6 is running on pid 2250 
2023-03-07 16:52:22,326 socket_client.py [line:53] _connect_and_send_forever INFO node 6's socket client starts to make outgoing connections on process id 2250 
2023-03-07 16:53:58,892 socket_client.py [line:240] run INFO node id 6 is running on pid 2730 
2023-03-07 16:53:58,893 socket_client.py [line:53] _connect_and_send_forever INFO node 6's socket client starts to make outgoing connections on process id 2730 
2023-03-07 16:55:25,870 socket_client.py [line:240] run INFO node id 6 is running on pid 3163 
2023-03-07 16:55:25,870 socket_client.py [line:53] _connect_and_send_forever INFO node 6's socket client starts to make outgoing connections on process id 3163 
2023-03-07 16:56:11,069 socket_client.py [line:240] run INFO node id 6 is running on pid 3480 
2023-03-07 16:56:11,069 socket_client.py [line:53] _connect_and_send_forever INFO node 6's socket client starts to make outgoing connections on process id 3480 
2023-03-07 16:56:41,375 socket_client.py [line:240] run INFO node id 6 is running on pid 3822 
2023-03-07 16:56:41,375 socket_client.py [line:53] _connect_and_send_forever INFO node 6's socket client starts to make outgoing connections on process id 3822 
2023-03-07 16:57:29,407 socket_client.py [line:240] run INFO node id 6 is running on pid 4265 
2023-03-07 16:57:29,407 socket_client.py [line:53] _connect_and_send_forever INFO node 6's socket client starts to make outgoing connections on process id 4265 
2023-03-07 16:59:48,970 socket_client.py [line:240] run INFO node id 6 is running on pid 4779 
2023-03-07 16:59:48,970 socket_client.py [line:53] _connect_and_send_forever INFO node 6's socket client starts to make outgoing connections on process id 4779 
2023-03-07 17:10:53,154 socket_client.py [line:240] run INFO node id 6 is running on pid 5368 
2023-03-07 17:10:53,154 socket_client.py [line:53] _connect_and_send_forever INFO node 6's socket client starts to make outgoing connections on process id 5368 
2023-03-07 17:13:03,597 socket_client.py [line:240] run INFO node id 6 is running on pid 5881 
2023-03-07 17:13:03,597 socket_client.py [line:53] _connect_and_send_forever INFO node 6's socket client starts to make outgoing connections on process id 5881 
2023-03-07 18:03:08,758 socket_client.py [line:240] run INFO node id 6 is running on pid 6976 
2023-03-07 18:03:08,759 socket_client.py [line:53] _connect_and_send_forever INFO node 6's socket client starts to make outgoing connections on process id 6976 
2023-03-07 18:03:56,087 socket_client.py [line:240] run INFO node id 6 is running on pid 7450 
2023-03-07 18:03:56,088 socket_client.py [line:53] _connect_and_send_forever INFO node 6's socket client starts to make outgoing connections on process id 7450 
2023-03-07 18:04:16,601 socket_client.py [line:240] run INFO node id 6 is running on pid 7807 
2023-03-07 18:04:16,602 socket_client.py [line:53] _connect_and_send_forever INFO node 6's socket client starts to make outgoing connections on process id 7807 
2023-03-07 18:04:39,217 socket_client.py [line:240] run INFO node id 6 is running on pid 8166 
2023-03-07 18:04:39,217 socket_client.py [line:53] _connect_and_send_forever INFO node 6's socket client starts to make outgoing connections on process id 8166 
2023-03-07 18:04:41,080 socket_client.py [line:166] _send ERROR fail to send msg 
2023-03-07 18:04:41,081 socket_client.py [line:168] _send ERROR (BrokenPipeError(32, 'Broken pipe'), None) 
2023-03-07 18:04:41,083 socket_client.py [line:166] _send ERROR fail to send msg 
2023-03-07 18:04:41,083 socket_client.py [line:168] _send ERROR (BrokenPipeError(32, 'Broken pipe'), None) 
2023-03-07 18:04:41,084 socket_client.py [line:166] _send ERROR fail to send msg 
2023-03-07 18:04:41,084 socket_client.py [line:168] _send ERROR (BrokenPipeError(32, 'Broken pipe'), None) 
2023-03-07 18:04:41,085 socket_client.py [line:166] _send ERROR fail to send msg 
2023-03-07 18:04:41,085 socket_client.py [line:168] _send ERROR (BrokenPipeError(32, 'Broken pipe'), None) 
2023-03-07 18:04:41,087 socket_client.py [line:166] _send ERROR fail to send msg 
2023-03-07 18:04:41,087 socket_client.py [line:168] _send ERROR (BrokenPipeError(32, 'Broken pipe'), None) 
2023-03-07 18:05:17,628 socket_client.py [line:240] run INFO node id 6 is running on pid 8645 
2023-03-07 18:05:17,632 socket_client.py [line:53] _connect_and_send_forever INFO node 6's socket client starts to make outgoing connections on process id 8645 
2023-03-07 18:05:27,745 socket_client.py [line:240] run INFO node id 6 is running on pid 9009 
2023-03-07 18:05:27,746 socket_client.py [line:53] _connect_and_send_forever INFO node 6's socket client starts to make outgoing connections on process id 9009 
2023-03-07 18:10:50,238 socket_client.py [line:240] run INFO node id 6 is running on pid 9586 
2023-03-07 18:10:50,238 socket_client.py [line:53] _connect_and_send_forever INFO node 6's socket client starts to make outgoing connections on process id 9586 
2023-03-07 18:15:15,062 socket_client.py [line:240] run INFO node id 6 is running on pid 10145 
2023-03-07 18:15:15,064 socket_client.py [line:53] _connect_and_send_forever INFO node 6's socket client starts to make outgoing connections on process id 10145 
2023-03-07 18:49:21,800 socket_client.py [line:240] run INFO node id 6 is running on pid 11360 
2023-03-07 18:49:21,801 socket_client.py [line:53] _connect_and_send_forever INFO node 6's socket client starts to make outgoing connections on process id 11360 
2023-03-07 18:50:32,565 socket_client.py [line:240] run INFO node id 6 is running on pid 11843 
2023-03-07 18:50:32,565 socket_client.py [line:53] _connect_and_send_forever INFO node 6's socket client starts to make outgoing connections on process id 11843 
2023-03-07 19:09:25,687 socket_client.py [line:240] run INFO node id 6 is running on pid 14914 
2023-03-07 19:09:25,687 socket_client.py [line:53] _connect_and_send_forever INFO node 6's socket client starts to make outgoing connections on process id 14914 
2023-03-07 19:10:25,494 socket_client.py [line:240] run INFO node id 6 is running on pid 15261 
2023-03-07 19:10:25,494 socket_client.py [line:53] _connect_and_send_forever INFO node 6's socket client starts to make outgoing connections on process id 15261 
2023-03-07 19:13:21,873 socket_client.py [line:240] run INFO node id 6 is running on pid 15743 
2023-03-07 19:13:21,873 socket_client.py [line:53] _connect_and_send_forever INFO node 6's socket client starts to make outgoing connections on process id 15743 
2023-03-07 19:15:32,896 socket_client.py [line:240] run INFO node id 6 is running on pid 16275 
2023-03-07 19:15:32,896 socket_client.py [line:53] _connect_and_send_forever INFO node 6's socket client starts to make outgoing connections on process id 16275 
2023-03-07 21:31:02,152 socket_client.py [line:240] run INFO node id 6 is running on pid 16892 
2023-03-07 21:31:02,152 socket_client.py [line:53] _connect_and_send_forever INFO node 6's socket client starts to make outgoing connections on process id 16892 
2023-03-07 21:35:48,122 socket_client.py [line:240] run INFO node id 6 is running on pid 17286 
2023-03-07 21:35:48,123 socket_client.py [line:53] _connect_and_send_forever INFO node 6's socket client starts to make outgoing connections on process id 17286 
2023-03-07 21:42:18,335 socket_client.py [line:240] run INFO node id 6 is running on pid 17681 
2023-03-07 21:42:18,336 socket_client.py [line:53] _connect_and_send_forever INFO node 6's socket client starts to make outgoing connections on process id 17681 
2023-03-07 21:48:54,775 socket_client.py [line:240] run INFO node id 6 is running on pid 18076 
2023-03-07 21:48:54,776 socket_client.py [line:53] _connect_and_send_forever INFO node 6's socket client starts to make outgoing connections on process id 18076 
2023-03-07 21:54:26,486 socket_client.py [line:240] run INFO node id 6 is running on pid 18492 
2023-03-07 21:54:26,487 socket_client.py [line:53] _connect_and_send_forever INFO node 6's socket client starts to make outgoing connections on process id 18492 
2023-03-07 22:00:11,838 socket_client.py [line:240] run INFO node id 6 is running on pid 18816 
2023-03-07 22:00:11,838 socket_client.py [line:53] _connect_and_send_forever INFO node 6's socket client starts to make outgoing connections on process id 18816 
2023-03-07 22:07:27,886 socket_client.py [line:240] run INFO node id 6 is running on pid 19348 
2023-03-07 22:07:27,887 socket_client.py [line:53] _connect_and_send_forever INFO node 6's socket client starts to make outgoing connections on process id 19348 
2023-03-07 22:14:48,686 socket_client.py [line:240] run INFO node id 6 is running on pid 19989 
2023-03-07 22:14:48,687 socket_client.py [line:53] _connect_and_send_forever INFO node 6's socket client starts to make outgoing connections on process id 19989 
2023-03-07 22:20:16,531 socket_client.py [line:240] run INFO node id 6 is running on pid 20374 
2023-03-07 22:20:16,531 socket_client.py [line:53] _connect_and_send_forever INFO node 6's socket client starts to make outgoing connections on process id 20374 
2023-03-07 22:25:02,401 socket_client.py [line:240] run INFO node id 6 is running on pid 20722 
2023-03-07 22:25:02,402 socket_client.py [line:53] _connect_and_send_forever INFO node 6's socket client starts to make outgoing connections on process id 20722 
2023-03-07 22:30:42,265 socket_client.py [line:240] run INFO node id 6 is running on pid 21124 
2023-03-07 22:30:42,265 socket_client.py [line:53] _connect_and_send_forever INFO node 6's socket client starts to make outgoing connections on process id 21124 
2023-03-07 22:36:04,888 socket_client.py [line:240] run INFO node id 6 is running on pid 21539 
2023-03-07 22:36:04,888 socket_client.py [line:53] _connect_and_send_forever INFO node 6's socket client starts to make outgoing connections on process id 21539 
2023-03-07 22:44:17,090 socket_client.py [line:240] run INFO node id 6 is running on pid 22058 
2023-03-07 22:44:17,091 socket_client.py [line:53] _connect_and_send_forever INFO node 6's socket client starts to make outgoing connections on process id 22058 
2023-03-07 22:49:08,143 socket_client.py [line:240] run INFO node id 6 is running on pid 22475 
2023-03-07 22:49:08,143 socket_client.py [line:53] _connect_and_send_forever INFO node 6's socket client starts to make outgoing connections on process id 22475 
2023-03-07 22:54:27,970 socket_client.py [line:240] run INFO node id 6 is running on pid 22919 
2023-03-07 22:54:27,970 socket_client.py [line:53] _connect_and_send_forever INFO node 6's socket client starts to make outgoing connections on process id 22919 
2023-03-07 22:59:16,212 socket_client.py [line:240] run INFO node id 6 is running on pid 23376 
2023-03-07 22:59:16,213 socket_client.py [line:53] _connect_and_send_forever INFO node 6's socket client starts to make outgoing connections on process id 23376 
2023-03-07 23:05:12,200 socket_client.py [line:240] run INFO node id 6 is running on pid 23850 
2023-03-07 23:05:12,201 socket_client.py [line:53] _connect_and_send_forever INFO node 6's socket client starts to make outgoing connections on process id 23850 
2023-03-07 23:13:19,427 socket_client.py [line:240] run INFO node id 6 is running on pid 24544 
2023-03-07 23:13:19,427 socket_client.py [line:53] _connect_and_send_forever INFO node 6's socket client starts to make outgoing connections on process id 24544 
2023-03-07 23:18:38,296 socket_client.py [line:240] run INFO node id 6 is running on pid 24937 
2023-03-07 23:18:38,296 socket_client.py [line:53] _connect_and_send_forever INFO node 6's socket client starts to make outgoing connections on process id 24937 
2023-03-07 23:22:40,159 socket_client.py [line:240] run INFO node id 6 is running on pid 25297 
2023-03-07 23:22:40,159 socket_client.py [line:53] _connect_and_send_forever INFO node 6's socket client starts to make outgoing connections on process id 25297 
2023-03-07 23:27:25,446 socket_client.py [line:240] run INFO node id 6 is running on pid 25701 
2023-03-07 23:27:25,446 socket_client.py [line:53] _connect_and_send_forever INFO node 6's socket client starts to make outgoing connections on process id 25701 
2023-03-07 23:32:07,012 socket_client.py [line:240] run INFO node id 6 is running on pid 26091 
2023-03-07 23:32:07,012 socket_client.py [line:53] _connect_and_send_forever INFO node 6's socket client starts to make outgoing connections on process id 26091 
2023-03-07 23:36:11,898 socket_client.py [line:240] run INFO node id 6 is running on pid 26504 
2023-03-07 23:36:11,899 socket_client.py [line:53] _connect_and_send_forever INFO node 6's socket client starts to make outgoing connections on process id 26504 
2023-03-07 23:41:13,283 socket_client.py [line:240] run INFO node id 6 is running on pid 26813 
2023-03-07 23:41:13,283 socket_client.py [line:53] _connect_and_send_forever INFO node 6's socket client starts to make outgoing connections on process id 26813 
2023-03-07 23:47:55,543 socket_client.py [line:240] run INFO node id 6 is running on pid 27437 
2023-03-07 23:47:55,543 socket_client.py [line:53] _connect_and_send_forever INFO node 6's socket client starts to make outgoing connections on process id 27437 
2023-03-07 23:53:36,384 socket_client.py [line:240] run INFO node id 6 is running on pid 27967 
2023-03-07 23:53:36,385 socket_client.py [line:53] _connect_and_send_forever INFO node 6's socket client starts to make outgoing connections on process id 27967 
2023-03-07 23:57:12,024 socket_client.py [line:240] run INFO node id 6 is running on pid 28310 
2023-03-07 23:57:12,024 socket_client.py [line:53] _connect_and_send_forever INFO node 6's socket client starts to make outgoing connections on process id 28310 
2023-03-08 00:01:01,265 socket_client.py [line:240] run INFO node id 6 is running on pid 28749 
2023-03-08 00:01:01,266 socket_client.py [line:53] _connect_and_send_forever INFO node 6's socket client starts to make outgoing connections on process id 28749 
2023-03-08 00:05:40,892 socket_client.py [line:240] run INFO node id 6 is running on pid 29242 
2023-03-08 00:05:40,892 socket_client.py [line:53] _connect_and_send_forever INFO node 6's socket client starts to make outgoing connections on process id 29242 
2023-03-08 00:08:32,032 socket_client.py [line:240] run INFO node id 6 is running on pid 29701 
2023-03-08 00:08:32,032 socket_client.py [line:53] _connect_and_send_forever INFO node 6's socket client starts to make outgoing connections on process id 29701 
2023-03-08 00:09:35,498 socket_client.py [line:240] run INFO node id 6 is running on pid 30039 
2023-03-08 00:09:35,498 socket_client.py [line:53] _connect_and_send_forever INFO node 6's socket client starts to make outgoing connections on process id 30039 
2023-03-08 00:10:51,948 socket_client.py [line:240] run INFO node id 6 is running on pid 30437 
2023-03-08 00:10:51,949 socket_client.py [line:53] _connect_and_send_forever INFO node 6's socket client starts to make outgoing connections on process id 30437 
2023-03-08 00:11:52,924 socket_client.py [line:240] run INFO node id 6 is running on pid 30781 
2023-03-08 00:11:52,924 socket_client.py [line:53] _connect_and_send_forever INFO node 6's socket client starts to make outgoing connections on process id 30781 
2023-03-08 00:13:10,083 socket_client.py [line:240] run INFO node id 6 is running on pid 31124 
2023-03-08 00:13:10,084 socket_client.py [line:53] _connect_and_send_forever INFO node 6's socket client starts to make outgoing connections on process id 31124 
2023-03-08 00:15:49,806 socket_client.py [line:240] run INFO node id 6 is running on pid 31517 
2023-03-08 00:15:49,807 socket_client.py [line:53] _connect_and_send_forever INFO node 6's socket client starts to make outgoing connections on process id 31517 
2023-03-08 00:17:25,082 socket_client.py [line:240] run INFO node id 6 is running on pid 31898 
2023-03-08 00:17:25,082 socket_client.py [line:53] _connect_and_send_forever INFO node 6's socket client starts to make outgoing connections on process id 31898 
2023-03-08 00:18:34,808 socket_client.py [line:240] run INFO node id 6 is running on pid 32236 
2023-03-08 00:18:34,808 socket_client.py [line:53] _connect_and_send_forever INFO node 6's socket client starts to make outgoing connections on process id 32236 
2023-03-08 00:19:12,293 socket_client.py [line:166] _send ERROR fail to send msg 
2023-03-08 00:19:12,293 socket_client.py [line:168] _send ERROR (BrokenPipeError(32, 'Broken pipe'), None) 
2023-03-08 00:19:12,293 socket_client.py [line:166] _send ERROR fail to send msg 
2023-03-08 00:19:12,294 socket_client.py [line:168] _send ERROR (BrokenPipeError(32, 'Broken pipe'), None) 
2023-03-08 00:19:12,294 socket_client.py [line:166] _send ERROR fail to send msg 
2023-03-08 00:19:12,294 socket_client.py [line:168] _send ERROR (BrokenPipeError(32, 'Broken pipe'), None) 
2023-03-08 00:19:12,294 socket_client.py [line:166] _send ERROR fail to send msg 
2023-03-08 00:19:12,294 socket_client.py [line:168] _send ERROR (BrokenPipeError(32, 'Broken pipe'), None) 
2023-03-08 00:19:12,294 socket_client.py [line:166] _send ERROR fail to send msg 
2023-03-08 00:19:12,295 socket_client.py [line:168] _send ERROR (BrokenPipeError(32, 'Broken pipe'), None) 
2023-03-08 00:19:12,295 socket_client.py [line:166] _send ERROR fail to send msg 
2023-03-08 00:19:12,295 socket_client.py [line:168] _send ERROR (BrokenPipeError(32, 'Broken pipe'), None) 
2023-03-08 00:19:12,295 socket_client.py [line:166] _send ERROR fail to send msg 
2023-03-08 00:19:12,295 socket_client.py [line:168] _send ERROR (BrokenPipeError(32, 'Broken pipe'), None) 
2023-03-08 00:19:12,296 socket_client.py [line:166] _send ERROR fail to send msg 
2023-03-08 00:19:12,296 socket_client.py [line:168] _send ERROR (BrokenPipeError(32, 'Broken pipe'), None) 
2023-03-08 00:19:12,355 socket_client.py [line:166] _send ERROR fail to send msg 
2023-03-08 00:19:12,356 socket_client.py [line:168] _send ERROR (BrokenPipeError(32, 'Broken pipe'), None) 
2023-03-08 00:19:12,356 socket_client.py [line:166] _send ERROR fail to send msg 
2023-03-08 00:19:12,356 socket_client.py [line:168] _send ERROR (BrokenPipeError(32, 'Broken pipe'), None) 
2023-03-08 00:19:12,356 socket_client.py [line:166] _send ERROR fail to send msg 
2023-03-08 00:19:12,357 socket_client.py [line:168] _send ERROR (BrokenPipeError(32, 'Broken pipe'), None) 
2023-03-08 00:19:12,357 socket_client.py [line:166] _send ERROR fail to send msg 
2023-03-08 00:19:12,357 socket_client.py [line:168] _send ERROR (BrokenPipeError(32, 'Broken pipe'), None) 
2023-03-08 00:19:12,357 socket_client.py [line:166] _send ERROR fail to send msg 
2023-03-08 00:19:12,357 socket_client.py [line:168] _send ERROR (BrokenPipeError(32, 'Broken pipe'), None) 
2023-03-08 00:19:12,358 socket_client.py [line:166] _send ERROR fail to send msg 
2023-03-08 00:19:12,358 socket_client.py [line:168] _send ERROR (BrokenPipeError(32, 'Broken pipe'), None) 
2023-03-08 00:19:12,358 socket_client.py [line:166] _send ERROR fail to send msg 
2023-03-08 00:19:12,358 socket_client.py [line:168] _send ERROR (BrokenPipeError(32, 'Broken pipe'), None) 
2023-03-08 00:19:12,359 socket_client.py [line:166] _send ERROR fail to send msg 
2023-03-08 00:19:12,359 socket_client.py [line:168] _send ERROR (ConnectionResetError(104, 'Connection reset by peer'), None) 
2023-03-08 00:19:12,383 socket_client.py [line:166] _send ERROR fail to send msg 
2023-03-08 00:19:12,383 socket_client.py [line:168] _send ERROR (BrokenPipeError(32, 'Broken pipe'), None) 
2023-03-08 00:19:12,383 socket_client.py [line:166] _send ERROR fail to send msg 
2023-03-08 00:19:12,384 socket_client.py [line:168] _send ERROR (BrokenPipeError(32, 'Broken pipe'), None) 
2023-03-08 00:19:12,384 socket_client.py [line:166] _send ERROR fail to send msg 
2023-03-08 00:19:12,384 socket_client.py [line:168] _send ERROR (ConnectionResetError(104, 'Connection reset by peer'), None) 
2023-03-08 00:19:12,384 socket_client.py [line:166] _send ERROR fail to send msg 
2023-03-08 00:19:12,384 socket_client.py [line:168] _send ERROR (BrokenPipeError(32, 'Broken pipe'), None) 
2023-03-08 00:19:12,385 socket_client.py [line:166] _send ERROR fail to send msg 
2023-03-08 00:19:12,385 socket_client.py [line:168] _send ERROR (BrokenPipeError(32, 'Broken pipe'), None) 
2023-03-08 00:19:12,385 socket_client.py [line:166] _send ERROR fail to send msg 
2023-03-08 00:19:12,385 socket_client.py [line:168] _send ERROR (BrokenPipeError(32, 'Broken pipe'), None) 
2023-03-08 00:19:12,385 socket_client.py [line:166] _send ERROR fail to send msg 
2023-03-08 00:19:12,386 socket_client.py [line:168] _send ERROR (BrokenPipeError(32, 'Broken pipe'), None) 
2023-03-08 00:19:12,386 socket_client.py [line:166] _send ERROR fail to send msg 
2023-03-08 00:19:12,386 socket_client.py [line:168] _send ERROR (ConnectionResetError(104, 'Connection reset by peer'), None) 
2023-03-08 00:19:12,447 socket_client.py [line:166] _send ERROR fail to send msg 
2023-03-08 00:19:12,448 socket_client.py [line:168] _send ERROR (BrokenPipeError(32, 'Broken pipe'), None) 
2023-03-08 00:19:12,448 socket_client.py [line:166] _send ERROR fail to send msg 
2023-03-08 00:19:12,448 socket_client.py [line:168] _send ERROR (BrokenPipeError(32, 'Broken pipe'), None) 
2023-03-08 00:19:12,448 socket_client.py [line:166] _send ERROR fail to send msg 
2023-03-08 00:19:12,448 socket_client.py [line:168] _send ERROR (ConnectionResetError(104, 'Connection reset by peer'), None) 
2023-03-08 00:19:12,448 socket_client.py [line:166] _send ERROR fail to send msg 
2023-03-08 00:19:12,449 socket_client.py [line:168] _send ERROR (BrokenPipeError(32, 'Broken pipe'), None) 
2023-03-08 00:19:12,449 socket_client.py [line:166] _send ERROR fail to send msg 
2023-03-08 00:19:12,449 socket_client.py [line:168] _send ERROR (BrokenPipeError(32, 'Broken pipe'), None) 
2023-03-08 00:19:12,449 socket_client.py [line:166] _send ERROR fail to send msg 
2023-03-08 00:19:12,449 socket_client.py [line:168] _send ERROR (BrokenPipeError(32, 'Broken pipe'), None) 
2023-03-08 00:19:12,449 socket_client.py [line:166] _send ERROR fail to send msg 
2023-03-08 00:19:12,450 socket_client.py [line:168] _send ERROR (BrokenPipeError(32, 'Broken pipe'), None) 
2023-03-08 00:19:12,450 socket_client.py [line:166] _send ERROR fail to send msg 
2023-03-08 00:19:12,450 socket_client.py [line:168] _send ERROR (BrokenPipeError(32, 'Broken pipe'), None) 
2023-03-08 00:19:12,453 socket_client.py [line:166] _send ERROR fail to send msg 
2023-03-08 00:19:12,453 socket_client.py [line:168] _send ERROR (BrokenPipeError(32, 'Broken pipe'), None) 
2023-03-08 00:19:12,453 socket_client.py [line:166] _send ERROR fail to send msg 
2023-03-08 00:19:12,453 socket_client.py [line:168] _send ERROR (BrokenPipeError(32, 'Broken pipe'), None) 
2023-03-08 00:19:12,453 socket_client.py [line:166] _send ERROR fail to send msg 
2023-03-08 00:19:12,454 socket_client.py [line:168] _send ERROR (BrokenPipeError(32, 'Broken pipe'), None) 
2023-03-08 00:19:12,454 socket_client.py [line:166] _send ERROR fail to send msg 
2023-03-08 00:19:12,454 socket_client.py [line:168] _send ERROR (BrokenPipeError(32, 'Broken pipe'), None) 
2023-03-08 00:19:12,454 socket_client.py [line:166] _send ERROR fail to send msg 
2023-03-08 00:19:12,455 socket_client.py [line:168] _send ERROR (BrokenPipeError(32, 'Broken pipe'), None) 
2023-03-08 00:19:12,455 socket_client.py [line:166] _send ERROR fail to send msg 
2023-03-08 00:19:12,455 socket_client.py [line:168] _send ERROR (BrokenPipeError(32, 'Broken pipe'), None) 
2023-03-08 00:19:12,455 socket_client.py [line:166] _send ERROR fail to send msg 
2023-03-08 00:19:12,456 socket_client.py [line:168] _send ERROR (BrokenPipeError(32, 'Broken pipe'), None) 
2023-03-08 00:19:12,456 socket_client.py [line:166] _send ERROR fail to send msg 
2023-03-08 00:19:12,456 socket_client.py [line:168] _send ERROR (ConnectionResetError(104, 'Connection reset by peer'), None) 
2023-03-08 00:19:12,458 socket_client.py [line:166] _send ERROR fail to send msg 
2023-03-08 00:19:12,458 socket_client.py [line:168] _send ERROR (BrokenPipeError(32, 'Broken pipe'), None) 
2023-03-08 00:19:12,459 socket_client.py [line:166] _send ERROR fail to send msg 
2023-03-08 00:19:12,459 socket_client.py [line:168] _send ERROR (BrokenPipeError(32, 'Broken pipe'), None) 
2023-03-08 00:19:12,459 socket_client.py [line:166] _send ERROR fail to send msg 
2023-03-08 00:19:12,459 socket_client.py [line:168] _send ERROR (BrokenPipeError(32, 'Broken pipe'), None) 
2023-03-08 00:19:12,459 socket_client.py [line:166] _send ERROR fail to send msg 
2023-03-08 00:19:12,459 socket_client.py [line:168] _send ERROR (BrokenPipeError(32, 'Broken pipe'), None) 
2023-03-08 00:19:12,459 socket_client.py [line:166] _send ERROR fail to send msg 
2023-03-08 00:19:12,460 socket_client.py [line:168] _send ERROR (BrokenPipeError(32, 'Broken pipe'), None) 
2023-03-08 00:19:12,460 socket_client.py [line:166] _send ERROR fail to send msg 
2023-03-08 00:19:12,460 socket_client.py [line:168] _send ERROR (BrokenPipeError(32, 'Broken pipe'), None) 
2023-03-08 00:19:12,460 socket_client.py [line:166] _send ERROR fail to send msg 
2023-03-08 00:19:12,460 socket_client.py [line:168] _send ERROR (BrokenPipeError(32, 'Broken pipe'), None) 
2023-03-08 00:19:12,464 socket_client.py [line:166] _send ERROR fail to send msg 
2023-03-08 00:19:12,464 socket_client.py [line:168] _send ERROR (BrokenPipeError(32, 'Broken pipe'), None) 
2023-03-08 00:19:12,464 socket_client.py [line:166] _send ERROR fail to send msg 
2023-03-08 00:19:12,465 socket_client.py [line:168] _send ERROR (BrokenPipeError(32, 'Broken pipe'), None) 
2023-03-08 00:19:12,465 socket_client.py [line:166] _send ERROR fail to send msg 
2023-03-08 00:19:12,465 socket_client.py [line:168] _send ERROR (BrokenPipeError(32, 'Broken pipe'), None) 
2023-03-08 00:19:12,465 socket_client.py [line:166] _send ERROR fail to send msg 
2023-03-08 00:19:12,466 socket_client.py [line:168] _send ERROR (BrokenPipeError(32, 'Broken pipe'), None) 
2023-03-08 00:19:12,466 socket_client.py [line:166] _send ERROR fail to send msg 
2023-03-08 00:19:12,466 socket_client.py [line:168] _send ERROR (BrokenPipeError(32, 'Broken pipe'), None) 
2023-03-08 00:19:12,466 socket_client.py [line:166] _send ERROR fail to send msg 
2023-03-08 00:19:12,467 socket_client.py [line:168] _send ERROR (BrokenPipeError(32, 'Broken pipe'), None) 
2023-03-08 00:19:12,467 socket_client.py [line:166] _send ERROR fail to send msg 
2023-03-08 00:19:12,467 socket_client.py [line:168] _send ERROR (ConnectionResetError(104, 'Connection reset by peer'), None) 
2023-03-08 00:19:12,468 socket_client.py [line:166] _send ERROR fail to send msg 
2023-03-08 00:19:12,468 socket_client.py [line:168] _send ERROR (BrokenPipeError(32, 'Broken pipe'), None) 
2023-03-08 00:19:12,468 socket_client.py [line:166] _send ERROR fail to send msg 
2023-03-08 00:19:12,469 socket_client.py [line:168] _send ERROR (ConnectionResetError(104, 'Connection reset by peer'), None) 
2023-03-08 00:19:12,496 socket_client.py [line:166] _send ERROR fail to send msg 
2023-03-08 00:19:12,496 socket_client.py [line:168] _send ERROR (BrokenPipeError(32, 'Broken pipe'), None) 
2023-03-08 00:19:12,497 socket_client.py [line:166] _send ERROR fail to send msg 
2023-03-08 00:19:12,497 socket_client.py [line:168] _send ERROR (BrokenPipeError(32, 'Broken pipe'), None) 
2023-03-08 00:19:12,497 socket_client.py [line:166] _send ERROR fail to send msg 
2023-03-08 00:19:12,497 socket_client.py [line:168] _send ERROR (BrokenPipeError(32, 'Broken pipe'), None) 
2023-03-08 00:19:12,498 socket_client.py [line:166] _send ERROR fail to send msg 
2023-03-08 00:19:12,498 socket_client.py [line:168] _send ERROR (BrokenPipeError(32, 'Broken pipe'), None) 
2023-03-08 00:19:12,498 socket_client.py [line:166] _send ERROR fail to send msg 
2023-03-08 00:19:12,498 socket_client.py [line:168] _send ERROR (BrokenPipeError(32, 'Broken pipe'), None) 
2023-03-08 00:19:12,499 socket_client.py [line:166] _send ERROR fail to send msg 
2023-03-08 00:19:12,499 socket_client.py [line:168] _send ERROR (BrokenPipeError(32, 'Broken pipe'), None) 
2023-03-08 00:19:12,499 socket_client.py [line:166] _send ERROR fail to send msg 
2023-03-08 00:19:12,499 socket_client.py [line:168] _send ERROR (ConnectionResetError(104, 'Connection reset by peer'), None) 
2023-03-08 00:19:12,499 socket_client.py [line:166] _send ERROR fail to send msg 
2023-03-08 00:19:12,500 socket_client.py [line:168] _send ERROR (ConnectionResetError(104, 'Connection reset by peer'), None) 
2023-03-08 00:19:12,507 socket_client.py [line:166] _send ERROR fail to send msg 
2023-03-08 00:19:12,507 socket_client.py [line:168] _send ERROR (BrokenPipeError(32, 'Broken pipe'), None) 
2023-03-08 00:19:12,508 socket_client.py [line:166] _send ERROR fail to send msg 
2023-03-08 00:19:12,508 socket_client.py [line:168] _send ERROR (BrokenPipeError(32, 'Broken pipe'), None) 
2023-03-08 00:19:12,508 socket_client.py [line:166] _send ERROR fail to send msg 
2023-03-08 00:19:12,509 socket_client.py [line:168] _send ERROR (BrokenPipeError(32, 'Broken pipe'), None) 
2023-03-08 00:19:12,509 socket_client.py [line:166] _send ERROR fail to send msg 
2023-03-08 00:19:12,510 socket_client.py [line:168] _send ERROR (BrokenPipeError(32, 'Broken pipe'), None) 
2023-03-08 00:19:12,510 socket_client.py [line:166] _send ERROR fail to send msg 
2023-03-08 00:19:12,510 socket_client.py [line:168] _send ERROR (BrokenPipeError(32, 'Broken pipe'), None) 
2023-03-08 00:19:12,510 socket_client.py [line:166] _send ERROR fail to send msg 
2023-03-08 00:19:12,511 socket_client.py [line:168] _send ERROR (BrokenPipeError(32, 'Broken pipe'), None) 
2023-03-08 00:19:12,511 socket_client.py [line:166] _send ERROR fail to send msg 
2023-03-08 00:19:12,511 socket_client.py [line:168] _send ERROR (ConnectionResetError(104, 'Connection reset by peer'), None) 
2023-03-08 00:19:12,512 socket_client.py [line:166] _send ERROR fail to send msg 
2023-03-08 00:19:12,512 socket_client.py [line:168] _send ERROR (BrokenPipeError(32, 'Broken pipe'), None) 
2023-03-08 00:19:12,915 socket_client.py [line:166] _send ERROR fail to send msg 
2023-03-08 00:19:12,915 socket_client.py [line:168] _send ERROR (BrokenPipeError(32, 'Broken pipe'), None) 
2023-03-08 00:19:12,915 socket_client.py [line:166] _send ERROR fail to send msg 
2023-03-08 00:19:12,915 socket_client.py [line:168] _send ERROR (ConnectionResetError(104, 'Connection reset by peer'), None) 
2023-03-08 00:19:12,915 socket_client.py [line:166] _send ERROR fail to send msg 
2023-03-08 00:19:12,915 socket_client.py [line:168] _send ERROR (BrokenPipeError(32, 'Broken pipe'), None) 
2023-03-08 00:19:12,916 socket_client.py [line:166] _send ERROR fail to send msg 
2023-03-08 00:19:12,916 socket_client.py [line:168] _send ERROR (BrokenPipeError(32, 'Broken pipe'), None) 
2023-03-08 00:19:12,916 socket_client.py [line:166] _send ERROR fail to send msg 
2023-03-08 00:19:12,916 socket_client.py [line:168] _send ERROR (BrokenPipeError(32, 'Broken pipe'), None) 
2023-03-08 00:19:12,916 socket_client.py [line:166] _send ERROR fail to send msg 
2023-03-08 00:19:12,916 socket_client.py [line:168] _send ERROR (BrokenPipeError(32, 'Broken pipe'), None) 
2023-03-08 00:19:12,917 socket_client.py [line:166] _send ERROR fail to send msg 
2023-03-08 00:19:12,917 socket_client.py [line:168] _send ERROR (BrokenPipeError(32, 'Broken pipe'), None) 
2023-03-08 00:19:12,917 socket_client.py [line:166] _send ERROR fail to send msg 
2023-03-08 00:19:12,917 socket_client.py [line:168] _send ERROR (ConnectionResetError(104, 'Connection reset by peer'), None) 
2023-03-08 00:19:12,920 socket_client.py [line:166] _send ERROR fail to send msg 
2023-03-08 00:19:12,920 socket_client.py [line:168] _send ERROR (BrokenPipeError(32, 'Broken pipe'), None) 
2023-03-08 00:19:12,925 socket_client.py [line:166] _send ERROR fail to send msg 
2023-03-08 00:19:12,926 socket_client.py [line:168] _send ERROR (BrokenPipeError(32, 'Broken pipe'), None) 
2023-03-08 00:19:12,931 socket_client.py [line:166] _send ERROR fail to send msg 
2023-03-08 00:19:12,931 socket_client.py [line:168] _send ERROR (BrokenPipeError(32, 'Broken pipe'), None) 
2023-03-08 00:19:12,936 socket_client.py [line:166] _send ERROR fail to send msg 
2023-03-08 00:19:12,937 socket_client.py [line:168] _send ERROR (BrokenPipeError(32, 'Broken pipe'), None) 
2023-03-08 00:19:12,942 socket_client.py [line:166] _send ERROR fail to send msg 
2023-03-08 00:19:12,942 socket_client.py [line:168] _send ERROR (BrokenPipeError(32, 'Broken pipe'), None) 
2023-03-08 00:19:12,953 socket_client.py [line:166] _send ERROR fail to send msg 
2023-03-08 00:19:12,953 socket_client.py [line:168] _send ERROR (ConnectionResetError(104, 'Connection reset by peer'), None) 
2023-03-08 00:19:12,959 socket_client.py [line:166] _send ERROR fail to send msg 
2023-03-08 00:19:12,959 socket_client.py [line:168] _send ERROR (ConnectionResetError(104, 'Connection reset by peer'), None) 
2023-03-08 00:19:13,002 socket_client.py [line:166] _send ERROR fail to send msg 
2023-03-08 00:19:13,003 socket_client.py [line:168] _send ERROR (ConnectionResetError(104, 'Connection reset by peer'), None) 
2023-03-08 00:19:13,003 socket_client.py [line:166] _send ERROR fail to send msg 
2023-03-08 00:19:13,003 socket_client.py [line:168] _send ERROR (ConnectionResetError(104, 'Connection reset by peer'), None) 
2023-03-08 00:19:13,003 socket_client.py [line:166] _send ERROR fail to send msg 
2023-03-08 00:19:13,004 socket_client.py [line:168] _send ERROR (ConnectionResetError(104, 'Connection reset by peer'), None) 
2023-03-08 00:19:13,004 socket_client.py [line:166] _send ERROR fail to send msg 
2023-03-08 00:19:13,004 socket_client.py [line:168] _send ERROR (ConnectionResetError(104, 'Connection reset by peer'), None) 
2023-03-08 00:19:13,004 socket_client.py [line:166] _send ERROR fail to send msg 
2023-03-08 00:19:13,004 socket_client.py [line:168] _send ERROR (ConnectionResetError(104, 'Connection reset by peer'), None) 
2023-03-08 00:19:13,005 socket_client.py [line:166] _send ERROR fail to send msg 
2023-03-08 00:19:13,005 socket_client.py [line:168] _send ERROR (ConnectionResetError(104, 'Connection reset by peer'), None) 
2023-03-08 00:19:13,005 socket_client.py [line:166] _send ERROR fail to send msg 
2023-03-08 00:19:13,005 socket_client.py [line:168] _send ERROR (ConnectionResetError(104, 'Connection reset by peer'), None) 
2023-03-08 00:19:13,005 socket_client.py [line:166] _send ERROR fail to send msg 
2023-03-08 00:19:13,005 socket_client.py [line:168] _send ERROR (ConnectionResetError(104, 'Connection reset by peer'), None) 
2023-03-08 00:19:13,007 socket_client.py [line:166] _send ERROR fail to send msg 
2023-03-08 00:19:13,008 socket_client.py [line:168] _send ERROR (BrokenPipeError(32, 'Broken pipe'), None) 
2023-03-08 00:19:13,018 socket_client.py [line:166] _send ERROR fail to send msg 
2023-03-08 00:19:13,019 socket_client.py [line:168] _send ERROR (BrokenPipeError(32, 'Broken pipe'), None) 
2023-03-08 00:19:13,024 socket_client.py [line:166] _send ERROR fail to send msg 
2023-03-08 00:19:13,024 socket_client.py [line:168] _send ERROR (BrokenPipeError(32, 'Broken pipe'), None) 
2023-03-08 00:19:13,030 socket_client.py [line:166] _send ERROR fail to send msg 
2023-03-08 00:19:13,030 socket_client.py [line:168] _send ERROR (BrokenPipeError(32, 'Broken pipe'), None) 
2023-03-08 00:19:13,035 socket_client.py [line:166] _send ERROR fail to send msg 
2023-03-08 00:19:13,035 socket_client.py [line:168] _send ERROR (ConnectionResetError(104, 'Connection reset by peer'), None) 
2023-03-08 00:19:13,041 socket_client.py [line:166] _send ERROR fail to send msg 
2023-03-08 00:19:13,041 socket_client.py [line:168] _send ERROR (BrokenPipeError(32, 'Broken pipe'), None) 
2023-03-08 00:19:13,046 socket_client.py [line:166] _send ERROR fail to send msg 
2023-03-08 00:19:13,047 socket_client.py [line:168] _send ERROR (ConnectionResetError(104, 'Connection reset by peer'), None) 
2023-03-08 00:19:13,052 socket_client.py [line:166] _send ERROR fail to send msg 
2023-03-08 00:19:13,052 socket_client.py [line:168] _send ERROR (BrokenPipeError(32, 'Broken pipe'), None) 
2023-03-08 00:19:13,090 socket_client.py [line:166] _send ERROR fail to send msg 
2023-03-08 00:19:13,090 socket_client.py [line:168] _send ERROR (ConnectionResetError(104, 'Connection reset by peer'), None) 
2023-03-08 00:19:13,090 socket_client.py [line:166] _send ERROR fail to send msg 
2023-03-08 00:19:13,091 socket_client.py [line:168] _send ERROR (ConnectionResetError(104, 'Connection reset by peer'), None) 
2023-03-08 00:19:13,091 socket_client.py [line:166] _send ERROR fail to send msg 
2023-03-08 00:19:13,091 socket_client.py [line:168] _send ERROR (ConnectionResetError(104, 'Connection reset by peer'), None) 
2023-03-08 00:19:13,091 socket_client.py [line:166] _send ERROR fail to send msg 
2023-03-08 00:19:13,092 socket_client.py [line:168] _send ERROR (ConnectionResetError(104, 'Connection reset by peer'), None) 
2023-03-08 00:19:13,092 socket_client.py [line:166] _send ERROR fail to send msg 
2023-03-08 00:19:13,092 socket_client.py [line:168] _send ERROR (ConnectionResetError(104, 'Connection reset by peer'), None) 
2023-03-08 00:19:13,092 socket_client.py [line:166] _send ERROR fail to send msg 
2023-03-08 00:19:13,093 socket_client.py [line:168] _send ERROR (ConnectionResetError(104, 'Connection reset by peer'), None) 
2023-03-08 00:19:13,093 socket_client.py [line:166] _send ERROR fail to send msg 
2023-03-08 00:19:13,093 socket_client.py [line:168] _send ERROR (ConnectionResetError(104, 'Connection reset by peer'), None) 
2023-03-08 00:19:13,093 socket_client.py [line:166] _send ERROR fail to send msg 
2023-03-08 00:19:13,093 socket_client.py [line:168] _send ERROR (ConnectionResetError(104, 'Connection reset by peer'), None) 
2023-03-08 00:19:13,133 socket_client.py [line:166] _send ERROR fail to send msg 
2023-03-08 00:19:13,134 socket_client.py [line:168] _send ERROR (ConnectionResetError(104, 'Connection reset by peer'), None) 
2023-03-08 00:19:13,134 socket_client.py [line:166] _send ERROR fail to send msg 
2023-03-08 00:19:13,134 socket_client.py [line:168] _send ERROR (BrokenPipeError(32, 'Broken pipe'), None) 
2023-03-08 00:19:13,135 socket_client.py [line:166] _send ERROR fail to send msg 
2023-03-08 00:19:13,135 socket_client.py [line:168] _send ERROR (ConnectionResetError(104, 'Connection reset by peer'), None) 
2023-03-08 00:19:13,135 socket_client.py [line:166] _send ERROR fail to send msg 
2023-03-08 00:19:13,135 socket_client.py [line:168] _send ERROR (BrokenPipeError(32, 'Broken pipe'), None) 
2023-03-08 00:19:13,135 socket_client.py [line:166] _send ERROR fail to send msg 
2023-03-08 00:19:13,136 socket_client.py [line:168] _send ERROR (BrokenPipeError(32, 'Broken pipe'), None) 
2023-03-08 00:19:13,136 socket_client.py [line:166] _send ERROR fail to send msg 
2023-03-08 00:19:13,136 socket_client.py [line:168] _send ERROR (BrokenPipeError(32, 'Broken pipe'), None) 
2023-03-08 00:19:13,136 socket_client.py [line:166] _send ERROR fail to send msg 
2023-03-08 00:19:13,137 socket_client.py [line:168] _send ERROR (BrokenPipeError(32, 'Broken pipe'), None) 
2023-03-08 00:19:13,137 socket_client.py [line:166] _send ERROR fail to send msg 
2023-03-08 00:19:13,137 socket_client.py [line:168] _send ERROR (ConnectionResetError(104, 'Connection reset by peer'), None) 
2023-03-08 00:19:13,182 socket_client.py [line:166] _send ERROR fail to send msg 
2023-03-08 00:19:13,183 socket_client.py [line:168] _send ERROR (ConnectionResetError(104, 'Connection reset by peer'), None) 
2023-03-08 00:19:13,183 socket_client.py [line:166] _send ERROR fail to send msg 
2023-03-08 00:19:13,183 socket_client.py [line:168] _send ERROR (ConnectionResetError(104, 'Connection reset by peer'), None) 
2023-03-08 00:19:13,188 socket_client.py [line:166] _send ERROR fail to send msg 
2023-03-08 00:19:13,188 socket_client.py [line:168] _send ERROR (ConnectionResetError(104, 'Connection reset by peer'), None) 
2023-03-08 00:19:13,189 socket_client.py [line:166] _send ERROR fail to send msg 
2023-03-08 00:19:13,189 socket_client.py [line:168] _send ERROR (ConnectionResetError(104, 'Connection reset by peer'), None) 
2023-03-08 00:19:13,190 socket_client.py [line:166] _send ERROR fail to send msg 
2023-03-08 00:19:13,190 socket_client.py [line:168] _send ERROR (ConnectionResetError(104, 'Connection reset by peer'), None) 
2023-03-08 00:19:13,199 socket_client.py [line:166] _send ERROR fail to send msg 
2023-03-08 00:19:13,199 socket_client.py [line:168] _send ERROR (ConnectionResetError(104, 'Connection reset by peer'), None) 
2023-03-08 00:19:13,199 socket_client.py [line:166] _send ERROR fail to send msg 
2023-03-08 00:19:13,199 socket_client.py [line:168] _send ERROR (ConnectionResetError(104, 'Connection reset by peer'), None) 
2023-03-08 00:19:13,200 socket_client.py [line:166] _send ERROR fail to send msg 
2023-03-08 00:19:13,200 socket_client.py [line:168] _send ERROR (ConnectionResetError(104, 'Connection reset by peer'), None) 
2023-03-08 00:19:13,221 socket_client.py [line:166] _send ERROR fail to send msg 
2023-03-08 00:19:13,221 socket_client.py [line:168] _send ERROR (ConnectionResetError(104, 'Connection reset by peer'), None) 
2023-03-08 00:19:13,221 socket_client.py [line:166] _send ERROR fail to send msg 
2023-03-08 00:19:13,222 socket_client.py [line:168] _send ERROR (ConnectionResetError(104, 'Connection reset by peer'), None) 
2023-03-08 00:19:13,222 socket_client.py [line:166] _send ERROR fail to send msg 
2023-03-08 00:19:13,222 socket_client.py [line:168] _send ERROR (ConnectionResetError(104, 'Connection reset by peer'), None) 
2023-03-08 00:19:13,226 socket_client.py [line:166] _send ERROR fail to send msg 
2023-03-08 00:19:13,226 socket_client.py [line:168] _send ERROR (ConnectionResetError(104, 'Connection reset by peer'), None) 
2023-03-08 00:19:13,226 socket_client.py [line:166] _send ERROR fail to send msg 
2023-03-08 00:19:13,226 socket_client.py [line:168] _send ERROR (ConnectionResetError(104, 'Connection reset by peer'), None) 
2023-03-08 00:19:13,227 socket_client.py [line:166] _send ERROR fail to send msg 
2023-03-08 00:19:13,227 socket_client.py [line:168] _send ERROR (ConnectionResetError(104, 'Connection reset by peer'), None) 
2023-03-08 00:19:13,227 socket_client.py [line:166] _send ERROR fail to send msg 
2023-03-08 00:19:13,227 socket_client.py [line:168] _send ERROR (ConnectionResetError(104, 'Connection reset by peer'), None) 
2023-03-08 00:19:13,227 socket_client.py [line:166] _send ERROR fail to send msg 
2023-03-08 00:19:13,228 socket_client.py [line:168] _send ERROR (ConnectionResetError(104, 'Connection reset by peer'), None) 
2023-03-08 00:19:13,276 socket_client.py [line:166] _send ERROR fail to send msg 
2023-03-08 00:19:13,277 socket_client.py [line:168] _send ERROR (ConnectionResetError(104, 'Connection reset by peer'), None) 
2023-03-08 00:19:13,288 socket_client.py [line:166] _send ERROR fail to send msg 
2023-03-08 00:19:13,288 socket_client.py [line:168] _send ERROR (ConnectionResetError(104, 'Connection reset by peer'), None) 
2023-03-08 00:19:13,300 socket_client.py [line:166] _send ERROR fail to send msg 
2023-03-08 00:19:13,301 socket_client.py [line:168] _send ERROR (ConnectionResetError(104, 'Connection reset by peer'), None) 
2023-03-08 00:19:13,306 socket_client.py [line:166] _send ERROR fail to send msg 
2023-03-08 00:19:13,307 socket_client.py [line:168] _send ERROR (ConnectionResetError(104, 'Connection reset by peer'), None) 
2023-03-08 00:19:13,312 socket_client.py [line:166] _send ERROR fail to send msg 
2023-03-08 00:19:13,313 socket_client.py [line:168] _send ERROR (ConnectionResetError(104, 'Connection reset by peer'), None) 
2023-03-08 00:19:13,313 socket_client.py [line:166] _send ERROR fail to send msg 
2023-03-08 00:19:13,313 socket_client.py [line:168] _send ERROR (ConnectionResetError(104, 'Connection reset by peer'), None) 
2023-03-08 00:19:40,580 socket_client.py [line:240] run INFO node id 6 is running on pid 32532 
2023-03-08 00:19:40,580 socket_client.py [line:53] _connect_and_send_forever INFO node 6's socket client starts to make outgoing connections on process id 32532 
2023-03-08 00:20:45,091 socket_client.py [line:240] run INFO node id 6 is running on pid 426 
2023-03-08 00:20:45,091 socket_client.py [line:53] _connect_and_send_forever INFO node 6's socket client starts to make outgoing connections on process id 426 
2023-03-08 00:22:02,235 socket_client.py [line:240] run INFO node id 6 is running on pid 802 
2023-03-08 00:22:02,236 socket_client.py [line:53] _connect_and_send_forever INFO node 6's socket client starts to make outgoing connections on process id 802 
2023-03-08 00:23:57,977 socket_client.py [line:240] run INFO node id 6 is running on pid 1178 
2023-03-08 00:23:57,977 socket_client.py [line:53] _connect_and_send_forever INFO node 6's socket client starts to make outgoing connections on process id 1178 
2023-03-08 00:24:55,882 socket_client.py [line:240] run INFO node id 6 is running on pid 1608 
2023-03-08 00:24:55,882 socket_client.py [line:53] _connect_and_send_forever INFO node 6's socket client starts to make outgoing connections on process id 1608 
2023-03-08 00:26:03,647 socket_client.py [line:240] run INFO node id 6 is running on pid 1972 
2023-03-08 00:26:03,648 socket_client.py [line:53] _connect_and_send_forever INFO node 6's socket client starts to make outgoing connections on process id 1972 
2023-03-08 00:27:09,221 socket_client.py [line:240] run INFO node id 6 is running on pid 2363 
2023-03-08 00:27:09,221 socket_client.py [line:53] _connect_and_send_forever INFO node 6's socket client starts to make outgoing connections on process id 2363 
2023-03-08 00:27:58,621 socket_client.py [line:240] run INFO node id 6 is running on pid 2645 
2023-03-08 00:27:58,621 socket_client.py [line:53] _connect_and_send_forever INFO node 6's socket client starts to make outgoing connections on process id 2645 
2023-03-08 00:29:08,462 socket_client.py [line:240] run INFO node id 6 is running on pid 3016 
2023-03-08 00:29:08,462 socket_client.py [line:53] _connect_and_send_forever INFO node 6's socket client starts to make outgoing connections on process id 3016 
2023-03-08 00:30:12,121 socket_client.py [line:240] run INFO node id 6 is running on pid 3381 
2023-03-08 00:30:12,122 socket_client.py [line:53] _connect_and_send_forever INFO node 6's socket client starts to make outgoing connections on process id 3381 
2023-03-08 00:33:12,919 socket_client.py [line:240] run INFO node id 6 is running on pid 3800 
2023-03-08 00:33:12,920 socket_client.py [line:53] _connect_and_send_forever INFO node 6's socket client starts to make outgoing connections on process id 3800 
2023-03-08 00:35:43,392 socket_client.py [line:240] run INFO node id 6 is running on pid 4168 
2023-03-08 00:35:43,393 socket_client.py [line:53] _connect_and_send_forever INFO node 6's socket client starts to make outgoing connections on process id 4168 
2023-03-08 00:36:52,855 socket_client.py [line:240] run INFO node id 6 is running on pid 4551 
2023-03-08 00:36:52,855 socket_client.py [line:53] _connect_and_send_forever INFO node 6's socket client starts to make outgoing connections on process id 4551 
2023-03-08 00:37:55,111 socket_client.py [line:240] run INFO node id 6 is running on pid 4928 
2023-03-08 00:37:55,112 socket_client.py [line:53] _connect_and_send_forever INFO node 6's socket client starts to make outgoing connections on process id 4928 
2023-03-08 00:39:27,810 socket_client.py [line:240] run INFO node id 6 is running on pid 5364 
2023-03-08 00:39:27,810 socket_client.py [line:53] _connect_and_send_forever INFO node 6's socket client starts to make outgoing connections on process id 5364 
2023-03-08 00:40:36,384 socket_client.py [line:240] run INFO node id 6 is running on pid 5729 
2023-03-08 00:40:36,384 socket_client.py [line:53] _connect_and_send_forever INFO node 6's socket client starts to make outgoing connections on process id 5729 
2023-03-08 00:43:12,628 socket_client.py [line:240] run INFO node id 6 is running on pid 6125 
2023-03-08 00:43:12,629 socket_client.py [line:53] _connect_and_send_forever INFO node 6's socket client starts to make outgoing connections on process id 6125 
2023-03-08 00:44:03,960 socket_client.py [line:240] run INFO node id 6 is running on pid 6506 
2023-03-08 00:44:03,960 socket_client.py [line:53] _connect_and_send_forever INFO node 6's socket client starts to make outgoing connections on process id 6506 
2023-03-08 00:45:04,864 socket_client.py [line:240] run INFO node id 6 is running on pid 6906 
2023-03-08 00:45:04,864 socket_client.py [line:53] _connect_and_send_forever INFO node 6's socket client starts to make outgoing connections on process id 6906 
2023-03-08 00:46:50,329 socket_client.py [line:240] run INFO node id 6 is running on pid 7309 
2023-03-08 00:46:50,329 socket_client.py [line:53] _connect_and_send_forever INFO node 6's socket client starts to make outgoing connections on process id 7309 
2023-03-08 00:48:13,585 socket_client.py [line:240] run INFO node id 6 is running on pid 7709 
2023-03-08 00:48:13,585 socket_client.py [line:53] _connect_and_send_forever INFO node 6's socket client starts to make outgoing connections on process id 7709 
2023-03-08 14:07:33,577 socket_client.py [line:240] run INFO node id 6 is running on pid 271 
2023-03-08 14:07:33,577 socket_client.py [line:53] _connect_and_send_forever INFO node 6's socket client starts to make outgoing connections on process id 271 
2023-03-08 14:10:17,926 socket_client.py [line:240] run INFO node id 6 is running on pid 506 
2023-03-08 14:10:17,926 socket_client.py [line:53] _connect_and_send_forever INFO node 6's socket client starts to make outgoing connections on process id 506 
2023-03-08 14:14:45,438 socket_client.py [line:240] run INFO node id 6 is running on pid 762 
2023-03-08 14:14:45,438 socket_client.py [line:53] _connect_and_send_forever INFO node 6's socket client starts to make outgoing connections on process id 762 
2023-03-08 14:18:17,957 socket_client.py [line:240] run INFO node id 6 is running on pid 1003 
2023-03-08 14:18:17,957 socket_client.py [line:53] _connect_and_send_forever INFO node 6's socket client starts to make outgoing connections on process id 1003 
2023-03-08 14:21:30,237 socket_client.py [line:240] run INFO node id 6 is running on pid 1765 
2023-03-08 14:21:30,238 socket_client.py [line:53] _connect_and_send_forever INFO node 6's socket client starts to make outgoing connections on process id 1765 
2023-03-08 14:25:02,065 socket_client.py [line:240] run INFO node id 6 is running on pid 2126 
2023-03-08 14:25:02,066 socket_client.py [line:53] _connect_and_send_forever INFO node 6's socket client starts to make outgoing connections on process id 2126 
2023-03-08 14:26:45,145 socket_client.py [line:240] run INFO node id 6 is running on pid 2365 
2023-03-08 14:26:45,145 socket_client.py [line:53] _connect_and_send_forever INFO node 6's socket client starts to make outgoing connections on process id 2365 
2023-03-08 14:29:23,282 socket_client.py [line:240] run INFO node id 6 is running on pid 2740 
2023-03-08 14:29:23,282 socket_client.py [line:53] _connect_and_send_forever INFO node 6's socket client starts to make outgoing connections on process id 2740 
